[2023-09-05T16:41:54.194+0000] {processor.py:157} INFO - Started process (PID=54) to work on /home/airflow/.local/lib/python3.7/site-packages/airflow/example_dags/example_skip_dag.py
[2023-09-05T16:41:54.197+0000] {processor.py:826} INFO - Processing file /home/airflow/.local/lib/python3.7/site-packages/airflow/example_dags/example_skip_dag.py for tasks to queue
[2023-09-05T16:41:54.198+0000] {logging_mixin.py:150} INFO - [2023-09-05T16:41:54.197+0000] {dagbag.py:541} INFO - Filling up the DagBag from /home/airflow/.local/lib/python3.7/site-packages/airflow/example_dags/example_skip_dag.py
[2023-09-05T16:41:54.220+0000] {processor.py:836} INFO - DAG(s) dict_keys(['example_skip_dag']) retrieved from /home/airflow/.local/lib/python3.7/site-packages/airflow/example_dags/example_skip_dag.py
[2023-09-05T16:41:54.734+0000] {logging_mixin.py:150} INFO - [2023-09-05T16:41:54.734+0000] {dag.py:2742} INFO - Sync 1 DAGs
[2023-09-05T16:41:54.856+0000] {logging_mixin.py:150} INFO - [2023-09-05T16:41:54.856+0000] {dag.py:3508} INFO - Setting next_dagrun for example_skip_dag to 2023-09-04T16:41:54.855611+00:00, run_after=2023-09-05T16:41:54.855611+00:00
[2023-09-05T16:41:54.898+0000] {processor.py:179} INFO - Processing /home/airflow/.local/lib/python3.7/site-packages/airflow/example_dags/example_skip_dag.py took 0.715 seconds
[2023-09-05T16:42:25.593+0000] {processor.py:157} INFO - Started process (PID=109) to work on /home/airflow/.local/lib/python3.7/site-packages/airflow/example_dags/example_skip_dag.py
[2023-09-05T16:42:25.595+0000] {processor.py:826} INFO - Processing file /home/airflow/.local/lib/python3.7/site-packages/airflow/example_dags/example_skip_dag.py for tasks to queue
[2023-09-05T16:42:25.595+0000] {logging_mixin.py:150} INFO - [2023-09-05T16:42:25.595+0000] {dagbag.py:541} INFO - Filling up the DagBag from /home/airflow/.local/lib/python3.7/site-packages/airflow/example_dags/example_skip_dag.py
[2023-09-05T16:42:25.603+0000] {processor.py:836} INFO - DAG(s) dict_keys(['example_skip_dag']) retrieved from /home/airflow/.local/lib/python3.7/site-packages/airflow/example_dags/example_skip_dag.py
[2023-09-05T16:42:25.630+0000] {logging_mixin.py:150} INFO - [2023-09-05T16:42:25.630+0000] {dag.py:2742} INFO - Sync 1 DAGs
[2023-09-05T16:42:25.657+0000] {logging_mixin.py:150} INFO - [2023-09-05T16:42:25.657+0000] {dag.py:3508} INFO - Setting next_dagrun for example_skip_dag to 2023-09-04T16:42:25.657428+00:00, run_after=2023-09-05T16:42:25.657428+00:00
[2023-09-05T16:42:25.676+0000] {processor.py:179} INFO - Processing /home/airflow/.local/lib/python3.7/site-packages/airflow/example_dags/example_skip_dag.py took 0.087 seconds
[2023-09-05T16:42:55.794+0000] {processor.py:157} INFO - Started process (PID=163) to work on /home/airflow/.local/lib/python3.7/site-packages/airflow/example_dags/example_skip_dag.py
[2023-09-05T16:42:55.795+0000] {processor.py:826} INFO - Processing file /home/airflow/.local/lib/python3.7/site-packages/airflow/example_dags/example_skip_dag.py for tasks to queue
[2023-09-05T16:42:55.796+0000] {logging_mixin.py:150} INFO - [2023-09-05T16:42:55.796+0000] {dagbag.py:541} INFO - Filling up the DagBag from /home/airflow/.local/lib/python3.7/site-packages/airflow/example_dags/example_skip_dag.py
[2023-09-05T16:42:55.803+0000] {processor.py:836} INFO - DAG(s) dict_keys(['example_skip_dag']) retrieved from /home/airflow/.local/lib/python3.7/site-packages/airflow/example_dags/example_skip_dag.py
[2023-09-05T16:42:55.816+0000] {logging_mixin.py:150} INFO - [2023-09-05T16:42:55.816+0000] {dag.py:2742} INFO - Sync 1 DAGs
[2023-09-05T16:42:55.839+0000] {logging_mixin.py:150} INFO - [2023-09-05T16:42:55.839+0000] {dag.py:3508} INFO - Setting next_dagrun for example_skip_dag to 2023-09-04T16:42:55.839068+00:00, run_after=2023-09-05T16:42:55.839068+00:00
[2023-09-05T16:42:55.857+0000] {processor.py:179} INFO - Processing /home/airflow/.local/lib/python3.7/site-packages/airflow/example_dags/example_skip_dag.py took 0.066 seconds
