[2023-09-05T16:41:52.369+0000] {processor.py:157} INFO - Started process (PID=48) to work on /home/airflow/.local/lib/python3.7/site-packages/airflow/example_dags/example_sensors.py
[2023-09-05T16:41:52.378+0000] {processor.py:826} INFO - Processing file /home/airflow/.local/lib/python3.7/site-packages/airflow/example_dags/example_sensors.py for tasks to queue
[2023-09-05T16:41:52.400+0000] {logging_mixin.py:150} INFO - [2023-09-05T16:41:52.386+0000] {dagbag.py:541} INFO - Filling up the DagBag from /home/airflow/.local/lib/python3.7/site-packages/airflow/example_dags/example_sensors.py
[2023-09-05T16:41:52.434+0000] {processor.py:836} INFO - DAG(s) dict_keys(['example_sensors']) retrieved from /home/airflow/.local/lib/python3.7/site-packages/airflow/example_dags/example_sensors.py
[2023-09-05T16:41:53.186+0000] {logging_mixin.py:150} INFO - [2023-09-05T16:41:53.186+0000] {dag.py:2742} INFO - Sync 1 DAGs
[2023-09-05T16:41:53.276+0000] {logging_mixin.py:150} INFO - [2023-09-05T16:41:53.276+0000] {dag.py:3508} INFO - Setting next_dagrun for example_sensors to None, run_after=None
[2023-09-05T16:41:53.339+0000] {processor.py:179} INFO - Processing /home/airflow/.local/lib/python3.7/site-packages/airflow/example_dags/example_sensors.py took 0.991 seconds
[2023-09-05T16:42:24.231+0000] {processor.py:157} INFO - Started process (PID=103) to work on /home/airflow/.local/lib/python3.7/site-packages/airflow/example_dags/example_sensors.py
[2023-09-05T16:42:24.233+0000] {processor.py:826} INFO - Processing file /home/airflow/.local/lib/python3.7/site-packages/airflow/example_dags/example_sensors.py for tasks to queue
[2023-09-05T16:42:24.234+0000] {logging_mixin.py:150} INFO - [2023-09-05T16:42:24.233+0000] {dagbag.py:541} INFO - Filling up the DagBag from /home/airflow/.local/lib/python3.7/site-packages/airflow/example_dags/example_sensors.py
[2023-09-05T16:42:24.246+0000] {processor.py:836} INFO - DAG(s) dict_keys(['example_sensors']) retrieved from /home/airflow/.local/lib/python3.7/site-packages/airflow/example_dags/example_sensors.py
[2023-09-05T16:42:24.273+0000] {logging_mixin.py:150} INFO - [2023-09-05T16:42:24.273+0000] {dag.py:2742} INFO - Sync 1 DAGs
[2023-09-05T16:42:24.306+0000] {logging_mixin.py:150} INFO - [2023-09-05T16:42:24.306+0000] {dag.py:3508} INFO - Setting next_dagrun for example_sensors to None, run_after=None
[2023-09-05T16:42:24.344+0000] {processor.py:179} INFO - Processing /home/airflow/.local/lib/python3.7/site-packages/airflow/example_dags/example_sensors.py took 0.116 seconds
[2023-09-05T16:42:54.402+0000] {processor.py:157} INFO - Started process (PID=157) to work on /home/airflow/.local/lib/python3.7/site-packages/airflow/example_dags/example_sensors.py
[2023-09-05T16:42:54.404+0000] {processor.py:826} INFO - Processing file /home/airflow/.local/lib/python3.7/site-packages/airflow/example_dags/example_sensors.py for tasks to queue
[2023-09-05T16:42:54.404+0000] {logging_mixin.py:150} INFO - [2023-09-05T16:42:54.404+0000] {dagbag.py:541} INFO - Filling up the DagBag from /home/airflow/.local/lib/python3.7/site-packages/airflow/example_dags/example_sensors.py
[2023-09-05T16:42:54.414+0000] {processor.py:836} INFO - DAG(s) dict_keys(['example_sensors']) retrieved from /home/airflow/.local/lib/python3.7/site-packages/airflow/example_dags/example_sensors.py
[2023-09-05T16:42:54.431+0000] {logging_mixin.py:150} INFO - [2023-09-05T16:42:54.431+0000] {dag.py:2742} INFO - Sync 1 DAGs
[2023-09-05T16:42:54.456+0000] {logging_mixin.py:150} INFO - [2023-09-05T16:42:54.456+0000] {dag.py:3508} INFO - Setting next_dagrun for example_sensors to None, run_after=None
[2023-09-05T16:42:54.482+0000] {processor.py:179} INFO - Processing /home/airflow/.local/lib/python3.7/site-packages/airflow/example_dags/example_sensors.py took 0.084 seconds
