[2023-09-05T16:41:56.925+0000] {processor.py:157} INFO - Started process (PID=66) to work on /home/airflow/.local/lib/python3.7/site-packages/airflow/example_dags/example_external_task_marker_dag.py
[2023-09-05T16:41:56.926+0000] {processor.py:826} INFO - Processing file /home/airflow/.local/lib/python3.7/site-packages/airflow/example_dags/example_external_task_marker_dag.py for tasks to queue
[2023-09-05T16:41:56.927+0000] {logging_mixin.py:150} INFO - [2023-09-05T16:41:56.926+0000] {dagbag.py:541} INFO - Filling up the DagBag from /home/airflow/.local/lib/python3.7/site-packages/airflow/example_dags/example_external_task_marker_dag.py
[2023-09-05T16:41:56.968+0000] {processor.py:836} INFO - DAG(s) dict_keys(['example_external_task_marker_parent', 'example_external_task_marker_child']) retrieved from /home/airflow/.local/lib/python3.7/site-packages/airflow/example_dags/example_external_task_marker_dag.py
[2023-09-05T16:41:57.474+0000] {logging_mixin.py:150} INFO - [2023-09-05T16:41:57.474+0000] {dag.py:2742} INFO - Sync 2 DAGs
[2023-09-05T16:41:57.496+0000] {logging_mixin.py:150} INFO - [2023-09-05T16:41:57.495+0000] {dag.py:3508} INFO - Setting next_dagrun for example_external_task_marker_child to None, run_after=None
[2023-09-05T16:41:57.502+0000] {logging_mixin.py:150} INFO - [2023-09-05T16:41:57.502+0000] {dag.py:3508} INFO - Setting next_dagrun for example_external_task_marker_parent to None, run_after=None
[2023-09-05T16:41:57.565+0000] {processor.py:179} INFO - Processing /home/airflow/.local/lib/python3.7/site-packages/airflow/example_dags/example_external_task_marker_dag.py took 0.667 seconds
[2023-09-05T16:42:27.876+0000] {processor.py:157} INFO - Started process (PID=120) to work on /home/airflow/.local/lib/python3.7/site-packages/airflow/example_dags/example_external_task_marker_dag.py
[2023-09-05T16:42:27.877+0000] {processor.py:826} INFO - Processing file /home/airflow/.local/lib/python3.7/site-packages/airflow/example_dags/example_external_task_marker_dag.py for tasks to queue
[2023-09-05T16:42:27.878+0000] {logging_mixin.py:150} INFO - [2023-09-05T16:42:27.877+0000] {dagbag.py:541} INFO - Filling up the DagBag from /home/airflow/.local/lib/python3.7/site-packages/airflow/example_dags/example_external_task_marker_dag.py
[2023-09-05T16:42:27.883+0000] {processor.py:836} INFO - DAG(s) dict_keys(['example_external_task_marker_child', 'example_external_task_marker_parent']) retrieved from /home/airflow/.local/lib/python3.7/site-packages/airflow/example_dags/example_external_task_marker_dag.py
[2023-09-05T16:42:27.910+0000] {logging_mixin.py:150} INFO - [2023-09-05T16:42:27.910+0000] {dag.py:2742} INFO - Sync 2 DAGs
[2023-09-05T16:42:27.933+0000] {logging_mixin.py:150} INFO - [2023-09-05T16:42:27.933+0000] {dag.py:3508} INFO - Setting next_dagrun for example_external_task_marker_child to None, run_after=None
[2023-09-05T16:42:27.937+0000] {logging_mixin.py:150} INFO - [2023-09-05T16:42:27.937+0000] {dag.py:3508} INFO - Setting next_dagrun for example_external_task_marker_parent to None, run_after=None
[2023-09-05T16:42:27.953+0000] {processor.py:179} INFO - Processing /home/airflow/.local/lib/python3.7/site-packages/airflow/example_dags/example_external_task_marker_dag.py took 0.081 seconds
[2023-09-05T16:42:58.016+0000] {processor.py:157} INFO - Started process (PID=175) to work on /home/airflow/.local/lib/python3.7/site-packages/airflow/example_dags/example_external_task_marker_dag.py
[2023-09-05T16:42:58.017+0000] {processor.py:826} INFO - Processing file /home/airflow/.local/lib/python3.7/site-packages/airflow/example_dags/example_external_task_marker_dag.py for tasks to queue
[2023-09-05T16:42:58.018+0000] {logging_mixin.py:150} INFO - [2023-09-05T16:42:58.018+0000] {dagbag.py:541} INFO - Filling up the DagBag from /home/airflow/.local/lib/python3.7/site-packages/airflow/example_dags/example_external_task_marker_dag.py
[2023-09-05T16:42:58.025+0000] {processor.py:836} INFO - DAG(s) dict_keys(['example_external_task_marker_child', 'example_external_task_marker_parent']) retrieved from /home/airflow/.local/lib/python3.7/site-packages/airflow/example_dags/example_external_task_marker_dag.py
[2023-09-05T16:42:58.040+0000] {logging_mixin.py:150} INFO - [2023-09-05T16:42:58.040+0000] {dag.py:2742} INFO - Sync 2 DAGs
[2023-09-05T16:42:58.072+0000] {logging_mixin.py:150} INFO - [2023-09-05T16:42:58.072+0000] {dag.py:3508} INFO - Setting next_dagrun for example_external_task_marker_child to None, run_after=None
[2023-09-05T16:42:58.075+0000] {logging_mixin.py:150} INFO - [2023-09-05T16:42:58.075+0000] {dag.py:3508} INFO - Setting next_dagrun for example_external_task_marker_parent to None, run_after=None
[2023-09-05T16:42:58.093+0000] {processor.py:179} INFO - Processing /home/airflow/.local/lib/python3.7/site-packages/airflow/example_dags/example_external_task_marker_dag.py took 0.080 seconds
