[2023-09-05T16:41:59.470+0000] {processor.py:157} INFO - Started process (PID=73) to work on /home/airflow/.local/lib/python3.7/site-packages/airflow/example_dags/example_dynamic_task_mapping_with_no_taskflow_operators.py
[2023-09-05T16:41:59.471+0000] {processor.py:826} INFO - Processing file /home/airflow/.local/lib/python3.7/site-packages/airflow/example_dags/example_dynamic_task_mapping_with_no_taskflow_operators.py for tasks to queue
[2023-09-05T16:41:59.471+0000] {logging_mixin.py:150} INFO - [2023-09-05T16:41:59.471+0000] {dagbag.py:541} INFO - Filling up the DagBag from /home/airflow/.local/lib/python3.7/site-packages/airflow/example_dags/example_dynamic_task_mapping_with_no_taskflow_operators.py
[2023-09-05T16:41:59.808+0000] {processor.py:836} INFO - DAG(s) dict_keys(['example_dynamic_task_mapping_with_no_taskflow_operators']) retrieved from /home/airflow/.local/lib/python3.7/site-packages/airflow/example_dags/example_dynamic_task_mapping_with_no_taskflow_operators.py
[2023-09-05T16:41:59.875+0000] {logging_mixin.py:150} INFO - [2023-09-05T16:41:59.875+0000] {dag.py:2742} INFO - Sync 1 DAGs
[2023-09-05T16:41:59.907+0000] {logging_mixin.py:150} INFO - [2023-09-05T16:41:59.907+0000] {dag.py:3508} INFO - Setting next_dagrun for example_dynamic_task_mapping_with_no_taskflow_operators to 2023-09-04T16:41:59.906888+00:00, run_after=2023-09-05T16:41:59.906888+00:00
[2023-09-05T16:41:59.947+0000] {processor.py:179} INFO - Processing /home/airflow/.local/lib/python3.7/site-packages/airflow/example_dags/example_dynamic_task_mapping_with_no_taskflow_operators.py took 0.494 seconds
[2023-09-05T16:42:30.317+0000] {processor.py:157} INFO - Started process (PID=127) to work on /home/airflow/.local/lib/python3.7/site-packages/airflow/example_dags/example_dynamic_task_mapping_with_no_taskflow_operators.py
[2023-09-05T16:42:30.324+0000] {processor.py:826} INFO - Processing file /home/airflow/.local/lib/python3.7/site-packages/airflow/example_dags/example_dynamic_task_mapping_with_no_taskflow_operators.py for tasks to queue
[2023-09-05T16:42:30.325+0000] {logging_mixin.py:150} INFO - [2023-09-05T16:42:30.325+0000] {dagbag.py:541} INFO - Filling up the DagBag from /home/airflow/.local/lib/python3.7/site-packages/airflow/example_dags/example_dynamic_task_mapping_with_no_taskflow_operators.py
[2023-09-05T16:42:30.332+0000] {processor.py:836} INFO - DAG(s) dict_keys(['example_dynamic_task_mapping_with_no_taskflow_operators']) retrieved from /home/airflow/.local/lib/python3.7/site-packages/airflow/example_dags/example_dynamic_task_mapping_with_no_taskflow_operators.py
[2023-09-05T16:42:30.391+0000] {logging_mixin.py:150} INFO - [2023-09-05T16:42:30.391+0000] {dag.py:2742} INFO - Sync 1 DAGs
[2023-09-05T16:42:30.439+0000] {logging_mixin.py:150} INFO - [2023-09-05T16:42:30.439+0000] {dag.py:3508} INFO - Setting next_dagrun for example_dynamic_task_mapping_with_no_taskflow_operators to 2023-09-04T16:42:30.439545+00:00, run_after=2023-09-05T16:42:30.439545+00:00
[2023-09-05T16:42:30.456+0000] {processor.py:179} INFO - Processing /home/airflow/.local/lib/python3.7/site-packages/airflow/example_dags/example_dynamic_task_mapping_with_no_taskflow_operators.py took 0.148 seconds
[2023-09-05T16:43:00.748+0000] {processor.py:157} INFO - Started process (PID=182) to work on /home/airflow/.local/lib/python3.7/site-packages/airflow/example_dags/example_dynamic_task_mapping_with_no_taskflow_operators.py
[2023-09-05T16:43:00.755+0000] {processor.py:826} INFO - Processing file /home/airflow/.local/lib/python3.7/site-packages/airflow/example_dags/example_dynamic_task_mapping_with_no_taskflow_operators.py for tasks to queue
[2023-09-05T16:43:00.756+0000] {logging_mixin.py:150} INFO - [2023-09-05T16:43:00.756+0000] {dagbag.py:541} INFO - Filling up the DagBag from /home/airflow/.local/lib/python3.7/site-packages/airflow/example_dags/example_dynamic_task_mapping_with_no_taskflow_operators.py
[2023-09-05T16:43:00.781+0000] {processor.py:836} INFO - DAG(s) dict_keys(['example_dynamic_task_mapping_with_no_taskflow_operators']) retrieved from /home/airflow/.local/lib/python3.7/site-packages/airflow/example_dags/example_dynamic_task_mapping_with_no_taskflow_operators.py
[2023-09-05T16:43:00.815+0000] {logging_mixin.py:150} INFO - [2023-09-05T16:43:00.811+0000] {dag.py:2742} INFO - Sync 1 DAGs
[2023-09-05T16:43:00.854+0000] {logging_mixin.py:150} INFO - [2023-09-05T16:43:00.854+0000] {dag.py:3508} INFO - Setting next_dagrun for example_dynamic_task_mapping_with_no_taskflow_operators to 2023-09-04T16:43:00.853989+00:00, run_after=2023-09-05T16:43:00.853989+00:00
[2023-09-05T16:43:00.888+0000] {processor.py:179} INFO - Processing /home/airflow/.local/lib/python3.7/site-packages/airflow/example_dags/example_dynamic_task_mapping_with_no_taskflow_operators.py took 0.150 seconds
