[2023-09-05T16:41:49.036+0000] {processor.py:157} INFO - Started process (PID=44) to work on /home/airflow/.local/lib/python3.7/site-packages/airflow/example_dags/example_time_delta_sensor_async.py
[2023-09-05T16:41:49.038+0000] {processor.py:826} INFO - Processing file /home/airflow/.local/lib/python3.7/site-packages/airflow/example_dags/example_time_delta_sensor_async.py for tasks to queue
[2023-09-05T16:41:49.041+0000] {logging_mixin.py:150} INFO - [2023-09-05T16:41:49.040+0000] {dagbag.py:541} INFO - Filling up the DagBag from /home/airflow/.local/lib/python3.7/site-packages/airflow/example_dags/example_time_delta_sensor_async.py
[2023-09-05T16:41:49.058+0000] {processor.py:836} INFO - DAG(s) dict_keys(['example_time_delta_sensor_async']) retrieved from /home/airflow/.local/lib/python3.7/site-packages/airflow/example_dags/example_time_delta_sensor_async.py
[2023-09-05T16:41:49.413+0000] {logging_mixin.py:150} INFO - [2023-09-05T16:41:49.412+0000] {dag.py:2742} INFO - Sync 1 DAGs
[2023-09-05T16:41:50.464+0000] {logging_mixin.py:150} INFO - [2023-09-05T16:41:50.464+0000] {dag.py:3508} INFO - Setting next_dagrun for example_time_delta_sensor_async to None, run_after=None
[2023-09-05T16:41:50.589+0000] {processor.py:179} INFO - Processing /home/airflow/.local/lib/python3.7/site-packages/airflow/example_dags/example_time_delta_sensor_async.py took 1.556 seconds
[2023-09-05T16:42:21.003+0000] {processor.py:157} INFO - Started process (PID=99) to work on /home/airflow/.local/lib/python3.7/site-packages/airflow/example_dags/example_time_delta_sensor_async.py
[2023-09-05T16:42:21.004+0000] {processor.py:826} INFO - Processing file /home/airflow/.local/lib/python3.7/site-packages/airflow/example_dags/example_time_delta_sensor_async.py for tasks to queue
[2023-09-05T16:42:21.005+0000] {logging_mixin.py:150} INFO - [2023-09-05T16:42:21.005+0000] {dagbag.py:541} INFO - Filling up the DagBag from /home/airflow/.local/lib/python3.7/site-packages/airflow/example_dags/example_time_delta_sensor_async.py
[2023-09-05T16:42:21.010+0000] {processor.py:836} INFO - DAG(s) dict_keys(['example_time_delta_sensor_async']) retrieved from /home/airflow/.local/lib/python3.7/site-packages/airflow/example_dags/example_time_delta_sensor_async.py
[2023-09-05T16:42:21.035+0000] {logging_mixin.py:150} INFO - [2023-09-05T16:42:21.035+0000] {dag.py:2742} INFO - Sync 1 DAGs
[2023-09-05T16:42:21.060+0000] {logging_mixin.py:150} INFO - [2023-09-05T16:42:21.060+0000] {dag.py:3508} INFO - Setting next_dagrun for example_time_delta_sensor_async to None, run_after=None
[2023-09-05T16:42:21.080+0000] {processor.py:179} INFO - Processing /home/airflow/.local/lib/python3.7/site-packages/airflow/example_dags/example_time_delta_sensor_async.py took 0.081 seconds
[2023-09-05T16:42:51.955+0000] {processor.py:157} INFO - Started process (PID=153) to work on /home/airflow/.local/lib/python3.7/site-packages/airflow/example_dags/example_time_delta_sensor_async.py
[2023-09-05T16:42:51.956+0000] {processor.py:826} INFO - Processing file /home/airflow/.local/lib/python3.7/site-packages/airflow/example_dags/example_time_delta_sensor_async.py for tasks to queue
[2023-09-05T16:42:51.958+0000] {logging_mixin.py:150} INFO - [2023-09-05T16:42:51.957+0000] {dagbag.py:541} INFO - Filling up the DagBag from /home/airflow/.local/lib/python3.7/site-packages/airflow/example_dags/example_time_delta_sensor_async.py
[2023-09-05T16:42:51.963+0000] {processor.py:836} INFO - DAG(s) dict_keys(['example_time_delta_sensor_async']) retrieved from /home/airflow/.local/lib/python3.7/site-packages/airflow/example_dags/example_time_delta_sensor_async.py
[2023-09-05T16:42:51.976+0000] {logging_mixin.py:150} INFO - [2023-09-05T16:42:51.976+0000] {dag.py:2742} INFO - Sync 1 DAGs
[2023-09-05T16:42:52.017+0000] {logging_mixin.py:150} INFO - [2023-09-05T16:42:52.017+0000] {dag.py:3508} INFO - Setting next_dagrun for example_time_delta_sensor_async to None, run_after=None
[2023-09-05T16:42:52.052+0000] {processor.py:179} INFO - Processing /home/airflow/.local/lib/python3.7/site-packages/airflow/example_dags/example_time_delta_sensor_async.py took 0.103 seconds
