[2023-09-05T16:41:59.409+0000] {processor.py:157} INFO - Started process (PID=72) to work on /home/airflow/.local/lib/python3.7/site-packages/airflow/example_dags/example_sensor_decorator.py
[2023-09-05T16:41:59.410+0000] {processor.py:826} INFO - Processing file /home/airflow/.local/lib/python3.7/site-packages/airflow/example_dags/example_sensor_decorator.py for tasks to queue
[2023-09-05T16:41:59.411+0000] {logging_mixin.py:150} INFO - [2023-09-05T16:41:59.411+0000] {dagbag.py:541} INFO - Filling up the DagBag from /home/airflow/.local/lib/python3.7/site-packages/airflow/example_dags/example_sensor_decorator.py
[2023-09-05T16:41:59.418+0000] {processor.py:836} INFO - DAG(s) dict_keys(['example_sensor_decorator']) retrieved from /home/airflow/.local/lib/python3.7/site-packages/airflow/example_dags/example_sensor_decorator.py
[2023-09-05T16:41:59.795+0000] {logging_mixin.py:150} INFO - [2023-09-05T16:41:59.794+0000] {dag.py:2742} INFO - Sync 1 DAGs
[2023-09-05T16:41:59.828+0000] {logging_mixin.py:150} INFO - [2023-09-05T16:41:59.828+0000] {dag.py:3508} INFO - Setting next_dagrun for example_sensor_decorator to None, run_after=None
[2023-09-05T16:41:59.848+0000] {processor.py:179} INFO - Processing /home/airflow/.local/lib/python3.7/site-packages/airflow/example_dags/example_sensor_decorator.py took 0.451 seconds
[2023-09-05T16:42:30.274+0000] {processor.py:157} INFO - Started process (PID=126) to work on /home/airflow/.local/lib/python3.7/site-packages/airflow/example_dags/example_sensor_decorator.py
[2023-09-05T16:42:30.287+0000] {processor.py:826} INFO - Processing file /home/airflow/.local/lib/python3.7/site-packages/airflow/example_dags/example_sensor_decorator.py for tasks to queue
[2023-09-05T16:42:30.292+0000] {logging_mixin.py:150} INFO - [2023-09-05T16:42:30.292+0000] {dagbag.py:541} INFO - Filling up the DagBag from /home/airflow/.local/lib/python3.7/site-packages/airflow/example_dags/example_sensor_decorator.py
[2023-09-05T16:42:30.307+0000] {processor.py:836} INFO - DAG(s) dict_keys(['example_sensor_decorator']) retrieved from /home/airflow/.local/lib/python3.7/site-packages/airflow/example_dags/example_sensor_decorator.py
[2023-09-05T16:42:30.354+0000] {logging_mixin.py:150} INFO - [2023-09-05T16:42:30.354+0000] {dag.py:2742} INFO - Sync 1 DAGs
[2023-09-05T16:42:30.406+0000] {logging_mixin.py:150} INFO - [2023-09-05T16:42:30.406+0000] {dag.py:3508} INFO - Setting next_dagrun for example_sensor_decorator to None, run_after=None
[2023-09-05T16:42:30.423+0000] {processor.py:179} INFO - Processing /home/airflow/.local/lib/python3.7/site-packages/airflow/example_dags/example_sensor_decorator.py took 0.153 seconds
[2023-09-05T16:43:00.543+0000] {processor.py:157} INFO - Started process (PID=181) to work on /home/airflow/.local/lib/python3.7/site-packages/airflow/example_dags/example_sensor_decorator.py
[2023-09-05T16:43:00.545+0000] {processor.py:826} INFO - Processing file /home/airflow/.local/lib/python3.7/site-packages/airflow/example_dags/example_sensor_decorator.py for tasks to queue
[2023-09-05T16:43:00.546+0000] {logging_mixin.py:150} INFO - [2023-09-05T16:43:00.545+0000] {dagbag.py:541} INFO - Filling up the DagBag from /home/airflow/.local/lib/python3.7/site-packages/airflow/example_dags/example_sensor_decorator.py
[2023-09-05T16:43:00.557+0000] {processor.py:836} INFO - DAG(s) dict_keys(['example_sensor_decorator']) retrieved from /home/airflow/.local/lib/python3.7/site-packages/airflow/example_dags/example_sensor_decorator.py
[2023-09-05T16:43:00.578+0000] {logging_mixin.py:150} INFO - [2023-09-05T16:43:00.578+0000] {dag.py:2742} INFO - Sync 1 DAGs
[2023-09-05T16:43:00.642+0000] {logging_mixin.py:150} INFO - [2023-09-05T16:43:00.642+0000] {dag.py:3508} INFO - Setting next_dagrun for example_sensor_decorator to None, run_after=None
[2023-09-05T16:43:00.705+0000] {processor.py:179} INFO - Processing /home/airflow/.local/lib/python3.7/site-packages/airflow/example_dags/example_sensor_decorator.py took 0.171 seconds
