[2023-09-05T16:41:53.456+0000] {processor.py:157} INFO - Started process (PID=51) to work on /home/airflow/.local/lib/python3.7/site-packages/airflow/example_dags/example_xcom.py
[2023-09-05T16:41:53.462+0000] {processor.py:826} INFO - Processing file /home/airflow/.local/lib/python3.7/site-packages/airflow/example_dags/example_xcom.py for tasks to queue
[2023-09-05T16:41:53.464+0000] {logging_mixin.py:150} INFO - [2023-09-05T16:41:53.463+0000] {dagbag.py:541} INFO - Filling up the DagBag from /home/airflow/.local/lib/python3.7/site-packages/airflow/example_dags/example_xcom.py
[2023-09-05T16:41:53.494+0000] {processor.py:836} INFO - DAG(s) dict_keys(['example_xcom']) retrieved from /home/airflow/.local/lib/python3.7/site-packages/airflow/example_dags/example_xcom.py
[2023-09-05T16:41:53.918+0000] {logging_mixin.py:150} INFO - [2023-09-05T16:41:53.917+0000] {dag.py:2742} INFO - Sync 1 DAGs
[2023-09-05T16:41:53.968+0000] {logging_mixin.py:150} INFO - [2023-09-05T16:41:53.967+0000] {dag.py:3508} INFO - Setting next_dagrun for example_xcom to 2021-01-01T00:00:00+00:00, run_after=2021-01-01T00:00:00+00:00
[2023-09-05T16:41:53.997+0000] {processor.py:179} INFO - Processing /home/airflow/.local/lib/python3.7/site-packages/airflow/example_dags/example_xcom.py took 0.559 seconds
[2023-09-05T16:42:24.447+0000] {processor.py:157} INFO - Started process (PID=106) to work on /home/airflow/.local/lib/python3.7/site-packages/airflow/example_dags/example_xcom.py
[2023-09-05T16:42:24.448+0000] {processor.py:826} INFO - Processing file /home/airflow/.local/lib/python3.7/site-packages/airflow/example_dags/example_xcom.py for tasks to queue
[2023-09-05T16:42:24.449+0000] {logging_mixin.py:150} INFO - [2023-09-05T16:42:24.449+0000] {dagbag.py:541} INFO - Filling up the DagBag from /home/airflow/.local/lib/python3.7/site-packages/airflow/example_dags/example_xcom.py
[2023-09-05T16:42:24.462+0000] {processor.py:836} INFO - DAG(s) dict_keys(['example_xcom']) retrieved from /home/airflow/.local/lib/python3.7/site-packages/airflow/example_dags/example_xcom.py
[2023-09-05T16:42:24.507+0000] {logging_mixin.py:150} INFO - [2023-09-05T16:42:24.507+0000] {dag.py:2742} INFO - Sync 1 DAGs
[2023-09-05T16:42:24.540+0000] {logging_mixin.py:150} INFO - [2023-09-05T16:42:24.539+0000] {dag.py:3508} INFO - Setting next_dagrun for example_xcom to 2021-01-01T00:00:00+00:00, run_after=2021-01-01T00:00:00+00:00
[2023-09-05T16:42:24.560+0000] {processor.py:179} INFO - Processing /home/airflow/.local/lib/python3.7/site-packages/airflow/example_dags/example_xcom.py took 0.118 seconds
[2023-09-05T16:42:54.645+0000] {processor.py:157} INFO - Started process (PID=160) to work on /home/airflow/.local/lib/python3.7/site-packages/airflow/example_dags/example_xcom.py
[2023-09-05T16:42:54.647+0000] {processor.py:826} INFO - Processing file /home/airflow/.local/lib/python3.7/site-packages/airflow/example_dags/example_xcom.py for tasks to queue
[2023-09-05T16:42:54.648+0000] {logging_mixin.py:150} INFO - [2023-09-05T16:42:54.648+0000] {dagbag.py:541} INFO - Filling up the DagBag from /home/airflow/.local/lib/python3.7/site-packages/airflow/example_dags/example_xcom.py
[2023-09-05T16:42:54.661+0000] {processor.py:836} INFO - DAG(s) dict_keys(['example_xcom']) retrieved from /home/airflow/.local/lib/python3.7/site-packages/airflow/example_dags/example_xcom.py
[2023-09-05T16:42:54.676+0000] {logging_mixin.py:150} INFO - [2023-09-05T16:42:54.676+0000] {dag.py:2742} INFO - Sync 1 DAGs
[2023-09-05T16:42:54.714+0000] {logging_mixin.py:150} INFO - [2023-09-05T16:42:54.714+0000] {dag.py:3508} INFO - Setting next_dagrun for example_xcom to 2021-01-01T00:00:00+00:00, run_after=2021-01-01T00:00:00+00:00
[2023-09-05T16:42:54.740+0000] {processor.py:179} INFO - Processing /home/airflow/.local/lib/python3.7/site-packages/airflow/example_dags/example_xcom.py took 0.099 seconds
