[2023-09-05T12:01:22.865+0000] {processor.py:157} INFO - Started process (PID=34932) to work on /home/airflow/.local/lib/python3.7/site-packages/airflow/example_dags/example_branch_labels.py
[2023-09-05T12:01:22.866+0000] {processor.py:826} INFO - Processing file /home/airflow/.local/lib/python3.7/site-packages/airflow/example_dags/example_branch_labels.py for tasks to queue
[2023-09-05T12:01:22.870+0000] {logging_mixin.py:150} INFO - [2023-09-05T12:01:22.869+0000] {dagbag.py:541} INFO - Filling up the DagBag from /home/airflow/.local/lib/python3.7/site-packages/airflow/example_dags/example_branch_labels.py
[2023-09-05T12:01:22.899+0000] {processor.py:836} INFO - DAG(s) dict_keys(['example_branch_labels']) retrieved from /home/airflow/.local/lib/python3.7/site-packages/airflow/example_dags/example_branch_labels.py
[2023-09-05T12:01:23.513+0000] {logging_mixin.py:150} INFO - [2023-09-05T12:01:23.509+0000] {dag.py:2742} INFO - Sync 1 DAGs
[2023-09-05T16:41:41.831+0000] {processor.py:157} INFO - Started process (PID=34) to work on /home/airflow/.local/lib/python3.7/site-packages/airflow/example_dags/example_branch_labels.py
[2023-09-05T16:41:41.834+0000] {processor.py:826} INFO - Processing file /home/airflow/.local/lib/python3.7/site-packages/airflow/example_dags/example_branch_labels.py for tasks to queue
[2023-09-05T16:41:41.836+0000] {logging_mixin.py:150} INFO - [2023-09-05T16:41:41.835+0000] {dagbag.py:541} INFO - Filling up the DagBag from /home/airflow/.local/lib/python3.7/site-packages/airflow/example_dags/example_branch_labels.py
[2023-09-05T16:41:41.871+0000] {processor.py:836} INFO - DAG(s) dict_keys(['example_branch_labels']) retrieved from /home/airflow/.local/lib/python3.7/site-packages/airflow/example_dags/example_branch_labels.py
[2023-09-05T16:41:42.643+0000] {logging_mixin.py:150} INFO - [2023-09-05T16:41:42.642+0000] {dag.py:2742} INFO - Sync 1 DAGs
[2023-09-05T16:41:42.700+0000] {logging_mixin.py:150} INFO - [2023-09-05T16:41:42.699+0000] {dag.py:3508} INFO - Setting next_dagrun for example_branch_labels to 2023-09-04T00:00:00+00:00, run_after=2023-09-05T00:00:00+00:00
[2023-09-05T16:41:42.829+0000] {processor.py:179} INFO - Processing /home/airflow/.local/lib/python3.7/site-packages/airflow/example_dags/example_branch_labels.py took 1.017 seconds
[2023-09-05T16:42:13.322+0000] {processor.py:157} INFO - Started process (PID=89) to work on /home/airflow/.local/lib/python3.7/site-packages/airflow/example_dags/example_branch_labels.py
[2023-09-05T16:42:13.323+0000] {processor.py:826} INFO - Processing file /home/airflow/.local/lib/python3.7/site-packages/airflow/example_dags/example_branch_labels.py for tasks to queue
[2023-09-05T16:42:13.324+0000] {logging_mixin.py:150} INFO - [2023-09-05T16:42:13.324+0000] {dagbag.py:541} INFO - Filling up the DagBag from /home/airflow/.local/lib/python3.7/site-packages/airflow/example_dags/example_branch_labels.py
[2023-09-05T16:42:13.332+0000] {processor.py:836} INFO - DAG(s) dict_keys(['example_branch_labels']) retrieved from /home/airflow/.local/lib/python3.7/site-packages/airflow/example_dags/example_branch_labels.py
[2023-09-05T16:42:13.360+0000] {logging_mixin.py:150} INFO - [2023-09-05T16:42:13.360+0000] {dag.py:2742} INFO - Sync 1 DAGs
[2023-09-05T16:42:13.386+0000] {logging_mixin.py:150} INFO - [2023-09-05T16:42:13.386+0000] {dag.py:3508} INFO - Setting next_dagrun for example_branch_labels to 2023-09-04T00:00:00+00:00, run_after=2023-09-05T00:00:00+00:00
[2023-09-05T16:42:13.406+0000] {processor.py:179} INFO - Processing /home/airflow/.local/lib/python3.7/site-packages/airflow/example_dags/example_branch_labels.py took 0.087 seconds
[2023-09-05T16:42:43.437+0000] {processor.py:157} INFO - Started process (PID=142) to work on /home/airflow/.local/lib/python3.7/site-packages/airflow/example_dags/example_branch_labels.py
[2023-09-05T16:42:43.439+0000] {processor.py:826} INFO - Processing file /home/airflow/.local/lib/python3.7/site-packages/airflow/example_dags/example_branch_labels.py for tasks to queue
[2023-09-05T16:42:43.440+0000] {logging_mixin.py:150} INFO - [2023-09-05T16:42:43.440+0000] {dagbag.py:541} INFO - Filling up the DagBag from /home/airflow/.local/lib/python3.7/site-packages/airflow/example_dags/example_branch_labels.py
[2023-09-05T16:42:43.452+0000] {processor.py:836} INFO - DAG(s) dict_keys(['example_branch_labels']) retrieved from /home/airflow/.local/lib/python3.7/site-packages/airflow/example_dags/example_branch_labels.py
[2023-09-05T16:42:43.513+0000] {logging_mixin.py:150} INFO - [2023-09-05T16:42:43.512+0000] {dag.py:2742} INFO - Sync 1 DAGs
[2023-09-05T16:42:43.551+0000] {logging_mixin.py:150} INFO - [2023-09-05T16:42:43.551+0000] {dag.py:3508} INFO - Setting next_dagrun for example_branch_labels to 2023-09-04T00:00:00+00:00, run_after=2023-09-05T00:00:00+00:00
[2023-09-05T16:42:43.574+0000] {processor.py:179} INFO - Processing /home/airflow/.local/lib/python3.7/site-packages/airflow/example_dags/example_branch_labels.py took 0.143 seconds
