[2023-09-05T16:41:57.607+0000] {processor.py:157} INFO - Started process (PID=68) to work on /home/airflow/.local/lib/python3.7/site-packages/airflow/example_dags/example_branch_datetime_operator.py
[2023-09-05T16:41:57.612+0000] {processor.py:826} INFO - Processing file /home/airflow/.local/lib/python3.7/site-packages/airflow/example_dags/example_branch_datetime_operator.py for tasks to queue
[2023-09-05T16:41:57.612+0000] {logging_mixin.py:150} INFO - [2023-09-05T16:41:57.612+0000] {dagbag.py:541} INFO - Filling up the DagBag from /home/airflow/.local/lib/python3.7/site-packages/airflow/example_dags/example_branch_datetime_operator.py
[2023-09-05T16:41:57.656+0000] {processor.py:836} INFO - DAG(s) dict_keys(['example_branch_datetime_operator', 'example_branch_datetime_operator_2', 'example_branch_datetime_operator_3']) retrieved from /home/airflow/.local/lib/python3.7/site-packages/airflow/example_dags/example_branch_datetime_operator.py
[2023-09-05T16:41:58.228+0000] {logging_mixin.py:150} INFO - [2023-09-05T16:41:58.228+0000] {dag.py:2742} INFO - Sync 3 DAGs
[2023-09-05T16:41:58.359+0000] {logging_mixin.py:150} INFO - [2023-09-05T16:41:58.359+0000] {dag.py:3508} INFO - Setting next_dagrun for example_branch_datetime_operator to 2023-09-04T00:00:00+00:00, run_after=2023-09-05T00:00:00+00:00
[2023-09-05T16:41:58.369+0000] {logging_mixin.py:150} INFO - [2023-09-05T16:41:58.369+0000] {dag.py:3508} INFO - Setting next_dagrun for example_branch_datetime_operator_2 to 2023-09-04T00:00:00+00:00, run_after=2023-09-05T00:00:00+00:00
[2023-09-05T16:41:58.375+0000] {logging_mixin.py:150} INFO - [2023-09-05T16:41:58.375+0000] {dag.py:3508} INFO - Setting next_dagrun for example_branch_datetime_operator_3 to 2023-09-04T00:00:00+00:00, run_after=2023-09-05T00:00:00+00:00
[2023-09-05T16:41:58.502+0000] {processor.py:179} INFO - Processing /home/airflow/.local/lib/python3.7/site-packages/airflow/example_dags/example_branch_datetime_operator.py took 0.902 seconds
[2023-09-05T16:42:28.990+0000] {processor.py:157} INFO - Started process (PID=122) to work on /home/airflow/.local/lib/python3.7/site-packages/airflow/example_dags/example_branch_datetime_operator.py
[2023-09-05T16:42:28.991+0000] {processor.py:826} INFO - Processing file /home/airflow/.local/lib/python3.7/site-packages/airflow/example_dags/example_branch_datetime_operator.py for tasks to queue
[2023-09-05T16:42:28.993+0000] {logging_mixin.py:150} INFO - [2023-09-05T16:42:28.992+0000] {dagbag.py:541} INFO - Filling up the DagBag from /home/airflow/.local/lib/python3.7/site-packages/airflow/example_dags/example_branch_datetime_operator.py
[2023-09-05T16:42:29.015+0000] {processor.py:836} INFO - DAG(s) dict_keys(['example_branch_datetime_operator_2', 'example_branch_datetime_operator', 'example_branch_datetime_operator_3']) retrieved from /home/airflow/.local/lib/python3.7/site-packages/airflow/example_dags/example_branch_datetime_operator.py
[2023-09-05T16:42:29.049+0000] {logging_mixin.py:150} INFO - [2023-09-05T16:42:29.048+0000] {dag.py:2742} INFO - Sync 3 DAGs
[2023-09-05T16:42:29.083+0000] {logging_mixin.py:150} INFO - [2023-09-05T16:42:29.082+0000] {dag.py:3508} INFO - Setting next_dagrun for example_branch_datetime_operator to 2023-09-04T00:00:00+00:00, run_after=2023-09-05T00:00:00+00:00
[2023-09-05T16:42:29.088+0000] {logging_mixin.py:150} INFO - [2023-09-05T16:42:29.087+0000] {dag.py:3508} INFO - Setting next_dagrun for example_branch_datetime_operator_2 to 2023-09-04T00:00:00+00:00, run_after=2023-09-05T00:00:00+00:00
[2023-09-05T16:42:29.092+0000] {logging_mixin.py:150} INFO - [2023-09-05T16:42:29.092+0000] {dag.py:3508} INFO - Setting next_dagrun for example_branch_datetime_operator_3 to 2023-09-04T00:00:00+00:00, run_after=2023-09-05T00:00:00+00:00
[2023-09-05T16:42:29.116+0000] {processor.py:179} INFO - Processing /home/airflow/.local/lib/python3.7/site-packages/airflow/example_dags/example_branch_datetime_operator.py took 0.130 seconds
[2023-09-05T16:42:59.222+0000] {processor.py:157} INFO - Started process (PID=177) to work on /home/airflow/.local/lib/python3.7/site-packages/airflow/example_dags/example_branch_datetime_operator.py
[2023-09-05T16:42:59.224+0000] {processor.py:826} INFO - Processing file /home/airflow/.local/lib/python3.7/site-packages/airflow/example_dags/example_branch_datetime_operator.py for tasks to queue
[2023-09-05T16:42:59.225+0000] {logging_mixin.py:150} INFO - [2023-09-05T16:42:59.224+0000] {dagbag.py:541} INFO - Filling up the DagBag from /home/airflow/.local/lib/python3.7/site-packages/airflow/example_dags/example_branch_datetime_operator.py
[2023-09-05T16:42:59.235+0000] {processor.py:836} INFO - DAG(s) dict_keys(['example_branch_datetime_operator_2', 'example_branch_datetime_operator_3', 'example_branch_datetime_operator']) retrieved from /home/airflow/.local/lib/python3.7/site-packages/airflow/example_dags/example_branch_datetime_operator.py
[2023-09-05T16:42:59.255+0000] {logging_mixin.py:150} INFO - [2023-09-05T16:42:59.254+0000] {dag.py:2742} INFO - Sync 3 DAGs
[2023-09-05T16:42:59.301+0000] {logging_mixin.py:150} INFO - [2023-09-05T16:42:59.301+0000] {dag.py:3508} INFO - Setting next_dagrun for example_branch_datetime_operator to 2023-09-04T00:00:00+00:00, run_after=2023-09-05T00:00:00+00:00
[2023-09-05T16:42:59.309+0000] {logging_mixin.py:150} INFO - [2023-09-05T16:42:59.308+0000] {dag.py:3508} INFO - Setting next_dagrun for example_branch_datetime_operator_2 to 2023-09-04T00:00:00+00:00, run_after=2023-09-05T00:00:00+00:00
[2023-09-05T16:42:59.312+0000] {logging_mixin.py:150} INFO - [2023-09-05T16:42:59.312+0000] {dag.py:3508} INFO - Setting next_dagrun for example_branch_datetime_operator_3 to 2023-09-04T00:00:00+00:00, run_after=2023-09-05T00:00:00+00:00
[2023-09-05T16:42:59.334+0000] {processor.py:179} INFO - Processing /home/airflow/.local/lib/python3.7/site-packages/airflow/example_dags/example_branch_datetime_operator.py took 0.115 seconds
