[2023-09-05T16:41:44.097+0000] {processor.py:157} INFO - Started process (PID=38) to work on /home/airflow/.local/lib/python3.7/site-packages/airflow/example_dags/example_datasets.py
[2023-09-05T16:41:44.108+0000] {processor.py:826} INFO - Processing file /home/airflow/.local/lib/python3.7/site-packages/airflow/example_dags/example_datasets.py for tasks to queue
[2023-09-05T16:41:44.109+0000] {logging_mixin.py:150} INFO - [2023-09-05T16:41:44.108+0000] {dagbag.py:541} INFO - Filling up the DagBag from /home/airflow/.local/lib/python3.7/site-packages/airflow/example_dags/example_datasets.py
[2023-09-05T16:41:44.180+0000] {processor.py:836} INFO - DAG(s) dict_keys(['dataset_produces_1', 'dataset_consumes_unknown_never_scheduled', 'dataset_consumes_1', 'dataset_consumes_1_and_2', 'dataset_consumes_1_never_scheduled', 'dataset_produces_2']) retrieved from /home/airflow/.local/lib/python3.7/site-packages/airflow/example_dags/example_datasets.py
[2023-09-05T16:41:44.519+0000] {logging_mixin.py:150} INFO - [2023-09-05T16:41:44.519+0000] {dag.py:2742} INFO - Sync 6 DAGs
[2023-09-05T16:41:45.724+0000] {logging_mixin.py:150} INFO - [2023-09-05T16:41:45.724+0000] {dag.py:3508} INFO - Setting next_dagrun for dataset_consumes_1 to None, run_after=None
[2023-09-05T16:41:45.750+0000] {logging_mixin.py:150} INFO - [2023-09-05T16:41:45.750+0000] {dag.py:3508} INFO - Setting next_dagrun for dataset_consumes_1_and_2 to None, run_after=None
[2023-09-05T16:41:45.759+0000] {logging_mixin.py:150} INFO - [2023-09-05T16:41:45.759+0000] {dag.py:3508} INFO - Setting next_dagrun for dataset_consumes_1_never_scheduled to None, run_after=None
[2023-09-05T16:41:45.765+0000] {logging_mixin.py:150} INFO - [2023-09-05T16:41:45.765+0000] {dag.py:3508} INFO - Setting next_dagrun for dataset_consumes_unknown_never_scheduled to None, run_after=None
[2023-09-05T16:41:45.769+0000] {logging_mixin.py:150} INFO - [2023-09-05T16:41:45.768+0000] {dag.py:3508} INFO - Setting next_dagrun for dataset_produces_1 to 2023-09-04T00:00:00+00:00, run_after=2023-09-05T00:00:00+00:00
[2023-09-05T16:41:45.779+0000] {logging_mixin.py:150} INFO - [2023-09-05T16:41:45.779+0000] {dag.py:3508} INFO - Setting next_dagrun for dataset_produces_2 to None, run_after=None
[2023-09-05T16:41:45.920+0000] {processor.py:179} INFO - Processing /home/airflow/.local/lib/python3.7/site-packages/airflow/example_dags/example_datasets.py took 1.852 seconds
[2023-09-05T16:42:16.670+0000] {processor.py:157} INFO - Started process (PID=93) to work on /home/airflow/.local/lib/python3.7/site-packages/airflow/example_dags/example_datasets.py
[2023-09-05T16:42:16.678+0000] {processor.py:826} INFO - Processing file /home/airflow/.local/lib/python3.7/site-packages/airflow/example_dags/example_datasets.py for tasks to queue
[2023-09-05T16:42:16.683+0000] {logging_mixin.py:150} INFO - [2023-09-05T16:42:16.683+0000] {dagbag.py:541} INFO - Filling up the DagBag from /home/airflow/.local/lib/python3.7/site-packages/airflow/example_dags/example_datasets.py
[2023-09-05T16:42:16.704+0000] {processor.py:836} INFO - DAG(s) dict_keys(['dataset_produces_2', 'dataset_consumes_1_never_scheduled', 'dataset_consumes_1', 'dataset_consumes_1_and_2', 'dataset_consumes_unknown_never_scheduled', 'dataset_produces_1']) retrieved from /home/airflow/.local/lib/python3.7/site-packages/airflow/example_dags/example_datasets.py
[2023-09-05T16:42:16.758+0000] {logging_mixin.py:150} INFO - [2023-09-05T16:42:16.758+0000] {dag.py:2742} INFO - Sync 6 DAGs
[2023-09-05T16:42:16.786+0000] {logging_mixin.py:150} INFO - [2023-09-05T16:42:16.786+0000] {dag.py:3508} INFO - Setting next_dagrun for dataset_consumes_1 to None, run_after=None
[2023-09-05T16:42:16.790+0000] {logging_mixin.py:150} INFO - [2023-09-05T16:42:16.789+0000] {dag.py:3508} INFO - Setting next_dagrun for dataset_consumes_1_and_2 to None, run_after=None
[2023-09-05T16:42:16.791+0000] {logging_mixin.py:150} INFO - [2023-09-05T16:42:16.791+0000] {dag.py:3508} INFO - Setting next_dagrun for dataset_consumes_1_never_scheduled to None, run_after=None
[2023-09-05T16:42:16.792+0000] {logging_mixin.py:150} INFO - [2023-09-05T16:42:16.792+0000] {dag.py:3508} INFO - Setting next_dagrun for dataset_consumes_unknown_never_scheduled to None, run_after=None
[2023-09-05T16:42:16.794+0000] {logging_mixin.py:150} INFO - [2023-09-05T16:42:16.794+0000] {dag.py:3508} INFO - Setting next_dagrun for dataset_produces_1 to 2023-09-04T00:00:00+00:00, run_after=2023-09-05T00:00:00+00:00
[2023-09-05T16:42:16.796+0000] {logging_mixin.py:150} INFO - [2023-09-05T16:42:16.796+0000] {dag.py:3508} INFO - Setting next_dagrun for dataset_produces_2 to None, run_after=None
[2023-09-05T16:42:16.833+0000] {processor.py:179} INFO - Processing /home/airflow/.local/lib/python3.7/site-packages/airflow/example_dags/example_datasets.py took 0.167 seconds
[2023-09-05T16:42:47.042+0000] {processor.py:157} INFO - Started process (PID=147) to work on /home/airflow/.local/lib/python3.7/site-packages/airflow/example_dags/example_datasets.py
[2023-09-05T16:42:47.061+0000] {processor.py:826} INFO - Processing file /home/airflow/.local/lib/python3.7/site-packages/airflow/example_dags/example_datasets.py for tasks to queue
[2023-09-05T16:42:47.078+0000] {logging_mixin.py:150} INFO - [2023-09-05T16:42:47.075+0000] {dagbag.py:541} INFO - Filling up the DagBag from /home/airflow/.local/lib/python3.7/site-packages/airflow/example_dags/example_datasets.py
[2023-09-05T16:42:47.229+0000] {processor.py:836} INFO - DAG(s) dict_keys(['dataset_consumes_unknown_never_scheduled', 'dataset_produces_2', 'dataset_consumes_1_and_2', 'dataset_produces_1', 'dataset_consumes_1_never_scheduled', 'dataset_consumes_1']) retrieved from /home/airflow/.local/lib/python3.7/site-packages/airflow/example_dags/example_datasets.py
[2023-09-05T16:42:47.552+0000] {logging_mixin.py:150} INFO - [2023-09-05T16:42:47.552+0000] {dag.py:2742} INFO - Sync 6 DAGs
[2023-09-05T16:42:47.594+0000] {logging_mixin.py:150} INFO - [2023-09-05T16:42:47.594+0000] {dag.py:3508} INFO - Setting next_dagrun for dataset_consumes_1 to None, run_after=None
[2023-09-05T16:42:47.598+0000] {logging_mixin.py:150} INFO - [2023-09-05T16:42:47.598+0000] {dag.py:3508} INFO - Setting next_dagrun for dataset_consumes_1_and_2 to None, run_after=None
[2023-09-05T16:42:47.599+0000] {logging_mixin.py:150} INFO - [2023-09-05T16:42:47.599+0000] {dag.py:3508} INFO - Setting next_dagrun for dataset_consumes_1_never_scheduled to None, run_after=None
[2023-09-05T16:42:47.600+0000] {logging_mixin.py:150} INFO - [2023-09-05T16:42:47.600+0000] {dag.py:3508} INFO - Setting next_dagrun for dataset_consumes_unknown_never_scheduled to None, run_after=None
[2023-09-05T16:42:47.606+0000] {logging_mixin.py:150} INFO - [2023-09-05T16:42:47.606+0000] {dag.py:3508} INFO - Setting next_dagrun for dataset_produces_1 to 2023-09-04T00:00:00+00:00, run_after=2023-09-05T00:00:00+00:00
[2023-09-05T16:42:47.610+0000] {logging_mixin.py:150} INFO - [2023-09-05T16:42:47.609+0000] {dag.py:3508} INFO - Setting next_dagrun for dataset_produces_2 to None, run_after=None
[2023-09-05T16:42:47.661+0000] {processor.py:179} INFO - Processing /home/airflow/.local/lib/python3.7/site-packages/airflow/example_dags/example_datasets.py took 0.690 seconds
