[2023-09-05T16:41:57.931+0000] {processor.py:157} INFO - Started process (PID=69) to work on /home/airflow/.local/lib/python3.7/site-packages/airflow/example_dags/example_bash_operator.py
[2023-09-05T16:41:57.934+0000] {processor.py:826} INFO - Processing file /home/airflow/.local/lib/python3.7/site-packages/airflow/example_dags/example_bash_operator.py for tasks to queue
[2023-09-05T16:41:57.943+0000] {logging_mixin.py:150} INFO - [2023-09-05T16:41:57.937+0000] {dagbag.py:541} INFO - Filling up the DagBag from /home/airflow/.local/lib/python3.7/site-packages/airflow/example_dags/example_bash_operator.py
[2023-09-05T16:41:58.367+0000] {processor.py:836} INFO - DAG(s) dict_keys(['example_bash_operator']) retrieved from /home/airflow/.local/lib/python3.7/site-packages/airflow/example_dags/example_bash_operator.py
[2023-09-05T16:41:58.591+0000] {logging_mixin.py:150} INFO - [2023-09-05T16:41:58.581+0000] {dag.py:2742} INFO - Sync 1 DAGs
[2023-09-05T16:41:58.714+0000] {logging_mixin.py:150} INFO - [2023-09-05T16:41:58.714+0000] {dag.py:3508} INFO - Setting next_dagrun for example_bash_operator to 2023-09-04T00:00:00+00:00, run_after=2023-09-05T00:00:00+00:00
[2023-09-05T16:41:58.812+0000] {processor.py:179} INFO - Processing /home/airflow/.local/lib/python3.7/site-packages/airflow/example_dags/example_bash_operator.py took 0.892 seconds
[2023-09-05T16:42:29.007+0000] {processor.py:157} INFO - Started process (PID=123) to work on /home/airflow/.local/lib/python3.7/site-packages/airflow/example_dags/example_bash_operator.py
[2023-09-05T16:42:29.009+0000] {processor.py:826} INFO - Processing file /home/airflow/.local/lib/python3.7/site-packages/airflow/example_dags/example_bash_operator.py for tasks to queue
[2023-09-05T16:42:29.010+0000] {logging_mixin.py:150} INFO - [2023-09-05T16:42:29.010+0000] {dagbag.py:541} INFO - Filling up the DagBag from /home/airflow/.local/lib/python3.7/site-packages/airflow/example_dags/example_bash_operator.py
[2023-09-05T16:42:29.030+0000] {processor.py:836} INFO - DAG(s) dict_keys(['example_bash_operator']) retrieved from /home/airflow/.local/lib/python3.7/site-packages/airflow/example_dags/example_bash_operator.py
[2023-09-05T16:42:29.068+0000] {logging_mixin.py:150} INFO - [2023-09-05T16:42:29.068+0000] {dag.py:2742} INFO - Sync 1 DAGs
[2023-09-05T16:42:29.108+0000] {logging_mixin.py:150} INFO - [2023-09-05T16:42:29.107+0000] {dag.py:3508} INFO - Setting next_dagrun for example_bash_operator to 2023-09-04T00:00:00+00:00, run_after=2023-09-05T00:00:00+00:00
[2023-09-05T16:42:29.128+0000] {processor.py:179} INFO - Processing /home/airflow/.local/lib/python3.7/site-packages/airflow/example_dags/example_bash_operator.py took 0.127 seconds
[2023-09-05T16:42:59.229+0000] {processor.py:157} INFO - Started process (PID=178) to work on /home/airflow/.local/lib/python3.7/site-packages/airflow/example_dags/example_bash_operator.py
[2023-09-05T16:42:59.232+0000] {processor.py:826} INFO - Processing file /home/airflow/.local/lib/python3.7/site-packages/airflow/example_dags/example_bash_operator.py for tasks to queue
[2023-09-05T16:42:59.233+0000] {logging_mixin.py:150} INFO - [2023-09-05T16:42:59.232+0000] {dagbag.py:541} INFO - Filling up the DagBag from /home/airflow/.local/lib/python3.7/site-packages/airflow/example_dags/example_bash_operator.py
[2023-09-05T16:42:59.258+0000] {processor.py:836} INFO - DAG(s) dict_keys(['example_bash_operator']) retrieved from /home/airflow/.local/lib/python3.7/site-packages/airflow/example_dags/example_bash_operator.py
[2023-09-05T16:42:59.289+0000] {logging_mixin.py:150} INFO - [2023-09-05T16:42:59.288+0000] {dag.py:2742} INFO - Sync 1 DAGs
[2023-09-05T16:42:59.321+0000] {logging_mixin.py:150} INFO - [2023-09-05T16:42:59.321+0000] {dag.py:3508} INFO - Setting next_dagrun for example_bash_operator to 2023-09-04T00:00:00+00:00, run_after=2023-09-05T00:00:00+00:00
[2023-09-05T16:42:59.347+0000] {processor.py:179} INFO - Processing /home/airflow/.local/lib/python3.7/site-packages/airflow/example_dags/example_bash_operator.py took 0.121 seconds
