[2023-09-05T16:41:55.981+0000] {processor.py:157} INFO - Started process (PID=65) to work on /home/airflow/.local/lib/python3.7/site-packages/airflow/example_dags/example_branch_day_of_week_operator.py
[2023-09-05T16:41:55.982+0000] {processor.py:826} INFO - Processing file /home/airflow/.local/lib/python3.7/site-packages/airflow/example_dags/example_branch_day_of_week_operator.py for tasks to queue
[2023-09-05T16:41:55.983+0000] {logging_mixin.py:150} INFO - [2023-09-05T16:41:55.982+0000] {dagbag.py:541} INFO - Filling up the DagBag from /home/airflow/.local/lib/python3.7/site-packages/airflow/example_dags/example_branch_day_of_week_operator.py
[2023-09-05T16:41:56.000+0000] {processor.py:836} INFO - DAG(s) dict_keys(['example_weekday_branch_operator']) retrieved from /home/airflow/.local/lib/python3.7/site-packages/airflow/example_dags/example_branch_day_of_week_operator.py
[2023-09-05T16:41:56.932+0000] {logging_mixin.py:150} INFO - [2023-09-05T16:41:56.931+0000] {dag.py:2742} INFO - Sync 1 DAGs
[2023-09-05T16:41:56.967+0000] {logging_mixin.py:150} INFO - [2023-09-05T16:41:56.967+0000] {dag.py:3508} INFO - Setting next_dagrun for example_weekday_branch_operator to 2023-09-04T00:00:00+00:00, run_after=2023-09-05T00:00:00+00:00
[2023-09-05T16:41:57.017+0000] {processor.py:179} INFO - Processing /home/airflow/.local/lib/python3.7/site-packages/airflow/example_dags/example_branch_day_of_week_operator.py took 1.067 seconds
[2023-09-05T16:42:27.770+0000] {processor.py:157} INFO - Started process (PID=119) to work on /home/airflow/.local/lib/python3.7/site-packages/airflow/example_dags/example_branch_day_of_week_operator.py
[2023-09-05T16:42:27.771+0000] {processor.py:826} INFO - Processing file /home/airflow/.local/lib/python3.7/site-packages/airflow/example_dags/example_branch_day_of_week_operator.py for tasks to queue
[2023-09-05T16:42:27.772+0000] {logging_mixin.py:150} INFO - [2023-09-05T16:42:27.772+0000] {dagbag.py:541} INFO - Filling up the DagBag from /home/airflow/.local/lib/python3.7/site-packages/airflow/example_dags/example_branch_day_of_week_operator.py
[2023-09-05T16:42:27.786+0000] {processor.py:836} INFO - DAG(s) dict_keys(['example_weekday_branch_operator']) retrieved from /home/airflow/.local/lib/python3.7/site-packages/airflow/example_dags/example_branch_day_of_week_operator.py
[2023-09-05T16:42:27.813+0000] {logging_mixin.py:150} INFO - [2023-09-05T16:42:27.812+0000] {dag.py:2742} INFO - Sync 1 DAGs
[2023-09-05T16:42:27.838+0000] {logging_mixin.py:150} INFO - [2023-09-05T16:42:27.838+0000] {dag.py:3508} INFO - Setting next_dagrun for example_weekday_branch_operator to 2023-09-04T00:00:00+00:00, run_after=2023-09-05T00:00:00+00:00
[2023-09-05T16:42:27.857+0000] {processor.py:179} INFO - Processing /home/airflow/.local/lib/python3.7/site-packages/airflow/example_dags/example_branch_day_of_week_operator.py took 0.091 seconds
[2023-09-05T16:42:57.927+0000] {processor.py:157} INFO - Started process (PID=174) to work on /home/airflow/.local/lib/python3.7/site-packages/airflow/example_dags/example_branch_day_of_week_operator.py
[2023-09-05T16:42:57.928+0000] {processor.py:826} INFO - Processing file /home/airflow/.local/lib/python3.7/site-packages/airflow/example_dags/example_branch_day_of_week_operator.py for tasks to queue
[2023-09-05T16:42:57.929+0000] {logging_mixin.py:150} INFO - [2023-09-05T16:42:57.928+0000] {dagbag.py:541} INFO - Filling up the DagBag from /home/airflow/.local/lib/python3.7/site-packages/airflow/example_dags/example_branch_day_of_week_operator.py
[2023-09-05T16:42:57.935+0000] {processor.py:836} INFO - DAG(s) dict_keys(['example_weekday_branch_operator']) retrieved from /home/airflow/.local/lib/python3.7/site-packages/airflow/example_dags/example_branch_day_of_week_operator.py
[2023-09-05T16:42:57.951+0000] {logging_mixin.py:150} INFO - [2023-09-05T16:42:57.951+0000] {dag.py:2742} INFO - Sync 1 DAGs
[2023-09-05T16:42:57.979+0000] {logging_mixin.py:150} INFO - [2023-09-05T16:42:57.979+0000] {dag.py:3508} INFO - Setting next_dagrun for example_weekday_branch_operator to 2023-09-04T00:00:00+00:00, run_after=2023-09-05T00:00:00+00:00
[2023-09-05T16:42:58.004+0000] {processor.py:179} INFO - Processing /home/airflow/.local/lib/python3.7/site-packages/airflow/example_dags/example_branch_day_of_week_operator.py took 0.080 seconds
