[2023-09-05T16:41:43.347+0000] {processor.py:157} INFO - Started process (PID=37) to work on /home/airflow/.local/lib/python3.7/site-packages/airflow/example_dags/example_params_ui_tutorial.py
[2023-09-05T16:41:43.348+0000] {processor.py:826} INFO - Processing file /home/airflow/.local/lib/python3.7/site-packages/airflow/example_dags/example_params_ui_tutorial.py for tasks to queue
[2023-09-05T16:41:43.349+0000] {logging_mixin.py:150} INFO - [2023-09-05T16:41:43.349+0000] {dagbag.py:541} INFO - Filling up the DagBag from /home/airflow/.local/lib/python3.7/site-packages/airflow/example_dags/example_params_ui_tutorial.py
[2023-09-05T16:41:43.466+0000] {processor.py:836} INFO - DAG(s) dict_keys(['example_params_ui_tutorial']) retrieved from /home/airflow/.local/lib/python3.7/site-packages/airflow/example_dags/example_params_ui_tutorial.py
[2023-09-05T16:41:44.932+0000] {logging_mixin.py:150} INFO - [2023-09-05T16:41:44.932+0000] {dag.py:2742} INFO - Sync 1 DAGs
[2023-09-05T16:41:45.037+0000] {logging_mixin.py:150} INFO - [2023-09-05T16:41:45.037+0000] {dag.py:3508} INFO - Setting next_dagrun for example_params_ui_tutorial to None, run_after=None
[2023-09-05T16:41:45.156+0000] {processor.py:179} INFO - Processing /home/airflow/.local/lib/python3.7/site-packages/airflow/example_dags/example_params_ui_tutorial.py took 1.821 seconds
[2023-09-05T16:42:15.624+0000] {processor.py:157} INFO - Started process (PID=92) to work on /home/airflow/.local/lib/python3.7/site-packages/airflow/example_dags/example_params_ui_tutorial.py
[2023-09-05T16:42:15.626+0000] {processor.py:826} INFO - Processing file /home/airflow/.local/lib/python3.7/site-packages/airflow/example_dags/example_params_ui_tutorial.py for tasks to queue
[2023-09-05T16:42:15.627+0000] {logging_mixin.py:150} INFO - [2023-09-05T16:42:15.627+0000] {dagbag.py:541} INFO - Filling up the DagBag from /home/airflow/.local/lib/python3.7/site-packages/airflow/example_dags/example_params_ui_tutorial.py
[2023-09-05T16:42:15.669+0000] {processor.py:836} INFO - DAG(s) dict_keys(['example_params_ui_tutorial']) retrieved from /home/airflow/.local/lib/python3.7/site-packages/airflow/example_dags/example_params_ui_tutorial.py
[2023-09-05T16:42:15.723+0000] {logging_mixin.py:150} INFO - [2023-09-05T16:42:15.723+0000] {dag.py:2742} INFO - Sync 1 DAGs
[2023-09-05T16:42:15.748+0000] {logging_mixin.py:150} INFO - [2023-09-05T16:42:15.748+0000] {dag.py:3508} INFO - Setting next_dagrun for example_params_ui_tutorial to None, run_after=None
[2023-09-05T16:42:15.770+0000] {processor.py:179} INFO - Processing /home/airflow/.local/lib/python3.7/site-packages/airflow/example_dags/example_params_ui_tutorial.py took 0.150 seconds
[2023-09-05T16:42:45.956+0000] {processor.py:157} INFO - Started process (PID=146) to work on /home/airflow/.local/lib/python3.7/site-packages/airflow/example_dags/example_params_ui_tutorial.py
[2023-09-05T16:42:45.960+0000] {processor.py:826} INFO - Processing file /home/airflow/.local/lib/python3.7/site-packages/airflow/example_dags/example_params_ui_tutorial.py for tasks to queue
[2023-09-05T16:42:45.960+0000] {logging_mixin.py:150} INFO - [2023-09-05T16:42:45.960+0000] {dagbag.py:541} INFO - Filling up the DagBag from /home/airflow/.local/lib/python3.7/site-packages/airflow/example_dags/example_params_ui_tutorial.py
[2023-09-05T16:42:46.010+0000] {processor.py:836} INFO - DAG(s) dict_keys(['example_params_ui_tutorial']) retrieved from /home/airflow/.local/lib/python3.7/site-packages/airflow/example_dags/example_params_ui_tutorial.py
[2023-09-05T16:42:46.126+0000] {logging_mixin.py:150} INFO - [2023-09-05T16:42:46.126+0000] {dag.py:2742} INFO - Sync 1 DAGs
[2023-09-05T16:42:46.280+0000] {logging_mixin.py:150} INFO - [2023-09-05T16:42:46.274+0000] {dag.py:3508} INFO - Setting next_dagrun for example_params_ui_tutorial to None, run_after=None
[2023-09-05T16:42:46.418+0000] {processor.py:179} INFO - Processing /home/airflow/.local/lib/python3.7/site-packages/airflow/example_dags/example_params_ui_tutorial.py took 0.467 seconds
