[2023-09-05T16:42:01.062+0000] {processor.py:157} INFO - Started process (PID=79) to work on /home/airflow/.local/lib/python3.7/site-packages/airflow/example_dags/example_latest_only.py
[2023-09-05T16:42:01.062+0000] {processor.py:826} INFO - Processing file /home/airflow/.local/lib/python3.7/site-packages/airflow/example_dags/example_latest_only.py for tasks to queue
[2023-09-05T16:42:01.063+0000] {logging_mixin.py:150} INFO - [2023-09-05T16:42:01.063+0000] {dagbag.py:541} INFO - Filling up the DagBag from /home/airflow/.local/lib/python3.7/site-packages/airflow/example_dags/example_latest_only.py
[2023-09-05T16:42:01.071+0000] {processor.py:836} INFO - DAG(s) dict_keys(['latest_only']) retrieved from /home/airflow/.local/lib/python3.7/site-packages/airflow/example_dags/example_latest_only.py
[2023-09-05T16:42:01.099+0000] {logging_mixin.py:150} INFO - [2023-09-05T16:42:01.099+0000] {dag.py:2742} INFO - Sync 1 DAGs
[2023-09-05T16:42:01.139+0000] {logging_mixin.py:150} INFO - [2023-09-05T16:42:01.139+0000] {dag.py:3508} INFO - Setting next_dagrun for latest_only to 2023-09-05T12:42:01.138976+00:00, run_after=2023-09-05T16:42:01.138976+00:00
[2023-09-05T16:42:01.166+0000] {processor.py:179} INFO - Processing /home/airflow/.local/lib/python3.7/site-packages/airflow/example_dags/example_latest_only.py took 0.109 seconds
[2023-09-05T16:42:32.062+0000] {processor.py:157} INFO - Started process (PID=133) to work on /home/airflow/.local/lib/python3.7/site-packages/airflow/example_dags/example_latest_only.py
[2023-09-05T16:42:32.071+0000] {processor.py:826} INFO - Processing file /home/airflow/.local/lib/python3.7/site-packages/airflow/example_dags/example_latest_only.py for tasks to queue
[2023-09-05T16:42:32.072+0000] {logging_mixin.py:150} INFO - [2023-09-05T16:42:32.072+0000] {dagbag.py:541} INFO - Filling up the DagBag from /home/airflow/.local/lib/python3.7/site-packages/airflow/example_dags/example_latest_only.py
[2023-09-05T16:42:32.079+0000] {processor.py:836} INFO - DAG(s) dict_keys(['latest_only']) retrieved from /home/airflow/.local/lib/python3.7/site-packages/airflow/example_dags/example_latest_only.py
[2023-09-05T16:42:32.126+0000] {logging_mixin.py:150} INFO - [2023-09-05T16:42:32.126+0000] {dag.py:2742} INFO - Sync 1 DAGs
[2023-09-05T16:42:32.172+0000] {logging_mixin.py:150} INFO - [2023-09-05T16:42:32.172+0000] {dag.py:3508} INFO - Setting next_dagrun for latest_only to 2023-09-05T12:42:32.172148+00:00, run_after=2023-09-05T16:42:32.172148+00:00
[2023-09-05T16:42:32.221+0000] {processor.py:179} INFO - Processing /home/airflow/.local/lib/python3.7/site-packages/airflow/example_dags/example_latest_only.py took 0.168 seconds
[2023-09-05T16:43:02.452+0000] {processor.py:157} INFO - Started process (PID=188) to work on /home/airflow/.local/lib/python3.7/site-packages/airflow/example_dags/example_latest_only.py
[2023-09-05T16:43:02.453+0000] {processor.py:826} INFO - Processing file /home/airflow/.local/lib/python3.7/site-packages/airflow/example_dags/example_latest_only.py for tasks to queue
[2023-09-05T16:43:02.454+0000] {logging_mixin.py:150} INFO - [2023-09-05T16:43:02.454+0000] {dagbag.py:541} INFO - Filling up the DagBag from /home/airflow/.local/lib/python3.7/site-packages/airflow/example_dags/example_latest_only.py
[2023-09-05T16:43:02.461+0000] {processor.py:836} INFO - DAG(s) dict_keys(['latest_only']) retrieved from /home/airflow/.local/lib/python3.7/site-packages/airflow/example_dags/example_latest_only.py
[2023-09-05T16:43:02.475+0000] {logging_mixin.py:150} INFO - [2023-09-05T16:43:02.475+0000] {dag.py:2742} INFO - Sync 1 DAGs
[2023-09-05T16:43:02.500+0000] {logging_mixin.py:150} INFO - [2023-09-05T16:43:02.500+0000] {dag.py:3508} INFO - Setting next_dagrun for latest_only to 2023-09-05T12:43:02.500123+00:00, run_after=2023-09-05T16:43:02.500123+00:00
[2023-09-05T16:43:02.527+0000] {processor.py:179} INFO - Processing /home/airflow/.local/lib/python3.7/site-packages/airflow/example_dags/example_latest_only.py took 0.078 seconds
