[2023-09-05T16:41:54.268+0000] {processor.py:157} INFO - Started process (PID=55) to work on /home/airflow/.local/lib/python3.7/site-packages/airflow/example_dags/example_short_circuit_operator.py
[2023-09-05T16:41:54.269+0000] {processor.py:826} INFO - Processing file /home/airflow/.local/lib/python3.7/site-packages/airflow/example_dags/example_short_circuit_operator.py for tasks to queue
[2023-09-05T16:41:54.270+0000] {logging_mixin.py:150} INFO - [2023-09-05T16:41:54.270+0000] {dagbag.py:541} INFO - Filling up the DagBag from /home/airflow/.local/lib/python3.7/site-packages/airflow/example_dags/example_short_circuit_operator.py
[2023-09-05T16:41:54.332+0000] {processor.py:836} INFO - DAG(s) dict_keys(['example_short_circuit_operator']) retrieved from /home/airflow/.local/lib/python3.7/site-packages/airflow/example_dags/example_short_circuit_operator.py
[2023-09-05T16:41:55.170+0000] {logging_mixin.py:150} INFO - [2023-09-05T16:41:55.170+0000] {dag.py:2742} INFO - Sync 1 DAGs
[2023-09-05T16:41:55.213+0000] {logging_mixin.py:150} INFO - [2023-09-05T16:41:55.213+0000] {dag.py:3508} INFO - Setting next_dagrun for example_short_circuit_operator to 2023-09-04T16:41:55.212122+00:00, run_after=2023-09-05T16:41:55.212122+00:00
[2023-09-05T16:41:55.281+0000] {processor.py:179} INFO - Processing /home/airflow/.local/lib/python3.7/site-packages/airflow/example_dags/example_short_circuit_operator.py took 1.016 seconds
[2023-09-05T16:42:25.602+0000] {processor.py:157} INFO - Started process (PID=110) to work on /home/airflow/.local/lib/python3.7/site-packages/airflow/example_dags/example_short_circuit_operator.py
[2023-09-05T16:42:25.603+0000] {processor.py:826} INFO - Processing file /home/airflow/.local/lib/python3.7/site-packages/airflow/example_dags/example_short_circuit_operator.py for tasks to queue
[2023-09-05T16:42:25.604+0000] {logging_mixin.py:150} INFO - [2023-09-05T16:42:25.604+0000] {dagbag.py:541} INFO - Filling up the DagBag from /home/airflow/.local/lib/python3.7/site-packages/airflow/example_dags/example_short_circuit_operator.py
[2023-09-05T16:42:25.614+0000] {processor.py:836} INFO - DAG(s) dict_keys(['example_short_circuit_operator']) retrieved from /home/airflow/.local/lib/python3.7/site-packages/airflow/example_dags/example_short_circuit_operator.py
[2023-09-05T16:42:25.641+0000] {logging_mixin.py:150} INFO - [2023-09-05T16:42:25.641+0000] {dag.py:2742} INFO - Sync 1 DAGs
[2023-09-05T16:42:25.674+0000] {logging_mixin.py:150} INFO - [2023-09-05T16:42:25.674+0000] {dag.py:3508} INFO - Setting next_dagrun for example_short_circuit_operator to 2023-09-04T16:42:25.673933+00:00, run_after=2023-09-05T16:42:25.673933+00:00
[2023-09-05T16:42:25.705+0000] {processor.py:179} INFO - Processing /home/airflow/.local/lib/python3.7/site-packages/airflow/example_dags/example_short_circuit_operator.py took 0.107 seconds
[2023-09-05T16:42:55.805+0000] {processor.py:157} INFO - Started process (PID=164) to work on /home/airflow/.local/lib/python3.7/site-packages/airflow/example_dags/example_short_circuit_operator.py
[2023-09-05T16:42:55.806+0000] {processor.py:826} INFO - Processing file /home/airflow/.local/lib/python3.7/site-packages/airflow/example_dags/example_short_circuit_operator.py for tasks to queue
[2023-09-05T16:42:55.807+0000] {logging_mixin.py:150} INFO - [2023-09-05T16:42:55.807+0000] {dagbag.py:541} INFO - Filling up the DagBag from /home/airflow/.local/lib/python3.7/site-packages/airflow/example_dags/example_short_circuit_operator.py
[2023-09-05T16:42:55.815+0000] {processor.py:836} INFO - DAG(s) dict_keys(['example_short_circuit_operator']) retrieved from /home/airflow/.local/lib/python3.7/site-packages/airflow/example_dags/example_short_circuit_operator.py
[2023-09-05T16:42:55.827+0000] {logging_mixin.py:150} INFO - [2023-09-05T16:42:55.827+0000] {dag.py:2742} INFO - Sync 1 DAGs
[2023-09-05T16:42:55.853+0000] {logging_mixin.py:150} INFO - [2023-09-05T16:42:55.852+0000] {dag.py:3508} INFO - Setting next_dagrun for example_short_circuit_operator to 2023-09-04T16:42:55.852609+00:00, run_after=2023-09-05T16:42:55.852609+00:00
[2023-09-05T16:42:55.873+0000] {processor.py:179} INFO - Processing /home/airflow/.local/lib/python3.7/site-packages/airflow/example_dags/example_short_circuit_operator.py took 0.072 seconds
