[2023-09-05T16:42:01.029+0000] {processor.py:157} INFO - Started process (PID=78) to work on /home/airflow/.local/lib/python3.7/site-packages/airflow/example_dags/example_dag_decorator.py
[2023-09-05T16:42:01.030+0000] {processor.py:826} INFO - Processing file /home/airflow/.local/lib/python3.7/site-packages/airflow/example_dags/example_dag_decorator.py for tasks to queue
[2023-09-05T16:42:01.030+0000] {logging_mixin.py:150} INFO - [2023-09-05T16:42:01.030+0000] {dagbag.py:541} INFO - Filling up the DagBag from /home/airflow/.local/lib/python3.7/site-packages/airflow/example_dags/example_dag_decorator.py
[2023-09-05T16:42:01.046+0000] {processor.py:836} INFO - DAG(s) dict_keys(['example_dag_decorator']) retrieved from /home/airflow/.local/lib/python3.7/site-packages/airflow/example_dags/example_dag_decorator.py
[2023-09-05T16:42:01.203+0000] {logging_mixin.py:150} INFO - [2023-09-05T16:42:01.203+0000] {dag.py:2742} INFO - Sync 1 DAGs
[2023-09-05T16:42:01.236+0000] {logging_mixin.py:150} INFO - [2023-09-05T16:42:01.236+0000] {dag.py:3508} INFO - Setting next_dagrun for example_dag_decorator to None, run_after=None
[2023-09-05T16:42:01.266+0000] {processor.py:179} INFO - Processing /home/airflow/.local/lib/python3.7/site-packages/airflow/example_dags/example_dag_decorator.py took 0.240 seconds
[2023-09-05T16:42:31.900+0000] {processor.py:157} INFO - Started process (PID=132) to work on /home/airflow/.local/lib/python3.7/site-packages/airflow/example_dags/example_dag_decorator.py
[2023-09-05T16:42:31.902+0000] {processor.py:826} INFO - Processing file /home/airflow/.local/lib/python3.7/site-packages/airflow/example_dags/example_dag_decorator.py for tasks to queue
[2023-09-05T16:42:31.903+0000] {logging_mixin.py:150} INFO - [2023-09-05T16:42:31.903+0000] {dagbag.py:541} INFO - Filling up the DagBag from /home/airflow/.local/lib/python3.7/site-packages/airflow/example_dags/example_dag_decorator.py
[2023-09-05T16:42:31.926+0000] {processor.py:836} INFO - DAG(s) dict_keys(['example_dag_decorator']) retrieved from /home/airflow/.local/lib/python3.7/site-packages/airflow/example_dags/example_dag_decorator.py
[2023-09-05T16:42:32.152+0000] {logging_mixin.py:150} INFO - [2023-09-05T16:42:32.151+0000] {dag.py:2742} INFO - Sync 1 DAGs
[2023-09-05T16:42:32.187+0000] {logging_mixin.py:150} INFO - [2023-09-05T16:42:32.187+0000] {dag.py:3508} INFO - Setting next_dagrun for example_dag_decorator to None, run_after=None
[2023-09-05T16:42:32.207+0000] {processor.py:179} INFO - Processing /home/airflow/.local/lib/python3.7/site-packages/airflow/example_dags/example_dag_decorator.py took 0.315 seconds
[2023-09-05T16:43:02.357+0000] {processor.py:157} INFO - Started process (PID=187) to work on /home/airflow/.local/lib/python3.7/site-packages/airflow/example_dags/example_dag_decorator.py
[2023-09-05T16:43:02.359+0000] {processor.py:826} INFO - Processing file /home/airflow/.local/lib/python3.7/site-packages/airflow/example_dags/example_dag_decorator.py for tasks to queue
[2023-09-05T16:43:02.359+0000] {logging_mixin.py:150} INFO - [2023-09-05T16:43:02.359+0000] {dagbag.py:541} INFO - Filling up the DagBag from /home/airflow/.local/lib/python3.7/site-packages/airflow/example_dags/example_dag_decorator.py
[2023-09-05T16:43:02.404+0000] {processor.py:836} INFO - DAG(s) dict_keys(['example_dag_decorator']) retrieved from /home/airflow/.local/lib/python3.7/site-packages/airflow/example_dags/example_dag_decorator.py
[2023-09-05T16:43:02.423+0000] {logging_mixin.py:150} INFO - [2023-09-05T16:43:02.423+0000] {dag.py:2742} INFO - Sync 1 DAGs
[2023-09-05T16:43:02.449+0000] {logging_mixin.py:150} INFO - [2023-09-05T16:43:02.448+0000] {dag.py:3508} INFO - Setting next_dagrun for example_dag_decorator to None, run_after=None
[2023-09-05T16:43:02.469+0000] {processor.py:179} INFO - Processing /home/airflow/.local/lib/python3.7/site-packages/airflow/example_dags/example_dag_decorator.py took 0.135 seconds
