[2023-09-05T16:42:00.805+0000] {processor.py:157} INFO - Started process (PID=77) to work on /home/airflow/.local/lib/python3.7/site-packages/airflow/example_dags/example_branch_operator.py
[2023-09-05T16:42:00.806+0000] {processor.py:826} INFO - Processing file /home/airflow/.local/lib/python3.7/site-packages/airflow/example_dags/example_branch_operator.py for tasks to queue
[2023-09-05T16:42:00.810+0000] {logging_mixin.py:150} INFO - [2023-09-05T16:42:00.810+0000] {dagbag.py:541} INFO - Filling up the DagBag from /home/airflow/.local/lib/python3.7/site-packages/airflow/example_dags/example_branch_operator.py
[2023-09-05T16:42:00.844+0000] {processor.py:836} INFO - DAG(s) dict_keys(['example_branch_operator']) retrieved from /home/airflow/.local/lib/python3.7/site-packages/airflow/example_dags/example_branch_operator.py
[2023-09-05T16:42:00.916+0000] {logging_mixin.py:150} INFO - [2023-09-05T16:42:00.915+0000] {dag.py:2742} INFO - Sync 1 DAGs
[2023-09-05T16:42:00.981+0000] {logging_mixin.py:150} INFO - [2023-09-05T16:42:00.980+0000] {dag.py:3508} INFO - Setting next_dagrun for example_branch_operator to 2023-09-04T00:00:00+00:00, run_after=2023-09-05T00:00:00+00:00
[2023-09-05T16:42:01.029+0000] {processor.py:179} INFO - Processing /home/airflow/.local/lib/python3.7/site-packages/airflow/example_dags/example_branch_operator.py took 0.238 seconds
[2023-09-05T16:42:31.869+0000] {processor.py:157} INFO - Started process (PID=131) to work on /home/airflow/.local/lib/python3.7/site-packages/airflow/example_dags/example_branch_operator.py
[2023-09-05T16:42:31.879+0000] {processor.py:826} INFO - Processing file /home/airflow/.local/lib/python3.7/site-packages/airflow/example_dags/example_branch_operator.py for tasks to queue
[2023-09-05T16:42:31.880+0000] {logging_mixin.py:150} INFO - [2023-09-05T16:42:31.880+0000] {dagbag.py:541} INFO - Filling up the DagBag from /home/airflow/.local/lib/python3.7/site-packages/airflow/example_dags/example_branch_operator.py
[2023-09-05T16:42:31.897+0000] {processor.py:836} INFO - DAG(s) dict_keys(['example_branch_operator']) retrieved from /home/airflow/.local/lib/python3.7/site-packages/airflow/example_dags/example_branch_operator.py
[2023-09-05T16:42:31.940+0000] {logging_mixin.py:150} INFO - [2023-09-05T16:42:31.940+0000] {dag.py:2742} INFO - Sync 1 DAGs
[2023-09-05T16:42:31.994+0000] {logging_mixin.py:150} INFO - [2023-09-05T16:42:31.994+0000] {dag.py:3508} INFO - Setting next_dagrun for example_branch_operator to 2023-09-04T00:00:00+00:00, run_after=2023-09-05T00:00:00+00:00
[2023-09-05T16:42:32.030+0000] {processor.py:179} INFO - Processing /home/airflow/.local/lib/python3.7/site-packages/airflow/example_dags/example_branch_operator.py took 0.164 seconds
[2023-09-05T16:43:02.118+0000] {processor.py:157} INFO - Started process (PID=186) to work on /home/airflow/.local/lib/python3.7/site-packages/airflow/example_dags/example_branch_operator.py
[2023-09-05T16:43:02.123+0000] {processor.py:826} INFO - Processing file /home/airflow/.local/lib/python3.7/site-packages/airflow/example_dags/example_branch_operator.py for tasks to queue
[2023-09-05T16:43:02.124+0000] {logging_mixin.py:150} INFO - [2023-09-05T16:43:02.124+0000] {dagbag.py:541} INFO - Filling up the DagBag from /home/airflow/.local/lib/python3.7/site-packages/airflow/example_dags/example_branch_operator.py
[2023-09-05T16:43:02.138+0000] {processor.py:836} INFO - DAG(s) dict_keys(['example_branch_operator']) retrieved from /home/airflow/.local/lib/python3.7/site-packages/airflow/example_dags/example_branch_operator.py
[2023-09-05T16:43:02.166+0000] {logging_mixin.py:150} INFO - [2023-09-05T16:43:02.166+0000] {dag.py:2742} INFO - Sync 1 DAGs
[2023-09-05T16:43:02.225+0000] {logging_mixin.py:150} INFO - [2023-09-05T16:43:02.224+0000] {dag.py:3508} INFO - Setting next_dagrun for example_branch_operator to 2023-09-04T00:00:00+00:00, run_after=2023-09-05T00:00:00+00:00
[2023-09-05T16:43:02.296+0000] {processor.py:179} INFO - Processing /home/airflow/.local/lib/python3.7/site-packages/airflow/example_dags/example_branch_operator.py took 0.185 seconds
