[2023-09-05T16:41:50.711+0000] {processor.py:157} INFO - Started process (PID=46) to work on /home/airflow/.local/lib/python3.7/site-packages/airflow/example_dags/example_short_circuit_decorator.py
[2023-09-05T16:41:50.712+0000] {processor.py:826} INFO - Processing file /home/airflow/.local/lib/python3.7/site-packages/airflow/example_dags/example_short_circuit_decorator.py for tasks to queue
[2023-09-05T16:41:50.724+0000] {logging_mixin.py:150} INFO - [2023-09-05T16:41:50.713+0000] {dagbag.py:541} INFO - Filling up the DagBag from /home/airflow/.local/lib/python3.7/site-packages/airflow/example_dags/example_short_circuit_decorator.py
[2023-09-05T16:41:50.860+0000] {processor.py:836} INFO - DAG(s) dict_keys(['example_short_circuit_decorator']) retrieved from /home/airflow/.local/lib/python3.7/site-packages/airflow/example_dags/example_short_circuit_decorator.py
[2023-09-05T16:41:51.180+0000] {logging_mixin.py:150} INFO - [2023-09-05T16:41:51.180+0000] {dag.py:2742} INFO - Sync 1 DAGs
[2023-09-05T16:41:52.026+0000] {logging_mixin.py:150} INFO - [2023-09-05T16:41:52.025+0000] {dag.py:3508} INFO - Setting next_dagrun for example_short_circuit_decorator to 2023-09-04T16:41:52.025140+00:00, run_after=2023-09-05T16:41:52.025140+00:00
[2023-09-05T16:41:52.148+0000] {processor.py:179} INFO - Processing /home/airflow/.local/lib/python3.7/site-packages/airflow/example_dags/example_short_circuit_decorator.py took 1.451 seconds
[2023-09-05T16:42:22.210+0000] {processor.py:157} INFO - Started process (PID=101) to work on /home/airflow/.local/lib/python3.7/site-packages/airflow/example_dags/example_short_circuit_decorator.py
[2023-09-05T16:42:22.211+0000] {processor.py:826} INFO - Processing file /home/airflow/.local/lib/python3.7/site-packages/airflow/example_dags/example_short_circuit_decorator.py for tasks to queue
[2023-09-05T16:42:22.212+0000] {logging_mixin.py:150} INFO - [2023-09-05T16:42:22.212+0000] {dagbag.py:541} INFO - Filling up the DagBag from /home/airflow/.local/lib/python3.7/site-packages/airflow/example_dags/example_short_circuit_decorator.py
[2023-09-05T16:42:22.222+0000] {processor.py:836} INFO - DAG(s) dict_keys(['example_short_circuit_decorator']) retrieved from /home/airflow/.local/lib/python3.7/site-packages/airflow/example_dags/example_short_circuit_decorator.py
[2023-09-05T16:42:22.260+0000] {logging_mixin.py:150} INFO - [2023-09-05T16:42:22.260+0000] {dag.py:2742} INFO - Sync 1 DAGs
[2023-09-05T16:42:22.288+0000] {logging_mixin.py:150} INFO - [2023-09-05T16:42:22.288+0000] {dag.py:3508} INFO - Setting next_dagrun for example_short_circuit_decorator to 2023-09-04T16:42:22.288020+00:00, run_after=2023-09-05T16:42:22.288020+00:00
[2023-09-05T16:42:22.304+0000] {processor.py:179} INFO - Processing /home/airflow/.local/lib/python3.7/site-packages/airflow/example_dags/example_short_circuit_decorator.py took 0.098 seconds
[2023-09-05T16:42:53.089+0000] {processor.py:157} INFO - Started process (PID=155) to work on /home/airflow/.local/lib/python3.7/site-packages/airflow/example_dags/example_short_circuit_decorator.py
[2023-09-05T16:42:53.111+0000] {processor.py:826} INFO - Processing file /home/airflow/.local/lib/python3.7/site-packages/airflow/example_dags/example_short_circuit_decorator.py for tasks to queue
[2023-09-05T16:42:53.113+0000] {logging_mixin.py:150} INFO - [2023-09-05T16:42:53.112+0000] {dagbag.py:541} INFO - Filling up the DagBag from /home/airflow/.local/lib/python3.7/site-packages/airflow/example_dags/example_short_circuit_decorator.py
[2023-09-05T16:42:53.145+0000] {processor.py:836} INFO - DAG(s) dict_keys(['example_short_circuit_decorator']) retrieved from /home/airflow/.local/lib/python3.7/site-packages/airflow/example_dags/example_short_circuit_decorator.py
[2023-09-05T16:42:53.205+0000] {logging_mixin.py:150} INFO - [2023-09-05T16:42:53.205+0000] {dag.py:2742} INFO - Sync 1 DAGs
[2023-09-05T16:42:53.240+0000] {logging_mixin.py:150} INFO - [2023-09-05T16:42:53.240+0000] {dag.py:3508} INFO - Setting next_dagrun for example_short_circuit_decorator to 2023-09-04T16:42:53.240339+00:00, run_after=2023-09-05T16:42:53.240339+00:00
[2023-09-05T16:42:53.272+0000] {processor.py:179} INFO - Processing /home/airflow/.local/lib/python3.7/site-packages/airflow/example_dags/example_short_circuit_decorator.py took 0.187 seconds
