[2023-09-05T16:41:58.531+0000] {processor.py:157} INFO - Started process (PID=70) to work on /home/airflow/.local/lib/python3.7/site-packages/airflow/example_dags/example_nested_branch_dag.py
[2023-09-05T16:41:58.532+0000] {processor.py:826} INFO - Processing file /home/airflow/.local/lib/python3.7/site-packages/airflow/example_dags/example_nested_branch_dag.py for tasks to queue
[2023-09-05T16:41:58.533+0000] {logging_mixin.py:150} INFO - [2023-09-05T16:41:58.532+0000] {dagbag.py:541} INFO - Filling up the DagBag from /home/airflow/.local/lib/python3.7/site-packages/airflow/example_dags/example_nested_branch_dag.py
[2023-09-05T16:41:58.546+0000] {processor.py:836} INFO - DAG(s) dict_keys(['example_nested_branch_dag']) retrieved from /home/airflow/.local/lib/python3.7/site-packages/airflow/example_dags/example_nested_branch_dag.py
[2023-09-05T16:41:59.092+0000] {logging_mixin.py:150} INFO - [2023-09-05T16:41:59.086+0000] {dag.py:2742} INFO - Sync 1 DAGs
[2023-09-05T16:41:59.227+0000] {logging_mixin.py:150} INFO - [2023-09-05T16:41:59.227+0000] {dag.py:3508} INFO - Setting next_dagrun for example_nested_branch_dag to 2023-09-04T00:00:00+00:00, run_after=2023-09-05T00:00:00+00:00
[2023-09-05T16:41:59.336+0000] {processor.py:179} INFO - Processing /home/airflow/.local/lib/python3.7/site-packages/airflow/example_dags/example_nested_branch_dag.py took 0.810 seconds
[2023-09-05T16:42:30.095+0000] {processor.py:157} INFO - Started process (PID=124) to work on /home/airflow/.local/lib/python3.7/site-packages/airflow/example_dags/example_nested_branch_dag.py
[2023-09-05T16:42:30.097+0000] {processor.py:826} INFO - Processing file /home/airflow/.local/lib/python3.7/site-packages/airflow/example_dags/example_nested_branch_dag.py for tasks to queue
[2023-09-05T16:42:30.098+0000] {logging_mixin.py:150} INFO - [2023-09-05T16:42:30.098+0000] {dagbag.py:541} INFO - Filling up the DagBag from /home/airflow/.local/lib/python3.7/site-packages/airflow/example_dags/example_nested_branch_dag.py
[2023-09-05T16:42:30.116+0000] {processor.py:836} INFO - DAG(s) dict_keys(['example_nested_branch_dag']) retrieved from /home/airflow/.local/lib/python3.7/site-packages/airflow/example_dags/example_nested_branch_dag.py
[2023-09-05T16:42:30.168+0000] {logging_mixin.py:150} INFO - [2023-09-05T16:42:30.167+0000] {dag.py:2742} INFO - Sync 1 DAGs
[2023-09-05T16:42:30.216+0000] {logging_mixin.py:150} INFO - [2023-09-05T16:42:30.216+0000] {dag.py:3508} INFO - Setting next_dagrun for example_nested_branch_dag to 2023-09-04T00:00:00+00:00, run_after=2023-09-05T00:00:00+00:00
[2023-09-05T16:42:30.252+0000] {processor.py:179} INFO - Processing /home/airflow/.local/lib/python3.7/site-packages/airflow/example_dags/example_nested_branch_dag.py took 0.168 seconds
[2023-09-05T16:43:00.383+0000] {processor.py:157} INFO - Started process (PID=179) to work on /home/airflow/.local/lib/python3.7/site-packages/airflow/example_dags/example_nested_branch_dag.py
[2023-09-05T16:43:00.385+0000] {processor.py:826} INFO - Processing file /home/airflow/.local/lib/python3.7/site-packages/airflow/example_dags/example_nested_branch_dag.py for tasks to queue
[2023-09-05T16:43:00.391+0000] {logging_mixin.py:150} INFO - [2023-09-05T16:43:00.389+0000] {dagbag.py:541} INFO - Filling up the DagBag from /home/airflow/.local/lib/python3.7/site-packages/airflow/example_dags/example_nested_branch_dag.py
[2023-09-05T16:43:00.406+0000] {processor.py:836} INFO - DAG(s) dict_keys(['example_nested_branch_dag']) retrieved from /home/airflow/.local/lib/python3.7/site-packages/airflow/example_dags/example_nested_branch_dag.py
[2023-09-05T16:43:00.425+0000] {logging_mixin.py:150} INFO - [2023-09-05T16:43:00.425+0000] {dag.py:2742} INFO - Sync 1 DAGs
[2023-09-05T16:43:00.476+0000] {logging_mixin.py:150} INFO - [2023-09-05T16:43:00.476+0000] {dag.py:3508} INFO - Setting next_dagrun for example_nested_branch_dag to 2023-09-04T00:00:00+00:00, run_after=2023-09-05T00:00:00+00:00
[2023-09-05T16:43:00.508+0000] {processor.py:179} INFO - Processing /home/airflow/.local/lib/python3.7/site-packages/airflow/example_dags/example_nested_branch_dag.py took 0.128 seconds
