[2023-09-05T16:41:59.900+0000] {processor.py:157} INFO - Started process (PID=74) to work on /home/airflow/.local/lib/python3.7/site-packages/airflow/example_dags/example_kubernetes_executor.py
[2023-09-05T16:41:59.901+0000] {processor.py:826} INFO - Processing file /home/airflow/.local/lib/python3.7/site-packages/airflow/example_dags/example_kubernetes_executor.py for tasks to queue
[2023-09-05T16:41:59.902+0000] {logging_mixin.py:150} INFO - [2023-09-05T16:41:59.902+0000] {dagbag.py:541} INFO - Filling up the DagBag from /home/airflow/.local/lib/python3.7/site-packages/airflow/example_dags/example_kubernetes_executor.py
[2023-09-05T16:42:00.644+0000] {processor.py:836} INFO - DAG(s) dict_keys(['example_kubernetes_executor']) retrieved from /home/airflow/.local/lib/python3.7/site-packages/airflow/example_dags/example_kubernetes_executor.py
[2023-09-05T16:42:00.696+0000] {logging_mixin.py:150} INFO - [2023-09-05T16:42:00.696+0000] {dag.py:2742} INFO - Sync 1 DAGs
[2023-09-05T16:42:00.719+0000] {logging_mixin.py:150} INFO - [2023-09-05T16:42:00.719+0000] {dag.py:3508} INFO - Setting next_dagrun for example_kubernetes_executor to None, run_after=None
[2023-09-05T16:42:00.748+0000] {processor.py:179} INFO - Processing /home/airflow/.local/lib/python3.7/site-packages/airflow/example_dags/example_kubernetes_executor.py took 0.851 seconds
[2023-09-05T16:42:31.458+0000] {processor.py:157} INFO - Started process (PID=128) to work on /home/airflow/.local/lib/python3.7/site-packages/airflow/example_dags/example_kubernetes_executor.py
[2023-09-05T16:42:31.464+0000] {processor.py:826} INFO - Processing file /home/airflow/.local/lib/python3.7/site-packages/airflow/example_dags/example_kubernetes_executor.py for tasks to queue
[2023-09-05T16:42:31.465+0000] {logging_mixin.py:150} INFO - [2023-09-05T16:42:31.465+0000] {dagbag.py:541} INFO - Filling up the DagBag from /home/airflow/.local/lib/python3.7/site-packages/airflow/example_dags/example_kubernetes_executor.py
[2023-09-05T16:42:31.708+0000] {processor.py:836} INFO - DAG(s) dict_keys(['example_kubernetes_executor']) retrieved from /home/airflow/.local/lib/python3.7/site-packages/airflow/example_dags/example_kubernetes_executor.py
[2023-09-05T16:42:31.778+0000] {logging_mixin.py:150} INFO - [2023-09-05T16:42:31.777+0000] {dag.py:2742} INFO - Sync 1 DAGs
[2023-09-05T16:42:31.815+0000] {logging_mixin.py:150} INFO - [2023-09-05T16:42:31.815+0000] {dag.py:3508} INFO - Setting next_dagrun for example_kubernetes_executor to None, run_after=None
[2023-09-05T16:42:31.857+0000] {processor.py:179} INFO - Processing /home/airflow/.local/lib/python3.7/site-packages/airflow/example_dags/example_kubernetes_executor.py took 0.403 seconds
[2023-09-05T16:43:01.907+0000] {processor.py:157} INFO - Started process (PID=184) to work on /home/airflow/.local/lib/python3.7/site-packages/airflow/example_dags/example_kubernetes_executor.py
[2023-09-05T16:43:01.908+0000] {processor.py:826} INFO - Processing file /home/airflow/.local/lib/python3.7/site-packages/airflow/example_dags/example_kubernetes_executor.py for tasks to queue
[2023-09-05T16:43:01.909+0000] {logging_mixin.py:150} INFO - [2023-09-05T16:43:01.909+0000] {dagbag.py:541} INFO - Filling up the DagBag from /home/airflow/.local/lib/python3.7/site-packages/airflow/example_dags/example_kubernetes_executor.py
[2023-09-05T16:43:02.338+0000] {processor.py:836} INFO - DAG(s) dict_keys(['example_kubernetes_executor']) retrieved from /home/airflow/.local/lib/python3.7/site-packages/airflow/example_dags/example_kubernetes_executor.py
[2023-09-05T16:43:02.351+0000] {logging_mixin.py:150} INFO - [2023-09-05T16:43:02.350+0000] {dag.py:2742} INFO - Sync 1 DAGs
[2023-09-05T16:43:02.397+0000] {logging_mixin.py:150} INFO - [2023-09-05T16:43:02.396+0000] {dag.py:3508} INFO - Setting next_dagrun for example_kubernetes_executor to None, run_after=None
[2023-09-05T16:43:02.422+0000] {processor.py:179} INFO - Processing /home/airflow/.local/lib/python3.7/site-packages/airflow/example_dags/example_kubernetes_executor.py took 0.525 seconds
