[2023-09-05T16:41:39.582+0000] {processor.py:157} INFO - Started process (PID=32) to work on /home/airflow/.local/lib/python3.7/site-packages/airflow/example_dags/example_local_kubernetes_executor.py
[2023-09-05T16:41:39.583+0000] {processor.py:826} INFO - Processing file /home/airflow/.local/lib/python3.7/site-packages/airflow/example_dags/example_local_kubernetes_executor.py for tasks to queue
[2023-09-05T16:41:39.584+0000] {logging_mixin.py:150} INFO - [2023-09-05T16:41:39.584+0000] {dagbag.py:541} INFO - Filling up the DagBag from /home/airflow/.local/lib/python3.7/site-packages/airflow/example_dags/example_local_kubernetes_executor.py
[2023-09-05T16:41:42.133+0000] {processor.py:836} INFO - DAG(s) dict_keys(['example_local_kubernetes_executor']) retrieved from /home/airflow/.local/lib/python3.7/site-packages/airflow/example_dags/example_local_kubernetes_executor.py
[2023-09-05T16:41:42.220+0000] {logging_mixin.py:150} INFO - [2023-09-05T16:41:42.220+0000] {dag.py:2742} INFO - Sync 1 DAGs
[2023-09-05T16:41:42.291+0000] {logging_mixin.py:150} INFO - [2023-09-05T16:41:42.291+0000] {dag.py:3508} INFO - Setting next_dagrun for example_local_kubernetes_executor to None, run_after=None
[2023-09-05T16:41:42.340+0000] {processor.py:179} INFO - Processing /home/airflow/.local/lib/python3.7/site-packages/airflow/example_dags/example_local_kubernetes_executor.py took 2.789 seconds
[2023-09-05T16:42:13.310+0000] {processor.py:157} INFO - Started process (PID=88) to work on /home/airflow/.local/lib/python3.7/site-packages/airflow/example_dags/example_local_kubernetes_executor.py
[2023-09-05T16:42:13.311+0000] {processor.py:826} INFO - Processing file /home/airflow/.local/lib/python3.7/site-packages/airflow/example_dags/example_local_kubernetes_executor.py for tasks to queue
[2023-09-05T16:42:13.312+0000] {logging_mixin.py:150} INFO - [2023-09-05T16:42:13.311+0000] {dagbag.py:541} INFO - Filling up the DagBag from /home/airflow/.local/lib/python3.7/site-packages/airflow/example_dags/example_local_kubernetes_executor.py
[2023-09-05T16:42:13.512+0000] {processor.py:836} INFO - DAG(s) dict_keys(['example_local_kubernetes_executor']) retrieved from /home/airflow/.local/lib/python3.7/site-packages/airflow/example_dags/example_local_kubernetes_executor.py
[2023-09-05T16:42:13.544+0000] {logging_mixin.py:150} INFO - [2023-09-05T16:42:13.544+0000] {dag.py:2742} INFO - Sync 1 DAGs
[2023-09-05T16:42:13.570+0000] {logging_mixin.py:150} INFO - [2023-09-05T16:42:13.570+0000] {dag.py:3508} INFO - Setting next_dagrun for example_local_kubernetes_executor to None, run_after=None
[2023-09-05T16:42:13.588+0000] {processor.py:179} INFO - Processing /home/airflow/.local/lib/python3.7/site-packages/airflow/example_dags/example_local_kubernetes_executor.py took 0.283 seconds
[2023-09-05T16:42:43.659+0000] {processor.py:157} INFO - Started process (PID=144) to work on /home/airflow/.local/lib/python3.7/site-packages/airflow/example_dags/example_local_kubernetes_executor.py
[2023-09-05T16:42:43.661+0000] {processor.py:826} INFO - Processing file /home/airflow/.local/lib/python3.7/site-packages/airflow/example_dags/example_local_kubernetes_executor.py for tasks to queue
[2023-09-05T16:42:43.673+0000] {logging_mixin.py:150} INFO - [2023-09-05T16:42:43.673+0000] {dagbag.py:541} INFO - Filling up the DagBag from /home/airflow/.local/lib/python3.7/site-packages/airflow/example_dags/example_local_kubernetes_executor.py
[2023-09-05T16:42:43.911+0000] {processor.py:836} INFO - DAG(s) dict_keys(['example_local_kubernetes_executor']) retrieved from /home/airflow/.local/lib/python3.7/site-packages/airflow/example_dags/example_local_kubernetes_executor.py
[2023-09-05T16:42:43.954+0000] {logging_mixin.py:150} INFO - [2023-09-05T16:42:43.954+0000] {dag.py:2742} INFO - Sync 1 DAGs
[2023-09-05T16:42:44.000+0000] {logging_mixin.py:150} INFO - [2023-09-05T16:42:44.000+0000] {dag.py:3508} INFO - Setting next_dagrun for example_local_kubernetes_executor to None, run_after=None
[2023-09-05T16:42:44.073+0000] {processor.py:179} INFO - Processing /home/airflow/.local/lib/python3.7/site-packages/airflow/example_dags/example_local_kubernetes_executor.py took 0.426 seconds
