[2023-09-05T16:41:53.401+0000] {processor.py:157} INFO - Started process (PID=50) to work on /home/airflow/.local/lib/python3.7/site-packages/airflow/example_dags/tutorial_taskflow_api.py
[2023-09-05T16:41:53.401+0000] {processor.py:826} INFO - Processing file /home/airflow/.local/lib/python3.7/site-packages/airflow/example_dags/tutorial_taskflow_api.py for tasks to queue
[2023-09-05T16:41:53.402+0000] {logging_mixin.py:150} INFO - [2023-09-05T16:41:53.402+0000] {dagbag.py:541} INFO - Filling up the DagBag from /home/airflow/.local/lib/python3.7/site-packages/airflow/example_dags/tutorial_taskflow_api.py
[2023-09-05T16:41:53.415+0000] {processor.py:836} INFO - DAG(s) dict_keys(['tutorial_taskflow_api']) retrieved from /home/airflow/.local/lib/python3.7/site-packages/airflow/example_dags/tutorial_taskflow_api.py
[2023-09-05T16:41:53.640+0000] {logging_mixin.py:150} INFO - [2023-09-05T16:41:53.640+0000] {dag.py:2742} INFO - Sync 1 DAGs
[2023-09-05T16:41:53.671+0000] {logging_mixin.py:150} INFO - [2023-09-05T16:41:53.671+0000] {dag.py:3508} INFO - Setting next_dagrun for tutorial_taskflow_api to None, run_after=None
[2023-09-05T16:41:53.709+0000] {processor.py:179} INFO - Processing /home/airflow/.local/lib/python3.7/site-packages/airflow/example_dags/tutorial_taskflow_api.py took 0.312 seconds
[2023-09-05T16:42:24.368+0000] {processor.py:157} INFO - Started process (PID=105) to work on /home/airflow/.local/lib/python3.7/site-packages/airflow/example_dags/tutorial_taskflow_api.py
[2023-09-05T16:42:24.369+0000] {processor.py:826} INFO - Processing file /home/airflow/.local/lib/python3.7/site-packages/airflow/example_dags/tutorial_taskflow_api.py for tasks to queue
[2023-09-05T16:42:24.370+0000] {logging_mixin.py:150} INFO - [2023-09-05T16:42:24.370+0000] {dagbag.py:541} INFO - Filling up the DagBag from /home/airflow/.local/lib/python3.7/site-packages/airflow/example_dags/tutorial_taskflow_api.py
[2023-09-05T16:42:24.378+0000] {processor.py:836} INFO - DAG(s) dict_keys(['tutorial_taskflow_api']) retrieved from /home/airflow/.local/lib/python3.7/site-packages/airflow/example_dags/tutorial_taskflow_api.py
[2023-09-05T16:42:24.409+0000] {logging_mixin.py:150} INFO - [2023-09-05T16:42:24.409+0000] {dag.py:2742} INFO - Sync 1 DAGs
[2023-09-05T16:42:24.449+0000] {logging_mixin.py:150} INFO - [2023-09-05T16:42:24.449+0000] {dag.py:3508} INFO - Setting next_dagrun for tutorial_taskflow_api to None, run_after=None
[2023-09-05T16:42:24.478+0000] {processor.py:179} INFO - Processing /home/airflow/.local/lib/python3.7/site-packages/airflow/example_dags/tutorial_taskflow_api.py took 0.114 seconds
[2023-09-05T16:42:54.636+0000] {processor.py:157} INFO - Started process (PID=159) to work on /home/airflow/.local/lib/python3.7/site-packages/airflow/example_dags/tutorial_taskflow_api.py
[2023-09-05T16:42:54.637+0000] {processor.py:826} INFO - Processing file /home/airflow/.local/lib/python3.7/site-packages/airflow/example_dags/tutorial_taskflow_api.py for tasks to queue
[2023-09-05T16:42:54.638+0000] {logging_mixin.py:150} INFO - [2023-09-05T16:42:54.638+0000] {dagbag.py:541} INFO - Filling up the DagBag from /home/airflow/.local/lib/python3.7/site-packages/airflow/example_dags/tutorial_taskflow_api.py
[2023-09-05T16:42:54.645+0000] {processor.py:836} INFO - DAG(s) dict_keys(['tutorial_taskflow_api']) retrieved from /home/airflow/.local/lib/python3.7/site-packages/airflow/example_dags/tutorial_taskflow_api.py
[2023-09-05T16:42:54.659+0000] {logging_mixin.py:150} INFO - [2023-09-05T16:42:54.659+0000] {dag.py:2742} INFO - Sync 1 DAGs
[2023-09-05T16:42:54.695+0000] {logging_mixin.py:150} INFO - [2023-09-05T16:42:54.695+0000] {dag.py:3508} INFO - Setting next_dagrun for tutorial_taskflow_api to None, run_after=None
[2023-09-05T16:42:54.719+0000] {processor.py:179} INFO - Processing /home/airflow/.local/lib/python3.7/site-packages/airflow/example_dags/tutorial_taskflow_api.py took 0.088 seconds
