[2023-09-05T16:41:46.506+0000] {processor.py:157} INFO - Started process (PID=41) to work on /home/airflow/.local/lib/python3.7/site-packages/airflow/example_dags/tutorial.py
[2023-09-05T16:41:46.520+0000] {processor.py:826} INFO - Processing file /home/airflow/.local/lib/python3.7/site-packages/airflow/example_dags/tutorial.py for tasks to queue
[2023-09-05T16:41:46.527+0000] {logging_mixin.py:150} INFO - [2023-09-05T16:41:46.526+0000] {dagbag.py:541} INFO - Filling up the DagBag from /home/airflow/.local/lib/python3.7/site-packages/airflow/example_dags/tutorial.py
[2023-09-05T16:41:46.574+0000] {processor.py:836} INFO - DAG(s) dict_keys(['tutorial']) retrieved from /home/airflow/.local/lib/python3.7/site-packages/airflow/example_dags/tutorial.py
[2023-09-05T16:41:46.864+0000] {logging_mixin.py:150} INFO - [2023-09-05T16:41:46.863+0000] {dag.py:2742} INFO - Sync 1 DAGs
[2023-09-05T16:41:47.709+0000] {logging_mixin.py:150} INFO - [2023-09-05T16:41:47.709+0000] {dag.py:3508} INFO - Setting next_dagrun for tutorial to 2023-09-04T16:41:47.708768+00:00, run_after=2023-09-05T16:41:47.708768+00:00
[2023-09-05T16:41:47.870+0000] {processor.py:179} INFO - Processing /home/airflow/.local/lib/python3.7/site-packages/airflow/example_dags/tutorial.py took 1.388 seconds
[2023-09-05T16:42:18.870+0000] {processor.py:157} INFO - Started process (PID=96) to work on /home/airflow/.local/lib/python3.7/site-packages/airflow/example_dags/tutorial.py
[2023-09-05T16:42:18.871+0000] {processor.py:826} INFO - Processing file /home/airflow/.local/lib/python3.7/site-packages/airflow/example_dags/tutorial.py for tasks to queue
[2023-09-05T16:42:18.872+0000] {logging_mixin.py:150} INFO - [2023-09-05T16:42:18.872+0000] {dagbag.py:541} INFO - Filling up the DagBag from /home/airflow/.local/lib/python3.7/site-packages/airflow/example_dags/tutorial.py
[2023-09-05T16:42:18.878+0000] {processor.py:836} INFO - DAG(s) dict_keys(['tutorial']) retrieved from /home/airflow/.local/lib/python3.7/site-packages/airflow/example_dags/tutorial.py
[2023-09-05T16:42:18.906+0000] {logging_mixin.py:150} INFO - [2023-09-05T16:42:18.906+0000] {dag.py:2742} INFO - Sync 1 DAGs
[2023-09-05T16:42:18.931+0000] {logging_mixin.py:150} INFO - [2023-09-05T16:42:18.931+0000] {dag.py:3508} INFO - Setting next_dagrun for tutorial to 2023-09-04T16:42:18.930972+00:00, run_after=2023-09-05T16:42:18.930972+00:00
[2023-09-05T16:42:18.960+0000] {processor.py:179} INFO - Processing /home/airflow/.local/lib/python3.7/site-packages/airflow/example_dags/tutorial.py took 0.093 seconds
[2023-09-05T16:42:49.758+0000] {processor.py:157} INFO - Started process (PID=150) to work on /home/airflow/.local/lib/python3.7/site-packages/airflow/example_dags/tutorial.py
[2023-09-05T16:42:49.761+0000] {processor.py:826} INFO - Processing file /home/airflow/.local/lib/python3.7/site-packages/airflow/example_dags/tutorial.py for tasks to queue
[2023-09-05T16:42:49.764+0000] {logging_mixin.py:150} INFO - [2023-09-05T16:42:49.763+0000] {dagbag.py:541} INFO - Filling up the DagBag from /home/airflow/.local/lib/python3.7/site-packages/airflow/example_dags/tutorial.py
[2023-09-05T16:42:49.793+0000] {processor.py:836} INFO - DAG(s) dict_keys(['tutorial']) retrieved from /home/airflow/.local/lib/python3.7/site-packages/airflow/example_dags/tutorial.py
[2023-09-05T16:42:49.837+0000] {logging_mixin.py:150} INFO - [2023-09-05T16:42:49.836+0000] {dag.py:2742} INFO - Sync 1 DAGs
[2023-09-05T16:42:49.885+0000] {logging_mixin.py:150} INFO - [2023-09-05T16:42:49.884+0000] {dag.py:3508} INFO - Setting next_dagrun for tutorial to 2023-09-04T16:42:49.884458+00:00, run_after=2023-09-05T16:42:49.884458+00:00
[2023-09-05T16:42:49.904+0000] {processor.py:179} INFO - Processing /home/airflow/.local/lib/python3.7/site-packages/airflow/example_dags/tutorial.py took 0.150 seconds
