[2023-09-01T19:31:56.065+0000] {processor.py:157} INFO - Started process (PID=64) to work on /home/airflow/.local/lib/python3.7/site-packages/airflow/example_dags/example_task_group_decorator.py
[2023-09-01T19:31:56.066+0000] {processor.py:826} INFO - Processing file /home/airflow/.local/lib/python3.7/site-packages/airflow/example_dags/example_task_group_decorator.py for tasks to queue
[2023-09-01T19:31:56.067+0000] {logging_mixin.py:150} INFO - [2023-09-01T19:31:56.067+0000] {dagbag.py:541} INFO - Filling up the DagBag from /home/airflow/.local/lib/python3.7/site-packages/airflow/example_dags/example_task_group_decorator.py
[2023-09-01T19:31:56.414+0000] {processor.py:836} INFO - DAG(s) dict_keys(['example_task_group_decorator']) retrieved from /home/airflow/.local/lib/python3.7/site-packages/airflow/example_dags/example_task_group_decorator.py
[2023-09-01T19:31:56.541+0000] {logging_mixin.py:150} INFO - [2023-09-01T19:31:56.541+0000] {dag.py:2742} INFO - Sync 1 DAGs
[2023-09-01T19:31:56.608+0000] {logging_mixin.py:150} INFO - [2023-09-01T19:31:56.608+0000] {dag.py:3508} INFO - Setting next_dagrun for example_task_group_decorator to 2023-08-31T19:31:56.608100+00:00, run_after=2023-09-01T19:31:56.608100+00:00
[2023-09-01T19:31:56.633+0000] {processor.py:179} INFO - Processing /home/airflow/.local/lib/python3.7/site-packages/airflow/example_dags/example_task_group_decorator.py took 0.578 seconds
[2023-09-01T19:32:27.107+0000] {processor.py:157} INFO - Started process (PID=120) to work on /home/airflow/.local/lib/python3.7/site-packages/airflow/example_dags/example_task_group_decorator.py
[2023-09-01T19:32:27.108+0000] {processor.py:826} INFO - Processing file /home/airflow/.local/lib/python3.7/site-packages/airflow/example_dags/example_task_group_decorator.py for tasks to queue
[2023-09-01T19:32:27.109+0000] {logging_mixin.py:150} INFO - [2023-09-01T19:32:27.109+0000] {dagbag.py:541} INFO - Filling up the DagBag from /home/airflow/.local/lib/python3.7/site-packages/airflow/example_dags/example_task_group_decorator.py
[2023-09-01T19:32:27.123+0000] {processor.py:836} INFO - DAG(s) dict_keys(['example_task_group_decorator']) retrieved from /home/airflow/.local/lib/python3.7/site-packages/airflow/example_dags/example_task_group_decorator.py
[2023-09-01T19:32:27.146+0000] {logging_mixin.py:150} INFO - [2023-09-01T19:32:27.146+0000] {dag.py:2742} INFO - Sync 1 DAGs
[2023-09-01T19:32:27.167+0000] {logging_mixin.py:150} INFO - [2023-09-01T19:32:27.167+0000] {dag.py:3508} INFO - Setting next_dagrun for example_task_group_decorator to 2023-08-31T19:32:27.167092+00:00, run_after=2023-09-01T19:32:27.167092+00:00
[2023-09-01T19:32:27.182+0000] {processor.py:179} INFO - Processing /home/airflow/.local/lib/python3.7/site-packages/airflow/example_dags/example_task_group_decorator.py took 0.078 seconds
[2023-09-01T19:32:57.997+0000] {processor.py:157} INFO - Started process (PID=175) to work on /home/airflow/.local/lib/python3.7/site-packages/airflow/example_dags/example_task_group_decorator.py
[2023-09-01T19:32:57.998+0000] {processor.py:826} INFO - Processing file /home/airflow/.local/lib/python3.7/site-packages/airflow/example_dags/example_task_group_decorator.py for tasks to queue
[2023-09-01T19:32:57.999+0000] {logging_mixin.py:150} INFO - [2023-09-01T19:32:57.999+0000] {dagbag.py:541} INFO - Filling up the DagBag from /home/airflow/.local/lib/python3.7/site-packages/airflow/example_dags/example_task_group_decorator.py
[2023-09-01T19:32:58.012+0000] {processor.py:836} INFO - DAG(s) dict_keys(['example_task_group_decorator']) retrieved from /home/airflow/.local/lib/python3.7/site-packages/airflow/example_dags/example_task_group_decorator.py
[2023-09-01T19:32:58.035+0000] {logging_mixin.py:150} INFO - [2023-09-01T19:32:58.035+0000] {dag.py:2742} INFO - Sync 1 DAGs
[2023-09-01T19:32:58.056+0000] {logging_mixin.py:150} INFO - [2023-09-01T19:32:58.055+0000] {dag.py:3508} INFO - Setting next_dagrun for example_task_group_decorator to 2023-08-31T19:32:58.055788+00:00, run_after=2023-09-01T19:32:58.055788+00:00
[2023-09-01T19:32:58.073+0000] {processor.py:179} INFO - Processing /home/airflow/.local/lib/python3.7/site-packages/airflow/example_dags/example_task_group_decorator.py took 0.079 seconds
[2023-09-01T19:33:28.387+0000] {processor.py:157} INFO - Started process (PID=230) to work on /home/airflow/.local/lib/python3.7/site-packages/airflow/example_dags/example_task_group_decorator.py
[2023-09-01T19:33:28.388+0000] {processor.py:826} INFO - Processing file /home/airflow/.local/lib/python3.7/site-packages/airflow/example_dags/example_task_group_decorator.py for tasks to queue
[2023-09-01T19:33:28.388+0000] {logging_mixin.py:150} INFO - [2023-09-01T19:33:28.388+0000] {dagbag.py:541} INFO - Filling up the DagBag from /home/airflow/.local/lib/python3.7/site-packages/airflow/example_dags/example_task_group_decorator.py
[2023-09-01T19:33:28.401+0000] {processor.py:836} INFO - DAG(s) dict_keys(['example_task_group_decorator']) retrieved from /home/airflow/.local/lib/python3.7/site-packages/airflow/example_dags/example_task_group_decorator.py
[2023-09-01T19:33:28.423+0000] {logging_mixin.py:150} INFO - [2023-09-01T19:33:28.423+0000] {dag.py:2742} INFO - Sync 1 DAGs
[2023-09-01T19:33:28.443+0000] {logging_mixin.py:150} INFO - [2023-09-01T19:33:28.443+0000] {dag.py:3508} INFO - Setting next_dagrun for example_task_group_decorator to 2023-08-31T19:33:28.443017+00:00, run_after=2023-09-01T19:33:28.443017+00:00
[2023-09-01T19:33:28.458+0000] {processor.py:179} INFO - Processing /home/airflow/.local/lib/python3.7/site-packages/airflow/example_dags/example_task_group_decorator.py took 0.074 seconds
[2023-09-01T19:33:58.824+0000] {processor.py:157} INFO - Started process (PID=292) to work on /home/airflow/.local/lib/python3.7/site-packages/airflow/example_dags/example_task_group_decorator.py
[2023-09-01T19:33:58.825+0000] {processor.py:826} INFO - Processing file /home/airflow/.local/lib/python3.7/site-packages/airflow/example_dags/example_task_group_decorator.py for tasks to queue
[2023-09-01T19:33:58.826+0000] {logging_mixin.py:150} INFO - [2023-09-01T19:33:58.826+0000] {dagbag.py:541} INFO - Filling up the DagBag from /home/airflow/.local/lib/python3.7/site-packages/airflow/example_dags/example_task_group_decorator.py
[2023-09-01T19:33:58.842+0000] {processor.py:836} INFO - DAG(s) dict_keys(['example_task_group_decorator']) retrieved from /home/airflow/.local/lib/python3.7/site-packages/airflow/example_dags/example_task_group_decorator.py
[2023-09-01T19:33:58.868+0000] {logging_mixin.py:150} INFO - [2023-09-01T19:33:58.868+0000] {dag.py:2742} INFO - Sync 1 DAGs
[2023-09-01T19:33:58.890+0000] {logging_mixin.py:150} INFO - [2023-09-01T19:33:58.890+0000] {dag.py:3508} INFO - Setting next_dagrun for example_task_group_decorator to 2023-08-31T19:33:58.890073+00:00, run_after=2023-09-01T19:33:58.890073+00:00
[2023-09-01T19:33:58.906+0000] {processor.py:179} INFO - Processing /home/airflow/.local/lib/python3.7/site-packages/airflow/example_dags/example_task_group_decorator.py took 0.085 seconds
[2023-09-01T19:34:29.153+0000] {processor.py:157} INFO - Started process (PID=347) to work on /home/airflow/.local/lib/python3.7/site-packages/airflow/example_dags/example_task_group_decorator.py
[2023-09-01T19:34:29.154+0000] {processor.py:826} INFO - Processing file /home/airflow/.local/lib/python3.7/site-packages/airflow/example_dags/example_task_group_decorator.py for tasks to queue
[2023-09-01T19:34:29.154+0000] {logging_mixin.py:150} INFO - [2023-09-01T19:34:29.154+0000] {dagbag.py:541} INFO - Filling up the DagBag from /home/airflow/.local/lib/python3.7/site-packages/airflow/example_dags/example_task_group_decorator.py
[2023-09-01T19:34:29.166+0000] {processor.py:836} INFO - DAG(s) dict_keys(['example_task_group_decorator']) retrieved from /home/airflow/.local/lib/python3.7/site-packages/airflow/example_dags/example_task_group_decorator.py
[2023-09-01T19:34:29.188+0000] {logging_mixin.py:150} INFO - [2023-09-01T19:34:29.188+0000] {dag.py:2742} INFO - Sync 1 DAGs
[2023-09-01T19:34:29.210+0000] {logging_mixin.py:150} INFO - [2023-09-01T19:34:29.209+0000] {dag.py:3508} INFO - Setting next_dagrun for example_task_group_decorator to 2023-08-31T19:34:29.209677+00:00, run_after=2023-09-01T19:34:29.209677+00:00
[2023-09-01T19:34:29.225+0000] {processor.py:179} INFO - Processing /home/airflow/.local/lib/python3.7/site-packages/airflow/example_dags/example_task_group_decorator.py took 0.075 seconds
[2023-09-01T19:34:59.415+0000] {processor.py:157} INFO - Started process (PID=402) to work on /home/airflow/.local/lib/python3.7/site-packages/airflow/example_dags/example_task_group_decorator.py
[2023-09-01T19:34:59.416+0000] {processor.py:826} INFO - Processing file /home/airflow/.local/lib/python3.7/site-packages/airflow/example_dags/example_task_group_decorator.py for tasks to queue
[2023-09-01T19:34:59.417+0000] {logging_mixin.py:150} INFO - [2023-09-01T19:34:59.417+0000] {dagbag.py:541} INFO - Filling up the DagBag from /home/airflow/.local/lib/python3.7/site-packages/airflow/example_dags/example_task_group_decorator.py
[2023-09-01T19:34:59.429+0000] {processor.py:836} INFO - DAG(s) dict_keys(['example_task_group_decorator']) retrieved from /home/airflow/.local/lib/python3.7/site-packages/airflow/example_dags/example_task_group_decorator.py
[2023-09-01T19:34:59.450+0000] {logging_mixin.py:150} INFO - [2023-09-01T19:34:59.450+0000] {dag.py:2742} INFO - Sync 1 DAGs
[2023-09-01T19:34:59.471+0000] {logging_mixin.py:150} INFO - [2023-09-01T19:34:59.471+0000] {dag.py:3508} INFO - Setting next_dagrun for example_task_group_decorator to 2023-08-31T19:34:59.470839+00:00, run_after=2023-09-01T19:34:59.470839+00:00
[2023-09-01T19:34:59.489+0000] {processor.py:179} INFO - Processing /home/airflow/.local/lib/python3.7/site-packages/airflow/example_dags/example_task_group_decorator.py took 0.077 seconds
[2023-09-01T19:35:29.681+0000] {processor.py:157} INFO - Started process (PID=457) to work on /home/airflow/.local/lib/python3.7/site-packages/airflow/example_dags/example_task_group_decorator.py
[2023-09-01T19:35:29.681+0000] {processor.py:826} INFO - Processing file /home/airflow/.local/lib/python3.7/site-packages/airflow/example_dags/example_task_group_decorator.py for tasks to queue
[2023-09-01T19:35:29.682+0000] {logging_mixin.py:150} INFO - [2023-09-01T19:35:29.682+0000] {dagbag.py:541} INFO - Filling up the DagBag from /home/airflow/.local/lib/python3.7/site-packages/airflow/example_dags/example_task_group_decorator.py
[2023-09-01T19:35:29.694+0000] {processor.py:836} INFO - DAG(s) dict_keys(['example_task_group_decorator']) retrieved from /home/airflow/.local/lib/python3.7/site-packages/airflow/example_dags/example_task_group_decorator.py
[2023-09-01T19:35:29.717+0000] {logging_mixin.py:150} INFO - [2023-09-01T19:35:29.717+0000] {dag.py:2742} INFO - Sync 1 DAGs
[2023-09-01T19:35:29.736+0000] {logging_mixin.py:150} INFO - [2023-09-01T19:35:29.736+0000] {dag.py:3508} INFO - Setting next_dagrun for example_task_group_decorator to 2023-08-31T19:35:29.736182+00:00, run_after=2023-09-01T19:35:29.736182+00:00
[2023-09-01T19:35:29.752+0000] {processor.py:179} INFO - Processing /home/airflow/.local/lib/python3.7/site-packages/airflow/example_dags/example_task_group_decorator.py took 0.074 seconds
[2023-09-01T19:36:02.228+0000] {processor.py:157} INFO - Started process (PID=512) to work on /home/airflow/.local/lib/python3.7/site-packages/airflow/example_dags/example_task_group_decorator.py
[2023-09-01T19:36:02.231+0000] {processor.py:826} INFO - Processing file /home/airflow/.local/lib/python3.7/site-packages/airflow/example_dags/example_task_group_decorator.py for tasks to queue
[2023-09-01T19:36:02.232+0000] {logging_mixin.py:150} INFO - [2023-09-01T19:36:02.232+0000] {dagbag.py:541} INFO - Filling up the DagBag from /home/airflow/.local/lib/python3.7/site-packages/airflow/example_dags/example_task_group_decorator.py
[2023-09-01T19:36:02.253+0000] {processor.py:836} INFO - DAG(s) dict_keys(['example_task_group_decorator']) retrieved from /home/airflow/.local/lib/python3.7/site-packages/airflow/example_dags/example_task_group_decorator.py
[2023-09-01T19:36:02.346+0000] {logging_mixin.py:150} INFO - [2023-09-01T19:36:02.346+0000] {dag.py:2742} INFO - Sync 1 DAGs
[2023-09-01T19:36:02.385+0000] {logging_mixin.py:150} INFO - [2023-09-01T19:36:02.385+0000] {dag.py:3508} INFO - Setting next_dagrun for example_task_group_decorator to 2023-08-31T19:36:02.385591+00:00, run_after=2023-09-01T19:36:02.385591+00:00
[2023-09-01T19:36:02.446+0000] {processor.py:179} INFO - Processing /home/airflow/.local/lib/python3.7/site-packages/airflow/example_dags/example_task_group_decorator.py took 0.222 seconds
[2023-09-01T19:36:32.723+0000] {processor.py:157} INFO - Started process (PID=567) to work on /home/airflow/.local/lib/python3.7/site-packages/airflow/example_dags/example_task_group_decorator.py
[2023-09-01T19:36:32.724+0000] {processor.py:826} INFO - Processing file /home/airflow/.local/lib/python3.7/site-packages/airflow/example_dags/example_task_group_decorator.py for tasks to queue
[2023-09-01T19:36:32.724+0000] {logging_mixin.py:150} INFO - [2023-09-01T19:36:32.724+0000] {dagbag.py:541} INFO - Filling up the DagBag from /home/airflow/.local/lib/python3.7/site-packages/airflow/example_dags/example_task_group_decorator.py
[2023-09-01T19:36:32.736+0000] {processor.py:836} INFO - DAG(s) dict_keys(['example_task_group_decorator']) retrieved from /home/airflow/.local/lib/python3.7/site-packages/airflow/example_dags/example_task_group_decorator.py
[2023-09-01T19:36:32.761+0000] {logging_mixin.py:150} INFO - [2023-09-01T19:36:32.761+0000] {dag.py:2742} INFO - Sync 1 DAGs
[2023-09-01T19:36:32.782+0000] {logging_mixin.py:150} INFO - [2023-09-01T19:36:32.782+0000] {dag.py:3508} INFO - Setting next_dagrun for example_task_group_decorator to 2023-08-31T19:36:32.782552+00:00, run_after=2023-09-01T19:36:32.782552+00:00
[2023-09-01T19:36:32.799+0000] {processor.py:179} INFO - Processing /home/airflow/.local/lib/python3.7/site-packages/airflow/example_dags/example_task_group_decorator.py took 0.079 seconds
[2023-09-01T19:37:03.995+0000] {processor.py:157} INFO - Started process (PID=622) to work on /home/airflow/.local/lib/python3.7/site-packages/airflow/example_dags/example_task_group_decorator.py
[2023-09-01T19:37:04.002+0000] {processor.py:826} INFO - Processing file /home/airflow/.local/lib/python3.7/site-packages/airflow/example_dags/example_task_group_decorator.py for tasks to queue
[2023-09-01T19:37:04.003+0000] {logging_mixin.py:150} INFO - [2023-09-01T19:37:04.003+0000] {dagbag.py:541} INFO - Filling up the DagBag from /home/airflow/.local/lib/python3.7/site-packages/airflow/example_dags/example_task_group_decorator.py
[2023-09-01T19:37:04.041+0000] {processor.py:836} INFO - DAG(s) dict_keys(['example_task_group_decorator']) retrieved from /home/airflow/.local/lib/python3.7/site-packages/airflow/example_dags/example_task_group_decorator.py
[2023-09-01T19:37:04.145+0000] {logging_mixin.py:150} INFO - [2023-09-01T19:37:04.144+0000] {dag.py:2742} INFO - Sync 1 DAGs
[2023-09-01T19:37:04.238+0000] {logging_mixin.py:150} INFO - [2023-09-01T19:37:04.238+0000] {dag.py:3508} INFO - Setting next_dagrun for example_task_group_decorator to 2023-08-31T19:37:04.237646+00:00, run_after=2023-09-01T19:37:04.237646+00:00
[2023-09-01T19:37:04.274+0000] {processor.py:179} INFO - Processing /home/airflow/.local/lib/python3.7/site-packages/airflow/example_dags/example_task_group_decorator.py took 0.287 seconds
[2023-09-01T19:37:34.655+0000] {processor.py:157} INFO - Started process (PID=677) to work on /home/airflow/.local/lib/python3.7/site-packages/airflow/example_dags/example_task_group_decorator.py
[2023-09-01T19:37:34.656+0000] {processor.py:826} INFO - Processing file /home/airflow/.local/lib/python3.7/site-packages/airflow/example_dags/example_task_group_decorator.py for tasks to queue
[2023-09-01T19:37:34.657+0000] {logging_mixin.py:150} INFO - [2023-09-01T19:37:34.657+0000] {dagbag.py:541} INFO - Filling up the DagBag from /home/airflow/.local/lib/python3.7/site-packages/airflow/example_dags/example_task_group_decorator.py
[2023-09-01T19:37:34.672+0000] {processor.py:836} INFO - DAG(s) dict_keys(['example_task_group_decorator']) retrieved from /home/airflow/.local/lib/python3.7/site-packages/airflow/example_dags/example_task_group_decorator.py
[2023-09-01T19:37:34.702+0000] {logging_mixin.py:150} INFO - [2023-09-01T19:37:34.701+0000] {dag.py:2742} INFO - Sync 1 DAGs
[2023-09-01T19:37:34.726+0000] {logging_mixin.py:150} INFO - [2023-09-01T19:37:34.725+0000] {dag.py:3508} INFO - Setting next_dagrun for example_task_group_decorator to 2023-08-31T19:37:34.725623+00:00, run_after=2023-09-01T19:37:34.725623+00:00
[2023-09-01T19:37:34.742+0000] {processor.py:179} INFO - Processing /home/airflow/.local/lib/python3.7/site-packages/airflow/example_dags/example_task_group_decorator.py took 0.091 seconds
[2023-09-01T19:38:05.134+0000] {processor.py:157} INFO - Started process (PID=732) to work on /home/airflow/.local/lib/python3.7/site-packages/airflow/example_dags/example_task_group_decorator.py
[2023-09-01T19:38:05.137+0000] {processor.py:826} INFO - Processing file /home/airflow/.local/lib/python3.7/site-packages/airflow/example_dags/example_task_group_decorator.py for tasks to queue
[2023-09-01T19:38:05.139+0000] {logging_mixin.py:150} INFO - [2023-09-01T19:38:05.138+0000] {dagbag.py:541} INFO - Filling up the DagBag from /home/airflow/.local/lib/python3.7/site-packages/airflow/example_dags/example_task_group_decorator.py
[2023-09-01T19:38:05.170+0000] {processor.py:836} INFO - DAG(s) dict_keys(['example_task_group_decorator']) retrieved from /home/airflow/.local/lib/python3.7/site-packages/airflow/example_dags/example_task_group_decorator.py
[2023-09-01T19:38:05.263+0000] {logging_mixin.py:150} INFO - [2023-09-01T19:38:05.263+0000] {dag.py:2742} INFO - Sync 1 DAGs
[2023-09-01T19:38:05.328+0000] {logging_mixin.py:150} INFO - [2023-09-01T19:38:05.328+0000] {dag.py:3508} INFO - Setting next_dagrun for example_task_group_decorator to 2023-08-31T19:38:05.327938+00:00, run_after=2023-09-01T19:38:05.327938+00:00
[2023-09-01T19:38:05.411+0000] {processor.py:179} INFO - Processing /home/airflow/.local/lib/python3.7/site-packages/airflow/example_dags/example_task_group_decorator.py took 0.284 seconds
[2023-09-01T19:38:35.596+0000] {processor.py:157} INFO - Started process (PID=787) to work on /home/airflow/.local/lib/python3.7/site-packages/airflow/example_dags/example_task_group_decorator.py
[2023-09-01T19:38:35.597+0000] {processor.py:826} INFO - Processing file /home/airflow/.local/lib/python3.7/site-packages/airflow/example_dags/example_task_group_decorator.py for tasks to queue
[2023-09-01T19:38:35.598+0000] {logging_mixin.py:150} INFO - [2023-09-01T19:38:35.598+0000] {dagbag.py:541} INFO - Filling up the DagBag from /home/airflow/.local/lib/python3.7/site-packages/airflow/example_dags/example_task_group_decorator.py
[2023-09-01T19:38:35.617+0000] {processor.py:836} INFO - DAG(s) dict_keys(['example_task_group_decorator']) retrieved from /home/airflow/.local/lib/python3.7/site-packages/airflow/example_dags/example_task_group_decorator.py
[2023-09-01T19:38:35.641+0000] {logging_mixin.py:150} INFO - [2023-09-01T19:38:35.641+0000] {dag.py:2742} INFO - Sync 1 DAGs
[2023-09-01T19:38:35.664+0000] {logging_mixin.py:150} INFO - [2023-09-01T19:38:35.664+0000] {dag.py:3508} INFO - Setting next_dagrun for example_task_group_decorator to 2023-08-31T19:38:35.664058+00:00, run_after=2023-09-01T19:38:35.664058+00:00
[2023-09-01T19:38:35.682+0000] {processor.py:179} INFO - Processing /home/airflow/.local/lib/python3.7/site-packages/airflow/example_dags/example_task_group_decorator.py took 0.089 seconds
[2023-09-01T19:39:06.146+0000] {processor.py:157} INFO - Started process (PID=841) to work on /home/airflow/.local/lib/python3.7/site-packages/airflow/example_dags/example_task_group_decorator.py
[2023-09-01T19:39:06.147+0000] {processor.py:826} INFO - Processing file /home/airflow/.local/lib/python3.7/site-packages/airflow/example_dags/example_task_group_decorator.py for tasks to queue
[2023-09-01T19:39:06.148+0000] {logging_mixin.py:150} INFO - [2023-09-01T19:39:06.148+0000] {dagbag.py:541} INFO - Filling up the DagBag from /home/airflow/.local/lib/python3.7/site-packages/airflow/example_dags/example_task_group_decorator.py
[2023-09-01T19:39:06.170+0000] {processor.py:836} INFO - DAG(s) dict_keys(['example_task_group_decorator']) retrieved from /home/airflow/.local/lib/python3.7/site-packages/airflow/example_dags/example_task_group_decorator.py
[2023-09-01T19:39:06.224+0000] {logging_mixin.py:150} INFO - [2023-09-01T19:39:06.224+0000] {dag.py:2742} INFO - Sync 1 DAGs
[2023-09-01T19:39:06.264+0000] {logging_mixin.py:150} INFO - [2023-09-01T19:39:06.263+0000] {dag.py:3508} INFO - Setting next_dagrun for example_task_group_decorator to 2023-08-31T19:39:06.263651+00:00, run_after=2023-09-01T19:39:06.263651+00:00
[2023-09-01T19:39:06.311+0000] {processor.py:179} INFO - Processing /home/airflow/.local/lib/python3.7/site-packages/airflow/example_dags/example_task_group_decorator.py took 0.177 seconds
[2023-09-01T19:39:37.239+0000] {processor.py:157} INFO - Started process (PID=896) to work on /home/airflow/.local/lib/python3.7/site-packages/airflow/example_dags/example_task_group_decorator.py
[2023-09-01T19:39:37.247+0000] {processor.py:826} INFO - Processing file /home/airflow/.local/lib/python3.7/site-packages/airflow/example_dags/example_task_group_decorator.py for tasks to queue
[2023-09-01T19:39:37.248+0000] {logging_mixin.py:150} INFO - [2023-09-01T19:39:37.248+0000] {dagbag.py:541} INFO - Filling up the DagBag from /home/airflow/.local/lib/python3.7/site-packages/airflow/example_dags/example_task_group_decorator.py
[2023-09-01T19:39:37.291+0000] {processor.py:836} INFO - DAG(s) dict_keys(['example_task_group_decorator']) retrieved from /home/airflow/.local/lib/python3.7/site-packages/airflow/example_dags/example_task_group_decorator.py
[2023-09-01T19:39:37.366+0000] {logging_mixin.py:150} INFO - [2023-09-01T19:39:37.366+0000] {dag.py:2742} INFO - Sync 1 DAGs
[2023-09-01T19:39:37.418+0000] {logging_mixin.py:150} INFO - [2023-09-01T19:39:37.418+0000] {dag.py:3508} INFO - Setting next_dagrun for example_task_group_decorator to 2023-08-31T19:39:37.418216+00:00, run_after=2023-09-01T19:39:37.418216+00:00
[2023-09-01T19:39:37.467+0000] {processor.py:179} INFO - Processing /home/airflow/.local/lib/python3.7/site-packages/airflow/example_dags/example_task_group_decorator.py took 0.244 seconds
[2023-09-01T19:40:07.680+0000] {processor.py:157} INFO - Started process (PID=952) to work on /home/airflow/.local/lib/python3.7/site-packages/airflow/example_dags/example_task_group_decorator.py
[2023-09-01T19:40:07.681+0000] {processor.py:826} INFO - Processing file /home/airflow/.local/lib/python3.7/site-packages/airflow/example_dags/example_task_group_decorator.py for tasks to queue
[2023-09-01T19:40:07.681+0000] {logging_mixin.py:150} INFO - [2023-09-01T19:40:07.681+0000] {dagbag.py:541} INFO - Filling up the DagBag from /home/airflow/.local/lib/python3.7/site-packages/airflow/example_dags/example_task_group_decorator.py
[2023-09-01T19:40:07.706+0000] {processor.py:836} INFO - DAG(s) dict_keys(['example_task_group_decorator']) retrieved from /home/airflow/.local/lib/python3.7/site-packages/airflow/example_dags/example_task_group_decorator.py
[2023-09-01T19:40:07.739+0000] {logging_mixin.py:150} INFO - [2023-09-01T19:40:07.739+0000] {dag.py:2742} INFO - Sync 1 DAGs
[2023-09-01T19:40:07.763+0000] {logging_mixin.py:150} INFO - [2023-09-01T19:40:07.763+0000] {dag.py:3508} INFO - Setting next_dagrun for example_task_group_decorator to 2023-08-31T19:40:07.762900+00:00, run_after=2023-09-01T19:40:07.762900+00:00
[2023-09-01T19:40:07.785+0000] {processor.py:179} INFO - Processing /home/airflow/.local/lib/python3.7/site-packages/airflow/example_dags/example_task_group_decorator.py took 0.108 seconds
[2023-09-01T19:40:37.933+0000] {processor.py:157} INFO - Started process (PID=1006) to work on /home/airflow/.local/lib/python3.7/site-packages/airflow/example_dags/example_task_group_decorator.py
[2023-09-01T19:40:37.934+0000] {processor.py:826} INFO - Processing file /home/airflow/.local/lib/python3.7/site-packages/airflow/example_dags/example_task_group_decorator.py for tasks to queue
[2023-09-01T19:40:37.935+0000] {logging_mixin.py:150} INFO - [2023-09-01T19:40:37.935+0000] {dagbag.py:541} INFO - Filling up the DagBag from /home/airflow/.local/lib/python3.7/site-packages/airflow/example_dags/example_task_group_decorator.py
[2023-09-01T19:40:37.948+0000] {processor.py:836} INFO - DAG(s) dict_keys(['example_task_group_decorator']) retrieved from /home/airflow/.local/lib/python3.7/site-packages/airflow/example_dags/example_task_group_decorator.py
[2023-09-01T19:40:37.971+0000] {logging_mixin.py:150} INFO - [2023-09-01T19:40:37.971+0000] {dag.py:2742} INFO - Sync 1 DAGs
[2023-09-01T19:40:37.991+0000] {logging_mixin.py:150} INFO - [2023-09-01T19:40:37.991+0000] {dag.py:3508} INFO - Setting next_dagrun for example_task_group_decorator to 2023-08-31T19:40:37.991511+00:00, run_after=2023-09-01T19:40:37.991511+00:00
[2023-09-01T19:40:38.007+0000] {processor.py:179} INFO - Processing /home/airflow/.local/lib/python3.7/site-packages/airflow/example_dags/example_task_group_decorator.py took 0.076 seconds
[2023-09-01T19:41:08.141+0000] {processor.py:157} INFO - Started process (PID=1060) to work on /home/airflow/.local/lib/python3.7/site-packages/airflow/example_dags/example_task_group_decorator.py
[2023-09-01T19:41:08.142+0000] {processor.py:826} INFO - Processing file /home/airflow/.local/lib/python3.7/site-packages/airflow/example_dags/example_task_group_decorator.py for tasks to queue
[2023-09-01T19:41:08.143+0000] {logging_mixin.py:150} INFO - [2023-09-01T19:41:08.143+0000] {dagbag.py:541} INFO - Filling up the DagBag from /home/airflow/.local/lib/python3.7/site-packages/airflow/example_dags/example_task_group_decorator.py
[2023-09-01T19:41:08.157+0000] {processor.py:836} INFO - DAG(s) dict_keys(['example_task_group_decorator']) retrieved from /home/airflow/.local/lib/python3.7/site-packages/airflow/example_dags/example_task_group_decorator.py
[2023-09-01T19:41:08.183+0000] {logging_mixin.py:150} INFO - [2023-09-01T19:41:08.183+0000] {dag.py:2742} INFO - Sync 1 DAGs
[2023-09-01T19:41:08.217+0000] {logging_mixin.py:150} INFO - [2023-09-01T19:41:08.217+0000] {dag.py:3508} INFO - Setting next_dagrun for example_task_group_decorator to 2023-08-31T19:41:08.215983+00:00, run_after=2023-09-01T19:41:08.215983+00:00
[2023-09-01T19:41:08.247+0000] {processor.py:179} INFO - Processing /home/airflow/.local/lib/python3.7/site-packages/airflow/example_dags/example_task_group_decorator.py took 0.108 seconds
[2023-09-01T19:41:38.417+0000] {processor.py:157} INFO - Started process (PID=1114) to work on /home/airflow/.local/lib/python3.7/site-packages/airflow/example_dags/example_task_group_decorator.py
[2023-09-01T19:41:38.419+0000] {processor.py:826} INFO - Processing file /home/airflow/.local/lib/python3.7/site-packages/airflow/example_dags/example_task_group_decorator.py for tasks to queue
[2023-09-01T19:41:38.419+0000] {logging_mixin.py:150} INFO - [2023-09-01T19:41:38.419+0000] {dagbag.py:541} INFO - Filling up the DagBag from /home/airflow/.local/lib/python3.7/site-packages/airflow/example_dags/example_task_group_decorator.py
[2023-09-01T19:41:38.435+0000] {processor.py:836} INFO - DAG(s) dict_keys(['example_task_group_decorator']) retrieved from /home/airflow/.local/lib/python3.7/site-packages/airflow/example_dags/example_task_group_decorator.py
[2023-09-01T19:41:38.465+0000] {logging_mixin.py:150} INFO - [2023-09-01T19:41:38.465+0000] {dag.py:2742} INFO - Sync 1 DAGs
[2023-09-01T19:41:38.493+0000] {logging_mixin.py:150} INFO - [2023-09-01T19:41:38.493+0000] {dag.py:3508} INFO - Setting next_dagrun for example_task_group_decorator to 2023-08-31T19:41:38.493297+00:00, run_after=2023-09-01T19:41:38.493297+00:00
[2023-09-01T19:41:38.519+0000] {processor.py:179} INFO - Processing /home/airflow/.local/lib/python3.7/site-packages/airflow/example_dags/example_task_group_decorator.py took 0.105 seconds
[2023-09-01T19:42:08.740+0000] {processor.py:157} INFO - Started process (PID=1168) to work on /home/airflow/.local/lib/python3.7/site-packages/airflow/example_dags/example_task_group_decorator.py
[2023-09-01T19:42:08.741+0000] {processor.py:826} INFO - Processing file /home/airflow/.local/lib/python3.7/site-packages/airflow/example_dags/example_task_group_decorator.py for tasks to queue
[2023-09-01T19:42:08.742+0000] {logging_mixin.py:150} INFO - [2023-09-01T19:42:08.741+0000] {dagbag.py:541} INFO - Filling up the DagBag from /home/airflow/.local/lib/python3.7/site-packages/airflow/example_dags/example_task_group_decorator.py
[2023-09-01T19:42:08.758+0000] {processor.py:836} INFO - DAG(s) dict_keys(['example_task_group_decorator']) retrieved from /home/airflow/.local/lib/python3.7/site-packages/airflow/example_dags/example_task_group_decorator.py
[2023-09-01T19:42:08.790+0000] {logging_mixin.py:150} INFO - [2023-09-01T19:42:08.790+0000] {dag.py:2742} INFO - Sync 1 DAGs
[2023-09-01T19:42:08.819+0000] {logging_mixin.py:150} INFO - [2023-09-01T19:42:08.819+0000] {dag.py:3508} INFO - Setting next_dagrun for example_task_group_decorator to 2023-08-31T19:42:08.818928+00:00, run_after=2023-09-01T19:42:08.818928+00:00
[2023-09-01T19:42:08.838+0000] {processor.py:179} INFO - Processing /home/airflow/.local/lib/python3.7/site-packages/airflow/example_dags/example_task_group_decorator.py took 0.102 seconds
[2023-09-01T19:42:39.501+0000] {processor.py:157} INFO - Started process (PID=1224) to work on /home/airflow/.local/lib/python3.7/site-packages/airflow/example_dags/example_task_group_decorator.py
[2023-09-01T19:42:39.502+0000] {processor.py:826} INFO - Processing file /home/airflow/.local/lib/python3.7/site-packages/airflow/example_dags/example_task_group_decorator.py for tasks to queue
[2023-09-01T19:42:39.502+0000] {logging_mixin.py:150} INFO - [2023-09-01T19:42:39.502+0000] {dagbag.py:541} INFO - Filling up the DagBag from /home/airflow/.local/lib/python3.7/site-packages/airflow/example_dags/example_task_group_decorator.py
[2023-09-01T19:42:39.522+0000] {processor.py:836} INFO - DAG(s) dict_keys(['example_task_group_decorator']) retrieved from /home/airflow/.local/lib/python3.7/site-packages/airflow/example_dags/example_task_group_decorator.py
[2023-09-01T19:42:39.555+0000] {logging_mixin.py:150} INFO - [2023-09-01T19:42:39.555+0000] {dag.py:2742} INFO - Sync 1 DAGs
[2023-09-01T19:42:39.583+0000] {logging_mixin.py:150} INFO - [2023-09-01T19:42:39.582+0000] {dag.py:3508} INFO - Setting next_dagrun for example_task_group_decorator to 2023-08-31T19:42:39.582528+00:00, run_after=2023-09-01T19:42:39.582528+00:00
[2023-09-01T19:42:39.614+0000] {processor.py:179} INFO - Processing /home/airflow/.local/lib/python3.7/site-packages/airflow/example_dags/example_task_group_decorator.py took 0.121 seconds
[2023-09-01T19:43:10.445+0000] {processor.py:157} INFO - Started process (PID=1279) to work on /home/airflow/.local/lib/python3.7/site-packages/airflow/example_dags/example_task_group_decorator.py
[2023-09-01T19:43:10.446+0000] {processor.py:826} INFO - Processing file /home/airflow/.local/lib/python3.7/site-packages/airflow/example_dags/example_task_group_decorator.py for tasks to queue
[2023-09-01T19:43:10.447+0000] {logging_mixin.py:150} INFO - [2023-09-01T19:43:10.447+0000] {dagbag.py:541} INFO - Filling up the DagBag from /home/airflow/.local/lib/python3.7/site-packages/airflow/example_dags/example_task_group_decorator.py
[2023-09-01T19:43:10.461+0000] {processor.py:836} INFO - DAG(s) dict_keys(['example_task_group_decorator']) retrieved from /home/airflow/.local/lib/python3.7/site-packages/airflow/example_dags/example_task_group_decorator.py
[2023-09-01T19:43:10.486+0000] {logging_mixin.py:150} INFO - [2023-09-01T19:43:10.485+0000] {dag.py:2742} INFO - Sync 1 DAGs
[2023-09-01T19:43:10.508+0000] {logging_mixin.py:150} INFO - [2023-09-01T19:43:10.508+0000] {dag.py:3508} INFO - Setting next_dagrun for example_task_group_decorator to 2023-08-31T19:43:10.508067+00:00, run_after=2023-09-01T19:43:10.508067+00:00
[2023-09-01T19:43:10.525+0000] {processor.py:179} INFO - Processing /home/airflow/.local/lib/python3.7/site-packages/airflow/example_dags/example_task_group_decorator.py took 0.083 seconds
[2023-09-01T19:43:40.928+0000] {processor.py:157} INFO - Started process (PID=1334) to work on /home/airflow/.local/lib/python3.7/site-packages/airflow/example_dags/example_task_group_decorator.py
[2023-09-01T19:43:40.929+0000] {processor.py:826} INFO - Processing file /home/airflow/.local/lib/python3.7/site-packages/airflow/example_dags/example_task_group_decorator.py for tasks to queue
[2023-09-01T19:43:40.929+0000] {logging_mixin.py:150} INFO - [2023-09-01T19:43:40.929+0000] {dagbag.py:541} INFO - Filling up the DagBag from /home/airflow/.local/lib/python3.7/site-packages/airflow/example_dags/example_task_group_decorator.py
[2023-09-01T19:43:40.942+0000] {processor.py:836} INFO - DAG(s) dict_keys(['example_task_group_decorator']) retrieved from /home/airflow/.local/lib/python3.7/site-packages/airflow/example_dags/example_task_group_decorator.py
[2023-09-01T19:43:40.966+0000] {logging_mixin.py:150} INFO - [2023-09-01T19:43:40.966+0000] {dag.py:2742} INFO - Sync 1 DAGs
[2023-09-01T19:43:40.987+0000] {logging_mixin.py:150} INFO - [2023-09-01T19:43:40.987+0000] {dag.py:3508} INFO - Setting next_dagrun for example_task_group_decorator to 2023-08-31T19:43:40.987057+00:00, run_after=2023-09-01T19:43:40.987057+00:00
[2023-09-01T19:43:41.009+0000] {processor.py:179} INFO - Processing /home/airflow/.local/lib/python3.7/site-packages/airflow/example_dags/example_task_group_decorator.py took 0.084 seconds
[2023-09-01T19:44:11.592+0000] {processor.py:157} INFO - Started process (PID=1389) to work on /home/airflow/.local/lib/python3.7/site-packages/airflow/example_dags/example_task_group_decorator.py
[2023-09-01T19:44:11.593+0000] {processor.py:826} INFO - Processing file /home/airflow/.local/lib/python3.7/site-packages/airflow/example_dags/example_task_group_decorator.py for tasks to queue
[2023-09-01T19:44:11.594+0000] {logging_mixin.py:150} INFO - [2023-09-01T19:44:11.593+0000] {dagbag.py:541} INFO - Filling up the DagBag from /home/airflow/.local/lib/python3.7/site-packages/airflow/example_dags/example_task_group_decorator.py
[2023-09-01T19:44:11.607+0000] {processor.py:836} INFO - DAG(s) dict_keys(['example_task_group_decorator']) retrieved from /home/airflow/.local/lib/python3.7/site-packages/airflow/example_dags/example_task_group_decorator.py
[2023-09-01T19:44:11.643+0000] {logging_mixin.py:150} INFO - [2023-09-01T19:44:11.643+0000] {dag.py:2742} INFO - Sync 1 DAGs
[2023-09-01T19:44:11.666+0000] {logging_mixin.py:150} INFO - [2023-09-01T19:44:11.666+0000] {dag.py:3508} INFO - Setting next_dagrun for example_task_group_decorator to 2023-08-31T19:44:11.666236+00:00, run_after=2023-09-01T19:44:11.666236+00:00
[2023-09-01T19:44:11.683+0000] {processor.py:179} INFO - Processing /home/airflow/.local/lib/python3.7/site-packages/airflow/example_dags/example_task_group_decorator.py took 0.094 seconds
[2023-09-01T19:44:42.071+0000] {processor.py:157} INFO - Started process (PID=1444) to work on /home/airflow/.local/lib/python3.7/site-packages/airflow/example_dags/example_task_group_decorator.py
[2023-09-01T19:44:42.072+0000] {processor.py:826} INFO - Processing file /home/airflow/.local/lib/python3.7/site-packages/airflow/example_dags/example_task_group_decorator.py for tasks to queue
[2023-09-01T19:44:42.073+0000] {logging_mixin.py:150} INFO - [2023-09-01T19:44:42.072+0000] {dagbag.py:541} INFO - Filling up the DagBag from /home/airflow/.local/lib/python3.7/site-packages/airflow/example_dags/example_task_group_decorator.py
[2023-09-01T19:44:42.087+0000] {processor.py:836} INFO - DAG(s) dict_keys(['example_task_group_decorator']) retrieved from /home/airflow/.local/lib/python3.7/site-packages/airflow/example_dags/example_task_group_decorator.py
[2023-09-01T19:44:42.114+0000] {logging_mixin.py:150} INFO - [2023-09-01T19:44:42.114+0000] {dag.py:2742} INFO - Sync 1 DAGs
[2023-09-01T19:44:42.153+0000] {logging_mixin.py:150} INFO - [2023-09-01T19:44:42.152+0000] {dag.py:3508} INFO - Setting next_dagrun for example_task_group_decorator to 2023-08-31T19:44:42.152573+00:00, run_after=2023-09-01T19:44:42.152573+00:00
[2023-09-01T19:44:42.169+0000] {processor.py:179} INFO - Processing /home/airflow/.local/lib/python3.7/site-packages/airflow/example_dags/example_task_group_decorator.py took 0.106 seconds
[2023-09-01T19:45:12.463+0000] {processor.py:157} INFO - Started process (PID=1499) to work on /home/airflow/.local/lib/python3.7/site-packages/airflow/example_dags/example_task_group_decorator.py
[2023-09-01T19:45:12.464+0000] {processor.py:826} INFO - Processing file /home/airflow/.local/lib/python3.7/site-packages/airflow/example_dags/example_task_group_decorator.py for tasks to queue
[2023-09-01T19:45:12.465+0000] {logging_mixin.py:150} INFO - [2023-09-01T19:45:12.465+0000] {dagbag.py:541} INFO - Filling up the DagBag from /home/airflow/.local/lib/python3.7/site-packages/airflow/example_dags/example_task_group_decorator.py
[2023-09-01T19:45:12.480+0000] {processor.py:836} INFO - DAG(s) dict_keys(['example_task_group_decorator']) retrieved from /home/airflow/.local/lib/python3.7/site-packages/airflow/example_dags/example_task_group_decorator.py
[2023-09-01T19:45:12.507+0000] {logging_mixin.py:150} INFO - [2023-09-01T19:45:12.507+0000] {dag.py:2742} INFO - Sync 1 DAGs
[2023-09-01T19:45:12.535+0000] {logging_mixin.py:150} INFO - [2023-09-01T19:45:12.535+0000] {dag.py:3508} INFO - Setting next_dagrun for example_task_group_decorator to 2023-08-31T19:45:12.535174+00:00, run_after=2023-09-01T19:45:12.535174+00:00
[2023-09-01T19:45:12.559+0000] {processor.py:179} INFO - Processing /home/airflow/.local/lib/python3.7/site-packages/airflow/example_dags/example_task_group_decorator.py took 0.099 seconds
[2023-09-01T19:45:42.753+0000] {processor.py:157} INFO - Started process (PID=1554) to work on /home/airflow/.local/lib/python3.7/site-packages/airflow/example_dags/example_task_group_decorator.py
[2023-09-01T19:45:42.754+0000] {processor.py:826} INFO - Processing file /home/airflow/.local/lib/python3.7/site-packages/airflow/example_dags/example_task_group_decorator.py for tasks to queue
[2023-09-01T19:45:42.754+0000] {logging_mixin.py:150} INFO - [2023-09-01T19:45:42.754+0000] {dagbag.py:541} INFO - Filling up the DagBag from /home/airflow/.local/lib/python3.7/site-packages/airflow/example_dags/example_task_group_decorator.py
[2023-09-01T19:45:42.768+0000] {processor.py:836} INFO - DAG(s) dict_keys(['example_task_group_decorator']) retrieved from /home/airflow/.local/lib/python3.7/site-packages/airflow/example_dags/example_task_group_decorator.py
[2023-09-01T19:45:42.792+0000] {logging_mixin.py:150} INFO - [2023-09-01T19:45:42.791+0000] {dag.py:2742} INFO - Sync 1 DAGs
[2023-09-01T19:45:42.816+0000] {logging_mixin.py:150} INFO - [2023-09-01T19:45:42.816+0000] {dag.py:3508} INFO - Setting next_dagrun for example_task_group_decorator to 2023-08-31T19:45:42.816434+00:00, run_after=2023-09-01T19:45:42.816434+00:00
[2023-09-01T19:45:42.834+0000] {processor.py:179} INFO - Processing /home/airflow/.local/lib/python3.7/site-packages/airflow/example_dags/example_task_group_decorator.py took 0.084 seconds
[2023-09-01T19:46:13.089+0000] {processor.py:157} INFO - Started process (PID=1609) to work on /home/airflow/.local/lib/python3.7/site-packages/airflow/example_dags/example_task_group_decorator.py
[2023-09-01T19:46:13.090+0000] {processor.py:826} INFO - Processing file /home/airflow/.local/lib/python3.7/site-packages/airflow/example_dags/example_task_group_decorator.py for tasks to queue
[2023-09-01T19:46:13.090+0000] {logging_mixin.py:150} INFO - [2023-09-01T19:46:13.090+0000] {dagbag.py:541} INFO - Filling up the DagBag from /home/airflow/.local/lib/python3.7/site-packages/airflow/example_dags/example_task_group_decorator.py
[2023-09-01T19:46:13.104+0000] {processor.py:836} INFO - DAG(s) dict_keys(['example_task_group_decorator']) retrieved from /home/airflow/.local/lib/python3.7/site-packages/airflow/example_dags/example_task_group_decorator.py
[2023-09-01T19:46:13.144+0000] {logging_mixin.py:150} INFO - [2023-09-01T19:46:13.144+0000] {dag.py:2742} INFO - Sync 1 DAGs
[2023-09-01T19:46:13.172+0000] {logging_mixin.py:150} INFO - [2023-09-01T19:46:13.172+0000] {dag.py:3508} INFO - Setting next_dagrun for example_task_group_decorator to 2023-08-31T19:46:13.172282+00:00, run_after=2023-09-01T19:46:13.172282+00:00
[2023-09-01T19:46:13.189+0000] {processor.py:179} INFO - Processing /home/airflow/.local/lib/python3.7/site-packages/airflow/example_dags/example_task_group_decorator.py took 0.105 seconds
[2023-09-01T19:46:43.568+0000] {processor.py:157} INFO - Started process (PID=1664) to work on /home/airflow/.local/lib/python3.7/site-packages/airflow/example_dags/example_task_group_decorator.py
[2023-09-01T19:46:43.569+0000] {processor.py:826} INFO - Processing file /home/airflow/.local/lib/python3.7/site-packages/airflow/example_dags/example_task_group_decorator.py for tasks to queue
[2023-09-01T19:46:43.569+0000] {logging_mixin.py:150} INFO - [2023-09-01T19:46:43.569+0000] {dagbag.py:541} INFO - Filling up the DagBag from /home/airflow/.local/lib/python3.7/site-packages/airflow/example_dags/example_task_group_decorator.py
[2023-09-01T19:46:43.582+0000] {processor.py:836} INFO - DAG(s) dict_keys(['example_task_group_decorator']) retrieved from /home/airflow/.local/lib/python3.7/site-packages/airflow/example_dags/example_task_group_decorator.py
[2023-09-01T19:46:43.607+0000] {logging_mixin.py:150} INFO - [2023-09-01T19:46:43.607+0000] {dag.py:2742} INFO - Sync 1 DAGs
[2023-09-01T19:46:43.644+0000] {logging_mixin.py:150} INFO - [2023-09-01T19:46:43.644+0000] {dag.py:3508} INFO - Setting next_dagrun for example_task_group_decorator to 2023-08-31T19:46:43.644005+00:00, run_after=2023-09-01T19:46:43.644005+00:00
[2023-09-01T19:46:43.663+0000] {processor.py:179} INFO - Processing /home/airflow/.local/lib/python3.7/site-packages/airflow/example_dags/example_task_group_decorator.py took 0.099 seconds
[2023-09-01T19:47:14.249+0000] {processor.py:157} INFO - Started process (PID=1719) to work on /home/airflow/.local/lib/python3.7/site-packages/airflow/example_dags/example_task_group_decorator.py
[2023-09-01T19:47:14.250+0000] {processor.py:826} INFO - Processing file /home/airflow/.local/lib/python3.7/site-packages/airflow/example_dags/example_task_group_decorator.py for tasks to queue
[2023-09-01T19:47:14.250+0000] {logging_mixin.py:150} INFO - [2023-09-01T19:47:14.250+0000] {dagbag.py:541} INFO - Filling up the DagBag from /home/airflow/.local/lib/python3.7/site-packages/airflow/example_dags/example_task_group_decorator.py
[2023-09-01T19:47:14.264+0000] {processor.py:836} INFO - DAG(s) dict_keys(['example_task_group_decorator']) retrieved from /home/airflow/.local/lib/python3.7/site-packages/airflow/example_dags/example_task_group_decorator.py
[2023-09-01T19:47:14.289+0000] {logging_mixin.py:150} INFO - [2023-09-01T19:47:14.289+0000] {dag.py:2742} INFO - Sync 1 DAGs
[2023-09-01T19:47:14.313+0000] {logging_mixin.py:150} INFO - [2023-09-01T19:47:14.313+0000] {dag.py:3508} INFO - Setting next_dagrun for example_task_group_decorator to 2023-08-31T19:47:14.313557+00:00, run_after=2023-09-01T19:47:14.313557+00:00
[2023-09-01T19:47:14.329+0000] {processor.py:179} INFO - Processing /home/airflow/.local/lib/python3.7/site-packages/airflow/example_dags/example_task_group_decorator.py took 0.083 seconds
[2023-09-01T19:47:44.825+0000] {processor.py:157} INFO - Started process (PID=1774) to work on /home/airflow/.local/lib/python3.7/site-packages/airflow/example_dags/example_task_group_decorator.py
[2023-09-01T19:47:44.826+0000] {processor.py:826} INFO - Processing file /home/airflow/.local/lib/python3.7/site-packages/airflow/example_dags/example_task_group_decorator.py for tasks to queue
[2023-09-01T19:47:44.827+0000] {logging_mixin.py:150} INFO - [2023-09-01T19:47:44.826+0000] {dagbag.py:541} INFO - Filling up the DagBag from /home/airflow/.local/lib/python3.7/site-packages/airflow/example_dags/example_task_group_decorator.py
[2023-09-01T19:47:44.840+0000] {processor.py:836} INFO - DAG(s) dict_keys(['example_task_group_decorator']) retrieved from /home/airflow/.local/lib/python3.7/site-packages/airflow/example_dags/example_task_group_decorator.py
[2023-09-01T19:47:44.868+0000] {logging_mixin.py:150} INFO - [2023-09-01T19:47:44.868+0000] {dag.py:2742} INFO - Sync 1 DAGs
[2023-09-01T19:47:44.889+0000] {logging_mixin.py:150} INFO - [2023-09-01T19:47:44.889+0000] {dag.py:3508} INFO - Setting next_dagrun for example_task_group_decorator to 2023-08-31T19:47:44.889384+00:00, run_after=2023-09-01T19:47:44.889384+00:00
[2023-09-01T19:47:44.907+0000] {processor.py:179} INFO - Processing /home/airflow/.local/lib/python3.7/site-packages/airflow/example_dags/example_task_group_decorator.py took 0.085 seconds
[2023-09-01T19:48:15.269+0000] {processor.py:157} INFO - Started process (PID=1829) to work on /home/airflow/.local/lib/python3.7/site-packages/airflow/example_dags/example_task_group_decorator.py
[2023-09-01T19:48:15.270+0000] {processor.py:826} INFO - Processing file /home/airflow/.local/lib/python3.7/site-packages/airflow/example_dags/example_task_group_decorator.py for tasks to queue
[2023-09-01T19:48:15.271+0000] {logging_mixin.py:150} INFO - [2023-09-01T19:48:15.271+0000] {dagbag.py:541} INFO - Filling up the DagBag from /home/airflow/.local/lib/python3.7/site-packages/airflow/example_dags/example_task_group_decorator.py
[2023-09-01T19:48:15.288+0000] {processor.py:836} INFO - DAG(s) dict_keys(['example_task_group_decorator']) retrieved from /home/airflow/.local/lib/python3.7/site-packages/airflow/example_dags/example_task_group_decorator.py
[2023-09-01T19:48:15.313+0000] {logging_mixin.py:150} INFO - [2023-09-01T19:48:15.313+0000] {dag.py:2742} INFO - Sync 1 DAGs
[2023-09-01T19:48:15.335+0000] {logging_mixin.py:150} INFO - [2023-09-01T19:48:15.335+0000] {dag.py:3508} INFO - Setting next_dagrun for example_task_group_decorator to 2023-08-31T19:48:15.334986+00:00, run_after=2023-09-01T19:48:15.334986+00:00
[2023-09-01T19:48:15.351+0000] {processor.py:179} INFO - Processing /home/airflow/.local/lib/python3.7/site-packages/airflow/example_dags/example_task_group_decorator.py took 0.085 seconds
[2023-09-01T19:48:45.960+0000] {processor.py:157} INFO - Started process (PID=1883) to work on /home/airflow/.local/lib/python3.7/site-packages/airflow/example_dags/example_task_group_decorator.py
[2023-09-01T19:48:45.961+0000] {processor.py:826} INFO - Processing file /home/airflow/.local/lib/python3.7/site-packages/airflow/example_dags/example_task_group_decorator.py for tasks to queue
[2023-09-01T19:48:45.962+0000] {logging_mixin.py:150} INFO - [2023-09-01T19:48:45.962+0000] {dagbag.py:541} INFO - Filling up the DagBag from /home/airflow/.local/lib/python3.7/site-packages/airflow/example_dags/example_task_group_decorator.py
[2023-09-01T19:48:45.976+0000] {processor.py:836} INFO - DAG(s) dict_keys(['example_task_group_decorator']) retrieved from /home/airflow/.local/lib/python3.7/site-packages/airflow/example_dags/example_task_group_decorator.py
[2023-09-01T19:48:46.007+0000] {logging_mixin.py:150} INFO - [2023-09-01T19:48:46.007+0000] {dag.py:2742} INFO - Sync 1 DAGs
[2023-09-01T19:48:46.029+0000] {logging_mixin.py:150} INFO - [2023-09-01T19:48:46.029+0000] {dag.py:3508} INFO - Setting next_dagrun for example_task_group_decorator to 2023-08-31T19:48:46.029483+00:00, run_after=2023-09-01T19:48:46.029483+00:00
[2023-09-01T19:48:46.051+0000] {processor.py:179} INFO - Processing /home/airflow/.local/lib/python3.7/site-packages/airflow/example_dags/example_task_group_decorator.py took 0.094 seconds
[2023-09-01T19:49:16.690+0000] {processor.py:157} INFO - Started process (PID=1938) to work on /home/airflow/.local/lib/python3.7/site-packages/airflow/example_dags/example_task_group_decorator.py
[2023-09-01T19:49:16.691+0000] {processor.py:826} INFO - Processing file /home/airflow/.local/lib/python3.7/site-packages/airflow/example_dags/example_task_group_decorator.py for tasks to queue
[2023-09-01T19:49:16.692+0000] {logging_mixin.py:150} INFO - [2023-09-01T19:49:16.692+0000] {dagbag.py:541} INFO - Filling up the DagBag from /home/airflow/.local/lib/python3.7/site-packages/airflow/example_dags/example_task_group_decorator.py
[2023-09-01T19:49:16.706+0000] {processor.py:836} INFO - DAG(s) dict_keys(['example_task_group_decorator']) retrieved from /home/airflow/.local/lib/python3.7/site-packages/airflow/example_dags/example_task_group_decorator.py
[2023-09-01T19:49:16.732+0000] {logging_mixin.py:150} INFO - [2023-09-01T19:49:16.732+0000] {dag.py:2742} INFO - Sync 1 DAGs
[2023-09-01T19:49:16.753+0000] {logging_mixin.py:150} INFO - [2023-09-01T19:49:16.753+0000] {dag.py:3508} INFO - Setting next_dagrun for example_task_group_decorator to 2023-08-31T19:49:16.753047+00:00, run_after=2023-09-01T19:49:16.753047+00:00
[2023-09-01T19:49:16.782+0000] {processor.py:179} INFO - Processing /home/airflow/.local/lib/python3.7/site-packages/airflow/example_dags/example_task_group_decorator.py took 0.098 seconds
[2023-09-01T19:49:47.448+0000] {processor.py:157} INFO - Started process (PID=1993) to work on /home/airflow/.local/lib/python3.7/site-packages/airflow/example_dags/example_task_group_decorator.py
[2023-09-01T19:49:47.449+0000] {processor.py:826} INFO - Processing file /home/airflow/.local/lib/python3.7/site-packages/airflow/example_dags/example_task_group_decorator.py for tasks to queue
[2023-09-01T19:49:47.450+0000] {logging_mixin.py:150} INFO - [2023-09-01T19:49:47.449+0000] {dagbag.py:541} INFO - Filling up the DagBag from /home/airflow/.local/lib/python3.7/site-packages/airflow/example_dags/example_task_group_decorator.py
[2023-09-01T19:49:47.464+0000] {processor.py:836} INFO - DAG(s) dict_keys(['example_task_group_decorator']) retrieved from /home/airflow/.local/lib/python3.7/site-packages/airflow/example_dags/example_task_group_decorator.py
[2023-09-01T19:49:47.490+0000] {logging_mixin.py:150} INFO - [2023-09-01T19:49:47.490+0000] {dag.py:2742} INFO - Sync 1 DAGs
[2023-09-01T19:49:47.514+0000] {logging_mixin.py:150} INFO - [2023-09-01T19:49:47.514+0000] {dag.py:3508} INFO - Setting next_dagrun for example_task_group_decorator to 2023-08-31T19:49:47.513786+00:00, run_after=2023-09-01T19:49:47.513786+00:00
[2023-09-01T19:49:47.529+0000] {processor.py:179} INFO - Processing /home/airflow/.local/lib/python3.7/site-packages/airflow/example_dags/example_task_group_decorator.py took 0.086 seconds
[2023-09-01T19:50:18.108+0000] {processor.py:157} INFO - Started process (PID=2048) to work on /home/airflow/.local/lib/python3.7/site-packages/airflow/example_dags/example_task_group_decorator.py
[2023-09-01T19:50:18.110+0000] {processor.py:826} INFO - Processing file /home/airflow/.local/lib/python3.7/site-packages/airflow/example_dags/example_task_group_decorator.py for tasks to queue
[2023-09-01T19:50:18.111+0000] {logging_mixin.py:150} INFO - [2023-09-01T19:50:18.110+0000] {dagbag.py:541} INFO - Filling up the DagBag from /home/airflow/.local/lib/python3.7/site-packages/airflow/example_dags/example_task_group_decorator.py
[2023-09-01T19:50:18.135+0000] {processor.py:836} INFO - DAG(s) dict_keys(['example_task_group_decorator']) retrieved from /home/airflow/.local/lib/python3.7/site-packages/airflow/example_dags/example_task_group_decorator.py
[2023-09-01T19:50:18.178+0000] {logging_mixin.py:150} INFO - [2023-09-01T19:50:18.178+0000] {dag.py:2742} INFO - Sync 1 DAGs
[2023-09-01T19:50:18.200+0000] {logging_mixin.py:150} INFO - [2023-09-01T19:50:18.199+0000] {dag.py:3508} INFO - Setting next_dagrun for example_task_group_decorator to 2023-08-31T19:50:18.199609+00:00, run_after=2023-09-01T19:50:18.199609+00:00
[2023-09-01T19:50:18.223+0000] {processor.py:179} INFO - Processing /home/airflow/.local/lib/python3.7/site-packages/airflow/example_dags/example_task_group_decorator.py took 0.118 seconds
[2023-09-01T19:50:49.078+0000] {processor.py:157} INFO - Started process (PID=2103) to work on /home/airflow/.local/lib/python3.7/site-packages/airflow/example_dags/example_task_group_decorator.py
[2023-09-01T19:50:49.080+0000] {processor.py:826} INFO - Processing file /home/airflow/.local/lib/python3.7/site-packages/airflow/example_dags/example_task_group_decorator.py for tasks to queue
[2023-09-01T19:50:49.088+0000] {logging_mixin.py:150} INFO - [2023-09-01T19:50:49.081+0000] {dagbag.py:541} INFO - Filling up the DagBag from /home/airflow/.local/lib/python3.7/site-packages/airflow/example_dags/example_task_group_decorator.py
[2023-09-01T19:50:49.123+0000] {processor.py:836} INFO - DAG(s) dict_keys(['example_task_group_decorator']) retrieved from /home/airflow/.local/lib/python3.7/site-packages/airflow/example_dags/example_task_group_decorator.py
[2023-09-01T19:50:49.217+0000] {logging_mixin.py:150} INFO - [2023-09-01T19:50:49.217+0000] {dag.py:2742} INFO - Sync 1 DAGs
[2023-09-01T19:50:49.283+0000] {logging_mixin.py:150} INFO - [2023-09-01T19:50:49.282+0000] {dag.py:3508} INFO - Setting next_dagrun for example_task_group_decorator to 2023-08-31T19:50:49.282738+00:00, run_after=2023-09-01T19:50:49.282738+00:00
[2023-09-01T19:50:49.304+0000] {processor.py:179} INFO - Processing /home/airflow/.local/lib/python3.7/site-packages/airflow/example_dags/example_task_group_decorator.py took 0.234 seconds
[2023-09-01T19:51:19.601+0000] {processor.py:157} INFO - Started process (PID=2157) to work on /home/airflow/.local/lib/python3.7/site-packages/airflow/example_dags/example_task_group_decorator.py
[2023-09-01T19:51:19.603+0000] {processor.py:826} INFO - Processing file /home/airflow/.local/lib/python3.7/site-packages/airflow/example_dags/example_task_group_decorator.py for tasks to queue
[2023-09-01T19:51:19.603+0000] {logging_mixin.py:150} INFO - [2023-09-01T19:51:19.603+0000] {dagbag.py:541} INFO - Filling up the DagBag from /home/airflow/.local/lib/python3.7/site-packages/airflow/example_dags/example_task_group_decorator.py
[2023-09-01T19:51:19.616+0000] {processor.py:836} INFO - DAG(s) dict_keys(['example_task_group_decorator']) retrieved from /home/airflow/.local/lib/python3.7/site-packages/airflow/example_dags/example_task_group_decorator.py
[2023-09-01T19:51:19.641+0000] {logging_mixin.py:150} INFO - [2023-09-01T19:51:19.641+0000] {dag.py:2742} INFO - Sync 1 DAGs
[2023-09-01T19:51:19.664+0000] {logging_mixin.py:150} INFO - [2023-09-01T19:51:19.663+0000] {dag.py:3508} INFO - Setting next_dagrun for example_task_group_decorator to 2023-08-31T19:51:19.663578+00:00, run_after=2023-09-01T19:51:19.663578+00:00
[2023-09-01T19:51:19.680+0000] {processor.py:179} INFO - Processing /home/airflow/.local/lib/python3.7/site-packages/airflow/example_dags/example_task_group_decorator.py took 0.082 seconds
[2023-09-01T19:51:50.011+0000] {processor.py:157} INFO - Started process (PID=2212) to work on /home/airflow/.local/lib/python3.7/site-packages/airflow/example_dags/example_task_group_decorator.py
[2023-09-01T19:51:50.011+0000] {processor.py:826} INFO - Processing file /home/airflow/.local/lib/python3.7/site-packages/airflow/example_dags/example_task_group_decorator.py for tasks to queue
[2023-09-01T19:51:50.012+0000] {logging_mixin.py:150} INFO - [2023-09-01T19:51:50.012+0000] {dagbag.py:541} INFO - Filling up the DagBag from /home/airflow/.local/lib/python3.7/site-packages/airflow/example_dags/example_task_group_decorator.py
[2023-09-01T19:51:50.036+0000] {processor.py:836} INFO - DAG(s) dict_keys(['example_task_group_decorator']) retrieved from /home/airflow/.local/lib/python3.7/site-packages/airflow/example_dags/example_task_group_decorator.py
[2023-09-01T19:51:50.084+0000] {logging_mixin.py:150} INFO - [2023-09-01T19:51:50.084+0000] {dag.py:2742} INFO - Sync 1 DAGs
[2023-09-01T19:51:50.122+0000] {logging_mixin.py:150} INFO - [2023-09-01T19:51:50.120+0000] {dag.py:3508} INFO - Setting next_dagrun for example_task_group_decorator to 2023-08-31T19:51:50.120162+00:00, run_after=2023-09-01T19:51:50.120162+00:00
[2023-09-01T19:51:50.144+0000] {processor.py:179} INFO - Processing /home/airflow/.local/lib/python3.7/site-packages/airflow/example_dags/example_task_group_decorator.py took 0.138 seconds
[2023-09-01T19:52:20.842+0000] {processor.py:157} INFO - Started process (PID=2266) to work on /home/airflow/.local/lib/python3.7/site-packages/airflow/example_dags/example_task_group_decorator.py
[2023-09-01T19:52:20.847+0000] {processor.py:826} INFO - Processing file /home/airflow/.local/lib/python3.7/site-packages/airflow/example_dags/example_task_group_decorator.py for tasks to queue
[2023-09-01T19:52:20.848+0000] {logging_mixin.py:150} INFO - [2023-09-01T19:52:20.847+0000] {dagbag.py:541} INFO - Filling up the DagBag from /home/airflow/.local/lib/python3.7/site-packages/airflow/example_dags/example_task_group_decorator.py
[2023-09-01T19:52:20.873+0000] {processor.py:836} INFO - DAG(s) dict_keys(['example_task_group_decorator']) retrieved from /home/airflow/.local/lib/python3.7/site-packages/airflow/example_dags/example_task_group_decorator.py
[2023-09-01T19:52:20.916+0000] {logging_mixin.py:150} INFO - [2023-09-01T19:52:20.916+0000] {dag.py:2742} INFO - Sync 1 DAGs
[2023-09-01T19:52:20.954+0000] {logging_mixin.py:150} INFO - [2023-09-01T19:52:20.953+0000] {dag.py:3508} INFO - Setting next_dagrun for example_task_group_decorator to 2023-08-31T19:52:20.953465+00:00, run_after=2023-09-01T19:52:20.953465+00:00
[2023-09-01T19:52:20.991+0000] {processor.py:179} INFO - Processing /home/airflow/.local/lib/python3.7/site-packages/airflow/example_dags/example_task_group_decorator.py took 0.157 seconds
[2023-09-01T19:52:51.700+0000] {processor.py:157} INFO - Started process (PID=2321) to work on /home/airflow/.local/lib/python3.7/site-packages/airflow/example_dags/example_task_group_decorator.py
[2023-09-01T19:52:51.701+0000] {processor.py:826} INFO - Processing file /home/airflow/.local/lib/python3.7/site-packages/airflow/example_dags/example_task_group_decorator.py for tasks to queue
[2023-09-01T19:52:51.701+0000] {logging_mixin.py:150} INFO - [2023-09-01T19:52:51.701+0000] {dagbag.py:541} INFO - Filling up the DagBag from /home/airflow/.local/lib/python3.7/site-packages/airflow/example_dags/example_task_group_decorator.py
[2023-09-01T19:52:51.714+0000] {processor.py:836} INFO - DAG(s) dict_keys(['example_task_group_decorator']) retrieved from /home/airflow/.local/lib/python3.7/site-packages/airflow/example_dags/example_task_group_decorator.py
[2023-09-01T19:52:51.738+0000] {logging_mixin.py:150} INFO - [2023-09-01T19:52:51.738+0000] {dag.py:2742} INFO - Sync 1 DAGs
[2023-09-01T19:52:51.761+0000] {logging_mixin.py:150} INFO - [2023-09-01T19:52:51.760+0000] {dag.py:3508} INFO - Setting next_dagrun for example_task_group_decorator to 2023-08-31T19:52:51.760747+00:00, run_after=2023-09-01T19:52:51.760747+00:00
[2023-09-01T19:52:51.778+0000] {processor.py:179} INFO - Processing /home/airflow/.local/lib/python3.7/site-packages/airflow/example_dags/example_task_group_decorator.py took 0.080 seconds
[2023-09-01T19:53:22.201+0000] {processor.py:157} INFO - Started process (PID=2376) to work on /home/airflow/.local/lib/python3.7/site-packages/airflow/example_dags/example_task_group_decorator.py
[2023-09-01T19:53:22.203+0000] {processor.py:826} INFO - Processing file /home/airflow/.local/lib/python3.7/site-packages/airflow/example_dags/example_task_group_decorator.py for tasks to queue
[2023-09-01T19:53:22.206+0000] {logging_mixin.py:150} INFO - [2023-09-01T19:53:22.206+0000] {dagbag.py:541} INFO - Filling up the DagBag from /home/airflow/.local/lib/python3.7/site-packages/airflow/example_dags/example_task_group_decorator.py
[2023-09-01T19:53:22.228+0000] {processor.py:836} INFO - DAG(s) dict_keys(['example_task_group_decorator']) retrieved from /home/airflow/.local/lib/python3.7/site-packages/airflow/example_dags/example_task_group_decorator.py
[2023-09-01T19:53:22.281+0000] {logging_mixin.py:150} INFO - [2023-09-01T19:53:22.281+0000] {dag.py:2742} INFO - Sync 1 DAGs
[2023-09-01T19:53:22.336+0000] {logging_mixin.py:150} INFO - [2023-09-01T19:53:22.336+0000] {dag.py:3508} INFO - Setting next_dagrun for example_task_group_decorator to 2023-08-31T19:53:22.336387+00:00, run_after=2023-09-01T19:53:22.336387+00:00
[2023-09-01T19:53:22.389+0000] {processor.py:179} INFO - Processing /home/airflow/.local/lib/python3.7/site-packages/airflow/example_dags/example_task_group_decorator.py took 0.192 seconds
[2023-09-01T19:53:52.818+0000] {processor.py:157} INFO - Started process (PID=2431) to work on /home/airflow/.local/lib/python3.7/site-packages/airflow/example_dags/example_task_group_decorator.py
[2023-09-01T19:53:52.819+0000] {processor.py:826} INFO - Processing file /home/airflow/.local/lib/python3.7/site-packages/airflow/example_dags/example_task_group_decorator.py for tasks to queue
[2023-09-01T19:53:52.819+0000] {logging_mixin.py:150} INFO - [2023-09-01T19:53:52.819+0000] {dagbag.py:541} INFO - Filling up the DagBag from /home/airflow/.local/lib/python3.7/site-packages/airflow/example_dags/example_task_group_decorator.py
[2023-09-01T19:53:52.832+0000] {processor.py:836} INFO - DAG(s) dict_keys(['example_task_group_decorator']) retrieved from /home/airflow/.local/lib/python3.7/site-packages/airflow/example_dags/example_task_group_decorator.py
[2023-09-01T19:53:52.856+0000] {logging_mixin.py:150} INFO - [2023-09-01T19:53:52.855+0000] {dag.py:2742} INFO - Sync 1 DAGs
[2023-09-01T19:53:52.875+0000] {logging_mixin.py:150} INFO - [2023-09-01T19:53:52.875+0000] {dag.py:3508} INFO - Setting next_dagrun for example_task_group_decorator to 2023-08-31T19:53:52.875557+00:00, run_after=2023-09-01T19:53:52.875557+00:00
[2023-09-01T19:53:52.890+0000] {processor.py:179} INFO - Processing /home/airflow/.local/lib/python3.7/site-packages/airflow/example_dags/example_task_group_decorator.py took 0.075 seconds
[2023-09-01T19:54:22.999+0000] {processor.py:157} INFO - Started process (PID=2486) to work on /home/airflow/.local/lib/python3.7/site-packages/airflow/example_dags/example_task_group_decorator.py
[2023-09-01T19:54:23.000+0000] {processor.py:826} INFO - Processing file /home/airflow/.local/lib/python3.7/site-packages/airflow/example_dags/example_task_group_decorator.py for tasks to queue
[2023-09-01T19:54:23.001+0000] {logging_mixin.py:150} INFO - [2023-09-01T19:54:23.000+0000] {dagbag.py:541} INFO - Filling up the DagBag from /home/airflow/.local/lib/python3.7/site-packages/airflow/example_dags/example_task_group_decorator.py
[2023-09-01T19:54:23.014+0000] {processor.py:836} INFO - DAG(s) dict_keys(['example_task_group_decorator']) retrieved from /home/airflow/.local/lib/python3.7/site-packages/airflow/example_dags/example_task_group_decorator.py
[2023-09-01T19:54:23.037+0000] {logging_mixin.py:150} INFO - [2023-09-01T19:54:23.037+0000] {dag.py:2742} INFO - Sync 1 DAGs
[2023-09-01T19:54:23.058+0000] {logging_mixin.py:150} INFO - [2023-09-01T19:54:23.057+0000] {dag.py:3508} INFO - Setting next_dagrun for example_task_group_decorator to 2023-08-31T19:54:23.057727+00:00, run_after=2023-09-01T19:54:23.057727+00:00
[2023-09-01T19:54:23.073+0000] {processor.py:179} INFO - Processing /home/airflow/.local/lib/python3.7/site-packages/airflow/example_dags/example_task_group_decorator.py took 0.077 seconds
[2023-09-01T19:54:53.276+0000] {processor.py:157} INFO - Started process (PID=2541) to work on /home/airflow/.local/lib/python3.7/site-packages/airflow/example_dags/example_task_group_decorator.py
[2023-09-01T19:54:53.279+0000] {processor.py:826} INFO - Processing file /home/airflow/.local/lib/python3.7/site-packages/airflow/example_dags/example_task_group_decorator.py for tasks to queue
[2023-09-01T19:54:53.283+0000] {logging_mixin.py:150} INFO - [2023-09-01T19:54:53.282+0000] {dagbag.py:541} INFO - Filling up the DagBag from /home/airflow/.local/lib/python3.7/site-packages/airflow/example_dags/example_task_group_decorator.py
[2023-09-01T19:54:53.314+0000] {processor.py:836} INFO - DAG(s) dict_keys(['example_task_group_decorator']) retrieved from /home/airflow/.local/lib/python3.7/site-packages/airflow/example_dags/example_task_group_decorator.py
[2023-09-01T19:54:53.357+0000] {logging_mixin.py:150} INFO - [2023-09-01T19:54:53.357+0000] {dag.py:2742} INFO - Sync 1 DAGs
[2023-09-01T19:54:53.442+0000] {logging_mixin.py:150} INFO - [2023-09-01T19:54:53.442+0000] {dag.py:3508} INFO - Setting next_dagrun for example_task_group_decorator to 2023-08-31T19:54:53.442071+00:00, run_after=2023-09-01T19:54:53.442071+00:00
[2023-09-01T19:54:53.473+0000] {processor.py:179} INFO - Processing /home/airflow/.local/lib/python3.7/site-packages/airflow/example_dags/example_task_group_decorator.py took 0.202 seconds
