[2023-09-01T19:31:49.342+0000] {processor.py:157} INFO - Started process (PID=39) to work on /home/airflow/.local/lib/python3.7/site-packages/airflow/example_dags/example_branch_python_dop_operator_3.py
[2023-09-01T19:31:49.343+0000] {processor.py:826} INFO - Processing file /home/airflow/.local/lib/python3.7/site-packages/airflow/example_dags/example_branch_python_dop_operator_3.py for tasks to queue
[2023-09-01T19:31:49.355+0000] {logging_mixin.py:150} INFO - [2023-09-01T19:31:49.355+0000] {dagbag.py:541} INFO - Filling up the DagBag from /home/airflow/.local/lib/python3.7/site-packages/airflow/example_dags/example_branch_python_dop_operator_3.py
[2023-09-01T19:31:49.409+0000] {processor.py:836} INFO - DAG(s) dict_keys(['example_branch_dop_operator_v3']) retrieved from /home/airflow/.local/lib/python3.7/site-packages/airflow/example_dags/example_branch_python_dop_operator_3.py
[2023-09-01T19:31:49.514+0000] {logging_mixin.py:150} INFO - [2023-09-01T19:31:49.514+0000] {dag.py:2742} INFO - Sync 1 DAGs
[2023-09-01T19:31:49.932+0000] {logging_mixin.py:150} INFO - [2023-09-01T19:31:49.932+0000] {dag.py:3508} INFO - Setting next_dagrun for example_branch_dop_operator_v3 to 2023-09-01T19:30:00+00:00, run_after=2023-09-01T19:31:00+00:00
[2023-09-01T19:31:50.031+0000] {processor.py:179} INFO - Processing /home/airflow/.local/lib/python3.7/site-packages/airflow/example_dags/example_branch_python_dop_operator_3.py took 0.692 seconds
[2023-09-01T19:32:20.900+0000] {processor.py:157} INFO - Started process (PID=95) to work on /home/airflow/.local/lib/python3.7/site-packages/airflow/example_dags/example_branch_python_dop_operator_3.py
[2023-09-01T19:32:20.902+0000] {processor.py:826} INFO - Processing file /home/airflow/.local/lib/python3.7/site-packages/airflow/example_dags/example_branch_python_dop_operator_3.py for tasks to queue
[2023-09-01T19:32:20.902+0000] {logging_mixin.py:150} INFO - [2023-09-01T19:32:20.902+0000] {dagbag.py:541} INFO - Filling up the DagBag from /home/airflow/.local/lib/python3.7/site-packages/airflow/example_dags/example_branch_python_dop_operator_3.py
[2023-09-01T19:32:20.912+0000] {processor.py:836} INFO - DAG(s) dict_keys(['example_branch_dop_operator_v3']) retrieved from /home/airflow/.local/lib/python3.7/site-packages/airflow/example_dags/example_branch_python_dop_operator_3.py
[2023-09-01T19:32:20.937+0000] {logging_mixin.py:150} INFO - [2023-09-01T19:32:20.937+0000] {dag.py:2742} INFO - Sync 1 DAGs
[2023-09-01T19:32:20.971+0000] {logging_mixin.py:150} INFO - [2023-09-01T19:32:20.971+0000] {dag.py:3508} INFO - Setting next_dagrun for example_branch_dop_operator_v3 to 2023-09-01T19:31:00+00:00, run_after=2023-09-01T19:32:00+00:00
[2023-09-01T19:32:20.990+0000] {processor.py:179} INFO - Processing /home/airflow/.local/lib/python3.7/site-packages/airflow/example_dags/example_branch_python_dop_operator_3.py took 0.093 seconds
[2023-09-01T19:32:51.925+0000] {processor.py:157} INFO - Started process (PID=150) to work on /home/airflow/.local/lib/python3.7/site-packages/airflow/example_dags/example_branch_python_dop_operator_3.py
[2023-09-01T19:32:51.926+0000] {processor.py:826} INFO - Processing file /home/airflow/.local/lib/python3.7/site-packages/airflow/example_dags/example_branch_python_dop_operator_3.py for tasks to queue
[2023-09-01T19:32:51.927+0000] {logging_mixin.py:150} INFO - [2023-09-01T19:32:51.927+0000] {dagbag.py:541} INFO - Filling up the DagBag from /home/airflow/.local/lib/python3.7/site-packages/airflow/example_dags/example_branch_python_dop_operator_3.py
[2023-09-01T19:32:51.933+0000] {processor.py:836} INFO - DAG(s) dict_keys(['example_branch_dop_operator_v3']) retrieved from /home/airflow/.local/lib/python3.7/site-packages/airflow/example_dags/example_branch_python_dop_operator_3.py
[2023-09-01T19:32:51.960+0000] {logging_mixin.py:150} INFO - [2023-09-01T19:32:51.959+0000] {dag.py:2742} INFO - Sync 1 DAGs
[2023-09-01T19:32:51.986+0000] {logging_mixin.py:150} INFO - [2023-09-01T19:32:51.986+0000] {dag.py:3508} INFO - Setting next_dagrun for example_branch_dop_operator_v3 to 2023-09-01T19:31:00+00:00, run_after=2023-09-01T19:32:00+00:00
[2023-09-01T19:32:52.003+0000] {processor.py:179} INFO - Processing /home/airflow/.local/lib/python3.7/site-packages/airflow/example_dags/example_branch_python_dop_operator_3.py took 0.081 seconds
[2023-09-01T19:33:22.221+0000] {processor.py:157} INFO - Started process (PID=205) to work on /home/airflow/.local/lib/python3.7/site-packages/airflow/example_dags/example_branch_python_dop_operator_3.py
[2023-09-01T19:33:22.222+0000] {processor.py:826} INFO - Processing file /home/airflow/.local/lib/python3.7/site-packages/airflow/example_dags/example_branch_python_dop_operator_3.py for tasks to queue
[2023-09-01T19:33:22.222+0000] {logging_mixin.py:150} INFO - [2023-09-01T19:33:22.222+0000] {dagbag.py:541} INFO - Filling up the DagBag from /home/airflow/.local/lib/python3.7/site-packages/airflow/example_dags/example_branch_python_dop_operator_3.py
[2023-09-01T19:33:22.229+0000] {processor.py:836} INFO - DAG(s) dict_keys(['example_branch_dop_operator_v3']) retrieved from /home/airflow/.local/lib/python3.7/site-packages/airflow/example_dags/example_branch_python_dop_operator_3.py
[2023-09-01T19:33:22.253+0000] {logging_mixin.py:150} INFO - [2023-09-01T19:33:22.252+0000] {dag.py:2742} INFO - Sync 1 DAGs
[2023-09-01T19:33:22.281+0000] {logging_mixin.py:150} INFO - [2023-09-01T19:33:22.281+0000] {dag.py:3508} INFO - Setting next_dagrun for example_branch_dop_operator_v3 to 2023-09-01T19:32:00+00:00, run_after=2023-09-01T19:33:00+00:00
[2023-09-01T19:33:22.298+0000] {processor.py:179} INFO - Processing /home/airflow/.local/lib/python3.7/site-packages/airflow/example_dags/example_branch_python_dop_operator_3.py took 0.080 seconds
[2023-09-01T19:33:52.563+0000] {processor.py:157} INFO - Started process (PID=260) to work on /home/airflow/.local/lib/python3.7/site-packages/airflow/example_dags/example_branch_python_dop_operator_3.py
[2023-09-01T19:33:52.565+0000] {processor.py:826} INFO - Processing file /home/airflow/.local/lib/python3.7/site-packages/airflow/example_dags/example_branch_python_dop_operator_3.py for tasks to queue
[2023-09-01T19:33:52.565+0000] {logging_mixin.py:150} INFO - [2023-09-01T19:33:52.565+0000] {dagbag.py:541} INFO - Filling up the DagBag from /home/airflow/.local/lib/python3.7/site-packages/airflow/example_dags/example_branch_python_dop_operator_3.py
[2023-09-01T19:33:52.572+0000] {processor.py:836} INFO - DAG(s) dict_keys(['example_branch_dop_operator_v3']) retrieved from /home/airflow/.local/lib/python3.7/site-packages/airflow/example_dags/example_branch_python_dop_operator_3.py
[2023-09-01T19:33:52.598+0000] {logging_mixin.py:150} INFO - [2023-09-01T19:33:52.597+0000] {dag.py:2742} INFO - Sync 1 DAGs
[2023-09-01T19:33:52.622+0000] {logging_mixin.py:150} INFO - [2023-09-01T19:33:52.622+0000] {dag.py:3508} INFO - Setting next_dagrun for example_branch_dop_operator_v3 to 2023-09-01T19:32:00+00:00, run_after=2023-09-01T19:33:00+00:00
[2023-09-01T19:33:52.641+0000] {processor.py:179} INFO - Processing /home/airflow/.local/lib/python3.7/site-packages/airflow/example_dags/example_branch_python_dop_operator_3.py took 0.080 seconds
[2023-09-01T19:34:23.041+0000] {processor.py:157} INFO - Started process (PID=315) to work on /home/airflow/.local/lib/python3.7/site-packages/airflow/example_dags/example_branch_python_dop_operator_3.py
[2023-09-01T19:34:23.051+0000] {processor.py:826} INFO - Processing file /home/airflow/.local/lib/python3.7/site-packages/airflow/example_dags/example_branch_python_dop_operator_3.py for tasks to queue
[2023-09-01T19:34:23.052+0000] {logging_mixin.py:150} INFO - [2023-09-01T19:34:23.052+0000] {dagbag.py:541} INFO - Filling up the DagBag from /home/airflow/.local/lib/python3.7/site-packages/airflow/example_dags/example_branch_python_dop_operator_3.py
[2023-09-01T19:34:23.065+0000] {processor.py:836} INFO - DAG(s) dict_keys(['example_branch_dop_operator_v3']) retrieved from /home/airflow/.local/lib/python3.7/site-packages/airflow/example_dags/example_branch_python_dop_operator_3.py
[2023-09-01T19:34:23.088+0000] {logging_mixin.py:150} INFO - [2023-09-01T19:34:23.088+0000] {dag.py:2742} INFO - Sync 1 DAGs
[2023-09-01T19:34:23.112+0000] {logging_mixin.py:150} INFO - [2023-09-01T19:34:23.112+0000] {dag.py:3508} INFO - Setting next_dagrun for example_branch_dop_operator_v3 to 2023-09-01T19:33:00+00:00, run_after=2023-09-01T19:34:00+00:00
[2023-09-01T19:34:23.127+0000] {processor.py:179} INFO - Processing /home/airflow/.local/lib/python3.7/site-packages/airflow/example_dags/example_branch_python_dop_operator_3.py took 0.090 seconds
[2023-09-01T19:34:53.222+0000] {processor.py:157} INFO - Started process (PID=370) to work on /home/airflow/.local/lib/python3.7/site-packages/airflow/example_dags/example_branch_python_dop_operator_3.py
[2023-09-01T19:34:53.227+0000] {processor.py:826} INFO - Processing file /home/airflow/.local/lib/python3.7/site-packages/airflow/example_dags/example_branch_python_dop_operator_3.py for tasks to queue
[2023-09-01T19:34:53.227+0000] {logging_mixin.py:150} INFO - [2023-09-01T19:34:53.227+0000] {dagbag.py:541} INFO - Filling up the DagBag from /home/airflow/.local/lib/python3.7/site-packages/airflow/example_dags/example_branch_python_dop_operator_3.py
[2023-09-01T19:34:53.234+0000] {processor.py:836} INFO - DAG(s) dict_keys(['example_branch_dop_operator_v3']) retrieved from /home/airflow/.local/lib/python3.7/site-packages/airflow/example_dags/example_branch_python_dop_operator_3.py
[2023-09-01T19:34:53.256+0000] {logging_mixin.py:150} INFO - [2023-09-01T19:34:53.256+0000] {dag.py:2742} INFO - Sync 1 DAGs
[2023-09-01T19:34:53.280+0000] {logging_mixin.py:150} INFO - [2023-09-01T19:34:53.280+0000] {dag.py:3508} INFO - Setting next_dagrun for example_branch_dop_operator_v3 to 2023-09-01T19:33:00+00:00, run_after=2023-09-01T19:34:00+00:00
[2023-09-01T19:34:53.325+0000] {processor.py:179} INFO - Processing /home/airflow/.local/lib/python3.7/site-packages/airflow/example_dags/example_branch_python_dop_operator_3.py took 0.106 seconds
[2023-09-01T19:35:23.466+0000] {processor.py:157} INFO - Started process (PID=425) to work on /home/airflow/.local/lib/python3.7/site-packages/airflow/example_dags/example_branch_python_dop_operator_3.py
[2023-09-01T19:35:23.467+0000] {processor.py:826} INFO - Processing file /home/airflow/.local/lib/python3.7/site-packages/airflow/example_dags/example_branch_python_dop_operator_3.py for tasks to queue
[2023-09-01T19:35:23.467+0000] {logging_mixin.py:150} INFO - [2023-09-01T19:35:23.467+0000] {dagbag.py:541} INFO - Filling up the DagBag from /home/airflow/.local/lib/python3.7/site-packages/airflow/example_dags/example_branch_python_dop_operator_3.py
[2023-09-01T19:35:23.474+0000] {processor.py:836} INFO - DAG(s) dict_keys(['example_branch_dop_operator_v3']) retrieved from /home/airflow/.local/lib/python3.7/site-packages/airflow/example_dags/example_branch_python_dop_operator_3.py
[2023-09-01T19:35:23.496+0000] {logging_mixin.py:150} INFO - [2023-09-01T19:35:23.496+0000] {dag.py:2742} INFO - Sync 1 DAGs
[2023-09-01T19:35:23.532+0000] {logging_mixin.py:150} INFO - [2023-09-01T19:35:23.532+0000] {dag.py:3508} INFO - Setting next_dagrun for example_branch_dop_operator_v3 to 2023-09-01T19:34:00+00:00, run_after=2023-09-01T19:35:00+00:00
[2023-09-01T19:35:23.550+0000] {processor.py:179} INFO - Processing /home/airflow/.local/lib/python3.7/site-packages/airflow/example_dags/example_branch_python_dop_operator_3.py took 0.087 seconds
[2023-09-01T19:35:53.624+0000] {processor.py:157} INFO - Started process (PID=480) to work on /home/airflow/.local/lib/python3.7/site-packages/airflow/example_dags/example_branch_python_dop_operator_3.py
[2023-09-01T19:35:53.624+0000] {processor.py:826} INFO - Processing file /home/airflow/.local/lib/python3.7/site-packages/airflow/example_dags/example_branch_python_dop_operator_3.py for tasks to queue
[2023-09-01T19:35:53.625+0000] {logging_mixin.py:150} INFO - [2023-09-01T19:35:53.625+0000] {dagbag.py:541} INFO - Filling up the DagBag from /home/airflow/.local/lib/python3.7/site-packages/airflow/example_dags/example_branch_python_dop_operator_3.py
[2023-09-01T19:35:53.632+0000] {processor.py:836} INFO - DAG(s) dict_keys(['example_branch_dop_operator_v3']) retrieved from /home/airflow/.local/lib/python3.7/site-packages/airflow/example_dags/example_branch_python_dop_operator_3.py
[2023-09-01T19:35:53.653+0000] {logging_mixin.py:150} INFO - [2023-09-01T19:35:53.652+0000] {dag.py:2742} INFO - Sync 1 DAGs
[2023-09-01T19:35:53.676+0000] {logging_mixin.py:150} INFO - [2023-09-01T19:35:53.675+0000] {dag.py:3508} INFO - Setting next_dagrun for example_branch_dop_operator_v3 to 2023-09-01T19:34:00+00:00, run_after=2023-09-01T19:35:00+00:00
[2023-09-01T19:35:53.692+0000] {processor.py:179} INFO - Processing /home/airflow/.local/lib/python3.7/site-packages/airflow/example_dags/example_branch_python_dop_operator_3.py took 0.072 seconds
[2023-09-01T19:36:24.182+0000] {processor.py:157} INFO - Started process (PID=535) to work on /home/airflow/.local/lib/python3.7/site-packages/airflow/example_dags/example_branch_python_dop_operator_3.py
[2023-09-01T19:36:24.183+0000] {processor.py:826} INFO - Processing file /home/airflow/.local/lib/python3.7/site-packages/airflow/example_dags/example_branch_python_dop_operator_3.py for tasks to queue
[2023-09-01T19:36:24.184+0000] {logging_mixin.py:150} INFO - [2023-09-01T19:36:24.184+0000] {dagbag.py:541} INFO - Filling up the DagBag from /home/airflow/.local/lib/python3.7/site-packages/airflow/example_dags/example_branch_python_dop_operator_3.py
[2023-09-01T19:36:24.197+0000] {processor.py:836} INFO - DAG(s) dict_keys(['example_branch_dop_operator_v3']) retrieved from /home/airflow/.local/lib/python3.7/site-packages/airflow/example_dags/example_branch_python_dop_operator_3.py
[2023-09-01T19:36:24.219+0000] {logging_mixin.py:150} INFO - [2023-09-01T19:36:24.219+0000] {dag.py:2742} INFO - Sync 1 DAGs
[2023-09-01T19:36:24.244+0000] {logging_mixin.py:150} INFO - [2023-09-01T19:36:24.244+0000] {dag.py:3508} INFO - Setting next_dagrun for example_branch_dop_operator_v3 to 2023-09-01T19:35:00+00:00, run_after=2023-09-01T19:36:00+00:00
[2023-09-01T19:36:24.260+0000] {processor.py:179} INFO - Processing /home/airflow/.local/lib/python3.7/site-packages/airflow/example_dags/example_branch_python_dop_operator_3.py took 0.081 seconds
[2023-09-01T19:36:55.097+0000] {processor.py:157} INFO - Started process (PID=590) to work on /home/airflow/.local/lib/python3.7/site-packages/airflow/example_dags/example_branch_python_dop_operator_3.py
[2023-09-01T19:36:55.098+0000] {processor.py:826} INFO - Processing file /home/airflow/.local/lib/python3.7/site-packages/airflow/example_dags/example_branch_python_dop_operator_3.py for tasks to queue
[2023-09-01T19:36:55.099+0000] {logging_mixin.py:150} INFO - [2023-09-01T19:36:55.099+0000] {dagbag.py:541} INFO - Filling up the DagBag from /home/airflow/.local/lib/python3.7/site-packages/airflow/example_dags/example_branch_python_dop_operator_3.py
[2023-09-01T19:36:55.105+0000] {processor.py:836} INFO - DAG(s) dict_keys(['example_branch_dop_operator_v3']) retrieved from /home/airflow/.local/lib/python3.7/site-packages/airflow/example_dags/example_branch_python_dop_operator_3.py
[2023-09-01T19:36:55.129+0000] {logging_mixin.py:150} INFO - [2023-09-01T19:36:55.128+0000] {dag.py:2742} INFO - Sync 1 DAGs
[2023-09-01T19:36:55.155+0000] {logging_mixin.py:150} INFO - [2023-09-01T19:36:55.154+0000] {dag.py:3508} INFO - Setting next_dagrun for example_branch_dop_operator_v3 to 2023-09-01T19:35:00+00:00, run_after=2023-09-01T19:36:00+00:00
[2023-09-01T19:36:55.171+0000] {processor.py:179} INFO - Processing /home/airflow/.local/lib/python3.7/site-packages/airflow/example_dags/example_branch_python_dop_operator_3.py took 0.076 seconds
[2023-09-01T19:37:25.709+0000] {processor.py:157} INFO - Started process (PID=645) to work on /home/airflow/.local/lib/python3.7/site-packages/airflow/example_dags/example_branch_python_dop_operator_3.py
[2023-09-01T19:37:25.714+0000] {processor.py:826} INFO - Processing file /home/airflow/.local/lib/python3.7/site-packages/airflow/example_dags/example_branch_python_dop_operator_3.py for tasks to queue
[2023-09-01T19:37:25.715+0000] {logging_mixin.py:150} INFO - [2023-09-01T19:37:25.714+0000] {dagbag.py:541} INFO - Filling up the DagBag from /home/airflow/.local/lib/python3.7/site-packages/airflow/example_dags/example_branch_python_dop_operator_3.py
[2023-09-01T19:37:25.732+0000] {processor.py:836} INFO - DAG(s) dict_keys(['example_branch_dop_operator_v3']) retrieved from /home/airflow/.local/lib/python3.7/site-packages/airflow/example_dags/example_branch_python_dop_operator_3.py
[2023-09-01T19:37:25.809+0000] {logging_mixin.py:150} INFO - [2023-09-01T19:37:25.808+0000] {dag.py:2742} INFO - Sync 1 DAGs
[2023-09-01T19:37:25.879+0000] {logging_mixin.py:150} INFO - [2023-09-01T19:37:25.879+0000] {dag.py:3508} INFO - Setting next_dagrun for example_branch_dop_operator_v3 to 2023-09-01T19:36:00+00:00, run_after=2023-09-01T19:37:00+00:00
[2023-09-01T19:37:25.912+0000] {processor.py:179} INFO - Processing /home/airflow/.local/lib/python3.7/site-packages/airflow/example_dags/example_branch_python_dop_operator_3.py took 0.218 seconds
[2023-09-01T19:37:56.094+0000] {processor.py:157} INFO - Started process (PID=699) to work on /home/airflow/.local/lib/python3.7/site-packages/airflow/example_dags/example_branch_python_dop_operator_3.py
[2023-09-01T19:37:56.104+0000] {processor.py:826} INFO - Processing file /home/airflow/.local/lib/python3.7/site-packages/airflow/example_dags/example_branch_python_dop_operator_3.py for tasks to queue
[2023-09-01T19:37:56.105+0000] {logging_mixin.py:150} INFO - [2023-09-01T19:37:56.104+0000] {dagbag.py:541} INFO - Filling up the DagBag from /home/airflow/.local/lib/python3.7/site-packages/airflow/example_dags/example_branch_python_dop_operator_3.py
[2023-09-01T19:37:56.129+0000] {processor.py:836} INFO - DAG(s) dict_keys(['example_branch_dop_operator_v3']) retrieved from /home/airflow/.local/lib/python3.7/site-packages/airflow/example_dags/example_branch_python_dop_operator_3.py
[2023-09-01T19:37:56.172+0000] {logging_mixin.py:150} INFO - [2023-09-01T19:37:56.172+0000] {dag.py:2742} INFO - Sync 1 DAGs
[2023-09-01T19:37:56.232+0000] {logging_mixin.py:150} INFO - [2023-09-01T19:37:56.231+0000] {dag.py:3508} INFO - Setting next_dagrun for example_branch_dop_operator_v3 to 2023-09-01T19:36:00+00:00, run_after=2023-09-01T19:37:00+00:00
[2023-09-01T19:37:56.270+0000] {processor.py:179} INFO - Processing /home/airflow/.local/lib/python3.7/site-packages/airflow/example_dags/example_branch_python_dop_operator_3.py took 0.180 seconds
[2023-09-01T19:38:26.955+0000] {processor.py:157} INFO - Started process (PID=754) to work on /home/airflow/.local/lib/python3.7/site-packages/airflow/example_dags/example_branch_python_dop_operator_3.py
[2023-09-01T19:38:26.957+0000] {processor.py:826} INFO - Processing file /home/airflow/.local/lib/python3.7/site-packages/airflow/example_dags/example_branch_python_dop_operator_3.py for tasks to queue
[2023-09-01T19:38:26.957+0000] {logging_mixin.py:150} INFO - [2023-09-01T19:38:26.957+0000] {dagbag.py:541} INFO - Filling up the DagBag from /home/airflow/.local/lib/python3.7/site-packages/airflow/example_dags/example_branch_python_dop_operator_3.py
[2023-09-01T19:38:26.969+0000] {processor.py:836} INFO - DAG(s) dict_keys(['example_branch_dop_operator_v3']) retrieved from /home/airflow/.local/lib/python3.7/site-packages/airflow/example_dags/example_branch_python_dop_operator_3.py
[2023-09-01T19:38:26.992+0000] {logging_mixin.py:150} INFO - [2023-09-01T19:38:26.992+0000] {dag.py:2742} INFO - Sync 1 DAGs
[2023-09-01T19:38:27.023+0000] {logging_mixin.py:150} INFO - [2023-09-01T19:38:27.023+0000] {dag.py:3508} INFO - Setting next_dagrun for example_branch_dop_operator_v3 to 2023-09-01T19:37:00+00:00, run_after=2023-09-01T19:38:00+00:00
[2023-09-01T19:38:27.042+0000] {processor.py:179} INFO - Processing /home/airflow/.local/lib/python3.7/site-packages/airflow/example_dags/example_branch_python_dop_operator_3.py took 0.090 seconds
[2023-09-01T19:38:57.194+0000] {processor.py:157} INFO - Started process (PID=809) to work on /home/airflow/.local/lib/python3.7/site-packages/airflow/example_dags/example_branch_python_dop_operator_3.py
[2023-09-01T19:38:57.195+0000] {processor.py:826} INFO - Processing file /home/airflow/.local/lib/python3.7/site-packages/airflow/example_dags/example_branch_python_dop_operator_3.py for tasks to queue
[2023-09-01T19:38:57.195+0000] {logging_mixin.py:150} INFO - [2023-09-01T19:38:57.195+0000] {dagbag.py:541} INFO - Filling up the DagBag from /home/airflow/.local/lib/python3.7/site-packages/airflow/example_dags/example_branch_python_dop_operator_3.py
[2023-09-01T19:38:57.202+0000] {processor.py:836} INFO - DAG(s) dict_keys(['example_branch_dop_operator_v3']) retrieved from /home/airflow/.local/lib/python3.7/site-packages/airflow/example_dags/example_branch_python_dop_operator_3.py
[2023-09-01T19:38:57.224+0000] {logging_mixin.py:150} INFO - [2023-09-01T19:38:57.224+0000] {dag.py:2742} INFO - Sync 1 DAGs
[2023-09-01T19:38:57.248+0000] {logging_mixin.py:150} INFO - [2023-09-01T19:38:57.248+0000] {dag.py:3508} INFO - Setting next_dagrun for example_branch_dop_operator_v3 to 2023-09-01T19:37:00+00:00, run_after=2023-09-01T19:38:00+00:00
[2023-09-01T19:38:57.270+0000] {processor.py:179} INFO - Processing /home/airflow/.local/lib/python3.7/site-packages/airflow/example_dags/example_branch_python_dop_operator_3.py took 0.080 seconds
[2023-09-01T19:39:27.552+0000] {processor.py:157} INFO - Started process (PID=863) to work on /home/airflow/.local/lib/python3.7/site-packages/airflow/example_dags/example_branch_python_dop_operator_3.py
[2023-09-01T19:39:27.556+0000] {processor.py:826} INFO - Processing file /home/airflow/.local/lib/python3.7/site-packages/airflow/example_dags/example_branch_python_dop_operator_3.py for tasks to queue
[2023-09-01T19:39:27.556+0000] {logging_mixin.py:150} INFO - [2023-09-01T19:39:27.556+0000] {dagbag.py:541} INFO - Filling up the DagBag from /home/airflow/.local/lib/python3.7/site-packages/airflow/example_dags/example_branch_python_dop_operator_3.py
[2023-09-01T19:39:27.564+0000] {processor.py:836} INFO - DAG(s) dict_keys(['example_branch_dop_operator_v3']) retrieved from /home/airflow/.local/lib/python3.7/site-packages/airflow/example_dags/example_branch_python_dop_operator_3.py
[2023-09-01T19:39:27.586+0000] {logging_mixin.py:150} INFO - [2023-09-01T19:39:27.586+0000] {dag.py:2742} INFO - Sync 1 DAGs
[2023-09-01T19:39:27.617+0000] {logging_mixin.py:150} INFO - [2023-09-01T19:39:27.617+0000] {dag.py:3508} INFO - Setting next_dagrun for example_branch_dop_operator_v3 to 2023-09-01T19:38:00+00:00, run_after=2023-09-01T19:39:00+00:00
[2023-09-01T19:39:27.636+0000] {processor.py:179} INFO - Processing /home/airflow/.local/lib/python3.7/site-packages/airflow/example_dags/example_branch_python_dop_operator_3.py took 0.088 seconds
[2023-09-01T19:39:57.840+0000] {processor.py:157} INFO - Started process (PID=918) to work on /home/airflow/.local/lib/python3.7/site-packages/airflow/example_dags/example_branch_python_dop_operator_3.py
[2023-09-01T19:39:57.841+0000] {processor.py:826} INFO - Processing file /home/airflow/.local/lib/python3.7/site-packages/airflow/example_dags/example_branch_python_dop_operator_3.py for tasks to queue
[2023-09-01T19:39:57.842+0000] {logging_mixin.py:150} INFO - [2023-09-01T19:39:57.841+0000] {dagbag.py:541} INFO - Filling up the DagBag from /home/airflow/.local/lib/python3.7/site-packages/airflow/example_dags/example_branch_python_dop_operator_3.py
[2023-09-01T19:39:57.849+0000] {processor.py:836} INFO - DAG(s) dict_keys(['example_branch_dop_operator_v3']) retrieved from /home/airflow/.local/lib/python3.7/site-packages/airflow/example_dags/example_branch_python_dop_operator_3.py
[2023-09-01T19:39:57.870+0000] {logging_mixin.py:150} INFO - [2023-09-01T19:39:57.870+0000] {dag.py:2742} INFO - Sync 1 DAGs
[2023-09-01T19:39:57.896+0000] {logging_mixin.py:150} INFO - [2023-09-01T19:39:57.896+0000] {dag.py:3508} INFO - Setting next_dagrun for example_branch_dop_operator_v3 to 2023-09-01T19:38:00+00:00, run_after=2023-09-01T19:39:00+00:00
[2023-09-01T19:39:57.912+0000] {processor.py:179} INFO - Processing /home/airflow/.local/lib/python3.7/site-packages/airflow/example_dags/example_branch_python_dop_operator_3.py took 0.075 seconds
[2023-09-01T19:40:28.366+0000] {processor.py:157} INFO - Started process (PID=973) to work on /home/airflow/.local/lib/python3.7/site-packages/airflow/example_dags/example_branch_python_dop_operator_3.py
[2023-09-01T19:40:28.367+0000] {processor.py:826} INFO - Processing file /home/airflow/.local/lib/python3.7/site-packages/airflow/example_dags/example_branch_python_dop_operator_3.py for tasks to queue
[2023-09-01T19:40:28.368+0000] {logging_mixin.py:150} INFO - [2023-09-01T19:40:28.368+0000] {dagbag.py:541} INFO - Filling up the DagBag from /home/airflow/.local/lib/python3.7/site-packages/airflow/example_dags/example_branch_python_dop_operator_3.py
[2023-09-01T19:40:28.377+0000] {processor.py:836} INFO - DAG(s) dict_keys(['example_branch_dop_operator_v3']) retrieved from /home/airflow/.local/lib/python3.7/site-packages/airflow/example_dags/example_branch_python_dop_operator_3.py
[2023-09-01T19:40:28.400+0000] {logging_mixin.py:150} INFO - [2023-09-01T19:40:28.400+0000] {dag.py:2742} INFO - Sync 1 DAGs
[2023-09-01T19:40:28.446+0000] {logging_mixin.py:150} INFO - [2023-09-01T19:40:28.446+0000] {dag.py:3508} INFO - Setting next_dagrun for example_branch_dop_operator_v3 to 2023-09-01T19:39:00+00:00, run_after=2023-09-01T19:40:00+00:00
[2023-09-01T19:40:28.485+0000] {processor.py:179} INFO - Processing /home/airflow/.local/lib/python3.7/site-packages/airflow/example_dags/example_branch_python_dop_operator_3.py took 0.123 seconds
[2023-09-01T19:40:58.554+0000] {processor.py:157} INFO - Started process (PID=1027) to work on /home/airflow/.local/lib/python3.7/site-packages/airflow/example_dags/example_branch_python_dop_operator_3.py
[2023-09-01T19:40:58.554+0000] {processor.py:826} INFO - Processing file /home/airflow/.local/lib/python3.7/site-packages/airflow/example_dags/example_branch_python_dop_operator_3.py for tasks to queue
[2023-09-01T19:40:58.556+0000] {logging_mixin.py:150} INFO - [2023-09-01T19:40:58.556+0000] {dagbag.py:541} INFO - Filling up the DagBag from /home/airflow/.local/lib/python3.7/site-packages/airflow/example_dags/example_branch_python_dop_operator_3.py
[2023-09-01T19:40:58.564+0000] {processor.py:836} INFO - DAG(s) dict_keys(['example_branch_dop_operator_v3']) retrieved from /home/airflow/.local/lib/python3.7/site-packages/airflow/example_dags/example_branch_python_dop_operator_3.py
[2023-09-01T19:40:58.585+0000] {logging_mixin.py:150} INFO - [2023-09-01T19:40:58.585+0000] {dag.py:2742} INFO - Sync 1 DAGs
[2023-09-01T19:40:58.610+0000] {logging_mixin.py:150} INFO - [2023-09-01T19:40:58.609+0000] {dag.py:3508} INFO - Setting next_dagrun for example_branch_dop_operator_v3 to 2023-09-01T19:39:00+00:00, run_after=2023-09-01T19:40:00+00:00
[2023-09-01T19:40:58.626+0000] {processor.py:179} INFO - Processing /home/airflow/.local/lib/python3.7/site-packages/airflow/example_dags/example_branch_python_dop_operator_3.py took 0.076 seconds
[2023-09-01T19:41:28.681+0000] {processor.py:157} INFO - Started process (PID=1082) to work on /home/airflow/.local/lib/python3.7/site-packages/airflow/example_dags/example_branch_python_dop_operator_3.py
[2023-09-01T19:41:28.682+0000] {processor.py:826} INFO - Processing file /home/airflow/.local/lib/python3.7/site-packages/airflow/example_dags/example_branch_python_dop_operator_3.py for tasks to queue
[2023-09-01T19:41:28.683+0000] {logging_mixin.py:150} INFO - [2023-09-01T19:41:28.683+0000] {dagbag.py:541} INFO - Filling up the DagBag from /home/airflow/.local/lib/python3.7/site-packages/airflow/example_dags/example_branch_python_dop_operator_3.py
[2023-09-01T19:41:28.691+0000] {processor.py:836} INFO - DAG(s) dict_keys(['example_branch_dop_operator_v3']) retrieved from /home/airflow/.local/lib/python3.7/site-packages/airflow/example_dags/example_branch_python_dop_operator_3.py
[2023-09-01T19:41:28.722+0000] {logging_mixin.py:150} INFO - [2023-09-01T19:41:28.722+0000] {dag.py:2742} INFO - Sync 1 DAGs
[2023-09-01T19:41:28.746+0000] {logging_mixin.py:150} INFO - [2023-09-01T19:41:28.746+0000] {dag.py:3508} INFO - Setting next_dagrun for example_branch_dop_operator_v3 to 2023-09-01T19:40:00+00:00, run_after=2023-09-01T19:41:00+00:00
[2023-09-01T19:41:28.764+0000] {processor.py:179} INFO - Processing /home/airflow/.local/lib/python3.7/site-packages/airflow/example_dags/example_branch_python_dop_operator_3.py took 0.086 seconds
[2023-09-01T19:41:59.336+0000] {processor.py:157} INFO - Started process (PID=1137) to work on /home/airflow/.local/lib/python3.7/site-packages/airflow/example_dags/example_branch_python_dop_operator_3.py
[2023-09-01T19:41:59.337+0000] {processor.py:826} INFO - Processing file /home/airflow/.local/lib/python3.7/site-packages/airflow/example_dags/example_branch_python_dop_operator_3.py for tasks to queue
[2023-09-01T19:41:59.338+0000] {logging_mixin.py:150} INFO - [2023-09-01T19:41:59.338+0000] {dagbag.py:541} INFO - Filling up the DagBag from /home/airflow/.local/lib/python3.7/site-packages/airflow/example_dags/example_branch_python_dop_operator_3.py
[2023-09-01T19:41:59.346+0000] {processor.py:836} INFO - DAG(s) dict_keys(['example_branch_dop_operator_v3']) retrieved from /home/airflow/.local/lib/python3.7/site-packages/airflow/example_dags/example_branch_python_dop_operator_3.py
[2023-09-01T19:41:59.380+0000] {logging_mixin.py:150} INFO - [2023-09-01T19:41:59.380+0000] {dag.py:2742} INFO - Sync 1 DAGs
[2023-09-01T19:41:59.407+0000] {logging_mixin.py:150} INFO - [2023-09-01T19:41:59.407+0000] {dag.py:3508} INFO - Setting next_dagrun for example_branch_dop_operator_v3 to 2023-09-01T19:40:00+00:00, run_after=2023-09-01T19:41:00+00:00
[2023-09-01T19:41:59.427+0000] {processor.py:179} INFO - Processing /home/airflow/.local/lib/python3.7/site-packages/airflow/example_dags/example_branch_python_dop_operator_3.py took 0.095 seconds
[2023-09-01T19:42:29.690+0000] {processor.py:157} INFO - Started process (PID=1191) to work on /home/airflow/.local/lib/python3.7/site-packages/airflow/example_dags/example_branch_python_dop_operator_3.py
[2023-09-01T19:42:29.691+0000] {processor.py:826} INFO - Processing file /home/airflow/.local/lib/python3.7/site-packages/airflow/example_dags/example_branch_python_dop_operator_3.py for tasks to queue
[2023-09-01T19:42:29.691+0000] {logging_mixin.py:150} INFO - [2023-09-01T19:42:29.691+0000] {dagbag.py:541} INFO - Filling up the DagBag from /home/airflow/.local/lib/python3.7/site-packages/airflow/example_dags/example_branch_python_dop_operator_3.py
[2023-09-01T19:42:29.698+0000] {processor.py:836} INFO - DAG(s) dict_keys(['example_branch_dop_operator_v3']) retrieved from /home/airflow/.local/lib/python3.7/site-packages/airflow/example_dags/example_branch_python_dop_operator_3.py
[2023-09-01T19:42:29.722+0000] {logging_mixin.py:150} INFO - [2023-09-01T19:42:29.722+0000] {dag.py:2742} INFO - Sync 1 DAGs
[2023-09-01T19:42:29.746+0000] {logging_mixin.py:150} INFO - [2023-09-01T19:42:29.746+0000] {dag.py:3508} INFO - Setting next_dagrun for example_branch_dop_operator_v3 to 2023-09-01T19:41:00+00:00, run_after=2023-09-01T19:42:00+00:00
[2023-09-01T19:42:29.764+0000] {processor.py:179} INFO - Processing /home/airflow/.local/lib/python3.7/site-packages/airflow/example_dags/example_branch_python_dop_operator_3.py took 0.078 seconds
[2023-09-01T19:42:59.974+0000] {processor.py:157} INFO - Started process (PID=1246) to work on /home/airflow/.local/lib/python3.7/site-packages/airflow/example_dags/example_branch_python_dop_operator_3.py
[2023-09-01T19:42:59.975+0000] {processor.py:826} INFO - Processing file /home/airflow/.local/lib/python3.7/site-packages/airflow/example_dags/example_branch_python_dop_operator_3.py for tasks to queue
[2023-09-01T19:42:59.976+0000] {logging_mixin.py:150} INFO - [2023-09-01T19:42:59.976+0000] {dagbag.py:541} INFO - Filling up the DagBag from /home/airflow/.local/lib/python3.7/site-packages/airflow/example_dags/example_branch_python_dop_operator_3.py
[2023-09-01T19:42:59.985+0000] {processor.py:836} INFO - DAG(s) dict_keys(['example_branch_dop_operator_v3']) retrieved from /home/airflow/.local/lib/python3.7/site-packages/airflow/example_dags/example_branch_python_dop_operator_3.py
[2023-09-01T19:43:00.018+0000] {logging_mixin.py:150} INFO - [2023-09-01T19:43:00.018+0000] {dag.py:2742} INFO - Sync 1 DAGs
[2023-09-01T19:43:00.053+0000] {logging_mixin.py:150} INFO - [2023-09-01T19:43:00.053+0000] {dag.py:3508} INFO - Setting next_dagrun for example_branch_dop_operator_v3 to 2023-09-01T19:42:00+00:00, run_after=2023-09-01T19:43:00+00:00
[2023-09-01T19:43:00.082+0000] {processor.py:179} INFO - Processing /home/airflow/.local/lib/python3.7/site-packages/airflow/example_dags/example_branch_python_dop_operator_3.py took 0.111 seconds
[2023-09-01T19:43:30.621+0000] {processor.py:157} INFO - Started process (PID=1301) to work on /home/airflow/.local/lib/python3.7/site-packages/airflow/example_dags/example_branch_python_dop_operator_3.py
[2023-09-01T19:43:30.622+0000] {processor.py:826} INFO - Processing file /home/airflow/.local/lib/python3.7/site-packages/airflow/example_dags/example_branch_python_dop_operator_3.py for tasks to queue
[2023-09-01T19:43:30.623+0000] {logging_mixin.py:150} INFO - [2023-09-01T19:43:30.622+0000] {dagbag.py:541} INFO - Filling up the DagBag from /home/airflow/.local/lib/python3.7/site-packages/airflow/example_dags/example_branch_python_dop_operator_3.py
[2023-09-01T19:43:30.637+0000] {processor.py:836} INFO - DAG(s) dict_keys(['example_branch_dop_operator_v3']) retrieved from /home/airflow/.local/lib/python3.7/site-packages/airflow/example_dags/example_branch_python_dop_operator_3.py
[2023-09-01T19:43:30.660+0000] {logging_mixin.py:150} INFO - [2023-09-01T19:43:30.660+0000] {dag.py:2742} INFO - Sync 1 DAGs
[2023-09-01T19:43:30.697+0000] {logging_mixin.py:150} INFO - [2023-09-01T19:43:30.697+0000] {dag.py:3508} INFO - Setting next_dagrun for example_branch_dop_operator_v3 to 2023-09-01T19:42:00+00:00, run_after=2023-09-01T19:43:00+00:00
[2023-09-01T19:43:30.719+0000] {processor.py:179} INFO - Processing /home/airflow/.local/lib/python3.7/site-packages/airflow/example_dags/example_branch_python_dop_operator_3.py took 0.101 seconds
[2023-09-01T19:44:01.130+0000] {processor.py:157} INFO - Started process (PID=1356) to work on /home/airflow/.local/lib/python3.7/site-packages/airflow/example_dags/example_branch_python_dop_operator_3.py
[2023-09-01T19:44:01.132+0000] {processor.py:826} INFO - Processing file /home/airflow/.local/lib/python3.7/site-packages/airflow/example_dags/example_branch_python_dop_operator_3.py for tasks to queue
[2023-09-01T19:44:01.132+0000] {logging_mixin.py:150} INFO - [2023-09-01T19:44:01.132+0000] {dagbag.py:541} INFO - Filling up the DagBag from /home/airflow/.local/lib/python3.7/site-packages/airflow/example_dags/example_branch_python_dop_operator_3.py
[2023-09-01T19:44:01.141+0000] {processor.py:836} INFO - DAG(s) dict_keys(['example_branch_dop_operator_v3']) retrieved from /home/airflow/.local/lib/python3.7/site-packages/airflow/example_dags/example_branch_python_dop_operator_3.py
[2023-09-01T19:44:01.165+0000] {logging_mixin.py:150} INFO - [2023-09-01T19:44:01.165+0000] {dag.py:2742} INFO - Sync 1 DAGs
[2023-09-01T19:44:01.192+0000] {logging_mixin.py:150} INFO - [2023-09-01T19:44:01.192+0000] {dag.py:3508} INFO - Setting next_dagrun for example_branch_dop_operator_v3 to 2023-09-01T19:43:00+00:00, run_after=2023-09-01T19:44:00+00:00
[2023-09-01T19:44:01.209+0000] {processor.py:179} INFO - Processing /home/airflow/.local/lib/python3.7/site-packages/airflow/example_dags/example_branch_python_dop_operator_3.py took 0.084 seconds
[2023-09-01T19:44:31.764+0000] {processor.py:157} INFO - Started process (PID=1411) to work on /home/airflow/.local/lib/python3.7/site-packages/airflow/example_dags/example_branch_python_dop_operator_3.py
[2023-09-01T19:44:31.764+0000] {processor.py:826} INFO - Processing file /home/airflow/.local/lib/python3.7/site-packages/airflow/example_dags/example_branch_python_dop_operator_3.py for tasks to queue
[2023-09-01T19:44:31.765+0000] {logging_mixin.py:150} INFO - [2023-09-01T19:44:31.765+0000] {dagbag.py:541} INFO - Filling up the DagBag from /home/airflow/.local/lib/python3.7/site-packages/airflow/example_dags/example_branch_python_dop_operator_3.py
[2023-09-01T19:44:31.772+0000] {processor.py:836} INFO - DAG(s) dict_keys(['example_branch_dop_operator_v3']) retrieved from /home/airflow/.local/lib/python3.7/site-packages/airflow/example_dags/example_branch_python_dop_operator_3.py
[2023-09-01T19:44:31.793+0000] {logging_mixin.py:150} INFO - [2023-09-01T19:44:31.793+0000] {dag.py:2742} INFO - Sync 1 DAGs
[2023-09-01T19:44:31.821+0000] {logging_mixin.py:150} INFO - [2023-09-01T19:44:31.820+0000] {dag.py:3508} INFO - Setting next_dagrun for example_branch_dop_operator_v3 to 2023-09-01T19:43:00+00:00, run_after=2023-09-01T19:44:00+00:00
[2023-09-01T19:44:31.837+0000] {processor.py:179} INFO - Processing /home/airflow/.local/lib/python3.7/site-packages/airflow/example_dags/example_branch_python_dop_operator_3.py took 0.079 seconds
[2023-09-01T19:45:02.117+0000] {processor.py:157} INFO - Started process (PID=1466) to work on /home/airflow/.local/lib/python3.7/site-packages/airflow/example_dags/example_branch_python_dop_operator_3.py
[2023-09-01T19:45:02.118+0000] {processor.py:826} INFO - Processing file /home/airflow/.local/lib/python3.7/site-packages/airflow/example_dags/example_branch_python_dop_operator_3.py for tasks to queue
[2023-09-01T19:45:02.119+0000] {logging_mixin.py:150} INFO - [2023-09-01T19:45:02.118+0000] {dagbag.py:541} INFO - Filling up the DagBag from /home/airflow/.local/lib/python3.7/site-packages/airflow/example_dags/example_branch_python_dop_operator_3.py
[2023-09-01T19:45:02.127+0000] {processor.py:836} INFO - DAG(s) dict_keys(['example_branch_dop_operator_v3']) retrieved from /home/airflow/.local/lib/python3.7/site-packages/airflow/example_dags/example_branch_python_dop_operator_3.py
[2023-09-01T19:45:02.152+0000] {logging_mixin.py:150} INFO - [2023-09-01T19:45:02.152+0000] {dag.py:2742} INFO - Sync 1 DAGs
[2023-09-01T19:45:02.177+0000] {logging_mixin.py:150} INFO - [2023-09-01T19:45:02.177+0000] {dag.py:3508} INFO - Setting next_dagrun for example_branch_dop_operator_v3 to 2023-09-01T19:44:00+00:00, run_after=2023-09-01T19:45:00+00:00
[2023-09-01T19:45:02.193+0000] {processor.py:179} INFO - Processing /home/airflow/.local/lib/python3.7/site-packages/airflow/example_dags/example_branch_python_dop_operator_3.py took 0.081 seconds
[2023-09-01T19:45:32.404+0000] {processor.py:157} INFO - Started process (PID=1521) to work on /home/airflow/.local/lib/python3.7/site-packages/airflow/example_dags/example_branch_python_dop_operator_3.py
[2023-09-01T19:45:32.405+0000] {processor.py:826} INFO - Processing file /home/airflow/.local/lib/python3.7/site-packages/airflow/example_dags/example_branch_python_dop_operator_3.py for tasks to queue
[2023-09-01T19:45:32.406+0000] {logging_mixin.py:150} INFO - [2023-09-01T19:45:32.405+0000] {dagbag.py:541} INFO - Filling up the DagBag from /home/airflow/.local/lib/python3.7/site-packages/airflow/example_dags/example_branch_python_dop_operator_3.py
[2023-09-01T19:45:32.414+0000] {processor.py:836} INFO - DAG(s) dict_keys(['example_branch_dop_operator_v3']) retrieved from /home/airflow/.local/lib/python3.7/site-packages/airflow/example_dags/example_branch_python_dop_operator_3.py
[2023-09-01T19:45:32.439+0000] {logging_mixin.py:150} INFO - [2023-09-01T19:45:32.439+0000] {dag.py:2742} INFO - Sync 1 DAGs
[2023-09-01T19:45:32.474+0000] {logging_mixin.py:150} INFO - [2023-09-01T19:45:32.474+0000] {dag.py:3508} INFO - Setting next_dagrun for example_branch_dop_operator_v3 to 2023-09-01T19:44:00+00:00, run_after=2023-09-01T19:45:00+00:00
[2023-09-01T19:45:32.488+0000] {processor.py:179} INFO - Processing /home/airflow/.local/lib/python3.7/site-packages/airflow/example_dags/example_branch_python_dop_operator_3.py took 0.087 seconds
[2023-09-01T19:46:02.811+0000] {processor.py:157} INFO - Started process (PID=1576) to work on /home/airflow/.local/lib/python3.7/site-packages/airflow/example_dags/example_branch_python_dop_operator_3.py
[2023-09-01T19:46:02.812+0000] {processor.py:826} INFO - Processing file /home/airflow/.local/lib/python3.7/site-packages/airflow/example_dags/example_branch_python_dop_operator_3.py for tasks to queue
[2023-09-01T19:46:02.813+0000] {logging_mixin.py:150} INFO - [2023-09-01T19:46:02.813+0000] {dagbag.py:541} INFO - Filling up the DagBag from /home/airflow/.local/lib/python3.7/site-packages/airflow/example_dags/example_branch_python_dop_operator_3.py
[2023-09-01T19:46:02.825+0000] {processor.py:836} INFO - DAG(s) dict_keys(['example_branch_dop_operator_v3']) retrieved from /home/airflow/.local/lib/python3.7/site-packages/airflow/example_dags/example_branch_python_dop_operator_3.py
[2023-09-01T19:46:02.851+0000] {logging_mixin.py:150} INFO - [2023-09-01T19:46:02.851+0000] {dag.py:2742} INFO - Sync 1 DAGs
[2023-09-01T19:46:02.880+0000] {logging_mixin.py:150} INFO - [2023-09-01T19:46:02.880+0000] {dag.py:3508} INFO - Setting next_dagrun for example_branch_dop_operator_v3 to 2023-09-01T19:45:00+00:00, run_after=2023-09-01T19:46:00+00:00
[2023-09-01T19:46:02.896+0000] {processor.py:179} INFO - Processing /home/airflow/.local/lib/python3.7/site-packages/airflow/example_dags/example_branch_python_dop_operator_3.py took 0.088 seconds
[2023-09-01T19:46:33.266+0000] {processor.py:157} INFO - Started process (PID=1631) to work on /home/airflow/.local/lib/python3.7/site-packages/airflow/example_dags/example_branch_python_dop_operator_3.py
[2023-09-01T19:46:33.267+0000] {processor.py:826} INFO - Processing file /home/airflow/.local/lib/python3.7/site-packages/airflow/example_dags/example_branch_python_dop_operator_3.py for tasks to queue
[2023-09-01T19:46:33.268+0000] {logging_mixin.py:150} INFO - [2023-09-01T19:46:33.268+0000] {dagbag.py:541} INFO - Filling up the DagBag from /home/airflow/.local/lib/python3.7/site-packages/airflow/example_dags/example_branch_python_dop_operator_3.py
[2023-09-01T19:46:33.281+0000] {processor.py:836} INFO - DAG(s) dict_keys(['example_branch_dop_operator_v3']) retrieved from /home/airflow/.local/lib/python3.7/site-packages/airflow/example_dags/example_branch_python_dop_operator_3.py
[2023-09-01T19:46:33.329+0000] {logging_mixin.py:150} INFO - [2023-09-01T19:46:33.328+0000] {dag.py:2742} INFO - Sync 1 DAGs
[2023-09-01T19:46:33.364+0000] {logging_mixin.py:150} INFO - [2023-09-01T19:46:33.364+0000] {dag.py:3508} INFO - Setting next_dagrun for example_branch_dop_operator_v3 to 2023-09-01T19:45:00+00:00, run_after=2023-09-01T19:46:00+00:00
[2023-09-01T19:46:33.382+0000] {processor.py:179} INFO - Processing /home/airflow/.local/lib/python3.7/site-packages/airflow/example_dags/example_branch_python_dop_operator_3.py took 0.128 seconds
[2023-09-01T19:47:03.886+0000] {processor.py:157} INFO - Started process (PID=1693) to work on /home/airflow/.local/lib/python3.7/site-packages/airflow/example_dags/example_branch_python_dop_operator_3.py
[2023-09-01T19:47:03.887+0000] {processor.py:826} INFO - Processing file /home/airflow/.local/lib/python3.7/site-packages/airflow/example_dags/example_branch_python_dop_operator_3.py for tasks to queue
[2023-09-01T19:47:03.888+0000] {logging_mixin.py:150} INFO - [2023-09-01T19:47:03.887+0000] {dagbag.py:541} INFO - Filling up the DagBag from /home/airflow/.local/lib/python3.7/site-packages/airflow/example_dags/example_branch_python_dop_operator_3.py
[2023-09-01T19:47:03.894+0000] {processor.py:836} INFO - DAG(s) dict_keys(['example_branch_dop_operator_v3']) retrieved from /home/airflow/.local/lib/python3.7/site-packages/airflow/example_dags/example_branch_python_dop_operator_3.py
[2023-09-01T19:47:03.916+0000] {logging_mixin.py:150} INFO - [2023-09-01T19:47:03.916+0000] {dag.py:2742} INFO - Sync 1 DAGs
[2023-09-01T19:47:03.939+0000] {logging_mixin.py:150} INFO - [2023-09-01T19:47:03.939+0000] {dag.py:3508} INFO - Setting next_dagrun for example_branch_dop_operator_v3 to 2023-09-01T19:46:00+00:00, run_after=2023-09-01T19:47:00+00:00
[2023-09-01T19:47:03.954+0000] {processor.py:179} INFO - Processing /home/airflow/.local/lib/python3.7/site-packages/airflow/example_dags/example_branch_python_dop_operator_3.py took 0.071 seconds
[2023-09-01T19:47:34.272+0000] {processor.py:157} INFO - Started process (PID=1748) to work on /home/airflow/.local/lib/python3.7/site-packages/airflow/example_dags/example_branch_python_dop_operator_3.py
[2023-09-01T19:47:34.273+0000] {processor.py:826} INFO - Processing file /home/airflow/.local/lib/python3.7/site-packages/airflow/example_dags/example_branch_python_dop_operator_3.py for tasks to queue
[2023-09-01T19:47:34.274+0000] {logging_mixin.py:150} INFO - [2023-09-01T19:47:34.274+0000] {dagbag.py:541} INFO - Filling up the DagBag from /home/airflow/.local/lib/python3.7/site-packages/airflow/example_dags/example_branch_python_dop_operator_3.py
[2023-09-01T19:47:34.281+0000] {processor.py:836} INFO - DAG(s) dict_keys(['example_branch_dop_operator_v3']) retrieved from /home/airflow/.local/lib/python3.7/site-packages/airflow/example_dags/example_branch_python_dop_operator_3.py
[2023-09-01T19:47:34.304+0000] {logging_mixin.py:150} INFO - [2023-09-01T19:47:34.303+0000] {dag.py:2742} INFO - Sync 1 DAGs
[2023-09-01T19:47:34.329+0000] {logging_mixin.py:150} INFO - [2023-09-01T19:47:34.329+0000] {dag.py:3508} INFO - Setting next_dagrun for example_branch_dop_operator_v3 to 2023-09-01T19:46:00+00:00, run_after=2023-09-01T19:47:00+00:00
[2023-09-01T19:47:34.343+0000] {processor.py:179} INFO - Processing /home/airflow/.local/lib/python3.7/site-packages/airflow/example_dags/example_branch_python_dop_operator_3.py took 0.074 seconds
[2023-09-01T19:48:04.614+0000] {processor.py:157} INFO - Started process (PID=1803) to work on /home/airflow/.local/lib/python3.7/site-packages/airflow/example_dags/example_branch_python_dop_operator_3.py
[2023-09-01T19:48:04.615+0000] {processor.py:826} INFO - Processing file /home/airflow/.local/lib/python3.7/site-packages/airflow/example_dags/example_branch_python_dop_operator_3.py for tasks to queue
[2023-09-01T19:48:04.618+0000] {logging_mixin.py:150} INFO - [2023-09-01T19:48:04.617+0000] {dagbag.py:541} INFO - Filling up the DagBag from /home/airflow/.local/lib/python3.7/site-packages/airflow/example_dags/example_branch_python_dop_operator_3.py
[2023-09-01T19:48:04.644+0000] {processor.py:836} INFO - DAG(s) dict_keys(['example_branch_dop_operator_v3']) retrieved from /home/airflow/.local/lib/python3.7/site-packages/airflow/example_dags/example_branch_python_dop_operator_3.py
[2023-09-01T19:48:04.700+0000] {logging_mixin.py:150} INFO - [2023-09-01T19:48:04.699+0000] {dag.py:2742} INFO - Sync 1 DAGs
[2023-09-01T19:48:04.754+0000] {logging_mixin.py:150} INFO - [2023-09-01T19:48:04.754+0000] {dag.py:3508} INFO - Setting next_dagrun for example_branch_dop_operator_v3 to 2023-09-01T19:47:00+00:00, run_after=2023-09-01T19:48:00+00:00
[2023-09-01T19:48:04.787+0000] {processor.py:179} INFO - Processing /home/airflow/.local/lib/python3.7/site-packages/airflow/example_dags/example_branch_python_dop_operator_3.py took 0.177 seconds
[2023-09-01T19:48:35.663+0000] {processor.py:157} INFO - Started process (PID=1857) to work on /home/airflow/.local/lib/python3.7/site-packages/airflow/example_dags/example_branch_python_dop_operator_3.py
[2023-09-01T19:48:35.664+0000] {processor.py:826} INFO - Processing file /home/airflow/.local/lib/python3.7/site-packages/airflow/example_dags/example_branch_python_dop_operator_3.py for tasks to queue
[2023-09-01T19:48:35.665+0000] {logging_mixin.py:150} INFO - [2023-09-01T19:48:35.665+0000] {dagbag.py:541} INFO - Filling up the DagBag from /home/airflow/.local/lib/python3.7/site-packages/airflow/example_dags/example_branch_python_dop_operator_3.py
[2023-09-01T19:48:35.672+0000] {processor.py:836} INFO - DAG(s) dict_keys(['example_branch_dop_operator_v3']) retrieved from /home/airflow/.local/lib/python3.7/site-packages/airflow/example_dags/example_branch_python_dop_operator_3.py
[2023-09-01T19:48:35.692+0000] {logging_mixin.py:150} INFO - [2023-09-01T19:48:35.692+0000] {dag.py:2742} INFO - Sync 1 DAGs
[2023-09-01T19:48:35.724+0000] {logging_mixin.py:150} INFO - [2023-09-01T19:48:35.724+0000] {dag.py:3508} INFO - Setting next_dagrun for example_branch_dop_operator_v3 to 2023-09-01T19:47:00+00:00, run_after=2023-09-01T19:48:00+00:00
[2023-09-01T19:48:35.740+0000] {processor.py:179} INFO - Processing /home/airflow/.local/lib/python3.7/site-packages/airflow/example_dags/example_branch_python_dop_operator_3.py took 0.079 seconds
[2023-09-01T19:49:06.176+0000] {processor.py:157} INFO - Started process (PID=1912) to work on /home/airflow/.local/lib/python3.7/site-packages/airflow/example_dags/example_branch_python_dop_operator_3.py
[2023-09-01T19:49:06.177+0000] {processor.py:826} INFO - Processing file /home/airflow/.local/lib/python3.7/site-packages/airflow/example_dags/example_branch_python_dop_operator_3.py for tasks to queue
[2023-09-01T19:49:06.177+0000] {logging_mixin.py:150} INFO - [2023-09-01T19:49:06.177+0000] {dagbag.py:541} INFO - Filling up the DagBag from /home/airflow/.local/lib/python3.7/site-packages/airflow/example_dags/example_branch_python_dop_operator_3.py
[2023-09-01T19:49:06.184+0000] {processor.py:836} INFO - DAG(s) dict_keys(['example_branch_dop_operator_v3']) retrieved from /home/airflow/.local/lib/python3.7/site-packages/airflow/example_dags/example_branch_python_dop_operator_3.py
[2023-09-01T19:49:06.206+0000] {logging_mixin.py:150} INFO - [2023-09-01T19:49:06.206+0000] {dag.py:2742} INFO - Sync 1 DAGs
[2023-09-01T19:49:06.237+0000] {logging_mixin.py:150} INFO - [2023-09-01T19:49:06.237+0000] {dag.py:3508} INFO - Setting next_dagrun for example_branch_dop_operator_v3 to 2023-09-01T19:48:00+00:00, run_after=2023-09-01T19:49:00+00:00
[2023-09-01T19:49:06.253+0000] {processor.py:179} INFO - Processing /home/airflow/.local/lib/python3.7/site-packages/airflow/example_dags/example_branch_python_dop_operator_3.py took 0.082 seconds
[2023-09-01T19:49:36.909+0000] {processor.py:157} INFO - Started process (PID=1967) to work on /home/airflow/.local/lib/python3.7/site-packages/airflow/example_dags/example_branch_python_dop_operator_3.py
[2023-09-01T19:49:36.910+0000] {processor.py:826} INFO - Processing file /home/airflow/.local/lib/python3.7/site-packages/airflow/example_dags/example_branch_python_dop_operator_3.py for tasks to queue
[2023-09-01T19:49:36.911+0000] {logging_mixin.py:150} INFO - [2023-09-01T19:49:36.911+0000] {dagbag.py:541} INFO - Filling up the DagBag from /home/airflow/.local/lib/python3.7/site-packages/airflow/example_dags/example_branch_python_dop_operator_3.py
[2023-09-01T19:49:36.921+0000] {processor.py:836} INFO - DAG(s) dict_keys(['example_branch_dop_operator_v3']) retrieved from /home/airflow/.local/lib/python3.7/site-packages/airflow/example_dags/example_branch_python_dop_operator_3.py
[2023-09-01T19:49:36.949+0000] {logging_mixin.py:150} INFO - [2023-09-01T19:49:36.949+0000] {dag.py:2742} INFO - Sync 1 DAGs
[2023-09-01T19:49:36.981+0000] {logging_mixin.py:150} INFO - [2023-09-01T19:49:36.981+0000] {dag.py:3508} INFO - Setting next_dagrun for example_branch_dop_operator_v3 to 2023-09-01T19:48:00+00:00, run_after=2023-09-01T19:49:00+00:00
[2023-09-01T19:49:36.996+0000] {processor.py:179} INFO - Processing /home/airflow/.local/lib/python3.7/site-packages/airflow/example_dags/example_branch_python_dop_operator_3.py took 0.091 seconds
[2023-09-01T19:50:07.092+0000] {processor.py:157} INFO - Started process (PID=2022) to work on /home/airflow/.local/lib/python3.7/site-packages/airflow/example_dags/example_branch_python_dop_operator_3.py
[2023-09-01T19:50:07.094+0000] {processor.py:826} INFO - Processing file /home/airflow/.local/lib/python3.7/site-packages/airflow/example_dags/example_branch_python_dop_operator_3.py for tasks to queue
[2023-09-01T19:50:07.094+0000] {logging_mixin.py:150} INFO - [2023-09-01T19:50:07.094+0000] {dagbag.py:541} INFO - Filling up the DagBag from /home/airflow/.local/lib/python3.7/site-packages/airflow/example_dags/example_branch_python_dop_operator_3.py
[2023-09-01T19:50:07.102+0000] {processor.py:836} INFO - DAG(s) dict_keys(['example_branch_dop_operator_v3']) retrieved from /home/airflow/.local/lib/python3.7/site-packages/airflow/example_dags/example_branch_python_dop_operator_3.py
[2023-09-01T19:50:07.129+0000] {logging_mixin.py:150} INFO - [2023-09-01T19:50:07.128+0000] {dag.py:2742} INFO - Sync 1 DAGs
[2023-09-01T19:50:07.159+0000] {logging_mixin.py:150} INFO - [2023-09-01T19:50:07.158+0000] {dag.py:3508} INFO - Setting next_dagrun for example_branch_dop_operator_v3 to 2023-09-01T19:49:00+00:00, run_after=2023-09-01T19:50:00+00:00
[2023-09-01T19:50:07.174+0000] {processor.py:179} INFO - Processing /home/airflow/.local/lib/python3.7/site-packages/airflow/example_dags/example_branch_python_dop_operator_3.py took 0.085 seconds
[2023-09-01T19:50:37.369+0000] {processor.py:157} INFO - Started process (PID=2077) to work on /home/airflow/.local/lib/python3.7/site-packages/airflow/example_dags/example_branch_python_dop_operator_3.py
[2023-09-01T19:50:37.370+0000] {processor.py:826} INFO - Processing file /home/airflow/.local/lib/python3.7/site-packages/airflow/example_dags/example_branch_python_dop_operator_3.py for tasks to queue
[2023-09-01T19:50:37.371+0000] {logging_mixin.py:150} INFO - [2023-09-01T19:50:37.371+0000] {dagbag.py:541} INFO - Filling up the DagBag from /home/airflow/.local/lib/python3.7/site-packages/airflow/example_dags/example_branch_python_dop_operator_3.py
[2023-09-01T19:50:37.378+0000] {processor.py:836} INFO - DAG(s) dict_keys(['example_branch_dop_operator_v3']) retrieved from /home/airflow/.local/lib/python3.7/site-packages/airflow/example_dags/example_branch_python_dop_operator_3.py
[2023-09-01T19:50:37.400+0000] {logging_mixin.py:150} INFO - [2023-09-01T19:50:37.400+0000] {dag.py:2742} INFO - Sync 1 DAGs
[2023-09-01T19:50:37.428+0000] {logging_mixin.py:150} INFO - [2023-09-01T19:50:37.428+0000] {dag.py:3508} INFO - Setting next_dagrun for example_branch_dop_operator_v3 to 2023-09-01T19:49:00+00:00, run_after=2023-09-01T19:50:00+00:00
[2023-09-01T19:50:37.445+0000] {processor.py:179} INFO - Processing /home/airflow/.local/lib/python3.7/site-packages/airflow/example_dags/example_branch_python_dop_operator_3.py took 0.078 seconds
[2023-09-01T19:51:07.868+0000] {processor.py:157} INFO - Started process (PID=2131) to work on /home/airflow/.local/lib/python3.7/site-packages/airflow/example_dags/example_branch_python_dop_operator_3.py
[2023-09-01T19:51:07.869+0000] {processor.py:826} INFO - Processing file /home/airflow/.local/lib/python3.7/site-packages/airflow/example_dags/example_branch_python_dop_operator_3.py for tasks to queue
[2023-09-01T19:51:07.869+0000] {logging_mixin.py:150} INFO - [2023-09-01T19:51:07.869+0000] {dagbag.py:541} INFO - Filling up the DagBag from /home/airflow/.local/lib/python3.7/site-packages/airflow/example_dags/example_branch_python_dop_operator_3.py
[2023-09-01T19:51:07.876+0000] {processor.py:836} INFO - DAG(s) dict_keys(['example_branch_dop_operator_v3']) retrieved from /home/airflow/.local/lib/python3.7/site-packages/airflow/example_dags/example_branch_python_dop_operator_3.py
[2023-09-01T19:51:07.900+0000] {logging_mixin.py:150} INFO - [2023-09-01T19:51:07.899+0000] {dag.py:2742} INFO - Sync 1 DAGs
[2023-09-01T19:51:07.924+0000] {logging_mixin.py:150} INFO - [2023-09-01T19:51:07.923+0000] {dag.py:3508} INFO - Setting next_dagrun for example_branch_dop_operator_v3 to 2023-09-01T19:50:00+00:00, run_after=2023-09-01T19:51:00+00:00
[2023-09-01T19:51:07.942+0000] {processor.py:179} INFO - Processing /home/airflow/.local/lib/python3.7/site-packages/airflow/example_dags/example_branch_python_dop_operator_3.py took 0.077 seconds
[2023-09-01T19:51:38.149+0000] {processor.py:157} INFO - Started process (PID=2186) to work on /home/airflow/.local/lib/python3.7/site-packages/airflow/example_dags/example_branch_python_dop_operator_3.py
[2023-09-01T19:51:38.150+0000] {processor.py:826} INFO - Processing file /home/airflow/.local/lib/python3.7/site-packages/airflow/example_dags/example_branch_python_dop_operator_3.py for tasks to queue
[2023-09-01T19:51:38.151+0000] {logging_mixin.py:150} INFO - [2023-09-01T19:51:38.150+0000] {dagbag.py:541} INFO - Filling up the DagBag from /home/airflow/.local/lib/python3.7/site-packages/airflow/example_dags/example_branch_python_dop_operator_3.py
[2023-09-01T19:51:38.158+0000] {processor.py:836} INFO - DAG(s) dict_keys(['example_branch_dop_operator_v3']) retrieved from /home/airflow/.local/lib/python3.7/site-packages/airflow/example_dags/example_branch_python_dop_operator_3.py
[2023-09-01T19:51:38.183+0000] {logging_mixin.py:150} INFO - [2023-09-01T19:51:38.183+0000] {dag.py:2742} INFO - Sync 1 DAGs
[2023-09-01T19:51:38.209+0000] {logging_mixin.py:150} INFO - [2023-09-01T19:51:38.208+0000] {dag.py:3508} INFO - Setting next_dagrun for example_branch_dop_operator_v3 to 2023-09-01T19:50:00+00:00, run_after=2023-09-01T19:51:00+00:00
[2023-09-01T19:51:38.224+0000] {processor.py:179} INFO - Processing /home/airflow/.local/lib/python3.7/site-packages/airflow/example_dags/example_branch_python_dop_operator_3.py took 0.079 seconds
[2023-09-01T19:52:08.584+0000] {processor.py:157} INFO - Started process (PID=2240) to work on /home/airflow/.local/lib/python3.7/site-packages/airflow/example_dags/example_branch_python_dop_operator_3.py
[2023-09-01T19:52:08.587+0000] {processor.py:826} INFO - Processing file /home/airflow/.local/lib/python3.7/site-packages/airflow/example_dags/example_branch_python_dop_operator_3.py for tasks to queue
[2023-09-01T19:52:08.593+0000] {logging_mixin.py:150} INFO - [2023-09-01T19:52:08.592+0000] {dagbag.py:541} INFO - Filling up the DagBag from /home/airflow/.local/lib/python3.7/site-packages/airflow/example_dags/example_branch_python_dop_operator_3.py
[2023-09-01T19:52:08.636+0000] {processor.py:836} INFO - DAG(s) dict_keys(['example_branch_dop_operator_v3']) retrieved from /home/airflow/.local/lib/python3.7/site-packages/airflow/example_dags/example_branch_python_dop_operator_3.py
[2023-09-01T19:52:08.709+0000] {logging_mixin.py:150} INFO - [2023-09-01T19:52:08.708+0000] {dag.py:2742} INFO - Sync 1 DAGs
[2023-09-01T19:52:08.773+0000] {logging_mixin.py:150} INFO - [2023-09-01T19:52:08.772+0000] {dag.py:3508} INFO - Setting next_dagrun for example_branch_dop_operator_v3 to 2023-09-01T19:51:00+00:00, run_after=2023-09-01T19:52:00+00:00
[2023-09-01T19:52:08.806+0000] {processor.py:179} INFO - Processing /home/airflow/.local/lib/python3.7/site-packages/airflow/example_dags/example_branch_python_dop_operator_3.py took 0.226 seconds
[2023-09-01T19:52:39.167+0000] {processor.py:157} INFO - Started process (PID=2295) to work on /home/airflow/.local/lib/python3.7/site-packages/airflow/example_dags/example_branch_python_dop_operator_3.py
[2023-09-01T19:52:39.170+0000] {processor.py:826} INFO - Processing file /home/airflow/.local/lib/python3.7/site-packages/airflow/example_dags/example_branch_python_dop_operator_3.py for tasks to queue
[2023-09-01T19:52:39.171+0000] {logging_mixin.py:150} INFO - [2023-09-01T19:52:39.170+0000] {dagbag.py:541} INFO - Filling up the DagBag from /home/airflow/.local/lib/python3.7/site-packages/airflow/example_dags/example_branch_python_dop_operator_3.py
[2023-09-01T19:52:39.179+0000] {processor.py:836} INFO - DAG(s) dict_keys(['example_branch_dop_operator_v3']) retrieved from /home/airflow/.local/lib/python3.7/site-packages/airflow/example_dags/example_branch_python_dop_operator_3.py
[2023-09-01T19:52:39.201+0000] {logging_mixin.py:150} INFO - [2023-09-01T19:52:39.200+0000] {dag.py:2742} INFO - Sync 1 DAGs
[2023-09-01T19:52:39.239+0000] {logging_mixin.py:150} INFO - [2023-09-01T19:52:39.239+0000] {dag.py:3508} INFO - Setting next_dagrun for example_branch_dop_operator_v3 to 2023-09-01T19:51:00+00:00, run_after=2023-09-01T19:52:00+00:00
[2023-09-01T19:52:39.258+0000] {processor.py:179} INFO - Processing /home/airflow/.local/lib/python3.7/site-packages/airflow/example_dags/example_branch_python_dop_operator_3.py took 0.095 seconds
[2023-09-01T19:53:09.559+0000] {processor.py:157} INFO - Started process (PID=2350) to work on /home/airflow/.local/lib/python3.7/site-packages/airflow/example_dags/example_branch_python_dop_operator_3.py
[2023-09-01T19:53:09.568+0000] {processor.py:826} INFO - Processing file /home/airflow/.local/lib/python3.7/site-packages/airflow/example_dags/example_branch_python_dop_operator_3.py for tasks to queue
[2023-09-01T19:53:09.569+0000] {logging_mixin.py:150} INFO - [2023-09-01T19:53:09.569+0000] {dagbag.py:541} INFO - Filling up the DagBag from /home/airflow/.local/lib/python3.7/site-packages/airflow/example_dags/example_branch_python_dop_operator_3.py
[2023-09-01T19:53:09.589+0000] {processor.py:836} INFO - DAG(s) dict_keys(['example_branch_dop_operator_v3']) retrieved from /home/airflow/.local/lib/python3.7/site-packages/airflow/example_dags/example_branch_python_dop_operator_3.py
[2023-09-01T19:53:09.626+0000] {logging_mixin.py:150} INFO - [2023-09-01T19:53:09.626+0000] {dag.py:2742} INFO - Sync 1 DAGs
[2023-09-01T19:53:09.681+0000] {logging_mixin.py:150} INFO - [2023-09-01T19:53:09.681+0000] {dag.py:3508} INFO - Setting next_dagrun for example_branch_dop_operator_v3 to 2023-09-01T19:52:00+00:00, run_after=2023-09-01T19:53:00+00:00
[2023-09-01T19:53:09.711+0000] {processor.py:179} INFO - Processing /home/airflow/.local/lib/python3.7/site-packages/airflow/example_dags/example_branch_python_dop_operator_3.py took 0.161 seconds
[2023-09-01T19:53:39.965+0000] {processor.py:157} INFO - Started process (PID=2405) to work on /home/airflow/.local/lib/python3.7/site-packages/airflow/example_dags/example_branch_python_dop_operator_3.py
[2023-09-01T19:53:39.965+0000] {processor.py:826} INFO - Processing file /home/airflow/.local/lib/python3.7/site-packages/airflow/example_dags/example_branch_python_dop_operator_3.py for tasks to queue
[2023-09-01T19:53:39.966+0000] {logging_mixin.py:150} INFO - [2023-09-01T19:53:39.966+0000] {dagbag.py:541} INFO - Filling up the DagBag from /home/airflow/.local/lib/python3.7/site-packages/airflow/example_dags/example_branch_python_dop_operator_3.py
[2023-09-01T19:53:39.973+0000] {processor.py:836} INFO - DAG(s) dict_keys(['example_branch_dop_operator_v3']) retrieved from /home/airflow/.local/lib/python3.7/site-packages/airflow/example_dags/example_branch_python_dop_operator_3.py
[2023-09-01T19:53:39.996+0000] {logging_mixin.py:150} INFO - [2023-09-01T19:53:39.996+0000] {dag.py:2742} INFO - Sync 1 DAGs
[2023-09-01T19:53:40.020+0000] {logging_mixin.py:150} INFO - [2023-09-01T19:53:40.019+0000] {dag.py:3508} INFO - Setting next_dagrun for example_branch_dop_operator_v3 to 2023-09-01T19:52:00+00:00, run_after=2023-09-01T19:53:00+00:00
[2023-09-01T19:53:40.037+0000] {processor.py:179} INFO - Processing /home/airflow/.local/lib/python3.7/site-packages/airflow/example_dags/example_branch_python_dop_operator_3.py took 0.075 seconds
[2023-09-01T19:54:10.179+0000] {processor.py:157} INFO - Started process (PID=2460) to work on /home/airflow/.local/lib/python3.7/site-packages/airflow/example_dags/example_branch_python_dop_operator_3.py
[2023-09-01T19:54:10.180+0000] {processor.py:826} INFO - Processing file /home/airflow/.local/lib/python3.7/site-packages/airflow/example_dags/example_branch_python_dop_operator_3.py for tasks to queue
[2023-09-01T19:54:10.181+0000] {logging_mixin.py:150} INFO - [2023-09-01T19:54:10.181+0000] {dagbag.py:541} INFO - Filling up the DagBag from /home/airflow/.local/lib/python3.7/site-packages/airflow/example_dags/example_branch_python_dop_operator_3.py
[2023-09-01T19:54:10.188+0000] {processor.py:836} INFO - DAG(s) dict_keys(['example_branch_dop_operator_v3']) retrieved from /home/airflow/.local/lib/python3.7/site-packages/airflow/example_dags/example_branch_python_dop_operator_3.py
[2023-09-01T19:54:10.211+0000] {logging_mixin.py:150} INFO - [2023-09-01T19:54:10.211+0000] {dag.py:2742} INFO - Sync 1 DAGs
[2023-09-01T19:54:10.243+0000] {logging_mixin.py:150} INFO - [2023-09-01T19:54:10.242+0000] {dag.py:3508} INFO - Setting next_dagrun for example_branch_dop_operator_v3 to 2023-09-01T19:53:00+00:00, run_after=2023-09-01T19:54:00+00:00
[2023-09-01T19:54:10.269+0000] {processor.py:179} INFO - Processing /home/airflow/.local/lib/python3.7/site-packages/airflow/example_dags/example_branch_python_dop_operator_3.py took 0.092 seconds
[2023-09-01T19:54:40.984+0000] {processor.py:157} INFO - Started process (PID=2515) to work on /home/airflow/.local/lib/python3.7/site-packages/airflow/example_dags/example_branch_python_dop_operator_3.py
[2023-09-01T19:54:40.985+0000] {processor.py:826} INFO - Processing file /home/airflow/.local/lib/python3.7/site-packages/airflow/example_dags/example_branch_python_dop_operator_3.py for tasks to queue
[2023-09-01T19:54:40.985+0000] {logging_mixin.py:150} INFO - [2023-09-01T19:54:40.985+0000] {dagbag.py:541} INFO - Filling up the DagBag from /home/airflow/.local/lib/python3.7/site-packages/airflow/example_dags/example_branch_python_dop_operator_3.py
[2023-09-01T19:54:41.008+0000] {processor.py:836} INFO - DAG(s) dict_keys(['example_branch_dop_operator_v3']) retrieved from /home/airflow/.local/lib/python3.7/site-packages/airflow/example_dags/example_branch_python_dop_operator_3.py
[2023-09-01T19:54:41.065+0000] {logging_mixin.py:150} INFO - [2023-09-01T19:54:41.065+0000] {dag.py:2742} INFO - Sync 1 DAGs
[2023-09-01T19:54:41.103+0000] {logging_mixin.py:150} INFO - [2023-09-01T19:54:41.103+0000] {dag.py:3508} INFO - Setting next_dagrun for example_branch_dop_operator_v3 to 2023-09-01T19:53:00+00:00, run_after=2023-09-01T19:54:00+00:00
[2023-09-01T19:54:41.152+0000] {processor.py:179} INFO - Processing /home/airflow/.local/lib/python3.7/site-packages/airflow/example_dags/example_branch_python_dop_operator_3.py took 0.176 seconds
[2023-09-01T19:55:12.017+0000] {processor.py:157} INFO - Started process (PID=2569) to work on /home/airflow/.local/lib/python3.7/site-packages/airflow/example_dags/example_branch_python_dop_operator_3.py
[2023-09-01T19:55:12.018+0000] {processor.py:826} INFO - Processing file /home/airflow/.local/lib/python3.7/site-packages/airflow/example_dags/example_branch_python_dop_operator_3.py for tasks to queue
[2023-09-01T19:55:12.019+0000] {logging_mixin.py:150} INFO - [2023-09-01T19:55:12.019+0000] {dagbag.py:541} INFO - Filling up the DagBag from /home/airflow/.local/lib/python3.7/site-packages/airflow/example_dags/example_branch_python_dop_operator_3.py
[2023-09-01T19:55:12.028+0000] {processor.py:836} INFO - DAG(s) dict_keys(['example_branch_dop_operator_v3']) retrieved from /home/airflow/.local/lib/python3.7/site-packages/airflow/example_dags/example_branch_python_dop_operator_3.py
[2023-09-01T19:55:12.058+0000] {logging_mixin.py:150} INFO - [2023-09-01T19:55:12.058+0000] {dag.py:2742} INFO - Sync 1 DAGs
[2023-09-01T19:55:12.093+0000] {logging_mixin.py:150} INFO - [2023-09-01T19:55:12.093+0000] {dag.py:3508} INFO - Setting next_dagrun for example_branch_dop_operator_v3 to 2023-09-01T19:54:00+00:00, run_after=2023-09-01T19:55:00+00:00
[2023-09-01T19:55:12.121+0000] {processor.py:179} INFO - Processing /home/airflow/.local/lib/python3.7/site-packages/airflow/example_dags/example_branch_python_dop_operator_3.py took 0.108 seconds
