[2023-09-01T19:31:54.691+0000] {processor.py:157} INFO - Started process (PID=58) to work on /home/airflow/.local/lib/python3.7/site-packages/airflow/example_dags/example_branch_day_of_week_operator.py
[2023-09-01T19:31:54.692+0000] {processor.py:826} INFO - Processing file /home/airflow/.local/lib/python3.7/site-packages/airflow/example_dags/example_branch_day_of_week_operator.py for tasks to queue
[2023-09-01T19:31:54.692+0000] {logging_mixin.py:150} INFO - [2023-09-01T19:31:54.692+0000] {dagbag.py:541} INFO - Filling up the DagBag from /home/airflow/.local/lib/python3.7/site-packages/airflow/example_dags/example_branch_day_of_week_operator.py
[2023-09-01T19:31:54.715+0000] {processor.py:836} INFO - DAG(s) dict_keys(['example_weekday_branch_operator']) retrieved from /home/airflow/.local/lib/python3.7/site-packages/airflow/example_dags/example_branch_day_of_week_operator.py
[2023-09-01T19:31:55.008+0000] {logging_mixin.py:150} INFO - [2023-09-01T19:31:55.008+0000] {dag.py:2742} INFO - Sync 1 DAGs
[2023-09-01T19:31:55.070+0000] {logging_mixin.py:150} INFO - [2023-09-01T19:31:55.070+0000] {dag.py:3508} INFO - Setting next_dagrun for example_weekday_branch_operator to 2023-08-31T00:00:00+00:00, run_after=2023-09-01T00:00:00+00:00
[2023-09-01T19:31:55.114+0000] {processor.py:179} INFO - Processing /home/airflow/.local/lib/python3.7/site-packages/airflow/example_dags/example_branch_day_of_week_operator.py took 0.435 seconds
[2023-09-01T19:32:25.741+0000] {processor.py:157} INFO - Started process (PID=114) to work on /home/airflow/.local/lib/python3.7/site-packages/airflow/example_dags/example_branch_day_of_week_operator.py
[2023-09-01T19:32:25.743+0000] {processor.py:826} INFO - Processing file /home/airflow/.local/lib/python3.7/site-packages/airflow/example_dags/example_branch_day_of_week_operator.py for tasks to queue
[2023-09-01T19:32:25.743+0000] {logging_mixin.py:150} INFO - [2023-09-01T19:32:25.743+0000] {dagbag.py:541} INFO - Filling up the DagBag from /home/airflow/.local/lib/python3.7/site-packages/airflow/example_dags/example_branch_day_of_week_operator.py
[2023-09-01T19:32:25.753+0000] {processor.py:836} INFO - DAG(s) dict_keys(['example_weekday_branch_operator']) retrieved from /home/airflow/.local/lib/python3.7/site-packages/airflow/example_dags/example_branch_day_of_week_operator.py
[2023-09-01T19:32:25.776+0000] {logging_mixin.py:150} INFO - [2023-09-01T19:32:25.776+0000] {dag.py:2742} INFO - Sync 1 DAGs
[2023-09-01T19:32:25.799+0000] {logging_mixin.py:150} INFO - [2023-09-01T19:32:25.799+0000] {dag.py:3508} INFO - Setting next_dagrun for example_weekday_branch_operator to 2023-08-31T00:00:00+00:00, run_after=2023-09-01T00:00:00+00:00
[2023-09-01T19:32:25.820+0000] {processor.py:179} INFO - Processing /home/airflow/.local/lib/python3.7/site-packages/airflow/example_dags/example_branch_day_of_week_operator.py took 0.082 seconds
[2023-09-01T19:32:56.717+0000] {processor.py:157} INFO - Started process (PID=169) to work on /home/airflow/.local/lib/python3.7/site-packages/airflow/example_dags/example_branch_day_of_week_operator.py
[2023-09-01T19:32:56.718+0000] {processor.py:826} INFO - Processing file /home/airflow/.local/lib/python3.7/site-packages/airflow/example_dags/example_branch_day_of_week_operator.py for tasks to queue
[2023-09-01T19:32:56.719+0000] {logging_mixin.py:150} INFO - [2023-09-01T19:32:56.718+0000] {dagbag.py:541} INFO - Filling up the DagBag from /home/airflow/.local/lib/python3.7/site-packages/airflow/example_dags/example_branch_day_of_week_operator.py
[2023-09-01T19:32:56.725+0000] {processor.py:836} INFO - DAG(s) dict_keys(['example_weekday_branch_operator']) retrieved from /home/airflow/.local/lib/python3.7/site-packages/airflow/example_dags/example_branch_day_of_week_operator.py
[2023-09-01T19:32:56.745+0000] {logging_mixin.py:150} INFO - [2023-09-01T19:32:56.745+0000] {dag.py:2742} INFO - Sync 1 DAGs
[2023-09-01T19:32:56.766+0000] {logging_mixin.py:150} INFO - [2023-09-01T19:32:56.766+0000] {dag.py:3508} INFO - Setting next_dagrun for example_weekday_branch_operator to 2023-08-31T00:00:00+00:00, run_after=2023-09-01T00:00:00+00:00
[2023-09-01T19:32:56.786+0000] {processor.py:179} INFO - Processing /home/airflow/.local/lib/python3.7/site-packages/airflow/example_dags/example_branch_day_of_week_operator.py took 0.072 seconds
[2023-09-01T19:33:27.095+0000] {processor.py:157} INFO - Started process (PID=224) to work on /home/airflow/.local/lib/python3.7/site-packages/airflow/example_dags/example_branch_day_of_week_operator.py
[2023-09-01T19:33:27.095+0000] {processor.py:826} INFO - Processing file /home/airflow/.local/lib/python3.7/site-packages/airflow/example_dags/example_branch_day_of_week_operator.py for tasks to queue
[2023-09-01T19:33:27.096+0000] {logging_mixin.py:150} INFO - [2023-09-01T19:33:27.096+0000] {dagbag.py:541} INFO - Filling up the DagBag from /home/airflow/.local/lib/python3.7/site-packages/airflow/example_dags/example_branch_day_of_week_operator.py
[2023-09-01T19:33:27.102+0000] {processor.py:836} INFO - DAG(s) dict_keys(['example_weekday_branch_operator']) retrieved from /home/airflow/.local/lib/python3.7/site-packages/airflow/example_dags/example_branch_day_of_week_operator.py
[2023-09-01T19:33:27.126+0000] {logging_mixin.py:150} INFO - [2023-09-01T19:33:27.126+0000] {dag.py:2742} INFO - Sync 1 DAGs
[2023-09-01T19:33:27.147+0000] {logging_mixin.py:150} INFO - [2023-09-01T19:33:27.147+0000] {dag.py:3508} INFO - Setting next_dagrun for example_weekday_branch_operator to 2023-08-31T00:00:00+00:00, run_after=2023-09-01T00:00:00+00:00
[2023-09-01T19:33:27.166+0000] {processor.py:179} INFO - Processing /home/airflow/.local/lib/python3.7/site-packages/airflow/example_dags/example_branch_day_of_week_operator.py took 0.074 seconds
[2023-09-01T19:33:57.432+0000] {processor.py:157} INFO - Started process (PID=279) to work on /home/airflow/.local/lib/python3.7/site-packages/airflow/example_dags/example_branch_day_of_week_operator.py
[2023-09-01T19:33:57.433+0000] {processor.py:826} INFO - Processing file /home/airflow/.local/lib/python3.7/site-packages/airflow/example_dags/example_branch_day_of_week_operator.py for tasks to queue
[2023-09-01T19:33:57.434+0000] {logging_mixin.py:150} INFO - [2023-09-01T19:33:57.433+0000] {dagbag.py:541} INFO - Filling up the DagBag from /home/airflow/.local/lib/python3.7/site-packages/airflow/example_dags/example_branch_day_of_week_operator.py
[2023-09-01T19:33:57.444+0000] {processor.py:836} INFO - DAG(s) dict_keys(['example_weekday_branch_operator']) retrieved from /home/airflow/.local/lib/python3.7/site-packages/airflow/example_dags/example_branch_day_of_week_operator.py
[2023-09-01T19:33:57.468+0000] {logging_mixin.py:150} INFO - [2023-09-01T19:33:57.468+0000] {dag.py:2742} INFO - Sync 1 DAGs
[2023-09-01T19:33:57.494+0000] {logging_mixin.py:150} INFO - [2023-09-01T19:33:57.493+0000] {dag.py:3508} INFO - Setting next_dagrun for example_weekday_branch_operator to 2023-08-31T00:00:00+00:00, run_after=2023-09-01T00:00:00+00:00
[2023-09-01T19:33:57.517+0000] {processor.py:179} INFO - Processing /home/airflow/.local/lib/python3.7/site-packages/airflow/example_dags/example_branch_day_of_week_operator.py took 0.087 seconds
[2023-09-01T19:34:27.840+0000] {processor.py:157} INFO - Started process (PID=334) to work on /home/airflow/.local/lib/python3.7/site-packages/airflow/example_dags/example_branch_day_of_week_operator.py
[2023-09-01T19:34:27.841+0000] {processor.py:826} INFO - Processing file /home/airflow/.local/lib/python3.7/site-packages/airflow/example_dags/example_branch_day_of_week_operator.py for tasks to queue
[2023-09-01T19:34:27.842+0000] {logging_mixin.py:150} INFO - [2023-09-01T19:34:27.842+0000] {dagbag.py:541} INFO - Filling up the DagBag from /home/airflow/.local/lib/python3.7/site-packages/airflow/example_dags/example_branch_day_of_week_operator.py
[2023-09-01T19:34:27.848+0000] {processor.py:836} INFO - DAG(s) dict_keys(['example_weekday_branch_operator']) retrieved from /home/airflow/.local/lib/python3.7/site-packages/airflow/example_dags/example_branch_day_of_week_operator.py
[2023-09-01T19:34:27.868+0000] {logging_mixin.py:150} INFO - [2023-09-01T19:34:27.867+0000] {dag.py:2742} INFO - Sync 1 DAGs
[2023-09-01T19:34:27.891+0000] {logging_mixin.py:150} INFO - [2023-09-01T19:34:27.891+0000] {dag.py:3508} INFO - Setting next_dagrun for example_weekday_branch_operator to 2023-08-31T00:00:00+00:00, run_after=2023-09-01T00:00:00+00:00
[2023-09-01T19:34:27.909+0000] {processor.py:179} INFO - Processing /home/airflow/.local/lib/python3.7/site-packages/airflow/example_dags/example_branch_day_of_week_operator.py took 0.072 seconds
[2023-09-01T19:34:58.078+0000] {processor.py:157} INFO - Started process (PID=389) to work on /home/airflow/.local/lib/python3.7/site-packages/airflow/example_dags/example_branch_day_of_week_operator.py
[2023-09-01T19:34:58.079+0000] {processor.py:826} INFO - Processing file /home/airflow/.local/lib/python3.7/site-packages/airflow/example_dags/example_branch_day_of_week_operator.py for tasks to queue
[2023-09-01T19:34:58.080+0000] {logging_mixin.py:150} INFO - [2023-09-01T19:34:58.079+0000] {dagbag.py:541} INFO - Filling up the DagBag from /home/airflow/.local/lib/python3.7/site-packages/airflow/example_dags/example_branch_day_of_week_operator.py
[2023-09-01T19:34:58.090+0000] {processor.py:836} INFO - DAG(s) dict_keys(['example_weekday_branch_operator']) retrieved from /home/airflow/.local/lib/python3.7/site-packages/airflow/example_dags/example_branch_day_of_week_operator.py
[2023-09-01T19:34:58.112+0000] {logging_mixin.py:150} INFO - [2023-09-01T19:34:58.111+0000] {dag.py:2742} INFO - Sync 1 DAGs
[2023-09-01T19:34:58.149+0000] {logging_mixin.py:150} INFO - [2023-09-01T19:34:58.149+0000] {dag.py:3508} INFO - Setting next_dagrun for example_weekday_branch_operator to 2023-08-31T00:00:00+00:00, run_after=2023-09-01T00:00:00+00:00
[2023-09-01T19:34:58.168+0000] {processor.py:179} INFO - Processing /home/airflow/.local/lib/python3.7/site-packages/airflow/example_dags/example_branch_day_of_week_operator.py took 0.092 seconds
[2023-09-01T19:35:28.357+0000] {processor.py:157} INFO - Started process (PID=444) to work on /home/airflow/.local/lib/python3.7/site-packages/airflow/example_dags/example_branch_day_of_week_operator.py
[2023-09-01T19:35:28.358+0000] {processor.py:826} INFO - Processing file /home/airflow/.local/lib/python3.7/site-packages/airflow/example_dags/example_branch_day_of_week_operator.py for tasks to queue
[2023-09-01T19:35:28.359+0000] {logging_mixin.py:150} INFO - [2023-09-01T19:35:28.358+0000] {dagbag.py:541} INFO - Filling up the DagBag from /home/airflow/.local/lib/python3.7/site-packages/airflow/example_dags/example_branch_day_of_week_operator.py
[2023-09-01T19:35:28.367+0000] {processor.py:836} INFO - DAG(s) dict_keys(['example_weekday_branch_operator']) retrieved from /home/airflow/.local/lib/python3.7/site-packages/airflow/example_dags/example_branch_day_of_week_operator.py
[2023-09-01T19:35:28.407+0000] {logging_mixin.py:150} INFO - [2023-09-01T19:35:28.407+0000] {dag.py:2742} INFO - Sync 1 DAGs
[2023-09-01T19:35:28.431+0000] {logging_mixin.py:150} INFO - [2023-09-01T19:35:28.431+0000] {dag.py:3508} INFO - Setting next_dagrun for example_weekday_branch_operator to 2023-08-31T00:00:00+00:00, run_after=2023-09-01T00:00:00+00:00
[2023-09-01T19:35:28.446+0000] {processor.py:179} INFO - Processing /home/airflow/.local/lib/python3.7/site-packages/airflow/example_dags/example_branch_day_of_week_operator.py took 0.092 seconds
[2023-09-01T19:35:59.555+0000] {processor.py:157} INFO - Started process (PID=499) to work on /home/airflow/.local/lib/python3.7/site-packages/airflow/example_dags/example_branch_day_of_week_operator.py
[2023-09-01T19:35:59.558+0000] {processor.py:826} INFO - Processing file /home/airflow/.local/lib/python3.7/site-packages/airflow/example_dags/example_branch_day_of_week_operator.py for tasks to queue
[2023-09-01T19:35:59.559+0000] {logging_mixin.py:150} INFO - [2023-09-01T19:35:59.558+0000] {dagbag.py:541} INFO - Filling up the DagBag from /home/airflow/.local/lib/python3.7/site-packages/airflow/example_dags/example_branch_day_of_week_operator.py
[2023-09-01T19:35:59.567+0000] {processor.py:836} INFO - DAG(s) dict_keys(['example_weekday_branch_operator']) retrieved from /home/airflow/.local/lib/python3.7/site-packages/airflow/example_dags/example_branch_day_of_week_operator.py
[2023-09-01T19:36:00.795+0000] {logging_mixin.py:150} INFO - [2023-09-01T19:36:00.795+0000] {dag.py:2742} INFO - Sync 1 DAGs
[2023-09-01T19:36:01.097+0000] {logging_mixin.py:150} INFO - [2023-09-01T19:36:01.097+0000] {dag.py:3508} INFO - Setting next_dagrun for example_weekday_branch_operator to 2023-08-31T00:00:00+00:00, run_after=2023-09-01T00:00:00+00:00
[2023-09-01T19:36:01.208+0000] {processor.py:179} INFO - Processing /home/airflow/.local/lib/python3.7/site-packages/airflow/example_dags/example_branch_day_of_week_operator.py took 1.658 seconds
[2023-09-01T19:36:31.390+0000] {processor.py:157} INFO - Started process (PID=561) to work on /home/airflow/.local/lib/python3.7/site-packages/airflow/example_dags/example_branch_day_of_week_operator.py
[2023-09-01T19:36:31.391+0000] {processor.py:826} INFO - Processing file /home/airflow/.local/lib/python3.7/site-packages/airflow/example_dags/example_branch_day_of_week_operator.py for tasks to queue
[2023-09-01T19:36:31.392+0000] {logging_mixin.py:150} INFO - [2023-09-01T19:36:31.391+0000] {dagbag.py:541} INFO - Filling up the DagBag from /home/airflow/.local/lib/python3.7/site-packages/airflow/example_dags/example_branch_day_of_week_operator.py
[2023-09-01T19:36:31.402+0000] {processor.py:836} INFO - DAG(s) dict_keys(['example_weekday_branch_operator']) retrieved from /home/airflow/.local/lib/python3.7/site-packages/airflow/example_dags/example_branch_day_of_week_operator.py
[2023-09-01T19:36:31.434+0000] {logging_mixin.py:150} INFO - [2023-09-01T19:36:31.433+0000] {dag.py:2742} INFO - Sync 1 DAGs
[2023-09-01T19:36:31.455+0000] {logging_mixin.py:150} INFO - [2023-09-01T19:36:31.455+0000] {dag.py:3508} INFO - Setting next_dagrun for example_weekday_branch_operator to 2023-08-31T00:00:00+00:00, run_after=2023-09-01T00:00:00+00:00
[2023-09-01T19:36:31.472+0000] {processor.py:179} INFO - Processing /home/airflow/.local/lib/python3.7/site-packages/airflow/example_dags/example_branch_day_of_week_operator.py took 0.085 seconds
[2023-09-01T19:37:02.348+0000] {processor.py:157} INFO - Started process (PID=616) to work on /home/airflow/.local/lib/python3.7/site-packages/airflow/example_dags/example_branch_day_of_week_operator.py
[2023-09-01T19:37:02.353+0000] {processor.py:826} INFO - Processing file /home/airflow/.local/lib/python3.7/site-packages/airflow/example_dags/example_branch_day_of_week_operator.py for tasks to queue
[2023-09-01T19:37:02.355+0000] {logging_mixin.py:150} INFO - [2023-09-01T19:37:02.354+0000] {dagbag.py:541} INFO - Filling up the DagBag from /home/airflow/.local/lib/python3.7/site-packages/airflow/example_dags/example_branch_day_of_week_operator.py
[2023-09-01T19:37:02.407+0000] {processor.py:836} INFO - DAG(s) dict_keys(['example_weekday_branch_operator']) retrieved from /home/airflow/.local/lib/python3.7/site-packages/airflow/example_dags/example_branch_day_of_week_operator.py
[2023-09-01T19:37:02.601+0000] {logging_mixin.py:150} INFO - [2023-09-01T19:37:02.601+0000] {dag.py:2742} INFO - Sync 1 DAGs
[2023-09-01T19:37:02.743+0000] {logging_mixin.py:150} INFO - [2023-09-01T19:37:02.734+0000] {dag.py:3508} INFO - Setting next_dagrun for example_weekday_branch_operator to 2023-08-31T00:00:00+00:00, run_after=2023-09-01T00:00:00+00:00
[2023-09-01T19:37:02.905+0000] {processor.py:179} INFO - Processing /home/airflow/.local/lib/python3.7/site-packages/airflow/example_dags/example_branch_day_of_week_operator.py took 0.579 seconds
[2023-09-01T19:37:33.266+0000] {processor.py:157} INFO - Started process (PID=671) to work on /home/airflow/.local/lib/python3.7/site-packages/airflow/example_dags/example_branch_day_of_week_operator.py
[2023-09-01T19:37:33.267+0000] {processor.py:826} INFO - Processing file /home/airflow/.local/lib/python3.7/site-packages/airflow/example_dags/example_branch_day_of_week_operator.py for tasks to queue
[2023-09-01T19:37:33.268+0000] {logging_mixin.py:150} INFO - [2023-09-01T19:37:33.267+0000] {dagbag.py:541} INFO - Filling up the DagBag from /home/airflow/.local/lib/python3.7/site-packages/airflow/example_dags/example_branch_day_of_week_operator.py
[2023-09-01T19:37:33.279+0000] {processor.py:836} INFO - DAG(s) dict_keys(['example_weekday_branch_operator']) retrieved from /home/airflow/.local/lib/python3.7/site-packages/airflow/example_dags/example_branch_day_of_week_operator.py
[2023-09-01T19:37:33.303+0000] {logging_mixin.py:150} INFO - [2023-09-01T19:37:33.303+0000] {dag.py:2742} INFO - Sync 1 DAGs
[2023-09-01T19:37:33.332+0000] {logging_mixin.py:150} INFO - [2023-09-01T19:37:33.331+0000] {dag.py:3508} INFO - Setting next_dagrun for example_weekday_branch_operator to 2023-08-31T00:00:00+00:00, run_after=2023-09-01T00:00:00+00:00
[2023-09-01T19:37:33.354+0000] {processor.py:179} INFO - Processing /home/airflow/.local/lib/python3.7/site-packages/airflow/example_dags/example_branch_day_of_week_operator.py took 0.092 seconds
[2023-09-01T19:38:04.217+0000] {processor.py:157} INFO - Started process (PID=726) to work on /home/airflow/.local/lib/python3.7/site-packages/airflow/example_dags/example_branch_day_of_week_operator.py
[2023-09-01T19:38:04.219+0000] {processor.py:826} INFO - Processing file /home/airflow/.local/lib/python3.7/site-packages/airflow/example_dags/example_branch_day_of_week_operator.py for tasks to queue
[2023-09-01T19:38:04.220+0000] {logging_mixin.py:150} INFO - [2023-09-01T19:38:04.220+0000] {dagbag.py:541} INFO - Filling up the DagBag from /home/airflow/.local/lib/python3.7/site-packages/airflow/example_dags/example_branch_day_of_week_operator.py
[2023-09-01T19:38:04.237+0000] {processor.py:836} INFO - DAG(s) dict_keys(['example_weekday_branch_operator']) retrieved from /home/airflow/.local/lib/python3.7/site-packages/airflow/example_dags/example_branch_day_of_week_operator.py
[2023-09-01T19:38:04.302+0000] {logging_mixin.py:150} INFO - [2023-09-01T19:38:04.302+0000] {dag.py:2742} INFO - Sync 1 DAGs
[2023-09-01T19:38:04.364+0000] {logging_mixin.py:150} INFO - [2023-09-01T19:38:04.364+0000] {dag.py:3508} INFO - Setting next_dagrun for example_weekday_branch_operator to 2023-08-31T00:00:00+00:00, run_after=2023-09-01T00:00:00+00:00
[2023-09-01T19:38:04.437+0000] {processor.py:179} INFO - Processing /home/airflow/.local/lib/python3.7/site-packages/airflow/example_dags/example_branch_day_of_week_operator.py took 0.232 seconds
[2023-09-01T19:38:35.189+0000] {processor.py:157} INFO - Started process (PID=781) to work on /home/airflow/.local/lib/python3.7/site-packages/airflow/example_dags/example_branch_day_of_week_operator.py
[2023-09-01T19:38:35.190+0000] {processor.py:826} INFO - Processing file /home/airflow/.local/lib/python3.7/site-packages/airflow/example_dags/example_branch_day_of_week_operator.py for tasks to queue
[2023-09-01T19:38:35.191+0000] {logging_mixin.py:150} INFO - [2023-09-01T19:38:35.190+0000] {dagbag.py:541} INFO - Filling up the DagBag from /home/airflow/.local/lib/python3.7/site-packages/airflow/example_dags/example_branch_day_of_week_operator.py
[2023-09-01T19:38:35.202+0000] {processor.py:836} INFO - DAG(s) dict_keys(['example_weekday_branch_operator']) retrieved from /home/airflow/.local/lib/python3.7/site-packages/airflow/example_dags/example_branch_day_of_week_operator.py
[2023-09-01T19:38:35.222+0000] {logging_mixin.py:150} INFO - [2023-09-01T19:38:35.222+0000] {dag.py:2742} INFO - Sync 1 DAGs
[2023-09-01T19:38:35.245+0000] {logging_mixin.py:150} INFO - [2023-09-01T19:38:35.245+0000] {dag.py:3508} INFO - Setting next_dagrun for example_weekday_branch_operator to 2023-08-31T00:00:00+00:00, run_after=2023-09-01T00:00:00+00:00
[2023-09-01T19:38:35.265+0000] {processor.py:179} INFO - Processing /home/airflow/.local/lib/python3.7/site-packages/airflow/example_dags/example_branch_day_of_week_operator.py took 0.079 seconds
[2023-09-01T19:39:05.471+0000] {processor.py:157} INFO - Started process (PID=835) to work on /home/airflow/.local/lib/python3.7/site-packages/airflow/example_dags/example_branch_day_of_week_operator.py
[2023-09-01T19:39:05.479+0000] {processor.py:826} INFO - Processing file /home/airflow/.local/lib/python3.7/site-packages/airflow/example_dags/example_branch_day_of_week_operator.py for tasks to queue
[2023-09-01T19:39:05.481+0000] {logging_mixin.py:150} INFO - [2023-09-01T19:39:05.480+0000] {dagbag.py:541} INFO - Filling up the DagBag from /home/airflow/.local/lib/python3.7/site-packages/airflow/example_dags/example_branch_day_of_week_operator.py
[2023-09-01T19:39:05.491+0000] {processor.py:836} INFO - DAG(s) dict_keys(['example_weekday_branch_operator']) retrieved from /home/airflow/.local/lib/python3.7/site-packages/airflow/example_dags/example_branch_day_of_week_operator.py
[2023-09-01T19:39:05.513+0000] {logging_mixin.py:150} INFO - [2023-09-01T19:39:05.513+0000] {dag.py:2742} INFO - Sync 1 DAGs
[2023-09-01T19:39:05.554+0000] {logging_mixin.py:150} INFO - [2023-09-01T19:39:05.554+0000] {dag.py:3508} INFO - Setting next_dagrun for example_weekday_branch_operator to 2023-08-31T00:00:00+00:00, run_after=2023-09-01T00:00:00+00:00
[2023-09-01T19:39:05.588+0000] {processor.py:179} INFO - Processing /home/airflow/.local/lib/python3.7/site-packages/airflow/example_dags/example_branch_day_of_week_operator.py took 0.131 seconds
[2023-09-01T19:39:35.747+0000] {processor.py:157} INFO - Started process (PID=890) to work on /home/airflow/.local/lib/python3.7/site-packages/airflow/example_dags/example_branch_day_of_week_operator.py
[2023-09-01T19:39:35.749+0000] {processor.py:826} INFO - Processing file /home/airflow/.local/lib/python3.7/site-packages/airflow/example_dags/example_branch_day_of_week_operator.py for tasks to queue
[2023-09-01T19:39:35.749+0000] {logging_mixin.py:150} INFO - [2023-09-01T19:39:35.749+0000] {dagbag.py:541} INFO - Filling up the DagBag from /home/airflow/.local/lib/python3.7/site-packages/airflow/example_dags/example_branch_day_of_week_operator.py
[2023-09-01T19:39:35.761+0000] {processor.py:836} INFO - DAG(s) dict_keys(['example_weekday_branch_operator']) retrieved from /home/airflow/.local/lib/python3.7/site-packages/airflow/example_dags/example_branch_day_of_week_operator.py
[2023-09-01T19:39:35.782+0000] {logging_mixin.py:150} INFO - [2023-09-01T19:39:35.782+0000] {dag.py:2742} INFO - Sync 1 DAGs
[2023-09-01T19:39:35.804+0000] {logging_mixin.py:150} INFO - [2023-09-01T19:39:35.804+0000] {dag.py:3508} INFO - Setting next_dagrun for example_weekday_branch_operator to 2023-08-31T00:00:00+00:00, run_after=2023-09-01T00:00:00+00:00
[2023-09-01T19:39:35.823+0000] {processor.py:179} INFO - Processing /home/airflow/.local/lib/python3.7/site-packages/airflow/example_dags/example_branch_day_of_week_operator.py took 0.078 seconds
[2023-09-01T19:40:06.027+0000] {processor.py:157} INFO - Started process (PID=945) to work on /home/airflow/.local/lib/python3.7/site-packages/airflow/example_dags/example_branch_day_of_week_operator.py
[2023-09-01T19:40:06.027+0000] {processor.py:826} INFO - Processing file /home/airflow/.local/lib/python3.7/site-packages/airflow/example_dags/example_branch_day_of_week_operator.py for tasks to queue
[2023-09-01T19:40:06.028+0000] {logging_mixin.py:150} INFO - [2023-09-01T19:40:06.028+0000] {dagbag.py:541} INFO - Filling up the DagBag from /home/airflow/.local/lib/python3.7/site-packages/airflow/example_dags/example_branch_day_of_week_operator.py
[2023-09-01T19:40:06.047+0000] {processor.py:836} INFO - DAG(s) dict_keys(['example_weekday_branch_operator']) retrieved from /home/airflow/.local/lib/python3.7/site-packages/airflow/example_dags/example_branch_day_of_week_operator.py
[2023-09-01T19:40:06.134+0000] {logging_mixin.py:150} INFO - [2023-09-01T19:40:06.134+0000] {dag.py:2742} INFO - Sync 1 DAGs
[2023-09-01T19:40:06.168+0000] {logging_mixin.py:150} INFO - [2023-09-01T19:40:06.168+0000] {dag.py:3508} INFO - Setting next_dagrun for example_weekday_branch_operator to 2023-08-31T00:00:00+00:00, run_after=2023-09-01T00:00:00+00:00
[2023-09-01T19:40:06.186+0000] {processor.py:179} INFO - Processing /home/airflow/.local/lib/python3.7/site-packages/airflow/example_dags/example_branch_day_of_week_operator.py took 0.163 seconds
[2023-09-01T19:40:36.438+0000] {processor.py:157} INFO - Started process (PID=999) to work on /home/airflow/.local/lib/python3.7/site-packages/airflow/example_dags/example_branch_day_of_week_operator.py
[2023-09-01T19:40:36.438+0000] {processor.py:826} INFO - Processing file /home/airflow/.local/lib/python3.7/site-packages/airflow/example_dags/example_branch_day_of_week_operator.py for tasks to queue
[2023-09-01T19:40:36.443+0000] {logging_mixin.py:150} INFO - [2023-09-01T19:40:36.439+0000] {dagbag.py:541} INFO - Filling up the DagBag from /home/airflow/.local/lib/python3.7/site-packages/airflow/example_dags/example_branch_day_of_week_operator.py
[2023-09-01T19:40:36.457+0000] {processor.py:836} INFO - DAG(s) dict_keys(['example_weekday_branch_operator']) retrieved from /home/airflow/.local/lib/python3.7/site-packages/airflow/example_dags/example_branch_day_of_week_operator.py
[2023-09-01T19:40:36.507+0000] {logging_mixin.py:150} INFO - [2023-09-01T19:40:36.506+0000] {dag.py:2742} INFO - Sync 1 DAGs
[2023-09-01T19:40:36.547+0000] {logging_mixin.py:150} INFO - [2023-09-01T19:40:36.546+0000] {dag.py:3508} INFO - Setting next_dagrun for example_weekday_branch_operator to 2023-08-31T00:00:00+00:00, run_after=2023-09-01T00:00:00+00:00
[2023-09-01T19:40:36.577+0000] {processor.py:179} INFO - Processing /home/airflow/.local/lib/python3.7/site-packages/airflow/example_dags/example_branch_day_of_week_operator.py took 0.143 seconds
[2023-09-01T19:41:07.577+0000] {processor.py:157} INFO - Started process (PID=1054) to work on /home/airflow/.local/lib/python3.7/site-packages/airflow/example_dags/example_branch_day_of_week_operator.py
[2023-09-01T19:41:07.579+0000] {processor.py:826} INFO - Processing file /home/airflow/.local/lib/python3.7/site-packages/airflow/example_dags/example_branch_day_of_week_operator.py for tasks to queue
[2023-09-01T19:41:07.580+0000] {logging_mixin.py:150} INFO - [2023-09-01T19:41:07.580+0000] {dagbag.py:541} INFO - Filling up the DagBag from /home/airflow/.local/lib/python3.7/site-packages/airflow/example_dags/example_branch_day_of_week_operator.py
[2023-09-01T19:41:07.596+0000] {processor.py:836} INFO - DAG(s) dict_keys(['example_weekday_branch_operator']) retrieved from /home/airflow/.local/lib/python3.7/site-packages/airflow/example_dags/example_branch_day_of_week_operator.py
[2023-09-01T19:41:07.625+0000] {logging_mixin.py:150} INFO - [2023-09-01T19:41:07.625+0000] {dag.py:2742} INFO - Sync 1 DAGs
[2023-09-01T19:41:07.672+0000] {logging_mixin.py:150} INFO - [2023-09-01T19:41:07.672+0000] {dag.py:3508} INFO - Setting next_dagrun for example_weekday_branch_operator to 2023-08-31T00:00:00+00:00, run_after=2023-09-01T00:00:00+00:00
[2023-09-01T19:41:07.708+0000] {processor.py:179} INFO - Processing /home/airflow/.local/lib/python3.7/site-packages/airflow/example_dags/example_branch_day_of_week_operator.py took 0.138 seconds
[2023-09-01T19:41:38.068+0000] {processor.py:157} INFO - Started process (PID=1109) to work on /home/airflow/.local/lib/python3.7/site-packages/airflow/example_dags/example_branch_day_of_week_operator.py
[2023-09-01T19:41:38.069+0000] {processor.py:826} INFO - Processing file /home/airflow/.local/lib/python3.7/site-packages/airflow/example_dags/example_branch_day_of_week_operator.py for tasks to queue
[2023-09-01T19:41:38.070+0000] {logging_mixin.py:150} INFO - [2023-09-01T19:41:38.069+0000] {dagbag.py:541} INFO - Filling up the DagBag from /home/airflow/.local/lib/python3.7/site-packages/airflow/example_dags/example_branch_day_of_week_operator.py
[2023-09-01T19:41:38.078+0000] {processor.py:836} INFO - DAG(s) dict_keys(['example_weekday_branch_operator']) retrieved from /home/airflow/.local/lib/python3.7/site-packages/airflow/example_dags/example_branch_day_of_week_operator.py
[2023-09-01T19:41:38.115+0000] {logging_mixin.py:150} INFO - [2023-09-01T19:41:38.115+0000] {dag.py:2742} INFO - Sync 1 DAGs
[2023-09-01T19:41:38.149+0000] {logging_mixin.py:150} INFO - [2023-09-01T19:41:38.149+0000] {dag.py:3508} INFO - Setting next_dagrun for example_weekday_branch_operator to 2023-08-31T00:00:00+00:00, run_after=2023-09-01T00:00:00+00:00
[2023-09-01T19:41:38.168+0000] {processor.py:179} INFO - Processing /home/airflow/.local/lib/python3.7/site-packages/airflow/example_dags/example_branch_day_of_week_operator.py took 0.103 seconds
[2023-09-01T19:42:08.381+0000] {processor.py:157} INFO - Started process (PID=1163) to work on /home/airflow/.local/lib/python3.7/site-packages/airflow/example_dags/example_branch_day_of_week_operator.py
[2023-09-01T19:42:08.382+0000] {processor.py:826} INFO - Processing file /home/airflow/.local/lib/python3.7/site-packages/airflow/example_dags/example_branch_day_of_week_operator.py for tasks to queue
[2023-09-01T19:42:08.383+0000] {logging_mixin.py:150} INFO - [2023-09-01T19:42:08.382+0000] {dagbag.py:541} INFO - Filling up the DagBag from /home/airflow/.local/lib/python3.7/site-packages/airflow/example_dags/example_branch_day_of_week_operator.py
[2023-09-01T19:42:08.389+0000] {processor.py:836} INFO - DAG(s) dict_keys(['example_weekday_branch_operator']) retrieved from /home/airflow/.local/lib/python3.7/site-packages/airflow/example_dags/example_branch_day_of_week_operator.py
[2023-09-01T19:42:08.428+0000] {logging_mixin.py:150} INFO - [2023-09-01T19:42:08.427+0000] {dag.py:2742} INFO - Sync 1 DAGs
[2023-09-01T19:42:08.464+0000] {logging_mixin.py:150} INFO - [2023-09-01T19:42:08.464+0000] {dag.py:3508} INFO - Setting next_dagrun for example_weekday_branch_operator to 2023-08-31T00:00:00+00:00, run_after=2023-09-01T00:00:00+00:00
[2023-09-01T19:42:08.482+0000] {processor.py:179} INFO - Processing /home/airflow/.local/lib/python3.7/site-packages/airflow/example_dags/example_branch_day_of_week_operator.py took 0.105 seconds
[2023-09-01T19:42:38.972+0000] {processor.py:157} INFO - Started process (PID=1218) to work on /home/airflow/.local/lib/python3.7/site-packages/airflow/example_dags/example_branch_day_of_week_operator.py
[2023-09-01T19:42:38.973+0000] {processor.py:826} INFO - Processing file /home/airflow/.local/lib/python3.7/site-packages/airflow/example_dags/example_branch_day_of_week_operator.py for tasks to queue
[2023-09-01T19:42:38.974+0000] {logging_mixin.py:150} INFO - [2023-09-01T19:42:38.974+0000] {dagbag.py:541} INFO - Filling up the DagBag from /home/airflow/.local/lib/python3.7/site-packages/airflow/example_dags/example_branch_day_of_week_operator.py
[2023-09-01T19:42:38.984+0000] {processor.py:836} INFO - DAG(s) dict_keys(['example_weekday_branch_operator']) retrieved from /home/airflow/.local/lib/python3.7/site-packages/airflow/example_dags/example_branch_day_of_week_operator.py
[2023-09-01T19:42:39.008+0000] {logging_mixin.py:150} INFO - [2023-09-01T19:42:39.008+0000] {dag.py:2742} INFO - Sync 1 DAGs
[2023-09-01T19:42:39.038+0000] {logging_mixin.py:150} INFO - [2023-09-01T19:42:39.037+0000] {dag.py:3508} INFO - Setting next_dagrun for example_weekday_branch_operator to 2023-08-31T00:00:00+00:00, run_after=2023-09-01T00:00:00+00:00
[2023-09-01T19:42:39.066+0000] {processor.py:179} INFO - Processing /home/airflow/.local/lib/python3.7/site-packages/airflow/example_dags/example_branch_day_of_week_operator.py took 0.097 seconds
[2023-09-01T19:43:09.113+0000] {processor.py:157} INFO - Started process (PID=1272) to work on /home/airflow/.local/lib/python3.7/site-packages/airflow/example_dags/example_branch_day_of_week_operator.py
[2023-09-01T19:43:09.115+0000] {processor.py:826} INFO - Processing file /home/airflow/.local/lib/python3.7/site-packages/airflow/example_dags/example_branch_day_of_week_operator.py for tasks to queue
[2023-09-01T19:43:09.115+0000] {logging_mixin.py:150} INFO - [2023-09-01T19:43:09.115+0000] {dagbag.py:541} INFO - Filling up the DagBag from /home/airflow/.local/lib/python3.7/site-packages/airflow/example_dags/example_branch_day_of_week_operator.py
[2023-09-01T19:43:09.129+0000] {processor.py:836} INFO - DAG(s) dict_keys(['example_weekday_branch_operator']) retrieved from /home/airflow/.local/lib/python3.7/site-packages/airflow/example_dags/example_branch_day_of_week_operator.py
[2023-09-01T19:43:09.151+0000] {logging_mixin.py:150} INFO - [2023-09-01T19:43:09.151+0000] {dag.py:2742} INFO - Sync 1 DAGs
[2023-09-01T19:43:09.173+0000] {logging_mixin.py:150} INFO - [2023-09-01T19:43:09.173+0000] {dag.py:3508} INFO - Setting next_dagrun for example_weekday_branch_operator to 2023-08-31T00:00:00+00:00, run_after=2023-09-01T00:00:00+00:00
[2023-09-01T19:43:09.191+0000] {processor.py:179} INFO - Processing /home/airflow/.local/lib/python3.7/site-packages/airflow/example_dags/example_branch_day_of_week_operator.py took 0.081 seconds
[2023-09-01T19:43:39.600+0000] {processor.py:157} INFO - Started process (PID=1328) to work on /home/airflow/.local/lib/python3.7/site-packages/airflow/example_dags/example_branch_day_of_week_operator.py
[2023-09-01T19:43:39.601+0000] {processor.py:826} INFO - Processing file /home/airflow/.local/lib/python3.7/site-packages/airflow/example_dags/example_branch_day_of_week_operator.py for tasks to queue
[2023-09-01T19:43:39.601+0000] {logging_mixin.py:150} INFO - [2023-09-01T19:43:39.601+0000] {dagbag.py:541} INFO - Filling up the DagBag from /home/airflow/.local/lib/python3.7/site-packages/airflow/example_dags/example_branch_day_of_week_operator.py
[2023-09-01T19:43:39.607+0000] {processor.py:836} INFO - DAG(s) dict_keys(['example_weekday_branch_operator']) retrieved from /home/airflow/.local/lib/python3.7/site-packages/airflow/example_dags/example_branch_day_of_week_operator.py
[2023-09-01T19:43:39.636+0000] {logging_mixin.py:150} INFO - [2023-09-01T19:43:39.635+0000] {dag.py:2742} INFO - Sync 1 DAGs
[2023-09-01T19:43:39.658+0000] {logging_mixin.py:150} INFO - [2023-09-01T19:43:39.658+0000] {dag.py:3508} INFO - Setting next_dagrun for example_weekday_branch_operator to 2023-08-31T00:00:00+00:00, run_after=2023-09-01T00:00:00+00:00
[2023-09-01T19:43:39.677+0000] {processor.py:179} INFO - Processing /home/airflow/.local/lib/python3.7/site-packages/airflow/example_dags/example_branch_day_of_week_operator.py took 0.081 seconds
[2023-09-01T19:44:10.166+0000] {processor.py:157} INFO - Started process (PID=1383) to work on /home/airflow/.local/lib/python3.7/site-packages/airflow/example_dags/example_branch_day_of_week_operator.py
[2023-09-01T19:44:10.168+0000] {processor.py:826} INFO - Processing file /home/airflow/.local/lib/python3.7/site-packages/airflow/example_dags/example_branch_day_of_week_operator.py for tasks to queue
[2023-09-01T19:44:10.169+0000] {logging_mixin.py:150} INFO - [2023-09-01T19:44:10.169+0000] {dagbag.py:541} INFO - Filling up the DagBag from /home/airflow/.local/lib/python3.7/site-packages/airflow/example_dags/example_branch_day_of_week_operator.py
[2023-09-01T19:44:10.179+0000] {processor.py:836} INFO - DAG(s) dict_keys(['example_weekday_branch_operator']) retrieved from /home/airflow/.local/lib/python3.7/site-packages/airflow/example_dags/example_branch_day_of_week_operator.py
[2023-09-01T19:44:10.207+0000] {logging_mixin.py:150} INFO - [2023-09-01T19:44:10.207+0000] {dag.py:2742} INFO - Sync 1 DAGs
[2023-09-01T19:44:10.231+0000] {logging_mixin.py:150} INFO - [2023-09-01T19:44:10.231+0000] {dag.py:3508} INFO - Setting next_dagrun for example_weekday_branch_operator to 2023-08-31T00:00:00+00:00, run_after=2023-09-01T00:00:00+00:00
[2023-09-01T19:44:10.248+0000] {processor.py:179} INFO - Processing /home/airflow/.local/lib/python3.7/site-packages/airflow/example_dags/example_branch_day_of_week_operator.py took 0.084 seconds
[2023-09-01T19:44:40.737+0000] {processor.py:157} INFO - Started process (PID=1438) to work on /home/airflow/.local/lib/python3.7/site-packages/airflow/example_dags/example_branch_day_of_week_operator.py
[2023-09-01T19:44:40.738+0000] {processor.py:826} INFO - Processing file /home/airflow/.local/lib/python3.7/site-packages/airflow/example_dags/example_branch_day_of_week_operator.py for tasks to queue
[2023-09-01T19:44:40.738+0000] {logging_mixin.py:150} INFO - [2023-09-01T19:44:40.738+0000] {dagbag.py:541} INFO - Filling up the DagBag from /home/airflow/.local/lib/python3.7/site-packages/airflow/example_dags/example_branch_day_of_week_operator.py
[2023-09-01T19:44:40.750+0000] {processor.py:836} INFO - DAG(s) dict_keys(['example_weekday_branch_operator']) retrieved from /home/airflow/.local/lib/python3.7/site-packages/airflow/example_dags/example_branch_day_of_week_operator.py
[2023-09-01T19:44:40.773+0000] {logging_mixin.py:150} INFO - [2023-09-01T19:44:40.773+0000] {dag.py:2742} INFO - Sync 1 DAGs
[2023-09-01T19:44:40.800+0000] {logging_mixin.py:150} INFO - [2023-09-01T19:44:40.800+0000] {dag.py:3508} INFO - Setting next_dagrun for example_weekday_branch_operator to 2023-08-31T00:00:00+00:00, run_after=2023-09-01T00:00:00+00:00
[2023-09-01T19:44:40.820+0000] {processor.py:179} INFO - Processing /home/airflow/.local/lib/python3.7/site-packages/airflow/example_dags/example_branch_day_of_week_operator.py took 0.086 seconds
[2023-09-01T19:45:11.096+0000] {processor.py:157} INFO - Started process (PID=1493) to work on /home/airflow/.local/lib/python3.7/site-packages/airflow/example_dags/example_branch_day_of_week_operator.py
[2023-09-01T19:45:11.098+0000] {processor.py:826} INFO - Processing file /home/airflow/.local/lib/python3.7/site-packages/airflow/example_dags/example_branch_day_of_week_operator.py for tasks to queue
[2023-09-01T19:45:11.098+0000] {logging_mixin.py:150} INFO - [2023-09-01T19:45:11.098+0000] {dagbag.py:541} INFO - Filling up the DagBag from /home/airflow/.local/lib/python3.7/site-packages/airflow/example_dags/example_branch_day_of_week_operator.py
[2023-09-01T19:45:11.110+0000] {processor.py:836} INFO - DAG(s) dict_keys(['example_weekday_branch_operator']) retrieved from /home/airflow/.local/lib/python3.7/site-packages/airflow/example_dags/example_branch_day_of_week_operator.py
[2023-09-01T19:45:11.142+0000] {logging_mixin.py:150} INFO - [2023-09-01T19:45:11.142+0000] {dag.py:2742} INFO - Sync 1 DAGs
[2023-09-01T19:45:11.172+0000] {logging_mixin.py:150} INFO - [2023-09-01T19:45:11.172+0000] {dag.py:3508} INFO - Setting next_dagrun for example_weekday_branch_operator to 2023-08-31T00:00:00+00:00, run_after=2023-09-01T00:00:00+00:00
[2023-09-01T19:45:11.194+0000] {processor.py:179} INFO - Processing /home/airflow/.local/lib/python3.7/site-packages/airflow/example_dags/example_branch_day_of_week_operator.py took 0.100 seconds
[2023-09-01T19:45:41.403+0000] {processor.py:157} INFO - Started process (PID=1548) to work on /home/airflow/.local/lib/python3.7/site-packages/airflow/example_dags/example_branch_day_of_week_operator.py
[2023-09-01T19:45:41.403+0000] {processor.py:826} INFO - Processing file /home/airflow/.local/lib/python3.7/site-packages/airflow/example_dags/example_branch_day_of_week_operator.py for tasks to queue
[2023-09-01T19:45:41.404+0000] {logging_mixin.py:150} INFO - [2023-09-01T19:45:41.404+0000] {dagbag.py:541} INFO - Filling up the DagBag from /home/airflow/.local/lib/python3.7/site-packages/airflow/example_dags/example_branch_day_of_week_operator.py
[2023-09-01T19:45:41.414+0000] {processor.py:836} INFO - DAG(s) dict_keys(['example_weekday_branch_operator']) retrieved from /home/airflow/.local/lib/python3.7/site-packages/airflow/example_dags/example_branch_day_of_week_operator.py
[2023-09-01T19:45:41.439+0000] {logging_mixin.py:150} INFO - [2023-09-01T19:45:41.438+0000] {dag.py:2742} INFO - Sync 1 DAGs
[2023-09-01T19:45:41.465+0000] {logging_mixin.py:150} INFO - [2023-09-01T19:45:41.464+0000] {dag.py:3508} INFO - Setting next_dagrun for example_weekday_branch_operator to 2023-08-31T00:00:00+00:00, run_after=2023-09-01T00:00:00+00:00
[2023-09-01T19:45:41.481+0000] {processor.py:179} INFO - Processing /home/airflow/.local/lib/python3.7/site-packages/airflow/example_dags/example_branch_day_of_week_operator.py took 0.081 seconds
[2023-09-01T19:46:11.751+0000] {processor.py:157} INFO - Started process (PID=1603) to work on /home/airflow/.local/lib/python3.7/site-packages/airflow/example_dags/example_branch_day_of_week_operator.py
[2023-09-01T19:46:11.752+0000] {processor.py:826} INFO - Processing file /home/airflow/.local/lib/python3.7/site-packages/airflow/example_dags/example_branch_day_of_week_operator.py for tasks to queue
[2023-09-01T19:46:11.753+0000] {logging_mixin.py:150} INFO - [2023-09-01T19:46:11.752+0000] {dagbag.py:541} INFO - Filling up the DagBag from /home/airflow/.local/lib/python3.7/site-packages/airflow/example_dags/example_branch_day_of_week_operator.py
[2023-09-01T19:46:11.762+0000] {processor.py:836} INFO - DAG(s) dict_keys(['example_weekday_branch_operator']) retrieved from /home/airflow/.local/lib/python3.7/site-packages/airflow/example_dags/example_branch_day_of_week_operator.py
[2023-09-01T19:46:11.790+0000] {logging_mixin.py:150} INFO - [2023-09-01T19:46:11.790+0000] {dag.py:2742} INFO - Sync 1 DAGs
[2023-09-01T19:46:11.823+0000] {logging_mixin.py:150} INFO - [2023-09-01T19:46:11.822+0000] {dag.py:3508} INFO - Setting next_dagrun for example_weekday_branch_operator to 2023-08-31T00:00:00+00:00, run_after=2023-09-01T00:00:00+00:00
[2023-09-01T19:46:11.845+0000] {processor.py:179} INFO - Processing /home/airflow/.local/lib/python3.7/site-packages/airflow/example_dags/example_branch_day_of_week_operator.py took 0.097 seconds
[2023-09-01T19:46:42.247+0000] {processor.py:157} INFO - Started process (PID=1658) to work on /home/airflow/.local/lib/python3.7/site-packages/airflow/example_dags/example_branch_day_of_week_operator.py
[2023-09-01T19:46:42.248+0000] {processor.py:826} INFO - Processing file /home/airflow/.local/lib/python3.7/site-packages/airflow/example_dags/example_branch_day_of_week_operator.py for tasks to queue
[2023-09-01T19:46:42.249+0000] {logging_mixin.py:150} INFO - [2023-09-01T19:46:42.249+0000] {dagbag.py:541} INFO - Filling up the DagBag from /home/airflow/.local/lib/python3.7/site-packages/airflow/example_dags/example_branch_day_of_week_operator.py
[2023-09-01T19:46:42.260+0000] {processor.py:836} INFO - DAG(s) dict_keys(['example_weekday_branch_operator']) retrieved from /home/airflow/.local/lib/python3.7/site-packages/airflow/example_dags/example_branch_day_of_week_operator.py
[2023-09-01T19:46:42.283+0000] {logging_mixin.py:150} INFO - [2023-09-01T19:46:42.282+0000] {dag.py:2742} INFO - Sync 1 DAGs
[2023-09-01T19:46:42.308+0000] {logging_mixin.py:150} INFO - [2023-09-01T19:46:42.308+0000] {dag.py:3508} INFO - Setting next_dagrun for example_weekday_branch_operator to 2023-08-31T00:00:00+00:00, run_after=2023-09-01T00:00:00+00:00
[2023-09-01T19:46:42.329+0000] {processor.py:179} INFO - Processing /home/airflow/.local/lib/python3.7/site-packages/airflow/example_dags/example_branch_day_of_week_operator.py took 0.088 seconds
[2023-09-01T19:47:12.909+0000] {processor.py:157} INFO - Started process (PID=1713) to work on /home/airflow/.local/lib/python3.7/site-packages/airflow/example_dags/example_branch_day_of_week_operator.py
[2023-09-01T19:47:12.910+0000] {processor.py:826} INFO - Processing file /home/airflow/.local/lib/python3.7/site-packages/airflow/example_dags/example_branch_day_of_week_operator.py for tasks to queue
[2023-09-01T19:47:12.910+0000] {logging_mixin.py:150} INFO - [2023-09-01T19:47:12.910+0000] {dagbag.py:541} INFO - Filling up the DagBag from /home/airflow/.local/lib/python3.7/site-packages/airflow/example_dags/example_branch_day_of_week_operator.py
[2023-09-01T19:47:12.922+0000] {processor.py:836} INFO - DAG(s) dict_keys(['example_weekday_branch_operator']) retrieved from /home/airflow/.local/lib/python3.7/site-packages/airflow/example_dags/example_branch_day_of_week_operator.py
[2023-09-01T19:47:12.943+0000] {logging_mixin.py:150} INFO - [2023-09-01T19:47:12.943+0000] {dag.py:2742} INFO - Sync 1 DAGs
[2023-09-01T19:47:12.969+0000] {logging_mixin.py:150} INFO - [2023-09-01T19:47:12.969+0000] {dag.py:3508} INFO - Setting next_dagrun for example_weekday_branch_operator to 2023-08-31T00:00:00+00:00, run_after=2023-09-01T00:00:00+00:00
[2023-09-01T19:47:12.991+0000] {processor.py:179} INFO - Processing /home/airflow/.local/lib/python3.7/site-packages/airflow/example_dags/example_branch_day_of_week_operator.py took 0.085 seconds
[2023-09-01T19:47:43.330+0000] {processor.py:157} INFO - Started process (PID=1768) to work on /home/airflow/.local/lib/python3.7/site-packages/airflow/example_dags/example_branch_day_of_week_operator.py
[2023-09-01T19:47:43.331+0000] {processor.py:826} INFO - Processing file /home/airflow/.local/lib/python3.7/site-packages/airflow/example_dags/example_branch_day_of_week_operator.py for tasks to queue
[2023-09-01T19:47:43.332+0000] {logging_mixin.py:150} INFO - [2023-09-01T19:47:43.331+0000] {dagbag.py:541} INFO - Filling up the DagBag from /home/airflow/.local/lib/python3.7/site-packages/airflow/example_dags/example_branch_day_of_week_operator.py
[2023-09-01T19:47:43.344+0000] {processor.py:836} INFO - DAG(s) dict_keys(['example_weekday_branch_operator']) retrieved from /home/airflow/.local/lib/python3.7/site-packages/airflow/example_dags/example_branch_day_of_week_operator.py
[2023-09-01T19:47:43.367+0000] {logging_mixin.py:150} INFO - [2023-09-01T19:47:43.366+0000] {dag.py:2742} INFO - Sync 1 DAGs
[2023-09-01T19:47:43.393+0000] {logging_mixin.py:150} INFO - [2023-09-01T19:47:43.392+0000] {dag.py:3508} INFO - Setting next_dagrun for example_weekday_branch_operator to 2023-08-31T00:00:00+00:00, run_after=2023-09-01T00:00:00+00:00
[2023-09-01T19:47:43.419+0000] {processor.py:179} INFO - Processing /home/airflow/.local/lib/python3.7/site-packages/airflow/example_dags/example_branch_day_of_week_operator.py took 0.092 seconds
[2023-09-01T19:48:13.834+0000] {processor.py:157} INFO - Started process (PID=1823) to work on /home/airflow/.local/lib/python3.7/site-packages/airflow/example_dags/example_branch_day_of_week_operator.py
[2023-09-01T19:48:13.834+0000] {processor.py:826} INFO - Processing file /home/airflow/.local/lib/python3.7/site-packages/airflow/example_dags/example_branch_day_of_week_operator.py for tasks to queue
[2023-09-01T19:48:13.835+0000] {logging_mixin.py:150} INFO - [2023-09-01T19:48:13.835+0000] {dagbag.py:541} INFO - Filling up the DagBag from /home/airflow/.local/lib/python3.7/site-packages/airflow/example_dags/example_branch_day_of_week_operator.py
[2023-09-01T19:48:13.845+0000] {processor.py:836} INFO - DAG(s) dict_keys(['example_weekday_branch_operator']) retrieved from /home/airflow/.local/lib/python3.7/site-packages/airflow/example_dags/example_branch_day_of_week_operator.py
[2023-09-01T19:48:13.868+0000] {logging_mixin.py:150} INFO - [2023-09-01T19:48:13.868+0000] {dag.py:2742} INFO - Sync 1 DAGs
[2023-09-01T19:48:13.893+0000] {logging_mixin.py:150} INFO - [2023-09-01T19:48:13.893+0000] {dag.py:3508} INFO - Setting next_dagrun for example_weekday_branch_operator to 2023-08-31T00:00:00+00:00, run_after=2023-09-01T00:00:00+00:00
[2023-09-01T19:48:13.918+0000] {processor.py:179} INFO - Processing /home/airflow/.local/lib/python3.7/site-packages/airflow/example_dags/example_branch_day_of_week_operator.py took 0.092 seconds
[2023-09-01T19:48:44.651+0000] {processor.py:157} INFO - Started process (PID=1877) to work on /home/airflow/.local/lib/python3.7/site-packages/airflow/example_dags/example_branch_day_of_week_operator.py
[2023-09-01T19:48:44.652+0000] {processor.py:826} INFO - Processing file /home/airflow/.local/lib/python3.7/site-packages/airflow/example_dags/example_branch_day_of_week_operator.py for tasks to queue
[2023-09-01T19:48:44.652+0000] {logging_mixin.py:150} INFO - [2023-09-01T19:48:44.652+0000] {dagbag.py:541} INFO - Filling up the DagBag from /home/airflow/.local/lib/python3.7/site-packages/airflow/example_dags/example_branch_day_of_week_operator.py
[2023-09-01T19:48:44.659+0000] {processor.py:836} INFO - DAG(s) dict_keys(['example_weekday_branch_operator']) retrieved from /home/airflow/.local/lib/python3.7/site-packages/airflow/example_dags/example_branch_day_of_week_operator.py
[2023-09-01T19:48:44.680+0000] {logging_mixin.py:150} INFO - [2023-09-01T19:48:44.680+0000] {dag.py:2742} INFO - Sync 1 DAGs
[2023-09-01T19:48:44.701+0000] {logging_mixin.py:150} INFO - [2023-09-01T19:48:44.701+0000] {dag.py:3508} INFO - Setting next_dagrun for example_weekday_branch_operator to 2023-08-31T00:00:00+00:00, run_after=2023-09-01T00:00:00+00:00
[2023-09-01T19:48:44.717+0000] {processor.py:179} INFO - Processing /home/airflow/.local/lib/python3.7/site-packages/airflow/example_dags/example_branch_day_of_week_operator.py took 0.069 seconds
[2023-09-01T19:49:15.369+0000] {processor.py:157} INFO - Started process (PID=1932) to work on /home/airflow/.local/lib/python3.7/site-packages/airflow/example_dags/example_branch_day_of_week_operator.py
[2023-09-01T19:49:15.370+0000] {processor.py:826} INFO - Processing file /home/airflow/.local/lib/python3.7/site-packages/airflow/example_dags/example_branch_day_of_week_operator.py for tasks to queue
[2023-09-01T19:49:15.371+0000] {logging_mixin.py:150} INFO - [2023-09-01T19:49:15.371+0000] {dagbag.py:541} INFO - Filling up the DagBag from /home/airflow/.local/lib/python3.7/site-packages/airflow/example_dags/example_branch_day_of_week_operator.py
[2023-09-01T19:49:15.379+0000] {processor.py:836} INFO - DAG(s) dict_keys(['example_weekday_branch_operator']) retrieved from /home/airflow/.local/lib/python3.7/site-packages/airflow/example_dags/example_branch_day_of_week_operator.py
[2023-09-01T19:49:15.401+0000] {logging_mixin.py:150} INFO - [2023-09-01T19:49:15.401+0000] {dag.py:2742} INFO - Sync 1 DAGs
[2023-09-01T19:49:15.425+0000] {logging_mixin.py:150} INFO - [2023-09-01T19:49:15.425+0000] {dag.py:3508} INFO - Setting next_dagrun for example_weekday_branch_operator to 2023-08-31T00:00:00+00:00, run_after=2023-09-01T00:00:00+00:00
[2023-09-01T19:49:15.441+0000] {processor.py:179} INFO - Processing /home/airflow/.local/lib/python3.7/site-packages/airflow/example_dags/example_branch_day_of_week_operator.py took 0.075 seconds
[2023-09-01T19:49:46.093+0000] {processor.py:157} INFO - Started process (PID=1987) to work on /home/airflow/.local/lib/python3.7/site-packages/airflow/example_dags/example_branch_day_of_week_operator.py
[2023-09-01T19:49:46.098+0000] {processor.py:826} INFO - Processing file /home/airflow/.local/lib/python3.7/site-packages/airflow/example_dags/example_branch_day_of_week_operator.py for tasks to queue
[2023-09-01T19:49:46.099+0000] {logging_mixin.py:150} INFO - [2023-09-01T19:49:46.099+0000] {dagbag.py:541} INFO - Filling up the DagBag from /home/airflow/.local/lib/python3.7/site-packages/airflow/example_dags/example_branch_day_of_week_operator.py
[2023-09-01T19:49:46.111+0000] {processor.py:836} INFO - DAG(s) dict_keys(['example_weekday_branch_operator']) retrieved from /home/airflow/.local/lib/python3.7/site-packages/airflow/example_dags/example_branch_day_of_week_operator.py
[2023-09-01T19:49:46.152+0000] {logging_mixin.py:150} INFO - [2023-09-01T19:49:46.151+0000] {dag.py:2742} INFO - Sync 1 DAGs
[2023-09-01T19:49:46.174+0000] {logging_mixin.py:150} INFO - [2023-09-01T19:49:46.174+0000] {dag.py:3508} INFO - Setting next_dagrun for example_weekday_branch_operator to 2023-08-31T00:00:00+00:00, run_after=2023-09-01T00:00:00+00:00
[2023-09-01T19:49:46.191+0000] {processor.py:179} INFO - Processing /home/airflow/.local/lib/python3.7/site-packages/airflow/example_dags/example_branch_day_of_week_operator.py took 0.101 seconds
[2023-09-01T19:50:16.781+0000] {processor.py:157} INFO - Started process (PID=2042) to work on /home/airflow/.local/lib/python3.7/site-packages/airflow/example_dags/example_branch_day_of_week_operator.py
[2023-09-01T19:50:16.782+0000] {processor.py:826} INFO - Processing file /home/airflow/.local/lib/python3.7/site-packages/airflow/example_dags/example_branch_day_of_week_operator.py for tasks to queue
[2023-09-01T19:50:16.783+0000] {logging_mixin.py:150} INFO - [2023-09-01T19:50:16.783+0000] {dagbag.py:541} INFO - Filling up the DagBag from /home/airflow/.local/lib/python3.7/site-packages/airflow/example_dags/example_branch_day_of_week_operator.py
[2023-09-01T19:50:16.790+0000] {processor.py:836} INFO - DAG(s) dict_keys(['example_weekday_branch_operator']) retrieved from /home/airflow/.local/lib/python3.7/site-packages/airflow/example_dags/example_branch_day_of_week_operator.py
[2023-09-01T19:50:16.812+0000] {logging_mixin.py:150} INFO - [2023-09-01T19:50:16.812+0000] {dag.py:2742} INFO - Sync 1 DAGs
[2023-09-01T19:50:16.833+0000] {logging_mixin.py:150} INFO - [2023-09-01T19:50:16.833+0000] {dag.py:3508} INFO - Setting next_dagrun for example_weekday_branch_operator to 2023-08-31T00:00:00+00:00, run_after=2023-09-01T00:00:00+00:00
[2023-09-01T19:50:16.858+0000] {processor.py:179} INFO - Processing /home/airflow/.local/lib/python3.7/site-packages/airflow/example_dags/example_branch_day_of_week_operator.py took 0.080 seconds
[2023-09-01T19:50:47.471+0000] {processor.py:157} INFO - Started process (PID=2097) to work on /home/airflow/.local/lib/python3.7/site-packages/airflow/example_dags/example_branch_day_of_week_operator.py
[2023-09-01T19:50:47.482+0000] {processor.py:826} INFO - Processing file /home/airflow/.local/lib/python3.7/site-packages/airflow/example_dags/example_branch_day_of_week_operator.py for tasks to queue
[2023-09-01T19:50:47.483+0000] {logging_mixin.py:150} INFO - [2023-09-01T19:50:47.483+0000] {dagbag.py:541} INFO - Filling up the DagBag from /home/airflow/.local/lib/python3.7/site-packages/airflow/example_dags/example_branch_day_of_week_operator.py
[2023-09-01T19:50:47.501+0000] {processor.py:836} INFO - DAG(s) dict_keys(['example_weekday_branch_operator']) retrieved from /home/airflow/.local/lib/python3.7/site-packages/airflow/example_dags/example_branch_day_of_week_operator.py
[2023-09-01T19:50:47.552+0000] {logging_mixin.py:150} INFO - [2023-09-01T19:50:47.552+0000] {dag.py:2742} INFO - Sync 1 DAGs
[2023-09-01T19:50:47.591+0000] {logging_mixin.py:150} INFO - [2023-09-01T19:50:47.591+0000] {dag.py:3508} INFO - Setting next_dagrun for example_weekday_branch_operator to 2023-08-31T00:00:00+00:00, run_after=2023-09-01T00:00:00+00:00
[2023-09-01T19:50:47.630+0000] {processor.py:179} INFO - Processing /home/airflow/.local/lib/python3.7/site-packages/airflow/example_dags/example_branch_day_of_week_operator.py took 0.162 seconds
[2023-09-01T19:51:18.191+0000] {processor.py:157} INFO - Started process (PID=2151) to work on /home/airflow/.local/lib/python3.7/site-packages/airflow/example_dags/example_branch_day_of_week_operator.py
[2023-09-01T19:51:18.192+0000] {processor.py:826} INFO - Processing file /home/airflow/.local/lib/python3.7/site-packages/airflow/example_dags/example_branch_day_of_week_operator.py for tasks to queue
[2023-09-01T19:51:18.193+0000] {logging_mixin.py:150} INFO - [2023-09-01T19:51:18.193+0000] {dagbag.py:541} INFO - Filling up the DagBag from /home/airflow/.local/lib/python3.7/site-packages/airflow/example_dags/example_branch_day_of_week_operator.py
[2023-09-01T19:51:18.202+0000] {processor.py:836} INFO - DAG(s) dict_keys(['example_weekday_branch_operator']) retrieved from /home/airflow/.local/lib/python3.7/site-packages/airflow/example_dags/example_branch_day_of_week_operator.py
[2023-09-01T19:51:18.233+0000] {logging_mixin.py:150} INFO - [2023-09-01T19:51:18.232+0000] {dag.py:2742} INFO - Sync 1 DAGs
[2023-09-01T19:51:18.259+0000] {logging_mixin.py:150} INFO - [2023-09-01T19:51:18.259+0000] {dag.py:3508} INFO - Setting next_dagrun for example_weekday_branch_operator to 2023-08-31T00:00:00+00:00, run_after=2023-09-01T00:00:00+00:00
[2023-09-01T19:51:18.290+0000] {processor.py:179} INFO - Processing /home/airflow/.local/lib/python3.7/site-packages/airflow/example_dags/example_branch_day_of_week_operator.py took 0.102 seconds
[2023-09-01T19:51:49.232+0000] {processor.py:157} INFO - Started process (PID=2206) to work on /home/airflow/.local/lib/python3.7/site-packages/airflow/example_dags/example_branch_day_of_week_operator.py
[2023-09-01T19:51:49.233+0000] {processor.py:826} INFO - Processing file /home/airflow/.local/lib/python3.7/site-packages/airflow/example_dags/example_branch_day_of_week_operator.py for tasks to queue
[2023-09-01T19:51:49.233+0000] {logging_mixin.py:150} INFO - [2023-09-01T19:51:49.233+0000] {dagbag.py:541} INFO - Filling up the DagBag from /home/airflow/.local/lib/python3.7/site-packages/airflow/example_dags/example_branch_day_of_week_operator.py
[2023-09-01T19:51:49.245+0000] {processor.py:836} INFO - DAG(s) dict_keys(['example_weekday_branch_operator']) retrieved from /home/airflow/.local/lib/python3.7/site-packages/airflow/example_dags/example_branch_day_of_week_operator.py
[2023-09-01T19:51:49.289+0000] {logging_mixin.py:150} INFO - [2023-09-01T19:51:49.289+0000] {dag.py:2742} INFO - Sync 1 DAGs
[2023-09-01T19:51:49.343+0000] {logging_mixin.py:150} INFO - [2023-09-01T19:51:49.342+0000] {dag.py:3508} INFO - Setting next_dagrun for example_weekday_branch_operator to 2023-08-31T00:00:00+00:00, run_after=2023-09-01T00:00:00+00:00
[2023-09-01T19:51:49.380+0000] {processor.py:179} INFO - Processing /home/airflow/.local/lib/python3.7/site-packages/airflow/example_dags/example_branch_day_of_week_operator.py took 0.158 seconds
[2023-09-01T19:52:19.648+0000] {processor.py:157} INFO - Started process (PID=2260) to work on /home/airflow/.local/lib/python3.7/site-packages/airflow/example_dags/example_branch_day_of_week_operator.py
[2023-09-01T19:52:19.649+0000] {processor.py:826} INFO - Processing file /home/airflow/.local/lib/python3.7/site-packages/airflow/example_dags/example_branch_day_of_week_operator.py for tasks to queue
[2023-09-01T19:52:19.650+0000] {logging_mixin.py:150} INFO - [2023-09-01T19:52:19.650+0000] {dagbag.py:541} INFO - Filling up the DagBag from /home/airflow/.local/lib/python3.7/site-packages/airflow/example_dags/example_branch_day_of_week_operator.py
[2023-09-01T19:52:19.673+0000] {processor.py:836} INFO - DAG(s) dict_keys(['example_weekday_branch_operator']) retrieved from /home/airflow/.local/lib/python3.7/site-packages/airflow/example_dags/example_branch_day_of_week_operator.py
[2023-09-01T19:52:19.732+0000] {logging_mixin.py:150} INFO - [2023-09-01T19:52:19.731+0000] {dag.py:2742} INFO - Sync 1 DAGs
[2023-09-01T19:52:19.821+0000] {logging_mixin.py:150} INFO - [2023-09-01T19:52:19.820+0000] {dag.py:3508} INFO - Setting next_dagrun for example_weekday_branch_operator to 2023-08-31T00:00:00+00:00, run_after=2023-09-01T00:00:00+00:00
[2023-09-01T19:52:19.884+0000] {processor.py:179} INFO - Processing /home/airflow/.local/lib/python3.7/site-packages/airflow/example_dags/example_branch_day_of_week_operator.py took 0.247 seconds
[2023-09-01T19:52:50.274+0000] {processor.py:157} INFO - Started process (PID=2315) to work on /home/airflow/.local/lib/python3.7/site-packages/airflow/example_dags/example_branch_day_of_week_operator.py
[2023-09-01T19:52:50.275+0000] {processor.py:826} INFO - Processing file /home/airflow/.local/lib/python3.7/site-packages/airflow/example_dags/example_branch_day_of_week_operator.py for tasks to queue
[2023-09-01T19:52:50.275+0000] {logging_mixin.py:150} INFO - [2023-09-01T19:52:50.275+0000] {dagbag.py:541} INFO - Filling up the DagBag from /home/airflow/.local/lib/python3.7/site-packages/airflow/example_dags/example_branch_day_of_week_operator.py
[2023-09-01T19:52:50.282+0000] {processor.py:836} INFO - DAG(s) dict_keys(['example_weekday_branch_operator']) retrieved from /home/airflow/.local/lib/python3.7/site-packages/airflow/example_dags/example_branch_day_of_week_operator.py
[2023-09-01T19:52:50.310+0000] {logging_mixin.py:150} INFO - [2023-09-01T19:52:50.309+0000] {dag.py:2742} INFO - Sync 1 DAGs
[2023-09-01T19:52:50.333+0000] {logging_mixin.py:150} INFO - [2023-09-01T19:52:50.333+0000] {dag.py:3508} INFO - Setting next_dagrun for example_weekday_branch_operator to 2023-08-31T00:00:00+00:00, run_after=2023-09-01T00:00:00+00:00
[2023-09-01T19:52:50.352+0000] {processor.py:179} INFO - Processing /home/airflow/.local/lib/python3.7/site-packages/airflow/example_dags/example_branch_day_of_week_operator.py took 0.081 seconds
[2023-09-01T19:53:20.689+0000] {processor.py:157} INFO - Started process (PID=2370) to work on /home/airflow/.local/lib/python3.7/site-packages/airflow/example_dags/example_branch_day_of_week_operator.py
[2023-09-01T19:53:20.690+0000] {processor.py:826} INFO - Processing file /home/airflow/.local/lib/python3.7/site-packages/airflow/example_dags/example_branch_day_of_week_operator.py for tasks to queue
[2023-09-01T19:53:20.691+0000] {logging_mixin.py:150} INFO - [2023-09-01T19:53:20.690+0000] {dagbag.py:541} INFO - Filling up the DagBag from /home/airflow/.local/lib/python3.7/site-packages/airflow/example_dags/example_branch_day_of_week_operator.py
[2023-09-01T19:53:20.702+0000] {processor.py:836} INFO - DAG(s) dict_keys(['example_weekday_branch_operator']) retrieved from /home/airflow/.local/lib/python3.7/site-packages/airflow/example_dags/example_branch_day_of_week_operator.py
[2023-09-01T19:53:20.726+0000] {logging_mixin.py:150} INFO - [2023-09-01T19:53:20.726+0000] {dag.py:2742} INFO - Sync 1 DAGs
[2023-09-01T19:53:20.802+0000] {logging_mixin.py:150} INFO - [2023-09-01T19:53:20.802+0000] {dag.py:3508} INFO - Setting next_dagrun for example_weekday_branch_operator to 2023-08-31T00:00:00+00:00, run_after=2023-09-01T00:00:00+00:00
[2023-09-01T19:53:20.860+0000] {processor.py:179} INFO - Processing /home/airflow/.local/lib/python3.7/site-packages/airflow/example_dags/example_branch_day_of_week_operator.py took 0.178 seconds
[2023-09-01T19:53:51.416+0000] {processor.py:157} INFO - Started process (PID=2425) to work on /home/airflow/.local/lib/python3.7/site-packages/airflow/example_dags/example_branch_day_of_week_operator.py
[2023-09-01T19:53:51.417+0000] {processor.py:826} INFO - Processing file /home/airflow/.local/lib/python3.7/site-packages/airflow/example_dags/example_branch_day_of_week_operator.py for tasks to queue
[2023-09-01T19:53:51.418+0000] {logging_mixin.py:150} INFO - [2023-09-01T19:53:51.417+0000] {dagbag.py:541} INFO - Filling up the DagBag from /home/airflow/.local/lib/python3.7/site-packages/airflow/example_dags/example_branch_day_of_week_operator.py
[2023-09-01T19:53:51.425+0000] {processor.py:836} INFO - DAG(s) dict_keys(['example_weekday_branch_operator']) retrieved from /home/airflow/.local/lib/python3.7/site-packages/airflow/example_dags/example_branch_day_of_week_operator.py
[2023-09-01T19:53:51.472+0000] {logging_mixin.py:150} INFO - [2023-09-01T19:53:51.472+0000] {dag.py:2742} INFO - Sync 1 DAGs
[2023-09-01T19:53:51.497+0000] {logging_mixin.py:150} INFO - [2023-09-01T19:53:51.497+0000] {dag.py:3508} INFO - Setting next_dagrun for example_weekday_branch_operator to 2023-08-31T00:00:00+00:00, run_after=2023-09-01T00:00:00+00:00
[2023-09-01T19:53:51.523+0000] {processor.py:179} INFO - Processing /home/airflow/.local/lib/python3.7/site-packages/airflow/example_dags/example_branch_day_of_week_operator.py took 0.112 seconds
[2023-09-01T19:54:21.631+0000] {processor.py:157} INFO - Started process (PID=2480) to work on /home/airflow/.local/lib/python3.7/site-packages/airflow/example_dags/example_branch_day_of_week_operator.py
[2023-09-01T19:54:21.633+0000] {processor.py:826} INFO - Processing file /home/airflow/.local/lib/python3.7/site-packages/airflow/example_dags/example_branch_day_of_week_operator.py for tasks to queue
[2023-09-01T19:54:21.634+0000] {logging_mixin.py:150} INFO - [2023-09-01T19:54:21.634+0000] {dagbag.py:541} INFO - Filling up the DagBag from /home/airflow/.local/lib/python3.7/site-packages/airflow/example_dags/example_branch_day_of_week_operator.py
[2023-09-01T19:54:21.642+0000] {processor.py:836} INFO - DAG(s) dict_keys(['example_weekday_branch_operator']) retrieved from /home/airflow/.local/lib/python3.7/site-packages/airflow/example_dags/example_branch_day_of_week_operator.py
[2023-09-01T19:54:21.670+0000] {logging_mixin.py:150} INFO - [2023-09-01T19:54:21.669+0000] {dag.py:2742} INFO - Sync 1 DAGs
[2023-09-01T19:54:21.697+0000] {logging_mixin.py:150} INFO - [2023-09-01T19:54:21.696+0000] {dag.py:3508} INFO - Setting next_dagrun for example_weekday_branch_operator to 2023-08-31T00:00:00+00:00, run_after=2023-09-01T00:00:00+00:00
[2023-09-01T19:54:21.714+0000] {processor.py:179} INFO - Processing /home/airflow/.local/lib/python3.7/site-packages/airflow/example_dags/example_branch_day_of_week_operator.py took 0.090 seconds
[2023-09-01T19:54:51.740+0000] {processor.py:157} INFO - Started process (PID=2535) to work on /home/airflow/.local/lib/python3.7/site-packages/airflow/example_dags/example_branch_day_of_week_operator.py
[2023-09-01T19:54:51.741+0000] {processor.py:826} INFO - Processing file /home/airflow/.local/lib/python3.7/site-packages/airflow/example_dags/example_branch_day_of_week_operator.py for tasks to queue
[2023-09-01T19:54:51.742+0000] {logging_mixin.py:150} INFO - [2023-09-01T19:54:51.741+0000] {dagbag.py:541} INFO - Filling up the DagBag from /home/airflow/.local/lib/python3.7/site-packages/airflow/example_dags/example_branch_day_of_week_operator.py
[2023-09-01T19:54:51.755+0000] {processor.py:836} INFO - DAG(s) dict_keys(['example_weekday_branch_operator']) retrieved from /home/airflow/.local/lib/python3.7/site-packages/airflow/example_dags/example_branch_day_of_week_operator.py
[2023-09-01T19:54:51.798+0000] {logging_mixin.py:150} INFO - [2023-09-01T19:54:51.798+0000] {dag.py:2742} INFO - Sync 1 DAGs
[2023-09-01T19:54:51.828+0000] {logging_mixin.py:150} INFO - [2023-09-01T19:54:51.827+0000] {dag.py:3508} INFO - Setting next_dagrun for example_weekday_branch_operator to 2023-08-31T00:00:00+00:00, run_after=2023-09-01T00:00:00+00:00
[2023-09-01T19:54:51.846+0000] {processor.py:179} INFO - Processing /home/airflow/.local/lib/python3.7/site-packages/airflow/example_dags/example_branch_day_of_week_operator.py took 0.110 seconds
