[2023-09-01T19:31:50.956+0000] {processor.py:157} INFO - Started process (PID=43) to work on /home/airflow/.local/lib/python3.7/site-packages/airflow/example_dags/example_task_group.py
[2023-09-01T19:31:50.957+0000] {processor.py:826} INFO - Processing file /home/airflow/.local/lib/python3.7/site-packages/airflow/example_dags/example_task_group.py for tasks to queue
[2023-09-01T19:31:50.958+0000] {logging_mixin.py:150} INFO - [2023-09-01T19:31:50.958+0000] {dagbag.py:541} INFO - Filling up the DagBag from /home/airflow/.local/lib/python3.7/site-packages/airflow/example_dags/example_task_group.py
[2023-09-01T19:31:50.980+0000] {processor.py:836} INFO - DAG(s) dict_keys(['example_task_group']) retrieved from /home/airflow/.local/lib/python3.7/site-packages/airflow/example_dags/example_task_group.py
[2023-09-01T19:31:51.100+0000] {logging_mixin.py:150} INFO - [2023-09-01T19:31:51.099+0000] {dag.py:2742} INFO - Sync 1 DAGs
[2023-09-01T19:31:51.596+0000] {logging_mixin.py:150} INFO - [2023-09-01T19:31:51.596+0000] {dag.py:3508} INFO - Setting next_dagrun for example_task_group to 2023-08-31T19:31:51.596094+00:00, run_after=2023-09-01T19:31:51.596094+00:00
[2023-09-01T19:31:51.656+0000] {processor.py:179} INFO - Processing /home/airflow/.local/lib/python3.7/site-packages/airflow/example_dags/example_task_group.py took 0.711 seconds
[2023-09-01T19:32:22.046+0000] {processor.py:157} INFO - Started process (PID=99) to work on /home/airflow/.local/lib/python3.7/site-packages/airflow/example_dags/example_task_group.py
[2023-09-01T19:32:22.047+0000] {processor.py:826} INFO - Processing file /home/airflow/.local/lib/python3.7/site-packages/airflow/example_dags/example_task_group.py for tasks to queue
[2023-09-01T19:32:22.048+0000] {logging_mixin.py:150} INFO - [2023-09-01T19:32:22.047+0000] {dagbag.py:541} INFO - Filling up the DagBag from /home/airflow/.local/lib/python3.7/site-packages/airflow/example_dags/example_task_group.py
[2023-09-01T19:32:22.055+0000] {processor.py:836} INFO - DAG(s) dict_keys(['example_task_group']) retrieved from /home/airflow/.local/lib/python3.7/site-packages/airflow/example_dags/example_task_group.py
[2023-09-01T19:32:22.079+0000] {logging_mixin.py:150} INFO - [2023-09-01T19:32:22.079+0000] {dag.py:2742} INFO - Sync 1 DAGs
[2023-09-01T19:32:22.101+0000] {logging_mixin.py:150} INFO - [2023-09-01T19:32:22.100+0000] {dag.py:3508} INFO - Setting next_dagrun for example_task_group to 2023-08-31T19:32:22.100793+00:00, run_after=2023-09-01T19:32:22.100793+00:00
[2023-09-01T19:32:22.116+0000] {processor.py:179} INFO - Processing /home/airflow/.local/lib/python3.7/site-packages/airflow/example_dags/example_task_group.py took 0.073 seconds
[2023-09-01T19:32:53.061+0000] {processor.py:157} INFO - Started process (PID=154) to work on /home/airflow/.local/lib/python3.7/site-packages/airflow/example_dags/example_task_group.py
[2023-09-01T19:32:53.062+0000] {processor.py:826} INFO - Processing file /home/airflow/.local/lib/python3.7/site-packages/airflow/example_dags/example_task_group.py for tasks to queue
[2023-09-01T19:32:53.063+0000] {logging_mixin.py:150} INFO - [2023-09-01T19:32:53.063+0000] {dagbag.py:541} INFO - Filling up the DagBag from /home/airflow/.local/lib/python3.7/site-packages/airflow/example_dags/example_task_group.py
[2023-09-01T19:32:53.070+0000] {processor.py:836} INFO - DAG(s) dict_keys(['example_task_group']) retrieved from /home/airflow/.local/lib/python3.7/site-packages/airflow/example_dags/example_task_group.py
[2023-09-01T19:32:53.090+0000] {logging_mixin.py:150} INFO - [2023-09-01T19:32:53.090+0000] {dag.py:2742} INFO - Sync 1 DAGs
[2023-09-01T19:32:53.113+0000] {logging_mixin.py:150} INFO - [2023-09-01T19:32:53.113+0000] {dag.py:3508} INFO - Setting next_dagrun for example_task_group to 2023-08-31T19:32:53.113006+00:00, run_after=2023-09-01T19:32:53.113006+00:00
[2023-09-01T19:32:53.128+0000] {processor.py:179} INFO - Processing /home/airflow/.local/lib/python3.7/site-packages/airflow/example_dags/example_task_group.py took 0.070 seconds
[2023-09-01T19:33:23.353+0000] {processor.py:157} INFO - Started process (PID=209) to work on /home/airflow/.local/lib/python3.7/site-packages/airflow/example_dags/example_task_group.py
[2023-09-01T19:33:23.354+0000] {processor.py:826} INFO - Processing file /home/airflow/.local/lib/python3.7/site-packages/airflow/example_dags/example_task_group.py for tasks to queue
[2023-09-01T19:33:23.355+0000] {logging_mixin.py:150} INFO - [2023-09-01T19:33:23.354+0000] {dagbag.py:541} INFO - Filling up the DagBag from /home/airflow/.local/lib/python3.7/site-packages/airflow/example_dags/example_task_group.py
[2023-09-01T19:33:23.366+0000] {processor.py:836} INFO - DAG(s) dict_keys(['example_task_group']) retrieved from /home/airflow/.local/lib/python3.7/site-packages/airflow/example_dags/example_task_group.py
[2023-09-01T19:33:23.399+0000] {logging_mixin.py:150} INFO - [2023-09-01T19:33:23.399+0000] {dag.py:2742} INFO - Sync 1 DAGs
[2023-09-01T19:33:23.421+0000] {logging_mixin.py:150} INFO - [2023-09-01T19:33:23.421+0000] {dag.py:3508} INFO - Setting next_dagrun for example_task_group to 2023-08-31T19:33:23.420884+00:00, run_after=2023-09-01T19:33:23.420884+00:00
[2023-09-01T19:33:23.440+0000] {processor.py:179} INFO - Processing /home/airflow/.local/lib/python3.7/site-packages/airflow/example_dags/example_task_group.py took 0.089 seconds
[2023-09-01T19:33:53.695+0000] {processor.py:157} INFO - Started process (PID=264) to work on /home/airflow/.local/lib/python3.7/site-packages/airflow/example_dags/example_task_group.py
[2023-09-01T19:33:53.696+0000] {processor.py:826} INFO - Processing file /home/airflow/.local/lib/python3.7/site-packages/airflow/example_dags/example_task_group.py for tasks to queue
[2023-09-01T19:33:53.697+0000] {logging_mixin.py:150} INFO - [2023-09-01T19:33:53.697+0000] {dagbag.py:541} INFO - Filling up the DagBag from /home/airflow/.local/lib/python3.7/site-packages/airflow/example_dags/example_task_group.py
[2023-09-01T19:33:53.708+0000] {processor.py:836} INFO - DAG(s) dict_keys(['example_task_group']) retrieved from /home/airflow/.local/lib/python3.7/site-packages/airflow/example_dags/example_task_group.py
[2023-09-01T19:33:53.730+0000] {logging_mixin.py:150} INFO - [2023-09-01T19:33:53.730+0000] {dag.py:2742} INFO - Sync 1 DAGs
[2023-09-01T19:33:53.753+0000] {logging_mixin.py:150} INFO - [2023-09-01T19:33:53.753+0000] {dag.py:3508} INFO - Setting next_dagrun for example_task_group to 2023-08-31T19:33:53.753254+00:00, run_after=2023-09-01T19:33:53.753254+00:00
[2023-09-01T19:33:53.770+0000] {processor.py:179} INFO - Processing /home/airflow/.local/lib/python3.7/site-packages/airflow/example_dags/example_task_group.py took 0.078 seconds
[2023-09-01T19:34:24.167+0000] {processor.py:157} INFO - Started process (PID=319) to work on /home/airflow/.local/lib/python3.7/site-packages/airflow/example_dags/example_task_group.py
[2023-09-01T19:34:24.169+0000] {processor.py:826} INFO - Processing file /home/airflow/.local/lib/python3.7/site-packages/airflow/example_dags/example_task_group.py for tasks to queue
[2023-09-01T19:34:24.169+0000] {logging_mixin.py:150} INFO - [2023-09-01T19:34:24.169+0000] {dagbag.py:541} INFO - Filling up the DagBag from /home/airflow/.local/lib/python3.7/site-packages/airflow/example_dags/example_task_group.py
[2023-09-01T19:34:24.181+0000] {processor.py:836} INFO - DAG(s) dict_keys(['example_task_group']) retrieved from /home/airflow/.local/lib/python3.7/site-packages/airflow/example_dags/example_task_group.py
[2023-09-01T19:34:24.204+0000] {logging_mixin.py:150} INFO - [2023-09-01T19:34:24.204+0000] {dag.py:2742} INFO - Sync 1 DAGs
[2023-09-01T19:34:24.228+0000] {logging_mixin.py:150} INFO - [2023-09-01T19:34:24.228+0000] {dag.py:3508} INFO - Setting next_dagrun for example_task_group to 2023-08-31T19:34:24.228409+00:00, run_after=2023-09-01T19:34:24.228409+00:00
[2023-09-01T19:34:24.246+0000] {processor.py:179} INFO - Processing /home/airflow/.local/lib/python3.7/site-packages/airflow/example_dags/example_task_group.py took 0.081 seconds
[2023-09-01T19:34:54.405+0000] {processor.py:157} INFO - Started process (PID=374) to work on /home/airflow/.local/lib/python3.7/site-packages/airflow/example_dags/example_task_group.py
[2023-09-01T19:34:54.406+0000] {processor.py:826} INFO - Processing file /home/airflow/.local/lib/python3.7/site-packages/airflow/example_dags/example_task_group.py for tasks to queue
[2023-09-01T19:34:54.407+0000] {logging_mixin.py:150} INFO - [2023-09-01T19:34:54.406+0000] {dagbag.py:541} INFO - Filling up the DagBag from /home/airflow/.local/lib/python3.7/site-packages/airflow/example_dags/example_task_group.py
[2023-09-01T19:34:54.414+0000] {processor.py:836} INFO - DAG(s) dict_keys(['example_task_group']) retrieved from /home/airflow/.local/lib/python3.7/site-packages/airflow/example_dags/example_task_group.py
[2023-09-01T19:34:54.436+0000] {logging_mixin.py:150} INFO - [2023-09-01T19:34:54.436+0000] {dag.py:2742} INFO - Sync 1 DAGs
[2023-09-01T19:34:54.474+0000] {logging_mixin.py:150} INFO - [2023-09-01T19:34:54.474+0000] {dag.py:3508} INFO - Setting next_dagrun for example_task_group to 2023-08-31T19:34:54.473854+00:00, run_after=2023-09-01T19:34:54.473854+00:00
[2023-09-01T19:34:54.496+0000] {processor.py:179} INFO - Processing /home/airflow/.local/lib/python3.7/site-packages/airflow/example_dags/example_task_group.py took 0.094 seconds
[2023-09-01T19:35:24.617+0000] {processor.py:157} INFO - Started process (PID=429) to work on /home/airflow/.local/lib/python3.7/site-packages/airflow/example_dags/example_task_group.py
[2023-09-01T19:35:24.621+0000] {processor.py:826} INFO - Processing file /home/airflow/.local/lib/python3.7/site-packages/airflow/example_dags/example_task_group.py for tasks to queue
[2023-09-01T19:35:24.622+0000] {logging_mixin.py:150} INFO - [2023-09-01T19:35:24.621+0000] {dagbag.py:541} INFO - Filling up the DagBag from /home/airflow/.local/lib/python3.7/site-packages/airflow/example_dags/example_task_group.py
[2023-09-01T19:35:24.636+0000] {processor.py:836} INFO - DAG(s) dict_keys(['example_task_group']) retrieved from /home/airflow/.local/lib/python3.7/site-packages/airflow/example_dags/example_task_group.py
[2023-09-01T19:35:24.680+0000] {logging_mixin.py:150} INFO - [2023-09-01T19:35:24.679+0000] {dag.py:2742} INFO - Sync 1 DAGs
[2023-09-01T19:35:24.717+0000] {logging_mixin.py:150} INFO - [2023-09-01T19:35:24.717+0000] {dag.py:3508} INFO - Setting next_dagrun for example_task_group to 2023-08-31T19:35:24.717507+00:00, run_after=2023-09-01T19:35:24.717507+00:00
[2023-09-01T19:35:24.749+0000] {processor.py:179} INFO - Processing /home/airflow/.local/lib/python3.7/site-packages/airflow/example_dags/example_task_group.py took 0.135 seconds
[2023-09-01T19:35:54.921+0000] {processor.py:157} INFO - Started process (PID=484) to work on /home/airflow/.local/lib/python3.7/site-packages/airflow/example_dags/example_task_group.py
[2023-09-01T19:35:54.926+0000] {processor.py:826} INFO - Processing file /home/airflow/.local/lib/python3.7/site-packages/airflow/example_dags/example_task_group.py for tasks to queue
[2023-09-01T19:35:54.931+0000] {logging_mixin.py:150} INFO - [2023-09-01T19:35:54.927+0000] {dagbag.py:541} INFO - Filling up the DagBag from /home/airflow/.local/lib/python3.7/site-packages/airflow/example_dags/example_task_group.py
[2023-09-01T19:35:54.971+0000] {processor.py:836} INFO - DAG(s) dict_keys(['example_task_group']) retrieved from /home/airflow/.local/lib/python3.7/site-packages/airflow/example_dags/example_task_group.py
[2023-09-01T19:35:55.051+0000] {logging_mixin.py:150} INFO - [2023-09-01T19:35:55.051+0000] {dag.py:2742} INFO - Sync 1 DAGs
[2023-09-01T19:35:55.086+0000] {logging_mixin.py:150} INFO - [2023-09-01T19:35:55.086+0000] {dag.py:3508} INFO - Setting next_dagrun for example_task_group to 2023-08-31T19:35:55.085881+00:00, run_after=2023-09-01T19:35:55.085881+00:00
[2023-09-01T19:35:55.109+0000] {processor.py:179} INFO - Processing /home/airflow/.local/lib/python3.7/site-packages/airflow/example_dags/example_task_group.py took 0.206 seconds
[2023-09-01T19:36:25.579+0000] {processor.py:157} INFO - Started process (PID=539) to work on /home/airflow/.local/lib/python3.7/site-packages/airflow/example_dags/example_task_group.py
[2023-09-01T19:36:25.581+0000] {processor.py:826} INFO - Processing file /home/airflow/.local/lib/python3.7/site-packages/airflow/example_dags/example_task_group.py for tasks to queue
[2023-09-01T19:36:25.582+0000] {logging_mixin.py:150} INFO - [2023-09-01T19:36:25.582+0000] {dagbag.py:541} INFO - Filling up the DagBag from /home/airflow/.local/lib/python3.7/site-packages/airflow/example_dags/example_task_group.py
[2023-09-01T19:36:25.590+0000] {processor.py:836} INFO - DAG(s) dict_keys(['example_task_group']) retrieved from /home/airflow/.local/lib/python3.7/site-packages/airflow/example_dags/example_task_group.py
[2023-09-01T19:36:25.616+0000] {logging_mixin.py:150} INFO - [2023-09-01T19:36:25.616+0000] {dag.py:2742} INFO - Sync 1 DAGs
[2023-09-01T19:36:25.638+0000] {logging_mixin.py:150} INFO - [2023-09-01T19:36:25.638+0000] {dag.py:3508} INFO - Setting next_dagrun for example_task_group to 2023-08-31T19:36:25.637786+00:00, run_after=2023-09-01T19:36:25.637786+00:00
[2023-09-01T19:36:25.654+0000] {processor.py:179} INFO - Processing /home/airflow/.local/lib/python3.7/site-packages/airflow/example_dags/example_task_group.py took 0.079 seconds
[2023-09-01T19:36:56.371+0000] {processor.py:157} INFO - Started process (PID=594) to work on /home/airflow/.local/lib/python3.7/site-packages/airflow/example_dags/example_task_group.py
[2023-09-01T19:36:56.372+0000] {processor.py:826} INFO - Processing file /home/airflow/.local/lib/python3.7/site-packages/airflow/example_dags/example_task_group.py for tasks to queue
[2023-09-01T19:36:56.373+0000] {logging_mixin.py:150} INFO - [2023-09-01T19:36:56.373+0000] {dagbag.py:541} INFO - Filling up the DagBag from /home/airflow/.local/lib/python3.7/site-packages/airflow/example_dags/example_task_group.py
[2023-09-01T19:36:56.389+0000] {processor.py:836} INFO - DAG(s) dict_keys(['example_task_group']) retrieved from /home/airflow/.local/lib/python3.7/site-packages/airflow/example_dags/example_task_group.py
[2023-09-01T19:36:56.413+0000] {logging_mixin.py:150} INFO - [2023-09-01T19:36:56.413+0000] {dag.py:2742} INFO - Sync 1 DAGs
[2023-09-01T19:36:56.441+0000] {logging_mixin.py:150} INFO - [2023-09-01T19:36:56.440+0000] {dag.py:3508} INFO - Setting next_dagrun for example_task_group to 2023-08-31T19:36:56.440762+00:00, run_after=2023-09-01T19:36:56.440762+00:00
[2023-09-01T19:36:56.485+0000] {processor.py:179} INFO - Processing /home/airflow/.local/lib/python3.7/site-packages/airflow/example_dags/example_task_group.py took 0.117 seconds
[2023-09-01T19:37:26.707+0000] {processor.py:157} INFO - Started process (PID=649) to work on /home/airflow/.local/lib/python3.7/site-packages/airflow/example_dags/example_task_group.py
[2023-09-01T19:37:26.711+0000] {processor.py:826} INFO - Processing file /home/airflow/.local/lib/python3.7/site-packages/airflow/example_dags/example_task_group.py for tasks to queue
[2023-09-01T19:37:26.712+0000] {logging_mixin.py:150} INFO - [2023-09-01T19:37:26.712+0000] {dagbag.py:541} INFO - Filling up the DagBag from /home/airflow/.local/lib/python3.7/site-packages/airflow/example_dags/example_task_group.py
[2023-09-01T19:37:26.728+0000] {processor.py:836} INFO - DAG(s) dict_keys(['example_task_group']) retrieved from /home/airflow/.local/lib/python3.7/site-packages/airflow/example_dags/example_task_group.py
[2023-09-01T19:37:26.779+0000] {logging_mixin.py:150} INFO - [2023-09-01T19:37:26.779+0000] {dag.py:2742} INFO - Sync 1 DAGs
[2023-09-01T19:37:26.856+0000] {logging_mixin.py:150} INFO - [2023-09-01T19:37:26.856+0000] {dag.py:3508} INFO - Setting next_dagrun for example_task_group to 2023-08-31T19:37:26.856083+00:00, run_after=2023-09-01T19:37:26.856083+00:00
[2023-09-01T19:37:26.913+0000] {processor.py:179} INFO - Processing /home/airflow/.local/lib/python3.7/site-packages/airflow/example_dags/example_task_group.py took 0.211 seconds
[2023-09-01T19:37:57.541+0000] {processor.py:157} INFO - Started process (PID=704) to work on /home/airflow/.local/lib/python3.7/site-packages/airflow/example_dags/example_task_group.py
[2023-09-01T19:37:57.548+0000] {processor.py:826} INFO - Processing file /home/airflow/.local/lib/python3.7/site-packages/airflow/example_dags/example_task_group.py for tasks to queue
[2023-09-01T19:37:57.549+0000] {logging_mixin.py:150} INFO - [2023-09-01T19:37:57.549+0000] {dagbag.py:541} INFO - Filling up the DagBag from /home/airflow/.local/lib/python3.7/site-packages/airflow/example_dags/example_task_group.py
[2023-09-01T19:37:57.570+0000] {processor.py:836} INFO - DAG(s) dict_keys(['example_task_group']) retrieved from /home/airflow/.local/lib/python3.7/site-packages/airflow/example_dags/example_task_group.py
[2023-09-01T19:37:57.649+0000] {logging_mixin.py:150} INFO - [2023-09-01T19:37:57.649+0000] {dag.py:2742} INFO - Sync 1 DAGs
[2023-09-01T19:37:57.719+0000] {logging_mixin.py:150} INFO - [2023-09-01T19:37:57.719+0000] {dag.py:3508} INFO - Setting next_dagrun for example_task_group to 2023-08-31T19:37:57.719174+00:00, run_after=2023-09-01T19:37:57.719174+00:00
[2023-09-01T19:37:57.771+0000] {processor.py:179} INFO - Processing /home/airflow/.local/lib/python3.7/site-packages/airflow/example_dags/example_task_group.py took 0.234 seconds
[2023-09-01T19:38:28.457+0000] {processor.py:157} INFO - Started process (PID=759) to work on /home/airflow/.local/lib/python3.7/site-packages/airflow/example_dags/example_task_group.py
[2023-09-01T19:38:28.461+0000] {processor.py:826} INFO - Processing file /home/airflow/.local/lib/python3.7/site-packages/airflow/example_dags/example_task_group.py for tasks to queue
[2023-09-01T19:38:28.461+0000] {logging_mixin.py:150} INFO - [2023-09-01T19:38:28.461+0000] {dagbag.py:541} INFO - Filling up the DagBag from /home/airflow/.local/lib/python3.7/site-packages/airflow/example_dags/example_task_group.py
[2023-09-01T19:38:28.492+0000] {processor.py:836} INFO - DAG(s) dict_keys(['example_task_group']) retrieved from /home/airflow/.local/lib/python3.7/site-packages/airflow/example_dags/example_task_group.py
[2023-09-01T19:38:28.516+0000] {logging_mixin.py:150} INFO - [2023-09-01T19:38:28.516+0000] {dag.py:2742} INFO - Sync 1 DAGs
[2023-09-01T19:38:28.549+0000] {logging_mixin.py:150} INFO - [2023-09-01T19:38:28.549+0000] {dag.py:3508} INFO - Setting next_dagrun for example_task_group to 2023-08-31T19:38:28.548976+00:00, run_after=2023-09-01T19:38:28.548976+00:00
[2023-09-01T19:38:28.567+0000] {processor.py:179} INFO - Processing /home/airflow/.local/lib/python3.7/site-packages/airflow/example_dags/example_task_group.py took 0.121 seconds
[2023-09-01T19:38:59.432+0000] {processor.py:157} INFO - Started process (PID=814) to work on /home/airflow/.local/lib/python3.7/site-packages/airflow/example_dags/example_task_group.py
[2023-09-01T19:38:59.433+0000] {processor.py:826} INFO - Processing file /home/airflow/.local/lib/python3.7/site-packages/airflow/example_dags/example_task_group.py for tasks to queue
[2023-09-01T19:38:59.433+0000] {logging_mixin.py:150} INFO - [2023-09-01T19:38:59.433+0000] {dagbag.py:541} INFO - Filling up the DagBag from /home/airflow/.local/lib/python3.7/site-packages/airflow/example_dags/example_task_group.py
[2023-09-01T19:38:59.441+0000] {processor.py:836} INFO - DAG(s) dict_keys(['example_task_group']) retrieved from /home/airflow/.local/lib/python3.7/site-packages/airflow/example_dags/example_task_group.py
[2023-09-01T19:38:59.463+0000] {logging_mixin.py:150} INFO - [2023-09-01T19:38:59.463+0000] {dag.py:2742} INFO - Sync 1 DAGs
[2023-09-01T19:38:59.484+0000] {logging_mixin.py:150} INFO - [2023-09-01T19:38:59.484+0000] {dag.py:3508} INFO - Setting next_dagrun for example_task_group to 2023-08-31T19:38:59.484023+00:00, run_after=2023-09-01T19:38:59.484023+00:00
[2023-09-01T19:38:59.505+0000] {processor.py:179} INFO - Processing /home/airflow/.local/lib/python3.7/site-packages/airflow/example_dags/example_task_group.py took 0.077 seconds
[2023-09-01T19:39:29.827+0000] {processor.py:157} INFO - Started process (PID=868) to work on /home/airflow/.local/lib/python3.7/site-packages/airflow/example_dags/example_task_group.py
[2023-09-01T19:39:29.828+0000] {processor.py:826} INFO - Processing file /home/airflow/.local/lib/python3.7/site-packages/airflow/example_dags/example_task_group.py for tasks to queue
[2023-09-01T19:39:29.830+0000] {logging_mixin.py:150} INFO - [2023-09-01T19:39:29.830+0000] {dagbag.py:541} INFO - Filling up the DagBag from /home/airflow/.local/lib/python3.7/site-packages/airflow/example_dags/example_task_group.py
[2023-09-01T19:39:29.838+0000] {processor.py:836} INFO - DAG(s) dict_keys(['example_task_group']) retrieved from /home/airflow/.local/lib/python3.7/site-packages/airflow/example_dags/example_task_group.py
[2023-09-01T19:39:29.879+0000] {logging_mixin.py:150} INFO - [2023-09-01T19:39:29.879+0000] {dag.py:2742} INFO - Sync 1 DAGs
[2023-09-01T19:39:29.904+0000] {logging_mixin.py:150} INFO - [2023-09-01T19:39:29.903+0000] {dag.py:3508} INFO - Setting next_dagrun for example_task_group to 2023-08-31T19:39:29.903616+00:00, run_after=2023-09-01T19:39:29.903616+00:00
[2023-09-01T19:39:29.941+0000] {processor.py:179} INFO - Processing /home/airflow/.local/lib/python3.7/site-packages/airflow/example_dags/example_task_group.py took 0.117 seconds
[2023-09-01T19:40:00.023+0000] {processor.py:157} INFO - Started process (PID=922) to work on /home/airflow/.local/lib/python3.7/site-packages/airflow/example_dags/example_task_group.py
[2023-09-01T19:40:00.024+0000] {processor.py:826} INFO - Processing file /home/airflow/.local/lib/python3.7/site-packages/airflow/example_dags/example_task_group.py for tasks to queue
[2023-09-01T19:40:00.025+0000] {logging_mixin.py:150} INFO - [2023-09-01T19:40:00.025+0000] {dagbag.py:541} INFO - Filling up the DagBag from /home/airflow/.local/lib/python3.7/site-packages/airflow/example_dags/example_task_group.py
[2023-09-01T19:40:00.033+0000] {processor.py:836} INFO - DAG(s) dict_keys(['example_task_group']) retrieved from /home/airflow/.local/lib/python3.7/site-packages/airflow/example_dags/example_task_group.py
[2023-09-01T19:40:00.064+0000] {logging_mixin.py:150} INFO - [2023-09-01T19:40:00.064+0000] {dag.py:2742} INFO - Sync 1 DAGs
[2023-09-01T19:40:00.100+0000] {logging_mixin.py:150} INFO - [2023-09-01T19:40:00.100+0000] {dag.py:3508} INFO - Setting next_dagrun for example_task_group to 2023-08-31T19:40:00.100016+00:00, run_after=2023-09-01T19:40:00.100016+00:00
[2023-09-01T19:40:00.129+0000] {processor.py:179} INFO - Processing /home/airflow/.local/lib/python3.7/site-packages/airflow/example_dags/example_task_group.py took 0.109 seconds
[2023-09-01T19:40:30.655+0000] {processor.py:157} INFO - Started process (PID=978) to work on /home/airflow/.local/lib/python3.7/site-packages/airflow/example_dags/example_task_group.py
[2023-09-01T19:40:30.656+0000] {processor.py:826} INFO - Processing file /home/airflow/.local/lib/python3.7/site-packages/airflow/example_dags/example_task_group.py for tasks to queue
[2023-09-01T19:40:30.656+0000] {logging_mixin.py:150} INFO - [2023-09-01T19:40:30.656+0000] {dagbag.py:541} INFO - Filling up the DagBag from /home/airflow/.local/lib/python3.7/site-packages/airflow/example_dags/example_task_group.py
[2023-09-01T19:40:30.664+0000] {processor.py:836} INFO - DAG(s) dict_keys(['example_task_group']) retrieved from /home/airflow/.local/lib/python3.7/site-packages/airflow/example_dags/example_task_group.py
[2023-09-01T19:40:30.688+0000] {logging_mixin.py:150} INFO - [2023-09-01T19:40:30.688+0000] {dag.py:2742} INFO - Sync 1 DAGs
[2023-09-01T19:40:30.711+0000] {logging_mixin.py:150} INFO - [2023-09-01T19:40:30.711+0000] {dag.py:3508} INFO - Setting next_dagrun for example_task_group to 2023-08-31T19:40:30.710780+00:00, run_after=2023-09-01T19:40:30.710780+00:00
[2023-09-01T19:40:30.729+0000] {processor.py:179} INFO - Processing /home/airflow/.local/lib/python3.7/site-packages/airflow/example_dags/example_task_group.py took 0.077 seconds
[2023-09-01T19:41:00.781+0000] {processor.py:157} INFO - Started process (PID=1031) to work on /home/airflow/.local/lib/python3.7/site-packages/airflow/example_dags/example_task_group.py
[2023-09-01T19:41:00.782+0000] {processor.py:826} INFO - Processing file /home/airflow/.local/lib/python3.7/site-packages/airflow/example_dags/example_task_group.py for tasks to queue
[2023-09-01T19:41:00.782+0000] {logging_mixin.py:150} INFO - [2023-09-01T19:41:00.782+0000] {dagbag.py:541} INFO - Filling up the DagBag from /home/airflow/.local/lib/python3.7/site-packages/airflow/example_dags/example_task_group.py
[2023-09-01T19:41:00.789+0000] {processor.py:836} INFO - DAG(s) dict_keys(['example_task_group']) retrieved from /home/airflow/.local/lib/python3.7/site-packages/airflow/example_dags/example_task_group.py
[2023-09-01T19:41:00.811+0000] {logging_mixin.py:150} INFO - [2023-09-01T19:41:00.811+0000] {dag.py:2742} INFO - Sync 1 DAGs
[2023-09-01T19:41:00.832+0000] {logging_mixin.py:150} INFO - [2023-09-01T19:41:00.832+0000] {dag.py:3508} INFO - Setting next_dagrun for example_task_group to 2023-08-31T19:41:00.832032+00:00, run_after=2023-09-01T19:41:00.832032+00:00
[2023-09-01T19:41:00.849+0000] {processor.py:179} INFO - Processing /home/airflow/.local/lib/python3.7/site-packages/airflow/example_dags/example_task_group.py took 0.071 seconds
[2023-09-01T19:41:30.888+0000] {processor.py:157} INFO - Started process (PID=1086) to work on /home/airflow/.local/lib/python3.7/site-packages/airflow/example_dags/example_task_group.py
[2023-09-01T19:41:30.889+0000] {processor.py:826} INFO - Processing file /home/airflow/.local/lib/python3.7/site-packages/airflow/example_dags/example_task_group.py for tasks to queue
[2023-09-01T19:41:30.890+0000] {logging_mixin.py:150} INFO - [2023-09-01T19:41:30.890+0000] {dagbag.py:541} INFO - Filling up the DagBag from /home/airflow/.local/lib/python3.7/site-packages/airflow/example_dags/example_task_group.py
[2023-09-01T19:41:30.898+0000] {processor.py:836} INFO - DAG(s) dict_keys(['example_task_group']) retrieved from /home/airflow/.local/lib/python3.7/site-packages/airflow/example_dags/example_task_group.py
[2023-09-01T19:41:30.921+0000] {logging_mixin.py:150} INFO - [2023-09-01T19:41:30.921+0000] {dag.py:2742} INFO - Sync 1 DAGs
[2023-09-01T19:41:30.943+0000] {logging_mixin.py:150} INFO - [2023-09-01T19:41:30.942+0000] {dag.py:3508} INFO - Setting next_dagrun for example_task_group to 2023-08-31T19:41:30.942617+00:00, run_after=2023-09-01T19:41:30.942617+00:00
[2023-09-01T19:41:30.960+0000] {processor.py:179} INFO - Processing /home/airflow/.local/lib/python3.7/site-packages/airflow/example_dags/example_task_group.py took 0.074 seconds
[2023-09-01T19:42:01.524+0000] {processor.py:157} INFO - Started process (PID=1141) to work on /home/airflow/.local/lib/python3.7/site-packages/airflow/example_dags/example_task_group.py
[2023-09-01T19:42:01.524+0000] {processor.py:826} INFO - Processing file /home/airflow/.local/lib/python3.7/site-packages/airflow/example_dags/example_task_group.py for tasks to queue
[2023-09-01T19:42:01.525+0000] {logging_mixin.py:150} INFO - [2023-09-01T19:42:01.525+0000] {dagbag.py:541} INFO - Filling up the DagBag from /home/airflow/.local/lib/python3.7/site-packages/airflow/example_dags/example_task_group.py
[2023-09-01T19:42:01.532+0000] {processor.py:836} INFO - DAG(s) dict_keys(['example_task_group']) retrieved from /home/airflow/.local/lib/python3.7/site-packages/airflow/example_dags/example_task_group.py
[2023-09-01T19:42:01.574+0000] {logging_mixin.py:150} INFO - [2023-09-01T19:42:01.573+0000] {dag.py:2742} INFO - Sync 1 DAGs
[2023-09-01T19:42:01.607+0000] {logging_mixin.py:150} INFO - [2023-09-01T19:42:01.607+0000] {dag.py:3508} INFO - Setting next_dagrun for example_task_group to 2023-08-31T19:42:01.607038+00:00, run_after=2023-09-01T19:42:01.607038+00:00
[2023-09-01T19:42:01.623+0000] {processor.py:179} INFO - Processing /home/airflow/.local/lib/python3.7/site-packages/airflow/example_dags/example_task_group.py took 0.103 seconds
[2023-09-01T19:42:31.810+0000] {processor.py:157} INFO - Started process (PID=1195) to work on /home/airflow/.local/lib/python3.7/site-packages/airflow/example_dags/example_task_group.py
[2023-09-01T19:42:31.811+0000] {processor.py:826} INFO - Processing file /home/airflow/.local/lib/python3.7/site-packages/airflow/example_dags/example_task_group.py for tasks to queue
[2023-09-01T19:42:31.812+0000] {logging_mixin.py:150} INFO - [2023-09-01T19:42:31.811+0000] {dagbag.py:541} INFO - Filling up the DagBag from /home/airflow/.local/lib/python3.7/site-packages/airflow/example_dags/example_task_group.py
[2023-09-01T19:42:31.826+0000] {processor.py:836} INFO - DAG(s) dict_keys(['example_task_group']) retrieved from /home/airflow/.local/lib/python3.7/site-packages/airflow/example_dags/example_task_group.py
[2023-09-01T19:42:31.852+0000] {logging_mixin.py:150} INFO - [2023-09-01T19:42:31.852+0000] {dag.py:2742} INFO - Sync 1 DAGs
[2023-09-01T19:42:31.879+0000] {logging_mixin.py:150} INFO - [2023-09-01T19:42:31.875+0000] {dag.py:3508} INFO - Setting next_dagrun for example_task_group to 2023-08-31T19:42:31.874854+00:00, run_after=2023-09-01T19:42:31.874854+00:00
[2023-09-01T19:42:31.898+0000] {processor.py:179} INFO - Processing /home/airflow/.local/lib/python3.7/site-packages/airflow/example_dags/example_task_group.py took 0.092 seconds
[2023-09-01T19:43:02.135+0000] {processor.py:157} INFO - Started process (PID=1250) to work on /home/airflow/.local/lib/python3.7/site-packages/airflow/example_dags/example_task_group.py
[2023-09-01T19:43:02.137+0000] {processor.py:826} INFO - Processing file /home/airflow/.local/lib/python3.7/site-packages/airflow/example_dags/example_task_group.py for tasks to queue
[2023-09-01T19:43:02.137+0000] {logging_mixin.py:150} INFO - [2023-09-01T19:43:02.137+0000] {dagbag.py:541} INFO - Filling up the DagBag from /home/airflow/.local/lib/python3.7/site-packages/airflow/example_dags/example_task_group.py
[2023-09-01T19:43:02.146+0000] {processor.py:836} INFO - DAG(s) dict_keys(['example_task_group']) retrieved from /home/airflow/.local/lib/python3.7/site-packages/airflow/example_dags/example_task_group.py
[2023-09-01T19:43:02.169+0000] {logging_mixin.py:150} INFO - [2023-09-01T19:43:02.169+0000] {dag.py:2742} INFO - Sync 1 DAGs
[2023-09-01T19:43:02.191+0000] {logging_mixin.py:150} INFO - [2023-09-01T19:43:02.191+0000] {dag.py:3508} INFO - Setting next_dagrun for example_task_group to 2023-08-31T19:43:02.191237+00:00, run_after=2023-09-01T19:43:02.191237+00:00
[2023-09-01T19:43:02.213+0000] {processor.py:179} INFO - Processing /home/airflow/.local/lib/python3.7/site-packages/airflow/example_dags/example_task_group.py took 0.080 seconds
[2023-09-01T19:43:32.802+0000] {processor.py:157} INFO - Started process (PID=1311) to work on /home/airflow/.local/lib/python3.7/site-packages/airflow/example_dags/example_task_group.py
[2023-09-01T19:43:32.805+0000] {processor.py:826} INFO - Processing file /home/airflow/.local/lib/python3.7/site-packages/airflow/example_dags/example_task_group.py for tasks to queue
[2023-09-01T19:43:32.806+0000] {logging_mixin.py:150} INFO - [2023-09-01T19:43:32.806+0000] {dagbag.py:541} INFO - Filling up the DagBag from /home/airflow/.local/lib/python3.7/site-packages/airflow/example_dags/example_task_group.py
[2023-09-01T19:43:32.814+0000] {processor.py:836} INFO - DAG(s) dict_keys(['example_task_group']) retrieved from /home/airflow/.local/lib/python3.7/site-packages/airflow/example_dags/example_task_group.py
[2023-09-01T19:43:32.839+0000] {logging_mixin.py:150} INFO - [2023-09-01T19:43:32.839+0000] {dag.py:2742} INFO - Sync 1 DAGs
[2023-09-01T19:43:32.860+0000] {logging_mixin.py:150} INFO - [2023-09-01T19:43:32.860+0000] {dag.py:3508} INFO - Setting next_dagrun for example_task_group to 2023-08-31T19:43:32.859851+00:00, run_after=2023-09-01T19:43:32.859851+00:00
[2023-09-01T19:43:32.876+0000] {processor.py:179} INFO - Processing /home/airflow/.local/lib/python3.7/site-packages/airflow/example_dags/example_task_group.py took 0.085 seconds
[2023-09-01T19:44:03.281+0000] {processor.py:157} INFO - Started process (PID=1367) to work on /home/airflow/.local/lib/python3.7/site-packages/airflow/example_dags/example_task_group.py
[2023-09-01T19:44:03.282+0000] {processor.py:826} INFO - Processing file /home/airflow/.local/lib/python3.7/site-packages/airflow/example_dags/example_task_group.py for tasks to queue
[2023-09-01T19:44:03.282+0000] {logging_mixin.py:150} INFO - [2023-09-01T19:44:03.282+0000] {dagbag.py:541} INFO - Filling up the DagBag from /home/airflow/.local/lib/python3.7/site-packages/airflow/example_dags/example_task_group.py
[2023-09-01T19:44:03.294+0000] {processor.py:836} INFO - DAG(s) dict_keys(['example_task_group']) retrieved from /home/airflow/.local/lib/python3.7/site-packages/airflow/example_dags/example_task_group.py
[2023-09-01T19:44:03.323+0000] {logging_mixin.py:150} INFO - [2023-09-01T19:44:03.323+0000] {dag.py:2742} INFO - Sync 1 DAGs
[2023-09-01T19:44:03.348+0000] {logging_mixin.py:150} INFO - [2023-09-01T19:44:03.348+0000] {dag.py:3508} INFO - Setting next_dagrun for example_task_group to 2023-08-31T19:44:03.348271+00:00, run_after=2023-09-01T19:44:03.348271+00:00
[2023-09-01T19:44:03.370+0000] {processor.py:179} INFO - Processing /home/airflow/.local/lib/python3.7/site-packages/airflow/example_dags/example_task_group.py took 0.093 seconds
[2023-09-01T19:44:33.895+0000] {processor.py:157} INFO - Started process (PID=1422) to work on /home/airflow/.local/lib/python3.7/site-packages/airflow/example_dags/example_task_group.py
[2023-09-01T19:44:33.895+0000] {processor.py:826} INFO - Processing file /home/airflow/.local/lib/python3.7/site-packages/airflow/example_dags/example_task_group.py for tasks to queue
[2023-09-01T19:44:33.896+0000] {logging_mixin.py:150} INFO - [2023-09-01T19:44:33.896+0000] {dagbag.py:541} INFO - Filling up the DagBag from /home/airflow/.local/lib/python3.7/site-packages/airflow/example_dags/example_task_group.py
[2023-09-01T19:44:33.904+0000] {processor.py:836} INFO - DAG(s) dict_keys(['example_task_group']) retrieved from /home/airflow/.local/lib/python3.7/site-packages/airflow/example_dags/example_task_group.py
[2023-09-01T19:44:33.926+0000] {logging_mixin.py:150} INFO - [2023-09-01T19:44:33.926+0000] {dag.py:2742} INFO - Sync 1 DAGs
[2023-09-01T19:44:33.947+0000] {logging_mixin.py:150} INFO - [2023-09-01T19:44:33.947+0000] {dag.py:3508} INFO - Setting next_dagrun for example_task_group to 2023-08-31T19:44:33.947220+00:00, run_after=2023-09-01T19:44:33.947220+00:00
[2023-09-01T19:44:33.962+0000] {processor.py:179} INFO - Processing /home/airflow/.local/lib/python3.7/site-packages/airflow/example_dags/example_task_group.py took 0.071 seconds
[2023-09-01T19:45:04.253+0000] {processor.py:157} INFO - Started process (PID=1477) to work on /home/airflow/.local/lib/python3.7/site-packages/airflow/example_dags/example_task_group.py
[2023-09-01T19:45:04.254+0000] {processor.py:826} INFO - Processing file /home/airflow/.local/lib/python3.7/site-packages/airflow/example_dags/example_task_group.py for tasks to queue
[2023-09-01T19:45:04.254+0000] {logging_mixin.py:150} INFO - [2023-09-01T19:45:04.254+0000] {dagbag.py:541} INFO - Filling up the DagBag from /home/airflow/.local/lib/python3.7/site-packages/airflow/example_dags/example_task_group.py
[2023-09-01T19:45:04.262+0000] {processor.py:836} INFO - DAG(s) dict_keys(['example_task_group']) retrieved from /home/airflow/.local/lib/python3.7/site-packages/airflow/example_dags/example_task_group.py
[2023-09-01T19:45:04.285+0000] {logging_mixin.py:150} INFO - [2023-09-01T19:45:04.285+0000] {dag.py:2742} INFO - Sync 1 DAGs
[2023-09-01T19:45:04.310+0000] {logging_mixin.py:150} INFO - [2023-09-01T19:45:04.310+0000] {dag.py:3508} INFO - Setting next_dagrun for example_task_group to 2023-08-31T19:45:04.309752+00:00, run_after=2023-09-01T19:45:04.309752+00:00
[2023-09-01T19:45:04.327+0000] {processor.py:179} INFO - Processing /home/airflow/.local/lib/python3.7/site-packages/airflow/example_dags/example_task_group.py took 0.077 seconds
[2023-09-01T19:45:34.560+0000] {processor.py:157} INFO - Started process (PID=1532) to work on /home/airflow/.local/lib/python3.7/site-packages/airflow/example_dags/example_task_group.py
[2023-09-01T19:45:34.560+0000] {processor.py:826} INFO - Processing file /home/airflow/.local/lib/python3.7/site-packages/airflow/example_dags/example_task_group.py for tasks to queue
[2023-09-01T19:45:34.561+0000] {logging_mixin.py:150} INFO - [2023-09-01T19:45:34.561+0000] {dagbag.py:541} INFO - Filling up the DagBag from /home/airflow/.local/lib/python3.7/site-packages/airflow/example_dags/example_task_group.py
[2023-09-01T19:45:34.572+0000] {processor.py:836} INFO - DAG(s) dict_keys(['example_task_group']) retrieved from /home/airflow/.local/lib/python3.7/site-packages/airflow/example_dags/example_task_group.py
[2023-09-01T19:45:34.598+0000] {logging_mixin.py:150} INFO - [2023-09-01T19:45:34.598+0000] {dag.py:2742} INFO - Sync 1 DAGs
[2023-09-01T19:45:34.628+0000] {logging_mixin.py:150} INFO - [2023-09-01T19:45:34.627+0000] {dag.py:3508} INFO - Setting next_dagrun for example_task_group to 2023-08-31T19:45:34.626465+00:00, run_after=2023-09-01T19:45:34.626465+00:00
[2023-09-01T19:45:34.649+0000] {processor.py:179} INFO - Processing /home/airflow/.local/lib/python3.7/site-packages/airflow/example_dags/example_task_group.py took 0.092 seconds
[2023-09-01T19:46:04.963+0000] {processor.py:157} INFO - Started process (PID=1587) to work on /home/airflow/.local/lib/python3.7/site-packages/airflow/example_dags/example_task_group.py
[2023-09-01T19:46:04.964+0000] {processor.py:826} INFO - Processing file /home/airflow/.local/lib/python3.7/site-packages/airflow/example_dags/example_task_group.py for tasks to queue
[2023-09-01T19:46:04.965+0000] {logging_mixin.py:150} INFO - [2023-09-01T19:46:04.965+0000] {dagbag.py:541} INFO - Filling up the DagBag from /home/airflow/.local/lib/python3.7/site-packages/airflow/example_dags/example_task_group.py
[2023-09-01T19:46:04.976+0000] {processor.py:836} INFO - DAG(s) dict_keys(['example_task_group']) retrieved from /home/airflow/.local/lib/python3.7/site-packages/airflow/example_dags/example_task_group.py
[2023-09-01T19:46:05.003+0000] {logging_mixin.py:150} INFO - [2023-09-01T19:46:05.003+0000] {dag.py:2742} INFO - Sync 1 DAGs
[2023-09-01T19:46:05.023+0000] {logging_mixin.py:150} INFO - [2023-09-01T19:46:05.023+0000] {dag.py:3508} INFO - Setting next_dagrun for example_task_group to 2023-08-31T19:46:05.023424+00:00, run_after=2023-09-01T19:46:05.023424+00:00
[2023-09-01T19:46:05.038+0000] {processor.py:179} INFO - Processing /home/airflow/.local/lib/python3.7/site-packages/airflow/example_dags/example_task_group.py took 0.078 seconds
[2023-09-01T19:46:35.456+0000] {processor.py:157} INFO - Started process (PID=1642) to work on /home/airflow/.local/lib/python3.7/site-packages/airflow/example_dags/example_task_group.py
[2023-09-01T19:46:35.457+0000] {processor.py:826} INFO - Processing file /home/airflow/.local/lib/python3.7/site-packages/airflow/example_dags/example_task_group.py for tasks to queue
[2023-09-01T19:46:35.458+0000] {logging_mixin.py:150} INFO - [2023-09-01T19:46:35.457+0000] {dagbag.py:541} INFO - Filling up the DagBag from /home/airflow/.local/lib/python3.7/site-packages/airflow/example_dags/example_task_group.py
[2023-09-01T19:46:35.466+0000] {processor.py:836} INFO - DAG(s) dict_keys(['example_task_group']) retrieved from /home/airflow/.local/lib/python3.7/site-packages/airflow/example_dags/example_task_group.py
[2023-09-01T19:46:35.508+0000] {logging_mixin.py:150} INFO - [2023-09-01T19:46:35.508+0000] {dag.py:2742} INFO - Sync 1 DAGs
[2023-09-01T19:46:35.529+0000] {logging_mixin.py:150} INFO - [2023-09-01T19:46:35.529+0000] {dag.py:3508} INFO - Setting next_dagrun for example_task_group to 2023-08-31T19:46:35.529546+00:00, run_after=2023-09-01T19:46:35.529546+00:00
[2023-09-01T19:46:35.551+0000] {processor.py:179} INFO - Processing /home/airflow/.local/lib/python3.7/site-packages/airflow/example_dags/example_task_group.py took 0.098 seconds
[2023-09-01T19:47:05.994+0000] {processor.py:157} INFO - Started process (PID=1697) to work on /home/airflow/.local/lib/python3.7/site-packages/airflow/example_dags/example_task_group.py
[2023-09-01T19:47:05.995+0000] {processor.py:826} INFO - Processing file /home/airflow/.local/lib/python3.7/site-packages/airflow/example_dags/example_task_group.py for tasks to queue
[2023-09-01T19:47:05.996+0000] {logging_mixin.py:150} INFO - [2023-09-01T19:47:05.996+0000] {dagbag.py:541} INFO - Filling up the DagBag from /home/airflow/.local/lib/python3.7/site-packages/airflow/example_dags/example_task_group.py
[2023-09-01T19:47:06.007+0000] {processor.py:836} INFO - DAG(s) dict_keys(['example_task_group']) retrieved from /home/airflow/.local/lib/python3.7/site-packages/airflow/example_dags/example_task_group.py
[2023-09-01T19:47:06.032+0000] {logging_mixin.py:150} INFO - [2023-09-01T19:47:06.032+0000] {dag.py:2742} INFO - Sync 1 DAGs
[2023-09-01T19:47:06.056+0000] {logging_mixin.py:150} INFO - [2023-09-01T19:47:06.056+0000] {dag.py:3508} INFO - Setting next_dagrun for example_task_group to 2023-08-31T19:47:06.055982+00:00, run_after=2023-09-01T19:47:06.055982+00:00
[2023-09-01T19:47:06.078+0000] {processor.py:179} INFO - Processing /home/airflow/.local/lib/python3.7/site-packages/airflow/example_dags/example_task_group.py took 0.086 seconds
[2023-09-01T19:47:36.390+0000] {processor.py:157} INFO - Started process (PID=1752) to work on /home/airflow/.local/lib/python3.7/site-packages/airflow/example_dags/example_task_group.py
[2023-09-01T19:47:36.391+0000] {processor.py:826} INFO - Processing file /home/airflow/.local/lib/python3.7/site-packages/airflow/example_dags/example_task_group.py for tasks to queue
[2023-09-01T19:47:36.392+0000] {logging_mixin.py:150} INFO - [2023-09-01T19:47:36.392+0000] {dagbag.py:541} INFO - Filling up the DagBag from /home/airflow/.local/lib/python3.7/site-packages/airflow/example_dags/example_task_group.py
[2023-09-01T19:47:36.400+0000] {processor.py:836} INFO - DAG(s) dict_keys(['example_task_group']) retrieved from /home/airflow/.local/lib/python3.7/site-packages/airflow/example_dags/example_task_group.py
[2023-09-01T19:47:36.421+0000] {logging_mixin.py:150} INFO - [2023-09-01T19:47:36.420+0000] {dag.py:2742} INFO - Sync 1 DAGs
[2023-09-01T19:47:36.441+0000] {logging_mixin.py:150} INFO - [2023-09-01T19:47:36.441+0000] {dag.py:3508} INFO - Setting next_dagrun for example_task_group to 2023-08-31T19:47:36.441038+00:00, run_after=2023-09-01T19:47:36.441038+00:00
[2023-09-01T19:47:36.460+0000] {processor.py:179} INFO - Processing /home/airflow/.local/lib/python3.7/site-packages/airflow/example_dags/example_task_group.py took 0.073 seconds
[2023-09-01T19:48:06.866+0000] {processor.py:157} INFO - Started process (PID=1807) to work on /home/airflow/.local/lib/python3.7/site-packages/airflow/example_dags/example_task_group.py
[2023-09-01T19:48:06.867+0000] {processor.py:826} INFO - Processing file /home/airflow/.local/lib/python3.7/site-packages/airflow/example_dags/example_task_group.py for tasks to queue
[2023-09-01T19:48:06.867+0000] {logging_mixin.py:150} INFO - [2023-09-01T19:48:06.867+0000] {dagbag.py:541} INFO - Filling up the DagBag from /home/airflow/.local/lib/python3.7/site-packages/airflow/example_dags/example_task_group.py
[2023-09-01T19:48:06.880+0000] {processor.py:836} INFO - DAG(s) dict_keys(['example_task_group']) retrieved from /home/airflow/.local/lib/python3.7/site-packages/airflow/example_dags/example_task_group.py
[2023-09-01T19:48:06.907+0000] {logging_mixin.py:150} INFO - [2023-09-01T19:48:06.907+0000] {dag.py:2742} INFO - Sync 1 DAGs
[2023-09-01T19:48:06.935+0000] {logging_mixin.py:150} INFO - [2023-09-01T19:48:06.935+0000] {dag.py:3508} INFO - Setting next_dagrun for example_task_group to 2023-08-31T19:48:06.935161+00:00, run_after=2023-09-01T19:48:06.935161+00:00
[2023-09-01T19:48:06.954+0000] {processor.py:179} INFO - Processing /home/airflow/.local/lib/python3.7/site-packages/airflow/example_dags/example_task_group.py took 0.091 seconds
[2023-09-01T19:48:37.803+0000] {processor.py:157} INFO - Started process (PID=1861) to work on /home/airflow/.local/lib/python3.7/site-packages/airflow/example_dags/example_task_group.py
[2023-09-01T19:48:37.806+0000] {processor.py:826} INFO - Processing file /home/airflow/.local/lib/python3.7/site-packages/airflow/example_dags/example_task_group.py for tasks to queue
[2023-09-01T19:48:37.807+0000] {logging_mixin.py:150} INFO - [2023-09-01T19:48:37.806+0000] {dagbag.py:541} INFO - Filling up the DagBag from /home/airflow/.local/lib/python3.7/site-packages/airflow/example_dags/example_task_group.py
[2023-09-01T19:48:37.816+0000] {processor.py:836} INFO - DAG(s) dict_keys(['example_task_group']) retrieved from /home/airflow/.local/lib/python3.7/site-packages/airflow/example_dags/example_task_group.py
[2023-09-01T19:48:37.840+0000] {logging_mixin.py:150} INFO - [2023-09-01T19:48:37.840+0000] {dag.py:2742} INFO - Sync 1 DAGs
[2023-09-01T19:48:37.871+0000] {logging_mixin.py:150} INFO - [2023-09-01T19:48:37.871+0000] {dag.py:3508} INFO - Setting next_dagrun for example_task_group to 2023-08-31T19:48:37.871220+00:00, run_after=2023-09-01T19:48:37.871220+00:00
[2023-09-01T19:48:37.891+0000] {processor.py:179} INFO - Processing /home/airflow/.local/lib/python3.7/site-packages/airflow/example_dags/example_task_group.py took 0.093 seconds
[2023-09-01T19:49:08.346+0000] {processor.py:157} INFO - Started process (PID=1916) to work on /home/airflow/.local/lib/python3.7/site-packages/airflow/example_dags/example_task_group.py
[2023-09-01T19:49:08.347+0000] {processor.py:826} INFO - Processing file /home/airflow/.local/lib/python3.7/site-packages/airflow/example_dags/example_task_group.py for tasks to queue
[2023-09-01T19:49:08.348+0000] {logging_mixin.py:150} INFO - [2023-09-01T19:49:08.347+0000] {dagbag.py:541} INFO - Filling up the DagBag from /home/airflow/.local/lib/python3.7/site-packages/airflow/example_dags/example_task_group.py
[2023-09-01T19:49:08.363+0000] {processor.py:836} INFO - DAG(s) dict_keys(['example_task_group']) retrieved from /home/airflow/.local/lib/python3.7/site-packages/airflow/example_dags/example_task_group.py
[2023-09-01T19:49:08.425+0000] {logging_mixin.py:150} INFO - [2023-09-01T19:49:08.425+0000] {dag.py:2742} INFO - Sync 1 DAGs
[2023-09-01T19:49:08.446+0000] {logging_mixin.py:150} INFO - [2023-09-01T19:49:08.446+0000] {dag.py:3508} INFO - Setting next_dagrun for example_task_group to 2023-08-31T19:49:08.446546+00:00, run_after=2023-09-01T19:49:08.446546+00:00
[2023-09-01T19:49:08.463+0000] {processor.py:179} INFO - Processing /home/airflow/.local/lib/python3.7/site-packages/airflow/example_dags/example_task_group.py took 0.124 seconds
[2023-09-01T19:49:39.070+0000] {processor.py:157} INFO - Started process (PID=1971) to work on /home/airflow/.local/lib/python3.7/site-packages/airflow/example_dags/example_task_group.py
[2023-09-01T19:49:39.071+0000] {processor.py:826} INFO - Processing file /home/airflow/.local/lib/python3.7/site-packages/airflow/example_dags/example_task_group.py for tasks to queue
[2023-09-01T19:49:39.072+0000] {logging_mixin.py:150} INFO - [2023-09-01T19:49:39.071+0000] {dagbag.py:541} INFO - Filling up the DagBag from /home/airflow/.local/lib/python3.7/site-packages/airflow/example_dags/example_task_group.py
[2023-09-01T19:49:39.082+0000] {processor.py:836} INFO - DAG(s) dict_keys(['example_task_group']) retrieved from /home/airflow/.local/lib/python3.7/site-packages/airflow/example_dags/example_task_group.py
[2023-09-01T19:49:39.104+0000] {logging_mixin.py:150} INFO - [2023-09-01T19:49:39.104+0000] {dag.py:2742} INFO - Sync 1 DAGs
[2023-09-01T19:49:39.131+0000] {logging_mixin.py:150} INFO - [2023-09-01T19:49:39.131+0000] {dag.py:3508} INFO - Setting next_dagrun for example_task_group to 2023-08-31T19:49:39.131035+00:00, run_after=2023-09-01T19:49:39.131035+00:00
[2023-09-01T19:49:39.151+0000] {processor.py:179} INFO - Processing /home/airflow/.local/lib/python3.7/site-packages/airflow/example_dags/example_task_group.py took 0.084 seconds
[2023-09-01T19:50:09.242+0000] {processor.py:157} INFO - Started process (PID=2026) to work on /home/airflow/.local/lib/python3.7/site-packages/airflow/example_dags/example_task_group.py
[2023-09-01T19:50:09.243+0000] {processor.py:826} INFO - Processing file /home/airflow/.local/lib/python3.7/site-packages/airflow/example_dags/example_task_group.py for tasks to queue
[2023-09-01T19:50:09.244+0000] {logging_mixin.py:150} INFO - [2023-09-01T19:50:09.244+0000] {dagbag.py:541} INFO - Filling up the DagBag from /home/airflow/.local/lib/python3.7/site-packages/airflow/example_dags/example_task_group.py
[2023-09-01T19:50:09.252+0000] {processor.py:836} INFO - DAG(s) dict_keys(['example_task_group']) retrieved from /home/airflow/.local/lib/python3.7/site-packages/airflow/example_dags/example_task_group.py
[2023-09-01T19:50:09.273+0000] {logging_mixin.py:150} INFO - [2023-09-01T19:50:09.273+0000] {dag.py:2742} INFO - Sync 1 DAGs
[2023-09-01T19:50:09.297+0000] {logging_mixin.py:150} INFO - [2023-09-01T19:50:09.297+0000] {dag.py:3508} INFO - Setting next_dagrun for example_task_group to 2023-08-31T19:50:09.297414+00:00, run_after=2023-09-01T19:50:09.297414+00:00
[2023-09-01T19:50:09.313+0000] {processor.py:179} INFO - Processing /home/airflow/.local/lib/python3.7/site-packages/airflow/example_dags/example_task_group.py took 0.074 seconds
[2023-09-01T19:50:39.509+0000] {processor.py:157} INFO - Started process (PID=2081) to work on /home/airflow/.local/lib/python3.7/site-packages/airflow/example_dags/example_task_group.py
[2023-09-01T19:50:39.509+0000] {processor.py:826} INFO - Processing file /home/airflow/.local/lib/python3.7/site-packages/airflow/example_dags/example_task_group.py for tasks to queue
[2023-09-01T19:50:39.510+0000] {logging_mixin.py:150} INFO - [2023-09-01T19:50:39.510+0000] {dagbag.py:541} INFO - Filling up the DagBag from /home/airflow/.local/lib/python3.7/site-packages/airflow/example_dags/example_task_group.py
[2023-09-01T19:50:39.517+0000] {processor.py:836} INFO - DAG(s) dict_keys(['example_task_group']) retrieved from /home/airflow/.local/lib/python3.7/site-packages/airflow/example_dags/example_task_group.py
[2023-09-01T19:50:39.542+0000] {logging_mixin.py:150} INFO - [2023-09-01T19:50:39.542+0000] {dag.py:2742} INFO - Sync 1 DAGs
[2023-09-01T19:50:39.568+0000] {logging_mixin.py:150} INFO - [2023-09-01T19:50:39.568+0000] {dag.py:3508} INFO - Setting next_dagrun for example_task_group to 2023-08-31T19:50:39.567796+00:00, run_after=2023-09-01T19:50:39.567796+00:00
[2023-09-01T19:50:39.583+0000] {processor.py:179} INFO - Processing /home/airflow/.local/lib/python3.7/site-packages/airflow/example_dags/example_task_group.py took 0.078 seconds
[2023-09-01T19:51:09.988+0000] {processor.py:157} INFO - Started process (PID=2135) to work on /home/airflow/.local/lib/python3.7/site-packages/airflow/example_dags/example_task_group.py
[2023-09-01T19:51:09.990+0000] {processor.py:826} INFO - Processing file /home/airflow/.local/lib/python3.7/site-packages/airflow/example_dags/example_task_group.py for tasks to queue
[2023-09-01T19:51:09.990+0000] {logging_mixin.py:150} INFO - [2023-09-01T19:51:09.990+0000] {dagbag.py:541} INFO - Filling up the DagBag from /home/airflow/.local/lib/python3.7/site-packages/airflow/example_dags/example_task_group.py
[2023-09-01T19:51:10.007+0000] {processor.py:836} INFO - DAG(s) dict_keys(['example_task_group']) retrieved from /home/airflow/.local/lib/python3.7/site-packages/airflow/example_dags/example_task_group.py
[2023-09-01T19:51:10.037+0000] {logging_mixin.py:150} INFO - [2023-09-01T19:51:10.037+0000] {dag.py:2742} INFO - Sync 1 DAGs
[2023-09-01T19:51:10.065+0000] {logging_mixin.py:150} INFO - [2023-09-01T19:51:10.065+0000] {dag.py:3508} INFO - Setting next_dagrun for example_task_group to 2023-08-31T19:51:10.065485+00:00, run_after=2023-09-01T19:51:10.065485+00:00
[2023-09-01T19:51:10.088+0000] {processor.py:179} INFO - Processing /home/airflow/.local/lib/python3.7/site-packages/airflow/example_dags/example_task_group.py took 0.103 seconds
[2023-09-01T19:51:40.302+0000] {processor.py:157} INFO - Started process (PID=2190) to work on /home/airflow/.local/lib/python3.7/site-packages/airflow/example_dags/example_task_group.py
[2023-09-01T19:51:40.303+0000] {processor.py:826} INFO - Processing file /home/airflow/.local/lib/python3.7/site-packages/airflow/example_dags/example_task_group.py for tasks to queue
[2023-09-01T19:51:40.303+0000] {logging_mixin.py:150} INFO - [2023-09-01T19:51:40.303+0000] {dagbag.py:541} INFO - Filling up the DagBag from /home/airflow/.local/lib/python3.7/site-packages/airflow/example_dags/example_task_group.py
[2023-09-01T19:51:40.315+0000] {processor.py:836} INFO - DAG(s) dict_keys(['example_task_group']) retrieved from /home/airflow/.local/lib/python3.7/site-packages/airflow/example_dags/example_task_group.py
[2023-09-01T19:51:40.345+0000] {logging_mixin.py:150} INFO - [2023-09-01T19:51:40.344+0000] {dag.py:2742} INFO - Sync 1 DAGs
[2023-09-01T19:51:40.367+0000] {logging_mixin.py:150} INFO - [2023-09-01T19:51:40.367+0000] {dag.py:3508} INFO - Setting next_dagrun for example_task_group to 2023-08-31T19:51:40.366936+00:00, run_after=2023-09-01T19:51:40.366936+00:00
[2023-09-01T19:51:40.385+0000] {processor.py:179} INFO - Processing /home/airflow/.local/lib/python3.7/site-packages/airflow/example_dags/example_task_group.py took 0.086 seconds
[2023-09-01T19:52:11.023+0000] {processor.py:157} INFO - Started process (PID=2244) to work on /home/airflow/.local/lib/python3.7/site-packages/airflow/example_dags/example_task_group.py
[2023-09-01T19:52:11.025+0000] {processor.py:826} INFO - Processing file /home/airflow/.local/lib/python3.7/site-packages/airflow/example_dags/example_task_group.py for tasks to queue
[2023-09-01T19:52:11.025+0000] {logging_mixin.py:150} INFO - [2023-09-01T19:52:11.025+0000] {dagbag.py:541} INFO - Filling up the DagBag from /home/airflow/.local/lib/python3.7/site-packages/airflow/example_dags/example_task_group.py
[2023-09-01T19:52:11.036+0000] {processor.py:836} INFO - DAG(s) dict_keys(['example_task_group']) retrieved from /home/airflow/.local/lib/python3.7/site-packages/airflow/example_dags/example_task_group.py
[2023-09-01T19:52:11.070+0000] {logging_mixin.py:150} INFO - [2023-09-01T19:52:11.070+0000] {dag.py:2742} INFO - Sync 1 DAGs
[2023-09-01T19:52:11.124+0000] {logging_mixin.py:150} INFO - [2023-09-01T19:52:11.124+0000] {dag.py:3508} INFO - Setting next_dagrun for example_task_group to 2023-08-31T19:52:11.124321+00:00, run_after=2023-09-01T19:52:11.124321+00:00
[2023-09-01T19:52:11.183+0000] {processor.py:179} INFO - Processing /home/airflow/.local/lib/python3.7/site-packages/airflow/example_dags/example_task_group.py took 0.166 seconds
[2023-09-01T19:52:41.322+0000] {processor.py:157} INFO - Started process (PID=2299) to work on /home/airflow/.local/lib/python3.7/site-packages/airflow/example_dags/example_task_group.py
[2023-09-01T19:52:41.323+0000] {processor.py:826} INFO - Processing file /home/airflow/.local/lib/python3.7/site-packages/airflow/example_dags/example_task_group.py for tasks to queue
[2023-09-01T19:52:41.323+0000] {logging_mixin.py:150} INFO - [2023-09-01T19:52:41.323+0000] {dagbag.py:541} INFO - Filling up the DagBag from /home/airflow/.local/lib/python3.7/site-packages/airflow/example_dags/example_task_group.py
[2023-09-01T19:52:41.331+0000] {processor.py:836} INFO - DAG(s) dict_keys(['example_task_group']) retrieved from /home/airflow/.local/lib/python3.7/site-packages/airflow/example_dags/example_task_group.py
[2023-09-01T19:52:41.352+0000] {logging_mixin.py:150} INFO - [2023-09-01T19:52:41.352+0000] {dag.py:2742} INFO - Sync 1 DAGs
[2023-09-01T19:52:41.377+0000] {logging_mixin.py:150} INFO - [2023-09-01T19:52:41.377+0000] {dag.py:3508} INFO - Setting next_dagrun for example_task_group to 2023-08-31T19:52:41.377493+00:00, run_after=2023-09-01T19:52:41.377493+00:00
[2023-09-01T19:52:41.394+0000] {processor.py:179} INFO - Processing /home/airflow/.local/lib/python3.7/site-packages/airflow/example_dags/example_task_group.py took 0.075 seconds
[2023-09-01T19:53:11.797+0000] {processor.py:157} INFO - Started process (PID=2354) to work on /home/airflow/.local/lib/python3.7/site-packages/airflow/example_dags/example_task_group.py
[2023-09-01T19:53:11.798+0000] {processor.py:826} INFO - Processing file /home/airflow/.local/lib/python3.7/site-packages/airflow/example_dags/example_task_group.py for tasks to queue
[2023-09-01T19:53:11.799+0000] {logging_mixin.py:150} INFO - [2023-09-01T19:53:11.799+0000] {dagbag.py:541} INFO - Filling up the DagBag from /home/airflow/.local/lib/python3.7/site-packages/airflow/example_dags/example_task_group.py
[2023-09-01T19:53:11.806+0000] {processor.py:836} INFO - DAG(s) dict_keys(['example_task_group']) retrieved from /home/airflow/.local/lib/python3.7/site-packages/airflow/example_dags/example_task_group.py
[2023-09-01T19:53:11.828+0000] {logging_mixin.py:150} INFO - [2023-09-01T19:53:11.827+0000] {dag.py:2742} INFO - Sync 1 DAGs
[2023-09-01T19:53:11.853+0000] {logging_mixin.py:150} INFO - [2023-09-01T19:53:11.853+0000] {dag.py:3508} INFO - Setting next_dagrun for example_task_group to 2023-08-31T19:53:11.853024+00:00, run_after=2023-09-01T19:53:11.853024+00:00
[2023-09-01T19:53:11.880+0000] {processor.py:179} INFO - Processing /home/airflow/.local/lib/python3.7/site-packages/airflow/example_dags/example_task_group.py took 0.086 seconds
[2023-09-01T19:53:42.171+0000] {processor.py:157} INFO - Started process (PID=2409) to work on /home/airflow/.local/lib/python3.7/site-packages/airflow/example_dags/example_task_group.py
[2023-09-01T19:53:42.174+0000] {processor.py:826} INFO - Processing file /home/airflow/.local/lib/python3.7/site-packages/airflow/example_dags/example_task_group.py for tasks to queue
[2023-09-01T19:53:42.175+0000] {logging_mixin.py:150} INFO - [2023-09-01T19:53:42.174+0000] {dagbag.py:541} INFO - Filling up the DagBag from /home/airflow/.local/lib/python3.7/site-packages/airflow/example_dags/example_task_group.py
[2023-09-01T19:53:42.183+0000] {processor.py:836} INFO - DAG(s) dict_keys(['example_task_group']) retrieved from /home/airflow/.local/lib/python3.7/site-packages/airflow/example_dags/example_task_group.py
[2023-09-01T19:53:42.211+0000] {logging_mixin.py:150} INFO - [2023-09-01T19:53:42.211+0000] {dag.py:2742} INFO - Sync 1 DAGs
[2023-09-01T19:53:42.235+0000] {logging_mixin.py:150} INFO - [2023-09-01T19:53:42.235+0000] {dag.py:3508} INFO - Setting next_dagrun for example_task_group to 2023-08-31T19:53:42.235186+00:00, run_after=2023-09-01T19:53:42.235186+00:00
[2023-09-01T19:53:42.251+0000] {processor.py:179} INFO - Processing /home/airflow/.local/lib/python3.7/site-packages/airflow/example_dags/example_task_group.py took 0.089 seconds
[2023-09-01T19:54:12.354+0000] {processor.py:157} INFO - Started process (PID=2464) to work on /home/airflow/.local/lib/python3.7/site-packages/airflow/example_dags/example_task_group.py
[2023-09-01T19:54:12.357+0000] {processor.py:826} INFO - Processing file /home/airflow/.local/lib/python3.7/site-packages/airflow/example_dags/example_task_group.py for tasks to queue
[2023-09-01T19:54:12.358+0000] {logging_mixin.py:150} INFO - [2023-09-01T19:54:12.357+0000] {dagbag.py:541} INFO - Filling up the DagBag from /home/airflow/.local/lib/python3.7/site-packages/airflow/example_dags/example_task_group.py
[2023-09-01T19:54:12.377+0000] {processor.py:836} INFO - DAG(s) dict_keys(['example_task_group']) retrieved from /home/airflow/.local/lib/python3.7/site-packages/airflow/example_dags/example_task_group.py
[2023-09-01T19:54:12.440+0000] {logging_mixin.py:150} INFO - [2023-09-01T19:54:12.440+0000] {dag.py:2742} INFO - Sync 1 DAGs
[2023-09-01T19:54:12.495+0000] {logging_mixin.py:150} INFO - [2023-09-01T19:54:12.494+0000] {dag.py:3508} INFO - Setting next_dagrun for example_task_group to 2023-08-31T19:54:12.494561+00:00, run_after=2023-09-01T19:54:12.494561+00:00
[2023-09-01T19:54:12.527+0000] {processor.py:179} INFO - Processing /home/airflow/.local/lib/python3.7/site-packages/airflow/example_dags/example_task_group.py took 0.179 seconds
[2023-09-01T19:54:43.290+0000] {processor.py:157} INFO - Started process (PID=2519) to work on /home/airflow/.local/lib/python3.7/site-packages/airflow/example_dags/example_task_group.py
[2023-09-01T19:54:43.292+0000] {processor.py:826} INFO - Processing file /home/airflow/.local/lib/python3.7/site-packages/airflow/example_dags/example_task_group.py for tasks to queue
[2023-09-01T19:54:43.292+0000] {logging_mixin.py:150} INFO - [2023-09-01T19:54:43.292+0000] {dagbag.py:541} INFO - Filling up the DagBag from /home/airflow/.local/lib/python3.7/site-packages/airflow/example_dags/example_task_group.py
[2023-09-01T19:54:43.351+0000] {processor.py:836} INFO - DAG(s) dict_keys(['example_task_group']) retrieved from /home/airflow/.local/lib/python3.7/site-packages/airflow/example_dags/example_task_group.py
[2023-09-01T19:54:43.418+0000] {logging_mixin.py:150} INFO - [2023-09-01T19:54:43.417+0000] {dag.py:2742} INFO - Sync 1 DAGs
[2023-09-01T19:54:43.537+0000] {logging_mixin.py:150} INFO - [2023-09-01T19:54:43.537+0000] {dag.py:3508} INFO - Setting next_dagrun for example_task_group to 2023-08-31T19:54:43.537322+00:00, run_after=2023-09-01T19:54:43.537322+00:00
[2023-09-01T19:54:43.644+0000] {processor.py:179} INFO - Processing /home/airflow/.local/lib/python3.7/site-packages/airflow/example_dags/example_task_group.py took 0.370 seconds
[2023-09-01T19:55:14.311+0000] {processor.py:157} INFO - Started process (PID=2573) to work on /home/airflow/.local/lib/python3.7/site-packages/airflow/example_dags/example_task_group.py
[2023-09-01T19:55:14.312+0000] {processor.py:826} INFO - Processing file /home/airflow/.local/lib/python3.7/site-packages/airflow/example_dags/example_task_group.py for tasks to queue
[2023-09-01T19:55:14.313+0000] {logging_mixin.py:150} INFO - [2023-09-01T19:55:14.313+0000] {dagbag.py:541} INFO - Filling up the DagBag from /home/airflow/.local/lib/python3.7/site-packages/airflow/example_dags/example_task_group.py
[2023-09-01T19:55:14.325+0000] {processor.py:836} INFO - DAG(s) dict_keys(['example_task_group']) retrieved from /home/airflow/.local/lib/python3.7/site-packages/airflow/example_dags/example_task_group.py
[2023-09-01T19:55:14.362+0000] {logging_mixin.py:150} INFO - [2023-09-01T19:55:14.362+0000] {dag.py:2742} INFO - Sync 1 DAGs
[2023-09-01T19:55:14.434+0000] {logging_mixin.py:150} INFO - [2023-09-01T19:55:14.434+0000] {dag.py:3508} INFO - Setting next_dagrun for example_task_group to 2023-08-31T19:55:14.433987+00:00, run_after=2023-09-01T19:55:14.433987+00:00
[2023-09-01T19:55:14.484+0000] {processor.py:179} INFO - Processing /home/airflow/.local/lib/python3.7/site-packages/airflow/example_dags/example_task_group.py took 0.176 seconds
