[2023-09-01T19:31:44.579+0000] {processor.py:157} INFO - Started process (PID=32) to work on /home/airflow/.local/lib/python3.7/site-packages/airflow/example_dags/example_local_kubernetes_executor.py
[2023-09-01T19:31:44.605+0000] {processor.py:826} INFO - Processing file /home/airflow/.local/lib/python3.7/site-packages/airflow/example_dags/example_local_kubernetes_executor.py for tasks to queue
[2023-09-01T19:31:44.608+0000] {logging_mixin.py:150} INFO - [2023-09-01T19:31:44.607+0000] {dagbag.py:541} INFO - Filling up the DagBag from /home/airflow/.local/lib/python3.7/site-packages/airflow/example_dags/example_local_kubernetes_executor.py
[2023-09-01T19:31:47.033+0000] {processor.py:836} INFO - DAG(s) dict_keys(['example_local_kubernetes_executor']) retrieved from /home/airflow/.local/lib/python3.7/site-packages/airflow/example_dags/example_local_kubernetes_executor.py
[2023-09-01T19:31:47.265+0000] {logging_mixin.py:150} INFO - [2023-09-01T19:31:47.265+0000] {dag.py:2742} INFO - Sync 1 DAGs
[2023-09-01T19:31:47.389+0000] {logging_mixin.py:150} INFO - [2023-09-01T19:31:47.387+0000] {dag.py:3508} INFO - Setting next_dagrun for example_local_kubernetes_executor to None, run_after=None
[2023-09-01T19:31:47.471+0000] {processor.py:179} INFO - Processing /home/airflow/.local/lib/python3.7/site-packages/airflow/example_dags/example_local_kubernetes_executor.py took 3.019 seconds
[2023-09-01T19:32:18.064+0000] {processor.py:157} INFO - Started process (PID=89) to work on /home/airflow/.local/lib/python3.7/site-packages/airflow/example_dags/example_local_kubernetes_executor.py
[2023-09-01T19:32:18.083+0000] {processor.py:826} INFO - Processing file /home/airflow/.local/lib/python3.7/site-packages/airflow/example_dags/example_local_kubernetes_executor.py for tasks to queue
[2023-09-01T19:32:18.087+0000] {logging_mixin.py:150} INFO - [2023-09-01T19:32:18.085+0000] {dagbag.py:541} INFO - Filling up the DagBag from /home/airflow/.local/lib/python3.7/site-packages/airflow/example_dags/example_local_kubernetes_executor.py
[2023-09-01T19:32:18.667+0000] {processor.py:836} INFO - DAG(s) dict_keys(['example_local_kubernetes_executor']) retrieved from /home/airflow/.local/lib/python3.7/site-packages/airflow/example_dags/example_local_kubernetes_executor.py
[2023-09-01T19:32:18.694+0000] {logging_mixin.py:150} INFO - [2023-09-01T19:32:18.694+0000] {dag.py:2742} INFO - Sync 1 DAGs
[2023-09-01T19:32:18.717+0000] {logging_mixin.py:150} INFO - [2023-09-01T19:32:18.716+0000] {dag.py:3508} INFO - Setting next_dagrun for example_local_kubernetes_executor to None, run_after=None
[2023-09-01T19:32:18.735+0000] {processor.py:179} INFO - Processing /home/airflow/.local/lib/python3.7/site-packages/airflow/example_dags/example_local_kubernetes_executor.py took 0.728 seconds
[2023-09-01T19:32:49.092+0000] {processor.py:157} INFO - Started process (PID=144) to work on /home/airflow/.local/lib/python3.7/site-packages/airflow/example_dags/example_local_kubernetes_executor.py
[2023-09-01T19:32:49.099+0000] {processor.py:826} INFO - Processing file /home/airflow/.local/lib/python3.7/site-packages/airflow/example_dags/example_local_kubernetes_executor.py for tasks to queue
[2023-09-01T19:32:49.100+0000] {logging_mixin.py:150} INFO - [2023-09-01T19:32:49.100+0000] {dagbag.py:541} INFO - Filling up the DagBag from /home/airflow/.local/lib/python3.7/site-packages/airflow/example_dags/example_local_kubernetes_executor.py
[2023-09-01T19:32:49.610+0000] {processor.py:836} INFO - DAG(s) dict_keys(['example_local_kubernetes_executor']) retrieved from /home/airflow/.local/lib/python3.7/site-packages/airflow/example_dags/example_local_kubernetes_executor.py
[2023-09-01T19:32:49.759+0000] {logging_mixin.py:150} INFO - [2023-09-01T19:32:49.759+0000] {dag.py:2742} INFO - Sync 1 DAGs
[2023-09-01T19:32:49.784+0000] {logging_mixin.py:150} INFO - [2023-09-01T19:32:49.783+0000] {dag.py:3508} INFO - Setting next_dagrun for example_local_kubernetes_executor to None, run_after=None
[2023-09-01T19:32:49.799+0000] {processor.py:179} INFO - Processing /home/airflow/.local/lib/python3.7/site-packages/airflow/example_dags/example_local_kubernetes_executor.py took 0.710 seconds
[2023-09-01T19:33:20.084+0000] {processor.py:157} INFO - Started process (PID=202) to work on /home/airflow/.local/lib/python3.7/site-packages/airflow/example_dags/example_local_kubernetes_executor.py
[2023-09-01T19:33:20.084+0000] {processor.py:826} INFO - Processing file /home/airflow/.local/lib/python3.7/site-packages/airflow/example_dags/example_local_kubernetes_executor.py for tasks to queue
[2023-09-01T19:33:20.085+0000] {logging_mixin.py:150} INFO - [2023-09-01T19:33:20.085+0000] {dagbag.py:541} INFO - Filling up the DagBag from /home/airflow/.local/lib/python3.7/site-packages/airflow/example_dags/example_local_kubernetes_executor.py
[2023-09-01T19:33:20.236+0000] {processor.py:836} INFO - DAG(s) dict_keys(['example_local_kubernetes_executor']) retrieved from /home/airflow/.local/lib/python3.7/site-packages/airflow/example_dags/example_local_kubernetes_executor.py
[2023-09-01T19:33:20.267+0000] {logging_mixin.py:150} INFO - [2023-09-01T19:33:20.266+0000] {dag.py:2742} INFO - Sync 1 DAGs
[2023-09-01T19:33:20.287+0000] {logging_mixin.py:150} INFO - [2023-09-01T19:33:20.287+0000] {dag.py:3508} INFO - Setting next_dagrun for example_local_kubernetes_executor to None, run_after=None
[2023-09-01T19:33:20.304+0000] {processor.py:179} INFO - Processing /home/airflow/.local/lib/python3.7/site-packages/airflow/example_dags/example_local_kubernetes_executor.py took 0.224 seconds
[2023-09-01T19:33:51.161+0000] {processor.py:157} INFO - Started process (PID=257) to work on /home/airflow/.local/lib/python3.7/site-packages/airflow/example_dags/example_local_kubernetes_executor.py
[2023-09-01T19:33:51.162+0000] {processor.py:826} INFO - Processing file /home/airflow/.local/lib/python3.7/site-packages/airflow/example_dags/example_local_kubernetes_executor.py for tasks to queue
[2023-09-01T19:33:51.162+0000] {logging_mixin.py:150} INFO - [2023-09-01T19:33:51.162+0000] {dagbag.py:541} INFO - Filling up the DagBag from /home/airflow/.local/lib/python3.7/site-packages/airflow/example_dags/example_local_kubernetes_executor.py
[2023-09-01T19:33:51.402+0000] {processor.py:836} INFO - DAG(s) dict_keys(['example_local_kubernetes_executor']) retrieved from /home/airflow/.local/lib/python3.7/site-packages/airflow/example_dags/example_local_kubernetes_executor.py
[2023-09-01T19:33:51.451+0000] {logging_mixin.py:150} INFO - [2023-09-01T19:33:51.451+0000] {dag.py:2742} INFO - Sync 1 DAGs
[2023-09-01T19:33:51.510+0000] {logging_mixin.py:150} INFO - [2023-09-01T19:33:51.510+0000] {dag.py:3508} INFO - Setting next_dagrun for example_local_kubernetes_executor to None, run_after=None
[2023-09-01T19:33:51.536+0000] {processor.py:179} INFO - Processing /home/airflow/.local/lib/python3.7/site-packages/airflow/example_dags/example_local_kubernetes_executor.py took 0.378 seconds
[2023-09-01T19:34:21.789+0000] {processor.py:157} INFO - Started process (PID=312) to work on /home/airflow/.local/lib/python3.7/site-packages/airflow/example_dags/example_local_kubernetes_executor.py
[2023-09-01T19:34:21.790+0000] {processor.py:826} INFO - Processing file /home/airflow/.local/lib/python3.7/site-packages/airflow/example_dags/example_local_kubernetes_executor.py for tasks to queue
[2023-09-01T19:34:21.791+0000] {logging_mixin.py:150} INFO - [2023-09-01T19:34:21.791+0000] {dagbag.py:541} INFO - Filling up the DagBag from /home/airflow/.local/lib/python3.7/site-packages/airflow/example_dags/example_local_kubernetes_executor.py
[2023-09-01T19:34:21.939+0000] {processor.py:836} INFO - DAG(s) dict_keys(['example_local_kubernetes_executor']) retrieved from /home/airflow/.local/lib/python3.7/site-packages/airflow/example_dags/example_local_kubernetes_executor.py
[2023-09-01T19:34:21.972+0000] {logging_mixin.py:150} INFO - [2023-09-01T19:34:21.972+0000] {dag.py:2742} INFO - Sync 1 DAGs
[2023-09-01T19:34:21.993+0000] {logging_mixin.py:150} INFO - [2023-09-01T19:34:21.993+0000] {dag.py:3508} INFO - Setting next_dagrun for example_local_kubernetes_executor to None, run_after=None
[2023-09-01T19:34:22.008+0000] {processor.py:179} INFO - Processing /home/airflow/.local/lib/python3.7/site-packages/airflow/example_dags/example_local_kubernetes_executor.py took 0.222 seconds
[2023-09-01T19:34:52.086+0000] {processor.py:157} INFO - Started process (PID=368) to work on /home/airflow/.local/lib/python3.7/site-packages/airflow/example_dags/example_local_kubernetes_executor.py
[2023-09-01T19:34:52.087+0000] {processor.py:826} INFO - Processing file /home/airflow/.local/lib/python3.7/site-packages/airflow/example_dags/example_local_kubernetes_executor.py for tasks to queue
[2023-09-01T19:34:52.088+0000] {logging_mixin.py:150} INFO - [2023-09-01T19:34:52.087+0000] {dagbag.py:541} INFO - Filling up the DagBag from /home/airflow/.local/lib/python3.7/site-packages/airflow/example_dags/example_local_kubernetes_executor.py
[2023-09-01T19:34:52.235+0000] {processor.py:836} INFO - DAG(s) dict_keys(['example_local_kubernetes_executor']) retrieved from /home/airflow/.local/lib/python3.7/site-packages/airflow/example_dags/example_local_kubernetes_executor.py
[2023-09-01T19:34:52.263+0000] {logging_mixin.py:150} INFO - [2023-09-01T19:34:52.263+0000] {dag.py:2742} INFO - Sync 1 DAGs
[2023-09-01T19:34:52.283+0000] {logging_mixin.py:150} INFO - [2023-09-01T19:34:52.283+0000] {dag.py:3508} INFO - Setting next_dagrun for example_local_kubernetes_executor to None, run_after=None
[2023-09-01T19:34:52.300+0000] {processor.py:179} INFO - Processing /home/airflow/.local/lib/python3.7/site-packages/airflow/example_dags/example_local_kubernetes_executor.py took 0.217 seconds
[2023-09-01T19:35:22.438+0000] {processor.py:157} INFO - Started process (PID=424) to work on /home/airflow/.local/lib/python3.7/site-packages/airflow/example_dags/example_local_kubernetes_executor.py
[2023-09-01T19:35:22.439+0000] {processor.py:826} INFO - Processing file /home/airflow/.local/lib/python3.7/site-packages/airflow/example_dags/example_local_kubernetes_executor.py for tasks to queue
[2023-09-01T19:35:22.440+0000] {logging_mixin.py:150} INFO - [2023-09-01T19:35:22.440+0000] {dagbag.py:541} INFO - Filling up the DagBag from /home/airflow/.local/lib/python3.7/site-packages/airflow/example_dags/example_local_kubernetes_executor.py
[2023-09-01T19:35:22.591+0000] {processor.py:836} INFO - DAG(s) dict_keys(['example_local_kubernetes_executor']) retrieved from /home/airflow/.local/lib/python3.7/site-packages/airflow/example_dags/example_local_kubernetes_executor.py
[2023-09-01T19:35:22.617+0000] {logging_mixin.py:150} INFO - [2023-09-01T19:35:22.617+0000] {dag.py:2742} INFO - Sync 1 DAGs
[2023-09-01T19:35:22.642+0000] {logging_mixin.py:150} INFO - [2023-09-01T19:35:22.641+0000] {dag.py:3508} INFO - Setting next_dagrun for example_local_kubernetes_executor to None, run_after=None
[2023-09-01T19:35:22.659+0000] {processor.py:179} INFO - Processing /home/airflow/.local/lib/python3.7/site-packages/airflow/example_dags/example_local_kubernetes_executor.py took 0.224 seconds
[2023-09-01T19:35:53.613+0000] {processor.py:157} INFO - Started process (PID=479) to work on /home/airflow/.local/lib/python3.7/site-packages/airflow/example_dags/example_local_kubernetes_executor.py
[2023-09-01T19:35:53.614+0000] {processor.py:826} INFO - Processing file /home/airflow/.local/lib/python3.7/site-packages/airflow/example_dags/example_local_kubernetes_executor.py for tasks to queue
[2023-09-01T19:35:53.615+0000] {logging_mixin.py:150} INFO - [2023-09-01T19:35:53.614+0000] {dagbag.py:541} INFO - Filling up the DagBag from /home/airflow/.local/lib/python3.7/site-packages/airflow/example_dags/example_local_kubernetes_executor.py
[2023-09-01T19:35:53.781+0000] {processor.py:836} INFO - DAG(s) dict_keys(['example_local_kubernetes_executor']) retrieved from /home/airflow/.local/lib/python3.7/site-packages/airflow/example_dags/example_local_kubernetes_executor.py
[2023-09-01T19:35:53.811+0000] {logging_mixin.py:150} INFO - [2023-09-01T19:35:53.810+0000] {dag.py:2742} INFO - Sync 1 DAGs
[2023-09-01T19:35:53.846+0000] {logging_mixin.py:150} INFO - [2023-09-01T19:35:53.846+0000] {dag.py:3508} INFO - Setting next_dagrun for example_local_kubernetes_executor to None, run_after=None
[2023-09-01T19:35:53.864+0000] {processor.py:179} INFO - Processing /home/airflow/.local/lib/python3.7/site-packages/airflow/example_dags/example_local_kubernetes_executor.py took 0.254 seconds
[2023-09-01T19:36:24.176+0000] {processor.py:157} INFO - Started process (PID=534) to work on /home/airflow/.local/lib/python3.7/site-packages/airflow/example_dags/example_local_kubernetes_executor.py
[2023-09-01T19:36:24.177+0000] {processor.py:826} INFO - Processing file /home/airflow/.local/lib/python3.7/site-packages/airflow/example_dags/example_local_kubernetes_executor.py for tasks to queue
[2023-09-01T19:36:24.178+0000] {logging_mixin.py:150} INFO - [2023-09-01T19:36:24.178+0000] {dagbag.py:541} INFO - Filling up the DagBag from /home/airflow/.local/lib/python3.7/site-packages/airflow/example_dags/example_local_kubernetes_executor.py
[2023-09-01T19:36:24.588+0000] {processor.py:836} INFO - DAG(s) dict_keys(['example_local_kubernetes_executor']) retrieved from /home/airflow/.local/lib/python3.7/site-packages/airflow/example_dags/example_local_kubernetes_executor.py
[2023-09-01T19:36:24.619+0000] {logging_mixin.py:150} INFO - [2023-09-01T19:36:24.619+0000] {dag.py:2742} INFO - Sync 1 DAGs
[2023-09-01T19:36:24.642+0000] {logging_mixin.py:150} INFO - [2023-09-01T19:36:24.642+0000] {dag.py:3508} INFO - Setting next_dagrun for example_local_kubernetes_executor to None, run_after=None
[2023-09-01T19:36:24.658+0000] {processor.py:179} INFO - Processing /home/airflow/.local/lib/python3.7/site-packages/airflow/example_dags/example_local_kubernetes_executor.py took 0.485 seconds
[2023-09-01T19:36:55.086+0000] {processor.py:157} INFO - Started process (PID=589) to work on /home/airflow/.local/lib/python3.7/site-packages/airflow/example_dags/example_local_kubernetes_executor.py
[2023-09-01T19:36:55.088+0000] {processor.py:826} INFO - Processing file /home/airflow/.local/lib/python3.7/site-packages/airflow/example_dags/example_local_kubernetes_executor.py for tasks to queue
[2023-09-01T19:36:55.088+0000] {logging_mixin.py:150} INFO - [2023-09-01T19:36:55.088+0000] {dagbag.py:541} INFO - Filling up the DagBag from /home/airflow/.local/lib/python3.7/site-packages/airflow/example_dags/example_local_kubernetes_executor.py
[2023-09-01T19:36:55.252+0000] {processor.py:836} INFO - DAG(s) dict_keys(['example_local_kubernetes_executor']) retrieved from /home/airflow/.local/lib/python3.7/site-packages/airflow/example_dags/example_local_kubernetes_executor.py
[2023-09-01T19:36:55.290+0000] {logging_mixin.py:150} INFO - [2023-09-01T19:36:55.290+0000] {dag.py:2742} INFO - Sync 1 DAGs
[2023-09-01T19:36:55.320+0000] {logging_mixin.py:150} INFO - [2023-09-01T19:36:55.319+0000] {dag.py:3508} INFO - Setting next_dagrun for example_local_kubernetes_executor to None, run_after=None
[2023-09-01T19:36:55.337+0000] {processor.py:179} INFO - Processing /home/airflow/.local/lib/python3.7/site-packages/airflow/example_dags/example_local_kubernetes_executor.py took 0.254 seconds
[2023-09-01T19:37:25.691+0000] {processor.py:157} INFO - Started process (PID=644) to work on /home/airflow/.local/lib/python3.7/site-packages/airflow/example_dags/example_local_kubernetes_executor.py
[2023-09-01T19:37:25.697+0000] {processor.py:826} INFO - Processing file /home/airflow/.local/lib/python3.7/site-packages/airflow/example_dags/example_local_kubernetes_executor.py for tasks to queue
[2023-09-01T19:37:25.697+0000] {logging_mixin.py:150} INFO - [2023-09-01T19:37:25.697+0000] {dagbag.py:541} INFO - Filling up the DagBag from /home/airflow/.local/lib/python3.7/site-packages/airflow/example_dags/example_local_kubernetes_executor.py
[2023-09-01T19:37:26.213+0000] {processor.py:836} INFO - DAG(s) dict_keys(['example_local_kubernetes_executor']) retrieved from /home/airflow/.local/lib/python3.7/site-packages/airflow/example_dags/example_local_kubernetes_executor.py
[2023-09-01T19:37:26.337+0000] {logging_mixin.py:150} INFO - [2023-09-01T19:37:26.337+0000] {dag.py:2742} INFO - Sync 1 DAGs
[2023-09-01T19:37:26.414+0000] {logging_mixin.py:150} INFO - [2023-09-01T19:37:26.413+0000] {dag.py:3508} INFO - Setting next_dagrun for example_local_kubernetes_executor to None, run_after=None
[2023-09-01T19:37:26.459+0000] {processor.py:179} INFO - Processing /home/airflow/.local/lib/python3.7/site-packages/airflow/example_dags/example_local_kubernetes_executor.py took 0.781 seconds
[2023-09-01T19:37:56.766+0000] {processor.py:157} INFO - Started process (PID=701) to work on /home/airflow/.local/lib/python3.7/site-packages/airflow/example_dags/example_local_kubernetes_executor.py
[2023-09-01T19:37:56.779+0000] {processor.py:826} INFO - Processing file /home/airflow/.local/lib/python3.7/site-packages/airflow/example_dags/example_local_kubernetes_executor.py for tasks to queue
[2023-09-01T19:37:56.780+0000] {logging_mixin.py:150} INFO - [2023-09-01T19:37:56.780+0000] {dagbag.py:541} INFO - Filling up the DagBag from /home/airflow/.local/lib/python3.7/site-packages/airflow/example_dags/example_local_kubernetes_executor.py
[2023-09-01T19:37:57.186+0000] {processor.py:836} INFO - DAG(s) dict_keys(['example_local_kubernetes_executor']) retrieved from /home/airflow/.local/lib/python3.7/site-packages/airflow/example_dags/example_local_kubernetes_executor.py
[2023-09-01T19:37:57.404+0000] {logging_mixin.py:150} INFO - [2023-09-01T19:37:57.403+0000] {dag.py:2742} INFO - Sync 1 DAGs
[2023-09-01T19:37:57.453+0000] {logging_mixin.py:150} INFO - [2023-09-01T19:37:57.452+0000] {dag.py:3508} INFO - Setting next_dagrun for example_local_kubernetes_executor to None, run_after=None
[2023-09-01T19:37:57.502+0000] {processor.py:179} INFO - Processing /home/airflow/.local/lib/python3.7/site-packages/airflow/example_dags/example_local_kubernetes_executor.py took 0.756 seconds
[2023-09-01T19:38:28.067+0000] {processor.py:157} INFO - Started process (PID=756) to work on /home/airflow/.local/lib/python3.7/site-packages/airflow/example_dags/example_local_kubernetes_executor.py
[2023-09-01T19:38:28.068+0000] {processor.py:826} INFO - Processing file /home/airflow/.local/lib/python3.7/site-packages/airflow/example_dags/example_local_kubernetes_executor.py for tasks to queue
[2023-09-01T19:38:28.069+0000] {logging_mixin.py:150} INFO - [2023-09-01T19:38:28.069+0000] {dagbag.py:541} INFO - Filling up the DagBag from /home/airflow/.local/lib/python3.7/site-packages/airflow/example_dags/example_local_kubernetes_executor.py
[2023-09-01T19:38:28.406+0000] {processor.py:836} INFO - DAG(s) dict_keys(['example_local_kubernetes_executor']) retrieved from /home/airflow/.local/lib/python3.7/site-packages/airflow/example_dags/example_local_kubernetes_executor.py
[2023-09-01T19:38:28.460+0000] {logging_mixin.py:150} INFO - [2023-09-01T19:38:28.460+0000] {dag.py:2742} INFO - Sync 1 DAGs
[2023-09-01T19:38:28.482+0000] {logging_mixin.py:150} INFO - [2023-09-01T19:38:28.482+0000] {dag.py:3508} INFO - Setting next_dagrun for example_local_kubernetes_executor to None, run_after=None
[2023-09-01T19:38:28.523+0000] {processor.py:179} INFO - Processing /home/airflow/.local/lib/python3.7/site-packages/airflow/example_dags/example_local_kubernetes_executor.py took 0.459 seconds
[2023-09-01T19:38:59.312+0000] {processor.py:157} INFO - Started process (PID=812) to work on /home/airflow/.local/lib/python3.7/site-packages/airflow/example_dags/example_local_kubernetes_executor.py
[2023-09-01T19:38:59.313+0000] {processor.py:826} INFO - Processing file /home/airflow/.local/lib/python3.7/site-packages/airflow/example_dags/example_local_kubernetes_executor.py for tasks to queue
[2023-09-01T19:38:59.314+0000] {logging_mixin.py:150} INFO - [2023-09-01T19:38:59.314+0000] {dagbag.py:541} INFO - Filling up the DagBag from /home/airflow/.local/lib/python3.7/site-packages/airflow/example_dags/example_local_kubernetes_executor.py
[2023-09-01T19:38:59.482+0000] {processor.py:836} INFO - DAG(s) dict_keys(['example_local_kubernetes_executor']) retrieved from /home/airflow/.local/lib/python3.7/site-packages/airflow/example_dags/example_local_kubernetes_executor.py
[2023-09-01T19:38:59.526+0000] {logging_mixin.py:150} INFO - [2023-09-01T19:38:59.525+0000] {dag.py:2742} INFO - Sync 1 DAGs
[2023-09-01T19:38:59.585+0000] {logging_mixin.py:150} INFO - [2023-09-01T19:38:59.585+0000] {dag.py:3508} INFO - Setting next_dagrun for example_local_kubernetes_executor to None, run_after=None
[2023-09-01T19:38:59.612+0000] {processor.py:179} INFO - Processing /home/airflow/.local/lib/python3.7/site-packages/airflow/example_dags/example_local_kubernetes_executor.py took 0.303 seconds
[2023-09-01T19:39:29.691+0000] {processor.py:157} INFO - Started process (PID=866) to work on /home/airflow/.local/lib/python3.7/site-packages/airflow/example_dags/example_local_kubernetes_executor.py
[2023-09-01T19:39:29.692+0000] {processor.py:826} INFO - Processing file /home/airflow/.local/lib/python3.7/site-packages/airflow/example_dags/example_local_kubernetes_executor.py for tasks to queue
[2023-09-01T19:39:29.693+0000] {logging_mixin.py:150} INFO - [2023-09-01T19:39:29.693+0000] {dagbag.py:541} INFO - Filling up the DagBag from /home/airflow/.local/lib/python3.7/site-packages/airflow/example_dags/example_local_kubernetes_executor.py
[2023-09-01T19:39:29.966+0000] {processor.py:836} INFO - DAG(s) dict_keys(['example_local_kubernetes_executor']) retrieved from /home/airflow/.local/lib/python3.7/site-packages/airflow/example_dags/example_local_kubernetes_executor.py
[2023-09-01T19:39:30.008+0000] {logging_mixin.py:150} INFO - [2023-09-01T19:39:30.008+0000] {dag.py:2742} INFO - Sync 1 DAGs
[2023-09-01T19:39:30.038+0000] {logging_mixin.py:150} INFO - [2023-09-01T19:39:30.037+0000] {dag.py:3508} INFO - Setting next_dagrun for example_local_kubernetes_executor to None, run_after=None
[2023-09-01T19:39:30.071+0000] {processor.py:179} INFO - Processing /home/airflow/.local/lib/python3.7/site-packages/airflow/example_dags/example_local_kubernetes_executor.py took 0.383 seconds
[2023-09-01T19:40:00.120+0000] {processor.py:157} INFO - Started process (PID=923) to work on /home/airflow/.local/lib/python3.7/site-packages/airflow/example_dags/example_local_kubernetes_executor.py
[2023-09-01T19:40:00.120+0000] {processor.py:826} INFO - Processing file /home/airflow/.local/lib/python3.7/site-packages/airflow/example_dags/example_local_kubernetes_executor.py for tasks to queue
[2023-09-01T19:40:00.121+0000] {logging_mixin.py:150} INFO - [2023-09-01T19:40:00.121+0000] {dagbag.py:541} INFO - Filling up the DagBag from /home/airflow/.local/lib/python3.7/site-packages/airflow/example_dags/example_local_kubernetes_executor.py
[2023-09-01T19:40:00.313+0000] {processor.py:836} INFO - DAG(s) dict_keys(['example_local_kubernetes_executor']) retrieved from /home/airflow/.local/lib/python3.7/site-packages/airflow/example_dags/example_local_kubernetes_executor.py
[2023-09-01T19:40:00.343+0000] {logging_mixin.py:150} INFO - [2023-09-01T19:40:00.343+0000] {dag.py:2742} INFO - Sync 1 DAGs
[2023-09-01T19:40:00.369+0000] {logging_mixin.py:150} INFO - [2023-09-01T19:40:00.369+0000] {dag.py:3508} INFO - Setting next_dagrun for example_local_kubernetes_executor to None, run_after=None
[2023-09-01T19:40:00.395+0000] {processor.py:179} INFO - Processing /home/airflow/.local/lib/python3.7/site-packages/airflow/example_dags/example_local_kubernetes_executor.py took 0.278 seconds
[2023-09-01T19:40:30.529+0000] {processor.py:157} INFO - Started process (PID=976) to work on /home/airflow/.local/lib/python3.7/site-packages/airflow/example_dags/example_local_kubernetes_executor.py
[2023-09-01T19:40:30.530+0000] {processor.py:826} INFO - Processing file /home/airflow/.local/lib/python3.7/site-packages/airflow/example_dags/example_local_kubernetes_executor.py for tasks to queue
[2023-09-01T19:40:30.531+0000] {logging_mixin.py:150} INFO - [2023-09-01T19:40:30.531+0000] {dagbag.py:541} INFO - Filling up the DagBag from /home/airflow/.local/lib/python3.7/site-packages/airflow/example_dags/example_local_kubernetes_executor.py
[2023-09-01T19:40:30.699+0000] {processor.py:836} INFO - DAG(s) dict_keys(['example_local_kubernetes_executor']) retrieved from /home/airflow/.local/lib/python3.7/site-packages/airflow/example_dags/example_local_kubernetes_executor.py
[2023-09-01T19:40:30.728+0000] {logging_mixin.py:150} INFO - [2023-09-01T19:40:30.727+0000] {dag.py:2742} INFO - Sync 1 DAGs
[2023-09-01T19:40:30.750+0000] {logging_mixin.py:150} INFO - [2023-09-01T19:40:30.749+0000] {dag.py:3508} INFO - Setting next_dagrun for example_local_kubernetes_executor to None, run_after=None
[2023-09-01T19:40:30.765+0000] {processor.py:179} INFO - Processing /home/airflow/.local/lib/python3.7/site-packages/airflow/example_dags/example_local_kubernetes_executor.py took 0.240 seconds
[2023-09-01T19:41:00.865+0000] {processor.py:157} INFO - Started process (PID=1032) to work on /home/airflow/.local/lib/python3.7/site-packages/airflow/example_dags/example_local_kubernetes_executor.py
[2023-09-01T19:41:00.865+0000] {processor.py:826} INFO - Processing file /home/airflow/.local/lib/python3.7/site-packages/airflow/example_dags/example_local_kubernetes_executor.py for tasks to queue
[2023-09-01T19:41:00.866+0000] {logging_mixin.py:150} INFO - [2023-09-01T19:41:00.866+0000] {dagbag.py:541} INFO - Filling up the DagBag from /home/airflow/.local/lib/python3.7/site-packages/airflow/example_dags/example_local_kubernetes_executor.py
[2023-09-01T19:41:01.037+0000] {processor.py:836} INFO - DAG(s) dict_keys(['example_local_kubernetes_executor']) retrieved from /home/airflow/.local/lib/python3.7/site-packages/airflow/example_dags/example_local_kubernetes_executor.py
[2023-09-01T19:41:01.066+0000] {logging_mixin.py:150} INFO - [2023-09-01T19:41:01.066+0000] {dag.py:2742} INFO - Sync 1 DAGs
[2023-09-01T19:41:01.085+0000] {logging_mixin.py:150} INFO - [2023-09-01T19:41:01.085+0000] {dag.py:3508} INFO - Setting next_dagrun for example_local_kubernetes_executor to None, run_after=None
[2023-09-01T19:41:01.102+0000] {processor.py:179} INFO - Processing /home/airflow/.local/lib/python3.7/site-packages/airflow/example_dags/example_local_kubernetes_executor.py took 0.240 seconds
[2023-09-01T19:41:32.003+0000] {processor.py:157} INFO - Started process (PID=1088) to work on /home/airflow/.local/lib/python3.7/site-packages/airflow/example_dags/example_local_kubernetes_executor.py
[2023-09-01T19:41:32.004+0000] {processor.py:826} INFO - Processing file /home/airflow/.local/lib/python3.7/site-packages/airflow/example_dags/example_local_kubernetes_executor.py for tasks to queue
[2023-09-01T19:41:32.005+0000] {logging_mixin.py:150} INFO - [2023-09-01T19:41:32.005+0000] {dagbag.py:541} INFO - Filling up the DagBag from /home/airflow/.local/lib/python3.7/site-packages/airflow/example_dags/example_local_kubernetes_executor.py
[2023-09-01T19:41:32.202+0000] {processor.py:836} INFO - DAG(s) dict_keys(['example_local_kubernetes_executor']) retrieved from /home/airflow/.local/lib/python3.7/site-packages/airflow/example_dags/example_local_kubernetes_executor.py
[2023-09-01T19:41:32.230+0000] {logging_mixin.py:150} INFO - [2023-09-01T19:41:32.230+0000] {dag.py:2742} INFO - Sync 1 DAGs
[2023-09-01T19:41:32.250+0000] {logging_mixin.py:150} INFO - [2023-09-01T19:41:32.250+0000] {dag.py:3508} INFO - Setting next_dagrun for example_local_kubernetes_executor to None, run_after=None
[2023-09-01T19:41:32.264+0000] {processor.py:179} INFO - Processing /home/airflow/.local/lib/python3.7/site-packages/airflow/example_dags/example_local_kubernetes_executor.py took 0.264 seconds
[2023-09-01T19:42:02.652+0000] {processor.py:157} INFO - Started process (PID=1149) to work on /home/airflow/.local/lib/python3.7/site-packages/airflow/example_dags/example_local_kubernetes_executor.py
[2023-09-01T19:42:02.653+0000] {processor.py:826} INFO - Processing file /home/airflow/.local/lib/python3.7/site-packages/airflow/example_dags/example_local_kubernetes_executor.py for tasks to queue
[2023-09-01T19:42:02.653+0000] {logging_mixin.py:150} INFO - [2023-09-01T19:42:02.653+0000] {dagbag.py:541} INFO - Filling up the DagBag from /home/airflow/.local/lib/python3.7/site-packages/airflow/example_dags/example_local_kubernetes_executor.py
[2023-09-01T19:42:02.814+0000] {processor.py:836} INFO - DAG(s) dict_keys(['example_local_kubernetes_executor']) retrieved from /home/airflow/.local/lib/python3.7/site-packages/airflow/example_dags/example_local_kubernetes_executor.py
[2023-09-01T19:42:02.843+0000] {logging_mixin.py:150} INFO - [2023-09-01T19:42:02.843+0000] {dag.py:2742} INFO - Sync 1 DAGs
[2023-09-01T19:42:02.867+0000] {logging_mixin.py:150} INFO - [2023-09-01T19:42:02.867+0000] {dag.py:3508} INFO - Setting next_dagrun for example_local_kubernetes_executor to None, run_after=None
[2023-09-01T19:42:02.884+0000] {processor.py:179} INFO - Processing /home/airflow/.local/lib/python3.7/site-packages/airflow/example_dags/example_local_kubernetes_executor.py took 0.235 seconds
[2023-09-01T19:42:32.933+0000] {processor.py:157} INFO - Started process (PID=1204) to work on /home/airflow/.local/lib/python3.7/site-packages/airflow/example_dags/example_local_kubernetes_executor.py
[2023-09-01T19:42:32.934+0000] {processor.py:826} INFO - Processing file /home/airflow/.local/lib/python3.7/site-packages/airflow/example_dags/example_local_kubernetes_executor.py for tasks to queue
[2023-09-01T19:42:32.935+0000] {logging_mixin.py:150} INFO - [2023-09-01T19:42:32.935+0000] {dagbag.py:541} INFO - Filling up the DagBag from /home/airflow/.local/lib/python3.7/site-packages/airflow/example_dags/example_local_kubernetes_executor.py
[2023-09-01T19:42:33.095+0000] {processor.py:836} INFO - DAG(s) dict_keys(['example_local_kubernetes_executor']) retrieved from /home/airflow/.local/lib/python3.7/site-packages/airflow/example_dags/example_local_kubernetes_executor.py
[2023-09-01T19:42:33.136+0000] {logging_mixin.py:150} INFO - [2023-09-01T19:42:33.136+0000] {dag.py:2742} INFO - Sync 1 DAGs
[2023-09-01T19:42:33.207+0000] {logging_mixin.py:150} INFO - [2023-09-01T19:42:33.207+0000] {dag.py:3508} INFO - Setting next_dagrun for example_local_kubernetes_executor to None, run_after=None
[2023-09-01T19:42:33.231+0000] {processor.py:179} INFO - Processing /home/airflow/.local/lib/python3.7/site-packages/airflow/example_dags/example_local_kubernetes_executor.py took 0.302 seconds
[2023-09-01T19:43:03.356+0000] {processor.py:157} INFO - Started process (PID=1262) to work on /home/airflow/.local/lib/python3.7/site-packages/airflow/example_dags/example_local_kubernetes_executor.py
[2023-09-01T19:43:03.357+0000] {processor.py:826} INFO - Processing file /home/airflow/.local/lib/python3.7/site-packages/airflow/example_dags/example_local_kubernetes_executor.py for tasks to queue
[2023-09-01T19:43:03.357+0000] {logging_mixin.py:150} INFO - [2023-09-01T19:43:03.357+0000] {dagbag.py:541} INFO - Filling up the DagBag from /home/airflow/.local/lib/python3.7/site-packages/airflow/example_dags/example_local_kubernetes_executor.py
[2023-09-01T19:43:03.529+0000] {processor.py:836} INFO - DAG(s) dict_keys(['example_local_kubernetes_executor']) retrieved from /home/airflow/.local/lib/python3.7/site-packages/airflow/example_dags/example_local_kubernetes_executor.py
[2023-09-01T19:43:03.580+0000] {logging_mixin.py:150} INFO - [2023-09-01T19:43:03.580+0000] {dag.py:2742} INFO - Sync 1 DAGs
[2023-09-01T19:43:03.601+0000] {logging_mixin.py:150} INFO - [2023-09-01T19:43:03.601+0000] {dag.py:3508} INFO - Setting next_dagrun for example_local_kubernetes_executor to None, run_after=None
[2023-09-01T19:43:03.618+0000] {processor.py:179} INFO - Processing /home/airflow/.local/lib/python3.7/site-packages/airflow/example_dags/example_local_kubernetes_executor.py took 0.266 seconds
[2023-09-01T19:43:33.926+0000] {processor.py:157} INFO - Started process (PID=1314) to work on /home/airflow/.local/lib/python3.7/site-packages/airflow/example_dags/example_local_kubernetes_executor.py
[2023-09-01T19:43:33.927+0000] {processor.py:826} INFO - Processing file /home/airflow/.local/lib/python3.7/site-packages/airflow/example_dags/example_local_kubernetes_executor.py for tasks to queue
[2023-09-01T19:43:33.927+0000] {logging_mixin.py:150} INFO - [2023-09-01T19:43:33.927+0000] {dagbag.py:541} INFO - Filling up the DagBag from /home/airflow/.local/lib/python3.7/site-packages/airflow/example_dags/example_local_kubernetes_executor.py
[2023-09-01T19:43:34.088+0000] {processor.py:836} INFO - DAG(s) dict_keys(['example_local_kubernetes_executor']) retrieved from /home/airflow/.local/lib/python3.7/site-packages/airflow/example_dags/example_local_kubernetes_executor.py
[2023-09-01T19:43:34.145+0000] {logging_mixin.py:150} INFO - [2023-09-01T19:43:34.144+0000] {dag.py:2742} INFO - Sync 1 DAGs
[2023-09-01T19:43:34.169+0000] {logging_mixin.py:150} INFO - [2023-09-01T19:43:34.169+0000] {dag.py:3508} INFO - Setting next_dagrun for example_local_kubernetes_executor to None, run_after=None
[2023-09-01T19:43:34.187+0000] {processor.py:179} INFO - Processing /home/airflow/.local/lib/python3.7/site-packages/airflow/example_dags/example_local_kubernetes_executor.py took 0.265 seconds
[2023-09-01T19:44:04.412+0000] {processor.py:157} INFO - Started process (PID=1369) to work on /home/airflow/.local/lib/python3.7/site-packages/airflow/example_dags/example_local_kubernetes_executor.py
[2023-09-01T19:44:04.413+0000] {processor.py:826} INFO - Processing file /home/airflow/.local/lib/python3.7/site-packages/airflow/example_dags/example_local_kubernetes_executor.py for tasks to queue
[2023-09-01T19:44:04.413+0000] {logging_mixin.py:150} INFO - [2023-09-01T19:44:04.413+0000] {dagbag.py:541} INFO - Filling up the DagBag from /home/airflow/.local/lib/python3.7/site-packages/airflow/example_dags/example_local_kubernetes_executor.py
[2023-09-01T19:44:04.579+0000] {processor.py:836} INFO - DAG(s) dict_keys(['example_local_kubernetes_executor']) retrieved from /home/airflow/.local/lib/python3.7/site-packages/airflow/example_dags/example_local_kubernetes_executor.py
[2023-09-01T19:44:04.613+0000] {logging_mixin.py:150} INFO - [2023-09-01T19:44:04.613+0000] {dag.py:2742} INFO - Sync 1 DAGs
[2023-09-01T19:44:04.647+0000] {logging_mixin.py:150} INFO - [2023-09-01T19:44:04.647+0000] {dag.py:3508} INFO - Setting next_dagrun for example_local_kubernetes_executor to None, run_after=None
[2023-09-01T19:44:04.666+0000] {processor.py:179} INFO - Processing /home/airflow/.local/lib/python3.7/site-packages/airflow/example_dags/example_local_kubernetes_executor.py took 0.257 seconds
[2023-09-01T19:44:35.019+0000] {processor.py:157} INFO - Started process (PID=1424) to work on /home/airflow/.local/lib/python3.7/site-packages/airflow/example_dags/example_local_kubernetes_executor.py
[2023-09-01T19:44:35.020+0000] {processor.py:826} INFO - Processing file /home/airflow/.local/lib/python3.7/site-packages/airflow/example_dags/example_local_kubernetes_executor.py for tasks to queue
[2023-09-01T19:44:35.020+0000] {logging_mixin.py:150} INFO - [2023-09-01T19:44:35.020+0000] {dagbag.py:541} INFO - Filling up the DagBag from /home/airflow/.local/lib/python3.7/site-packages/airflow/example_dags/example_local_kubernetes_executor.py
[2023-09-01T19:44:35.204+0000] {processor.py:836} INFO - DAG(s) dict_keys(['example_local_kubernetes_executor']) retrieved from /home/airflow/.local/lib/python3.7/site-packages/airflow/example_dags/example_local_kubernetes_executor.py
[2023-09-01T19:44:35.236+0000] {logging_mixin.py:150} INFO - [2023-09-01T19:44:35.236+0000] {dag.py:2742} INFO - Sync 1 DAGs
[2023-09-01T19:44:35.270+0000] {logging_mixin.py:150} INFO - [2023-09-01T19:44:35.269+0000] {dag.py:3508} INFO - Setting next_dagrun for example_local_kubernetes_executor to None, run_after=None
[2023-09-01T19:44:35.287+0000] {processor.py:179} INFO - Processing /home/airflow/.local/lib/python3.7/site-packages/airflow/example_dags/example_local_kubernetes_executor.py took 0.278 seconds
[2023-09-01T19:45:05.356+0000] {processor.py:157} INFO - Started process (PID=1479) to work on /home/airflow/.local/lib/python3.7/site-packages/airflow/example_dags/example_local_kubernetes_executor.py
[2023-09-01T19:45:05.357+0000] {processor.py:826} INFO - Processing file /home/airflow/.local/lib/python3.7/site-packages/airflow/example_dags/example_local_kubernetes_executor.py for tasks to queue
[2023-09-01T19:45:05.358+0000] {logging_mixin.py:150} INFO - [2023-09-01T19:45:05.358+0000] {dagbag.py:541} INFO - Filling up the DagBag from /home/airflow/.local/lib/python3.7/site-packages/airflow/example_dags/example_local_kubernetes_executor.py
[2023-09-01T19:45:05.521+0000] {processor.py:836} INFO - DAG(s) dict_keys(['example_local_kubernetes_executor']) retrieved from /home/airflow/.local/lib/python3.7/site-packages/airflow/example_dags/example_local_kubernetes_executor.py
[2023-09-01T19:45:05.549+0000] {logging_mixin.py:150} INFO - [2023-09-01T19:45:05.549+0000] {dag.py:2742} INFO - Sync 1 DAGs
[2023-09-01T19:45:05.570+0000] {logging_mixin.py:150} INFO - [2023-09-01T19:45:05.570+0000] {dag.py:3508} INFO - Setting next_dagrun for example_local_kubernetes_executor to None, run_after=None
[2023-09-01T19:45:05.586+0000] {processor.py:179} INFO - Processing /home/airflow/.local/lib/python3.7/site-packages/airflow/example_dags/example_local_kubernetes_executor.py took 0.233 seconds
[2023-09-01T19:45:35.677+0000] {processor.py:157} INFO - Started process (PID=1534) to work on /home/airflow/.local/lib/python3.7/site-packages/airflow/example_dags/example_local_kubernetes_executor.py
[2023-09-01T19:45:35.678+0000] {processor.py:826} INFO - Processing file /home/airflow/.local/lib/python3.7/site-packages/airflow/example_dags/example_local_kubernetes_executor.py for tasks to queue
[2023-09-01T19:45:35.678+0000] {logging_mixin.py:150} INFO - [2023-09-01T19:45:35.678+0000] {dagbag.py:541} INFO - Filling up the DagBag from /home/airflow/.local/lib/python3.7/site-packages/airflow/example_dags/example_local_kubernetes_executor.py
[2023-09-01T19:45:35.839+0000] {processor.py:836} INFO - DAG(s) dict_keys(['example_local_kubernetes_executor']) retrieved from /home/airflow/.local/lib/python3.7/site-packages/airflow/example_dags/example_local_kubernetes_executor.py
[2023-09-01T19:45:35.868+0000] {logging_mixin.py:150} INFO - [2023-09-01T19:45:35.868+0000] {dag.py:2742} INFO - Sync 1 DAGs
[2023-09-01T19:45:35.889+0000] {logging_mixin.py:150} INFO - [2023-09-01T19:45:35.889+0000] {dag.py:3508} INFO - Setting next_dagrun for example_local_kubernetes_executor to None, run_after=None
[2023-09-01T19:45:35.905+0000] {processor.py:179} INFO - Processing /home/airflow/.local/lib/python3.7/site-packages/airflow/example_dags/example_local_kubernetes_executor.py took 0.231 seconds
[2023-09-01T19:46:06.076+0000] {processor.py:157} INFO - Started process (PID=1589) to work on /home/airflow/.local/lib/python3.7/site-packages/airflow/example_dags/example_local_kubernetes_executor.py
[2023-09-01T19:46:06.077+0000] {processor.py:826} INFO - Processing file /home/airflow/.local/lib/python3.7/site-packages/airflow/example_dags/example_local_kubernetes_executor.py for tasks to queue
[2023-09-01T19:46:06.078+0000] {logging_mixin.py:150} INFO - [2023-09-01T19:46:06.078+0000] {dagbag.py:541} INFO - Filling up the DagBag from /home/airflow/.local/lib/python3.7/site-packages/airflow/example_dags/example_local_kubernetes_executor.py
[2023-09-01T19:46:06.293+0000] {processor.py:836} INFO - DAG(s) dict_keys(['example_local_kubernetes_executor']) retrieved from /home/airflow/.local/lib/python3.7/site-packages/airflow/example_dags/example_local_kubernetes_executor.py
[2023-09-01T19:46:06.324+0000] {logging_mixin.py:150} INFO - [2023-09-01T19:46:06.324+0000] {dag.py:2742} INFO - Sync 1 DAGs
[2023-09-01T19:46:06.349+0000] {logging_mixin.py:150} INFO - [2023-09-01T19:46:06.349+0000] {dag.py:3508} INFO - Setting next_dagrun for example_local_kubernetes_executor to None, run_after=None
[2023-09-01T19:46:06.368+0000] {processor.py:179} INFO - Processing /home/airflow/.local/lib/python3.7/site-packages/airflow/example_dags/example_local_kubernetes_executor.py took 0.294 seconds
[2023-09-01T19:46:36.576+0000] {processor.py:157} INFO - Started process (PID=1644) to work on /home/airflow/.local/lib/python3.7/site-packages/airflow/example_dags/example_local_kubernetes_executor.py
[2023-09-01T19:46:36.578+0000] {processor.py:826} INFO - Processing file /home/airflow/.local/lib/python3.7/site-packages/airflow/example_dags/example_local_kubernetes_executor.py for tasks to queue
[2023-09-01T19:46:36.578+0000] {logging_mixin.py:150} INFO - [2023-09-01T19:46:36.578+0000] {dagbag.py:541} INFO - Filling up the DagBag from /home/airflow/.local/lib/python3.7/site-packages/airflow/example_dags/example_local_kubernetes_executor.py
[2023-09-01T19:46:36.751+0000] {processor.py:836} INFO - DAG(s) dict_keys(['example_local_kubernetes_executor']) retrieved from /home/airflow/.local/lib/python3.7/site-packages/airflow/example_dags/example_local_kubernetes_executor.py
[2023-09-01T19:46:36.793+0000] {logging_mixin.py:150} INFO - [2023-09-01T19:46:36.793+0000] {dag.py:2742} INFO - Sync 1 DAGs
[2023-09-01T19:46:36.822+0000] {logging_mixin.py:150} INFO - [2023-09-01T19:46:36.821+0000] {dag.py:3508} INFO - Setting next_dagrun for example_local_kubernetes_executor to None, run_after=None
[2023-09-01T19:46:36.840+0000] {processor.py:179} INFO - Processing /home/airflow/.local/lib/python3.7/site-packages/airflow/example_dags/example_local_kubernetes_executor.py took 0.267 seconds
[2023-09-01T19:47:07.118+0000] {processor.py:157} INFO - Started process (PID=1699) to work on /home/airflow/.local/lib/python3.7/site-packages/airflow/example_dags/example_local_kubernetes_executor.py
[2023-09-01T19:47:07.119+0000] {processor.py:826} INFO - Processing file /home/airflow/.local/lib/python3.7/site-packages/airflow/example_dags/example_local_kubernetes_executor.py for tasks to queue
[2023-09-01T19:47:07.120+0000] {logging_mixin.py:150} INFO - [2023-09-01T19:47:07.120+0000] {dagbag.py:541} INFO - Filling up the DagBag from /home/airflow/.local/lib/python3.7/site-packages/airflow/example_dags/example_local_kubernetes_executor.py
[2023-09-01T19:47:07.341+0000] {processor.py:836} INFO - DAG(s) dict_keys(['example_local_kubernetes_executor']) retrieved from /home/airflow/.local/lib/python3.7/site-packages/airflow/example_dags/example_local_kubernetes_executor.py
[2023-09-01T19:47:07.379+0000] {logging_mixin.py:150} INFO - [2023-09-01T19:47:07.379+0000] {dag.py:2742} INFO - Sync 1 DAGs
[2023-09-01T19:47:07.405+0000] {logging_mixin.py:150} INFO - [2023-09-01T19:47:07.405+0000] {dag.py:3508} INFO - Setting next_dagrun for example_local_kubernetes_executor to None, run_after=None
[2023-09-01T19:47:07.427+0000] {processor.py:179} INFO - Processing /home/airflow/.local/lib/python3.7/site-packages/airflow/example_dags/example_local_kubernetes_executor.py took 0.312 seconds
[2023-09-01T19:47:37.508+0000] {processor.py:157} INFO - Started process (PID=1754) to work on /home/airflow/.local/lib/python3.7/site-packages/airflow/example_dags/example_local_kubernetes_executor.py
[2023-09-01T19:47:37.528+0000] {processor.py:826} INFO - Processing file /home/airflow/.local/lib/python3.7/site-packages/airflow/example_dags/example_local_kubernetes_executor.py for tasks to queue
[2023-09-01T19:47:37.528+0000] {logging_mixin.py:150} INFO - [2023-09-01T19:47:37.528+0000] {dagbag.py:541} INFO - Filling up the DagBag from /home/airflow/.local/lib/python3.7/site-packages/airflow/example_dags/example_local_kubernetes_executor.py
[2023-09-01T19:47:37.730+0000] {processor.py:836} INFO - DAG(s) dict_keys(['example_local_kubernetes_executor']) retrieved from /home/airflow/.local/lib/python3.7/site-packages/airflow/example_dags/example_local_kubernetes_executor.py
[2023-09-01T19:47:37.767+0000] {logging_mixin.py:150} INFO - [2023-09-01T19:47:37.767+0000] {dag.py:2742} INFO - Sync 1 DAGs
[2023-09-01T19:47:37.796+0000] {logging_mixin.py:150} INFO - [2023-09-01T19:47:37.795+0000] {dag.py:3508} INFO - Setting next_dagrun for example_local_kubernetes_executor to None, run_after=None
[2023-09-01T19:47:37.812+0000] {processor.py:179} INFO - Processing /home/airflow/.local/lib/python3.7/site-packages/airflow/example_dags/example_local_kubernetes_executor.py took 0.307 seconds
[2023-09-01T19:48:07.997+0000] {processor.py:157} INFO - Started process (PID=1809) to work on /home/airflow/.local/lib/python3.7/site-packages/airflow/example_dags/example_local_kubernetes_executor.py
[2023-09-01T19:48:07.997+0000] {processor.py:826} INFO - Processing file /home/airflow/.local/lib/python3.7/site-packages/airflow/example_dags/example_local_kubernetes_executor.py for tasks to queue
[2023-09-01T19:48:07.998+0000] {logging_mixin.py:150} INFO - [2023-09-01T19:48:07.998+0000] {dagbag.py:541} INFO - Filling up the DagBag from /home/airflow/.local/lib/python3.7/site-packages/airflow/example_dags/example_local_kubernetes_executor.py
[2023-09-01T19:48:08.171+0000] {processor.py:836} INFO - DAG(s) dict_keys(['example_local_kubernetes_executor']) retrieved from /home/airflow/.local/lib/python3.7/site-packages/airflow/example_dags/example_local_kubernetes_executor.py
[2023-09-01T19:48:08.218+0000] {logging_mixin.py:150} INFO - [2023-09-01T19:48:08.218+0000] {dag.py:2742} INFO - Sync 1 DAGs
[2023-09-01T19:48:08.240+0000] {logging_mixin.py:150} INFO - [2023-09-01T19:48:08.240+0000] {dag.py:3508} INFO - Setting next_dagrun for example_local_kubernetes_executor to None, run_after=None
[2023-09-01T19:48:08.259+0000] {processor.py:179} INFO - Processing /home/airflow/.local/lib/python3.7/site-packages/airflow/example_dags/example_local_kubernetes_executor.py took 0.265 seconds
[2023-09-01T19:48:38.929+0000] {processor.py:157} INFO - Started process (PID=1863) to work on /home/airflow/.local/lib/python3.7/site-packages/airflow/example_dags/example_local_kubernetes_executor.py
[2023-09-01T19:48:38.930+0000] {processor.py:826} INFO - Processing file /home/airflow/.local/lib/python3.7/site-packages/airflow/example_dags/example_local_kubernetes_executor.py for tasks to queue
[2023-09-01T19:48:38.930+0000] {logging_mixin.py:150} INFO - [2023-09-01T19:48:38.930+0000] {dagbag.py:541} INFO - Filling up the DagBag from /home/airflow/.local/lib/python3.7/site-packages/airflow/example_dags/example_local_kubernetes_executor.py
[2023-09-01T19:48:39.099+0000] {processor.py:836} INFO - DAG(s) dict_keys(['example_local_kubernetes_executor']) retrieved from /home/airflow/.local/lib/python3.7/site-packages/airflow/example_dags/example_local_kubernetes_executor.py
[2023-09-01T19:48:39.134+0000] {logging_mixin.py:150} INFO - [2023-09-01T19:48:39.133+0000] {dag.py:2742} INFO - Sync 1 DAGs
[2023-09-01T19:48:39.157+0000] {logging_mixin.py:150} INFO - [2023-09-01T19:48:39.157+0000] {dag.py:3508} INFO - Setting next_dagrun for example_local_kubernetes_executor to None, run_after=None
[2023-09-01T19:48:39.175+0000] {processor.py:179} INFO - Processing /home/airflow/.local/lib/python3.7/site-packages/airflow/example_dags/example_local_kubernetes_executor.py took 0.249 seconds
[2023-09-01T19:49:09.573+0000] {processor.py:157} INFO - Started process (PID=1918) to work on /home/airflow/.local/lib/python3.7/site-packages/airflow/example_dags/example_local_kubernetes_executor.py
[2023-09-01T19:49:09.574+0000] {processor.py:826} INFO - Processing file /home/airflow/.local/lib/python3.7/site-packages/airflow/example_dags/example_local_kubernetes_executor.py for tasks to queue
[2023-09-01T19:49:09.575+0000] {logging_mixin.py:150} INFO - [2023-09-01T19:49:09.574+0000] {dagbag.py:541} INFO - Filling up the DagBag from /home/airflow/.local/lib/python3.7/site-packages/airflow/example_dags/example_local_kubernetes_executor.py
[2023-09-01T19:49:09.829+0000] {processor.py:836} INFO - DAG(s) dict_keys(['example_local_kubernetes_executor']) retrieved from /home/airflow/.local/lib/python3.7/site-packages/airflow/example_dags/example_local_kubernetes_executor.py
[2023-09-01T19:49:09.859+0000] {logging_mixin.py:150} INFO - [2023-09-01T19:49:09.859+0000] {dag.py:2742} INFO - Sync 1 DAGs
[2023-09-01T19:49:09.880+0000] {logging_mixin.py:150} INFO - [2023-09-01T19:49:09.880+0000] {dag.py:3508} INFO - Setting next_dagrun for example_local_kubernetes_executor to None, run_after=None
[2023-09-01T19:49:09.898+0000] {processor.py:179} INFO - Processing /home/airflow/.local/lib/python3.7/site-packages/airflow/example_dags/example_local_kubernetes_executor.py took 0.332 seconds
[2023-09-01T19:49:40.181+0000] {processor.py:157} INFO - Started process (PID=1973) to work on /home/airflow/.local/lib/python3.7/site-packages/airflow/example_dags/example_local_kubernetes_executor.py
[2023-09-01T19:49:40.182+0000] {processor.py:826} INFO - Processing file /home/airflow/.local/lib/python3.7/site-packages/airflow/example_dags/example_local_kubernetes_executor.py for tasks to queue
[2023-09-01T19:49:40.182+0000] {logging_mixin.py:150} INFO - [2023-09-01T19:49:40.182+0000] {dagbag.py:541} INFO - Filling up the DagBag from /home/airflow/.local/lib/python3.7/site-packages/airflow/example_dags/example_local_kubernetes_executor.py
[2023-09-01T19:49:40.514+0000] {processor.py:836} INFO - DAG(s) dict_keys(['example_local_kubernetes_executor']) retrieved from /home/airflow/.local/lib/python3.7/site-packages/airflow/example_dags/example_local_kubernetes_executor.py
[2023-09-01T19:49:40.578+0000] {logging_mixin.py:150} INFO - [2023-09-01T19:49:40.578+0000] {dag.py:2742} INFO - Sync 1 DAGs
[2023-09-01T19:49:40.615+0000] {logging_mixin.py:150} INFO - [2023-09-01T19:49:40.615+0000] {dag.py:3508} INFO - Setting next_dagrun for example_local_kubernetes_executor to None, run_after=None
[2023-09-01T19:49:40.660+0000] {processor.py:179} INFO - Processing /home/airflow/.local/lib/python3.7/site-packages/airflow/example_dags/example_local_kubernetes_executor.py took 0.482 seconds
[2023-09-01T19:50:11.428+0000] {processor.py:157} INFO - Started process (PID=2029) to work on /home/airflow/.local/lib/python3.7/site-packages/airflow/example_dags/example_local_kubernetes_executor.py
[2023-09-01T19:50:11.430+0000] {processor.py:826} INFO - Processing file /home/airflow/.local/lib/python3.7/site-packages/airflow/example_dags/example_local_kubernetes_executor.py for tasks to queue
[2023-09-01T19:50:11.430+0000] {logging_mixin.py:150} INFO - [2023-09-01T19:50:11.430+0000] {dagbag.py:541} INFO - Filling up the DagBag from /home/airflow/.local/lib/python3.7/site-packages/airflow/example_dags/example_local_kubernetes_executor.py
[2023-09-01T19:50:11.717+0000] {processor.py:836} INFO - DAG(s) dict_keys(['example_local_kubernetes_executor']) retrieved from /home/airflow/.local/lib/python3.7/site-packages/airflow/example_dags/example_local_kubernetes_executor.py
[2023-09-01T19:50:11.781+0000] {logging_mixin.py:150} INFO - [2023-09-01T19:50:11.781+0000] {dag.py:2742} INFO - Sync 1 DAGs
[2023-09-01T19:50:11.821+0000] {logging_mixin.py:150} INFO - [2023-09-01T19:50:11.821+0000] {dag.py:3508} INFO - Setting next_dagrun for example_local_kubernetes_executor to None, run_after=None
[2023-09-01T19:50:11.856+0000] {processor.py:179} INFO - Processing /home/airflow/.local/lib/python3.7/site-packages/airflow/example_dags/example_local_kubernetes_executor.py took 0.432 seconds
[2023-09-01T19:50:42.716+0000] {processor.py:157} INFO - Started process (PID=2085) to work on /home/airflow/.local/lib/python3.7/site-packages/airflow/example_dags/example_local_kubernetes_executor.py
[2023-09-01T19:50:42.717+0000] {processor.py:826} INFO - Processing file /home/airflow/.local/lib/python3.7/site-packages/airflow/example_dags/example_local_kubernetes_executor.py for tasks to queue
[2023-09-01T19:50:42.718+0000] {logging_mixin.py:150} INFO - [2023-09-01T19:50:42.718+0000] {dagbag.py:541} INFO - Filling up the DagBag from /home/airflow/.local/lib/python3.7/site-packages/airflow/example_dags/example_local_kubernetes_executor.py
[2023-09-01T19:50:42.900+0000] {processor.py:836} INFO - DAG(s) dict_keys(['example_local_kubernetes_executor']) retrieved from /home/airflow/.local/lib/python3.7/site-packages/airflow/example_dags/example_local_kubernetes_executor.py
[2023-09-01T19:50:42.930+0000] {logging_mixin.py:150} INFO - [2023-09-01T19:50:42.930+0000] {dag.py:2742} INFO - Sync 1 DAGs
[2023-09-01T19:50:42.953+0000] {logging_mixin.py:150} INFO - [2023-09-01T19:50:42.953+0000] {dag.py:3508} INFO - Setting next_dagrun for example_local_kubernetes_executor to None, run_after=None
[2023-09-01T19:50:42.970+0000] {processor.py:179} INFO - Processing /home/airflow/.local/lib/python3.7/site-packages/airflow/example_dags/example_local_kubernetes_executor.py took 0.256 seconds
[2023-09-01T19:51:13.318+0000] {processor.py:157} INFO - Started process (PID=2139) to work on /home/airflow/.local/lib/python3.7/site-packages/airflow/example_dags/example_local_kubernetes_executor.py
[2023-09-01T19:51:13.327+0000] {processor.py:826} INFO - Processing file /home/airflow/.local/lib/python3.7/site-packages/airflow/example_dags/example_local_kubernetes_executor.py for tasks to queue
[2023-09-01T19:51:13.328+0000] {logging_mixin.py:150} INFO - [2023-09-01T19:51:13.328+0000] {dagbag.py:541} INFO - Filling up the DagBag from /home/airflow/.local/lib/python3.7/site-packages/airflow/example_dags/example_local_kubernetes_executor.py
[2023-09-01T19:51:13.701+0000] {processor.py:836} INFO - DAG(s) dict_keys(['example_local_kubernetes_executor']) retrieved from /home/airflow/.local/lib/python3.7/site-packages/airflow/example_dags/example_local_kubernetes_executor.py
[2023-09-01T19:51:13.767+0000] {logging_mixin.py:150} INFO - [2023-09-01T19:51:13.767+0000] {dag.py:2742} INFO - Sync 1 DAGs
[2023-09-01T19:51:13.817+0000] {logging_mixin.py:150} INFO - [2023-09-01T19:51:13.817+0000] {dag.py:3508} INFO - Setting next_dagrun for example_local_kubernetes_executor to None, run_after=None
[2023-09-01T19:51:13.849+0000] {processor.py:179} INFO - Processing /home/airflow/.local/lib/python3.7/site-packages/airflow/example_dags/example_local_kubernetes_executor.py took 0.540 seconds
[2023-09-01T19:51:44.604+0000] {processor.py:157} INFO - Started process (PID=2195) to work on /home/airflow/.local/lib/python3.7/site-packages/airflow/example_dags/example_local_kubernetes_executor.py
[2023-09-01T19:51:44.605+0000] {processor.py:826} INFO - Processing file /home/airflow/.local/lib/python3.7/site-packages/airflow/example_dags/example_local_kubernetes_executor.py for tasks to queue
[2023-09-01T19:51:44.605+0000] {logging_mixin.py:150} INFO - [2023-09-01T19:51:44.605+0000] {dagbag.py:541} INFO - Filling up the DagBag from /home/airflow/.local/lib/python3.7/site-packages/airflow/example_dags/example_local_kubernetes_executor.py
[2023-09-01T19:51:44.798+0000] {processor.py:836} INFO - DAG(s) dict_keys(['example_local_kubernetes_executor']) retrieved from /home/airflow/.local/lib/python3.7/site-packages/airflow/example_dags/example_local_kubernetes_executor.py
[2023-09-01T19:51:44.829+0000] {logging_mixin.py:150} INFO - [2023-09-01T19:51:44.829+0000] {dag.py:2742} INFO - Sync 1 DAGs
[2023-09-01T19:51:44.851+0000] {logging_mixin.py:150} INFO - [2023-09-01T19:51:44.851+0000] {dag.py:3508} INFO - Setting next_dagrun for example_local_kubernetes_executor to None, run_after=None
[2023-09-01T19:51:44.869+0000] {processor.py:179} INFO - Processing /home/airflow/.local/lib/python3.7/site-packages/airflow/example_dags/example_local_kubernetes_executor.py took 0.269 seconds
[2023-09-01T19:52:15.546+0000] {processor.py:157} INFO - Started process (PID=2249) to work on /home/airflow/.local/lib/python3.7/site-packages/airflow/example_dags/example_local_kubernetes_executor.py
[2023-09-01T19:52:15.549+0000] {processor.py:826} INFO - Processing file /home/airflow/.local/lib/python3.7/site-packages/airflow/example_dags/example_local_kubernetes_executor.py for tasks to queue
[2023-09-01T19:52:15.550+0000] {logging_mixin.py:150} INFO - [2023-09-01T19:52:15.550+0000] {dagbag.py:541} INFO - Filling up the DagBag from /home/airflow/.local/lib/python3.7/site-packages/airflow/example_dags/example_local_kubernetes_executor.py
[2023-09-01T19:52:16.001+0000] {processor.py:836} INFO - DAG(s) dict_keys(['example_local_kubernetes_executor']) retrieved from /home/airflow/.local/lib/python3.7/site-packages/airflow/example_dags/example_local_kubernetes_executor.py
[2023-09-01T19:52:16.060+0000] {logging_mixin.py:150} INFO - [2023-09-01T19:52:16.059+0000] {dag.py:2742} INFO - Sync 1 DAGs
[2023-09-01T19:52:16.119+0000] {logging_mixin.py:150} INFO - [2023-09-01T19:52:16.119+0000] {dag.py:3508} INFO - Setting next_dagrun for example_local_kubernetes_executor to None, run_after=None
[2023-09-01T19:52:16.145+0000] {processor.py:179} INFO - Processing /home/airflow/.local/lib/python3.7/site-packages/airflow/example_dags/example_local_kubernetes_executor.py took 0.604 seconds
[2023-09-01T19:52:46.625+0000] {processor.py:157} INFO - Started process (PID=2304) to work on /home/airflow/.local/lib/python3.7/site-packages/airflow/example_dags/example_local_kubernetes_executor.py
[2023-09-01T19:52:46.626+0000] {processor.py:826} INFO - Processing file /home/airflow/.local/lib/python3.7/site-packages/airflow/example_dags/example_local_kubernetes_executor.py for tasks to queue
[2023-09-01T19:52:46.627+0000] {logging_mixin.py:150} INFO - [2023-09-01T19:52:46.627+0000] {dagbag.py:541} INFO - Filling up the DagBag from /home/airflow/.local/lib/python3.7/site-packages/airflow/example_dags/example_local_kubernetes_executor.py
[2023-09-01T19:52:46.798+0000] {processor.py:836} INFO - DAG(s) dict_keys(['example_local_kubernetes_executor']) retrieved from /home/airflow/.local/lib/python3.7/site-packages/airflow/example_dags/example_local_kubernetes_executor.py
[2023-09-01T19:52:46.827+0000] {logging_mixin.py:150} INFO - [2023-09-01T19:52:46.827+0000] {dag.py:2742} INFO - Sync 1 DAGs
[2023-09-01T19:52:46.849+0000] {logging_mixin.py:150} INFO - [2023-09-01T19:52:46.849+0000] {dag.py:3508} INFO - Setting next_dagrun for example_local_kubernetes_executor to None, run_after=None
[2023-09-01T19:52:46.865+0000] {processor.py:179} INFO - Processing /home/airflow/.local/lib/python3.7/site-packages/airflow/example_dags/example_local_kubernetes_executor.py took 0.243 seconds
[2023-09-01T19:53:17.035+0000] {processor.py:157} INFO - Started process (PID=2359) to work on /home/airflow/.local/lib/python3.7/site-packages/airflow/example_dags/example_local_kubernetes_executor.py
[2023-09-01T19:53:17.037+0000] {processor.py:826} INFO - Processing file /home/airflow/.local/lib/python3.7/site-packages/airflow/example_dags/example_local_kubernetes_executor.py for tasks to queue
[2023-09-01T19:53:17.042+0000] {logging_mixin.py:150} INFO - [2023-09-01T19:53:17.040+0000] {dagbag.py:541} INFO - Filling up the DagBag from /home/airflow/.local/lib/python3.7/site-packages/airflow/example_dags/example_local_kubernetes_executor.py
[2023-09-01T19:53:17.205+0000] {processor.py:836} INFO - DAG(s) dict_keys(['example_local_kubernetes_executor']) retrieved from /home/airflow/.local/lib/python3.7/site-packages/airflow/example_dags/example_local_kubernetes_executor.py
[2023-09-01T19:53:17.235+0000] {logging_mixin.py:150} INFO - [2023-09-01T19:53:17.235+0000] {dag.py:2742} INFO - Sync 1 DAGs
[2023-09-01T19:53:17.256+0000] {logging_mixin.py:150} INFO - [2023-09-01T19:53:17.256+0000] {dag.py:3508} INFO - Setting next_dagrun for example_local_kubernetes_executor to None, run_after=None
[2023-09-01T19:53:17.273+0000] {processor.py:179} INFO - Processing /home/airflow/.local/lib/python3.7/site-packages/airflow/example_dags/example_local_kubernetes_executor.py took 0.241 seconds
[2023-09-01T19:53:47.477+0000] {processor.py:157} INFO - Started process (PID=2414) to work on /home/airflow/.local/lib/python3.7/site-packages/airflow/example_dags/example_local_kubernetes_executor.py
[2023-09-01T19:53:47.492+0000] {processor.py:826} INFO - Processing file /home/airflow/.local/lib/python3.7/site-packages/airflow/example_dags/example_local_kubernetes_executor.py for tasks to queue
[2023-09-01T19:53:47.494+0000] {logging_mixin.py:150} INFO - [2023-09-01T19:53:47.493+0000] {dagbag.py:541} INFO - Filling up the DagBag from /home/airflow/.local/lib/python3.7/site-packages/airflow/example_dags/example_local_kubernetes_executor.py
[2023-09-01T19:53:47.825+0000] {processor.py:836} INFO - DAG(s) dict_keys(['example_local_kubernetes_executor']) retrieved from /home/airflow/.local/lib/python3.7/site-packages/airflow/example_dags/example_local_kubernetes_executor.py
[2023-09-01T19:53:47.904+0000] {logging_mixin.py:150} INFO - [2023-09-01T19:53:47.903+0000] {dag.py:2742} INFO - Sync 1 DAGs
[2023-09-01T19:53:47.930+0000] {logging_mixin.py:150} INFO - [2023-09-01T19:53:47.930+0000] {dag.py:3508} INFO - Setting next_dagrun for example_local_kubernetes_executor to None, run_after=None
[2023-09-01T19:53:47.948+0000] {processor.py:179} INFO - Processing /home/airflow/.local/lib/python3.7/site-packages/airflow/example_dags/example_local_kubernetes_executor.py took 0.478 seconds
[2023-09-01T19:54:18.738+0000] {processor.py:157} INFO - Started process (PID=2469) to work on /home/airflow/.local/lib/python3.7/site-packages/airflow/example_dags/example_local_kubernetes_executor.py
[2023-09-01T19:54:18.742+0000] {processor.py:826} INFO - Processing file /home/airflow/.local/lib/python3.7/site-packages/airflow/example_dags/example_local_kubernetes_executor.py for tasks to queue
[2023-09-01T19:54:18.743+0000] {logging_mixin.py:150} INFO - [2023-09-01T19:54:18.743+0000] {dagbag.py:541} INFO - Filling up the DagBag from /home/airflow/.local/lib/python3.7/site-packages/airflow/example_dags/example_local_kubernetes_executor.py
[2023-09-01T19:54:19.098+0000] {processor.py:836} INFO - DAG(s) dict_keys(['example_local_kubernetes_executor']) retrieved from /home/airflow/.local/lib/python3.7/site-packages/airflow/example_dags/example_local_kubernetes_executor.py
[2023-09-01T19:54:19.158+0000] {logging_mixin.py:150} INFO - [2023-09-01T19:54:19.158+0000] {dag.py:2742} INFO - Sync 1 DAGs
[2023-09-01T19:54:19.199+0000] {logging_mixin.py:150} INFO - [2023-09-01T19:54:19.199+0000] {dag.py:3508} INFO - Setting next_dagrun for example_local_kubernetes_executor to None, run_after=None
[2023-09-01T19:54:19.238+0000] {processor.py:179} INFO - Processing /home/airflow/.local/lib/python3.7/site-packages/airflow/example_dags/example_local_kubernetes_executor.py took 0.503 seconds
[2023-09-01T19:54:50.141+0000] {processor.py:157} INFO - Started process (PID=2525) to work on /home/airflow/.local/lib/python3.7/site-packages/airflow/example_dags/example_local_kubernetes_executor.py
[2023-09-01T19:54:50.142+0000] {processor.py:826} INFO - Processing file /home/airflow/.local/lib/python3.7/site-packages/airflow/example_dags/example_local_kubernetes_executor.py for tasks to queue
[2023-09-01T19:54:50.142+0000] {logging_mixin.py:150} INFO - [2023-09-01T19:54:50.142+0000] {dagbag.py:541} INFO - Filling up the DagBag from /home/airflow/.local/lib/python3.7/site-packages/airflow/example_dags/example_local_kubernetes_executor.py
[2023-09-01T19:54:50.321+0000] {processor.py:836} INFO - DAG(s) dict_keys(['example_local_kubernetes_executor']) retrieved from /home/airflow/.local/lib/python3.7/site-packages/airflow/example_dags/example_local_kubernetes_executor.py
[2023-09-01T19:54:50.356+0000] {logging_mixin.py:150} INFO - [2023-09-01T19:54:50.356+0000] {dag.py:2742} INFO - Sync 1 DAGs
[2023-09-01T19:54:50.377+0000] {logging_mixin.py:150} INFO - [2023-09-01T19:54:50.377+0000] {dag.py:3508} INFO - Setting next_dagrun for example_local_kubernetes_executor to None, run_after=None
[2023-09-01T19:54:50.399+0000] {processor.py:179} INFO - Processing /home/airflow/.local/lib/python3.7/site-packages/airflow/example_dags/example_local_kubernetes_executor.py took 0.261 seconds
