[2023-09-01T19:31:46.160+0000] {processor.py:157} INFO - Started process (PID=34) to work on /home/airflow/.local/lib/python3.7/site-packages/airflow/example_dags/example_branch_labels.py
[2023-09-01T19:31:46.161+0000] {processor.py:826} INFO - Processing file /home/airflow/.local/lib/python3.7/site-packages/airflow/example_dags/example_branch_labels.py for tasks to queue
[2023-09-01T19:31:46.162+0000] {logging_mixin.py:150} INFO - [2023-09-01T19:31:46.161+0000] {dagbag.py:541} INFO - Filling up the DagBag from /home/airflow/.local/lib/python3.7/site-packages/airflow/example_dags/example_branch_labels.py
[2023-09-01T19:31:46.192+0000] {processor.py:836} INFO - DAG(s) dict_keys(['example_branch_labels']) retrieved from /home/airflow/.local/lib/python3.7/site-packages/airflow/example_dags/example_branch_labels.py
[2023-09-01T19:31:46.281+0000] {logging_mixin.py:150} INFO - [2023-09-01T19:31:46.281+0000] {dag.py:2742} INFO - Sync 1 DAGs
[2023-09-01T19:31:46.950+0000] {logging_mixin.py:150} INFO - [2023-09-01T19:31:46.949+0000] {dag.py:3508} INFO - Setting next_dagrun for example_branch_labels to 2023-08-31T00:00:00+00:00, run_after=2023-09-01T00:00:00+00:00
[2023-09-01T19:31:47.051+0000] {processor.py:179} INFO - Processing /home/airflow/.local/lib/python3.7/site-packages/airflow/example_dags/example_branch_labels.py took 0.902 seconds
[2023-09-01T19:32:18.106+0000] {processor.py:157} INFO - Started process (PID=90) to work on /home/airflow/.local/lib/python3.7/site-packages/airflow/example_dags/example_branch_labels.py
[2023-09-01T19:32:18.117+0000] {processor.py:826} INFO - Processing file /home/airflow/.local/lib/python3.7/site-packages/airflow/example_dags/example_branch_labels.py for tasks to queue
[2023-09-01T19:32:18.118+0000] {logging_mixin.py:150} INFO - [2023-09-01T19:32:18.118+0000] {dagbag.py:541} INFO - Filling up the DagBag from /home/airflow/.local/lib/python3.7/site-packages/airflow/example_dags/example_branch_labels.py
[2023-09-01T19:32:18.196+0000] {processor.py:836} INFO - DAG(s) dict_keys(['example_branch_labels']) retrieved from /home/airflow/.local/lib/python3.7/site-packages/airflow/example_dags/example_branch_labels.py
[2023-09-01T19:32:18.471+0000] {logging_mixin.py:150} INFO - [2023-09-01T19:32:18.470+0000] {dag.py:2742} INFO - Sync 1 DAGs
[2023-09-01T19:32:18.566+0000] {logging_mixin.py:150} INFO - [2023-09-01T19:32:18.566+0000] {dag.py:3508} INFO - Setting next_dagrun for example_branch_labels to 2023-08-31T00:00:00+00:00, run_after=2023-09-01T00:00:00+00:00
[2023-09-01T19:32:18.585+0000] {processor.py:179} INFO - Processing /home/airflow/.local/lib/python3.7/site-packages/airflow/example_dags/example_branch_labels.py took 0.504 seconds
[2023-09-01T19:32:49.098+0000] {processor.py:157} INFO - Started process (PID=145) to work on /home/airflow/.local/lib/python3.7/site-packages/airflow/example_dags/example_branch_labels.py
[2023-09-01T19:32:49.105+0000] {processor.py:826} INFO - Processing file /home/airflow/.local/lib/python3.7/site-packages/airflow/example_dags/example_branch_labels.py for tasks to queue
[2023-09-01T19:32:49.105+0000] {logging_mixin.py:150} INFO - [2023-09-01T19:32:49.105+0000] {dagbag.py:541} INFO - Filling up the DagBag from /home/airflow/.local/lib/python3.7/site-packages/airflow/example_dags/example_branch_labels.py
[2023-09-01T19:32:49.118+0000] {processor.py:836} INFO - DAG(s) dict_keys(['example_branch_labels']) retrieved from /home/airflow/.local/lib/python3.7/site-packages/airflow/example_dags/example_branch_labels.py
[2023-09-01T19:32:49.164+0000] {logging_mixin.py:150} INFO - [2023-09-01T19:32:49.163+0000] {dag.py:2742} INFO - Sync 1 DAGs
[2023-09-01T19:32:49.219+0000] {logging_mixin.py:150} INFO - [2023-09-01T19:32:49.219+0000] {dag.py:3508} INFO - Setting next_dagrun for example_branch_labels to 2023-08-31T00:00:00+00:00, run_after=2023-09-01T00:00:00+00:00
[2023-09-01T19:32:49.257+0000] {processor.py:179} INFO - Processing /home/airflow/.local/lib/python3.7/site-packages/airflow/example_dags/example_branch_labels.py took 0.162 seconds
[2023-09-01T19:33:19.810+0000] {processor.py:157} INFO - Started process (PID=199) to work on /home/airflow/.local/lib/python3.7/site-packages/airflow/example_dags/example_branch_labels.py
[2023-09-01T19:33:19.811+0000] {processor.py:826} INFO - Processing file /home/airflow/.local/lib/python3.7/site-packages/airflow/example_dags/example_branch_labels.py for tasks to queue
[2023-09-01T19:33:19.812+0000] {logging_mixin.py:150} INFO - [2023-09-01T19:33:19.812+0000] {dagbag.py:541} INFO - Filling up the DagBag from /home/airflow/.local/lib/python3.7/site-packages/airflow/example_dags/example_branch_labels.py
[2023-09-01T19:33:19.818+0000] {processor.py:836} INFO - DAG(s) dict_keys(['example_branch_labels']) retrieved from /home/airflow/.local/lib/python3.7/site-packages/airflow/example_dags/example_branch_labels.py
[2023-09-01T19:33:19.842+0000] {logging_mixin.py:150} INFO - [2023-09-01T19:33:19.842+0000] {dag.py:2742} INFO - Sync 1 DAGs
[2023-09-01T19:33:19.865+0000] {logging_mixin.py:150} INFO - [2023-09-01T19:33:19.865+0000] {dag.py:3508} INFO - Setting next_dagrun for example_branch_labels to 2023-08-31T00:00:00+00:00, run_after=2023-09-01T00:00:00+00:00
[2023-09-01T19:33:19.933+0000] {processor.py:179} INFO - Processing /home/airflow/.local/lib/python3.7/site-packages/airflow/example_dags/example_branch_labels.py took 0.126 seconds
[2023-09-01T19:33:50.051+0000] {processor.py:157} INFO - Started process (PID=254) to work on /home/airflow/.local/lib/python3.7/site-packages/airflow/example_dags/example_branch_labels.py
[2023-09-01T19:33:50.052+0000] {processor.py:826} INFO - Processing file /home/airflow/.local/lib/python3.7/site-packages/airflow/example_dags/example_branch_labels.py for tasks to queue
[2023-09-01T19:33:50.053+0000] {logging_mixin.py:150} INFO - [2023-09-01T19:33:50.053+0000] {dagbag.py:541} INFO - Filling up the DagBag from /home/airflow/.local/lib/python3.7/site-packages/airflow/example_dags/example_branch_labels.py
[2023-09-01T19:33:50.060+0000] {processor.py:836} INFO - DAG(s) dict_keys(['example_branch_labels']) retrieved from /home/airflow/.local/lib/python3.7/site-packages/airflow/example_dags/example_branch_labels.py
[2023-09-01T19:33:50.084+0000] {logging_mixin.py:150} INFO - [2023-09-01T19:33:50.084+0000] {dag.py:2742} INFO - Sync 1 DAGs
[2023-09-01T19:33:50.106+0000] {logging_mixin.py:150} INFO - [2023-09-01T19:33:50.105+0000] {dag.py:3508} INFO - Setting next_dagrun for example_branch_labels to 2023-08-31T00:00:00+00:00, run_after=2023-09-01T00:00:00+00:00
[2023-09-01T19:33:50.121+0000] {processor.py:179} INFO - Processing /home/airflow/.local/lib/python3.7/site-packages/airflow/example_dags/example_branch_labels.py took 0.073 seconds
[2023-09-01T19:34:20.604+0000] {processor.py:157} INFO - Started process (PID=309) to work on /home/airflow/.local/lib/python3.7/site-packages/airflow/example_dags/example_branch_labels.py
[2023-09-01T19:34:20.616+0000] {processor.py:826} INFO - Processing file /home/airflow/.local/lib/python3.7/site-packages/airflow/example_dags/example_branch_labels.py for tasks to queue
[2023-09-01T19:34:20.617+0000] {logging_mixin.py:150} INFO - [2023-09-01T19:34:20.616+0000] {dagbag.py:541} INFO - Filling up the DagBag from /home/airflow/.local/lib/python3.7/site-packages/airflow/example_dags/example_branch_labels.py
[2023-09-01T19:34:20.624+0000] {processor.py:836} INFO - DAG(s) dict_keys(['example_branch_labels']) retrieved from /home/airflow/.local/lib/python3.7/site-packages/airflow/example_dags/example_branch_labels.py
[2023-09-01T19:34:20.671+0000] {logging_mixin.py:150} INFO - [2023-09-01T19:34:20.670+0000] {dag.py:2742} INFO - Sync 1 DAGs
[2023-09-01T19:34:20.725+0000] {logging_mixin.py:150} INFO - [2023-09-01T19:34:20.724+0000] {dag.py:3508} INFO - Setting next_dagrun for example_branch_labels to 2023-08-31T00:00:00+00:00, run_after=2023-09-01T00:00:00+00:00
[2023-09-01T19:34:20.742+0000] {processor.py:179} INFO - Processing /home/airflow/.local/lib/python3.7/site-packages/airflow/example_dags/example_branch_labels.py took 0.142 seconds
[2023-09-01T19:34:50.805+0000] {processor.py:157} INFO - Started process (PID=364) to work on /home/airflow/.local/lib/python3.7/site-packages/airflow/example_dags/example_branch_labels.py
[2023-09-01T19:34:50.806+0000] {processor.py:826} INFO - Processing file /home/airflow/.local/lib/python3.7/site-packages/airflow/example_dags/example_branch_labels.py for tasks to queue
[2023-09-01T19:34:50.806+0000] {logging_mixin.py:150} INFO - [2023-09-01T19:34:50.806+0000] {dagbag.py:541} INFO - Filling up the DagBag from /home/airflow/.local/lib/python3.7/site-packages/airflow/example_dags/example_branch_labels.py
[2023-09-01T19:34:50.818+0000] {processor.py:836} INFO - DAG(s) dict_keys(['example_branch_labels']) retrieved from /home/airflow/.local/lib/python3.7/site-packages/airflow/example_dags/example_branch_labels.py
[2023-09-01T19:34:50.853+0000] {logging_mixin.py:150} INFO - [2023-09-01T19:34:50.853+0000] {dag.py:2742} INFO - Sync 1 DAGs
[2023-09-01T19:34:50.885+0000] {logging_mixin.py:150} INFO - [2023-09-01T19:34:50.885+0000] {dag.py:3508} INFO - Setting next_dagrun for example_branch_labels to 2023-08-31T00:00:00+00:00, run_after=2023-09-01T00:00:00+00:00
[2023-09-01T19:34:50.907+0000] {processor.py:179} INFO - Processing /home/airflow/.local/lib/python3.7/site-packages/airflow/example_dags/example_branch_labels.py took 0.105 seconds
[2023-09-01T19:35:21.185+0000] {processor.py:157} INFO - Started process (PID=419) to work on /home/airflow/.local/lib/python3.7/site-packages/airflow/example_dags/example_branch_labels.py
[2023-09-01T19:35:21.186+0000] {processor.py:826} INFO - Processing file /home/airflow/.local/lib/python3.7/site-packages/airflow/example_dags/example_branch_labels.py for tasks to queue
[2023-09-01T19:35:21.186+0000] {logging_mixin.py:150} INFO - [2023-09-01T19:35:21.186+0000] {dagbag.py:541} INFO - Filling up the DagBag from /home/airflow/.local/lib/python3.7/site-packages/airflow/example_dags/example_branch_labels.py
[2023-09-01T19:35:21.193+0000] {processor.py:836} INFO - DAG(s) dict_keys(['example_branch_labels']) retrieved from /home/airflow/.local/lib/python3.7/site-packages/airflow/example_dags/example_branch_labels.py
[2023-09-01T19:35:21.218+0000] {logging_mixin.py:150} INFO - [2023-09-01T19:35:21.218+0000] {dag.py:2742} INFO - Sync 1 DAGs
[2023-09-01T19:35:21.239+0000] {logging_mixin.py:150} INFO - [2023-09-01T19:35:21.239+0000] {dag.py:3508} INFO - Setting next_dagrun for example_branch_labels to 2023-08-31T00:00:00+00:00, run_after=2023-09-01T00:00:00+00:00
[2023-09-01T19:35:21.255+0000] {processor.py:179} INFO - Processing /home/airflow/.local/lib/python3.7/site-packages/airflow/example_dags/example_branch_labels.py took 0.074 seconds
[2023-09-01T19:35:51.353+0000] {processor.py:157} INFO - Started process (PID=474) to work on /home/airflow/.local/lib/python3.7/site-packages/airflow/example_dags/example_branch_labels.py
[2023-09-01T19:35:51.353+0000] {processor.py:826} INFO - Processing file /home/airflow/.local/lib/python3.7/site-packages/airflow/example_dags/example_branch_labels.py for tasks to queue
[2023-09-01T19:35:51.354+0000] {logging_mixin.py:150} INFO - [2023-09-01T19:35:51.354+0000] {dagbag.py:541} INFO - Filling up the DagBag from /home/airflow/.local/lib/python3.7/site-packages/airflow/example_dags/example_branch_labels.py
[2023-09-01T19:35:51.361+0000] {processor.py:836} INFO - DAG(s) dict_keys(['example_branch_labels']) retrieved from /home/airflow/.local/lib/python3.7/site-packages/airflow/example_dags/example_branch_labels.py
[2023-09-01T19:35:51.386+0000] {logging_mixin.py:150} INFO - [2023-09-01T19:35:51.386+0000] {dag.py:2742} INFO - Sync 1 DAGs
[2023-09-01T19:35:51.409+0000] {logging_mixin.py:150} INFO - [2023-09-01T19:35:51.409+0000] {dag.py:3508} INFO - Setting next_dagrun for example_branch_labels to 2023-08-31T00:00:00+00:00, run_after=2023-09-01T00:00:00+00:00
[2023-09-01T19:35:51.425+0000] {processor.py:179} INFO - Processing /home/airflow/.local/lib/python3.7/site-packages/airflow/example_dags/example_branch_labels.py took 0.076 seconds
[2023-09-01T19:36:21.668+0000] {processor.py:157} INFO - Started process (PID=529) to work on /home/airflow/.local/lib/python3.7/site-packages/airflow/example_dags/example_branch_labels.py
[2023-09-01T19:36:21.674+0000] {processor.py:826} INFO - Processing file /home/airflow/.local/lib/python3.7/site-packages/airflow/example_dags/example_branch_labels.py for tasks to queue
[2023-09-01T19:36:21.675+0000] {logging_mixin.py:150} INFO - [2023-09-01T19:36:21.675+0000] {dagbag.py:541} INFO - Filling up the DagBag from /home/airflow/.local/lib/python3.7/site-packages/airflow/example_dags/example_branch_labels.py
[2023-09-01T19:36:21.693+0000] {processor.py:836} INFO - DAG(s) dict_keys(['example_branch_labels']) retrieved from /home/airflow/.local/lib/python3.7/site-packages/airflow/example_dags/example_branch_labels.py
[2023-09-01T19:36:21.822+0000] {logging_mixin.py:150} INFO - [2023-09-01T19:36:21.822+0000] {dag.py:2742} INFO - Sync 1 DAGs
[2023-09-01T19:36:21.852+0000] {logging_mixin.py:150} INFO - [2023-09-01T19:36:21.852+0000] {dag.py:3508} INFO - Setting next_dagrun for example_branch_labels to 2023-08-31T00:00:00+00:00, run_after=2023-09-01T00:00:00+00:00
[2023-09-01T19:36:21.892+0000] {processor.py:179} INFO - Processing /home/airflow/.local/lib/python3.7/site-packages/airflow/example_dags/example_branch_labels.py took 0.240 seconds
[2023-09-01T19:36:52.791+0000] {processor.py:157} INFO - Started process (PID=584) to work on /home/airflow/.local/lib/python3.7/site-packages/airflow/example_dags/example_branch_labels.py
[2023-09-01T19:36:52.792+0000] {processor.py:826} INFO - Processing file /home/airflow/.local/lib/python3.7/site-packages/airflow/example_dags/example_branch_labels.py for tasks to queue
[2023-09-01T19:36:52.792+0000] {logging_mixin.py:150} INFO - [2023-09-01T19:36:52.792+0000] {dagbag.py:541} INFO - Filling up the DagBag from /home/airflow/.local/lib/python3.7/site-packages/airflow/example_dags/example_branch_labels.py
[2023-09-01T19:36:52.799+0000] {processor.py:836} INFO - DAG(s) dict_keys(['example_branch_labels']) retrieved from /home/airflow/.local/lib/python3.7/site-packages/airflow/example_dags/example_branch_labels.py
[2023-09-01T19:36:52.825+0000] {logging_mixin.py:150} INFO - [2023-09-01T19:36:52.825+0000] {dag.py:2742} INFO - Sync 1 DAGs
[2023-09-01T19:36:52.857+0000] {logging_mixin.py:150} INFO - [2023-09-01T19:36:52.857+0000] {dag.py:3508} INFO - Setting next_dagrun for example_branch_labels to 2023-08-31T00:00:00+00:00, run_after=2023-09-01T00:00:00+00:00
[2023-09-01T19:36:52.876+0000] {processor.py:179} INFO - Processing /home/airflow/.local/lib/python3.7/site-packages/airflow/example_dags/example_branch_labels.py took 0.087 seconds
[2023-09-01T19:37:22.919+0000] {processor.py:157} INFO - Started process (PID=639) to work on /home/airflow/.local/lib/python3.7/site-packages/airflow/example_dags/example_branch_labels.py
[2023-09-01T19:37:22.924+0000] {processor.py:826} INFO - Processing file /home/airflow/.local/lib/python3.7/site-packages/airflow/example_dags/example_branch_labels.py for tasks to queue
[2023-09-01T19:37:22.924+0000] {logging_mixin.py:150} INFO - [2023-09-01T19:37:22.924+0000] {dagbag.py:541} INFO - Filling up the DagBag from /home/airflow/.local/lib/python3.7/site-packages/airflow/example_dags/example_branch_labels.py
[2023-09-01T19:37:22.942+0000] {processor.py:836} INFO - DAG(s) dict_keys(['example_branch_labels']) retrieved from /home/airflow/.local/lib/python3.7/site-packages/airflow/example_dags/example_branch_labels.py
[2023-09-01T19:37:23.032+0000] {logging_mixin.py:150} INFO - [2023-09-01T19:37:23.032+0000] {dag.py:2742} INFO - Sync 1 DAGs
[2023-09-01T19:37:23.093+0000] {logging_mixin.py:150} INFO - [2023-09-01T19:37:23.093+0000] {dag.py:3508} INFO - Setting next_dagrun for example_branch_labels to 2023-08-31T00:00:00+00:00, run_after=2023-09-01T00:00:00+00:00
[2023-09-01T19:37:23.161+0000] {processor.py:179} INFO - Processing /home/airflow/.local/lib/python3.7/site-packages/airflow/example_dags/example_branch_labels.py took 0.246 seconds
[2023-09-01T19:37:53.474+0000] {processor.py:157} INFO - Started process (PID=694) to work on /home/airflow/.local/lib/python3.7/site-packages/airflow/example_dags/example_branch_labels.py
[2023-09-01T19:37:53.489+0000] {processor.py:826} INFO - Processing file /home/airflow/.local/lib/python3.7/site-packages/airflow/example_dags/example_branch_labels.py for tasks to queue
[2023-09-01T19:37:53.503+0000] {logging_mixin.py:150} INFO - [2023-09-01T19:37:53.496+0000] {dagbag.py:541} INFO - Filling up the DagBag from /home/airflow/.local/lib/python3.7/site-packages/airflow/example_dags/example_branch_labels.py
[2023-09-01T19:37:53.538+0000] {processor.py:836} INFO - DAG(s) dict_keys(['example_branch_labels']) retrieved from /home/airflow/.local/lib/python3.7/site-packages/airflow/example_dags/example_branch_labels.py
[2023-09-01T19:37:53.636+0000] {logging_mixin.py:150} INFO - [2023-09-01T19:37:53.636+0000] {dag.py:2742} INFO - Sync 1 DAGs
[2023-09-01T19:37:53.840+0000] {logging_mixin.py:150} INFO - [2023-09-01T19:37:53.840+0000] {dag.py:3508} INFO - Setting next_dagrun for example_branch_labels to 2023-08-31T00:00:00+00:00, run_after=2023-09-01T00:00:00+00:00
[2023-09-01T19:37:53.958+0000] {processor.py:179} INFO - Processing /home/airflow/.local/lib/python3.7/site-packages/airflow/example_dags/example_branch_labels.py took 0.491 seconds
[2023-09-01T19:38:24.697+0000] {processor.py:157} INFO - Started process (PID=749) to work on /home/airflow/.local/lib/python3.7/site-packages/airflow/example_dags/example_branch_labels.py
[2023-09-01T19:38:24.699+0000] {processor.py:826} INFO - Processing file /home/airflow/.local/lib/python3.7/site-packages/airflow/example_dags/example_branch_labels.py for tasks to queue
[2023-09-01T19:38:24.699+0000] {logging_mixin.py:150} INFO - [2023-09-01T19:38:24.699+0000] {dagbag.py:541} INFO - Filling up the DagBag from /home/airflow/.local/lib/python3.7/site-packages/airflow/example_dags/example_branch_labels.py
[2023-09-01T19:38:24.707+0000] {processor.py:836} INFO - DAG(s) dict_keys(['example_branch_labels']) retrieved from /home/airflow/.local/lib/python3.7/site-packages/airflow/example_dags/example_branch_labels.py
[2023-09-01T19:38:24.730+0000] {logging_mixin.py:150} INFO - [2023-09-01T19:38:24.730+0000] {dag.py:2742} INFO - Sync 1 DAGs
[2023-09-01T19:38:24.752+0000] {logging_mixin.py:150} INFO - [2023-09-01T19:38:24.752+0000] {dag.py:3508} INFO - Setting next_dagrun for example_branch_labels to 2023-08-31T00:00:00+00:00, run_after=2023-09-01T00:00:00+00:00
[2023-09-01T19:38:24.768+0000] {processor.py:179} INFO - Processing /home/airflow/.local/lib/python3.7/site-packages/airflow/example_dags/example_branch_labels.py took 0.076 seconds
[2023-09-01T19:38:54.899+0000] {processor.py:157} INFO - Started process (PID=804) to work on /home/airflow/.local/lib/python3.7/site-packages/airflow/example_dags/example_branch_labels.py
[2023-09-01T19:38:54.900+0000] {processor.py:826} INFO - Processing file /home/airflow/.local/lib/python3.7/site-packages/airflow/example_dags/example_branch_labels.py for tasks to queue
[2023-09-01T19:38:54.901+0000] {logging_mixin.py:150} INFO - [2023-09-01T19:38:54.901+0000] {dagbag.py:541} INFO - Filling up the DagBag from /home/airflow/.local/lib/python3.7/site-packages/airflow/example_dags/example_branch_labels.py
[2023-09-01T19:38:54.908+0000] {processor.py:836} INFO - DAG(s) dict_keys(['example_branch_labels']) retrieved from /home/airflow/.local/lib/python3.7/site-packages/airflow/example_dags/example_branch_labels.py
[2023-09-01T19:38:54.950+0000] {logging_mixin.py:150} INFO - [2023-09-01T19:38:54.950+0000] {dag.py:2742} INFO - Sync 1 DAGs
[2023-09-01T19:38:54.975+0000] {logging_mixin.py:150} INFO - [2023-09-01T19:38:54.975+0000] {dag.py:3508} INFO - Setting next_dagrun for example_branch_labels to 2023-08-31T00:00:00+00:00, run_after=2023-09-01T00:00:00+00:00
[2023-09-01T19:38:55.000+0000] {processor.py:179} INFO - Processing /home/airflow/.local/lib/python3.7/site-packages/airflow/example_dags/example_branch_labels.py took 0.103 seconds
[2023-09-01T19:39:25.274+0000] {processor.py:157} INFO - Started process (PID=858) to work on /home/airflow/.local/lib/python3.7/site-packages/airflow/example_dags/example_branch_labels.py
[2023-09-01T19:39:25.276+0000] {processor.py:826} INFO - Processing file /home/airflow/.local/lib/python3.7/site-packages/airflow/example_dags/example_branch_labels.py for tasks to queue
[2023-09-01T19:39:25.277+0000] {logging_mixin.py:150} INFO - [2023-09-01T19:39:25.276+0000] {dagbag.py:541} INFO - Filling up the DagBag from /home/airflow/.local/lib/python3.7/site-packages/airflow/example_dags/example_branch_labels.py
[2023-09-01T19:39:25.285+0000] {processor.py:836} INFO - DAG(s) dict_keys(['example_branch_labels']) retrieved from /home/airflow/.local/lib/python3.7/site-packages/airflow/example_dags/example_branch_labels.py
[2023-09-01T19:39:25.312+0000] {logging_mixin.py:150} INFO - [2023-09-01T19:39:25.312+0000] {dag.py:2742} INFO - Sync 1 DAGs
[2023-09-01T19:39:25.363+0000] {logging_mixin.py:150} INFO - [2023-09-01T19:39:25.358+0000] {dag.py:3508} INFO - Setting next_dagrun for example_branch_labels to 2023-08-31T00:00:00+00:00, run_after=2023-09-01T00:00:00+00:00
[2023-09-01T19:39:25.389+0000] {processor.py:179} INFO - Processing /home/airflow/.local/lib/python3.7/site-packages/airflow/example_dags/example_branch_labels.py took 0.118 seconds
[2023-09-01T19:39:55.571+0000] {processor.py:157} INFO - Started process (PID=913) to work on /home/airflow/.local/lib/python3.7/site-packages/airflow/example_dags/example_branch_labels.py
[2023-09-01T19:39:55.572+0000] {processor.py:826} INFO - Processing file /home/airflow/.local/lib/python3.7/site-packages/airflow/example_dags/example_branch_labels.py for tasks to queue
[2023-09-01T19:39:55.573+0000] {logging_mixin.py:150} INFO - [2023-09-01T19:39:55.572+0000] {dagbag.py:541} INFO - Filling up the DagBag from /home/airflow/.local/lib/python3.7/site-packages/airflow/example_dags/example_branch_labels.py
[2023-09-01T19:39:55.579+0000] {processor.py:836} INFO - DAG(s) dict_keys(['example_branch_labels']) retrieved from /home/airflow/.local/lib/python3.7/site-packages/airflow/example_dags/example_branch_labels.py
[2023-09-01T19:39:55.604+0000] {logging_mixin.py:150} INFO - [2023-09-01T19:39:55.604+0000] {dag.py:2742} INFO - Sync 1 DAGs
[2023-09-01T19:39:55.647+0000] {logging_mixin.py:150} INFO - [2023-09-01T19:39:55.647+0000] {dag.py:3508} INFO - Setting next_dagrun for example_branch_labels to 2023-08-31T00:00:00+00:00, run_after=2023-09-01T00:00:00+00:00
[2023-09-01T19:39:55.663+0000] {processor.py:179} INFO - Processing /home/airflow/.local/lib/python3.7/site-packages/airflow/example_dags/example_branch_labels.py took 0.095 seconds
[2023-09-01T19:40:26.106+0000] {processor.py:157} INFO - Started process (PID=968) to work on /home/airflow/.local/lib/python3.7/site-packages/airflow/example_dags/example_branch_labels.py
[2023-09-01T19:40:26.108+0000] {processor.py:826} INFO - Processing file /home/airflow/.local/lib/python3.7/site-packages/airflow/example_dags/example_branch_labels.py for tasks to queue
[2023-09-01T19:40:26.109+0000] {logging_mixin.py:150} INFO - [2023-09-01T19:40:26.109+0000] {dagbag.py:541} INFO - Filling up the DagBag from /home/airflow/.local/lib/python3.7/site-packages/airflow/example_dags/example_branch_labels.py
[2023-09-01T19:40:26.116+0000] {processor.py:836} INFO - DAG(s) dict_keys(['example_branch_labels']) retrieved from /home/airflow/.local/lib/python3.7/site-packages/airflow/example_dags/example_branch_labels.py
[2023-09-01T19:40:26.140+0000] {logging_mixin.py:150} INFO - [2023-09-01T19:40:26.140+0000] {dag.py:2742} INFO - Sync 1 DAGs
[2023-09-01T19:40:26.164+0000] {logging_mixin.py:150} INFO - [2023-09-01T19:40:26.163+0000] {dag.py:3508} INFO - Setting next_dagrun for example_branch_labels to 2023-08-31T00:00:00+00:00, run_after=2023-09-01T00:00:00+00:00
[2023-09-01T19:40:26.180+0000] {processor.py:179} INFO - Processing /home/airflow/.local/lib/python3.7/site-packages/airflow/example_dags/example_branch_labels.py took 0.077 seconds
[2023-09-01T19:40:56.232+0000] {processor.py:157} INFO - Started process (PID=1022) to work on /home/airflow/.local/lib/python3.7/site-packages/airflow/example_dags/example_branch_labels.py
[2023-09-01T19:40:56.232+0000] {processor.py:826} INFO - Processing file /home/airflow/.local/lib/python3.7/site-packages/airflow/example_dags/example_branch_labels.py for tasks to queue
[2023-09-01T19:40:56.233+0000] {logging_mixin.py:150} INFO - [2023-09-01T19:40:56.233+0000] {dagbag.py:541} INFO - Filling up the DagBag from /home/airflow/.local/lib/python3.7/site-packages/airflow/example_dags/example_branch_labels.py
[2023-09-01T19:40:56.239+0000] {processor.py:836} INFO - DAG(s) dict_keys(['example_branch_labels']) retrieved from /home/airflow/.local/lib/python3.7/site-packages/airflow/example_dags/example_branch_labels.py
[2023-09-01T19:40:56.262+0000] {logging_mixin.py:150} INFO - [2023-09-01T19:40:56.262+0000] {dag.py:2742} INFO - Sync 1 DAGs
[2023-09-01T19:40:56.285+0000] {logging_mixin.py:150} INFO - [2023-09-01T19:40:56.284+0000] {dag.py:3508} INFO - Setting next_dagrun for example_branch_labels to 2023-08-31T00:00:00+00:00, run_after=2023-09-01T00:00:00+00:00
[2023-09-01T19:40:56.299+0000] {processor.py:179} INFO - Processing /home/airflow/.local/lib/python3.7/site-packages/airflow/example_dags/example_branch_labels.py took 0.071 seconds
[2023-09-01T19:41:26.413+0000] {processor.py:157} INFO - Started process (PID=1077) to work on /home/airflow/.local/lib/python3.7/site-packages/airflow/example_dags/example_branch_labels.py
[2023-09-01T19:41:26.414+0000] {processor.py:826} INFO - Processing file /home/airflow/.local/lib/python3.7/site-packages/airflow/example_dags/example_branch_labels.py for tasks to queue
[2023-09-01T19:41:26.414+0000] {logging_mixin.py:150} INFO - [2023-09-01T19:41:26.414+0000] {dagbag.py:541} INFO - Filling up the DagBag from /home/airflow/.local/lib/python3.7/site-packages/airflow/example_dags/example_branch_labels.py
[2023-09-01T19:41:26.421+0000] {processor.py:836} INFO - DAG(s) dict_keys(['example_branch_labels']) retrieved from /home/airflow/.local/lib/python3.7/site-packages/airflow/example_dags/example_branch_labels.py
[2023-09-01T19:41:26.448+0000] {logging_mixin.py:150} INFO - [2023-09-01T19:41:26.448+0000] {dag.py:2742} INFO - Sync 1 DAGs
[2023-09-01T19:41:26.479+0000] {logging_mixin.py:150} INFO - [2023-09-01T19:41:26.478+0000] {dag.py:3508} INFO - Setting next_dagrun for example_branch_labels to 2023-08-31T00:00:00+00:00, run_after=2023-09-01T00:00:00+00:00
[2023-09-01T19:41:26.499+0000] {processor.py:179} INFO - Processing /home/airflow/.local/lib/python3.7/site-packages/airflow/example_dags/example_branch_labels.py took 0.090 seconds
[2023-09-01T19:41:56.962+0000] {processor.py:157} INFO - Started process (PID=1132) to work on /home/airflow/.local/lib/python3.7/site-packages/airflow/example_dags/example_branch_labels.py
[2023-09-01T19:41:56.970+0000] {processor.py:826} INFO - Processing file /home/airflow/.local/lib/python3.7/site-packages/airflow/example_dags/example_branch_labels.py for tasks to queue
[2023-09-01T19:41:56.970+0000] {logging_mixin.py:150} INFO - [2023-09-01T19:41:56.970+0000] {dagbag.py:541} INFO - Filling up the DagBag from /home/airflow/.local/lib/python3.7/site-packages/airflow/example_dags/example_branch_labels.py
[2023-09-01T19:41:56.993+0000] {processor.py:836} INFO - DAG(s) dict_keys(['example_branch_labels']) retrieved from /home/airflow/.local/lib/python3.7/site-packages/airflow/example_dags/example_branch_labels.py
[2023-09-01T19:41:57.064+0000] {logging_mixin.py:150} INFO - [2023-09-01T19:41:57.064+0000] {dag.py:2742} INFO - Sync 1 DAGs
[2023-09-01T19:41:57.106+0000] {logging_mixin.py:150} INFO - [2023-09-01T19:41:57.106+0000] {dag.py:3508} INFO - Setting next_dagrun for example_branch_labels to 2023-08-31T00:00:00+00:00, run_after=2023-09-01T00:00:00+00:00
[2023-09-01T19:41:57.131+0000] {processor.py:179} INFO - Processing /home/airflow/.local/lib/python3.7/site-packages/airflow/example_dags/example_branch_labels.py took 0.172 seconds
[2023-09-01T19:42:27.373+0000] {processor.py:157} INFO - Started process (PID=1186) to work on /home/airflow/.local/lib/python3.7/site-packages/airflow/example_dags/example_branch_labels.py
[2023-09-01T19:42:27.374+0000] {processor.py:826} INFO - Processing file /home/airflow/.local/lib/python3.7/site-packages/airflow/example_dags/example_branch_labels.py for tasks to queue
[2023-09-01T19:42:27.375+0000] {logging_mixin.py:150} INFO - [2023-09-01T19:42:27.374+0000] {dagbag.py:541} INFO - Filling up the DagBag from /home/airflow/.local/lib/python3.7/site-packages/airflow/example_dags/example_branch_labels.py
[2023-09-01T19:42:27.382+0000] {processor.py:836} INFO - DAG(s) dict_keys(['example_branch_labels']) retrieved from /home/airflow/.local/lib/python3.7/site-packages/airflow/example_dags/example_branch_labels.py
[2023-09-01T19:42:27.412+0000] {logging_mixin.py:150} INFO - [2023-09-01T19:42:27.412+0000] {dag.py:2742} INFO - Sync 1 DAGs
[2023-09-01T19:42:27.436+0000] {logging_mixin.py:150} INFO - [2023-09-01T19:42:27.435+0000] {dag.py:3508} INFO - Setting next_dagrun for example_branch_labels to 2023-08-31T00:00:00+00:00, run_after=2023-09-01T00:00:00+00:00
[2023-09-01T19:42:27.454+0000] {processor.py:179} INFO - Processing /home/airflow/.local/lib/python3.7/site-packages/airflow/example_dags/example_branch_labels.py took 0.084 seconds
[2023-09-01T19:42:57.695+0000] {processor.py:157} INFO - Started process (PID=1241) to work on /home/airflow/.local/lib/python3.7/site-packages/airflow/example_dags/example_branch_labels.py
[2023-09-01T19:42:57.698+0000] {processor.py:826} INFO - Processing file /home/airflow/.local/lib/python3.7/site-packages/airflow/example_dags/example_branch_labels.py for tasks to queue
[2023-09-01T19:42:57.699+0000] {logging_mixin.py:150} INFO - [2023-09-01T19:42:57.699+0000] {dagbag.py:541} INFO - Filling up the DagBag from /home/airflow/.local/lib/python3.7/site-packages/airflow/example_dags/example_branch_labels.py
[2023-09-01T19:42:57.707+0000] {processor.py:836} INFO - DAG(s) dict_keys(['example_branch_labels']) retrieved from /home/airflow/.local/lib/python3.7/site-packages/airflow/example_dags/example_branch_labels.py
[2023-09-01T19:42:57.735+0000] {logging_mixin.py:150} INFO - [2023-09-01T19:42:57.735+0000] {dag.py:2742} INFO - Sync 1 DAGs
[2023-09-01T19:42:57.767+0000] {logging_mixin.py:150} INFO - [2023-09-01T19:42:57.766+0000] {dag.py:3508} INFO - Setting next_dagrun for example_branch_labels to 2023-08-31T00:00:00+00:00, run_after=2023-09-01T00:00:00+00:00
[2023-09-01T19:42:57.795+0000] {processor.py:179} INFO - Processing /home/airflow/.local/lib/python3.7/site-packages/airflow/example_dags/example_branch_labels.py took 0.103 seconds
[2023-09-01T19:43:28.344+0000] {processor.py:157} INFO - Started process (PID=1296) to work on /home/airflow/.local/lib/python3.7/site-packages/airflow/example_dags/example_branch_labels.py
[2023-09-01T19:43:28.345+0000] {processor.py:826} INFO - Processing file /home/airflow/.local/lib/python3.7/site-packages/airflow/example_dags/example_branch_labels.py for tasks to queue
[2023-09-01T19:43:28.346+0000] {logging_mixin.py:150} INFO - [2023-09-01T19:43:28.345+0000] {dagbag.py:541} INFO - Filling up the DagBag from /home/airflow/.local/lib/python3.7/site-packages/airflow/example_dags/example_branch_labels.py
[2023-09-01T19:43:28.353+0000] {processor.py:836} INFO - DAG(s) dict_keys(['example_branch_labels']) retrieved from /home/airflow/.local/lib/python3.7/site-packages/airflow/example_dags/example_branch_labels.py
[2023-09-01T19:43:28.384+0000] {logging_mixin.py:150} INFO - [2023-09-01T19:43:28.383+0000] {dag.py:2742} INFO - Sync 1 DAGs
[2023-09-01T19:43:28.407+0000] {logging_mixin.py:150} INFO - [2023-09-01T19:43:28.407+0000] {dag.py:3508} INFO - Setting next_dagrun for example_branch_labels to 2023-08-31T00:00:00+00:00, run_after=2023-09-01T00:00:00+00:00
[2023-09-01T19:43:28.426+0000] {processor.py:179} INFO - Processing /home/airflow/.local/lib/python3.7/site-packages/airflow/example_dags/example_branch_labels.py took 0.085 seconds
[2023-09-01T19:43:58.838+0000] {processor.py:157} INFO - Started process (PID=1351) to work on /home/airflow/.local/lib/python3.7/site-packages/airflow/example_dags/example_branch_labels.py
[2023-09-01T19:43:58.839+0000] {processor.py:826} INFO - Processing file /home/airflow/.local/lib/python3.7/site-packages/airflow/example_dags/example_branch_labels.py for tasks to queue
[2023-09-01T19:43:58.840+0000] {logging_mixin.py:150} INFO - [2023-09-01T19:43:58.840+0000] {dagbag.py:541} INFO - Filling up the DagBag from /home/airflow/.local/lib/python3.7/site-packages/airflow/example_dags/example_branch_labels.py
[2023-09-01T19:43:58.848+0000] {processor.py:836} INFO - DAG(s) dict_keys(['example_branch_labels']) retrieved from /home/airflow/.local/lib/python3.7/site-packages/airflow/example_dags/example_branch_labels.py
[2023-09-01T19:43:58.875+0000] {logging_mixin.py:150} INFO - [2023-09-01T19:43:58.875+0000] {dag.py:2742} INFO - Sync 1 DAGs
[2023-09-01T19:43:58.898+0000] {logging_mixin.py:150} INFO - [2023-09-01T19:43:58.897+0000] {dag.py:3508} INFO - Setting next_dagrun for example_branch_labels to 2023-08-31T00:00:00+00:00, run_after=2023-09-01T00:00:00+00:00
[2023-09-01T19:43:58.915+0000] {processor.py:179} INFO - Processing /home/airflow/.local/lib/python3.7/site-packages/airflow/example_dags/example_branch_labels.py took 0.080 seconds
[2023-09-01T19:44:29.454+0000] {processor.py:157} INFO - Started process (PID=1406) to work on /home/airflow/.local/lib/python3.7/site-packages/airflow/example_dags/example_branch_labels.py
[2023-09-01T19:44:29.454+0000] {processor.py:826} INFO - Processing file /home/airflow/.local/lib/python3.7/site-packages/airflow/example_dags/example_branch_labels.py for tasks to queue
[2023-09-01T19:44:29.455+0000] {logging_mixin.py:150} INFO - [2023-09-01T19:44:29.455+0000] {dagbag.py:541} INFO - Filling up the DagBag from /home/airflow/.local/lib/python3.7/site-packages/airflow/example_dags/example_branch_labels.py
[2023-09-01T19:44:29.463+0000] {processor.py:836} INFO - DAG(s) dict_keys(['example_branch_labels']) retrieved from /home/airflow/.local/lib/python3.7/site-packages/airflow/example_dags/example_branch_labels.py
[2023-09-01T19:44:29.489+0000] {logging_mixin.py:150} INFO - [2023-09-01T19:44:29.489+0000] {dag.py:2742} INFO - Sync 1 DAGs
[2023-09-01T19:44:29.513+0000] {logging_mixin.py:150} INFO - [2023-09-01T19:44:29.513+0000] {dag.py:3508} INFO - Setting next_dagrun for example_branch_labels to 2023-08-31T00:00:00+00:00, run_after=2023-09-01T00:00:00+00:00
[2023-09-01T19:44:29.533+0000] {processor.py:179} INFO - Processing /home/airflow/.local/lib/python3.7/site-packages/airflow/example_dags/example_branch_labels.py took 0.083 seconds
[2023-09-01T19:44:59.844+0000] {processor.py:157} INFO - Started process (PID=1461) to work on /home/airflow/.local/lib/python3.7/site-packages/airflow/example_dags/example_branch_labels.py
[2023-09-01T19:44:59.845+0000] {processor.py:826} INFO - Processing file /home/airflow/.local/lib/python3.7/site-packages/airflow/example_dags/example_branch_labels.py for tasks to queue
[2023-09-01T19:44:59.846+0000] {logging_mixin.py:150} INFO - [2023-09-01T19:44:59.846+0000] {dagbag.py:541} INFO - Filling up the DagBag from /home/airflow/.local/lib/python3.7/site-packages/airflow/example_dags/example_branch_labels.py
[2023-09-01T19:44:59.854+0000] {processor.py:836} INFO - DAG(s) dict_keys(['example_branch_labels']) retrieved from /home/airflow/.local/lib/python3.7/site-packages/airflow/example_dags/example_branch_labels.py
[2023-09-01T19:44:59.880+0000] {logging_mixin.py:150} INFO - [2023-09-01T19:44:59.880+0000] {dag.py:2742} INFO - Sync 1 DAGs
[2023-09-01T19:44:59.901+0000] {logging_mixin.py:150} INFO - [2023-09-01T19:44:59.900+0000] {dag.py:3508} INFO - Setting next_dagrun for example_branch_labels to 2023-08-31T00:00:00+00:00, run_after=2023-09-01T00:00:00+00:00
[2023-09-01T19:44:59.916+0000] {processor.py:179} INFO - Processing /home/airflow/.local/lib/python3.7/site-packages/airflow/example_dags/example_branch_labels.py took 0.075 seconds
[2023-09-01T19:45:30.173+0000] {processor.py:157} INFO - Started process (PID=1516) to work on /home/airflow/.local/lib/python3.7/site-packages/airflow/example_dags/example_branch_labels.py
[2023-09-01T19:45:30.174+0000] {processor.py:826} INFO - Processing file /home/airflow/.local/lib/python3.7/site-packages/airflow/example_dags/example_branch_labels.py for tasks to queue
[2023-09-01T19:45:30.175+0000] {logging_mixin.py:150} INFO - [2023-09-01T19:45:30.175+0000] {dagbag.py:541} INFO - Filling up the DagBag from /home/airflow/.local/lib/python3.7/site-packages/airflow/example_dags/example_branch_labels.py
[2023-09-01T19:45:30.182+0000] {processor.py:836} INFO - DAG(s) dict_keys(['example_branch_labels']) retrieved from /home/airflow/.local/lib/python3.7/site-packages/airflow/example_dags/example_branch_labels.py
[2023-09-01T19:45:30.205+0000] {logging_mixin.py:150} INFO - [2023-09-01T19:45:30.205+0000] {dag.py:2742} INFO - Sync 1 DAGs
[2023-09-01T19:45:30.226+0000] {logging_mixin.py:150} INFO - [2023-09-01T19:45:30.226+0000] {dag.py:3508} INFO - Setting next_dagrun for example_branch_labels to 2023-08-31T00:00:00+00:00, run_after=2023-09-01T00:00:00+00:00
[2023-09-01T19:45:30.241+0000] {processor.py:179} INFO - Processing /home/airflow/.local/lib/python3.7/site-packages/airflow/example_dags/example_branch_labels.py took 0.071 seconds
[2023-09-01T19:46:00.555+0000] {processor.py:157} INFO - Started process (PID=1571) to work on /home/airflow/.local/lib/python3.7/site-packages/airflow/example_dags/example_branch_labels.py
[2023-09-01T19:46:00.556+0000] {processor.py:826} INFO - Processing file /home/airflow/.local/lib/python3.7/site-packages/airflow/example_dags/example_branch_labels.py for tasks to queue
[2023-09-01T19:46:00.557+0000] {logging_mixin.py:150} INFO - [2023-09-01T19:46:00.557+0000] {dagbag.py:541} INFO - Filling up the DagBag from /home/airflow/.local/lib/python3.7/site-packages/airflow/example_dags/example_branch_labels.py
[2023-09-01T19:46:00.564+0000] {processor.py:836} INFO - DAG(s) dict_keys(['example_branch_labels']) retrieved from /home/airflow/.local/lib/python3.7/site-packages/airflow/example_dags/example_branch_labels.py
[2023-09-01T19:46:00.588+0000] {logging_mixin.py:150} INFO - [2023-09-01T19:46:00.588+0000] {dag.py:2742} INFO - Sync 1 DAGs
[2023-09-01T19:46:00.611+0000] {logging_mixin.py:150} INFO - [2023-09-01T19:46:00.610+0000] {dag.py:3508} INFO - Setting next_dagrun for example_branch_labels to 2023-08-31T00:00:00+00:00, run_after=2023-09-01T00:00:00+00:00
[2023-09-01T19:46:00.629+0000] {processor.py:179} INFO - Processing /home/airflow/.local/lib/python3.7/site-packages/airflow/example_dags/example_branch_labels.py took 0.077 seconds
[2023-09-01T19:46:31.001+0000] {processor.py:157} INFO - Started process (PID=1626) to work on /home/airflow/.local/lib/python3.7/site-packages/airflow/example_dags/example_branch_labels.py
[2023-09-01T19:46:31.002+0000] {processor.py:826} INFO - Processing file /home/airflow/.local/lib/python3.7/site-packages/airflow/example_dags/example_branch_labels.py for tasks to queue
[2023-09-01T19:46:31.002+0000] {logging_mixin.py:150} INFO - [2023-09-01T19:46:31.002+0000] {dagbag.py:541} INFO - Filling up the DagBag from /home/airflow/.local/lib/python3.7/site-packages/airflow/example_dags/example_branch_labels.py
[2023-09-01T19:46:31.010+0000] {processor.py:836} INFO - DAG(s) dict_keys(['example_branch_labels']) retrieved from /home/airflow/.local/lib/python3.7/site-packages/airflow/example_dags/example_branch_labels.py
[2023-09-01T19:46:31.033+0000] {logging_mixin.py:150} INFO - [2023-09-01T19:46:31.032+0000] {dag.py:2742} INFO - Sync 1 DAGs
[2023-09-01T19:46:31.054+0000] {logging_mixin.py:150} INFO - [2023-09-01T19:46:31.053+0000] {dag.py:3508} INFO - Setting next_dagrun for example_branch_labels to 2023-08-31T00:00:00+00:00, run_after=2023-09-01T00:00:00+00:00
[2023-09-01T19:46:31.069+0000] {processor.py:179} INFO - Processing /home/airflow/.local/lib/python3.7/site-packages/airflow/example_dags/example_branch_labels.py took 0.071 seconds
[2023-09-01T19:47:01.461+0000] {processor.py:157} INFO - Started process (PID=1681) to work on /home/airflow/.local/lib/python3.7/site-packages/airflow/example_dags/example_branch_labels.py
[2023-09-01T19:47:01.461+0000] {processor.py:826} INFO - Processing file /home/airflow/.local/lib/python3.7/site-packages/airflow/example_dags/example_branch_labels.py for tasks to queue
[2023-09-01T19:47:01.462+0000] {logging_mixin.py:150} INFO - [2023-09-01T19:47:01.462+0000] {dagbag.py:541} INFO - Filling up the DagBag from /home/airflow/.local/lib/python3.7/site-packages/airflow/example_dags/example_branch_labels.py
[2023-09-01T19:47:01.469+0000] {processor.py:836} INFO - DAG(s) dict_keys(['example_branch_labels']) retrieved from /home/airflow/.local/lib/python3.7/site-packages/airflow/example_dags/example_branch_labels.py
[2023-09-01T19:47:01.503+0000] {logging_mixin.py:150} INFO - [2023-09-01T19:47:01.502+0000] {dag.py:2742} INFO - Sync 1 DAGs
[2023-09-01T19:47:01.525+0000] {logging_mixin.py:150} INFO - [2023-09-01T19:47:01.525+0000] {dag.py:3508} INFO - Setting next_dagrun for example_branch_labels to 2023-08-31T00:00:00+00:00, run_after=2023-09-01T00:00:00+00:00
[2023-09-01T19:47:01.549+0000] {processor.py:179} INFO - Processing /home/airflow/.local/lib/python3.7/site-packages/airflow/example_dags/example_branch_labels.py took 0.091 seconds
[2023-09-01T19:47:31.994+0000] {processor.py:157} INFO - Started process (PID=1736) to work on /home/airflow/.local/lib/python3.7/site-packages/airflow/example_dags/example_branch_labels.py
[2023-09-01T19:47:31.995+0000] {processor.py:826} INFO - Processing file /home/airflow/.local/lib/python3.7/site-packages/airflow/example_dags/example_branch_labels.py for tasks to queue
[2023-09-01T19:47:31.996+0000] {logging_mixin.py:150} INFO - [2023-09-01T19:47:31.996+0000] {dagbag.py:541} INFO - Filling up the DagBag from /home/airflow/.local/lib/python3.7/site-packages/airflow/example_dags/example_branch_labels.py
[2023-09-01T19:47:32.003+0000] {processor.py:836} INFO - DAG(s) dict_keys(['example_branch_labels']) retrieved from /home/airflow/.local/lib/python3.7/site-packages/airflow/example_dags/example_branch_labels.py
[2023-09-01T19:47:32.031+0000] {logging_mixin.py:150} INFO - [2023-09-01T19:47:32.031+0000] {dag.py:2742} INFO - Sync 1 DAGs
[2023-09-01T19:47:32.057+0000] {logging_mixin.py:150} INFO - [2023-09-01T19:47:32.057+0000] {dag.py:3508} INFO - Setting next_dagrun for example_branch_labels to 2023-08-31T00:00:00+00:00, run_after=2023-09-01T00:00:00+00:00
[2023-09-01T19:47:32.082+0000] {processor.py:179} INFO - Processing /home/airflow/.local/lib/python3.7/site-packages/airflow/example_dags/example_branch_labels.py took 0.091 seconds
[2023-09-01T19:48:02.221+0000] {processor.py:157} INFO - Started process (PID=1791) to work on /home/airflow/.local/lib/python3.7/site-packages/airflow/example_dags/example_branch_labels.py
[2023-09-01T19:48:02.222+0000] {processor.py:826} INFO - Processing file /home/airflow/.local/lib/python3.7/site-packages/airflow/example_dags/example_branch_labels.py for tasks to queue
[2023-09-01T19:48:02.222+0000] {logging_mixin.py:150} INFO - [2023-09-01T19:48:02.222+0000] {dagbag.py:541} INFO - Filling up the DagBag from /home/airflow/.local/lib/python3.7/site-packages/airflow/example_dags/example_branch_labels.py
[2023-09-01T19:48:02.229+0000] {processor.py:836} INFO - DAG(s) dict_keys(['example_branch_labels']) retrieved from /home/airflow/.local/lib/python3.7/site-packages/airflow/example_dags/example_branch_labels.py
[2023-09-01T19:48:02.256+0000] {logging_mixin.py:150} INFO - [2023-09-01T19:48:02.256+0000] {dag.py:2742} INFO - Sync 1 DAGs
[2023-09-01T19:48:02.283+0000] {logging_mixin.py:150} INFO - [2023-09-01T19:48:02.283+0000] {dag.py:3508} INFO - Setting next_dagrun for example_branch_labels to 2023-08-31T00:00:00+00:00, run_after=2023-09-01T00:00:00+00:00
[2023-09-01T19:48:02.300+0000] {processor.py:179} INFO - Processing /home/airflow/.local/lib/python3.7/site-packages/airflow/example_dags/example_branch_labels.py took 0.082 seconds
[2023-09-01T19:48:32.377+0000] {processor.py:157} INFO - Started process (PID=1846) to work on /home/airflow/.local/lib/python3.7/site-packages/airflow/example_dags/example_branch_labels.py
[2023-09-01T19:48:32.379+0000] {processor.py:826} INFO - Processing file /home/airflow/.local/lib/python3.7/site-packages/airflow/example_dags/example_branch_labels.py for tasks to queue
[2023-09-01T19:48:32.379+0000] {logging_mixin.py:150} INFO - [2023-09-01T19:48:32.379+0000] {dagbag.py:541} INFO - Filling up the DagBag from /home/airflow/.local/lib/python3.7/site-packages/airflow/example_dags/example_branch_labels.py
[2023-09-01T19:48:32.386+0000] {processor.py:836} INFO - DAG(s) dict_keys(['example_branch_labels']) retrieved from /home/airflow/.local/lib/python3.7/site-packages/airflow/example_dags/example_branch_labels.py
[2023-09-01T19:48:32.414+0000] {logging_mixin.py:150} INFO - [2023-09-01T19:48:32.414+0000] {dag.py:2742} INFO - Sync 1 DAGs
[2023-09-01T19:48:32.438+0000] {logging_mixin.py:150} INFO - [2023-09-01T19:48:32.438+0000] {dag.py:3508} INFO - Setting next_dagrun for example_branch_labels to 2023-08-31T00:00:00+00:00, run_after=2023-09-01T00:00:00+00:00
[2023-09-01T19:48:32.458+0000] {processor.py:179} INFO - Processing /home/airflow/.local/lib/python3.7/site-packages/airflow/example_dags/example_branch_labels.py took 0.084 seconds
[2023-09-01T19:49:02.828+0000] {processor.py:157} INFO - Started process (PID=1900) to work on /home/airflow/.local/lib/python3.7/site-packages/airflow/example_dags/example_branch_labels.py
[2023-09-01T19:49:02.828+0000] {processor.py:826} INFO - Processing file /home/airflow/.local/lib/python3.7/site-packages/airflow/example_dags/example_branch_labels.py for tasks to queue
[2023-09-01T19:49:02.829+0000] {logging_mixin.py:150} INFO - [2023-09-01T19:49:02.829+0000] {dagbag.py:541} INFO - Filling up the DagBag from /home/airflow/.local/lib/python3.7/site-packages/airflow/example_dags/example_branch_labels.py
[2023-09-01T19:49:02.837+0000] {processor.py:836} INFO - DAG(s) dict_keys(['example_branch_labels']) retrieved from /home/airflow/.local/lib/python3.7/site-packages/airflow/example_dags/example_branch_labels.py
[2023-09-01T19:49:02.864+0000] {logging_mixin.py:150} INFO - [2023-09-01T19:49:02.864+0000] {dag.py:2742} INFO - Sync 1 DAGs
[2023-09-01T19:49:02.901+0000] {logging_mixin.py:150} INFO - [2023-09-01T19:49:02.901+0000] {dag.py:3508} INFO - Setting next_dagrun for example_branch_labels to 2023-08-31T00:00:00+00:00, run_after=2023-09-01T00:00:00+00:00
[2023-09-01T19:49:02.968+0000] {processor.py:179} INFO - Processing /home/airflow/.local/lib/python3.7/site-packages/airflow/example_dags/example_branch_labels.py took 0.144 seconds
[2023-09-01T19:49:33.573+0000] {processor.py:157} INFO - Started process (PID=1955) to work on /home/airflow/.local/lib/python3.7/site-packages/airflow/example_dags/example_branch_labels.py
[2023-09-01T19:49:33.574+0000] {processor.py:826} INFO - Processing file /home/airflow/.local/lib/python3.7/site-packages/airflow/example_dags/example_branch_labels.py for tasks to queue
[2023-09-01T19:49:33.575+0000] {logging_mixin.py:150} INFO - [2023-09-01T19:49:33.574+0000] {dagbag.py:541} INFO - Filling up the DagBag from /home/airflow/.local/lib/python3.7/site-packages/airflow/example_dags/example_branch_labels.py
[2023-09-01T19:49:33.583+0000] {processor.py:836} INFO - DAG(s) dict_keys(['example_branch_labels']) retrieved from /home/airflow/.local/lib/python3.7/site-packages/airflow/example_dags/example_branch_labels.py
[2023-09-01T19:49:33.608+0000] {logging_mixin.py:150} INFO - [2023-09-01T19:49:33.608+0000] {dag.py:2742} INFO - Sync 1 DAGs
[2023-09-01T19:49:33.673+0000] {logging_mixin.py:150} INFO - [2023-09-01T19:49:33.673+0000] {dag.py:3508} INFO - Setting next_dagrun for example_branch_labels to 2023-08-31T00:00:00+00:00, run_after=2023-09-01T00:00:00+00:00
[2023-09-01T19:49:33.695+0000] {processor.py:179} INFO - Processing /home/airflow/.local/lib/python3.7/site-packages/airflow/example_dags/example_branch_labels.py took 0.126 seconds
[2023-09-01T19:50:03.715+0000] {processor.py:157} INFO - Started process (PID=2010) to work on /home/airflow/.local/lib/python3.7/site-packages/airflow/example_dags/example_branch_labels.py
[2023-09-01T19:50:03.716+0000] {processor.py:826} INFO - Processing file /home/airflow/.local/lib/python3.7/site-packages/airflow/example_dags/example_branch_labels.py for tasks to queue
[2023-09-01T19:50:03.716+0000] {logging_mixin.py:150} INFO - [2023-09-01T19:50:03.716+0000] {dagbag.py:541} INFO - Filling up the DagBag from /home/airflow/.local/lib/python3.7/site-packages/airflow/example_dags/example_branch_labels.py
[2023-09-01T19:50:03.723+0000] {processor.py:836} INFO - DAG(s) dict_keys(['example_branch_labels']) retrieved from /home/airflow/.local/lib/python3.7/site-packages/airflow/example_dags/example_branch_labels.py
[2023-09-01T19:50:03.770+0000] {logging_mixin.py:150} INFO - [2023-09-01T19:50:03.770+0000] {dag.py:2742} INFO - Sync 1 DAGs
[2023-09-01T19:50:03.791+0000] {logging_mixin.py:150} INFO - [2023-09-01T19:50:03.791+0000] {dag.py:3508} INFO - Setting next_dagrun for example_branch_labels to 2023-08-31T00:00:00+00:00, run_after=2023-09-01T00:00:00+00:00
[2023-09-01T19:50:03.806+0000] {processor.py:179} INFO - Processing /home/airflow/.local/lib/python3.7/site-packages/airflow/example_dags/example_branch_labels.py took 0.094 seconds
[2023-09-01T19:50:33.950+0000] {processor.py:157} INFO - Started process (PID=2065) to work on /home/airflow/.local/lib/python3.7/site-packages/airflow/example_dags/example_branch_labels.py
[2023-09-01T19:50:33.950+0000] {processor.py:826} INFO - Processing file /home/airflow/.local/lib/python3.7/site-packages/airflow/example_dags/example_branch_labels.py for tasks to queue
[2023-09-01T19:50:33.951+0000] {logging_mixin.py:150} INFO - [2023-09-01T19:50:33.951+0000] {dagbag.py:541} INFO - Filling up the DagBag from /home/airflow/.local/lib/python3.7/site-packages/airflow/example_dags/example_branch_labels.py
[2023-09-01T19:50:33.959+0000] {processor.py:836} INFO - DAG(s) dict_keys(['example_branch_labels']) retrieved from /home/airflow/.local/lib/python3.7/site-packages/airflow/example_dags/example_branch_labels.py
[2023-09-01T19:50:33.986+0000] {logging_mixin.py:150} INFO - [2023-09-01T19:50:33.985+0000] {dag.py:2742} INFO - Sync 1 DAGs
[2023-09-01T19:50:34.019+0000] {logging_mixin.py:150} INFO - [2023-09-01T19:50:34.019+0000] {dag.py:3508} INFO - Setting next_dagrun for example_branch_labels to 2023-08-31T00:00:00+00:00, run_after=2023-09-01T00:00:00+00:00
[2023-09-01T19:50:34.039+0000] {processor.py:179} INFO - Processing /home/airflow/.local/lib/python3.7/site-packages/airflow/example_dags/example_branch_labels.py took 0.092 seconds
[2023-09-01T19:51:04.484+0000] {processor.py:157} INFO - Started process (PID=2126) to work on /home/airflow/.local/lib/python3.7/site-packages/airflow/example_dags/example_branch_labels.py
[2023-09-01T19:51:04.488+0000] {processor.py:826} INFO - Processing file /home/airflow/.local/lib/python3.7/site-packages/airflow/example_dags/example_branch_labels.py for tasks to queue
[2023-09-01T19:51:04.489+0000] {logging_mixin.py:150} INFO - [2023-09-01T19:51:04.488+0000] {dagbag.py:541} INFO - Filling up the DagBag from /home/airflow/.local/lib/python3.7/site-packages/airflow/example_dags/example_branch_labels.py
[2023-09-01T19:51:04.508+0000] {processor.py:836} INFO - DAG(s) dict_keys(['example_branch_labels']) retrieved from /home/airflow/.local/lib/python3.7/site-packages/airflow/example_dags/example_branch_labels.py
[2023-09-01T19:51:04.558+0000] {logging_mixin.py:150} INFO - [2023-09-01T19:51:04.558+0000] {dag.py:2742} INFO - Sync 1 DAGs
[2023-09-01T19:51:04.621+0000] {logging_mixin.py:150} INFO - [2023-09-01T19:51:04.621+0000] {dag.py:3508} INFO - Setting next_dagrun for example_branch_labels to 2023-08-31T00:00:00+00:00, run_after=2023-09-01T00:00:00+00:00
[2023-09-01T19:51:04.676+0000] {processor.py:179} INFO - Processing /home/airflow/.local/lib/python3.7/site-packages/airflow/example_dags/example_branch_labels.py took 0.195 seconds
[2023-09-01T19:51:34.795+0000] {processor.py:157} INFO - Started process (PID=2181) to work on /home/airflow/.local/lib/python3.7/site-packages/airflow/example_dags/example_branch_labels.py
[2023-09-01T19:51:34.796+0000] {processor.py:826} INFO - Processing file /home/airflow/.local/lib/python3.7/site-packages/airflow/example_dags/example_branch_labels.py for tasks to queue
[2023-09-01T19:51:34.797+0000] {logging_mixin.py:150} INFO - [2023-09-01T19:51:34.797+0000] {dagbag.py:541} INFO - Filling up the DagBag from /home/airflow/.local/lib/python3.7/site-packages/airflow/example_dags/example_branch_labels.py
[2023-09-01T19:51:34.805+0000] {processor.py:836} INFO - DAG(s) dict_keys(['example_branch_labels']) retrieved from /home/airflow/.local/lib/python3.7/site-packages/airflow/example_dags/example_branch_labels.py
[2023-09-01T19:51:34.844+0000] {logging_mixin.py:150} INFO - [2023-09-01T19:51:34.844+0000] {dag.py:2742} INFO - Sync 1 DAGs
[2023-09-01T19:51:34.867+0000] {logging_mixin.py:150} INFO - [2023-09-01T19:51:34.866+0000] {dag.py:3508} INFO - Setting next_dagrun for example_branch_labels to 2023-08-31T00:00:00+00:00, run_after=2023-09-01T00:00:00+00:00
[2023-09-01T19:51:34.899+0000] {processor.py:179} INFO - Processing /home/airflow/.local/lib/python3.7/site-packages/airflow/example_dags/example_branch_labels.py took 0.113 seconds
[2023-09-01T19:52:05.781+0000] {processor.py:157} INFO - Started process (PID=2235) to work on /home/airflow/.local/lib/python3.7/site-packages/airflow/example_dags/example_branch_labels.py
[2023-09-01T19:52:05.783+0000] {processor.py:826} INFO - Processing file /home/airflow/.local/lib/python3.7/site-packages/airflow/example_dags/example_branch_labels.py for tasks to queue
[2023-09-01T19:52:05.784+0000] {logging_mixin.py:150} INFO - [2023-09-01T19:52:05.784+0000] {dagbag.py:541} INFO - Filling up the DagBag from /home/airflow/.local/lib/python3.7/site-packages/airflow/example_dags/example_branch_labels.py
[2023-09-01T19:52:05.807+0000] {processor.py:836} INFO - DAG(s) dict_keys(['example_branch_labels']) retrieved from /home/airflow/.local/lib/python3.7/site-packages/airflow/example_dags/example_branch_labels.py
[2023-09-01T19:52:05.921+0000] {logging_mixin.py:150} INFO - [2023-09-01T19:52:05.920+0000] {dag.py:2742} INFO - Sync 1 DAGs
[2023-09-01T19:52:06.014+0000] {logging_mixin.py:150} INFO - [2023-09-01T19:52:06.014+0000] {dag.py:3508} INFO - Setting next_dagrun for example_branch_labels to 2023-08-31T00:00:00+00:00, run_after=2023-09-01T00:00:00+00:00
[2023-09-01T19:52:06.045+0000] {processor.py:179} INFO - Processing /home/airflow/.local/lib/python3.7/site-packages/airflow/example_dags/example_branch_labels.py took 0.271 seconds
[2023-09-01T19:52:36.840+0000] {processor.py:157} INFO - Started process (PID=2290) to work on /home/airflow/.local/lib/python3.7/site-packages/airflow/example_dags/example_branch_labels.py
[2023-09-01T19:52:36.841+0000] {processor.py:826} INFO - Processing file /home/airflow/.local/lib/python3.7/site-packages/airflow/example_dags/example_branch_labels.py for tasks to queue
[2023-09-01T19:52:36.841+0000] {logging_mixin.py:150} INFO - [2023-09-01T19:52:36.841+0000] {dagbag.py:541} INFO - Filling up the DagBag from /home/airflow/.local/lib/python3.7/site-packages/airflow/example_dags/example_branch_labels.py
[2023-09-01T19:52:36.850+0000] {processor.py:836} INFO - DAG(s) dict_keys(['example_branch_labels']) retrieved from /home/airflow/.local/lib/python3.7/site-packages/airflow/example_dags/example_branch_labels.py
[2023-09-01T19:52:36.874+0000] {logging_mixin.py:150} INFO - [2023-09-01T19:52:36.874+0000] {dag.py:2742} INFO - Sync 1 DAGs
[2023-09-01T19:52:36.897+0000] {logging_mixin.py:150} INFO - [2023-09-01T19:52:36.897+0000] {dag.py:3508} INFO - Setting next_dagrun for example_branch_labels to 2023-08-31T00:00:00+00:00, run_after=2023-09-01T00:00:00+00:00
[2023-09-01T19:52:36.914+0000] {processor.py:179} INFO - Processing /home/airflow/.local/lib/python3.7/site-packages/airflow/example_dags/example_branch_labels.py took 0.077 seconds
[2023-09-01T19:53:07.159+0000] {processor.py:157} INFO - Started process (PID=2345) to work on /home/airflow/.local/lib/python3.7/site-packages/airflow/example_dags/example_branch_labels.py
[2023-09-01T19:53:07.161+0000] {processor.py:826} INFO - Processing file /home/airflow/.local/lib/python3.7/site-packages/airflow/example_dags/example_branch_labels.py for tasks to queue
[2023-09-01T19:53:07.161+0000] {logging_mixin.py:150} INFO - [2023-09-01T19:53:07.161+0000] {dagbag.py:541} INFO - Filling up the DagBag from /home/airflow/.local/lib/python3.7/site-packages/airflow/example_dags/example_branch_labels.py
[2023-09-01T19:53:07.169+0000] {processor.py:836} INFO - DAG(s) dict_keys(['example_branch_labels']) retrieved from /home/airflow/.local/lib/python3.7/site-packages/airflow/example_dags/example_branch_labels.py
[2023-09-01T19:53:07.194+0000] {logging_mixin.py:150} INFO - [2023-09-01T19:53:07.194+0000] {dag.py:2742} INFO - Sync 1 DAGs
[2023-09-01T19:53:07.224+0000] {logging_mixin.py:150} INFO - [2023-09-01T19:53:07.224+0000] {dag.py:3508} INFO - Setting next_dagrun for example_branch_labels to 2023-08-31T00:00:00+00:00, run_after=2023-09-01T00:00:00+00:00
[2023-09-01T19:53:07.241+0000] {processor.py:179} INFO - Processing /home/airflow/.local/lib/python3.7/site-packages/airflow/example_dags/example_branch_labels.py took 0.084 seconds
[2023-09-01T19:53:37.661+0000] {processor.py:157} INFO - Started process (PID=2400) to work on /home/airflow/.local/lib/python3.7/site-packages/airflow/example_dags/example_branch_labels.py
[2023-09-01T19:53:37.662+0000] {processor.py:826} INFO - Processing file /home/airflow/.local/lib/python3.7/site-packages/airflow/example_dags/example_branch_labels.py for tasks to queue
[2023-09-01T19:53:37.663+0000] {logging_mixin.py:150} INFO - [2023-09-01T19:53:37.663+0000] {dagbag.py:541} INFO - Filling up the DagBag from /home/airflow/.local/lib/python3.7/site-packages/airflow/example_dags/example_branch_labels.py
[2023-09-01T19:53:37.670+0000] {processor.py:836} INFO - DAG(s) dict_keys(['example_branch_labels']) retrieved from /home/airflow/.local/lib/python3.7/site-packages/airflow/example_dags/example_branch_labels.py
[2023-09-01T19:53:37.697+0000] {logging_mixin.py:150} INFO - [2023-09-01T19:53:37.697+0000] {dag.py:2742} INFO - Sync 1 DAGs
[2023-09-01T19:53:37.723+0000] {logging_mixin.py:150} INFO - [2023-09-01T19:53:37.723+0000] {dag.py:3508} INFO - Setting next_dagrun for example_branch_labels to 2023-08-31T00:00:00+00:00, run_after=2023-09-01T00:00:00+00:00
[2023-09-01T19:53:37.741+0000] {processor.py:179} INFO - Processing /home/airflow/.local/lib/python3.7/site-packages/airflow/example_dags/example_branch_labels.py took 0.083 seconds
[2023-09-01T19:54:07.883+0000] {processor.py:157} INFO - Started process (PID=2455) to work on /home/airflow/.local/lib/python3.7/site-packages/airflow/example_dags/example_branch_labels.py
[2023-09-01T19:54:07.884+0000] {processor.py:826} INFO - Processing file /home/airflow/.local/lib/python3.7/site-packages/airflow/example_dags/example_branch_labels.py for tasks to queue
[2023-09-01T19:54:07.885+0000] {logging_mixin.py:150} INFO - [2023-09-01T19:54:07.885+0000] {dagbag.py:541} INFO - Filling up the DagBag from /home/airflow/.local/lib/python3.7/site-packages/airflow/example_dags/example_branch_labels.py
[2023-09-01T19:54:07.893+0000] {processor.py:836} INFO - DAG(s) dict_keys(['example_branch_labels']) retrieved from /home/airflow/.local/lib/python3.7/site-packages/airflow/example_dags/example_branch_labels.py
[2023-09-01T19:54:07.920+0000] {logging_mixin.py:150} INFO - [2023-09-01T19:54:07.920+0000] {dag.py:2742} INFO - Sync 1 DAGs
[2023-09-01T19:54:07.945+0000] {logging_mixin.py:150} INFO - [2023-09-01T19:54:07.945+0000] {dag.py:3508} INFO - Setting next_dagrun for example_branch_labels to 2023-08-31T00:00:00+00:00, run_after=2023-09-01T00:00:00+00:00
[2023-09-01T19:54:07.965+0000] {processor.py:179} INFO - Processing /home/airflow/.local/lib/python3.7/site-packages/airflow/example_dags/example_branch_labels.py took 0.085 seconds
[2023-09-01T19:54:38.178+0000] {processor.py:157} INFO - Started process (PID=2510) to work on /home/airflow/.local/lib/python3.7/site-packages/airflow/example_dags/example_branch_labels.py
[2023-09-01T19:54:38.178+0000] {processor.py:826} INFO - Processing file /home/airflow/.local/lib/python3.7/site-packages/airflow/example_dags/example_branch_labels.py for tasks to queue
[2023-09-01T19:54:38.179+0000] {logging_mixin.py:150} INFO - [2023-09-01T19:54:38.179+0000] {dagbag.py:541} INFO - Filling up the DagBag from /home/airflow/.local/lib/python3.7/site-packages/airflow/example_dags/example_branch_labels.py
[2023-09-01T19:54:38.196+0000] {processor.py:836} INFO - DAG(s) dict_keys(['example_branch_labels']) retrieved from /home/airflow/.local/lib/python3.7/site-packages/airflow/example_dags/example_branch_labels.py
[2023-09-01T19:54:38.308+0000] {logging_mixin.py:150} INFO - [2023-09-01T19:54:38.308+0000] {dag.py:2742} INFO - Sync 1 DAGs
[2023-09-01T19:54:38.384+0000] {logging_mixin.py:150} INFO - [2023-09-01T19:54:38.383+0000] {dag.py:3508} INFO - Setting next_dagrun for example_branch_labels to 2023-08-31T00:00:00+00:00, run_after=2023-09-01T00:00:00+00:00
[2023-09-01T19:54:38.413+0000] {processor.py:179} INFO - Processing /home/airflow/.local/lib/python3.7/site-packages/airflow/example_dags/example_branch_labels.py took 0.239 seconds
[2023-09-01T19:55:08.533+0000] {processor.py:157} INFO - Started process (PID=2564) to work on /home/airflow/.local/lib/python3.7/site-packages/airflow/example_dags/example_branch_labels.py
[2023-09-01T19:55:08.534+0000] {processor.py:826} INFO - Processing file /home/airflow/.local/lib/python3.7/site-packages/airflow/example_dags/example_branch_labels.py for tasks to queue
[2023-09-01T19:55:08.541+0000] {logging_mixin.py:150} INFO - [2023-09-01T19:55:08.541+0000] {dagbag.py:541} INFO - Filling up the DagBag from /home/airflow/.local/lib/python3.7/site-packages/airflow/example_dags/example_branch_labels.py
[2023-09-01T19:55:08.553+0000] {processor.py:836} INFO - DAG(s) dict_keys(['example_branch_labels']) retrieved from /home/airflow/.local/lib/python3.7/site-packages/airflow/example_dags/example_branch_labels.py
[2023-09-01T19:55:08.594+0000] {logging_mixin.py:150} INFO - [2023-09-01T19:55:08.590+0000] {dag.py:2742} INFO - Sync 1 DAGs
[2023-09-01T19:55:08.627+0000] {logging_mixin.py:150} INFO - [2023-09-01T19:55:08.627+0000] {dag.py:3508} INFO - Setting next_dagrun for example_branch_labels to 2023-08-31T00:00:00+00:00, run_after=2023-09-01T00:00:00+00:00
[2023-09-01T19:55:08.647+0000] {processor.py:179} INFO - Processing /home/airflow/.local/lib/python3.7/site-packages/airflow/example_dags/example_branch_labels.py took 0.117 seconds
