[2023-09-01T19:31:58.918+0000] {processor.py:157} INFO - Started process (PID=78) to work on /home/airflow/.local/lib/python3.7/site-packages/airflow/example_dags/example_branch_operator.py
[2023-09-01T19:31:58.918+0000] {processor.py:826} INFO - Processing file /home/airflow/.local/lib/python3.7/site-packages/airflow/example_dags/example_branch_operator.py for tasks to queue
[2023-09-01T19:31:58.919+0000] {logging_mixin.py:150} INFO - [2023-09-01T19:31:58.919+0000] {dagbag.py:541} INFO - Filling up the DagBag from /home/airflow/.local/lib/python3.7/site-packages/airflow/example_dags/example_branch_operator.py
[2023-09-01T19:31:59.000+0000] {processor.py:836} INFO - DAG(s) dict_keys(['example_branch_operator']) retrieved from /home/airflow/.local/lib/python3.7/site-packages/airflow/example_dags/example_branch_operator.py
[2023-09-01T19:31:59.167+0000] {logging_mixin.py:150} INFO - [2023-09-01T19:31:59.167+0000] {dag.py:2742} INFO - Sync 1 DAGs
[2023-09-01T19:31:59.281+0000] {logging_mixin.py:150} INFO - [2023-09-01T19:31:59.278+0000] {dag.py:3508} INFO - Setting next_dagrun for example_branch_operator to 2023-08-31T00:00:00+00:00, run_after=2023-09-01T00:00:00+00:00
[2023-09-01T19:31:59.355+0000] {processor.py:179} INFO - Processing /home/airflow/.local/lib/python3.7/site-packages/airflow/example_dags/example_branch_operator.py took 0.495 seconds
[2023-09-01T19:32:29.429+0000] {processor.py:157} INFO - Started process (PID=133) to work on /home/airflow/.local/lib/python3.7/site-packages/airflow/example_dags/example_branch_operator.py
[2023-09-01T19:32:29.431+0000] {processor.py:826} INFO - Processing file /home/airflow/.local/lib/python3.7/site-packages/airflow/example_dags/example_branch_operator.py for tasks to queue
[2023-09-01T19:32:29.431+0000] {logging_mixin.py:150} INFO - [2023-09-01T19:32:29.431+0000] {dagbag.py:541} INFO - Filling up the DagBag from /home/airflow/.local/lib/python3.7/site-packages/airflow/example_dags/example_branch_operator.py
[2023-09-01T19:32:29.443+0000] {processor.py:836} INFO - DAG(s) dict_keys(['example_branch_operator']) retrieved from /home/airflow/.local/lib/python3.7/site-packages/airflow/example_dags/example_branch_operator.py
[2023-09-01T19:32:29.467+0000] {logging_mixin.py:150} INFO - [2023-09-01T19:32:29.467+0000] {dag.py:2742} INFO - Sync 1 DAGs
[2023-09-01T19:32:29.497+0000] {logging_mixin.py:150} INFO - [2023-09-01T19:32:29.497+0000] {dag.py:3508} INFO - Setting next_dagrun for example_branch_operator to 2023-08-31T00:00:00+00:00, run_after=2023-09-01T00:00:00+00:00
[2023-09-01T19:32:29.514+0000] {processor.py:179} INFO - Processing /home/airflow/.local/lib/python3.7/site-packages/airflow/example_dags/example_branch_operator.py took 0.088 seconds
[2023-09-01T19:33:00.294+0000] {processor.py:157} INFO - Started process (PID=188) to work on /home/airflow/.local/lib/python3.7/site-packages/airflow/example_dags/example_branch_operator.py
[2023-09-01T19:33:00.295+0000] {processor.py:826} INFO - Processing file /home/airflow/.local/lib/python3.7/site-packages/airflow/example_dags/example_branch_operator.py for tasks to queue
[2023-09-01T19:33:00.295+0000] {logging_mixin.py:150} INFO - [2023-09-01T19:33:00.295+0000] {dagbag.py:541} INFO - Filling up the DagBag from /home/airflow/.local/lib/python3.7/site-packages/airflow/example_dags/example_branch_operator.py
[2023-09-01T19:33:00.308+0000] {processor.py:836} INFO - DAG(s) dict_keys(['example_branch_operator']) retrieved from /home/airflow/.local/lib/python3.7/site-packages/airflow/example_dags/example_branch_operator.py
[2023-09-01T19:33:00.331+0000] {logging_mixin.py:150} INFO - [2023-09-01T19:33:00.331+0000] {dag.py:2742} INFO - Sync 1 DAGs
[2023-09-01T19:33:00.353+0000] {logging_mixin.py:150} INFO - [2023-09-01T19:33:00.353+0000] {dag.py:3508} INFO - Setting next_dagrun for example_branch_operator to 2023-08-31T00:00:00+00:00, run_after=2023-09-01T00:00:00+00:00
[2023-09-01T19:33:00.372+0000] {processor.py:179} INFO - Processing /home/airflow/.local/lib/python3.7/site-packages/airflow/example_dags/example_branch_operator.py took 0.081 seconds
[2023-09-01T19:33:30.600+0000] {processor.py:157} INFO - Started process (PID=243) to work on /home/airflow/.local/lib/python3.7/site-packages/airflow/example_dags/example_branch_operator.py
[2023-09-01T19:33:30.601+0000] {processor.py:826} INFO - Processing file /home/airflow/.local/lib/python3.7/site-packages/airflow/example_dags/example_branch_operator.py for tasks to queue
[2023-09-01T19:33:30.602+0000] {logging_mixin.py:150} INFO - [2023-09-01T19:33:30.602+0000] {dagbag.py:541} INFO - Filling up the DagBag from /home/airflow/.local/lib/python3.7/site-packages/airflow/example_dags/example_branch_operator.py
[2023-09-01T19:33:30.612+0000] {processor.py:836} INFO - DAG(s) dict_keys(['example_branch_operator']) retrieved from /home/airflow/.local/lib/python3.7/site-packages/airflow/example_dags/example_branch_operator.py
[2023-09-01T19:33:30.633+0000] {logging_mixin.py:150} INFO - [2023-09-01T19:33:30.633+0000] {dag.py:2742} INFO - Sync 1 DAGs
[2023-09-01T19:33:30.655+0000] {logging_mixin.py:150} INFO - [2023-09-01T19:33:30.655+0000] {dag.py:3508} INFO - Setting next_dagrun for example_branch_operator to 2023-08-31T00:00:00+00:00, run_after=2023-09-01T00:00:00+00:00
[2023-09-01T19:33:30.673+0000] {processor.py:179} INFO - Processing /home/airflow/.local/lib/python3.7/site-packages/airflow/example_dags/example_branch_operator.py took 0.076 seconds
[2023-09-01T19:34:01.100+0000] {processor.py:157} INFO - Started process (PID=298) to work on /home/airflow/.local/lib/python3.7/site-packages/airflow/example_dags/example_branch_operator.py
[2023-09-01T19:34:01.101+0000] {processor.py:826} INFO - Processing file /home/airflow/.local/lib/python3.7/site-packages/airflow/example_dags/example_branch_operator.py for tasks to queue
[2023-09-01T19:34:01.102+0000] {logging_mixin.py:150} INFO - [2023-09-01T19:34:01.102+0000] {dagbag.py:541} INFO - Filling up the DagBag from /home/airflow/.local/lib/python3.7/site-packages/airflow/example_dags/example_branch_operator.py
[2023-09-01T19:34:01.110+0000] {processor.py:836} INFO - DAG(s) dict_keys(['example_branch_operator']) retrieved from /home/airflow/.local/lib/python3.7/site-packages/airflow/example_dags/example_branch_operator.py
[2023-09-01T19:34:01.131+0000] {logging_mixin.py:150} INFO - [2023-09-01T19:34:01.131+0000] {dag.py:2742} INFO - Sync 1 DAGs
[2023-09-01T19:34:01.152+0000] {logging_mixin.py:150} INFO - [2023-09-01T19:34:01.152+0000] {dag.py:3508} INFO - Setting next_dagrun for example_branch_operator to 2023-08-31T00:00:00+00:00, run_after=2023-09-01T00:00:00+00:00
[2023-09-01T19:34:01.171+0000] {processor.py:179} INFO - Processing /home/airflow/.local/lib/python3.7/site-packages/airflow/example_dags/example_branch_operator.py took 0.074 seconds
[2023-09-01T19:34:31.364+0000] {processor.py:157} INFO - Started process (PID=353) to work on /home/airflow/.local/lib/python3.7/site-packages/airflow/example_dags/example_branch_operator.py
[2023-09-01T19:34:31.365+0000] {processor.py:826} INFO - Processing file /home/airflow/.local/lib/python3.7/site-packages/airflow/example_dags/example_branch_operator.py for tasks to queue
[2023-09-01T19:34:31.366+0000] {logging_mixin.py:150} INFO - [2023-09-01T19:34:31.365+0000] {dagbag.py:541} INFO - Filling up the DagBag from /home/airflow/.local/lib/python3.7/site-packages/airflow/example_dags/example_branch_operator.py
[2023-09-01T19:34:31.374+0000] {processor.py:836} INFO - DAG(s) dict_keys(['example_branch_operator']) retrieved from /home/airflow/.local/lib/python3.7/site-packages/airflow/example_dags/example_branch_operator.py
[2023-09-01T19:34:31.397+0000] {logging_mixin.py:150} INFO - [2023-09-01T19:34:31.397+0000] {dag.py:2742} INFO - Sync 1 DAGs
[2023-09-01T19:34:31.419+0000] {logging_mixin.py:150} INFO - [2023-09-01T19:34:31.419+0000] {dag.py:3508} INFO - Setting next_dagrun for example_branch_operator to 2023-08-31T00:00:00+00:00, run_after=2023-09-01T00:00:00+00:00
[2023-09-01T19:34:31.438+0000] {processor.py:179} INFO - Processing /home/airflow/.local/lib/python3.7/site-packages/airflow/example_dags/example_branch_operator.py took 0.077 seconds
[2023-09-01T19:35:01.711+0000] {processor.py:157} INFO - Started process (PID=408) to work on /home/airflow/.local/lib/python3.7/site-packages/airflow/example_dags/example_branch_operator.py
[2023-09-01T19:35:01.712+0000] {processor.py:826} INFO - Processing file /home/airflow/.local/lib/python3.7/site-packages/airflow/example_dags/example_branch_operator.py for tasks to queue
[2023-09-01T19:35:01.713+0000] {logging_mixin.py:150} INFO - [2023-09-01T19:35:01.713+0000] {dagbag.py:541} INFO - Filling up the DagBag from /home/airflow/.local/lib/python3.7/site-packages/airflow/example_dags/example_branch_operator.py
[2023-09-01T19:35:01.722+0000] {processor.py:836} INFO - DAG(s) dict_keys(['example_branch_operator']) retrieved from /home/airflow/.local/lib/python3.7/site-packages/airflow/example_dags/example_branch_operator.py
[2023-09-01T19:35:01.744+0000] {logging_mixin.py:150} INFO - [2023-09-01T19:35:01.743+0000] {dag.py:2742} INFO - Sync 1 DAGs
[2023-09-01T19:35:01.770+0000] {logging_mixin.py:150} INFO - [2023-09-01T19:35:01.770+0000] {dag.py:3508} INFO - Setting next_dagrun for example_branch_operator to 2023-08-31T00:00:00+00:00, run_after=2023-09-01T00:00:00+00:00
[2023-09-01T19:35:01.790+0000] {processor.py:179} INFO - Processing /home/airflow/.local/lib/python3.7/site-packages/airflow/example_dags/example_branch_operator.py took 0.082 seconds
[2023-09-01T19:35:31.978+0000] {processor.py:157} INFO - Started process (PID=463) to work on /home/airflow/.local/lib/python3.7/site-packages/airflow/example_dags/example_branch_operator.py
[2023-09-01T19:35:31.979+0000] {processor.py:826} INFO - Processing file /home/airflow/.local/lib/python3.7/site-packages/airflow/example_dags/example_branch_operator.py for tasks to queue
[2023-09-01T19:35:31.979+0000] {logging_mixin.py:150} INFO - [2023-09-01T19:35:31.979+0000] {dagbag.py:541} INFO - Filling up the DagBag from /home/airflow/.local/lib/python3.7/site-packages/airflow/example_dags/example_branch_operator.py
[2023-09-01T19:35:31.988+0000] {processor.py:836} INFO - DAG(s) dict_keys(['example_branch_operator']) retrieved from /home/airflow/.local/lib/python3.7/site-packages/airflow/example_dags/example_branch_operator.py
[2023-09-01T19:35:32.009+0000] {logging_mixin.py:150} INFO - [2023-09-01T19:35:32.009+0000] {dag.py:2742} INFO - Sync 1 DAGs
[2023-09-01T19:35:32.031+0000] {logging_mixin.py:150} INFO - [2023-09-01T19:35:32.030+0000] {dag.py:3508} INFO - Setting next_dagrun for example_branch_operator to 2023-08-31T00:00:00+00:00, run_after=2023-09-01T00:00:00+00:00
[2023-09-01T19:35:32.048+0000] {processor.py:179} INFO - Processing /home/airflow/.local/lib/python3.7/site-packages/airflow/example_dags/example_branch_operator.py took 0.073 seconds
[2023-09-01T19:36:03.360+0000] {processor.py:157} INFO - Started process (PID=518) to work on /home/airflow/.local/lib/python3.7/site-packages/airflow/example_dags/example_branch_operator.py
[2023-09-01T19:36:03.361+0000] {processor.py:826} INFO - Processing file /home/airflow/.local/lib/python3.7/site-packages/airflow/example_dags/example_branch_operator.py for tasks to queue
[2023-09-01T19:36:03.362+0000] {logging_mixin.py:150} INFO - [2023-09-01T19:36:03.362+0000] {dagbag.py:541} INFO - Filling up the DagBag from /home/airflow/.local/lib/python3.7/site-packages/airflow/example_dags/example_branch_operator.py
[2023-09-01T19:36:03.374+0000] {processor.py:836} INFO - DAG(s) dict_keys(['example_branch_operator']) retrieved from /home/airflow/.local/lib/python3.7/site-packages/airflow/example_dags/example_branch_operator.py
[2023-09-01T19:36:03.406+0000] {logging_mixin.py:150} INFO - [2023-09-01T19:36:03.406+0000] {dag.py:2742} INFO - Sync 1 DAGs
[2023-09-01T19:36:03.437+0000] {logging_mixin.py:150} INFO - [2023-09-01T19:36:03.437+0000] {dag.py:3508} INFO - Setting next_dagrun for example_branch_operator to 2023-08-31T00:00:00+00:00, run_after=2023-09-01T00:00:00+00:00
[2023-09-01T19:36:03.485+0000] {processor.py:179} INFO - Processing /home/airflow/.local/lib/python3.7/site-packages/airflow/example_dags/example_branch_operator.py took 0.132 seconds
[2023-09-01T19:36:34.021+0000] {processor.py:157} INFO - Started process (PID=573) to work on /home/airflow/.local/lib/python3.7/site-packages/airflow/example_dags/example_branch_operator.py
[2023-09-01T19:36:34.022+0000] {processor.py:826} INFO - Processing file /home/airflow/.local/lib/python3.7/site-packages/airflow/example_dags/example_branch_operator.py for tasks to queue
[2023-09-01T19:36:34.022+0000] {logging_mixin.py:150} INFO - [2023-09-01T19:36:34.022+0000] {dagbag.py:541} INFO - Filling up the DagBag from /home/airflow/.local/lib/python3.7/site-packages/airflow/example_dags/example_branch_operator.py
[2023-09-01T19:36:34.030+0000] {processor.py:836} INFO - DAG(s) dict_keys(['example_branch_operator']) retrieved from /home/airflow/.local/lib/python3.7/site-packages/airflow/example_dags/example_branch_operator.py
[2023-09-01T19:36:34.053+0000] {logging_mixin.py:150} INFO - [2023-09-01T19:36:34.053+0000] {dag.py:2742} INFO - Sync 1 DAGs
[2023-09-01T19:36:34.099+0000] {logging_mixin.py:150} INFO - [2023-09-01T19:36:34.099+0000] {dag.py:3508} INFO - Setting next_dagrun for example_branch_operator to 2023-08-31T00:00:00+00:00, run_after=2023-09-01T00:00:00+00:00
[2023-09-01T19:36:34.114+0000] {processor.py:179} INFO - Processing /home/airflow/.local/lib/python3.7/site-packages/airflow/example_dags/example_branch_operator.py took 0.097 seconds
[2023-09-01T19:37:05.672+0000] {processor.py:157} INFO - Started process (PID=628) to work on /home/airflow/.local/lib/python3.7/site-packages/airflow/example_dags/example_branch_operator.py
[2023-09-01T19:37:05.675+0000] {processor.py:826} INFO - Processing file /home/airflow/.local/lib/python3.7/site-packages/airflow/example_dags/example_branch_operator.py for tasks to queue
[2023-09-01T19:37:05.676+0000] {logging_mixin.py:150} INFO - [2023-09-01T19:37:05.676+0000] {dagbag.py:541} INFO - Filling up the DagBag from /home/airflow/.local/lib/python3.7/site-packages/airflow/example_dags/example_branch_operator.py
[2023-09-01T19:37:05.738+0000] {processor.py:836} INFO - DAG(s) dict_keys(['example_branch_operator']) retrieved from /home/airflow/.local/lib/python3.7/site-packages/airflow/example_dags/example_branch_operator.py
[2023-09-01T19:37:05.874+0000] {logging_mixin.py:150} INFO - [2023-09-01T19:37:05.873+0000] {dag.py:2742} INFO - Sync 1 DAGs
[2023-09-01T19:37:05.935+0000] {logging_mixin.py:150} INFO - [2023-09-01T19:37:05.935+0000] {dag.py:3508} INFO - Setting next_dagrun for example_branch_operator to 2023-08-31T00:00:00+00:00, run_after=2023-09-01T00:00:00+00:00
[2023-09-01T19:37:06.023+0000] {processor.py:179} INFO - Processing /home/airflow/.local/lib/python3.7/site-packages/airflow/example_dags/example_branch_operator.py took 0.359 seconds
[2023-09-01T19:37:36.161+0000] {processor.py:157} INFO - Started process (PID=683) to work on /home/airflow/.local/lib/python3.7/site-packages/airflow/example_dags/example_branch_operator.py
[2023-09-01T19:37:36.166+0000] {processor.py:826} INFO - Processing file /home/airflow/.local/lib/python3.7/site-packages/airflow/example_dags/example_branch_operator.py for tasks to queue
[2023-09-01T19:37:36.167+0000] {logging_mixin.py:150} INFO - [2023-09-01T19:37:36.166+0000] {dagbag.py:541} INFO - Filling up the DagBag from /home/airflow/.local/lib/python3.7/site-packages/airflow/example_dags/example_branch_operator.py
[2023-09-01T19:37:36.176+0000] {processor.py:836} INFO - DAG(s) dict_keys(['example_branch_operator']) retrieved from /home/airflow/.local/lib/python3.7/site-packages/airflow/example_dags/example_branch_operator.py
[2023-09-01T19:37:36.295+0000] {logging_mixin.py:150} INFO - [2023-09-01T19:37:36.294+0000] {dag.py:2742} INFO - Sync 1 DAGs
[2023-09-01T19:37:36.369+0000] {logging_mixin.py:150} INFO - [2023-09-01T19:37:36.369+0000] {dag.py:3508} INFO - Setting next_dagrun for example_branch_operator to 2023-08-31T00:00:00+00:00, run_after=2023-09-01T00:00:00+00:00
[2023-09-01T19:37:36.424+0000] {processor.py:179} INFO - Processing /home/airflow/.local/lib/python3.7/site-packages/airflow/example_dags/example_branch_operator.py took 0.271 seconds
[2023-09-01T19:38:06.762+0000] {processor.py:157} INFO - Started process (PID=737) to work on /home/airflow/.local/lib/python3.7/site-packages/airflow/example_dags/example_branch_operator.py
[2023-09-01T19:38:06.779+0000] {processor.py:826} INFO - Processing file /home/airflow/.local/lib/python3.7/site-packages/airflow/example_dags/example_branch_operator.py for tasks to queue
[2023-09-01T19:38:06.780+0000] {logging_mixin.py:150} INFO - [2023-09-01T19:38:06.780+0000] {dagbag.py:541} INFO - Filling up the DagBag from /home/airflow/.local/lib/python3.7/site-packages/airflow/example_dags/example_branch_operator.py
[2023-09-01T19:38:06.794+0000] {processor.py:836} INFO - DAG(s) dict_keys(['example_branch_operator']) retrieved from /home/airflow/.local/lib/python3.7/site-packages/airflow/example_dags/example_branch_operator.py
[2023-09-01T19:38:06.827+0000] {logging_mixin.py:150} INFO - [2023-09-01T19:38:06.827+0000] {dag.py:2742} INFO - Sync 1 DAGs
[2023-09-01T19:38:06.872+0000] {logging_mixin.py:150} INFO - [2023-09-01T19:38:06.872+0000] {dag.py:3508} INFO - Setting next_dagrun for example_branch_operator to 2023-08-31T00:00:00+00:00, run_after=2023-09-01T00:00:00+00:00
[2023-09-01T19:38:06.905+0000] {processor.py:179} INFO - Processing /home/airflow/.local/lib/python3.7/site-packages/airflow/example_dags/example_branch_operator.py took 0.147 seconds
[2023-09-01T19:38:37.817+0000] {processor.py:157} INFO - Started process (PID=793) to work on /home/airflow/.local/lib/python3.7/site-packages/airflow/example_dags/example_branch_operator.py
[2023-09-01T19:38:37.818+0000] {processor.py:826} INFO - Processing file /home/airflow/.local/lib/python3.7/site-packages/airflow/example_dags/example_branch_operator.py for tasks to queue
[2023-09-01T19:38:37.819+0000] {logging_mixin.py:150} INFO - [2023-09-01T19:38:37.818+0000] {dagbag.py:541} INFO - Filling up the DagBag from /home/airflow/.local/lib/python3.7/site-packages/airflow/example_dags/example_branch_operator.py
[2023-09-01T19:38:37.827+0000] {processor.py:836} INFO - DAG(s) dict_keys(['example_branch_operator']) retrieved from /home/airflow/.local/lib/python3.7/site-packages/airflow/example_dags/example_branch_operator.py
[2023-09-01T19:38:37.865+0000] {logging_mixin.py:150} INFO - [2023-09-01T19:38:37.865+0000] {dag.py:2742} INFO - Sync 1 DAGs
[2023-09-01T19:38:37.911+0000] {logging_mixin.py:150} INFO - [2023-09-01T19:38:37.911+0000] {dag.py:3508} INFO - Setting next_dagrun for example_branch_operator to 2023-08-31T00:00:00+00:00, run_after=2023-09-01T00:00:00+00:00
[2023-09-01T19:38:37.928+0000] {processor.py:179} INFO - Processing /home/airflow/.local/lib/python3.7/site-packages/airflow/example_dags/example_branch_operator.py took 0.115 seconds
[2023-09-01T19:39:08.360+0000] {processor.py:157} INFO - Started process (PID=847) to work on /home/airflow/.local/lib/python3.7/site-packages/airflow/example_dags/example_branch_operator.py
[2023-09-01T19:39:08.362+0000] {processor.py:826} INFO - Processing file /home/airflow/.local/lib/python3.7/site-packages/airflow/example_dags/example_branch_operator.py for tasks to queue
[2023-09-01T19:39:08.363+0000] {logging_mixin.py:150} INFO - [2023-09-01T19:39:08.363+0000] {dagbag.py:541} INFO - Filling up the DagBag from /home/airflow/.local/lib/python3.7/site-packages/airflow/example_dags/example_branch_operator.py
[2023-09-01T19:39:08.371+0000] {processor.py:836} INFO - DAG(s) dict_keys(['example_branch_operator']) retrieved from /home/airflow/.local/lib/python3.7/site-packages/airflow/example_dags/example_branch_operator.py
[2023-09-01T19:39:08.395+0000] {logging_mixin.py:150} INFO - [2023-09-01T19:39:08.395+0000] {dag.py:2742} INFO - Sync 1 DAGs
[2023-09-01T19:39:08.419+0000] {logging_mixin.py:150} INFO - [2023-09-01T19:39:08.419+0000] {dag.py:3508} INFO - Setting next_dagrun for example_branch_operator to 2023-08-31T00:00:00+00:00, run_after=2023-09-01T00:00:00+00:00
[2023-09-01T19:39:08.439+0000] {processor.py:179} INFO - Processing /home/airflow/.local/lib/python3.7/site-packages/airflow/example_dags/example_branch_operator.py took 0.082 seconds
[2023-09-01T19:39:38.632+0000] {processor.py:157} INFO - Started process (PID=901) to work on /home/airflow/.local/lib/python3.7/site-packages/airflow/example_dags/example_branch_operator.py
[2023-09-01T19:39:38.633+0000] {processor.py:826} INFO - Processing file /home/airflow/.local/lib/python3.7/site-packages/airflow/example_dags/example_branch_operator.py for tasks to queue
[2023-09-01T19:39:38.634+0000] {logging_mixin.py:150} INFO - [2023-09-01T19:39:38.633+0000] {dagbag.py:541} INFO - Filling up the DagBag from /home/airflow/.local/lib/python3.7/site-packages/airflow/example_dags/example_branch_operator.py
[2023-09-01T19:39:38.646+0000] {processor.py:836} INFO - DAG(s) dict_keys(['example_branch_operator']) retrieved from /home/airflow/.local/lib/python3.7/site-packages/airflow/example_dags/example_branch_operator.py
[2023-09-01T19:39:38.670+0000] {logging_mixin.py:150} INFO - [2023-09-01T19:39:38.670+0000] {dag.py:2742} INFO - Sync 1 DAGs
[2023-09-01T19:39:38.693+0000] {logging_mixin.py:150} INFO - [2023-09-01T19:39:38.693+0000] {dag.py:3508} INFO - Setting next_dagrun for example_branch_operator to 2023-08-31T00:00:00+00:00, run_after=2023-09-01T00:00:00+00:00
[2023-09-01T19:39:38.709+0000] {processor.py:179} INFO - Processing /home/airflow/.local/lib/python3.7/site-packages/airflow/example_dags/example_branch_operator.py took 0.081 seconds
[2023-09-01T19:40:08.921+0000] {processor.py:157} INFO - Started process (PID=956) to work on /home/airflow/.local/lib/python3.7/site-packages/airflow/example_dags/example_branch_operator.py
[2023-09-01T19:40:08.922+0000] {processor.py:826} INFO - Processing file /home/airflow/.local/lib/python3.7/site-packages/airflow/example_dags/example_branch_operator.py for tasks to queue
[2023-09-01T19:40:08.922+0000] {logging_mixin.py:150} INFO - [2023-09-01T19:40:08.922+0000] {dagbag.py:541} INFO - Filling up the DagBag from /home/airflow/.local/lib/python3.7/site-packages/airflow/example_dags/example_branch_operator.py
[2023-09-01T19:40:08.984+0000] {processor.py:836} INFO - DAG(s) dict_keys(['example_branch_operator']) retrieved from /home/airflow/.local/lib/python3.7/site-packages/airflow/example_dags/example_branch_operator.py
[2023-09-01T19:40:09.087+0000] {logging_mixin.py:150} INFO - [2023-09-01T19:40:09.087+0000] {dag.py:2742} INFO - Sync 1 DAGs
[2023-09-01T19:40:09.212+0000] {logging_mixin.py:150} INFO - [2023-09-01T19:40:09.211+0000] {dag.py:3508} INFO - Setting next_dagrun for example_branch_operator to 2023-08-31T00:00:00+00:00, run_after=2023-09-01T00:00:00+00:00
[2023-09-01T19:40:09.306+0000] {processor.py:179} INFO - Processing /home/airflow/.local/lib/python3.7/site-packages/airflow/example_dags/example_branch_operator.py took 0.400 seconds
[2023-09-01T19:40:40.173+0000] {processor.py:157} INFO - Started process (PID=1011) to work on /home/airflow/.local/lib/python3.7/site-packages/airflow/example_dags/example_branch_operator.py
[2023-09-01T19:40:40.183+0000] {processor.py:826} INFO - Processing file /home/airflow/.local/lib/python3.7/site-packages/airflow/example_dags/example_branch_operator.py for tasks to queue
[2023-09-01T19:40:40.184+0000] {logging_mixin.py:150} INFO - [2023-09-01T19:40:40.184+0000] {dagbag.py:541} INFO - Filling up the DagBag from /home/airflow/.local/lib/python3.7/site-packages/airflow/example_dags/example_branch_operator.py
[2023-09-01T19:40:40.193+0000] {processor.py:836} INFO - DAG(s) dict_keys(['example_branch_operator']) retrieved from /home/airflow/.local/lib/python3.7/site-packages/airflow/example_dags/example_branch_operator.py
[2023-09-01T19:40:40.261+0000] {logging_mixin.py:150} INFO - [2023-09-01T19:40:40.261+0000] {dag.py:2742} INFO - Sync 1 DAGs
[2023-09-01T19:40:40.302+0000] {logging_mixin.py:150} INFO - [2023-09-01T19:40:40.302+0000] {dag.py:3508} INFO - Setting next_dagrun for example_branch_operator to 2023-08-31T00:00:00+00:00, run_after=2023-09-01T00:00:00+00:00
[2023-09-01T19:40:40.328+0000] {processor.py:179} INFO - Processing /home/airflow/.local/lib/python3.7/site-packages/airflow/example_dags/example_branch_operator.py took 0.158 seconds
[2023-09-01T19:41:10.598+0000] {processor.py:157} INFO - Started process (PID=1065) to work on /home/airflow/.local/lib/python3.7/site-packages/airflow/example_dags/example_branch_operator.py
[2023-09-01T19:41:10.599+0000] {processor.py:826} INFO - Processing file /home/airflow/.local/lib/python3.7/site-packages/airflow/example_dags/example_branch_operator.py for tasks to queue
[2023-09-01T19:41:10.600+0000] {logging_mixin.py:150} INFO - [2023-09-01T19:41:10.600+0000] {dagbag.py:541} INFO - Filling up the DagBag from /home/airflow/.local/lib/python3.7/site-packages/airflow/example_dags/example_branch_operator.py
[2023-09-01T19:41:10.610+0000] {processor.py:836} INFO - DAG(s) dict_keys(['example_branch_operator']) retrieved from /home/airflow/.local/lib/python3.7/site-packages/airflow/example_dags/example_branch_operator.py
[2023-09-01T19:41:10.641+0000] {logging_mixin.py:150} INFO - [2023-09-01T19:41:10.641+0000] {dag.py:2742} INFO - Sync 1 DAGs
[2023-09-01T19:41:10.670+0000] {logging_mixin.py:150} INFO - [2023-09-01T19:41:10.670+0000] {dag.py:3508} INFO - Setting next_dagrun for example_branch_operator to 2023-08-31T00:00:00+00:00, run_after=2023-09-01T00:00:00+00:00
[2023-09-01T19:41:10.690+0000] {processor.py:179} INFO - Processing /home/airflow/.local/lib/python3.7/site-packages/airflow/example_dags/example_branch_operator.py took 0.095 seconds
[2023-09-01T19:41:40.780+0000] {processor.py:157} INFO - Started process (PID=1120) to work on /home/airflow/.local/lib/python3.7/site-packages/airflow/example_dags/example_branch_operator.py
[2023-09-01T19:41:40.786+0000] {processor.py:826} INFO - Processing file /home/airflow/.local/lib/python3.7/site-packages/airflow/example_dags/example_branch_operator.py for tasks to queue
[2023-09-01T19:41:40.788+0000] {logging_mixin.py:150} INFO - [2023-09-01T19:41:40.787+0000] {dagbag.py:541} INFO - Filling up the DagBag from /home/airflow/.local/lib/python3.7/site-packages/airflow/example_dags/example_branch_operator.py
[2023-09-01T19:41:40.811+0000] {processor.py:836} INFO - DAG(s) dict_keys(['example_branch_operator']) retrieved from /home/airflow/.local/lib/python3.7/site-packages/airflow/example_dags/example_branch_operator.py
[2023-09-01T19:41:40.877+0000] {logging_mixin.py:150} INFO - [2023-09-01T19:41:40.876+0000] {dag.py:2742} INFO - Sync 1 DAGs
[2023-09-01T19:41:40.926+0000] {logging_mixin.py:150} INFO - [2023-09-01T19:41:40.926+0000] {dag.py:3508} INFO - Setting next_dagrun for example_branch_operator to 2023-08-31T00:00:00+00:00, run_after=2023-09-01T00:00:00+00:00
[2023-09-01T19:41:40.968+0000] {processor.py:179} INFO - Processing /home/airflow/.local/lib/python3.7/site-packages/airflow/example_dags/example_branch_operator.py took 0.196 seconds
[2023-09-01T19:42:11.205+0000] {processor.py:157} INFO - Started process (PID=1174) to work on /home/airflow/.local/lib/python3.7/site-packages/airflow/example_dags/example_branch_operator.py
[2023-09-01T19:42:11.205+0000] {processor.py:826} INFO - Processing file /home/airflow/.local/lib/python3.7/site-packages/airflow/example_dags/example_branch_operator.py for tasks to queue
[2023-09-01T19:42:11.206+0000] {logging_mixin.py:150} INFO - [2023-09-01T19:42:11.206+0000] {dagbag.py:541} INFO - Filling up the DagBag from /home/airflow/.local/lib/python3.7/site-packages/airflow/example_dags/example_branch_operator.py
[2023-09-01T19:42:11.214+0000] {processor.py:836} INFO - DAG(s) dict_keys(['example_branch_operator']) retrieved from /home/airflow/.local/lib/python3.7/site-packages/airflow/example_dags/example_branch_operator.py
[2023-09-01T19:42:11.238+0000] {logging_mixin.py:150} INFO - [2023-09-01T19:42:11.238+0000] {dag.py:2742} INFO - Sync 1 DAGs
[2023-09-01T19:42:11.268+0000] {logging_mixin.py:150} INFO - [2023-09-01T19:42:11.268+0000] {dag.py:3508} INFO - Setting next_dagrun for example_branch_operator to 2023-08-31T00:00:00+00:00, run_after=2023-09-01T00:00:00+00:00
[2023-09-01T19:42:11.283+0000] {processor.py:179} INFO - Processing /home/airflow/.local/lib/python3.7/site-packages/airflow/example_dags/example_branch_operator.py took 0.081 seconds
[2023-09-01T19:42:41.858+0000] {processor.py:157} INFO - Started process (PID=1229) to work on /home/airflow/.local/lib/python3.7/site-packages/airflow/example_dags/example_branch_operator.py
[2023-09-01T19:42:41.859+0000] {processor.py:826} INFO - Processing file /home/airflow/.local/lib/python3.7/site-packages/airflow/example_dags/example_branch_operator.py for tasks to queue
[2023-09-01T19:42:41.859+0000] {logging_mixin.py:150} INFO - [2023-09-01T19:42:41.859+0000] {dagbag.py:541} INFO - Filling up the DagBag from /home/airflow/.local/lib/python3.7/site-packages/airflow/example_dags/example_branch_operator.py
[2023-09-01T19:42:41.868+0000] {processor.py:836} INFO - DAG(s) dict_keys(['example_branch_operator']) retrieved from /home/airflow/.local/lib/python3.7/site-packages/airflow/example_dags/example_branch_operator.py
[2023-09-01T19:42:41.893+0000] {logging_mixin.py:150} INFO - [2023-09-01T19:42:41.893+0000] {dag.py:2742} INFO - Sync 1 DAGs
[2023-09-01T19:42:41.915+0000] {logging_mixin.py:150} INFO - [2023-09-01T19:42:41.915+0000] {dag.py:3508} INFO - Setting next_dagrun for example_branch_operator to 2023-08-31T00:00:00+00:00, run_after=2023-09-01T00:00:00+00:00
[2023-09-01T19:42:41.933+0000] {processor.py:179} INFO - Processing /home/airflow/.local/lib/python3.7/site-packages/airflow/example_dags/example_branch_operator.py took 0.079 seconds
[2023-09-01T19:43:12.774+0000] {processor.py:157} INFO - Started process (PID=1284) to work on /home/airflow/.local/lib/python3.7/site-packages/airflow/example_dags/example_branch_operator.py
[2023-09-01T19:43:12.775+0000] {processor.py:826} INFO - Processing file /home/airflow/.local/lib/python3.7/site-packages/airflow/example_dags/example_branch_operator.py for tasks to queue
[2023-09-01T19:43:12.776+0000] {logging_mixin.py:150} INFO - [2023-09-01T19:43:12.776+0000] {dagbag.py:541} INFO - Filling up the DagBag from /home/airflow/.local/lib/python3.7/site-packages/airflow/example_dags/example_branch_operator.py
[2023-09-01T19:43:12.784+0000] {processor.py:836} INFO - DAG(s) dict_keys(['example_branch_operator']) retrieved from /home/airflow/.local/lib/python3.7/site-packages/airflow/example_dags/example_branch_operator.py
[2023-09-01T19:43:12.808+0000] {logging_mixin.py:150} INFO - [2023-09-01T19:43:12.807+0000] {dag.py:2742} INFO - Sync 1 DAGs
[2023-09-01T19:43:12.829+0000] {logging_mixin.py:150} INFO - [2023-09-01T19:43:12.829+0000] {dag.py:3508} INFO - Setting next_dagrun for example_branch_operator to 2023-08-31T00:00:00+00:00, run_after=2023-09-01T00:00:00+00:00
[2023-09-01T19:43:12.843+0000] {processor.py:179} INFO - Processing /home/airflow/.local/lib/python3.7/site-packages/airflow/example_dags/example_branch_operator.py took 0.072 seconds
[2023-09-01T19:43:43.235+0000] {processor.py:157} INFO - Started process (PID=1339) to work on /home/airflow/.local/lib/python3.7/site-packages/airflow/example_dags/example_branch_operator.py
[2023-09-01T19:43:43.236+0000] {processor.py:826} INFO - Processing file /home/airflow/.local/lib/python3.7/site-packages/airflow/example_dags/example_branch_operator.py for tasks to queue
[2023-09-01T19:43:43.237+0000] {logging_mixin.py:150} INFO - [2023-09-01T19:43:43.236+0000] {dagbag.py:541} INFO - Filling up the DagBag from /home/airflow/.local/lib/python3.7/site-packages/airflow/example_dags/example_branch_operator.py
[2023-09-01T19:43:43.244+0000] {processor.py:836} INFO - DAG(s) dict_keys(['example_branch_operator']) retrieved from /home/airflow/.local/lib/python3.7/site-packages/airflow/example_dags/example_branch_operator.py
[2023-09-01T19:43:43.268+0000] {logging_mixin.py:150} INFO - [2023-09-01T19:43:43.268+0000] {dag.py:2742} INFO - Sync 1 DAGs
[2023-09-01T19:43:43.291+0000] {logging_mixin.py:150} INFO - [2023-09-01T19:43:43.291+0000] {dag.py:3508} INFO - Setting next_dagrun for example_branch_operator to 2023-08-31T00:00:00+00:00, run_after=2023-09-01T00:00:00+00:00
[2023-09-01T19:43:43.307+0000] {processor.py:179} INFO - Processing /home/airflow/.local/lib/python3.7/site-packages/airflow/example_dags/example_branch_operator.py took 0.079 seconds
[2023-09-01T19:44:13.806+0000] {processor.py:157} INFO - Started process (PID=1394) to work on /home/airflow/.local/lib/python3.7/site-packages/airflow/example_dags/example_branch_operator.py
[2023-09-01T19:44:13.807+0000] {processor.py:826} INFO - Processing file /home/airflow/.local/lib/python3.7/site-packages/airflow/example_dags/example_branch_operator.py for tasks to queue
[2023-09-01T19:44:13.808+0000] {logging_mixin.py:150} INFO - [2023-09-01T19:44:13.807+0000] {dagbag.py:541} INFO - Filling up the DagBag from /home/airflow/.local/lib/python3.7/site-packages/airflow/example_dags/example_branch_operator.py
[2023-09-01T19:44:13.816+0000] {processor.py:836} INFO - DAG(s) dict_keys(['example_branch_operator']) retrieved from /home/airflow/.local/lib/python3.7/site-packages/airflow/example_dags/example_branch_operator.py
[2023-09-01T19:44:13.842+0000] {logging_mixin.py:150} INFO - [2023-09-01T19:44:13.842+0000] {dag.py:2742} INFO - Sync 1 DAGs
[2023-09-01T19:44:13.864+0000] {logging_mixin.py:150} INFO - [2023-09-01T19:44:13.864+0000] {dag.py:3508} INFO - Setting next_dagrun for example_branch_operator to 2023-08-31T00:00:00+00:00, run_after=2023-09-01T00:00:00+00:00
[2023-09-01T19:44:13.882+0000] {processor.py:179} INFO - Processing /home/airflow/.local/lib/python3.7/site-packages/airflow/example_dags/example_branch_operator.py took 0.080 seconds
[2023-09-01T19:44:44.370+0000] {processor.py:157} INFO - Started process (PID=1449) to work on /home/airflow/.local/lib/python3.7/site-packages/airflow/example_dags/example_branch_operator.py
[2023-09-01T19:44:44.371+0000] {processor.py:826} INFO - Processing file /home/airflow/.local/lib/python3.7/site-packages/airflow/example_dags/example_branch_operator.py for tasks to queue
[2023-09-01T19:44:44.372+0000] {logging_mixin.py:150} INFO - [2023-09-01T19:44:44.371+0000] {dagbag.py:541} INFO - Filling up the DagBag from /home/airflow/.local/lib/python3.7/site-packages/airflow/example_dags/example_branch_operator.py
[2023-09-01T19:44:44.380+0000] {processor.py:836} INFO - DAG(s) dict_keys(['example_branch_operator']) retrieved from /home/airflow/.local/lib/python3.7/site-packages/airflow/example_dags/example_branch_operator.py
[2023-09-01T19:44:44.404+0000] {logging_mixin.py:150} INFO - [2023-09-01T19:44:44.404+0000] {dag.py:2742} INFO - Sync 1 DAGs
[2023-09-01T19:44:44.425+0000] {logging_mixin.py:150} INFO - [2023-09-01T19:44:44.425+0000] {dag.py:3508} INFO - Setting next_dagrun for example_branch_operator to 2023-08-31T00:00:00+00:00, run_after=2023-09-01T00:00:00+00:00
[2023-09-01T19:44:44.441+0000] {processor.py:179} INFO - Processing /home/airflow/.local/lib/python3.7/site-packages/airflow/example_dags/example_branch_operator.py took 0.074 seconds
[2023-09-01T19:45:14.716+0000] {processor.py:157} INFO - Started process (PID=1504) to work on /home/airflow/.local/lib/python3.7/site-packages/airflow/example_dags/example_branch_operator.py
[2023-09-01T19:45:14.717+0000] {processor.py:826} INFO - Processing file /home/airflow/.local/lib/python3.7/site-packages/airflow/example_dags/example_branch_operator.py for tasks to queue
[2023-09-01T19:45:14.718+0000] {logging_mixin.py:150} INFO - [2023-09-01T19:45:14.718+0000] {dagbag.py:541} INFO - Filling up the DagBag from /home/airflow/.local/lib/python3.7/site-packages/airflow/example_dags/example_branch_operator.py
[2023-09-01T19:45:14.728+0000] {processor.py:836} INFO - DAG(s) dict_keys(['example_branch_operator']) retrieved from /home/airflow/.local/lib/python3.7/site-packages/airflow/example_dags/example_branch_operator.py
[2023-09-01T19:45:14.758+0000] {logging_mixin.py:150} INFO - [2023-09-01T19:45:14.758+0000] {dag.py:2742} INFO - Sync 1 DAGs
[2023-09-01T19:45:14.786+0000] {logging_mixin.py:150} INFO - [2023-09-01T19:45:14.786+0000] {dag.py:3508} INFO - Setting next_dagrun for example_branch_operator to 2023-08-31T00:00:00+00:00, run_after=2023-09-01T00:00:00+00:00
[2023-09-01T19:45:14.802+0000] {processor.py:179} INFO - Processing /home/airflow/.local/lib/python3.7/site-packages/airflow/example_dags/example_branch_operator.py took 0.090 seconds
[2023-09-01T19:45:44.963+0000] {processor.py:157} INFO - Started process (PID=1559) to work on /home/airflow/.local/lib/python3.7/site-packages/airflow/example_dags/example_branch_operator.py
[2023-09-01T19:45:44.964+0000] {processor.py:826} INFO - Processing file /home/airflow/.local/lib/python3.7/site-packages/airflow/example_dags/example_branch_operator.py for tasks to queue
[2023-09-01T19:45:44.964+0000] {logging_mixin.py:150} INFO - [2023-09-01T19:45:44.964+0000] {dagbag.py:541} INFO - Filling up the DagBag from /home/airflow/.local/lib/python3.7/site-packages/airflow/example_dags/example_branch_operator.py
[2023-09-01T19:45:44.974+0000] {processor.py:836} INFO - DAG(s) dict_keys(['example_branch_operator']) retrieved from /home/airflow/.local/lib/python3.7/site-packages/airflow/example_dags/example_branch_operator.py
[2023-09-01T19:45:44.999+0000] {logging_mixin.py:150} INFO - [2023-09-01T19:45:44.999+0000] {dag.py:2742} INFO - Sync 1 DAGs
[2023-09-01T19:45:45.022+0000] {logging_mixin.py:150} INFO - [2023-09-01T19:45:45.021+0000] {dag.py:3508} INFO - Setting next_dagrun for example_branch_operator to 2023-08-31T00:00:00+00:00, run_after=2023-09-01T00:00:00+00:00
[2023-09-01T19:45:45.042+0000] {processor.py:179} INFO - Processing /home/airflow/.local/lib/python3.7/site-packages/airflow/example_dags/example_branch_operator.py took 0.081 seconds
[2023-09-01T19:46:15.383+0000] {processor.py:157} INFO - Started process (PID=1614) to work on /home/airflow/.local/lib/python3.7/site-packages/airflow/example_dags/example_branch_operator.py
[2023-09-01T19:46:15.385+0000] {processor.py:826} INFO - Processing file /home/airflow/.local/lib/python3.7/site-packages/airflow/example_dags/example_branch_operator.py for tasks to queue
[2023-09-01T19:46:15.385+0000] {logging_mixin.py:150} INFO - [2023-09-01T19:46:15.385+0000] {dagbag.py:541} INFO - Filling up the DagBag from /home/airflow/.local/lib/python3.7/site-packages/airflow/example_dags/example_branch_operator.py
[2023-09-01T19:46:15.393+0000] {processor.py:836} INFO - DAG(s) dict_keys(['example_branch_operator']) retrieved from /home/airflow/.local/lib/python3.7/site-packages/airflow/example_dags/example_branch_operator.py
[2023-09-01T19:46:15.420+0000] {logging_mixin.py:150} INFO - [2023-09-01T19:46:15.420+0000] {dag.py:2742} INFO - Sync 1 DAGs
[2023-09-01T19:46:15.442+0000] {logging_mixin.py:150} INFO - [2023-09-01T19:46:15.441+0000] {dag.py:3508} INFO - Setting next_dagrun for example_branch_operator to 2023-08-31T00:00:00+00:00, run_after=2023-09-01T00:00:00+00:00
[2023-09-01T19:46:15.459+0000] {processor.py:179} INFO - Processing /home/airflow/.local/lib/python3.7/site-packages/airflow/example_dags/example_branch_operator.py took 0.079 seconds
[2023-09-01T19:46:45.888+0000] {processor.py:157} INFO - Started process (PID=1669) to work on /home/airflow/.local/lib/python3.7/site-packages/airflow/example_dags/example_branch_operator.py
[2023-09-01T19:46:45.890+0000] {processor.py:826} INFO - Processing file /home/airflow/.local/lib/python3.7/site-packages/airflow/example_dags/example_branch_operator.py for tasks to queue
[2023-09-01T19:46:45.891+0000] {logging_mixin.py:150} INFO - [2023-09-01T19:46:45.890+0000] {dagbag.py:541} INFO - Filling up the DagBag from /home/airflow/.local/lib/python3.7/site-packages/airflow/example_dags/example_branch_operator.py
[2023-09-01T19:46:45.899+0000] {processor.py:836} INFO - DAG(s) dict_keys(['example_branch_operator']) retrieved from /home/airflow/.local/lib/python3.7/site-packages/airflow/example_dags/example_branch_operator.py
[2023-09-01T19:46:45.923+0000] {logging_mixin.py:150} INFO - [2023-09-01T19:46:45.923+0000] {dag.py:2742} INFO - Sync 1 DAGs
[2023-09-01T19:46:45.947+0000] {logging_mixin.py:150} INFO - [2023-09-01T19:46:45.946+0000] {dag.py:3508} INFO - Setting next_dagrun for example_branch_operator to 2023-08-31T00:00:00+00:00, run_after=2023-09-01T00:00:00+00:00
[2023-09-01T19:46:45.966+0000] {processor.py:179} INFO - Processing /home/airflow/.local/lib/python3.7/site-packages/airflow/example_dags/example_branch_operator.py took 0.081 seconds
[2023-09-01T19:47:16.525+0000] {processor.py:157} INFO - Started process (PID=1724) to work on /home/airflow/.local/lib/python3.7/site-packages/airflow/example_dags/example_branch_operator.py
[2023-09-01T19:47:16.526+0000] {processor.py:826} INFO - Processing file /home/airflow/.local/lib/python3.7/site-packages/airflow/example_dags/example_branch_operator.py for tasks to queue
[2023-09-01T19:47:16.527+0000] {logging_mixin.py:150} INFO - [2023-09-01T19:47:16.526+0000] {dagbag.py:541} INFO - Filling up the DagBag from /home/airflow/.local/lib/python3.7/site-packages/airflow/example_dags/example_branch_operator.py
[2023-09-01T19:47:16.535+0000] {processor.py:836} INFO - DAG(s) dict_keys(['example_branch_operator']) retrieved from /home/airflow/.local/lib/python3.7/site-packages/airflow/example_dags/example_branch_operator.py
[2023-09-01T19:47:16.557+0000] {logging_mixin.py:150} INFO - [2023-09-01T19:47:16.557+0000] {dag.py:2742} INFO - Sync 1 DAGs
[2023-09-01T19:47:16.579+0000] {logging_mixin.py:150} INFO - [2023-09-01T19:47:16.579+0000] {dag.py:3508} INFO - Setting next_dagrun for example_branch_operator to 2023-08-31T00:00:00+00:00, run_after=2023-09-01T00:00:00+00:00
[2023-09-01T19:47:16.597+0000] {processor.py:179} INFO - Processing /home/airflow/.local/lib/python3.7/site-packages/airflow/example_dags/example_branch_operator.py took 0.075 seconds
[2023-09-01T19:47:47.026+0000] {processor.py:157} INFO - Started process (PID=1779) to work on /home/airflow/.local/lib/python3.7/site-packages/airflow/example_dags/example_branch_operator.py
[2023-09-01T19:47:47.028+0000] {processor.py:826} INFO - Processing file /home/airflow/.local/lib/python3.7/site-packages/airflow/example_dags/example_branch_operator.py for tasks to queue
[2023-09-01T19:47:47.028+0000] {logging_mixin.py:150} INFO - [2023-09-01T19:47:47.028+0000] {dagbag.py:541} INFO - Filling up the DagBag from /home/airflow/.local/lib/python3.7/site-packages/airflow/example_dags/example_branch_operator.py
[2023-09-01T19:47:47.038+0000] {processor.py:836} INFO - DAG(s) dict_keys(['example_branch_operator']) retrieved from /home/airflow/.local/lib/python3.7/site-packages/airflow/example_dags/example_branch_operator.py
[2023-09-01T19:47:47.065+0000] {logging_mixin.py:150} INFO - [2023-09-01T19:47:47.064+0000] {dag.py:2742} INFO - Sync 1 DAGs
[2023-09-01T19:47:47.090+0000] {logging_mixin.py:150} INFO - [2023-09-01T19:47:47.089+0000] {dag.py:3508} INFO - Setting next_dagrun for example_branch_operator to 2023-08-31T00:00:00+00:00, run_after=2023-09-01T00:00:00+00:00
[2023-09-01T19:47:47.111+0000] {processor.py:179} INFO - Processing /home/airflow/.local/lib/python3.7/site-packages/airflow/example_dags/example_branch_operator.py took 0.088 seconds
[2023-09-01T19:48:17.583+0000] {processor.py:157} INFO - Started process (PID=1834) to work on /home/airflow/.local/lib/python3.7/site-packages/airflow/example_dags/example_branch_operator.py
[2023-09-01T19:48:17.584+0000] {processor.py:826} INFO - Processing file /home/airflow/.local/lib/python3.7/site-packages/airflow/example_dags/example_branch_operator.py for tasks to queue
[2023-09-01T19:48:17.585+0000] {logging_mixin.py:150} INFO - [2023-09-01T19:48:17.584+0000] {dagbag.py:541} INFO - Filling up the DagBag from /home/airflow/.local/lib/python3.7/site-packages/airflow/example_dags/example_branch_operator.py
[2023-09-01T19:48:17.594+0000] {processor.py:836} INFO - DAG(s) dict_keys(['example_branch_operator']) retrieved from /home/airflow/.local/lib/python3.7/site-packages/airflow/example_dags/example_branch_operator.py
[2023-09-01T19:48:17.618+0000] {logging_mixin.py:150} INFO - [2023-09-01T19:48:17.618+0000] {dag.py:2742} INFO - Sync 1 DAGs
[2023-09-01T19:48:17.655+0000] {logging_mixin.py:150} INFO - [2023-09-01T19:48:17.654+0000] {dag.py:3508} INFO - Setting next_dagrun for example_branch_operator to 2023-08-31T00:00:00+00:00, run_after=2023-09-01T00:00:00+00:00
[2023-09-01T19:48:17.670+0000] {processor.py:179} INFO - Processing /home/airflow/.local/lib/python3.7/site-packages/airflow/example_dags/example_branch_operator.py took 0.090 seconds
[2023-09-01T19:48:48.277+0000] {processor.py:157} INFO - Started process (PID=1888) to work on /home/airflow/.local/lib/python3.7/site-packages/airflow/example_dags/example_branch_operator.py
[2023-09-01T19:48:48.278+0000] {processor.py:826} INFO - Processing file /home/airflow/.local/lib/python3.7/site-packages/airflow/example_dags/example_branch_operator.py for tasks to queue
[2023-09-01T19:48:48.279+0000] {logging_mixin.py:150} INFO - [2023-09-01T19:48:48.279+0000] {dagbag.py:541} INFO - Filling up the DagBag from /home/airflow/.local/lib/python3.7/site-packages/airflow/example_dags/example_branch_operator.py
[2023-09-01T19:48:48.286+0000] {processor.py:836} INFO - DAG(s) dict_keys(['example_branch_operator']) retrieved from /home/airflow/.local/lib/python3.7/site-packages/airflow/example_dags/example_branch_operator.py
[2023-09-01T19:48:48.311+0000] {logging_mixin.py:150} INFO - [2023-09-01T19:48:48.311+0000] {dag.py:2742} INFO - Sync 1 DAGs
[2023-09-01T19:48:48.332+0000] {logging_mixin.py:150} INFO - [2023-09-01T19:48:48.332+0000] {dag.py:3508} INFO - Setting next_dagrun for example_branch_operator to 2023-08-31T00:00:00+00:00, run_after=2023-09-01T00:00:00+00:00
[2023-09-01T19:48:48.347+0000] {processor.py:179} INFO - Processing /home/airflow/.local/lib/python3.7/site-packages/airflow/example_dags/example_branch_operator.py took 0.074 seconds
[2023-09-01T19:49:19.003+0000] {processor.py:157} INFO - Started process (PID=1943) to work on /home/airflow/.local/lib/python3.7/site-packages/airflow/example_dags/example_branch_operator.py
[2023-09-01T19:49:19.003+0000] {processor.py:826} INFO - Processing file /home/airflow/.local/lib/python3.7/site-packages/airflow/example_dags/example_branch_operator.py for tasks to queue
[2023-09-01T19:49:19.004+0000] {logging_mixin.py:150} INFO - [2023-09-01T19:49:19.004+0000] {dagbag.py:541} INFO - Filling up the DagBag from /home/airflow/.local/lib/python3.7/site-packages/airflow/example_dags/example_branch_operator.py
[2023-09-01T19:49:19.012+0000] {processor.py:836} INFO - DAG(s) dict_keys(['example_branch_operator']) retrieved from /home/airflow/.local/lib/python3.7/site-packages/airflow/example_dags/example_branch_operator.py
[2023-09-01T19:49:19.035+0000] {logging_mixin.py:150} INFO - [2023-09-01T19:49:19.035+0000] {dag.py:2742} INFO - Sync 1 DAGs
[2023-09-01T19:49:19.056+0000] {logging_mixin.py:150} INFO - [2023-09-01T19:49:19.056+0000] {dag.py:3508} INFO - Setting next_dagrun for example_branch_operator to 2023-08-31T00:00:00+00:00, run_after=2023-09-01T00:00:00+00:00
[2023-09-01T19:49:19.074+0000] {processor.py:179} INFO - Processing /home/airflow/.local/lib/python3.7/site-packages/airflow/example_dags/example_branch_operator.py took 0.074 seconds
[2023-09-01T19:49:49.764+0000] {processor.py:157} INFO - Started process (PID=1998) to work on /home/airflow/.local/lib/python3.7/site-packages/airflow/example_dags/example_branch_operator.py
[2023-09-01T19:49:49.766+0000] {processor.py:826} INFO - Processing file /home/airflow/.local/lib/python3.7/site-packages/airflow/example_dags/example_branch_operator.py for tasks to queue
[2023-09-01T19:49:49.766+0000] {logging_mixin.py:150} INFO - [2023-09-01T19:49:49.766+0000] {dagbag.py:541} INFO - Filling up the DagBag from /home/airflow/.local/lib/python3.7/site-packages/airflow/example_dags/example_branch_operator.py
[2023-09-01T19:49:49.775+0000] {processor.py:836} INFO - DAG(s) dict_keys(['example_branch_operator']) retrieved from /home/airflow/.local/lib/python3.7/site-packages/airflow/example_dags/example_branch_operator.py
[2023-09-01T19:49:49.799+0000] {logging_mixin.py:150} INFO - [2023-09-01T19:49:49.798+0000] {dag.py:2742} INFO - Sync 1 DAGs
[2023-09-01T19:49:49.822+0000] {logging_mixin.py:150} INFO - [2023-09-01T19:49:49.822+0000] {dag.py:3508} INFO - Setting next_dagrun for example_branch_operator to 2023-08-31T00:00:00+00:00, run_after=2023-09-01T00:00:00+00:00
[2023-09-01T19:49:49.841+0000] {processor.py:179} INFO - Processing /home/airflow/.local/lib/python3.7/site-packages/airflow/example_dags/example_branch_operator.py took 0.080 seconds
[2023-09-01T19:50:20.424+0000] {processor.py:157} INFO - Started process (PID=2053) to work on /home/airflow/.local/lib/python3.7/site-packages/airflow/example_dags/example_branch_operator.py
[2023-09-01T19:50:20.425+0000] {processor.py:826} INFO - Processing file /home/airflow/.local/lib/python3.7/site-packages/airflow/example_dags/example_branch_operator.py for tasks to queue
[2023-09-01T19:50:20.426+0000] {logging_mixin.py:150} INFO - [2023-09-01T19:50:20.426+0000] {dagbag.py:541} INFO - Filling up the DagBag from /home/airflow/.local/lib/python3.7/site-packages/airflow/example_dags/example_branch_operator.py
[2023-09-01T19:50:20.433+0000] {processor.py:836} INFO - DAG(s) dict_keys(['example_branch_operator']) retrieved from /home/airflow/.local/lib/python3.7/site-packages/airflow/example_dags/example_branch_operator.py
[2023-09-01T19:50:20.457+0000] {logging_mixin.py:150} INFO - [2023-09-01T19:50:20.457+0000] {dag.py:2742} INFO - Sync 1 DAGs
[2023-09-01T19:50:20.479+0000] {logging_mixin.py:150} INFO - [2023-09-01T19:50:20.479+0000] {dag.py:3508} INFO - Setting next_dagrun for example_branch_operator to 2023-08-31T00:00:00+00:00, run_after=2023-09-01T00:00:00+00:00
[2023-09-01T19:50:20.496+0000] {processor.py:179} INFO - Processing /home/airflow/.local/lib/python3.7/site-packages/airflow/example_dags/example_branch_operator.py took 0.075 seconds
[2023-09-01T19:50:50.595+0000] {processor.py:157} INFO - Started process (PID=2108) to work on /home/airflow/.local/lib/python3.7/site-packages/airflow/example_dags/example_branch_operator.py
[2023-09-01T19:50:50.596+0000] {processor.py:826} INFO - Processing file /home/airflow/.local/lib/python3.7/site-packages/airflow/example_dags/example_branch_operator.py for tasks to queue
[2023-09-01T19:50:50.596+0000] {logging_mixin.py:150} INFO - [2023-09-01T19:50:50.596+0000] {dagbag.py:541} INFO - Filling up the DagBag from /home/airflow/.local/lib/python3.7/site-packages/airflow/example_dags/example_branch_operator.py
[2023-09-01T19:50:50.607+0000] {processor.py:836} INFO - DAG(s) dict_keys(['example_branch_operator']) retrieved from /home/airflow/.local/lib/python3.7/site-packages/airflow/example_dags/example_branch_operator.py
[2023-09-01T19:50:50.630+0000] {logging_mixin.py:150} INFO - [2023-09-01T19:50:50.630+0000] {dag.py:2742} INFO - Sync 1 DAGs
[2023-09-01T19:50:50.655+0000] {logging_mixin.py:150} INFO - [2023-09-01T19:50:50.655+0000] {dag.py:3508} INFO - Setting next_dagrun for example_branch_operator to 2023-08-31T00:00:00+00:00, run_after=2023-09-01T00:00:00+00:00
[2023-09-01T19:50:50.671+0000] {processor.py:179} INFO - Processing /home/airflow/.local/lib/python3.7/site-packages/airflow/example_dags/example_branch_operator.py took 0.079 seconds
[2023-09-01T19:51:21.095+0000] {processor.py:157} INFO - Started process (PID=2162) to work on /home/airflow/.local/lib/python3.7/site-packages/airflow/example_dags/example_branch_operator.py
[2023-09-01T19:51:21.096+0000] {processor.py:826} INFO - Processing file /home/airflow/.local/lib/python3.7/site-packages/airflow/example_dags/example_branch_operator.py for tasks to queue
[2023-09-01T19:51:21.097+0000] {logging_mixin.py:150} INFO - [2023-09-01T19:51:21.097+0000] {dagbag.py:541} INFO - Filling up the DagBag from /home/airflow/.local/lib/python3.7/site-packages/airflow/example_dags/example_branch_operator.py
[2023-09-01T19:51:21.105+0000] {processor.py:836} INFO - DAG(s) dict_keys(['example_branch_operator']) retrieved from /home/airflow/.local/lib/python3.7/site-packages/airflow/example_dags/example_branch_operator.py
[2023-09-01T19:51:21.130+0000] {logging_mixin.py:150} INFO - [2023-09-01T19:51:21.130+0000] {dag.py:2742} INFO - Sync 1 DAGs
[2023-09-01T19:51:21.152+0000] {logging_mixin.py:150} INFO - [2023-09-01T19:51:21.152+0000] {dag.py:3508} INFO - Setting next_dagrun for example_branch_operator to 2023-08-31T00:00:00+00:00, run_after=2023-09-01T00:00:00+00:00
[2023-09-01T19:51:21.170+0000] {processor.py:179} INFO - Processing /home/airflow/.local/lib/python3.7/site-packages/airflow/example_dags/example_branch_operator.py took 0.079 seconds
[2023-09-01T19:51:51.403+0000] {processor.py:157} INFO - Started process (PID=2217) to work on /home/airflow/.local/lib/python3.7/site-packages/airflow/example_dags/example_branch_operator.py
[2023-09-01T19:51:51.404+0000] {processor.py:826} INFO - Processing file /home/airflow/.local/lib/python3.7/site-packages/airflow/example_dags/example_branch_operator.py for tasks to queue
[2023-09-01T19:51:51.404+0000] {logging_mixin.py:150} INFO - [2023-09-01T19:51:51.404+0000] {dagbag.py:541} INFO - Filling up the DagBag from /home/airflow/.local/lib/python3.7/site-packages/airflow/example_dags/example_branch_operator.py
[2023-09-01T19:51:51.412+0000] {processor.py:836} INFO - DAG(s) dict_keys(['example_branch_operator']) retrieved from /home/airflow/.local/lib/python3.7/site-packages/airflow/example_dags/example_branch_operator.py
[2023-09-01T19:51:51.435+0000] {logging_mixin.py:150} INFO - [2023-09-01T19:51:51.435+0000] {dag.py:2742} INFO - Sync 1 DAGs
[2023-09-01T19:51:51.460+0000] {logging_mixin.py:150} INFO - [2023-09-01T19:51:51.459+0000] {dag.py:3508} INFO - Setting next_dagrun for example_branch_operator to 2023-08-31T00:00:00+00:00, run_after=2023-09-01T00:00:00+00:00
[2023-09-01T19:51:51.478+0000] {processor.py:179} INFO - Processing /home/airflow/.local/lib/python3.7/site-packages/airflow/example_dags/example_branch_operator.py took 0.078 seconds
[2023-09-01T19:52:21.564+0000] {processor.py:157} INFO - Started process (PID=2271) to work on /home/airflow/.local/lib/python3.7/site-packages/airflow/example_dags/example_branch_operator.py
[2023-09-01T19:52:21.566+0000] {processor.py:826} INFO - Processing file /home/airflow/.local/lib/python3.7/site-packages/airflow/example_dags/example_branch_operator.py for tasks to queue
[2023-09-01T19:52:21.566+0000] {logging_mixin.py:150} INFO - [2023-09-01T19:52:21.566+0000] {dagbag.py:541} INFO - Filling up the DagBag from /home/airflow/.local/lib/python3.7/site-packages/airflow/example_dags/example_branch_operator.py
[2023-09-01T19:52:21.585+0000] {processor.py:836} INFO - DAG(s) dict_keys(['example_branch_operator']) retrieved from /home/airflow/.local/lib/python3.7/site-packages/airflow/example_dags/example_branch_operator.py
[2023-09-01T19:52:21.641+0000] {logging_mixin.py:150} INFO - [2023-09-01T19:52:21.641+0000] {dag.py:2742} INFO - Sync 1 DAGs
[2023-09-01T19:52:21.738+0000] {logging_mixin.py:150} INFO - [2023-09-01T19:52:21.737+0000] {dag.py:3508} INFO - Setting next_dagrun for example_branch_operator to 2023-08-31T00:00:00+00:00, run_after=2023-09-01T00:00:00+00:00
[2023-09-01T19:52:21.764+0000] {processor.py:179} INFO - Processing /home/airflow/.local/lib/python3.7/site-packages/airflow/example_dags/example_branch_operator.py took 0.206 seconds
[2023-09-01T19:52:51.993+0000] {processor.py:157} INFO - Started process (PID=2326) to work on /home/airflow/.local/lib/python3.7/site-packages/airflow/example_dags/example_branch_operator.py
[2023-09-01T19:52:51.995+0000] {processor.py:826} INFO - Processing file /home/airflow/.local/lib/python3.7/site-packages/airflow/example_dags/example_branch_operator.py for tasks to queue
[2023-09-01T19:52:51.996+0000] {logging_mixin.py:150} INFO - [2023-09-01T19:52:51.995+0000] {dagbag.py:541} INFO - Filling up the DagBag from /home/airflow/.local/lib/python3.7/site-packages/airflow/example_dags/example_branch_operator.py
[2023-09-01T19:52:52.008+0000] {processor.py:836} INFO - DAG(s) dict_keys(['example_branch_operator']) retrieved from /home/airflow/.local/lib/python3.7/site-packages/airflow/example_dags/example_branch_operator.py
[2023-09-01T19:52:52.031+0000] {logging_mixin.py:150} INFO - [2023-09-01T19:52:52.030+0000] {dag.py:2742} INFO - Sync 1 DAGs
[2023-09-01T19:52:52.053+0000] {logging_mixin.py:150} INFO - [2023-09-01T19:52:52.053+0000] {dag.py:3508} INFO - Setting next_dagrun for example_branch_operator to 2023-08-31T00:00:00+00:00, run_after=2023-09-01T00:00:00+00:00
[2023-09-01T19:52:52.070+0000] {processor.py:179} INFO - Processing /home/airflow/.local/lib/python3.7/site-packages/airflow/example_dags/example_branch_operator.py took 0.080 seconds
[2023-09-01T19:53:22.822+0000] {processor.py:157} INFO - Started process (PID=2381) to work on /home/airflow/.local/lib/python3.7/site-packages/airflow/example_dags/example_branch_operator.py
[2023-09-01T19:53:22.823+0000] {processor.py:826} INFO - Processing file /home/airflow/.local/lib/python3.7/site-packages/airflow/example_dags/example_branch_operator.py for tasks to queue
[2023-09-01T19:53:22.824+0000] {logging_mixin.py:150} INFO - [2023-09-01T19:53:22.824+0000] {dagbag.py:541} INFO - Filling up the DagBag from /home/airflow/.local/lib/python3.7/site-packages/airflow/example_dags/example_branch_operator.py
[2023-09-01T19:53:22.833+0000] {processor.py:836} INFO - DAG(s) dict_keys(['example_branch_operator']) retrieved from /home/airflow/.local/lib/python3.7/site-packages/airflow/example_dags/example_branch_operator.py
[2023-09-01T19:53:22.858+0000] {logging_mixin.py:150} INFO - [2023-09-01T19:53:22.858+0000] {dag.py:2742} INFO - Sync 1 DAGs
[2023-09-01T19:53:22.883+0000] {logging_mixin.py:150} INFO - [2023-09-01T19:53:22.883+0000] {dag.py:3508} INFO - Setting next_dagrun for example_branch_operator to 2023-08-31T00:00:00+00:00, run_after=2023-09-01T00:00:00+00:00
[2023-09-01T19:53:22.906+0000] {processor.py:179} INFO - Processing /home/airflow/.local/lib/python3.7/site-packages/airflow/example_dags/example_branch_operator.py took 0.088 seconds
[2023-09-01T19:53:53.117+0000] {processor.py:157} INFO - Started process (PID=2436) to work on /home/airflow/.local/lib/python3.7/site-packages/airflow/example_dags/example_branch_operator.py
[2023-09-01T19:53:53.117+0000] {processor.py:826} INFO - Processing file /home/airflow/.local/lib/python3.7/site-packages/airflow/example_dags/example_branch_operator.py for tasks to queue
[2023-09-01T19:53:53.118+0000] {logging_mixin.py:150} INFO - [2023-09-01T19:53:53.118+0000] {dagbag.py:541} INFO - Filling up the DagBag from /home/airflow/.local/lib/python3.7/site-packages/airflow/example_dags/example_branch_operator.py
[2023-09-01T19:53:53.127+0000] {processor.py:836} INFO - DAG(s) dict_keys(['example_branch_operator']) retrieved from /home/airflow/.local/lib/python3.7/site-packages/airflow/example_dags/example_branch_operator.py
[2023-09-01T19:53:53.152+0000] {logging_mixin.py:150} INFO - [2023-09-01T19:53:53.152+0000] {dag.py:2742} INFO - Sync 1 DAGs
[2023-09-01T19:53:53.175+0000] {logging_mixin.py:150} INFO - [2023-09-01T19:53:53.175+0000] {dag.py:3508} INFO - Setting next_dagrun for example_branch_operator to 2023-08-31T00:00:00+00:00, run_after=2023-09-01T00:00:00+00:00
[2023-09-01T19:53:53.192+0000] {processor.py:179} INFO - Processing /home/airflow/.local/lib/python3.7/site-packages/airflow/example_dags/example_branch_operator.py took 0.079 seconds
[2023-09-01T19:54:23.295+0000] {processor.py:157} INFO - Started process (PID=2491) to work on /home/airflow/.local/lib/python3.7/site-packages/airflow/example_dags/example_branch_operator.py
[2023-09-01T19:54:23.296+0000] {processor.py:826} INFO - Processing file /home/airflow/.local/lib/python3.7/site-packages/airflow/example_dags/example_branch_operator.py for tasks to queue
[2023-09-01T19:54:23.297+0000] {logging_mixin.py:150} INFO - [2023-09-01T19:54:23.297+0000] {dagbag.py:541} INFO - Filling up the DagBag from /home/airflow/.local/lib/python3.7/site-packages/airflow/example_dags/example_branch_operator.py
[2023-09-01T19:54:23.305+0000] {processor.py:836} INFO - DAG(s) dict_keys(['example_branch_operator']) retrieved from /home/airflow/.local/lib/python3.7/site-packages/airflow/example_dags/example_branch_operator.py
[2023-09-01T19:54:23.328+0000] {logging_mixin.py:150} INFO - [2023-09-01T19:54:23.328+0000] {dag.py:2742} INFO - Sync 1 DAGs
[2023-09-01T19:54:23.350+0000] {logging_mixin.py:150} INFO - [2023-09-01T19:54:23.350+0000] {dag.py:3508} INFO - Setting next_dagrun for example_branch_operator to 2023-08-31T00:00:00+00:00, run_after=2023-09-01T00:00:00+00:00
[2023-09-01T19:54:23.365+0000] {processor.py:179} INFO - Processing /home/airflow/.local/lib/python3.7/site-packages/airflow/example_dags/example_branch_operator.py took 0.073 seconds
[2023-09-01T19:54:53.801+0000] {processor.py:157} INFO - Started process (PID=2546) to work on /home/airflow/.local/lib/python3.7/site-packages/airflow/example_dags/example_branch_operator.py
[2023-09-01T19:54:53.802+0000] {processor.py:826} INFO - Processing file /home/airflow/.local/lib/python3.7/site-packages/airflow/example_dags/example_branch_operator.py for tasks to queue
[2023-09-01T19:54:53.802+0000] {logging_mixin.py:150} INFO - [2023-09-01T19:54:53.802+0000] {dagbag.py:541} INFO - Filling up the DagBag from /home/airflow/.local/lib/python3.7/site-packages/airflow/example_dags/example_branch_operator.py
[2023-09-01T19:54:53.811+0000] {processor.py:836} INFO - DAG(s) dict_keys(['example_branch_operator']) retrieved from /home/airflow/.local/lib/python3.7/site-packages/airflow/example_dags/example_branch_operator.py
[2023-09-01T19:54:53.837+0000] {logging_mixin.py:150} INFO - [2023-09-01T19:54:53.837+0000] {dag.py:2742} INFO - Sync 1 DAGs
[2023-09-01T19:54:53.860+0000] {logging_mixin.py:150} INFO - [2023-09-01T19:54:53.859+0000] {dag.py:3508} INFO - Setting next_dagrun for example_branch_operator to 2023-08-31T00:00:00+00:00, run_after=2023-09-01T00:00:00+00:00
[2023-09-01T19:54:53.882+0000] {processor.py:179} INFO - Processing /home/airflow/.local/lib/python3.7/site-packages/airflow/example_dags/example_branch_operator.py took 0.084 seconds
