[2023-09-01T19:31:44.351+0000] {processor.py:157} INFO - Started process (PID=31) to work on /home/airflow/.local/lib/python3.7/site-packages/airflow/example_dags/example_sla_dag.py
[2023-09-01T19:31:44.392+0000] {processor.py:826} INFO - Processing file /home/airflow/.local/lib/python3.7/site-packages/airflow/example_dags/example_sla_dag.py for tasks to queue
[2023-09-01T19:31:44.395+0000] {logging_mixin.py:150} INFO - [2023-09-01T19:31:44.394+0000] {dagbag.py:541} INFO - Filling up the DagBag from /home/airflow/.local/lib/python3.7/site-packages/airflow/example_dags/example_sla_dag.py
[2023-09-01T19:31:44.723+0000] {processor.py:836} INFO - DAG(s) dict_keys(['example_sla_dag']) retrieved from /home/airflow/.local/lib/python3.7/site-packages/airflow/example_dags/example_sla_dag.py
[2023-09-01T19:31:45.369+0000] {logging_mixin.py:150} INFO - [2023-09-01T19:31:45.369+0000] {dag.py:2742} INFO - Sync 1 DAGs
[2023-09-01T19:31:45.440+0000] {logging_mixin.py:150} INFO - [2023-09-01T19:31:45.440+0000] {dag.py:3508} INFO - Setting next_dagrun for example_sla_dag to 2023-09-01T19:28:00+00:00, run_after=2023-09-01T19:30:00+00:00
[2023-09-01T19:31:45.527+0000] {processor.py:179} INFO - Processing /home/airflow/.local/lib/python3.7/site-packages/airflow/example_dags/example_sla_dag.py took 1.215 seconds
[2023-09-01T19:32:15.752+0000] {processor.py:157} INFO - Started process (PID=87) to work on /home/airflow/.local/lib/python3.7/site-packages/airflow/example_dags/example_sla_dag.py
[2023-09-01T19:32:15.757+0000] {processor.py:826} INFO - Processing file /home/airflow/.local/lib/python3.7/site-packages/airflow/example_dags/example_sla_dag.py for tasks to queue
[2023-09-01T19:32:15.761+0000] {logging_mixin.py:150} INFO - [2023-09-01T19:32:15.760+0000] {dagbag.py:541} INFO - Filling up the DagBag from /home/airflow/.local/lib/python3.7/site-packages/airflow/example_dags/example_sla_dag.py
[2023-09-01T19:32:15.789+0000] {processor.py:836} INFO - DAG(s) dict_keys(['example_sla_dag']) retrieved from /home/airflow/.local/lib/python3.7/site-packages/airflow/example_dags/example_sla_dag.py
[2023-09-01T19:32:15.849+0000] {logging_mixin.py:150} INFO - [2023-09-01T19:32:15.849+0000] {dag.py:2742} INFO - Sync 1 DAGs
[2023-09-01T19:32:15.910+0000] {logging_mixin.py:150} INFO - [2023-09-01T19:32:15.910+0000] {dag.py:3508} INFO - Setting next_dagrun for example_sla_dag to 2023-09-01T19:30:00+00:00, run_after=2023-09-01T19:32:00+00:00
[2023-09-01T19:32:15.944+0000] {processor.py:179} INFO - Processing /home/airflow/.local/lib/python3.7/site-packages/airflow/example_dags/example_sla_dag.py took 0.207 seconds
[2023-09-01T19:32:46.060+0000] {processor.py:157} INFO - Started process (PID=142) to work on /home/airflow/.local/lib/python3.7/site-packages/airflow/example_dags/example_sla_dag.py
[2023-09-01T19:32:46.061+0000] {processor.py:826} INFO - Processing file /home/airflow/.local/lib/python3.7/site-packages/airflow/example_dags/example_sla_dag.py for tasks to queue
[2023-09-01T19:32:46.061+0000] {logging_mixin.py:150} INFO - [2023-09-01T19:32:46.061+0000] {dagbag.py:541} INFO - Filling up the DagBag from /home/airflow/.local/lib/python3.7/site-packages/airflow/example_dags/example_sla_dag.py
[2023-09-01T19:32:46.069+0000] {processor.py:836} INFO - DAG(s) dict_keys(['example_sla_dag']) retrieved from /home/airflow/.local/lib/python3.7/site-packages/airflow/example_dags/example_sla_dag.py
[2023-09-01T19:32:46.090+0000] {logging_mixin.py:150} INFO - [2023-09-01T19:32:46.090+0000] {dag.py:2742} INFO - Sync 1 DAGs
[2023-09-01T19:32:46.112+0000] {logging_mixin.py:150} INFO - [2023-09-01T19:32:46.111+0000] {dag.py:3508} INFO - Setting next_dagrun for example_sla_dag to 2023-09-01T19:30:00+00:00, run_after=2023-09-01T19:32:00+00:00
[2023-09-01T19:32:46.129+0000] {processor.py:179} INFO - Processing /home/airflow/.local/lib/python3.7/site-packages/airflow/example_dags/example_sla_dag.py took 0.072 seconds
[2023-09-01T19:33:16.702+0000] {processor.py:157} INFO - Started process (PID=197) to work on /home/airflow/.local/lib/python3.7/site-packages/airflow/example_dags/example_sla_dag.py
[2023-09-01T19:33:16.703+0000] {processor.py:826} INFO - Processing file /home/airflow/.local/lib/python3.7/site-packages/airflow/example_dags/example_sla_dag.py for tasks to queue
[2023-09-01T19:33:16.704+0000] {logging_mixin.py:150} INFO - [2023-09-01T19:33:16.704+0000] {dagbag.py:541} INFO - Filling up the DagBag from /home/airflow/.local/lib/python3.7/site-packages/airflow/example_dags/example_sla_dag.py
[2023-09-01T19:33:16.711+0000] {processor.py:836} INFO - DAG(s) dict_keys(['example_sla_dag']) retrieved from /home/airflow/.local/lib/python3.7/site-packages/airflow/example_dags/example_sla_dag.py
[2023-09-01T19:33:16.739+0000] {logging_mixin.py:150} INFO - [2023-09-01T19:33:16.737+0000] {dag.py:2742} INFO - Sync 1 DAGs
[2023-09-01T19:33:16.761+0000] {logging_mixin.py:150} INFO - [2023-09-01T19:33:16.761+0000] {dag.py:3508} INFO - Setting next_dagrun for example_sla_dag to 2023-09-01T19:30:00+00:00, run_after=2023-09-01T19:32:00+00:00
[2023-09-01T19:33:16.778+0000] {processor.py:179} INFO - Processing /home/airflow/.local/lib/python3.7/site-packages/airflow/example_dags/example_sla_dag.py took 0.079 seconds
[2023-09-01T19:33:46.944+0000] {processor.py:157} INFO - Started process (PID=252) to work on /home/airflow/.local/lib/python3.7/site-packages/airflow/example_dags/example_sla_dag.py
[2023-09-01T19:33:46.946+0000] {processor.py:826} INFO - Processing file /home/airflow/.local/lib/python3.7/site-packages/airflow/example_dags/example_sla_dag.py for tasks to queue
[2023-09-01T19:33:46.946+0000] {logging_mixin.py:150} INFO - [2023-09-01T19:33:46.946+0000] {dagbag.py:541} INFO - Filling up the DagBag from /home/airflow/.local/lib/python3.7/site-packages/airflow/example_dags/example_sla_dag.py
[2023-09-01T19:33:46.954+0000] {processor.py:836} INFO - DAG(s) dict_keys(['example_sla_dag']) retrieved from /home/airflow/.local/lib/python3.7/site-packages/airflow/example_dags/example_sla_dag.py
[2023-09-01T19:33:46.976+0000] {logging_mixin.py:150} INFO - [2023-09-01T19:33:46.976+0000] {dag.py:2742} INFO - Sync 1 DAGs
[2023-09-01T19:33:46.998+0000] {logging_mixin.py:150} INFO - [2023-09-01T19:33:46.998+0000] {dag.py:3508} INFO - Setting next_dagrun for example_sla_dag to 2023-09-01T19:30:00+00:00, run_after=2023-09-01T19:32:00+00:00
[2023-09-01T19:33:47.016+0000] {processor.py:179} INFO - Processing /home/airflow/.local/lib/python3.7/site-packages/airflow/example_dags/example_sla_dag.py took 0.075 seconds
[2023-09-01T19:34:17.481+0000] {processor.py:157} INFO - Started process (PID=307) to work on /home/airflow/.local/lib/python3.7/site-packages/airflow/example_dags/example_sla_dag.py
[2023-09-01T19:34:17.482+0000] {processor.py:826} INFO - Processing file /home/airflow/.local/lib/python3.7/site-packages/airflow/example_dags/example_sla_dag.py for tasks to queue
[2023-09-01T19:34:17.482+0000] {logging_mixin.py:150} INFO - [2023-09-01T19:34:17.482+0000] {dagbag.py:541} INFO - Filling up the DagBag from /home/airflow/.local/lib/python3.7/site-packages/airflow/example_dags/example_sla_dag.py
[2023-09-01T19:34:17.490+0000] {processor.py:836} INFO - DAG(s) dict_keys(['example_sla_dag']) retrieved from /home/airflow/.local/lib/python3.7/site-packages/airflow/example_dags/example_sla_dag.py
[2023-09-01T19:34:17.511+0000] {logging_mixin.py:150} INFO - [2023-09-01T19:34:17.511+0000] {dag.py:2742} INFO - Sync 1 DAGs
[2023-09-01T19:34:17.532+0000] {logging_mixin.py:150} INFO - [2023-09-01T19:34:17.532+0000] {dag.py:3508} INFO - Setting next_dagrun for example_sla_dag to 2023-09-01T19:32:00+00:00, run_after=2023-09-01T19:34:00+00:00
[2023-09-01T19:34:17.546+0000] {processor.py:179} INFO - Processing /home/airflow/.local/lib/python3.7/site-packages/airflow/example_dags/example_sla_dag.py took 0.068 seconds
[2023-09-01T19:34:47.706+0000] {processor.py:157} INFO - Started process (PID=362) to work on /home/airflow/.local/lib/python3.7/site-packages/airflow/example_dags/example_sla_dag.py
[2023-09-01T19:34:47.707+0000] {processor.py:826} INFO - Processing file /home/airflow/.local/lib/python3.7/site-packages/airflow/example_dags/example_sla_dag.py for tasks to queue
[2023-09-01T19:34:47.708+0000] {logging_mixin.py:150} INFO - [2023-09-01T19:34:47.708+0000] {dagbag.py:541} INFO - Filling up the DagBag from /home/airflow/.local/lib/python3.7/site-packages/airflow/example_dags/example_sla_dag.py
[2023-09-01T19:34:47.715+0000] {processor.py:836} INFO - DAG(s) dict_keys(['example_sla_dag']) retrieved from /home/airflow/.local/lib/python3.7/site-packages/airflow/example_dags/example_sla_dag.py
[2023-09-01T19:34:47.737+0000] {logging_mixin.py:150} INFO - [2023-09-01T19:34:47.737+0000] {dag.py:2742} INFO - Sync 1 DAGs
[2023-09-01T19:34:47.759+0000] {logging_mixin.py:150} INFO - [2023-09-01T19:34:47.759+0000] {dag.py:3508} INFO - Setting next_dagrun for example_sla_dag to 2023-09-01T19:32:00+00:00, run_after=2023-09-01T19:34:00+00:00
[2023-09-01T19:34:47.775+0000] {processor.py:179} INFO - Processing /home/airflow/.local/lib/python3.7/site-packages/airflow/example_dags/example_sla_dag.py took 0.072 seconds
[2023-09-01T19:35:18.080+0000] {processor.py:157} INFO - Started process (PID=417) to work on /home/airflow/.local/lib/python3.7/site-packages/airflow/example_dags/example_sla_dag.py
[2023-09-01T19:35:18.081+0000] {processor.py:826} INFO - Processing file /home/airflow/.local/lib/python3.7/site-packages/airflow/example_dags/example_sla_dag.py for tasks to queue
[2023-09-01T19:35:18.081+0000] {logging_mixin.py:150} INFO - [2023-09-01T19:35:18.081+0000] {dagbag.py:541} INFO - Filling up the DagBag from /home/airflow/.local/lib/python3.7/site-packages/airflow/example_dags/example_sla_dag.py
[2023-09-01T19:35:18.088+0000] {processor.py:836} INFO - DAG(s) dict_keys(['example_sla_dag']) retrieved from /home/airflow/.local/lib/python3.7/site-packages/airflow/example_dags/example_sla_dag.py
[2023-09-01T19:35:18.111+0000] {logging_mixin.py:150} INFO - [2023-09-01T19:35:18.110+0000] {dag.py:2742} INFO - Sync 1 DAGs
[2023-09-01T19:35:18.132+0000] {logging_mixin.py:150} INFO - [2023-09-01T19:35:18.132+0000] {dag.py:3508} INFO - Setting next_dagrun for example_sla_dag to 2023-09-01T19:32:00+00:00, run_after=2023-09-01T19:34:00+00:00
[2023-09-01T19:35:18.149+0000] {processor.py:179} INFO - Processing /home/airflow/.local/lib/python3.7/site-packages/airflow/example_dags/example_sla_dag.py took 0.072 seconds
[2023-09-01T19:35:48.323+0000] {processor.py:157} INFO - Started process (PID=472) to work on /home/airflow/.local/lib/python3.7/site-packages/airflow/example_dags/example_sla_dag.py
[2023-09-01T19:35:48.323+0000] {processor.py:826} INFO - Processing file /home/airflow/.local/lib/python3.7/site-packages/airflow/example_dags/example_sla_dag.py for tasks to queue
[2023-09-01T19:35:48.324+0000] {logging_mixin.py:150} INFO - [2023-09-01T19:35:48.324+0000] {dagbag.py:541} INFO - Filling up the DagBag from /home/airflow/.local/lib/python3.7/site-packages/airflow/example_dags/example_sla_dag.py
[2023-09-01T19:35:48.331+0000] {processor.py:836} INFO - DAG(s) dict_keys(['example_sla_dag']) retrieved from /home/airflow/.local/lib/python3.7/site-packages/airflow/example_dags/example_sla_dag.py
[2023-09-01T19:35:48.352+0000] {logging_mixin.py:150} INFO - [2023-09-01T19:35:48.352+0000] {dag.py:2742} INFO - Sync 1 DAGs
[2023-09-01T19:35:48.374+0000] {logging_mixin.py:150} INFO - [2023-09-01T19:35:48.373+0000] {dag.py:3508} INFO - Setting next_dagrun for example_sla_dag to 2023-09-01T19:32:00+00:00, run_after=2023-09-01T19:34:00+00:00
[2023-09-01T19:35:48.391+0000] {processor.py:179} INFO - Processing /home/airflow/.local/lib/python3.7/site-packages/airflow/example_dags/example_sla_dag.py took 0.071 seconds
[2023-09-01T19:36:18.549+0000] {processor.py:157} INFO - Started process (PID=527) to work on /home/airflow/.local/lib/python3.7/site-packages/airflow/example_dags/example_sla_dag.py
[2023-09-01T19:36:18.550+0000] {processor.py:826} INFO - Processing file /home/airflow/.local/lib/python3.7/site-packages/airflow/example_dags/example_sla_dag.py for tasks to queue
[2023-09-01T19:36:18.551+0000] {logging_mixin.py:150} INFO - [2023-09-01T19:36:18.550+0000] {dagbag.py:541} INFO - Filling up the DagBag from /home/airflow/.local/lib/python3.7/site-packages/airflow/example_dags/example_sla_dag.py
[2023-09-01T19:36:18.558+0000] {processor.py:836} INFO - DAG(s) dict_keys(['example_sla_dag']) retrieved from /home/airflow/.local/lib/python3.7/site-packages/airflow/example_dags/example_sla_dag.py
[2023-09-01T19:36:18.581+0000] {logging_mixin.py:150} INFO - [2023-09-01T19:36:18.581+0000] {dag.py:2742} INFO - Sync 1 DAGs
[2023-09-01T19:36:18.605+0000] {logging_mixin.py:150} INFO - [2023-09-01T19:36:18.605+0000] {dag.py:3508} INFO - Setting next_dagrun for example_sla_dag to 2023-09-01T19:34:00+00:00, run_after=2023-09-01T19:36:00+00:00
[2023-09-01T19:36:18.620+0000] {processor.py:179} INFO - Processing /home/airflow/.local/lib/python3.7/site-packages/airflow/example_dags/example_sla_dag.py took 0.074 seconds
[2023-09-01T19:36:48.663+0000] {processor.py:157} INFO - Started process (PID=582) to work on /home/airflow/.local/lib/python3.7/site-packages/airflow/example_dags/example_sla_dag.py
[2023-09-01T19:36:48.664+0000] {processor.py:826} INFO - Processing file /home/airflow/.local/lib/python3.7/site-packages/airflow/example_dags/example_sla_dag.py for tasks to queue
[2023-09-01T19:36:48.664+0000] {logging_mixin.py:150} INFO - [2023-09-01T19:36:48.664+0000] {dagbag.py:541} INFO - Filling up the DagBag from /home/airflow/.local/lib/python3.7/site-packages/airflow/example_dags/example_sla_dag.py
[2023-09-01T19:36:48.672+0000] {processor.py:836} INFO - DAG(s) dict_keys(['example_sla_dag']) retrieved from /home/airflow/.local/lib/python3.7/site-packages/airflow/example_dags/example_sla_dag.py
[2023-09-01T19:36:48.692+0000] {logging_mixin.py:150} INFO - [2023-09-01T19:36:48.692+0000] {dag.py:2742} INFO - Sync 1 DAGs
[2023-09-01T19:36:48.717+0000] {logging_mixin.py:150} INFO - [2023-09-01T19:36:48.716+0000] {dag.py:3508} INFO - Setting next_dagrun for example_sla_dag to 2023-09-01T19:34:00+00:00, run_after=2023-09-01T19:36:00+00:00
[2023-09-01T19:36:48.742+0000] {processor.py:179} INFO - Processing /home/airflow/.local/lib/python3.7/site-packages/airflow/example_dags/example_sla_dag.py took 0.082 seconds
[2023-09-01T19:37:19.589+0000] {processor.py:157} INFO - Started process (PID=637) to work on /home/airflow/.local/lib/python3.7/site-packages/airflow/example_dags/example_sla_dag.py
[2023-09-01T19:37:19.590+0000] {processor.py:826} INFO - Processing file /home/airflow/.local/lib/python3.7/site-packages/airflow/example_dags/example_sla_dag.py for tasks to queue
[2023-09-01T19:37:19.591+0000] {logging_mixin.py:150} INFO - [2023-09-01T19:37:19.591+0000] {dagbag.py:541} INFO - Filling up the DagBag from /home/airflow/.local/lib/python3.7/site-packages/airflow/example_dags/example_sla_dag.py
[2023-09-01T19:37:19.621+0000] {processor.py:836} INFO - DAG(s) dict_keys(['example_sla_dag']) retrieved from /home/airflow/.local/lib/python3.7/site-packages/airflow/example_dags/example_sla_dag.py
[2023-09-01T19:37:19.648+0000] {logging_mixin.py:150} INFO - [2023-09-01T19:37:19.648+0000] {dag.py:2742} INFO - Sync 1 DAGs
[2023-09-01T19:37:19.747+0000] {logging_mixin.py:150} INFO - [2023-09-01T19:37:19.747+0000] {dag.py:3508} INFO - Setting next_dagrun for example_sla_dag to 2023-09-01T19:34:00+00:00, run_after=2023-09-01T19:36:00+00:00
[2023-09-01T19:37:19.814+0000] {processor.py:179} INFO - Processing /home/airflow/.local/lib/python3.7/site-packages/airflow/example_dags/example_sla_dag.py took 0.232 seconds
[2023-09-01T19:37:50.225+0000] {processor.py:157} INFO - Started process (PID=692) to work on /home/airflow/.local/lib/python3.7/site-packages/airflow/example_dags/example_sla_dag.py
[2023-09-01T19:37:50.234+0000] {processor.py:826} INFO - Processing file /home/airflow/.local/lib/python3.7/site-packages/airflow/example_dags/example_sla_dag.py for tasks to queue
[2023-09-01T19:37:50.236+0000] {logging_mixin.py:150} INFO - [2023-09-01T19:37:50.236+0000] {dagbag.py:541} INFO - Filling up the DagBag from /home/airflow/.local/lib/python3.7/site-packages/airflow/example_dags/example_sla_dag.py
[2023-09-01T19:37:50.255+0000] {processor.py:836} INFO - DAG(s) dict_keys(['example_sla_dag']) retrieved from /home/airflow/.local/lib/python3.7/site-packages/airflow/example_dags/example_sla_dag.py
[2023-09-01T19:37:50.330+0000] {logging_mixin.py:150} INFO - [2023-09-01T19:37:50.330+0000] {dag.py:2742} INFO - Sync 1 DAGs
[2023-09-01T19:37:50.408+0000] {logging_mixin.py:150} INFO - [2023-09-01T19:37:50.407+0000] {dag.py:3508} INFO - Setting next_dagrun for example_sla_dag to 2023-09-01T19:34:00+00:00, run_after=2023-09-01T19:36:00+00:00
[2023-09-01T19:37:50.458+0000] {processor.py:179} INFO - Processing /home/airflow/.local/lib/python3.7/site-packages/airflow/example_dags/example_sla_dag.py took 0.243 seconds
[2023-09-01T19:38:20.663+0000] {processor.py:157} INFO - Started process (PID=747) to work on /home/airflow/.local/lib/python3.7/site-packages/airflow/example_dags/example_sla_dag.py
[2023-09-01T19:38:20.665+0000] {processor.py:826} INFO - Processing file /home/airflow/.local/lib/python3.7/site-packages/airflow/example_dags/example_sla_dag.py for tasks to queue
[2023-09-01T19:38:20.666+0000] {logging_mixin.py:150} INFO - [2023-09-01T19:38:20.665+0000] {dagbag.py:541} INFO - Filling up the DagBag from /home/airflow/.local/lib/python3.7/site-packages/airflow/example_dags/example_sla_dag.py
[2023-09-01T19:38:20.680+0000] {processor.py:836} INFO - DAG(s) dict_keys(['example_sla_dag']) retrieved from /home/airflow/.local/lib/python3.7/site-packages/airflow/example_dags/example_sla_dag.py
[2023-09-01T19:38:20.708+0000] {logging_mixin.py:150} INFO - [2023-09-01T19:38:20.707+0000] {dag.py:2742} INFO - Sync 1 DAGs
[2023-09-01T19:38:20.732+0000] {logging_mixin.py:150} INFO - [2023-09-01T19:38:20.732+0000] {dag.py:3508} INFO - Setting next_dagrun for example_sla_dag to 2023-09-01T19:36:00+00:00, run_after=2023-09-01T19:38:00+00:00
[2023-09-01T19:38:20.749+0000] {processor.py:179} INFO - Processing /home/airflow/.local/lib/python3.7/site-packages/airflow/example_dags/example_sla_dag.py took 0.089 seconds
[2023-09-01T19:38:50.771+0000] {processor.py:157} INFO - Started process (PID=802) to work on /home/airflow/.local/lib/python3.7/site-packages/airflow/example_dags/example_sla_dag.py
[2023-09-01T19:38:50.772+0000] {processor.py:826} INFO - Processing file /home/airflow/.local/lib/python3.7/site-packages/airflow/example_dags/example_sla_dag.py for tasks to queue
[2023-09-01T19:38:50.773+0000] {logging_mixin.py:150} INFO - [2023-09-01T19:38:50.772+0000] {dagbag.py:541} INFO - Filling up the DagBag from /home/airflow/.local/lib/python3.7/site-packages/airflow/example_dags/example_sla_dag.py
[2023-09-01T19:38:50.780+0000] {processor.py:836} INFO - DAG(s) dict_keys(['example_sla_dag']) retrieved from /home/airflow/.local/lib/python3.7/site-packages/airflow/example_dags/example_sla_dag.py
[2023-09-01T19:38:50.811+0000] {logging_mixin.py:150} INFO - [2023-09-01T19:38:50.811+0000] {dag.py:2742} INFO - Sync 1 DAGs
[2023-09-01T19:38:50.841+0000] {logging_mixin.py:150} INFO - [2023-09-01T19:38:50.841+0000] {dag.py:3508} INFO - Setting next_dagrun for example_sla_dag to 2023-09-01T19:36:00+00:00, run_after=2023-09-01T19:38:00+00:00
[2023-09-01T19:38:50.861+0000] {processor.py:179} INFO - Processing /home/airflow/.local/lib/python3.7/site-packages/airflow/example_dags/example_sla_dag.py took 0.093 seconds
[2023-09-01T19:39:21.152+0000] {processor.py:157} INFO - Started process (PID=856) to work on /home/airflow/.local/lib/python3.7/site-packages/airflow/example_dags/example_sla_dag.py
[2023-09-01T19:39:21.154+0000] {processor.py:826} INFO - Processing file /home/airflow/.local/lib/python3.7/site-packages/airflow/example_dags/example_sla_dag.py for tasks to queue
[2023-09-01T19:39:21.154+0000] {logging_mixin.py:150} INFO - [2023-09-01T19:39:21.154+0000] {dagbag.py:541} INFO - Filling up the DagBag from /home/airflow/.local/lib/python3.7/site-packages/airflow/example_dags/example_sla_dag.py
[2023-09-01T19:39:21.161+0000] {processor.py:836} INFO - DAG(s) dict_keys(['example_sla_dag']) retrieved from /home/airflow/.local/lib/python3.7/site-packages/airflow/example_dags/example_sla_dag.py
[2023-09-01T19:39:21.183+0000] {logging_mixin.py:150} INFO - [2023-09-01T19:39:21.183+0000] {dag.py:2742} INFO - Sync 1 DAGs
[2023-09-01T19:39:21.212+0000] {logging_mixin.py:150} INFO - [2023-09-01T19:39:21.212+0000] {dag.py:3508} INFO - Setting next_dagrun for example_sla_dag to 2023-09-01T19:36:00+00:00, run_after=2023-09-01T19:38:00+00:00
[2023-09-01T19:39:21.228+0000] {processor.py:179} INFO - Processing /home/airflow/.local/lib/python3.7/site-packages/airflow/example_dags/example_sla_dag.py took 0.079 seconds
[2023-09-01T19:39:51.430+0000] {processor.py:157} INFO - Started process (PID=911) to work on /home/airflow/.local/lib/python3.7/site-packages/airflow/example_dags/example_sla_dag.py
[2023-09-01T19:39:51.431+0000] {processor.py:826} INFO - Processing file /home/airflow/.local/lib/python3.7/site-packages/airflow/example_dags/example_sla_dag.py for tasks to queue
[2023-09-01T19:39:51.433+0000] {logging_mixin.py:150} INFO - [2023-09-01T19:39:51.433+0000] {dagbag.py:541} INFO - Filling up the DagBag from /home/airflow/.local/lib/python3.7/site-packages/airflow/example_dags/example_sla_dag.py
[2023-09-01T19:39:51.446+0000] {processor.py:836} INFO - DAG(s) dict_keys(['example_sla_dag']) retrieved from /home/airflow/.local/lib/python3.7/site-packages/airflow/example_dags/example_sla_dag.py
[2023-09-01T19:39:51.467+0000] {logging_mixin.py:150} INFO - [2023-09-01T19:39:51.467+0000] {dag.py:2742} INFO - Sync 1 DAGs
[2023-09-01T19:39:51.514+0000] {logging_mixin.py:150} INFO - [2023-09-01T19:39:51.514+0000] {dag.py:3508} INFO - Setting next_dagrun for example_sla_dag to 2023-09-01T19:36:00+00:00, run_after=2023-09-01T19:38:00+00:00
[2023-09-01T19:39:51.531+0000] {processor.py:179} INFO - Processing /home/airflow/.local/lib/python3.7/site-packages/airflow/example_dags/example_sla_dag.py took 0.104 seconds
[2023-09-01T19:40:21.957+0000] {processor.py:157} INFO - Started process (PID=966) to work on /home/airflow/.local/lib/python3.7/site-packages/airflow/example_dags/example_sla_dag.py
[2023-09-01T19:40:21.958+0000] {processor.py:826} INFO - Processing file /home/airflow/.local/lib/python3.7/site-packages/airflow/example_dags/example_sla_dag.py for tasks to queue
[2023-09-01T19:40:21.959+0000] {logging_mixin.py:150} INFO - [2023-09-01T19:40:21.959+0000] {dagbag.py:541} INFO - Filling up the DagBag from /home/airflow/.local/lib/python3.7/site-packages/airflow/example_dags/example_sla_dag.py
[2023-09-01T19:40:21.967+0000] {processor.py:836} INFO - DAG(s) dict_keys(['example_sla_dag']) retrieved from /home/airflow/.local/lib/python3.7/site-packages/airflow/example_dags/example_sla_dag.py
[2023-09-01T19:40:21.998+0000] {logging_mixin.py:150} INFO - [2023-09-01T19:40:21.998+0000] {dag.py:2742} INFO - Sync 1 DAGs
[2023-09-01T19:40:22.049+0000] {logging_mixin.py:150} INFO - [2023-09-01T19:40:22.049+0000] {dag.py:3508} INFO - Setting next_dagrun for example_sla_dag to 2023-09-01T19:38:00+00:00, run_after=2023-09-01T19:40:00+00:00
[2023-09-01T19:40:22.065+0000] {processor.py:179} INFO - Processing /home/airflow/.local/lib/python3.7/site-packages/airflow/example_dags/example_sla_dag.py took 0.112 seconds
[2023-09-01T19:40:52.197+0000] {processor.py:157} INFO - Started process (PID=1020) to work on /home/airflow/.local/lib/python3.7/site-packages/airflow/example_dags/example_sla_dag.py
[2023-09-01T19:40:52.198+0000] {processor.py:826} INFO - Processing file /home/airflow/.local/lib/python3.7/site-packages/airflow/example_dags/example_sla_dag.py for tasks to queue
[2023-09-01T19:40:52.198+0000] {logging_mixin.py:150} INFO - [2023-09-01T19:40:52.198+0000] {dagbag.py:541} INFO - Filling up the DagBag from /home/airflow/.local/lib/python3.7/site-packages/airflow/example_dags/example_sla_dag.py
[2023-09-01T19:40:52.208+0000] {processor.py:836} INFO - DAG(s) dict_keys(['example_sla_dag']) retrieved from /home/airflow/.local/lib/python3.7/site-packages/airflow/example_dags/example_sla_dag.py
[2023-09-01T19:40:52.240+0000] {logging_mixin.py:150} INFO - [2023-09-01T19:40:52.240+0000] {dag.py:2742} INFO - Sync 1 DAGs
[2023-09-01T19:40:52.278+0000] {logging_mixin.py:150} INFO - [2023-09-01T19:40:52.278+0000] {dag.py:3508} INFO - Setting next_dagrun for example_sla_dag to 2023-09-01T19:38:00+00:00, run_after=2023-09-01T19:40:00+00:00
[2023-09-01T19:40:52.299+0000] {processor.py:179} INFO - Processing /home/airflow/.local/lib/python3.7/site-packages/airflow/example_dags/example_sla_dag.py took 0.106 seconds
[2023-09-01T19:41:22.381+0000] {processor.py:157} INFO - Started process (PID=1075) to work on /home/airflow/.local/lib/python3.7/site-packages/airflow/example_dags/example_sla_dag.py
[2023-09-01T19:41:22.382+0000] {processor.py:826} INFO - Processing file /home/airflow/.local/lib/python3.7/site-packages/airflow/example_dags/example_sla_dag.py for tasks to queue
[2023-09-01T19:41:22.383+0000] {logging_mixin.py:150} INFO - [2023-09-01T19:41:22.383+0000] {dagbag.py:541} INFO - Filling up the DagBag from /home/airflow/.local/lib/python3.7/site-packages/airflow/example_dags/example_sla_dag.py
[2023-09-01T19:41:22.392+0000] {processor.py:836} INFO - DAG(s) dict_keys(['example_sla_dag']) retrieved from /home/airflow/.local/lib/python3.7/site-packages/airflow/example_dags/example_sla_dag.py
[2023-09-01T19:41:22.415+0000] {logging_mixin.py:150} INFO - [2023-09-01T19:41:22.415+0000] {dag.py:2742} INFO - Sync 1 DAGs
[2023-09-01T19:41:22.439+0000] {logging_mixin.py:150} INFO - [2023-09-01T19:41:22.439+0000] {dag.py:3508} INFO - Setting next_dagrun for example_sla_dag to 2023-09-01T19:38:00+00:00, run_after=2023-09-01T19:40:00+00:00
[2023-09-01T19:41:22.454+0000] {processor.py:179} INFO - Processing /home/airflow/.local/lib/python3.7/site-packages/airflow/example_dags/example_sla_dag.py took 0.076 seconds
[2023-09-01T19:41:52.760+0000] {processor.py:157} INFO - Started process (PID=1130) to work on /home/airflow/.local/lib/python3.7/site-packages/airflow/example_dags/example_sla_dag.py
[2023-09-01T19:41:52.763+0000] {processor.py:826} INFO - Processing file /home/airflow/.local/lib/python3.7/site-packages/airflow/example_dags/example_sla_dag.py for tasks to queue
[2023-09-01T19:41:52.763+0000] {logging_mixin.py:150} INFO - [2023-09-01T19:41:52.763+0000] {dagbag.py:541} INFO - Filling up the DagBag from /home/airflow/.local/lib/python3.7/site-packages/airflow/example_dags/example_sla_dag.py
[2023-09-01T19:41:52.771+0000] {processor.py:836} INFO - DAG(s) dict_keys(['example_sla_dag']) retrieved from /home/airflow/.local/lib/python3.7/site-packages/airflow/example_dags/example_sla_dag.py
[2023-09-01T19:41:52.817+0000] {logging_mixin.py:150} INFO - [2023-09-01T19:41:52.817+0000] {dag.py:2742} INFO - Sync 1 DAGs
[2023-09-01T19:41:52.895+0000] {logging_mixin.py:150} INFO - [2023-09-01T19:41:52.894+0000] {dag.py:3508} INFO - Setting next_dagrun for example_sla_dag to 2023-09-01T19:38:00+00:00, run_after=2023-09-01T19:40:00+00:00
[2023-09-01T19:41:52.918+0000] {processor.py:179} INFO - Processing /home/airflow/.local/lib/python3.7/site-packages/airflow/example_dags/example_sla_dag.py took 0.163 seconds
[2023-09-01T19:42:23.337+0000] {processor.py:157} INFO - Started process (PID=1184) to work on /home/airflow/.local/lib/python3.7/site-packages/airflow/example_dags/example_sla_dag.py
[2023-09-01T19:42:23.338+0000] {processor.py:826} INFO - Processing file /home/airflow/.local/lib/python3.7/site-packages/airflow/example_dags/example_sla_dag.py for tasks to queue
[2023-09-01T19:42:23.339+0000] {logging_mixin.py:150} INFO - [2023-09-01T19:42:23.338+0000] {dagbag.py:541} INFO - Filling up the DagBag from /home/airflow/.local/lib/python3.7/site-packages/airflow/example_dags/example_sla_dag.py
[2023-09-01T19:42:23.346+0000] {processor.py:836} INFO - DAG(s) dict_keys(['example_sla_dag']) retrieved from /home/airflow/.local/lib/python3.7/site-packages/airflow/example_dags/example_sla_dag.py
[2023-09-01T19:42:23.369+0000] {logging_mixin.py:150} INFO - [2023-09-01T19:42:23.369+0000] {dag.py:2742} INFO - Sync 1 DAGs
[2023-09-01T19:42:23.393+0000] {logging_mixin.py:150} INFO - [2023-09-01T19:42:23.393+0000] {dag.py:3508} INFO - Setting next_dagrun for example_sla_dag to 2023-09-01T19:40:00+00:00, run_after=2023-09-01T19:42:00+00:00
[2023-09-01T19:42:23.410+0000] {processor.py:179} INFO - Processing /home/airflow/.local/lib/python3.7/site-packages/airflow/example_dags/example_sla_dag.py took 0.075 seconds
[2023-09-01T19:42:53.544+0000] {processor.py:157} INFO - Started process (PID=1239) to work on /home/airflow/.local/lib/python3.7/site-packages/airflow/example_dags/example_sla_dag.py
[2023-09-01T19:42:53.545+0000] {processor.py:826} INFO - Processing file /home/airflow/.local/lib/python3.7/site-packages/airflow/example_dags/example_sla_dag.py for tasks to queue
[2023-09-01T19:42:53.545+0000] {logging_mixin.py:150} INFO - [2023-09-01T19:42:53.545+0000] {dagbag.py:541} INFO - Filling up the DagBag from /home/airflow/.local/lib/python3.7/site-packages/airflow/example_dags/example_sla_dag.py
[2023-09-01T19:42:53.553+0000] {processor.py:836} INFO - DAG(s) dict_keys(['example_sla_dag']) retrieved from /home/airflow/.local/lib/python3.7/site-packages/airflow/example_dags/example_sla_dag.py
[2023-09-01T19:42:53.585+0000] {logging_mixin.py:150} INFO - [2023-09-01T19:42:53.584+0000] {dag.py:2742} INFO - Sync 1 DAGs
[2023-09-01T19:42:53.634+0000] {logging_mixin.py:150} INFO - [2023-09-01T19:42:53.634+0000] {dag.py:3508} INFO - Setting next_dagrun for example_sla_dag to 2023-09-01T19:40:00+00:00, run_after=2023-09-01T19:42:00+00:00
[2023-09-01T19:42:53.656+0000] {processor.py:179} INFO - Processing /home/airflow/.local/lib/python3.7/site-packages/airflow/example_dags/example_sla_dag.py took 0.115 seconds
[2023-09-01T19:43:24.225+0000] {processor.py:157} INFO - Started process (PID=1294) to work on /home/airflow/.local/lib/python3.7/site-packages/airflow/example_dags/example_sla_dag.py
[2023-09-01T19:43:24.226+0000] {processor.py:826} INFO - Processing file /home/airflow/.local/lib/python3.7/site-packages/airflow/example_dags/example_sla_dag.py for tasks to queue
[2023-09-01T19:43:24.227+0000] {logging_mixin.py:150} INFO - [2023-09-01T19:43:24.227+0000] {dagbag.py:541} INFO - Filling up the DagBag from /home/airflow/.local/lib/python3.7/site-packages/airflow/example_dags/example_sla_dag.py
[2023-09-01T19:43:24.235+0000] {processor.py:836} INFO - DAG(s) dict_keys(['example_sla_dag']) retrieved from /home/airflow/.local/lib/python3.7/site-packages/airflow/example_dags/example_sla_dag.py
[2023-09-01T19:43:24.258+0000] {logging_mixin.py:150} INFO - [2023-09-01T19:43:24.258+0000] {dag.py:2742} INFO - Sync 1 DAGs
[2023-09-01T19:43:24.283+0000] {logging_mixin.py:150} INFO - [2023-09-01T19:43:24.282+0000] {dag.py:3508} INFO - Setting next_dagrun for example_sla_dag to 2023-09-01T19:40:00+00:00, run_after=2023-09-01T19:42:00+00:00
[2023-09-01T19:43:24.299+0000] {processor.py:179} INFO - Processing /home/airflow/.local/lib/python3.7/site-packages/airflow/example_dags/example_sla_dag.py took 0.077 seconds
[2023-09-01T19:43:54.721+0000] {processor.py:157} INFO - Started process (PID=1349) to work on /home/airflow/.local/lib/python3.7/site-packages/airflow/example_dags/example_sla_dag.py
[2023-09-01T19:43:54.722+0000] {processor.py:826} INFO - Processing file /home/airflow/.local/lib/python3.7/site-packages/airflow/example_dags/example_sla_dag.py for tasks to queue
[2023-09-01T19:43:54.722+0000] {logging_mixin.py:150} INFO - [2023-09-01T19:43:54.722+0000] {dagbag.py:541} INFO - Filling up the DagBag from /home/airflow/.local/lib/python3.7/site-packages/airflow/example_dags/example_sla_dag.py
[2023-09-01T19:43:54.731+0000] {processor.py:836} INFO - DAG(s) dict_keys(['example_sla_dag']) retrieved from /home/airflow/.local/lib/python3.7/site-packages/airflow/example_dags/example_sla_dag.py
[2023-09-01T19:43:54.755+0000] {logging_mixin.py:150} INFO - [2023-09-01T19:43:54.755+0000] {dag.py:2742} INFO - Sync 1 DAGs
[2023-09-01T19:43:54.779+0000] {logging_mixin.py:150} INFO - [2023-09-01T19:43:54.779+0000] {dag.py:3508} INFO - Setting next_dagrun for example_sla_dag to 2023-09-01T19:40:00+00:00, run_after=2023-09-01T19:42:00+00:00
[2023-09-01T19:43:54.794+0000] {processor.py:179} INFO - Processing /home/airflow/.local/lib/python3.7/site-packages/airflow/example_dags/example_sla_dag.py took 0.076 seconds
[2023-09-01T19:44:25.313+0000] {processor.py:157} INFO - Started process (PID=1404) to work on /home/airflow/.local/lib/python3.7/site-packages/airflow/example_dags/example_sla_dag.py
[2023-09-01T19:44:25.314+0000] {processor.py:826} INFO - Processing file /home/airflow/.local/lib/python3.7/site-packages/airflow/example_dags/example_sla_dag.py for tasks to queue
[2023-09-01T19:44:25.315+0000] {logging_mixin.py:150} INFO - [2023-09-01T19:44:25.314+0000] {dagbag.py:541} INFO - Filling up the DagBag from /home/airflow/.local/lib/python3.7/site-packages/airflow/example_dags/example_sla_dag.py
[2023-09-01T19:44:25.324+0000] {processor.py:836} INFO - DAG(s) dict_keys(['example_sla_dag']) retrieved from /home/airflow/.local/lib/python3.7/site-packages/airflow/example_dags/example_sla_dag.py
[2023-09-01T19:44:25.355+0000] {logging_mixin.py:150} INFO - [2023-09-01T19:44:25.355+0000] {dag.py:2742} INFO - Sync 1 DAGs
[2023-09-01T19:44:25.384+0000] {logging_mixin.py:150} INFO - [2023-09-01T19:44:25.383+0000] {dag.py:3508} INFO - Setting next_dagrun for example_sla_dag to 2023-09-01T19:42:00+00:00, run_after=2023-09-01T19:44:00+00:00
[2023-09-01T19:44:25.406+0000] {processor.py:179} INFO - Processing /home/airflow/.local/lib/python3.7/site-packages/airflow/example_dags/example_sla_dag.py took 0.097 seconds
[2023-09-01T19:44:55.812+0000] {processor.py:157} INFO - Started process (PID=1459) to work on /home/airflow/.local/lib/python3.7/site-packages/airflow/example_dags/example_sla_dag.py
[2023-09-01T19:44:55.812+0000] {processor.py:826} INFO - Processing file /home/airflow/.local/lib/python3.7/site-packages/airflow/example_dags/example_sla_dag.py for tasks to queue
[2023-09-01T19:44:55.813+0000] {logging_mixin.py:150} INFO - [2023-09-01T19:44:55.813+0000] {dagbag.py:541} INFO - Filling up the DagBag from /home/airflow/.local/lib/python3.7/site-packages/airflow/example_dags/example_sla_dag.py
[2023-09-01T19:44:55.822+0000] {processor.py:836} INFO - DAG(s) dict_keys(['example_sla_dag']) retrieved from /home/airflow/.local/lib/python3.7/site-packages/airflow/example_dags/example_sla_dag.py
[2023-09-01T19:44:55.844+0000] {logging_mixin.py:150} INFO - [2023-09-01T19:44:55.843+0000] {dag.py:2742} INFO - Sync 1 DAGs
[2023-09-01T19:44:55.866+0000] {logging_mixin.py:150} INFO - [2023-09-01T19:44:55.866+0000] {dag.py:3508} INFO - Setting next_dagrun for example_sla_dag to 2023-09-01T19:42:00+00:00, run_after=2023-09-01T19:44:00+00:00
[2023-09-01T19:44:55.882+0000] {processor.py:179} INFO - Processing /home/airflow/.local/lib/python3.7/site-packages/airflow/example_dags/example_sla_dag.py took 0.073 seconds
[2023-09-01T19:45:26.161+0000] {processor.py:157} INFO - Started process (PID=1514) to work on /home/airflow/.local/lib/python3.7/site-packages/airflow/example_dags/example_sla_dag.py
[2023-09-01T19:45:26.162+0000] {processor.py:826} INFO - Processing file /home/airflow/.local/lib/python3.7/site-packages/airflow/example_dags/example_sla_dag.py for tasks to queue
[2023-09-01T19:45:26.162+0000] {logging_mixin.py:150} INFO - [2023-09-01T19:45:26.162+0000] {dagbag.py:541} INFO - Filling up the DagBag from /home/airflow/.local/lib/python3.7/site-packages/airflow/example_dags/example_sla_dag.py
[2023-09-01T19:45:26.173+0000] {processor.py:836} INFO - DAG(s) dict_keys(['example_sla_dag']) retrieved from /home/airflow/.local/lib/python3.7/site-packages/airflow/example_dags/example_sla_dag.py
[2023-09-01T19:45:26.226+0000] {logging_mixin.py:150} INFO - [2023-09-01T19:45:26.226+0000] {dag.py:2742} INFO - Sync 1 DAGs
[2023-09-01T19:45:26.270+0000] {logging_mixin.py:150} INFO - [2023-09-01T19:45:26.270+0000] {dag.py:3508} INFO - Setting next_dagrun for example_sla_dag to 2023-09-01T19:42:00+00:00, run_after=2023-09-01T19:44:00+00:00
[2023-09-01T19:45:26.312+0000] {processor.py:179} INFO - Processing /home/airflow/.local/lib/python3.7/site-packages/airflow/example_dags/example_sla_dag.py took 0.161 seconds
[2023-09-01T19:45:56.523+0000] {processor.py:157} INFO - Started process (PID=1569) to work on /home/airflow/.local/lib/python3.7/site-packages/airflow/example_dags/example_sla_dag.py
[2023-09-01T19:45:56.524+0000] {processor.py:826} INFO - Processing file /home/airflow/.local/lib/python3.7/site-packages/airflow/example_dags/example_sla_dag.py for tasks to queue
[2023-09-01T19:45:56.524+0000] {logging_mixin.py:150} INFO - [2023-09-01T19:45:56.524+0000] {dagbag.py:541} INFO - Filling up the DagBag from /home/airflow/.local/lib/python3.7/site-packages/airflow/example_dags/example_sla_dag.py
[2023-09-01T19:45:56.533+0000] {processor.py:836} INFO - DAG(s) dict_keys(['example_sla_dag']) retrieved from /home/airflow/.local/lib/python3.7/site-packages/airflow/example_dags/example_sla_dag.py
[2023-09-01T19:45:56.556+0000] {logging_mixin.py:150} INFO - [2023-09-01T19:45:56.556+0000] {dag.py:2742} INFO - Sync 1 DAGs
[2023-09-01T19:45:56.580+0000] {logging_mixin.py:150} INFO - [2023-09-01T19:45:56.580+0000] {dag.py:3508} INFO - Setting next_dagrun for example_sla_dag to 2023-09-01T19:42:00+00:00, run_after=2023-09-01T19:44:00+00:00
[2023-09-01T19:45:56.595+0000] {processor.py:179} INFO - Processing /home/airflow/.local/lib/python3.7/site-packages/airflow/example_dags/example_sla_dag.py took 0.076 seconds
[2023-09-01T19:46:26.849+0000] {processor.py:157} INFO - Started process (PID=1624) to work on /home/airflow/.local/lib/python3.7/site-packages/airflow/example_dags/example_sla_dag.py
[2023-09-01T19:46:26.851+0000] {processor.py:826} INFO - Processing file /home/airflow/.local/lib/python3.7/site-packages/airflow/example_dags/example_sla_dag.py for tasks to queue
[2023-09-01T19:46:26.852+0000] {logging_mixin.py:150} INFO - [2023-09-01T19:46:26.852+0000] {dagbag.py:541} INFO - Filling up the DagBag from /home/airflow/.local/lib/python3.7/site-packages/airflow/example_dags/example_sla_dag.py
[2023-09-01T19:46:26.878+0000] {processor.py:836} INFO - DAG(s) dict_keys(['example_sla_dag']) retrieved from /home/airflow/.local/lib/python3.7/site-packages/airflow/example_dags/example_sla_dag.py
[2023-09-01T19:46:26.906+0000] {logging_mixin.py:150} INFO - [2023-09-01T19:46:26.906+0000] {dag.py:2742} INFO - Sync 1 DAGs
[2023-09-01T19:46:26.941+0000] {logging_mixin.py:150} INFO - [2023-09-01T19:46:26.940+0000] {dag.py:3508} INFO - Setting next_dagrun for example_sla_dag to 2023-09-01T19:44:00+00:00, run_after=2023-09-01T19:46:00+00:00
[2023-09-01T19:46:26.958+0000] {processor.py:179} INFO - Processing /home/airflow/.local/lib/python3.7/site-packages/airflow/example_dags/example_sla_dag.py took 0.113 seconds
[2023-09-01T19:46:57.337+0000] {processor.py:157} INFO - Started process (PID=1679) to work on /home/airflow/.local/lib/python3.7/site-packages/airflow/example_dags/example_sla_dag.py
[2023-09-01T19:46:57.338+0000] {processor.py:826} INFO - Processing file /home/airflow/.local/lib/python3.7/site-packages/airflow/example_dags/example_sla_dag.py for tasks to queue
[2023-09-01T19:46:57.339+0000] {logging_mixin.py:150} INFO - [2023-09-01T19:46:57.338+0000] {dagbag.py:541} INFO - Filling up the DagBag from /home/airflow/.local/lib/python3.7/site-packages/airflow/example_dags/example_sla_dag.py
[2023-09-01T19:46:57.349+0000] {processor.py:836} INFO - DAG(s) dict_keys(['example_sla_dag']) retrieved from /home/airflow/.local/lib/python3.7/site-packages/airflow/example_dags/example_sla_dag.py
[2023-09-01T19:46:57.380+0000] {logging_mixin.py:150} INFO - [2023-09-01T19:46:57.380+0000] {dag.py:2742} INFO - Sync 1 DAGs
[2023-09-01T19:46:57.408+0000] {logging_mixin.py:150} INFO - [2023-09-01T19:46:57.408+0000] {dag.py:3508} INFO - Setting next_dagrun for example_sla_dag to 2023-09-01T19:44:00+00:00, run_after=2023-09-01T19:46:00+00:00
[2023-09-01T19:46:57.424+0000] {processor.py:179} INFO - Processing /home/airflow/.local/lib/python3.7/site-packages/airflow/example_dags/example_sla_dag.py took 0.091 seconds
[2023-09-01T19:47:27.960+0000] {processor.py:157} INFO - Started process (PID=1734) to work on /home/airflow/.local/lib/python3.7/site-packages/airflow/example_dags/example_sla_dag.py
[2023-09-01T19:47:27.961+0000] {processor.py:826} INFO - Processing file /home/airflow/.local/lib/python3.7/site-packages/airflow/example_dags/example_sla_dag.py for tasks to queue
[2023-09-01T19:47:27.962+0000] {logging_mixin.py:150} INFO - [2023-09-01T19:47:27.962+0000] {dagbag.py:541} INFO - Filling up the DagBag from /home/airflow/.local/lib/python3.7/site-packages/airflow/example_dags/example_sla_dag.py
[2023-09-01T19:47:27.970+0000] {processor.py:836} INFO - DAG(s) dict_keys(['example_sla_dag']) retrieved from /home/airflow/.local/lib/python3.7/site-packages/airflow/example_dags/example_sla_dag.py
[2023-09-01T19:47:27.997+0000] {logging_mixin.py:150} INFO - [2023-09-01T19:47:27.997+0000] {dag.py:2742} INFO - Sync 1 DAGs
[2023-09-01T19:47:28.033+0000] {logging_mixin.py:150} INFO - [2023-09-01T19:47:28.033+0000] {dag.py:3508} INFO - Setting next_dagrun for example_sla_dag to 2023-09-01T19:44:00+00:00, run_after=2023-09-01T19:46:00+00:00
[2023-09-01T19:47:28.055+0000] {processor.py:179} INFO - Processing /home/airflow/.local/lib/python3.7/site-packages/airflow/example_dags/example_sla_dag.py took 0.097 seconds
[2023-09-01T19:47:58.076+0000] {processor.py:157} INFO - Started process (PID=1789) to work on /home/airflow/.local/lib/python3.7/site-packages/airflow/example_dags/example_sla_dag.py
[2023-09-01T19:47:58.076+0000] {processor.py:826} INFO - Processing file /home/airflow/.local/lib/python3.7/site-packages/airflow/example_dags/example_sla_dag.py for tasks to queue
[2023-09-01T19:47:58.077+0000] {logging_mixin.py:150} INFO - [2023-09-01T19:47:58.077+0000] {dagbag.py:541} INFO - Filling up the DagBag from /home/airflow/.local/lib/python3.7/site-packages/airflow/example_dags/example_sla_dag.py
[2023-09-01T19:47:58.086+0000] {processor.py:836} INFO - DAG(s) dict_keys(['example_sla_dag']) retrieved from /home/airflow/.local/lib/python3.7/site-packages/airflow/example_dags/example_sla_dag.py
[2023-09-01T19:47:58.113+0000] {logging_mixin.py:150} INFO - [2023-09-01T19:47:58.113+0000] {dag.py:2742} INFO - Sync 1 DAGs
[2023-09-01T19:47:58.154+0000] {logging_mixin.py:150} INFO - [2023-09-01T19:47:58.154+0000] {dag.py:3508} INFO - Setting next_dagrun for example_sla_dag to 2023-09-01T19:44:00+00:00, run_after=2023-09-01T19:46:00+00:00
[2023-09-01T19:47:58.176+0000] {processor.py:179} INFO - Processing /home/airflow/.local/lib/python3.7/site-packages/airflow/example_dags/example_sla_dag.py took 0.105 seconds
[2023-09-01T19:48:28.354+0000] {processor.py:157} INFO - Started process (PID=1844) to work on /home/airflow/.local/lib/python3.7/site-packages/airflow/example_dags/example_sla_dag.py
[2023-09-01T19:48:28.355+0000] {processor.py:826} INFO - Processing file /home/airflow/.local/lib/python3.7/site-packages/airflow/example_dags/example_sla_dag.py for tasks to queue
[2023-09-01T19:48:28.355+0000] {logging_mixin.py:150} INFO - [2023-09-01T19:48:28.355+0000] {dagbag.py:541} INFO - Filling up the DagBag from /home/airflow/.local/lib/python3.7/site-packages/airflow/example_dags/example_sla_dag.py
[2023-09-01T19:48:28.363+0000] {processor.py:836} INFO - DAG(s) dict_keys(['example_sla_dag']) retrieved from /home/airflow/.local/lib/python3.7/site-packages/airflow/example_dags/example_sla_dag.py
[2023-09-01T19:48:28.408+0000] {logging_mixin.py:150} INFO - [2023-09-01T19:48:28.408+0000] {dag.py:2742} INFO - Sync 1 DAGs
[2023-09-01T19:48:28.449+0000] {logging_mixin.py:150} INFO - [2023-09-01T19:48:28.449+0000] {dag.py:3508} INFO - Setting next_dagrun for example_sla_dag to 2023-09-01T19:46:00+00:00, run_after=2023-09-01T19:48:00+00:00
[2023-09-01T19:48:28.481+0000] {processor.py:179} INFO - Processing /home/airflow/.local/lib/python3.7/site-packages/airflow/example_dags/example_sla_dag.py took 0.138 seconds
[2023-09-01T19:48:58.712+0000] {processor.py:157} INFO - Started process (PID=1898) to work on /home/airflow/.local/lib/python3.7/site-packages/airflow/example_dags/example_sla_dag.py
[2023-09-01T19:48:58.714+0000] {processor.py:826} INFO - Processing file /home/airflow/.local/lib/python3.7/site-packages/airflow/example_dags/example_sla_dag.py for tasks to queue
[2023-09-01T19:48:58.714+0000] {logging_mixin.py:150} INFO - [2023-09-01T19:48:58.714+0000] {dagbag.py:541} INFO - Filling up the DagBag from /home/airflow/.local/lib/python3.7/site-packages/airflow/example_dags/example_sla_dag.py
[2023-09-01T19:48:58.722+0000] {processor.py:836} INFO - DAG(s) dict_keys(['example_sla_dag']) retrieved from /home/airflow/.local/lib/python3.7/site-packages/airflow/example_dags/example_sla_dag.py
[2023-09-01T19:48:58.746+0000] {logging_mixin.py:150} INFO - [2023-09-01T19:48:58.746+0000] {dag.py:2742} INFO - Sync 1 DAGs
[2023-09-01T19:48:58.769+0000] {logging_mixin.py:150} INFO - [2023-09-01T19:48:58.769+0000] {dag.py:3508} INFO - Setting next_dagrun for example_sla_dag to 2023-09-01T19:46:00+00:00, run_after=2023-09-01T19:48:00+00:00
[2023-09-01T19:48:58.784+0000] {processor.py:179} INFO - Processing /home/airflow/.local/lib/python3.7/site-packages/airflow/example_dags/example_sla_dag.py took 0.075 seconds
[2023-09-01T19:49:29.425+0000] {processor.py:157} INFO - Started process (PID=1953) to work on /home/airflow/.local/lib/python3.7/site-packages/airflow/example_dags/example_sla_dag.py
[2023-09-01T19:49:29.426+0000] {processor.py:826} INFO - Processing file /home/airflow/.local/lib/python3.7/site-packages/airflow/example_dags/example_sla_dag.py for tasks to queue
[2023-09-01T19:49:29.427+0000] {logging_mixin.py:150} INFO - [2023-09-01T19:49:29.427+0000] {dagbag.py:541} INFO - Filling up the DagBag from /home/airflow/.local/lib/python3.7/site-packages/airflow/example_dags/example_sla_dag.py
[2023-09-01T19:49:29.440+0000] {processor.py:836} INFO - DAG(s) dict_keys(['example_sla_dag']) retrieved from /home/airflow/.local/lib/python3.7/site-packages/airflow/example_dags/example_sla_dag.py
[2023-09-01T19:49:29.484+0000] {logging_mixin.py:150} INFO - [2023-09-01T19:49:29.484+0000] {dag.py:2742} INFO - Sync 1 DAGs
[2023-09-01T19:49:29.521+0000] {logging_mixin.py:150} INFO - [2023-09-01T19:49:29.520+0000] {dag.py:3508} INFO - Setting next_dagrun for example_sla_dag to 2023-09-01T19:46:00+00:00, run_after=2023-09-01T19:48:00+00:00
[2023-09-01T19:49:29.542+0000] {processor.py:179} INFO - Processing /home/airflow/.local/lib/python3.7/site-packages/airflow/example_dags/example_sla_dag.py took 0.120 seconds
[2023-09-01T19:49:59.598+0000] {processor.py:157} INFO - Started process (PID=2008) to work on /home/airflow/.local/lib/python3.7/site-packages/airflow/example_dags/example_sla_dag.py
[2023-09-01T19:49:59.599+0000] {processor.py:826} INFO - Processing file /home/airflow/.local/lib/python3.7/site-packages/airflow/example_dags/example_sla_dag.py for tasks to queue
[2023-09-01T19:49:59.599+0000] {logging_mixin.py:150} INFO - [2023-09-01T19:49:59.599+0000] {dagbag.py:541} INFO - Filling up the DagBag from /home/airflow/.local/lib/python3.7/site-packages/airflow/example_dags/example_sla_dag.py
[2023-09-01T19:49:59.607+0000] {processor.py:836} INFO - DAG(s) dict_keys(['example_sla_dag']) retrieved from /home/airflow/.local/lib/python3.7/site-packages/airflow/example_dags/example_sla_dag.py
[2023-09-01T19:49:59.632+0000] {logging_mixin.py:150} INFO - [2023-09-01T19:49:59.632+0000] {dag.py:2742} INFO - Sync 1 DAGs
[2023-09-01T19:49:59.656+0000] {logging_mixin.py:150} INFO - [2023-09-01T19:49:59.656+0000] {dag.py:3508} INFO - Setting next_dagrun for example_sla_dag to 2023-09-01T19:46:00+00:00, run_after=2023-09-01T19:48:00+00:00
[2023-09-01T19:49:59.675+0000] {processor.py:179} INFO - Processing /home/airflow/.local/lib/python3.7/site-packages/airflow/example_dags/example_sla_dag.py took 0.081 seconds
[2023-09-01T19:50:29.840+0000] {processor.py:157} INFO - Started process (PID=2063) to work on /home/airflow/.local/lib/python3.7/site-packages/airflow/example_dags/example_sla_dag.py
[2023-09-01T19:50:29.841+0000] {processor.py:826} INFO - Processing file /home/airflow/.local/lib/python3.7/site-packages/airflow/example_dags/example_sla_dag.py for tasks to queue
[2023-09-01T19:50:29.841+0000] {logging_mixin.py:150} INFO - [2023-09-01T19:50:29.841+0000] {dagbag.py:541} INFO - Filling up the DagBag from /home/airflow/.local/lib/python3.7/site-packages/airflow/example_dags/example_sla_dag.py
[2023-09-01T19:50:29.850+0000] {processor.py:836} INFO - DAG(s) dict_keys(['example_sla_dag']) retrieved from /home/airflow/.local/lib/python3.7/site-packages/airflow/example_dags/example_sla_dag.py
[2023-09-01T19:50:29.871+0000] {logging_mixin.py:150} INFO - [2023-09-01T19:50:29.871+0000] {dag.py:2742} INFO - Sync 1 DAGs
[2023-09-01T19:50:29.894+0000] {logging_mixin.py:150} INFO - [2023-09-01T19:50:29.894+0000] {dag.py:3508} INFO - Setting next_dagrun for example_sla_dag to 2023-09-01T19:48:00+00:00, run_after=2023-09-01T19:50:00+00:00
[2023-09-01T19:50:29.909+0000] {processor.py:179} INFO - Processing /home/airflow/.local/lib/python3.7/site-packages/airflow/example_dags/example_sla_dag.py took 0.072 seconds
[2023-09-01T19:51:00.361+0000] {processor.py:157} INFO - Started process (PID=2118) to work on /home/airflow/.local/lib/python3.7/site-packages/airflow/example_dags/example_sla_dag.py
[2023-09-01T19:51:00.364+0000] {processor.py:826} INFO - Processing file /home/airflow/.local/lib/python3.7/site-packages/airflow/example_dags/example_sla_dag.py for tasks to queue
[2023-09-01T19:51:00.365+0000] {logging_mixin.py:150} INFO - [2023-09-01T19:51:00.365+0000] {dagbag.py:541} INFO - Filling up the DagBag from /home/airflow/.local/lib/python3.7/site-packages/airflow/example_dags/example_sla_dag.py
[2023-09-01T19:51:00.373+0000] {processor.py:836} INFO - DAG(s) dict_keys(['example_sla_dag']) retrieved from /home/airflow/.local/lib/python3.7/site-packages/airflow/example_dags/example_sla_dag.py
[2023-09-01T19:51:00.395+0000] {logging_mixin.py:150} INFO - [2023-09-01T19:51:00.395+0000] {dag.py:2742} INFO - Sync 1 DAGs
[2023-09-01T19:51:00.423+0000] {logging_mixin.py:150} INFO - [2023-09-01T19:51:00.423+0000] {dag.py:3508} INFO - Setting next_dagrun for example_sla_dag to 2023-09-01T19:48:00+00:00, run_after=2023-09-01T19:50:00+00:00
[2023-09-01T19:51:00.440+0000] {processor.py:179} INFO - Processing /home/airflow/.local/lib/python3.7/site-packages/airflow/example_dags/example_sla_dag.py took 0.082 seconds
[2023-09-01T19:51:30.649+0000] {processor.py:157} INFO - Started process (PID=2172) to work on /home/airflow/.local/lib/python3.7/site-packages/airflow/example_dags/example_sla_dag.py
[2023-09-01T19:51:30.649+0000] {processor.py:826} INFO - Processing file /home/airflow/.local/lib/python3.7/site-packages/airflow/example_dags/example_sla_dag.py for tasks to queue
[2023-09-01T19:51:30.650+0000] {logging_mixin.py:150} INFO - [2023-09-01T19:51:30.650+0000] {dagbag.py:541} INFO - Filling up the DagBag from /home/airflow/.local/lib/python3.7/site-packages/airflow/example_dags/example_sla_dag.py
[2023-09-01T19:51:30.657+0000] {processor.py:836} INFO - DAG(s) dict_keys(['example_sla_dag']) retrieved from /home/airflow/.local/lib/python3.7/site-packages/airflow/example_dags/example_sla_dag.py
[2023-09-01T19:51:30.679+0000] {logging_mixin.py:150} INFO - [2023-09-01T19:51:30.679+0000] {dag.py:2742} INFO - Sync 1 DAGs
[2023-09-01T19:51:30.703+0000] {logging_mixin.py:150} INFO - [2023-09-01T19:51:30.703+0000] {dag.py:3508} INFO - Setting next_dagrun for example_sla_dag to 2023-09-01T19:48:00+00:00, run_after=2023-09-01T19:50:00+00:00
[2023-09-01T19:51:30.719+0000] {processor.py:179} INFO - Processing /home/airflow/.local/lib/python3.7/site-packages/airflow/example_dags/example_sla_dag.py took 0.074 seconds
[2023-09-01T19:52:00.944+0000] {processor.py:157} INFO - Started process (PID=2227) to work on /home/airflow/.local/lib/python3.7/site-packages/airflow/example_dags/example_sla_dag.py
[2023-09-01T19:52:00.946+0000] {processor.py:826} INFO - Processing file /home/airflow/.local/lib/python3.7/site-packages/airflow/example_dags/example_sla_dag.py for tasks to queue
[2023-09-01T19:52:00.946+0000] {logging_mixin.py:150} INFO - [2023-09-01T19:52:00.946+0000] {dagbag.py:541} INFO - Filling up the DagBag from /home/airflow/.local/lib/python3.7/site-packages/airflow/example_dags/example_sla_dag.py
[2023-09-01T19:52:00.955+0000] {processor.py:836} INFO - DAG(s) dict_keys(['example_sla_dag']) retrieved from /home/airflow/.local/lib/python3.7/site-packages/airflow/example_dags/example_sla_dag.py
[2023-09-01T19:52:01.002+0000] {logging_mixin.py:150} INFO - [2023-09-01T19:52:01.002+0000] {dag.py:2742} INFO - Sync 1 DAGs
[2023-09-01T19:52:01.056+0000] {logging_mixin.py:150} INFO - [2023-09-01T19:52:01.056+0000] {dag.py:3508} INFO - Setting next_dagrun for example_sla_dag to 2023-09-01T19:50:00+00:00, run_after=2023-09-01T19:52:00+00:00
[2023-09-01T19:52:01.108+0000] {processor.py:179} INFO - Processing /home/airflow/.local/lib/python3.7/site-packages/airflow/example_dags/example_sla_dag.py took 0.170 seconds
[2023-09-01T19:52:31.717+0000] {processor.py:157} INFO - Started process (PID=2281) to work on /home/airflow/.local/lib/python3.7/site-packages/airflow/example_dags/example_sla_dag.py
[2023-09-01T19:52:31.718+0000] {processor.py:826} INFO - Processing file /home/airflow/.local/lib/python3.7/site-packages/airflow/example_dags/example_sla_dag.py for tasks to queue
[2023-09-01T19:52:31.718+0000] {logging_mixin.py:150} INFO - [2023-09-01T19:52:31.718+0000] {dagbag.py:541} INFO - Filling up the DagBag from /home/airflow/.local/lib/python3.7/site-packages/airflow/example_dags/example_sla_dag.py
[2023-09-01T19:52:31.728+0000] {processor.py:836} INFO - DAG(s) dict_keys(['example_sla_dag']) retrieved from /home/airflow/.local/lib/python3.7/site-packages/airflow/example_dags/example_sla_dag.py
[2023-09-01T19:52:31.752+0000] {logging_mixin.py:150} INFO - [2023-09-01T19:52:31.752+0000] {dag.py:2742} INFO - Sync 1 DAGs
[2023-09-01T19:52:31.777+0000] {logging_mixin.py:150} INFO - [2023-09-01T19:52:31.777+0000] {dag.py:3508} INFO - Setting next_dagrun for example_sla_dag to 2023-09-01T19:50:00+00:00, run_after=2023-09-01T19:52:00+00:00
[2023-09-01T19:52:31.795+0000] {processor.py:179} INFO - Processing /home/airflow/.local/lib/python3.7/site-packages/airflow/example_dags/example_sla_dag.py took 0.082 seconds
[2023-09-01T19:53:02.010+0000] {processor.py:157} INFO - Started process (PID=2336) to work on /home/airflow/.local/lib/python3.7/site-packages/airflow/example_dags/example_sla_dag.py
[2023-09-01T19:53:02.011+0000] {processor.py:826} INFO - Processing file /home/airflow/.local/lib/python3.7/site-packages/airflow/example_dags/example_sla_dag.py for tasks to queue
[2023-09-01T19:53:02.013+0000] {logging_mixin.py:150} INFO - [2023-09-01T19:53:02.012+0000] {dagbag.py:541} INFO - Filling up the DagBag from /home/airflow/.local/lib/python3.7/site-packages/airflow/example_dags/example_sla_dag.py
[2023-09-01T19:53:02.038+0000] {processor.py:836} INFO - DAG(s) dict_keys(['example_sla_dag']) retrieved from /home/airflow/.local/lib/python3.7/site-packages/airflow/example_dags/example_sla_dag.py
[2023-09-01T19:53:02.099+0000] {logging_mixin.py:150} INFO - [2023-09-01T19:53:02.098+0000] {dag.py:2742} INFO - Sync 1 DAGs
[2023-09-01T19:53:02.126+0000] {logging_mixin.py:150} INFO - [2023-09-01T19:53:02.126+0000] {dag.py:3508} INFO - Setting next_dagrun for example_sla_dag to 2023-09-01T19:50:00+00:00, run_after=2023-09-01T19:52:00+00:00
[2023-09-01T19:53:02.142+0000] {processor.py:179} INFO - Processing /home/airflow/.local/lib/python3.7/site-packages/airflow/example_dags/example_sla_dag.py took 0.135 seconds
[2023-09-01T19:53:32.535+0000] {processor.py:157} INFO - Started process (PID=2391) to work on /home/airflow/.local/lib/python3.7/site-packages/airflow/example_dags/example_sla_dag.py
[2023-09-01T19:53:32.536+0000] {processor.py:826} INFO - Processing file /home/airflow/.local/lib/python3.7/site-packages/airflow/example_dags/example_sla_dag.py for tasks to queue
[2023-09-01T19:53:32.537+0000] {logging_mixin.py:150} INFO - [2023-09-01T19:53:32.536+0000] {dagbag.py:541} INFO - Filling up the DagBag from /home/airflow/.local/lib/python3.7/site-packages/airflow/example_dags/example_sla_dag.py
[2023-09-01T19:53:32.544+0000] {processor.py:836} INFO - DAG(s) dict_keys(['example_sla_dag']) retrieved from /home/airflow/.local/lib/python3.7/site-packages/airflow/example_dags/example_sla_dag.py
[2023-09-01T19:53:32.567+0000] {logging_mixin.py:150} INFO - [2023-09-01T19:53:32.567+0000] {dag.py:2742} INFO - Sync 1 DAGs
[2023-09-01T19:53:32.592+0000] {logging_mixin.py:150} INFO - [2023-09-01T19:53:32.592+0000] {dag.py:3508} INFO - Setting next_dagrun for example_sla_dag to 2023-09-01T19:50:00+00:00, run_after=2023-09-01T19:52:00+00:00
[2023-09-01T19:53:32.609+0000] {processor.py:179} INFO - Processing /home/airflow/.local/lib/python3.7/site-packages/airflow/example_dags/example_sla_dag.py took 0.077 seconds
[2023-09-01T19:54:02.756+0000] {processor.py:157} INFO - Started process (PID=2446) to work on /home/airflow/.local/lib/python3.7/site-packages/airflow/example_dags/example_sla_dag.py
[2023-09-01T19:54:02.758+0000] {processor.py:826} INFO - Processing file /home/airflow/.local/lib/python3.7/site-packages/airflow/example_dags/example_sla_dag.py for tasks to queue
[2023-09-01T19:54:02.758+0000] {logging_mixin.py:150} INFO - [2023-09-01T19:54:02.758+0000] {dagbag.py:541} INFO - Filling up the DagBag from /home/airflow/.local/lib/python3.7/site-packages/airflow/example_dags/example_sla_dag.py
[2023-09-01T19:54:02.766+0000] {processor.py:836} INFO - DAG(s) dict_keys(['example_sla_dag']) retrieved from /home/airflow/.local/lib/python3.7/site-packages/airflow/example_dags/example_sla_dag.py
[2023-09-01T19:54:02.790+0000] {logging_mixin.py:150} INFO - [2023-09-01T19:54:02.790+0000] {dag.py:2742} INFO - Sync 1 DAGs
[2023-09-01T19:54:02.815+0000] {logging_mixin.py:150} INFO - [2023-09-01T19:54:02.815+0000] {dag.py:3508} INFO - Setting next_dagrun for example_sla_dag to 2023-09-01T19:52:00+00:00, run_after=2023-09-01T19:54:00+00:00
[2023-09-01T19:54:02.833+0000] {processor.py:179} INFO - Processing /home/airflow/.local/lib/python3.7/site-packages/airflow/example_dags/example_sla_dag.py took 0.081 seconds
[2023-09-01T19:54:33.057+0000] {processor.py:157} INFO - Started process (PID=2501) to work on /home/airflow/.local/lib/python3.7/site-packages/airflow/example_dags/example_sla_dag.py
[2023-09-01T19:54:33.057+0000] {processor.py:826} INFO - Processing file /home/airflow/.local/lib/python3.7/site-packages/airflow/example_dags/example_sla_dag.py for tasks to queue
[2023-09-01T19:54:33.058+0000] {logging_mixin.py:150} INFO - [2023-09-01T19:54:33.058+0000] {dagbag.py:541} INFO - Filling up the DagBag from /home/airflow/.local/lib/python3.7/site-packages/airflow/example_dags/example_sla_dag.py
[2023-09-01T19:54:33.065+0000] {processor.py:836} INFO - DAG(s) dict_keys(['example_sla_dag']) retrieved from /home/airflow/.local/lib/python3.7/site-packages/airflow/example_dags/example_sla_dag.py
[2023-09-01T19:54:33.087+0000] {logging_mixin.py:150} INFO - [2023-09-01T19:54:33.087+0000] {dag.py:2742} INFO - Sync 1 DAGs
[2023-09-01T19:54:33.112+0000] {logging_mixin.py:150} INFO - [2023-09-01T19:54:33.112+0000] {dag.py:3508} INFO - Setting next_dagrun for example_sla_dag to 2023-09-01T19:52:00+00:00, run_after=2023-09-01T19:54:00+00:00
[2023-09-01T19:54:33.128+0000] {processor.py:179} INFO - Processing /home/airflow/.local/lib/python3.7/site-packages/airflow/example_dags/example_sla_dag.py took 0.075 seconds
[2023-09-01T19:55:03.395+0000] {processor.py:157} INFO - Started process (PID=2553) to work on /home/airflow/.local/lib/python3.7/site-packages/airflow/example_dags/example_sla_dag.py
[2023-09-01T19:55:03.397+0000] {processor.py:826} INFO - Processing file /home/airflow/.local/lib/python3.7/site-packages/airflow/example_dags/example_sla_dag.py for tasks to queue
[2023-09-01T19:55:03.398+0000] {logging_mixin.py:150} INFO - [2023-09-01T19:55:03.397+0000] {dagbag.py:541} INFO - Filling up the DagBag from /home/airflow/.local/lib/python3.7/site-packages/airflow/example_dags/example_sla_dag.py
[2023-09-01T19:55:03.405+0000] {processor.py:836} INFO - DAG(s) dict_keys(['example_sla_dag']) retrieved from /home/airflow/.local/lib/python3.7/site-packages/airflow/example_dags/example_sla_dag.py
[2023-09-01T19:55:03.428+0000] {logging_mixin.py:150} INFO - [2023-09-01T19:55:03.428+0000] {dag.py:2742} INFO - Sync 1 DAGs
[2023-09-01T19:55:03.452+0000] {logging_mixin.py:150} INFO - [2023-09-01T19:55:03.451+0000] {dag.py:3508} INFO - Setting next_dagrun for example_sla_dag to 2023-09-01T19:52:00+00:00, run_after=2023-09-01T19:54:00+00:00
[2023-09-01T19:55:03.470+0000] {processor.py:179} INFO - Processing /home/airflow/.local/lib/python3.7/site-packages/airflow/example_dags/example_sla_dag.py took 0.078 seconds
