[2023-09-01T19:31:55.229+0000] {processor.py:157} INFO - Started process (PID=61) to work on /home/airflow/.local/lib/python3.7/site-packages/airflow/example_dags/example_branch_datetime_operator.py
[2023-09-01T19:31:55.230+0000] {processor.py:826} INFO - Processing file /home/airflow/.local/lib/python3.7/site-packages/airflow/example_dags/example_branch_datetime_operator.py for tasks to queue
[2023-09-01T19:31:55.230+0000] {logging_mixin.py:150} INFO - [2023-09-01T19:31:55.230+0000] {dagbag.py:541} INFO - Filling up the DagBag from /home/airflow/.local/lib/python3.7/site-packages/airflow/example_dags/example_branch_datetime_operator.py
[2023-09-01T19:31:55.241+0000] {processor.py:836} INFO - DAG(s) dict_keys(['example_branch_datetime_operator_3', 'example_branch_datetime_operator_2', 'example_branch_datetime_operator']) retrieved from /home/airflow/.local/lib/python3.7/site-packages/airflow/example_dags/example_branch_datetime_operator.py
[2023-09-01T19:31:55.579+0000] {logging_mixin.py:150} INFO - [2023-09-01T19:31:55.579+0000] {dag.py:2742} INFO - Sync 3 DAGs
[2023-09-01T19:31:55.607+0000] {logging_mixin.py:150} INFO - [2023-09-01T19:31:55.607+0000] {dag.py:3508} INFO - Setting next_dagrun for example_branch_datetime_operator to 2023-08-31T00:00:00+00:00, run_after=2023-09-01T00:00:00+00:00
[2023-09-01T19:31:55.618+0000] {logging_mixin.py:150} INFO - [2023-09-01T19:31:55.617+0000] {dag.py:3508} INFO - Setting next_dagrun for example_branch_datetime_operator_2 to 2023-08-31T00:00:00+00:00, run_after=2023-09-01T00:00:00+00:00
[2023-09-01T19:31:55.620+0000] {logging_mixin.py:150} INFO - [2023-09-01T19:31:55.620+0000] {dag.py:3508} INFO - Setting next_dagrun for example_branch_datetime_operator_3 to 2023-08-31T00:00:00+00:00, run_after=2023-09-01T00:00:00+00:00
[2023-09-01T19:31:55.649+0000] {processor.py:179} INFO - Processing /home/airflow/.local/lib/python3.7/site-packages/airflow/example_dags/example_branch_datetime_operator.py took 0.431 seconds
[2023-09-01T19:32:25.921+0000] {processor.py:157} INFO - Started process (PID=117) to work on /home/airflow/.local/lib/python3.7/site-packages/airflow/example_dags/example_branch_datetime_operator.py
[2023-09-01T19:32:25.922+0000] {processor.py:826} INFO - Processing file /home/airflow/.local/lib/python3.7/site-packages/airflow/example_dags/example_branch_datetime_operator.py for tasks to queue
[2023-09-01T19:32:25.923+0000] {logging_mixin.py:150} INFO - [2023-09-01T19:32:25.923+0000] {dagbag.py:541} INFO - Filling up the DagBag from /home/airflow/.local/lib/python3.7/site-packages/airflow/example_dags/example_branch_datetime_operator.py
[2023-09-01T19:32:25.931+0000] {processor.py:836} INFO - DAG(s) dict_keys(['example_branch_datetime_operator_2', 'example_branch_datetime_operator_3', 'example_branch_datetime_operator']) retrieved from /home/airflow/.local/lib/python3.7/site-packages/airflow/example_dags/example_branch_datetime_operator.py
[2023-09-01T19:32:25.960+0000] {logging_mixin.py:150} INFO - [2023-09-01T19:32:25.959+0000] {dag.py:2742} INFO - Sync 3 DAGs
[2023-09-01T19:32:25.982+0000] {logging_mixin.py:150} INFO - [2023-09-01T19:32:25.982+0000] {dag.py:3508} INFO - Setting next_dagrun for example_branch_datetime_operator to 2023-08-31T00:00:00+00:00, run_after=2023-09-01T00:00:00+00:00
[2023-09-01T19:32:25.987+0000] {logging_mixin.py:150} INFO - [2023-09-01T19:32:25.987+0000] {dag.py:3508} INFO - Setting next_dagrun for example_branch_datetime_operator_2 to 2023-08-31T00:00:00+00:00, run_after=2023-09-01T00:00:00+00:00
[2023-09-01T19:32:25.989+0000] {logging_mixin.py:150} INFO - [2023-09-01T19:32:25.989+0000] {dag.py:3508} INFO - Setting next_dagrun for example_branch_datetime_operator_3 to 2023-08-31T00:00:00+00:00, run_after=2023-09-01T00:00:00+00:00
[2023-09-01T19:32:26.006+0000] {processor.py:179} INFO - Processing /home/airflow/.local/lib/python3.7/site-packages/airflow/example_dags/example_branch_datetime_operator.py took 0.087 seconds
[2023-09-01T19:32:56.880+0000] {processor.py:157} INFO - Started process (PID=172) to work on /home/airflow/.local/lib/python3.7/site-packages/airflow/example_dags/example_branch_datetime_operator.py
[2023-09-01T19:32:56.881+0000] {processor.py:826} INFO - Processing file /home/airflow/.local/lib/python3.7/site-packages/airflow/example_dags/example_branch_datetime_operator.py for tasks to queue
[2023-09-01T19:32:56.882+0000] {logging_mixin.py:150} INFO - [2023-09-01T19:32:56.882+0000] {dagbag.py:541} INFO - Filling up the DagBag from /home/airflow/.local/lib/python3.7/site-packages/airflow/example_dags/example_branch_datetime_operator.py
[2023-09-01T19:32:56.891+0000] {processor.py:836} INFO - DAG(s) dict_keys(['example_branch_datetime_operator_2', 'example_branch_datetime_operator_3', 'example_branch_datetime_operator']) retrieved from /home/airflow/.local/lib/python3.7/site-packages/airflow/example_dags/example_branch_datetime_operator.py
[2023-09-01T19:32:56.917+0000] {logging_mixin.py:150} INFO - [2023-09-01T19:32:56.917+0000] {dag.py:2742} INFO - Sync 3 DAGs
[2023-09-01T19:32:56.939+0000] {logging_mixin.py:150} INFO - [2023-09-01T19:32:56.939+0000] {dag.py:3508} INFO - Setting next_dagrun for example_branch_datetime_operator to 2023-08-31T00:00:00+00:00, run_after=2023-09-01T00:00:00+00:00
[2023-09-01T19:32:56.943+0000] {logging_mixin.py:150} INFO - [2023-09-01T19:32:56.943+0000] {dag.py:3508} INFO - Setting next_dagrun for example_branch_datetime_operator_2 to 2023-08-31T00:00:00+00:00, run_after=2023-09-01T00:00:00+00:00
[2023-09-01T19:32:56.945+0000] {logging_mixin.py:150} INFO - [2023-09-01T19:32:56.945+0000] {dag.py:3508} INFO - Setting next_dagrun for example_branch_datetime_operator_3 to 2023-08-31T00:00:00+00:00, run_after=2023-09-01T00:00:00+00:00
[2023-09-01T19:32:56.960+0000] {processor.py:179} INFO - Processing /home/airflow/.local/lib/python3.7/site-packages/airflow/example_dags/example_branch_datetime_operator.py took 0.084 seconds
[2023-09-01T19:33:27.264+0000] {processor.py:157} INFO - Started process (PID=227) to work on /home/airflow/.local/lib/python3.7/site-packages/airflow/example_dags/example_branch_datetime_operator.py
[2023-09-01T19:33:27.265+0000] {processor.py:826} INFO - Processing file /home/airflow/.local/lib/python3.7/site-packages/airflow/example_dags/example_branch_datetime_operator.py for tasks to queue
[2023-09-01T19:33:27.266+0000] {logging_mixin.py:150} INFO - [2023-09-01T19:33:27.265+0000] {dagbag.py:541} INFO - Filling up the DagBag from /home/airflow/.local/lib/python3.7/site-packages/airflow/example_dags/example_branch_datetime_operator.py
[2023-09-01T19:33:27.275+0000] {processor.py:836} INFO - DAG(s) dict_keys(['example_branch_datetime_operator_2', 'example_branch_datetime_operator', 'example_branch_datetime_operator_3']) retrieved from /home/airflow/.local/lib/python3.7/site-packages/airflow/example_dags/example_branch_datetime_operator.py
[2023-09-01T19:33:27.301+0000] {logging_mixin.py:150} INFO - [2023-09-01T19:33:27.301+0000] {dag.py:2742} INFO - Sync 3 DAGs
[2023-09-01T19:33:27.322+0000] {logging_mixin.py:150} INFO - [2023-09-01T19:33:27.322+0000] {dag.py:3508} INFO - Setting next_dagrun for example_branch_datetime_operator to 2023-08-31T00:00:00+00:00, run_after=2023-09-01T00:00:00+00:00
[2023-09-01T19:33:27.325+0000] {logging_mixin.py:150} INFO - [2023-09-01T19:33:27.325+0000] {dag.py:3508} INFO - Setting next_dagrun for example_branch_datetime_operator_2 to 2023-08-31T00:00:00+00:00, run_after=2023-09-01T00:00:00+00:00
[2023-09-01T19:33:27.328+0000] {logging_mixin.py:150} INFO - [2023-09-01T19:33:27.328+0000] {dag.py:3508} INFO - Setting next_dagrun for example_branch_datetime_operator_3 to 2023-08-31T00:00:00+00:00, run_after=2023-09-01T00:00:00+00:00
[2023-09-01T19:33:27.342+0000] {processor.py:179} INFO - Processing /home/airflow/.local/lib/python3.7/site-packages/airflow/example_dags/example_branch_datetime_operator.py took 0.081 seconds
[2023-09-01T19:33:57.607+0000] {processor.py:157} INFO - Started process (PID=282) to work on /home/airflow/.local/lib/python3.7/site-packages/airflow/example_dags/example_branch_datetime_operator.py
[2023-09-01T19:33:57.608+0000] {processor.py:826} INFO - Processing file /home/airflow/.local/lib/python3.7/site-packages/airflow/example_dags/example_branch_datetime_operator.py for tasks to queue
[2023-09-01T19:33:57.609+0000] {logging_mixin.py:150} INFO - [2023-09-01T19:33:57.608+0000] {dagbag.py:541} INFO - Filling up the DagBag from /home/airflow/.local/lib/python3.7/site-packages/airflow/example_dags/example_branch_datetime_operator.py
[2023-09-01T19:33:57.617+0000] {processor.py:836} INFO - DAG(s) dict_keys(['example_branch_datetime_operator_2', 'example_branch_datetime_operator', 'example_branch_datetime_operator_3']) retrieved from /home/airflow/.local/lib/python3.7/site-packages/airflow/example_dags/example_branch_datetime_operator.py
[2023-09-01T19:33:57.646+0000] {logging_mixin.py:150} INFO - [2023-09-01T19:33:57.646+0000] {dag.py:2742} INFO - Sync 3 DAGs
[2023-09-01T19:33:57.667+0000] {logging_mixin.py:150} INFO - [2023-09-01T19:33:57.666+0000] {dag.py:3508} INFO - Setting next_dagrun for example_branch_datetime_operator to 2023-08-31T00:00:00+00:00, run_after=2023-09-01T00:00:00+00:00
[2023-09-01T19:33:57.670+0000] {logging_mixin.py:150} INFO - [2023-09-01T19:33:57.670+0000] {dag.py:3508} INFO - Setting next_dagrun for example_branch_datetime_operator_2 to 2023-08-31T00:00:00+00:00, run_after=2023-09-01T00:00:00+00:00
[2023-09-01T19:33:57.672+0000] {logging_mixin.py:150} INFO - [2023-09-01T19:33:57.672+0000] {dag.py:3508} INFO - Setting next_dagrun for example_branch_datetime_operator_3 to 2023-08-31T00:00:00+00:00, run_after=2023-09-01T00:00:00+00:00
[2023-09-01T19:33:57.685+0000] {processor.py:179} INFO - Processing /home/airflow/.local/lib/python3.7/site-packages/airflow/example_dags/example_branch_datetime_operator.py took 0.081 seconds
[2023-09-01T19:34:28.033+0000] {processor.py:157} INFO - Started process (PID=337) to work on /home/airflow/.local/lib/python3.7/site-packages/airflow/example_dags/example_branch_datetime_operator.py
[2023-09-01T19:34:28.034+0000] {processor.py:826} INFO - Processing file /home/airflow/.local/lib/python3.7/site-packages/airflow/example_dags/example_branch_datetime_operator.py for tasks to queue
[2023-09-01T19:34:28.034+0000] {logging_mixin.py:150} INFO - [2023-09-01T19:34:28.034+0000] {dagbag.py:541} INFO - Filling up the DagBag from /home/airflow/.local/lib/python3.7/site-packages/airflow/example_dags/example_branch_datetime_operator.py
[2023-09-01T19:34:28.047+0000] {processor.py:836} INFO - DAG(s) dict_keys(['example_branch_datetime_operator_2', 'example_branch_datetime_operator', 'example_branch_datetime_operator_3']) retrieved from /home/airflow/.local/lib/python3.7/site-packages/airflow/example_dags/example_branch_datetime_operator.py
[2023-09-01T19:34:28.075+0000] {logging_mixin.py:150} INFO - [2023-09-01T19:34:28.075+0000] {dag.py:2742} INFO - Sync 3 DAGs
[2023-09-01T19:34:28.097+0000] {logging_mixin.py:150} INFO - [2023-09-01T19:34:28.097+0000] {dag.py:3508} INFO - Setting next_dagrun for example_branch_datetime_operator to 2023-08-31T00:00:00+00:00, run_after=2023-09-01T00:00:00+00:00
[2023-09-01T19:34:28.101+0000] {logging_mixin.py:150} INFO - [2023-09-01T19:34:28.101+0000] {dag.py:3508} INFO - Setting next_dagrun for example_branch_datetime_operator_2 to 2023-08-31T00:00:00+00:00, run_after=2023-09-01T00:00:00+00:00
[2023-09-01T19:34:28.103+0000] {logging_mixin.py:150} INFO - [2023-09-01T19:34:28.103+0000] {dag.py:3508} INFO - Setting next_dagrun for example_branch_datetime_operator_3 to 2023-08-31T00:00:00+00:00, run_after=2023-09-01T00:00:00+00:00
[2023-09-01T19:34:28.118+0000] {processor.py:179} INFO - Processing /home/airflow/.local/lib/python3.7/site-packages/airflow/example_dags/example_branch_datetime_operator.py took 0.088 seconds
[2023-09-01T19:34:58.278+0000] {processor.py:157} INFO - Started process (PID=392) to work on /home/airflow/.local/lib/python3.7/site-packages/airflow/example_dags/example_branch_datetime_operator.py
[2023-09-01T19:34:58.279+0000] {processor.py:826} INFO - Processing file /home/airflow/.local/lib/python3.7/site-packages/airflow/example_dags/example_branch_datetime_operator.py for tasks to queue
[2023-09-01T19:34:58.280+0000] {logging_mixin.py:150} INFO - [2023-09-01T19:34:58.280+0000] {dagbag.py:541} INFO - Filling up the DagBag from /home/airflow/.local/lib/python3.7/site-packages/airflow/example_dags/example_branch_datetime_operator.py
[2023-09-01T19:34:58.289+0000] {processor.py:836} INFO - DAG(s) dict_keys(['example_branch_datetime_operator_3', 'example_branch_datetime_operator_2', 'example_branch_datetime_operator']) retrieved from /home/airflow/.local/lib/python3.7/site-packages/airflow/example_dags/example_branch_datetime_operator.py
[2023-09-01T19:34:58.317+0000] {logging_mixin.py:150} INFO - [2023-09-01T19:34:58.317+0000] {dag.py:2742} INFO - Sync 3 DAGs
[2023-09-01T19:34:58.338+0000] {logging_mixin.py:150} INFO - [2023-09-01T19:34:58.338+0000] {dag.py:3508} INFO - Setting next_dagrun for example_branch_datetime_operator to 2023-08-31T00:00:00+00:00, run_after=2023-09-01T00:00:00+00:00
[2023-09-01T19:34:58.342+0000] {logging_mixin.py:150} INFO - [2023-09-01T19:34:58.342+0000] {dag.py:3508} INFO - Setting next_dagrun for example_branch_datetime_operator_2 to 2023-08-31T00:00:00+00:00, run_after=2023-09-01T00:00:00+00:00
[2023-09-01T19:34:58.344+0000] {logging_mixin.py:150} INFO - [2023-09-01T19:34:58.344+0000] {dag.py:3508} INFO - Setting next_dagrun for example_branch_datetime_operator_3 to 2023-08-31T00:00:00+00:00, run_after=2023-09-01T00:00:00+00:00
[2023-09-01T19:34:58.356+0000] {processor.py:179} INFO - Processing /home/airflow/.local/lib/python3.7/site-packages/airflow/example_dags/example_branch_datetime_operator.py took 0.081 seconds
[2023-09-01T19:35:28.567+0000] {processor.py:157} INFO - Started process (PID=447) to work on /home/airflow/.local/lib/python3.7/site-packages/airflow/example_dags/example_branch_datetime_operator.py
[2023-09-01T19:35:28.567+0000] {processor.py:826} INFO - Processing file /home/airflow/.local/lib/python3.7/site-packages/airflow/example_dags/example_branch_datetime_operator.py for tasks to queue
[2023-09-01T19:35:28.568+0000] {logging_mixin.py:150} INFO - [2023-09-01T19:35:28.568+0000] {dagbag.py:541} INFO - Filling up the DagBag from /home/airflow/.local/lib/python3.7/site-packages/airflow/example_dags/example_branch_datetime_operator.py
[2023-09-01T19:35:28.576+0000] {processor.py:836} INFO - DAG(s) dict_keys(['example_branch_datetime_operator', 'example_branch_datetime_operator_2', 'example_branch_datetime_operator_3']) retrieved from /home/airflow/.local/lib/python3.7/site-packages/airflow/example_dags/example_branch_datetime_operator.py
[2023-09-01T19:35:28.606+0000] {logging_mixin.py:150} INFO - [2023-09-01T19:35:28.606+0000] {dag.py:2742} INFO - Sync 3 DAGs
[2023-09-01T19:35:28.627+0000] {logging_mixin.py:150} INFO - [2023-09-01T19:35:28.626+0000] {dag.py:3508} INFO - Setting next_dagrun for example_branch_datetime_operator to 2023-08-31T00:00:00+00:00, run_after=2023-09-01T00:00:00+00:00
[2023-09-01T19:35:28.630+0000] {logging_mixin.py:150} INFO - [2023-09-01T19:35:28.630+0000] {dag.py:3508} INFO - Setting next_dagrun for example_branch_datetime_operator_2 to 2023-08-31T00:00:00+00:00, run_after=2023-09-01T00:00:00+00:00
[2023-09-01T19:35:28.632+0000] {logging_mixin.py:150} INFO - [2023-09-01T19:35:28.632+0000] {dag.py:3508} INFO - Setting next_dagrun for example_branch_datetime_operator_3 to 2023-08-31T00:00:00+00:00, run_after=2023-09-01T00:00:00+00:00
[2023-09-01T19:35:28.647+0000] {processor.py:179} INFO - Processing /home/airflow/.local/lib/python3.7/site-packages/airflow/example_dags/example_branch_datetime_operator.py took 0.083 seconds
[2023-09-01T19:36:01.449+0000] {processor.py:157} INFO - Started process (PID=509) to work on /home/airflow/.local/lib/python3.7/site-packages/airflow/example_dags/example_branch_datetime_operator.py
[2023-09-01T19:36:01.451+0000] {processor.py:826} INFO - Processing file /home/airflow/.local/lib/python3.7/site-packages/airflow/example_dags/example_branch_datetime_operator.py for tasks to queue
[2023-09-01T19:36:01.456+0000] {logging_mixin.py:150} INFO - [2023-09-01T19:36:01.455+0000] {dagbag.py:541} INFO - Filling up the DagBag from /home/airflow/.local/lib/python3.7/site-packages/airflow/example_dags/example_branch_datetime_operator.py
[2023-09-01T19:36:01.483+0000] {processor.py:836} INFO - DAG(s) dict_keys(['example_branch_datetime_operator_2', 'example_branch_datetime_operator', 'example_branch_datetime_operator_3']) retrieved from /home/airflow/.local/lib/python3.7/site-packages/airflow/example_dags/example_branch_datetime_operator.py
[2023-09-01T19:36:01.825+0000] {logging_mixin.py:150} INFO - [2023-09-01T19:36:01.818+0000] {dag.py:2742} INFO - Sync 3 DAGs
[2023-09-01T19:36:01.945+0000] {logging_mixin.py:150} INFO - [2023-09-01T19:36:01.945+0000] {dag.py:3508} INFO - Setting next_dagrun for example_branch_datetime_operator to 2023-08-31T00:00:00+00:00, run_after=2023-09-01T00:00:00+00:00
[2023-09-01T19:36:01.953+0000] {logging_mixin.py:150} INFO - [2023-09-01T19:36:01.953+0000] {dag.py:3508} INFO - Setting next_dagrun for example_branch_datetime_operator_2 to 2023-08-31T00:00:00+00:00, run_after=2023-09-01T00:00:00+00:00
[2023-09-01T19:36:01.956+0000] {logging_mixin.py:150} INFO - [2023-09-01T19:36:01.956+0000] {dag.py:3508} INFO - Setting next_dagrun for example_branch_datetime_operator_3 to 2023-08-31T00:00:00+00:00, run_after=2023-09-01T00:00:00+00:00
[2023-09-01T19:36:02.076+0000] {processor.py:179} INFO - Processing /home/airflow/.local/lib/python3.7/site-packages/airflow/example_dags/example_branch_datetime_operator.py took 0.630 seconds
[2023-09-01T19:36:32.520+0000] {processor.py:157} INFO - Started process (PID=564) to work on /home/airflow/.local/lib/python3.7/site-packages/airflow/example_dags/example_branch_datetime_operator.py
[2023-09-01T19:36:32.520+0000] {processor.py:826} INFO - Processing file /home/airflow/.local/lib/python3.7/site-packages/airflow/example_dags/example_branch_datetime_operator.py for tasks to queue
[2023-09-01T19:36:32.521+0000] {logging_mixin.py:150} INFO - [2023-09-01T19:36:32.521+0000] {dagbag.py:541} INFO - Filling up the DagBag from /home/airflow/.local/lib/python3.7/site-packages/airflow/example_dags/example_branch_datetime_operator.py
[2023-09-01T19:36:32.535+0000] {processor.py:836} INFO - DAG(s) dict_keys(['example_branch_datetime_operator_2', 'example_branch_datetime_operator_3', 'example_branch_datetime_operator']) retrieved from /home/airflow/.local/lib/python3.7/site-packages/airflow/example_dags/example_branch_datetime_operator.py
[2023-09-01T19:36:32.565+0000] {logging_mixin.py:150} INFO - [2023-09-01T19:36:32.564+0000] {dag.py:2742} INFO - Sync 3 DAGs
[2023-09-01T19:36:32.591+0000] {logging_mixin.py:150} INFO - [2023-09-01T19:36:32.591+0000] {dag.py:3508} INFO - Setting next_dagrun for example_branch_datetime_operator to 2023-08-31T00:00:00+00:00, run_after=2023-09-01T00:00:00+00:00
[2023-09-01T19:36:32.597+0000] {logging_mixin.py:150} INFO - [2023-09-01T19:36:32.597+0000] {dag.py:3508} INFO - Setting next_dagrun for example_branch_datetime_operator_2 to 2023-08-31T00:00:00+00:00, run_after=2023-09-01T00:00:00+00:00
[2023-09-01T19:36:32.599+0000] {logging_mixin.py:150} INFO - [2023-09-01T19:36:32.599+0000] {dag.py:3508} INFO - Setting next_dagrun for example_branch_datetime_operator_3 to 2023-08-31T00:00:00+00:00, run_after=2023-09-01T00:00:00+00:00
[2023-09-01T19:36:32.615+0000] {processor.py:179} INFO - Processing /home/airflow/.local/lib/python3.7/site-packages/airflow/example_dags/example_branch_datetime_operator.py took 0.098 seconds
[2023-09-01T19:37:03.353+0000] {processor.py:157} INFO - Started process (PID=619) to work on /home/airflow/.local/lib/python3.7/site-packages/airflow/example_dags/example_branch_datetime_operator.py
[2023-09-01T19:37:03.363+0000] {processor.py:826} INFO - Processing file /home/airflow/.local/lib/python3.7/site-packages/airflow/example_dags/example_branch_datetime_operator.py for tasks to queue
[2023-09-01T19:37:03.365+0000] {logging_mixin.py:150} INFO - [2023-09-01T19:37:03.364+0000] {dagbag.py:541} INFO - Filling up the DagBag from /home/airflow/.local/lib/python3.7/site-packages/airflow/example_dags/example_branch_datetime_operator.py
[2023-09-01T19:37:03.419+0000] {processor.py:836} INFO - DAG(s) dict_keys(['example_branch_datetime_operator_2', 'example_branch_datetime_operator_3', 'example_branch_datetime_operator']) retrieved from /home/airflow/.local/lib/python3.7/site-packages/airflow/example_dags/example_branch_datetime_operator.py
[2023-09-01T19:37:03.679+0000] {logging_mixin.py:150} INFO - [2023-09-01T19:37:03.679+0000] {dag.py:2742} INFO - Sync 3 DAGs
[2023-09-01T19:37:03.797+0000] {logging_mixin.py:150} INFO - [2023-09-01T19:37:03.796+0000] {dag.py:3508} INFO - Setting next_dagrun for example_branch_datetime_operator to 2023-08-31T00:00:00+00:00, run_after=2023-09-01T00:00:00+00:00
[2023-09-01T19:37:03.812+0000] {logging_mixin.py:150} INFO - [2023-09-01T19:37:03.812+0000] {dag.py:3508} INFO - Setting next_dagrun for example_branch_datetime_operator_2 to 2023-08-31T00:00:00+00:00, run_after=2023-09-01T00:00:00+00:00
[2023-09-01T19:37:03.816+0000] {logging_mixin.py:150} INFO - [2023-09-01T19:37:03.816+0000] {dag.py:3508} INFO - Setting next_dagrun for example_branch_datetime_operator_3 to 2023-08-31T00:00:00+00:00, run_after=2023-09-01T00:00:00+00:00
[2023-09-01T19:37:03.884+0000] {processor.py:179} INFO - Processing /home/airflow/.local/lib/python3.7/site-packages/airflow/example_dags/example_branch_datetime_operator.py took 0.582 seconds
[2023-09-01T19:37:34.401+0000] {processor.py:157} INFO - Started process (PID=674) to work on /home/airflow/.local/lib/python3.7/site-packages/airflow/example_dags/example_branch_datetime_operator.py
[2023-09-01T19:37:34.402+0000] {processor.py:826} INFO - Processing file /home/airflow/.local/lib/python3.7/site-packages/airflow/example_dags/example_branch_datetime_operator.py for tasks to queue
[2023-09-01T19:37:34.403+0000] {logging_mixin.py:150} INFO - [2023-09-01T19:37:34.402+0000] {dagbag.py:541} INFO - Filling up the DagBag from /home/airflow/.local/lib/python3.7/site-packages/airflow/example_dags/example_branch_datetime_operator.py
[2023-09-01T19:37:34.420+0000] {processor.py:836} INFO - DAG(s) dict_keys(['example_branch_datetime_operator_2', 'example_branch_datetime_operator', 'example_branch_datetime_operator_3']) retrieved from /home/airflow/.local/lib/python3.7/site-packages/airflow/example_dags/example_branch_datetime_operator.py
[2023-09-01T19:37:34.456+0000] {logging_mixin.py:150} INFO - [2023-09-01T19:37:34.456+0000] {dag.py:2742} INFO - Sync 3 DAGs
[2023-09-01T19:37:34.484+0000] {logging_mixin.py:150} INFO - [2023-09-01T19:37:34.483+0000] {dag.py:3508} INFO - Setting next_dagrun for example_branch_datetime_operator to 2023-08-31T00:00:00+00:00, run_after=2023-09-01T00:00:00+00:00
[2023-09-01T19:37:34.490+0000] {logging_mixin.py:150} INFO - [2023-09-01T19:37:34.490+0000] {dag.py:3508} INFO - Setting next_dagrun for example_branch_datetime_operator_2 to 2023-08-31T00:00:00+00:00, run_after=2023-09-01T00:00:00+00:00
[2023-09-01T19:37:34.492+0000] {logging_mixin.py:150} INFO - [2023-09-01T19:37:34.492+0000] {dag.py:3508} INFO - Setting next_dagrun for example_branch_datetime_operator_3 to 2023-08-31T00:00:00+00:00, run_after=2023-09-01T00:00:00+00:00
[2023-09-01T19:37:34.510+0000] {processor.py:179} INFO - Processing /home/airflow/.local/lib/python3.7/site-packages/airflow/example_dags/example_branch_datetime_operator.py took 0.114 seconds
[2023-09-01T19:38:04.641+0000] {processor.py:157} INFO - Started process (PID=729) to work on /home/airflow/.local/lib/python3.7/site-packages/airflow/example_dags/example_branch_datetime_operator.py
[2023-09-01T19:38:04.646+0000] {processor.py:826} INFO - Processing file /home/airflow/.local/lib/python3.7/site-packages/airflow/example_dags/example_branch_datetime_operator.py for tasks to queue
[2023-09-01T19:38:04.646+0000] {logging_mixin.py:150} INFO - [2023-09-01T19:38:04.646+0000] {dagbag.py:541} INFO - Filling up the DagBag from /home/airflow/.local/lib/python3.7/site-packages/airflow/example_dags/example_branch_datetime_operator.py
[2023-09-01T19:38:04.673+0000] {processor.py:836} INFO - DAG(s) dict_keys(['example_branch_datetime_operator', 'example_branch_datetime_operator_3', 'example_branch_datetime_operator_2']) retrieved from /home/airflow/.local/lib/python3.7/site-packages/airflow/example_dags/example_branch_datetime_operator.py
[2023-09-01T19:38:04.752+0000] {logging_mixin.py:150} INFO - [2023-09-01T19:38:04.751+0000] {dag.py:2742} INFO - Sync 3 DAGs
[2023-09-01T19:38:04.818+0000] {logging_mixin.py:150} INFO - [2023-09-01T19:38:04.818+0000] {dag.py:3508} INFO - Setting next_dagrun for example_branch_datetime_operator to 2023-08-31T00:00:00+00:00, run_after=2023-09-01T00:00:00+00:00
[2023-09-01T19:38:04.836+0000] {logging_mixin.py:150} INFO - [2023-09-01T19:38:04.836+0000] {dag.py:3508} INFO - Setting next_dagrun for example_branch_datetime_operator_2 to 2023-08-31T00:00:00+00:00, run_after=2023-09-01T00:00:00+00:00
[2023-09-01T19:38:04.842+0000] {logging_mixin.py:150} INFO - [2023-09-01T19:38:04.842+0000] {dag.py:3508} INFO - Setting next_dagrun for example_branch_datetime_operator_3 to 2023-08-31T00:00:00+00:00, run_after=2023-09-01T00:00:00+00:00
[2023-09-01T19:38:04.886+0000] {processor.py:179} INFO - Processing /home/airflow/.local/lib/python3.7/site-packages/airflow/example_dags/example_branch_datetime_operator.py took 0.258 seconds
[2023-09-01T19:38:35.381+0000] {processor.py:157} INFO - Started process (PID=784) to work on /home/airflow/.local/lib/python3.7/site-packages/airflow/example_dags/example_branch_datetime_operator.py
[2023-09-01T19:38:35.382+0000] {processor.py:826} INFO - Processing file /home/airflow/.local/lib/python3.7/site-packages/airflow/example_dags/example_branch_datetime_operator.py for tasks to queue
[2023-09-01T19:38:35.383+0000] {logging_mixin.py:150} INFO - [2023-09-01T19:38:35.383+0000] {dagbag.py:541} INFO - Filling up the DagBag from /home/airflow/.local/lib/python3.7/site-packages/airflow/example_dags/example_branch_datetime_operator.py
[2023-09-01T19:38:35.392+0000] {processor.py:836} INFO - DAG(s) dict_keys(['example_branch_datetime_operator_3', 'example_branch_datetime_operator_2', 'example_branch_datetime_operator']) retrieved from /home/airflow/.local/lib/python3.7/site-packages/airflow/example_dags/example_branch_datetime_operator.py
[2023-09-01T19:38:35.420+0000] {logging_mixin.py:150} INFO - [2023-09-01T19:38:35.420+0000] {dag.py:2742} INFO - Sync 3 DAGs
[2023-09-01T19:38:35.442+0000] {logging_mixin.py:150} INFO - [2023-09-01T19:38:35.442+0000] {dag.py:3508} INFO - Setting next_dagrun for example_branch_datetime_operator to 2023-08-31T00:00:00+00:00, run_after=2023-09-01T00:00:00+00:00
[2023-09-01T19:38:35.447+0000] {logging_mixin.py:150} INFO - [2023-09-01T19:38:35.446+0000] {dag.py:3508} INFO - Setting next_dagrun for example_branch_datetime_operator_2 to 2023-08-31T00:00:00+00:00, run_after=2023-09-01T00:00:00+00:00
[2023-09-01T19:38:35.449+0000] {logging_mixin.py:150} INFO - [2023-09-01T19:38:35.449+0000] {dag.py:3508} INFO - Setting next_dagrun for example_branch_datetime_operator_3 to 2023-08-31T00:00:00+00:00, run_after=2023-09-01T00:00:00+00:00
[2023-09-01T19:38:35.466+0000] {processor.py:179} INFO - Processing /home/airflow/.local/lib/python3.7/site-packages/airflow/example_dags/example_branch_datetime_operator.py took 0.088 seconds
[2023-09-01T19:39:05.833+0000] {processor.py:157} INFO - Started process (PID=838) to work on /home/airflow/.local/lib/python3.7/site-packages/airflow/example_dags/example_branch_datetime_operator.py
[2023-09-01T19:39:05.842+0000] {processor.py:826} INFO - Processing file /home/airflow/.local/lib/python3.7/site-packages/airflow/example_dags/example_branch_datetime_operator.py for tasks to queue
[2023-09-01T19:39:05.843+0000] {logging_mixin.py:150} INFO - [2023-09-01T19:39:05.842+0000] {dagbag.py:541} INFO - Filling up the DagBag from /home/airflow/.local/lib/python3.7/site-packages/airflow/example_dags/example_branch_datetime_operator.py
[2023-09-01T19:39:05.863+0000] {processor.py:836} INFO - DAG(s) dict_keys(['example_branch_datetime_operator_2', 'example_branch_datetime_operator_3', 'example_branch_datetime_operator']) retrieved from /home/airflow/.local/lib/python3.7/site-packages/airflow/example_dags/example_branch_datetime_operator.py
[2023-09-01T19:39:05.952+0000] {logging_mixin.py:150} INFO - [2023-09-01T19:39:05.951+0000] {dag.py:2742} INFO - Sync 3 DAGs
[2023-09-01T19:39:05.984+0000] {logging_mixin.py:150} INFO - [2023-09-01T19:39:05.983+0000] {dag.py:3508} INFO - Setting next_dagrun for example_branch_datetime_operator to 2023-08-31T00:00:00+00:00, run_after=2023-09-01T00:00:00+00:00
[2023-09-01T19:39:06.000+0000] {logging_mixin.py:150} INFO - [2023-09-01T19:39:06.000+0000] {dag.py:3508} INFO - Setting next_dagrun for example_branch_datetime_operator_2 to 2023-08-31T00:00:00+00:00, run_after=2023-09-01T00:00:00+00:00
[2023-09-01T19:39:06.005+0000] {logging_mixin.py:150} INFO - [2023-09-01T19:39:06.005+0000] {dag.py:3508} INFO - Setting next_dagrun for example_branch_datetime_operator_3 to 2023-08-31T00:00:00+00:00, run_after=2023-09-01T00:00:00+00:00
[2023-09-01T19:39:06.021+0000] {processor.py:179} INFO - Processing /home/airflow/.local/lib/python3.7/site-packages/airflow/example_dags/example_branch_datetime_operator.py took 0.205 seconds
[2023-09-01T19:39:36.963+0000] {processor.py:157} INFO - Started process (PID=893) to work on /home/airflow/.local/lib/python3.7/site-packages/airflow/example_dags/example_branch_datetime_operator.py
[2023-09-01T19:39:36.964+0000] {processor.py:826} INFO - Processing file /home/airflow/.local/lib/python3.7/site-packages/airflow/example_dags/example_branch_datetime_operator.py for tasks to queue
[2023-09-01T19:39:36.973+0000] {logging_mixin.py:150} INFO - [2023-09-01T19:39:36.965+0000] {dagbag.py:541} INFO - Filling up the DagBag from /home/airflow/.local/lib/python3.7/site-packages/airflow/example_dags/example_branch_datetime_operator.py
[2023-09-01T19:39:36.985+0000] {processor.py:836} INFO - DAG(s) dict_keys(['example_branch_datetime_operator_2', 'example_branch_datetime_operator_3', 'example_branch_datetime_operator']) retrieved from /home/airflow/.local/lib/python3.7/site-packages/airflow/example_dags/example_branch_datetime_operator.py
[2023-09-01T19:39:37.021+0000] {logging_mixin.py:150} INFO - [2023-09-01T19:39:37.020+0000] {dag.py:2742} INFO - Sync 3 DAGs
[2023-09-01T19:39:37.051+0000] {logging_mixin.py:150} INFO - [2023-09-01T19:39:37.051+0000] {dag.py:3508} INFO - Setting next_dagrun for example_branch_datetime_operator to 2023-08-31T00:00:00+00:00, run_after=2023-09-01T00:00:00+00:00
[2023-09-01T19:39:37.062+0000] {logging_mixin.py:150} INFO - [2023-09-01T19:39:37.062+0000] {dag.py:3508} INFO - Setting next_dagrun for example_branch_datetime_operator_2 to 2023-08-31T00:00:00+00:00, run_after=2023-09-01T00:00:00+00:00
[2023-09-01T19:39:37.064+0000] {logging_mixin.py:150} INFO - [2023-09-01T19:39:37.064+0000] {dag.py:3508} INFO - Setting next_dagrun for example_branch_datetime_operator_3 to 2023-08-31T00:00:00+00:00, run_after=2023-09-01T00:00:00+00:00
[2023-09-01T19:39:37.087+0000] {processor.py:179} INFO - Processing /home/airflow/.local/lib/python3.7/site-packages/airflow/example_dags/example_branch_datetime_operator.py took 0.130 seconds
[2023-09-01T19:40:07.376+0000] {processor.py:157} INFO - Started process (PID=948) to work on /home/airflow/.local/lib/python3.7/site-packages/airflow/example_dags/example_branch_datetime_operator.py
[2023-09-01T19:40:07.377+0000] {processor.py:826} INFO - Processing file /home/airflow/.local/lib/python3.7/site-packages/airflow/example_dags/example_branch_datetime_operator.py for tasks to queue
[2023-09-01T19:40:07.378+0000] {logging_mixin.py:150} INFO - [2023-09-01T19:40:07.377+0000] {dagbag.py:541} INFO - Filling up the DagBag from /home/airflow/.local/lib/python3.7/site-packages/airflow/example_dags/example_branch_datetime_operator.py
[2023-09-01T19:40:07.386+0000] {processor.py:836} INFO - DAG(s) dict_keys(['example_branch_datetime_operator_2', 'example_branch_datetime_operator_3', 'example_branch_datetime_operator']) retrieved from /home/airflow/.local/lib/python3.7/site-packages/airflow/example_dags/example_branch_datetime_operator.py
[2023-09-01T19:40:07.417+0000] {logging_mixin.py:150} INFO - [2023-09-01T19:40:07.417+0000] {dag.py:2742} INFO - Sync 3 DAGs
[2023-09-01T19:40:07.442+0000] {logging_mixin.py:150} INFO - [2023-09-01T19:40:07.442+0000] {dag.py:3508} INFO - Setting next_dagrun for example_branch_datetime_operator to 2023-08-31T00:00:00+00:00, run_after=2023-09-01T00:00:00+00:00
[2023-09-01T19:40:07.446+0000] {logging_mixin.py:150} INFO - [2023-09-01T19:40:07.446+0000] {dag.py:3508} INFO - Setting next_dagrun for example_branch_datetime_operator_2 to 2023-08-31T00:00:00+00:00, run_after=2023-09-01T00:00:00+00:00
[2023-09-01T19:40:07.448+0000] {logging_mixin.py:150} INFO - [2023-09-01T19:40:07.448+0000] {dag.py:3508} INFO - Setting next_dagrun for example_branch_datetime_operator_3 to 2023-08-31T00:00:00+00:00, run_after=2023-09-01T00:00:00+00:00
[2023-09-01T19:40:07.464+0000] {processor.py:179} INFO - Processing /home/airflow/.local/lib/python3.7/site-packages/airflow/example_dags/example_branch_datetime_operator.py took 0.092 seconds
[2023-09-01T19:40:37.705+0000] {processor.py:157} INFO - Started process (PID=1002) to work on /home/airflow/.local/lib/python3.7/site-packages/airflow/example_dags/example_branch_datetime_operator.py
[2023-09-01T19:40:37.706+0000] {processor.py:826} INFO - Processing file /home/airflow/.local/lib/python3.7/site-packages/airflow/example_dags/example_branch_datetime_operator.py for tasks to queue
[2023-09-01T19:40:37.707+0000] {logging_mixin.py:150} INFO - [2023-09-01T19:40:37.707+0000] {dagbag.py:541} INFO - Filling up the DagBag from /home/airflow/.local/lib/python3.7/site-packages/airflow/example_dags/example_branch_datetime_operator.py
[2023-09-01T19:40:37.715+0000] {processor.py:836} INFO - DAG(s) dict_keys(['example_branch_datetime_operator', 'example_branch_datetime_operator_3', 'example_branch_datetime_operator_2']) retrieved from /home/airflow/.local/lib/python3.7/site-packages/airflow/example_dags/example_branch_datetime_operator.py
[2023-09-01T19:40:37.750+0000] {logging_mixin.py:150} INFO - [2023-09-01T19:40:37.750+0000] {dag.py:2742} INFO - Sync 3 DAGs
[2023-09-01T19:40:37.774+0000] {logging_mixin.py:150} INFO - [2023-09-01T19:40:37.773+0000] {dag.py:3508} INFO - Setting next_dagrun for example_branch_datetime_operator to 2023-08-31T00:00:00+00:00, run_after=2023-09-01T00:00:00+00:00
[2023-09-01T19:40:37.778+0000] {logging_mixin.py:150} INFO - [2023-09-01T19:40:37.778+0000] {dag.py:3508} INFO - Setting next_dagrun for example_branch_datetime_operator_2 to 2023-08-31T00:00:00+00:00, run_after=2023-09-01T00:00:00+00:00
[2023-09-01T19:40:37.780+0000] {logging_mixin.py:150} INFO - [2023-09-01T19:40:37.780+0000] {dag.py:3508} INFO - Setting next_dagrun for example_branch_datetime_operator_3 to 2023-08-31T00:00:00+00:00, run_after=2023-09-01T00:00:00+00:00
[2023-09-01T19:40:37.796+0000] {processor.py:179} INFO - Processing /home/airflow/.local/lib/python3.7/site-packages/airflow/example_dags/example_branch_datetime_operator.py took 0.094 seconds
[2023-09-01T19:41:07.915+0000] {processor.py:157} INFO - Started process (PID=1057) to work on /home/airflow/.local/lib/python3.7/site-packages/airflow/example_dags/example_branch_datetime_operator.py
[2023-09-01T19:41:07.927+0000] {processor.py:826} INFO - Processing file /home/airflow/.local/lib/python3.7/site-packages/airflow/example_dags/example_branch_datetime_operator.py for tasks to queue
[2023-09-01T19:41:07.927+0000] {logging_mixin.py:150} INFO - [2023-09-01T19:41:07.927+0000] {dagbag.py:541} INFO - Filling up the DagBag from /home/airflow/.local/lib/python3.7/site-packages/airflow/example_dags/example_branch_datetime_operator.py
[2023-09-01T19:41:07.938+0000] {processor.py:836} INFO - DAG(s) dict_keys(['example_branch_datetime_operator', 'example_branch_datetime_operator_2', 'example_branch_datetime_operator_3']) retrieved from /home/airflow/.local/lib/python3.7/site-packages/airflow/example_dags/example_branch_datetime_operator.py
[2023-09-01T19:41:07.994+0000] {logging_mixin.py:150} INFO - [2023-09-01T19:41:07.993+0000] {dag.py:2742} INFO - Sync 3 DAGs
[2023-09-01T19:41:08.039+0000] {logging_mixin.py:150} INFO - [2023-09-01T19:41:08.038+0000] {dag.py:3508} INFO - Setting next_dagrun for example_branch_datetime_operator to 2023-08-31T00:00:00+00:00, run_after=2023-09-01T00:00:00+00:00
[2023-09-01T19:41:08.052+0000] {logging_mixin.py:150} INFO - [2023-09-01T19:41:08.052+0000] {dag.py:3508} INFO - Setting next_dagrun for example_branch_datetime_operator_2 to 2023-08-31T00:00:00+00:00, run_after=2023-09-01T00:00:00+00:00
[2023-09-01T19:41:08.057+0000] {logging_mixin.py:150} INFO - [2023-09-01T19:41:08.057+0000] {dag.py:3508} INFO - Setting next_dagrun for example_branch_datetime_operator_3 to 2023-08-31T00:00:00+00:00, run_after=2023-09-01T00:00:00+00:00
[2023-09-01T19:41:08.091+0000] {processor.py:179} INFO - Processing /home/airflow/.local/lib/python3.7/site-packages/airflow/example_dags/example_branch_datetime_operator.py took 0.179 seconds
[2023-09-01T19:41:38.291+0000] {processor.py:157} INFO - Started process (PID=1112) to work on /home/airflow/.local/lib/python3.7/site-packages/airflow/example_dags/example_branch_datetime_operator.py
[2023-09-01T19:41:38.292+0000] {processor.py:826} INFO - Processing file /home/airflow/.local/lib/python3.7/site-packages/airflow/example_dags/example_branch_datetime_operator.py for tasks to queue
[2023-09-01T19:41:38.293+0000] {logging_mixin.py:150} INFO - [2023-09-01T19:41:38.293+0000] {dagbag.py:541} INFO - Filling up the DagBag from /home/airflow/.local/lib/python3.7/site-packages/airflow/example_dags/example_branch_datetime_operator.py
[2023-09-01T19:41:38.304+0000] {processor.py:836} INFO - DAG(s) dict_keys(['example_branch_datetime_operator_2', 'example_branch_datetime_operator_3', 'example_branch_datetime_operator']) retrieved from /home/airflow/.local/lib/python3.7/site-packages/airflow/example_dags/example_branch_datetime_operator.py
[2023-09-01T19:41:38.344+0000] {logging_mixin.py:150} INFO - [2023-09-01T19:41:38.344+0000] {dag.py:2742} INFO - Sync 3 DAGs
[2023-09-01T19:41:38.375+0000] {logging_mixin.py:150} INFO - [2023-09-01T19:41:38.375+0000] {dag.py:3508} INFO - Setting next_dagrun for example_branch_datetime_operator to 2023-08-31T00:00:00+00:00, run_after=2023-09-01T00:00:00+00:00
[2023-09-01T19:41:38.380+0000] {logging_mixin.py:150} INFO - [2023-09-01T19:41:38.379+0000] {dag.py:3508} INFO - Setting next_dagrun for example_branch_datetime_operator_2 to 2023-08-31T00:00:00+00:00, run_after=2023-09-01T00:00:00+00:00
[2023-09-01T19:41:38.382+0000] {logging_mixin.py:150} INFO - [2023-09-01T19:41:38.382+0000] {dag.py:3508} INFO - Setting next_dagrun for example_branch_datetime_operator_3 to 2023-08-31T00:00:00+00:00, run_after=2023-09-01T00:00:00+00:00
[2023-09-01T19:41:38.397+0000] {processor.py:179} INFO - Processing /home/airflow/.local/lib/python3.7/site-packages/airflow/example_dags/example_branch_datetime_operator.py took 0.109 seconds
[2023-09-01T19:42:08.596+0000] {processor.py:157} INFO - Started process (PID=1166) to work on /home/airflow/.local/lib/python3.7/site-packages/airflow/example_dags/example_branch_datetime_operator.py
[2023-09-01T19:42:08.597+0000] {processor.py:826} INFO - Processing file /home/airflow/.local/lib/python3.7/site-packages/airflow/example_dags/example_branch_datetime_operator.py for tasks to queue
[2023-09-01T19:42:08.600+0000] {logging_mixin.py:150} INFO - [2023-09-01T19:42:08.599+0000] {dagbag.py:541} INFO - Filling up the DagBag from /home/airflow/.local/lib/python3.7/site-packages/airflow/example_dags/example_branch_datetime_operator.py
[2023-09-01T19:42:08.609+0000] {processor.py:836} INFO - DAG(s) dict_keys(['example_branch_datetime_operator', 'example_branch_datetime_operator_2', 'example_branch_datetime_operator_3']) retrieved from /home/airflow/.local/lib/python3.7/site-packages/airflow/example_dags/example_branch_datetime_operator.py
[2023-09-01T19:42:08.643+0000] {logging_mixin.py:150} INFO - [2023-09-01T19:42:08.643+0000] {dag.py:2742} INFO - Sync 3 DAGs
[2023-09-01T19:42:08.675+0000] {logging_mixin.py:150} INFO - [2023-09-01T19:42:08.675+0000] {dag.py:3508} INFO - Setting next_dagrun for example_branch_datetime_operator to 2023-08-31T00:00:00+00:00, run_after=2023-09-01T00:00:00+00:00
[2023-09-01T19:42:08.680+0000] {logging_mixin.py:150} INFO - [2023-09-01T19:42:08.680+0000] {dag.py:3508} INFO - Setting next_dagrun for example_branch_datetime_operator_2 to 2023-08-31T00:00:00+00:00, run_after=2023-09-01T00:00:00+00:00
[2023-09-01T19:42:08.683+0000] {logging_mixin.py:150} INFO - [2023-09-01T19:42:08.682+0000] {dag.py:3508} INFO - Setting next_dagrun for example_branch_datetime_operator_3 to 2023-08-31T00:00:00+00:00, run_after=2023-09-01T00:00:00+00:00
[2023-09-01T19:42:08.705+0000] {processor.py:179} INFO - Processing /home/airflow/.local/lib/python3.7/site-packages/airflow/example_dags/example_branch_datetime_operator.py took 0.114 seconds
[2023-09-01T19:42:39.198+0000] {processor.py:157} INFO - Started process (PID=1221) to work on /home/airflow/.local/lib/python3.7/site-packages/airflow/example_dags/example_branch_datetime_operator.py
[2023-09-01T19:42:39.202+0000] {processor.py:826} INFO - Processing file /home/airflow/.local/lib/python3.7/site-packages/airflow/example_dags/example_branch_datetime_operator.py for tasks to queue
[2023-09-01T19:42:39.203+0000] {logging_mixin.py:150} INFO - [2023-09-01T19:42:39.203+0000] {dagbag.py:541} INFO - Filling up the DagBag from /home/airflow/.local/lib/python3.7/site-packages/airflow/example_dags/example_branch_datetime_operator.py
[2023-09-01T19:42:39.217+0000] {processor.py:836} INFO - DAG(s) dict_keys(['example_branch_datetime_operator_3', 'example_branch_datetime_operator_2', 'example_branch_datetime_operator']) retrieved from /home/airflow/.local/lib/python3.7/site-packages/airflow/example_dags/example_branch_datetime_operator.py
[2023-09-01T19:42:39.260+0000] {logging_mixin.py:150} INFO - [2023-09-01T19:42:39.259+0000] {dag.py:2742} INFO - Sync 3 DAGs
[2023-09-01T19:42:39.289+0000] {logging_mixin.py:150} INFO - [2023-09-01T19:42:39.289+0000] {dag.py:3508} INFO - Setting next_dagrun for example_branch_datetime_operator to 2023-08-31T00:00:00+00:00, run_after=2023-09-01T00:00:00+00:00
[2023-09-01T19:42:39.302+0000] {logging_mixin.py:150} INFO - [2023-09-01T19:42:39.302+0000] {dag.py:3508} INFO - Setting next_dagrun for example_branch_datetime_operator_2 to 2023-08-31T00:00:00+00:00, run_after=2023-09-01T00:00:00+00:00
[2023-09-01T19:42:39.321+0000] {logging_mixin.py:150} INFO - [2023-09-01T19:42:39.321+0000] {dag.py:3508} INFO - Setting next_dagrun for example_branch_datetime_operator_3 to 2023-08-31T00:00:00+00:00, run_after=2023-09-01T00:00:00+00:00
[2023-09-01T19:42:39.382+0000] {processor.py:179} INFO - Processing /home/airflow/.local/lib/python3.7/site-packages/airflow/example_dags/example_branch_datetime_operator.py took 0.188 seconds
[2023-09-01T19:43:10.328+0000] {processor.py:157} INFO - Started process (PID=1276) to work on /home/airflow/.local/lib/python3.7/site-packages/airflow/example_dags/example_branch_datetime_operator.py
[2023-09-01T19:43:10.329+0000] {processor.py:826} INFO - Processing file /home/airflow/.local/lib/python3.7/site-packages/airflow/example_dags/example_branch_datetime_operator.py for tasks to queue
[2023-09-01T19:43:10.329+0000] {logging_mixin.py:150} INFO - [2023-09-01T19:43:10.329+0000] {dagbag.py:541} INFO - Filling up the DagBag from /home/airflow/.local/lib/python3.7/site-packages/airflow/example_dags/example_branch_datetime_operator.py
[2023-09-01T19:43:10.338+0000] {processor.py:836} INFO - DAG(s) dict_keys(['example_branch_datetime_operator_2', 'example_branch_datetime_operator', 'example_branch_datetime_operator_3']) retrieved from /home/airflow/.local/lib/python3.7/site-packages/airflow/example_dags/example_branch_datetime_operator.py
[2023-09-01T19:43:10.368+0000] {logging_mixin.py:150} INFO - [2023-09-01T19:43:10.368+0000] {dag.py:2742} INFO - Sync 3 DAGs
[2023-09-01T19:43:10.391+0000] {logging_mixin.py:150} INFO - [2023-09-01T19:43:10.391+0000] {dag.py:3508} INFO - Setting next_dagrun for example_branch_datetime_operator to 2023-08-31T00:00:00+00:00, run_after=2023-09-01T00:00:00+00:00
[2023-09-01T19:43:10.395+0000] {logging_mixin.py:150} INFO - [2023-09-01T19:43:10.395+0000] {dag.py:3508} INFO - Setting next_dagrun for example_branch_datetime_operator_2 to 2023-08-31T00:00:00+00:00, run_after=2023-09-01T00:00:00+00:00
[2023-09-01T19:43:10.397+0000] {logging_mixin.py:150} INFO - [2023-09-01T19:43:10.397+0000] {dag.py:3508} INFO - Setting next_dagrun for example_branch_datetime_operator_3 to 2023-08-31T00:00:00+00:00, run_after=2023-09-01T00:00:00+00:00
[2023-09-01T19:43:10.411+0000] {processor.py:179} INFO - Processing /home/airflow/.local/lib/python3.7/site-packages/airflow/example_dags/example_branch_datetime_operator.py took 0.087 seconds
[2023-09-01T19:43:40.801+0000] {processor.py:157} INFO - Started process (PID=1331) to work on /home/airflow/.local/lib/python3.7/site-packages/airflow/example_dags/example_branch_datetime_operator.py
[2023-09-01T19:43:40.803+0000] {processor.py:826} INFO - Processing file /home/airflow/.local/lib/python3.7/site-packages/airflow/example_dags/example_branch_datetime_operator.py for tasks to queue
[2023-09-01T19:43:40.803+0000] {logging_mixin.py:150} INFO - [2023-09-01T19:43:40.803+0000] {dagbag.py:541} INFO - Filling up the DagBag from /home/airflow/.local/lib/python3.7/site-packages/airflow/example_dags/example_branch_datetime_operator.py
[2023-09-01T19:43:40.812+0000] {processor.py:836} INFO - DAG(s) dict_keys(['example_branch_datetime_operator', 'example_branch_datetime_operator_2', 'example_branch_datetime_operator_3']) retrieved from /home/airflow/.local/lib/python3.7/site-packages/airflow/example_dags/example_branch_datetime_operator.py
[2023-09-01T19:43:40.843+0000] {logging_mixin.py:150} INFO - [2023-09-01T19:43:40.843+0000] {dag.py:2742} INFO - Sync 3 DAGs
[2023-09-01T19:43:40.869+0000] {logging_mixin.py:150} INFO - [2023-09-01T19:43:40.869+0000] {dag.py:3508} INFO - Setting next_dagrun for example_branch_datetime_operator to 2023-08-31T00:00:00+00:00, run_after=2023-09-01T00:00:00+00:00
[2023-09-01T19:43:40.873+0000] {logging_mixin.py:150} INFO - [2023-09-01T19:43:40.873+0000] {dag.py:3508} INFO - Setting next_dagrun for example_branch_datetime_operator_2 to 2023-08-31T00:00:00+00:00, run_after=2023-09-01T00:00:00+00:00
[2023-09-01T19:43:40.875+0000] {logging_mixin.py:150} INFO - [2023-09-01T19:43:40.875+0000] {dag.py:3508} INFO - Setting next_dagrun for example_branch_datetime_operator_3 to 2023-08-31T00:00:00+00:00, run_after=2023-09-01T00:00:00+00:00
[2023-09-01T19:43:40.891+0000] {processor.py:179} INFO - Processing /home/airflow/.local/lib/python3.7/site-packages/airflow/example_dags/example_branch_datetime_operator.py took 0.093 seconds
[2023-09-01T19:44:11.376+0000] {processor.py:157} INFO - Started process (PID=1386) to work on /home/airflow/.local/lib/python3.7/site-packages/airflow/example_dags/example_branch_datetime_operator.py
[2023-09-01T19:44:11.382+0000] {processor.py:826} INFO - Processing file /home/airflow/.local/lib/python3.7/site-packages/airflow/example_dags/example_branch_datetime_operator.py for tasks to queue
[2023-09-01T19:44:11.383+0000] {logging_mixin.py:150} INFO - [2023-09-01T19:44:11.383+0000] {dagbag.py:541} INFO - Filling up the DagBag from /home/airflow/.local/lib/python3.7/site-packages/airflow/example_dags/example_branch_datetime_operator.py
[2023-09-01T19:44:11.392+0000] {processor.py:836} INFO - DAG(s) dict_keys(['example_branch_datetime_operator_3', 'example_branch_datetime_operator', 'example_branch_datetime_operator_2']) retrieved from /home/airflow/.local/lib/python3.7/site-packages/airflow/example_dags/example_branch_datetime_operator.py
[2023-09-01T19:44:11.437+0000] {logging_mixin.py:150} INFO - [2023-09-01T19:44:11.437+0000] {dag.py:2742} INFO - Sync 3 DAGs
[2023-09-01T19:44:11.458+0000] {logging_mixin.py:150} INFO - [2023-09-01T19:44:11.458+0000] {dag.py:3508} INFO - Setting next_dagrun for example_branch_datetime_operator to 2023-08-31T00:00:00+00:00, run_after=2023-09-01T00:00:00+00:00
[2023-09-01T19:44:11.463+0000] {logging_mixin.py:150} INFO - [2023-09-01T19:44:11.463+0000] {dag.py:3508} INFO - Setting next_dagrun for example_branch_datetime_operator_2 to 2023-08-31T00:00:00+00:00, run_after=2023-09-01T00:00:00+00:00
[2023-09-01T19:44:11.465+0000] {logging_mixin.py:150} INFO - [2023-09-01T19:44:11.465+0000] {dag.py:3508} INFO - Setting next_dagrun for example_branch_datetime_operator_3 to 2023-08-31T00:00:00+00:00, run_after=2023-09-01T00:00:00+00:00
[2023-09-01T19:44:11.482+0000] {processor.py:179} INFO - Processing /home/airflow/.local/lib/python3.7/site-packages/airflow/example_dags/example_branch_datetime_operator.py took 0.116 seconds
[2023-09-01T19:44:41.941+0000] {processor.py:157} INFO - Started process (PID=1441) to work on /home/airflow/.local/lib/python3.7/site-packages/airflow/example_dags/example_branch_datetime_operator.py
[2023-09-01T19:44:41.941+0000] {processor.py:826} INFO - Processing file /home/airflow/.local/lib/python3.7/site-packages/airflow/example_dags/example_branch_datetime_operator.py for tasks to queue
[2023-09-01T19:44:41.942+0000] {logging_mixin.py:150} INFO - [2023-09-01T19:44:41.942+0000] {dagbag.py:541} INFO - Filling up the DagBag from /home/airflow/.local/lib/python3.7/site-packages/airflow/example_dags/example_branch_datetime_operator.py
[2023-09-01T19:44:41.950+0000] {processor.py:836} INFO - DAG(s) dict_keys(['example_branch_datetime_operator_3', 'example_branch_datetime_operator_2', 'example_branch_datetime_operator']) retrieved from /home/airflow/.local/lib/python3.7/site-packages/airflow/example_dags/example_branch_datetime_operator.py
[2023-09-01T19:44:41.983+0000] {logging_mixin.py:150} INFO - [2023-09-01T19:44:41.982+0000] {dag.py:2742} INFO - Sync 3 DAGs
[2023-09-01T19:44:42.006+0000] {logging_mixin.py:150} INFO - [2023-09-01T19:44:42.005+0000] {dag.py:3508} INFO - Setting next_dagrun for example_branch_datetime_operator to 2023-08-31T00:00:00+00:00, run_after=2023-09-01T00:00:00+00:00
[2023-09-01T19:44:42.010+0000] {logging_mixin.py:150} INFO - [2023-09-01T19:44:42.010+0000] {dag.py:3508} INFO - Setting next_dagrun for example_branch_datetime_operator_2 to 2023-08-31T00:00:00+00:00, run_after=2023-09-01T00:00:00+00:00
[2023-09-01T19:44:42.012+0000] {logging_mixin.py:150} INFO - [2023-09-01T19:44:42.012+0000] {dag.py:3508} INFO - Setting next_dagrun for example_branch_datetime_operator_3 to 2023-08-31T00:00:00+00:00, run_after=2023-09-01T00:00:00+00:00
[2023-09-01T19:44:42.028+0000] {processor.py:179} INFO - Processing /home/airflow/.local/lib/python3.7/site-packages/airflow/example_dags/example_branch_datetime_operator.py took 0.091 seconds
[2023-09-01T19:45:12.308+0000] {processor.py:157} INFO - Started process (PID=1496) to work on /home/airflow/.local/lib/python3.7/site-packages/airflow/example_dags/example_branch_datetime_operator.py
[2023-09-01T19:45:12.309+0000] {processor.py:826} INFO - Processing file /home/airflow/.local/lib/python3.7/site-packages/airflow/example_dags/example_branch_datetime_operator.py for tasks to queue
[2023-09-01T19:45:12.310+0000] {logging_mixin.py:150} INFO - [2023-09-01T19:45:12.310+0000] {dagbag.py:541} INFO - Filling up the DagBag from /home/airflow/.local/lib/python3.7/site-packages/airflow/example_dags/example_branch_datetime_operator.py
[2023-09-01T19:45:12.335+0000] {processor.py:836} INFO - DAG(s) dict_keys(['example_branch_datetime_operator_3', 'example_branch_datetime_operator', 'example_branch_datetime_operator_2']) retrieved from /home/airflow/.local/lib/python3.7/site-packages/airflow/example_dags/example_branch_datetime_operator.py
[2023-09-01T19:45:12.370+0000] {logging_mixin.py:150} INFO - [2023-09-01T19:45:12.370+0000] {dag.py:2742} INFO - Sync 3 DAGs
[2023-09-01T19:45:12.399+0000] {logging_mixin.py:150} INFO - [2023-09-01T19:45:12.399+0000] {dag.py:3508} INFO - Setting next_dagrun for example_branch_datetime_operator to 2023-08-31T00:00:00+00:00, run_after=2023-09-01T00:00:00+00:00
[2023-09-01T19:45:12.405+0000] {logging_mixin.py:150} INFO - [2023-09-01T19:45:12.405+0000] {dag.py:3508} INFO - Setting next_dagrun for example_branch_datetime_operator_2 to 2023-08-31T00:00:00+00:00, run_after=2023-09-01T00:00:00+00:00
[2023-09-01T19:45:12.408+0000] {logging_mixin.py:150} INFO - [2023-09-01T19:45:12.407+0000] {dag.py:3508} INFO - Setting next_dagrun for example_branch_datetime_operator_3 to 2023-08-31T00:00:00+00:00, run_after=2023-09-01T00:00:00+00:00
[2023-09-01T19:45:12.425+0000] {processor.py:179} INFO - Processing /home/airflow/.local/lib/python3.7/site-packages/airflow/example_dags/example_branch_datetime_operator.py took 0.121 seconds
[2023-09-01T19:45:42.591+0000] {processor.py:157} INFO - Started process (PID=1551) to work on /home/airflow/.local/lib/python3.7/site-packages/airflow/example_dags/example_branch_datetime_operator.py
[2023-09-01T19:45:42.592+0000] {processor.py:826} INFO - Processing file /home/airflow/.local/lib/python3.7/site-packages/airflow/example_dags/example_branch_datetime_operator.py for tasks to queue
[2023-09-01T19:45:42.593+0000] {logging_mixin.py:150} INFO - [2023-09-01T19:45:42.593+0000] {dagbag.py:541} INFO - Filling up the DagBag from /home/airflow/.local/lib/python3.7/site-packages/airflow/example_dags/example_branch_datetime_operator.py
[2023-09-01T19:45:42.603+0000] {processor.py:836} INFO - DAG(s) dict_keys(['example_branch_datetime_operator_2', 'example_branch_datetime_operator_3', 'example_branch_datetime_operator']) retrieved from /home/airflow/.local/lib/python3.7/site-packages/airflow/example_dags/example_branch_datetime_operator.py
[2023-09-01T19:45:42.640+0000] {logging_mixin.py:150} INFO - [2023-09-01T19:45:42.640+0000] {dag.py:2742} INFO - Sync 3 DAGs
[2023-09-01T19:45:42.666+0000] {logging_mixin.py:150} INFO - [2023-09-01T19:45:42.666+0000] {dag.py:3508} INFO - Setting next_dagrun for example_branch_datetime_operator to 2023-08-31T00:00:00+00:00, run_after=2023-09-01T00:00:00+00:00
[2023-09-01T19:45:42.671+0000] {logging_mixin.py:150} INFO - [2023-09-01T19:45:42.671+0000] {dag.py:3508} INFO - Setting next_dagrun for example_branch_datetime_operator_2 to 2023-08-31T00:00:00+00:00, run_after=2023-09-01T00:00:00+00:00
[2023-09-01T19:45:42.673+0000] {logging_mixin.py:150} INFO - [2023-09-01T19:45:42.673+0000] {dag.py:3508} INFO - Setting next_dagrun for example_branch_datetime_operator_3 to 2023-08-31T00:00:00+00:00, run_after=2023-09-01T00:00:00+00:00
[2023-09-01T19:45:42.701+0000] {processor.py:179} INFO - Processing /home/airflow/.local/lib/python3.7/site-packages/airflow/example_dags/example_branch_datetime_operator.py took 0.113 seconds
[2023-09-01T19:46:12.960+0000] {processor.py:157} INFO - Started process (PID=1606) to work on /home/airflow/.local/lib/python3.7/site-packages/airflow/example_dags/example_branch_datetime_operator.py
[2023-09-01T19:46:12.961+0000] {processor.py:826} INFO - Processing file /home/airflow/.local/lib/python3.7/site-packages/airflow/example_dags/example_branch_datetime_operator.py for tasks to queue
[2023-09-01T19:46:12.962+0000] {logging_mixin.py:150} INFO - [2023-09-01T19:46:12.961+0000] {dagbag.py:541} INFO - Filling up the DagBag from /home/airflow/.local/lib/python3.7/site-packages/airflow/example_dags/example_branch_datetime_operator.py
[2023-09-01T19:46:12.970+0000] {processor.py:836} INFO - DAG(s) dict_keys(['example_branch_datetime_operator_3', 'example_branch_datetime_operator_2', 'example_branch_datetime_operator']) retrieved from /home/airflow/.local/lib/python3.7/site-packages/airflow/example_dags/example_branch_datetime_operator.py
[2023-09-01T19:46:13.003+0000] {logging_mixin.py:150} INFO - [2023-09-01T19:46:13.003+0000] {dag.py:2742} INFO - Sync 3 DAGs
[2023-09-01T19:46:13.025+0000] {logging_mixin.py:150} INFO - [2023-09-01T19:46:13.025+0000] {dag.py:3508} INFO - Setting next_dagrun for example_branch_datetime_operator to 2023-08-31T00:00:00+00:00, run_after=2023-09-01T00:00:00+00:00
[2023-09-01T19:46:13.029+0000] {logging_mixin.py:150} INFO - [2023-09-01T19:46:13.029+0000] {dag.py:3508} INFO - Setting next_dagrun for example_branch_datetime_operator_2 to 2023-08-31T00:00:00+00:00, run_after=2023-09-01T00:00:00+00:00
[2023-09-01T19:46:13.032+0000] {logging_mixin.py:150} INFO - [2023-09-01T19:46:13.032+0000] {dag.py:3508} INFO - Setting next_dagrun for example_branch_datetime_operator_3 to 2023-08-31T00:00:00+00:00, run_after=2023-09-01T00:00:00+00:00
[2023-09-01T19:46:13.046+0000] {processor.py:179} INFO - Processing /home/airflow/.local/lib/python3.7/site-packages/airflow/example_dags/example_branch_datetime_operator.py took 0.091 seconds
[2023-09-01T19:46:43.433+0000] {processor.py:157} INFO - Started process (PID=1661) to work on /home/airflow/.local/lib/python3.7/site-packages/airflow/example_dags/example_branch_datetime_operator.py
[2023-09-01T19:46:43.434+0000] {processor.py:826} INFO - Processing file /home/airflow/.local/lib/python3.7/site-packages/airflow/example_dags/example_branch_datetime_operator.py for tasks to queue
[2023-09-01T19:46:43.435+0000] {logging_mixin.py:150} INFO - [2023-09-01T19:46:43.434+0000] {dagbag.py:541} INFO - Filling up the DagBag from /home/airflow/.local/lib/python3.7/site-packages/airflow/example_dags/example_branch_datetime_operator.py
[2023-09-01T19:46:43.443+0000] {processor.py:836} INFO - DAG(s) dict_keys(['example_branch_datetime_operator_3', 'example_branch_datetime_operator_2', 'example_branch_datetime_operator']) retrieved from /home/airflow/.local/lib/python3.7/site-packages/airflow/example_dags/example_branch_datetime_operator.py
[2023-09-01T19:46:43.476+0000] {logging_mixin.py:150} INFO - [2023-09-01T19:46:43.476+0000] {dag.py:2742} INFO - Sync 3 DAGs
[2023-09-01T19:46:43.502+0000] {logging_mixin.py:150} INFO - [2023-09-01T19:46:43.502+0000] {dag.py:3508} INFO - Setting next_dagrun for example_branch_datetime_operator to 2023-08-31T00:00:00+00:00, run_after=2023-09-01T00:00:00+00:00
[2023-09-01T19:46:43.507+0000] {logging_mixin.py:150} INFO - [2023-09-01T19:46:43.507+0000] {dag.py:3508} INFO - Setting next_dagrun for example_branch_datetime_operator_2 to 2023-08-31T00:00:00+00:00, run_after=2023-09-01T00:00:00+00:00
[2023-09-01T19:46:43.509+0000] {logging_mixin.py:150} INFO - [2023-09-01T19:46:43.509+0000] {dag.py:3508} INFO - Setting next_dagrun for example_branch_datetime_operator_3 to 2023-08-31T00:00:00+00:00, run_after=2023-09-01T00:00:00+00:00
[2023-09-01T19:46:43.524+0000] {processor.py:179} INFO - Processing /home/airflow/.local/lib/python3.7/site-packages/airflow/example_dags/example_branch_datetime_operator.py took 0.094 seconds
[2023-09-01T19:47:14.106+0000] {processor.py:157} INFO - Started process (PID=1716) to work on /home/airflow/.local/lib/python3.7/site-packages/airflow/example_dags/example_branch_datetime_operator.py
[2023-09-01T19:47:14.106+0000] {processor.py:826} INFO - Processing file /home/airflow/.local/lib/python3.7/site-packages/airflow/example_dags/example_branch_datetime_operator.py for tasks to queue
[2023-09-01T19:47:14.107+0000] {logging_mixin.py:150} INFO - [2023-09-01T19:47:14.107+0000] {dagbag.py:541} INFO - Filling up the DagBag from /home/airflow/.local/lib/python3.7/site-packages/airflow/example_dags/example_branch_datetime_operator.py
[2023-09-01T19:47:14.115+0000] {processor.py:836} INFO - DAG(s) dict_keys(['example_branch_datetime_operator_2', 'example_branch_datetime_operator_3', 'example_branch_datetime_operator']) retrieved from /home/airflow/.local/lib/python3.7/site-packages/airflow/example_dags/example_branch_datetime_operator.py
[2023-09-01T19:47:14.156+0000] {logging_mixin.py:150} INFO - [2023-09-01T19:47:14.156+0000] {dag.py:2742} INFO - Sync 3 DAGs
[2023-09-01T19:47:14.180+0000] {logging_mixin.py:150} INFO - [2023-09-01T19:47:14.180+0000] {dag.py:3508} INFO - Setting next_dagrun for example_branch_datetime_operator to 2023-08-31T00:00:00+00:00, run_after=2023-09-01T00:00:00+00:00
[2023-09-01T19:47:14.185+0000] {logging_mixin.py:150} INFO - [2023-09-01T19:47:14.185+0000] {dag.py:3508} INFO - Setting next_dagrun for example_branch_datetime_operator_2 to 2023-08-31T00:00:00+00:00, run_after=2023-09-01T00:00:00+00:00
[2023-09-01T19:47:14.187+0000] {logging_mixin.py:150} INFO - [2023-09-01T19:47:14.187+0000] {dag.py:3508} INFO - Setting next_dagrun for example_branch_datetime_operator_3 to 2023-08-31T00:00:00+00:00, run_after=2023-09-01T00:00:00+00:00
[2023-09-01T19:47:14.205+0000] {processor.py:179} INFO - Processing /home/airflow/.local/lib/python3.7/site-packages/airflow/example_dags/example_branch_datetime_operator.py took 0.102 seconds
[2023-09-01T19:47:44.562+0000] {processor.py:157} INFO - Started process (PID=1771) to work on /home/airflow/.local/lib/python3.7/site-packages/airflow/example_dags/example_branch_datetime_operator.py
[2023-09-01T19:47:44.563+0000] {processor.py:826} INFO - Processing file /home/airflow/.local/lib/python3.7/site-packages/airflow/example_dags/example_branch_datetime_operator.py for tasks to queue
[2023-09-01T19:47:44.564+0000] {logging_mixin.py:150} INFO - [2023-09-01T19:47:44.564+0000] {dagbag.py:541} INFO - Filling up the DagBag from /home/airflow/.local/lib/python3.7/site-packages/airflow/example_dags/example_branch_datetime_operator.py
[2023-09-01T19:47:44.577+0000] {processor.py:836} INFO - DAG(s) dict_keys(['example_branch_datetime_operator_3', 'example_branch_datetime_operator_2', 'example_branch_datetime_operator']) retrieved from /home/airflow/.local/lib/python3.7/site-packages/airflow/example_dags/example_branch_datetime_operator.py
[2023-09-01T19:47:44.639+0000] {logging_mixin.py:150} INFO - [2023-09-01T19:47:44.639+0000] {dag.py:2742} INFO - Sync 3 DAGs
[2023-09-01T19:47:44.675+0000] {logging_mixin.py:150} INFO - [2023-09-01T19:47:44.675+0000] {dag.py:3508} INFO - Setting next_dagrun for example_branch_datetime_operator to 2023-08-31T00:00:00+00:00, run_after=2023-09-01T00:00:00+00:00
[2023-09-01T19:47:44.686+0000] {logging_mixin.py:150} INFO - [2023-09-01T19:47:44.686+0000] {dag.py:3508} INFO - Setting next_dagrun for example_branch_datetime_operator_2 to 2023-08-31T00:00:00+00:00, run_after=2023-09-01T00:00:00+00:00
[2023-09-01T19:47:44.690+0000] {logging_mixin.py:150} INFO - [2023-09-01T19:47:44.689+0000] {dag.py:3508} INFO - Setting next_dagrun for example_branch_datetime_operator_3 to 2023-08-31T00:00:00+00:00, run_after=2023-09-01T00:00:00+00:00
[2023-09-01T19:47:44.713+0000] {processor.py:179} INFO - Processing /home/airflow/.local/lib/python3.7/site-packages/airflow/example_dags/example_branch_datetime_operator.py took 0.160 seconds
[2023-09-01T19:48:15.027+0000] {processor.py:157} INFO - Started process (PID=1826) to work on /home/airflow/.local/lib/python3.7/site-packages/airflow/example_dags/example_branch_datetime_operator.py
[2023-09-01T19:48:15.027+0000] {processor.py:826} INFO - Processing file /home/airflow/.local/lib/python3.7/site-packages/airflow/example_dags/example_branch_datetime_operator.py for tasks to queue
[2023-09-01T19:48:15.028+0000] {logging_mixin.py:150} INFO - [2023-09-01T19:48:15.028+0000] {dagbag.py:541} INFO - Filling up the DagBag from /home/airflow/.local/lib/python3.7/site-packages/airflow/example_dags/example_branch_datetime_operator.py
[2023-09-01T19:48:15.038+0000] {processor.py:836} INFO - DAG(s) dict_keys(['example_branch_datetime_operator_3', 'example_branch_datetime_operator_2', 'example_branch_datetime_operator']) retrieved from /home/airflow/.local/lib/python3.7/site-packages/airflow/example_dags/example_branch_datetime_operator.py
[2023-09-01T19:48:15.085+0000] {logging_mixin.py:150} INFO - [2023-09-01T19:48:15.085+0000] {dag.py:2742} INFO - Sync 3 DAGs
[2023-09-01T19:48:15.114+0000] {logging_mixin.py:150} INFO - [2023-09-01T19:48:15.114+0000] {dag.py:3508} INFO - Setting next_dagrun for example_branch_datetime_operator to 2023-08-31T00:00:00+00:00, run_after=2023-09-01T00:00:00+00:00
[2023-09-01T19:48:15.120+0000] {logging_mixin.py:150} INFO - [2023-09-01T19:48:15.120+0000] {dag.py:3508} INFO - Setting next_dagrun for example_branch_datetime_operator_2 to 2023-08-31T00:00:00+00:00, run_after=2023-09-01T00:00:00+00:00
[2023-09-01T19:48:15.124+0000] {logging_mixin.py:150} INFO - [2023-09-01T19:48:15.124+0000] {dag.py:3508} INFO - Setting next_dagrun for example_branch_datetime_operator_3 to 2023-08-31T00:00:00+00:00, run_after=2023-09-01T00:00:00+00:00
[2023-09-01T19:48:15.151+0000] {processor.py:179} INFO - Processing /home/airflow/.local/lib/python3.7/site-packages/airflow/example_dags/example_branch_datetime_operator.py took 0.128 seconds
[2023-09-01T19:48:45.838+0000] {processor.py:157} INFO - Started process (PID=1880) to work on /home/airflow/.local/lib/python3.7/site-packages/airflow/example_dags/example_branch_datetime_operator.py
[2023-09-01T19:48:45.839+0000] {processor.py:826} INFO - Processing file /home/airflow/.local/lib/python3.7/site-packages/airflow/example_dags/example_branch_datetime_operator.py for tasks to queue
[2023-09-01T19:48:45.840+0000] {logging_mixin.py:150} INFO - [2023-09-01T19:48:45.839+0000] {dagbag.py:541} INFO - Filling up the DagBag from /home/airflow/.local/lib/python3.7/site-packages/airflow/example_dags/example_branch_datetime_operator.py
[2023-09-01T19:48:45.848+0000] {processor.py:836} INFO - DAG(s) dict_keys(['example_branch_datetime_operator_3', 'example_branch_datetime_operator', 'example_branch_datetime_operator_2']) retrieved from /home/airflow/.local/lib/python3.7/site-packages/airflow/example_dags/example_branch_datetime_operator.py
[2023-09-01T19:48:45.877+0000] {logging_mixin.py:150} INFO - [2023-09-01T19:48:45.877+0000] {dag.py:2742} INFO - Sync 3 DAGs
[2023-09-01T19:48:45.900+0000] {logging_mixin.py:150} INFO - [2023-09-01T19:48:45.900+0000] {dag.py:3508} INFO - Setting next_dagrun for example_branch_datetime_operator to 2023-08-31T00:00:00+00:00, run_after=2023-09-01T00:00:00+00:00
[2023-09-01T19:48:45.904+0000] {logging_mixin.py:150} INFO - [2023-09-01T19:48:45.903+0000] {dag.py:3508} INFO - Setting next_dagrun for example_branch_datetime_operator_2 to 2023-08-31T00:00:00+00:00, run_after=2023-09-01T00:00:00+00:00
[2023-09-01T19:48:45.906+0000] {logging_mixin.py:150} INFO - [2023-09-01T19:48:45.905+0000] {dag.py:3508} INFO - Setting next_dagrun for example_branch_datetime_operator_3 to 2023-08-31T00:00:00+00:00, run_after=2023-09-01T00:00:00+00:00
[2023-09-01T19:48:45.920+0000] {processor.py:179} INFO - Processing /home/airflow/.local/lib/python3.7/site-packages/airflow/example_dags/example_branch_datetime_operator.py took 0.085 seconds
[2023-09-01T19:49:16.563+0000] {processor.py:157} INFO - Started process (PID=1935) to work on /home/airflow/.local/lib/python3.7/site-packages/airflow/example_dags/example_branch_datetime_operator.py
[2023-09-01T19:49:16.564+0000] {processor.py:826} INFO - Processing file /home/airflow/.local/lib/python3.7/site-packages/airflow/example_dags/example_branch_datetime_operator.py for tasks to queue
[2023-09-01T19:49:16.565+0000] {logging_mixin.py:150} INFO - [2023-09-01T19:49:16.564+0000] {dagbag.py:541} INFO - Filling up the DagBag from /home/airflow/.local/lib/python3.7/site-packages/airflow/example_dags/example_branch_datetime_operator.py
[2023-09-01T19:49:16.574+0000] {processor.py:836} INFO - DAG(s) dict_keys(['example_branch_datetime_operator_3', 'example_branch_datetime_operator_2', 'example_branch_datetime_operator']) retrieved from /home/airflow/.local/lib/python3.7/site-packages/airflow/example_dags/example_branch_datetime_operator.py
[2023-09-01T19:49:16.605+0000] {logging_mixin.py:150} INFO - [2023-09-01T19:49:16.605+0000] {dag.py:2742} INFO - Sync 3 DAGs
[2023-09-01T19:49:16.629+0000] {logging_mixin.py:150} INFO - [2023-09-01T19:49:16.629+0000] {dag.py:3508} INFO - Setting next_dagrun for example_branch_datetime_operator to 2023-08-31T00:00:00+00:00, run_after=2023-09-01T00:00:00+00:00
[2023-09-01T19:49:16.633+0000] {logging_mixin.py:150} INFO - [2023-09-01T19:49:16.633+0000] {dag.py:3508} INFO - Setting next_dagrun for example_branch_datetime_operator_2 to 2023-08-31T00:00:00+00:00, run_after=2023-09-01T00:00:00+00:00
[2023-09-01T19:49:16.635+0000] {logging_mixin.py:150} INFO - [2023-09-01T19:49:16.635+0000] {dag.py:3508} INFO - Setting next_dagrun for example_branch_datetime_operator_3 to 2023-08-31T00:00:00+00:00, run_after=2023-09-01T00:00:00+00:00
[2023-09-01T19:49:16.653+0000] {processor.py:179} INFO - Processing /home/airflow/.local/lib/python3.7/site-packages/airflow/example_dags/example_branch_datetime_operator.py took 0.093 seconds
[2023-09-01T19:49:47.306+0000] {processor.py:157} INFO - Started process (PID=1990) to work on /home/airflow/.local/lib/python3.7/site-packages/airflow/example_dags/example_branch_datetime_operator.py
[2023-09-01T19:49:47.307+0000] {processor.py:826} INFO - Processing file /home/airflow/.local/lib/python3.7/site-packages/airflow/example_dags/example_branch_datetime_operator.py for tasks to queue
[2023-09-01T19:49:47.307+0000] {logging_mixin.py:150} INFO - [2023-09-01T19:49:47.307+0000] {dagbag.py:541} INFO - Filling up the DagBag from /home/airflow/.local/lib/python3.7/site-packages/airflow/example_dags/example_branch_datetime_operator.py
[2023-09-01T19:49:47.316+0000] {processor.py:836} INFO - DAG(s) dict_keys(['example_branch_datetime_operator_2', 'example_branch_datetime_operator_3', 'example_branch_datetime_operator']) retrieved from /home/airflow/.local/lib/python3.7/site-packages/airflow/example_dags/example_branch_datetime_operator.py
[2023-09-01T19:49:47.349+0000] {logging_mixin.py:150} INFO - [2023-09-01T19:49:47.349+0000] {dag.py:2742} INFO - Sync 3 DAGs
[2023-09-01T19:49:47.375+0000] {logging_mixin.py:150} INFO - [2023-09-01T19:49:47.375+0000] {dag.py:3508} INFO - Setting next_dagrun for example_branch_datetime_operator to 2023-08-31T00:00:00+00:00, run_after=2023-09-01T00:00:00+00:00
[2023-09-01T19:49:47.380+0000] {logging_mixin.py:150} INFO - [2023-09-01T19:49:47.380+0000] {dag.py:3508} INFO - Setting next_dagrun for example_branch_datetime_operator_2 to 2023-08-31T00:00:00+00:00, run_after=2023-09-01T00:00:00+00:00
[2023-09-01T19:49:47.382+0000] {logging_mixin.py:150} INFO - [2023-09-01T19:49:47.382+0000] {dag.py:3508} INFO - Setting next_dagrun for example_branch_datetime_operator_3 to 2023-08-31T00:00:00+00:00, run_after=2023-09-01T00:00:00+00:00
[2023-09-01T19:49:47.402+0000] {processor.py:179} INFO - Processing /home/airflow/.local/lib/python3.7/site-packages/airflow/example_dags/example_branch_datetime_operator.py took 0.099 seconds
[2023-09-01T19:50:17.968+0000] {processor.py:157} INFO - Started process (PID=2045) to work on /home/airflow/.local/lib/python3.7/site-packages/airflow/example_dags/example_branch_datetime_operator.py
[2023-09-01T19:50:17.970+0000] {processor.py:826} INFO - Processing file /home/airflow/.local/lib/python3.7/site-packages/airflow/example_dags/example_branch_datetime_operator.py for tasks to queue
[2023-09-01T19:50:17.971+0000] {logging_mixin.py:150} INFO - [2023-09-01T19:50:17.970+0000] {dagbag.py:541} INFO - Filling up the DagBag from /home/airflow/.local/lib/python3.7/site-packages/airflow/example_dags/example_branch_datetime_operator.py
[2023-09-01T19:50:17.980+0000] {processor.py:836} INFO - DAG(s) dict_keys(['example_branch_datetime_operator_3', 'example_branch_datetime_operator_2', 'example_branch_datetime_operator']) retrieved from /home/airflow/.local/lib/python3.7/site-packages/airflow/example_dags/example_branch_datetime_operator.py
[2023-09-01T19:50:18.014+0000] {logging_mixin.py:150} INFO - [2023-09-01T19:50:18.014+0000] {dag.py:2742} INFO - Sync 3 DAGs
[2023-09-01T19:50:18.037+0000] {logging_mixin.py:150} INFO - [2023-09-01T19:50:18.037+0000] {dag.py:3508} INFO - Setting next_dagrun for example_branch_datetime_operator to 2023-08-31T00:00:00+00:00, run_after=2023-09-01T00:00:00+00:00
[2023-09-01T19:50:18.042+0000] {logging_mixin.py:150} INFO - [2023-09-01T19:50:18.042+0000] {dag.py:3508} INFO - Setting next_dagrun for example_branch_datetime_operator_2 to 2023-08-31T00:00:00+00:00, run_after=2023-09-01T00:00:00+00:00
[2023-09-01T19:50:18.045+0000] {logging_mixin.py:150} INFO - [2023-09-01T19:50:18.045+0000] {dag.py:3508} INFO - Setting next_dagrun for example_branch_datetime_operator_3 to 2023-08-31T00:00:00+00:00, run_after=2023-09-01T00:00:00+00:00
[2023-09-01T19:50:18.071+0000] {processor.py:179} INFO - Processing /home/airflow/.local/lib/python3.7/site-packages/airflow/example_dags/example_branch_datetime_operator.py took 0.107 seconds
[2023-09-01T19:50:48.771+0000] {processor.py:157} INFO - Started process (PID=2100) to work on /home/airflow/.local/lib/python3.7/site-packages/airflow/example_dags/example_branch_datetime_operator.py
[2023-09-01T19:50:48.772+0000] {processor.py:826} INFO - Processing file /home/airflow/.local/lib/python3.7/site-packages/airflow/example_dags/example_branch_datetime_operator.py for tasks to queue
[2023-09-01T19:50:48.772+0000] {logging_mixin.py:150} INFO - [2023-09-01T19:50:48.772+0000] {dagbag.py:541} INFO - Filling up the DagBag from /home/airflow/.local/lib/python3.7/site-packages/airflow/example_dags/example_branch_datetime_operator.py
[2023-09-01T19:50:48.781+0000] {processor.py:836} INFO - DAG(s) dict_keys(['example_branch_datetime_operator_3', 'example_branch_datetime_operator', 'example_branch_datetime_operator_2']) retrieved from /home/airflow/.local/lib/python3.7/site-packages/airflow/example_dags/example_branch_datetime_operator.py
[2023-09-01T19:50:48.820+0000] {logging_mixin.py:150} INFO - [2023-09-01T19:50:48.820+0000] {dag.py:2742} INFO - Sync 3 DAGs
[2023-09-01T19:50:48.853+0000] {logging_mixin.py:150} INFO - [2023-09-01T19:50:48.852+0000] {dag.py:3508} INFO - Setting next_dagrun for example_branch_datetime_operator to 2023-08-31T00:00:00+00:00, run_after=2023-09-01T00:00:00+00:00
[2023-09-01T19:50:48.866+0000] {logging_mixin.py:150} INFO - [2023-09-01T19:50:48.866+0000] {dag.py:3508} INFO - Setting next_dagrun for example_branch_datetime_operator_2 to 2023-08-31T00:00:00+00:00, run_after=2023-09-01T00:00:00+00:00
[2023-09-01T19:50:48.870+0000] {logging_mixin.py:150} INFO - [2023-09-01T19:50:48.870+0000] {dag.py:3508} INFO - Setting next_dagrun for example_branch_datetime_operator_3 to 2023-08-31T00:00:00+00:00, run_after=2023-09-01T00:00:00+00:00
[2023-09-01T19:50:48.891+0000] {processor.py:179} INFO - Processing /home/airflow/.local/lib/python3.7/site-packages/airflow/example_dags/example_branch_datetime_operator.py took 0.123 seconds
[2023-09-01T19:51:19.398+0000] {processor.py:157} INFO - Started process (PID=2154) to work on /home/airflow/.local/lib/python3.7/site-packages/airflow/example_dags/example_branch_datetime_operator.py
[2023-09-01T19:51:19.399+0000] {processor.py:826} INFO - Processing file /home/airflow/.local/lib/python3.7/site-packages/airflow/example_dags/example_branch_datetime_operator.py for tasks to queue
[2023-09-01T19:51:19.400+0000] {logging_mixin.py:150} INFO - [2023-09-01T19:51:19.399+0000] {dagbag.py:541} INFO - Filling up the DagBag from /home/airflow/.local/lib/python3.7/site-packages/airflow/example_dags/example_branch_datetime_operator.py
[2023-09-01T19:51:19.409+0000] {processor.py:836} INFO - DAG(s) dict_keys(['example_branch_datetime_operator_3', 'example_branch_datetime_operator', 'example_branch_datetime_operator_2']) retrieved from /home/airflow/.local/lib/python3.7/site-packages/airflow/example_dags/example_branch_datetime_operator.py
[2023-09-01T19:51:19.486+0000] {logging_mixin.py:150} INFO - [2023-09-01T19:51:19.486+0000] {dag.py:2742} INFO - Sync 3 DAGs
[2023-09-01T19:51:19.541+0000] {logging_mixin.py:150} INFO - [2023-09-01T19:51:19.541+0000] {dag.py:3508} INFO - Setting next_dagrun for example_branch_datetime_operator to 2023-08-31T00:00:00+00:00, run_after=2023-09-01T00:00:00+00:00
[2023-09-01T19:51:19.546+0000] {logging_mixin.py:150} INFO - [2023-09-01T19:51:19.546+0000] {dag.py:3508} INFO - Setting next_dagrun for example_branch_datetime_operator_2 to 2023-08-31T00:00:00+00:00, run_after=2023-09-01T00:00:00+00:00
[2023-09-01T19:51:19.548+0000] {logging_mixin.py:150} INFO - [2023-09-01T19:51:19.548+0000] {dag.py:3508} INFO - Setting next_dagrun for example_branch_datetime_operator_3 to 2023-08-31T00:00:00+00:00, run_after=2023-09-01T00:00:00+00:00
[2023-09-01T19:51:19.565+0000] {processor.py:179} INFO - Processing /home/airflow/.local/lib/python3.7/site-packages/airflow/example_dags/example_branch_datetime_operator.py took 0.170 seconds
[2023-09-01T19:51:49.628+0000] {processor.py:157} INFO - Started process (PID=2209) to work on /home/airflow/.local/lib/python3.7/site-packages/airflow/example_dags/example_branch_datetime_operator.py
[2023-09-01T19:51:49.630+0000] {processor.py:826} INFO - Processing file /home/airflow/.local/lib/python3.7/site-packages/airflow/example_dags/example_branch_datetime_operator.py for tasks to queue
[2023-09-01T19:51:49.635+0000] {logging_mixin.py:150} INFO - [2023-09-01T19:51:49.633+0000] {dagbag.py:541} INFO - Filling up the DagBag from /home/airflow/.local/lib/python3.7/site-packages/airflow/example_dags/example_branch_datetime_operator.py
[2023-09-01T19:51:49.671+0000] {processor.py:836} INFO - DAG(s) dict_keys(['example_branch_datetime_operator_2', 'example_branch_datetime_operator', 'example_branch_datetime_operator_3']) retrieved from /home/airflow/.local/lib/python3.7/site-packages/airflow/example_dags/example_branch_datetime_operator.py
[2023-09-01T19:51:49.798+0000] {logging_mixin.py:150} INFO - [2023-09-01T19:51:49.797+0000] {dag.py:2742} INFO - Sync 3 DAGs
[2023-09-01T19:51:49.885+0000] {logging_mixin.py:150} INFO - [2023-09-01T19:51:49.885+0000] {dag.py:3508} INFO - Setting next_dagrun for example_branch_datetime_operator to 2023-08-31T00:00:00+00:00, run_after=2023-09-01T00:00:00+00:00
[2023-09-01T19:51:49.898+0000] {logging_mixin.py:150} INFO - [2023-09-01T19:51:49.897+0000] {dag.py:3508} INFO - Setting next_dagrun for example_branch_datetime_operator_2 to 2023-08-31T00:00:00+00:00, run_after=2023-09-01T00:00:00+00:00
[2023-09-01T19:51:49.906+0000] {logging_mixin.py:150} INFO - [2023-09-01T19:51:49.905+0000] {dag.py:3508} INFO - Setting next_dagrun for example_branch_datetime_operator_3 to 2023-08-31T00:00:00+00:00, run_after=2023-09-01T00:00:00+00:00
[2023-09-01T19:51:49.941+0000] {processor.py:179} INFO - Processing /home/airflow/.local/lib/python3.7/site-packages/airflow/example_dags/example_branch_datetime_operator.py took 0.327 seconds
[2023-09-01T19:52:20.284+0000] {processor.py:157} INFO - Started process (PID=2263) to work on /home/airflow/.local/lib/python3.7/site-packages/airflow/example_dags/example_branch_datetime_operator.py
[2023-09-01T19:52:20.290+0000] {processor.py:826} INFO - Processing file /home/airflow/.local/lib/python3.7/site-packages/airflow/example_dags/example_branch_datetime_operator.py for tasks to queue
[2023-09-01T19:52:20.291+0000] {logging_mixin.py:150} INFO - [2023-09-01T19:52:20.291+0000] {dagbag.py:541} INFO - Filling up the DagBag from /home/airflow/.local/lib/python3.7/site-packages/airflow/example_dags/example_branch_datetime_operator.py
[2023-09-01T19:52:20.308+0000] {processor.py:836} INFO - DAG(s) dict_keys(['example_branch_datetime_operator_3', 'example_branch_datetime_operator_2', 'example_branch_datetime_operator']) retrieved from /home/airflow/.local/lib/python3.7/site-packages/airflow/example_dags/example_branch_datetime_operator.py
[2023-09-01T19:52:20.375+0000] {logging_mixin.py:150} INFO - [2023-09-01T19:52:20.374+0000] {dag.py:2742} INFO - Sync 3 DAGs
[2023-09-01T19:52:20.440+0000] {logging_mixin.py:150} INFO - [2023-09-01T19:52:20.439+0000] {dag.py:3508} INFO - Setting next_dagrun for example_branch_datetime_operator to 2023-08-31T00:00:00+00:00, run_after=2023-09-01T00:00:00+00:00
[2023-09-01T19:52:20.451+0000] {logging_mixin.py:150} INFO - [2023-09-01T19:52:20.450+0000] {dag.py:3508} INFO - Setting next_dagrun for example_branch_datetime_operator_2 to 2023-08-31T00:00:00+00:00, run_after=2023-09-01T00:00:00+00:00
[2023-09-01T19:52:20.454+0000] {logging_mixin.py:150} INFO - [2023-09-01T19:52:20.454+0000] {dag.py:3508} INFO - Setting next_dagrun for example_branch_datetime_operator_3 to 2023-08-31T00:00:00+00:00, run_after=2023-09-01T00:00:00+00:00
[2023-09-01T19:52:20.515+0000] {processor.py:179} INFO - Processing /home/airflow/.local/lib/python3.7/site-packages/airflow/example_dags/example_branch_datetime_operator.py took 0.250 seconds
[2023-09-01T19:52:50.578+0000] {processor.py:157} INFO - Started process (PID=2318) to work on /home/airflow/.local/lib/python3.7/site-packages/airflow/example_dags/example_branch_datetime_operator.py
[2023-09-01T19:52:50.579+0000] {processor.py:826} INFO - Processing file /home/airflow/.local/lib/python3.7/site-packages/airflow/example_dags/example_branch_datetime_operator.py for tasks to queue
[2023-09-01T19:52:50.579+0000] {logging_mixin.py:150} INFO - [2023-09-01T19:52:50.579+0000] {dagbag.py:541} INFO - Filling up the DagBag from /home/airflow/.local/lib/python3.7/site-packages/airflow/example_dags/example_branch_datetime_operator.py
[2023-09-01T19:52:50.587+0000] {processor.py:836} INFO - DAG(s) dict_keys(['example_branch_datetime_operator', 'example_branch_datetime_operator_2', 'example_branch_datetime_operator_3']) retrieved from /home/airflow/.local/lib/python3.7/site-packages/airflow/example_dags/example_branch_datetime_operator.py
[2023-09-01T19:52:50.616+0000] {logging_mixin.py:150} INFO - [2023-09-01T19:52:50.616+0000] {dag.py:2742} INFO - Sync 3 DAGs
[2023-09-01T19:52:50.638+0000] {logging_mixin.py:150} INFO - [2023-09-01T19:52:50.638+0000] {dag.py:3508} INFO - Setting next_dagrun for example_branch_datetime_operator to 2023-08-31T00:00:00+00:00, run_after=2023-09-01T00:00:00+00:00
[2023-09-01T19:52:50.642+0000] {logging_mixin.py:150} INFO - [2023-09-01T19:52:50.641+0000] {dag.py:3508} INFO - Setting next_dagrun for example_branch_datetime_operator_2 to 2023-08-31T00:00:00+00:00, run_after=2023-09-01T00:00:00+00:00
[2023-09-01T19:52:50.643+0000] {logging_mixin.py:150} INFO - [2023-09-01T19:52:50.643+0000] {dag.py:3508} INFO - Setting next_dagrun for example_branch_datetime_operator_3 to 2023-08-31T00:00:00+00:00, run_after=2023-09-01T00:00:00+00:00
[2023-09-01T19:52:50.656+0000] {processor.py:179} INFO - Processing /home/airflow/.local/lib/python3.7/site-packages/airflow/example_dags/example_branch_datetime_operator.py took 0.081 seconds
[2023-09-01T19:53:21.017+0000] {processor.py:157} INFO - Started process (PID=2373) to work on /home/airflow/.local/lib/python3.7/site-packages/airflow/example_dags/example_branch_datetime_operator.py
[2023-09-01T19:53:21.018+0000] {processor.py:826} INFO - Processing file /home/airflow/.local/lib/python3.7/site-packages/airflow/example_dags/example_branch_datetime_operator.py for tasks to queue
[2023-09-01T19:53:21.018+0000] {logging_mixin.py:150} INFO - [2023-09-01T19:53:21.018+0000] {dagbag.py:541} INFO - Filling up the DagBag from /home/airflow/.local/lib/python3.7/site-packages/airflow/example_dags/example_branch_datetime_operator.py
[2023-09-01T19:53:21.027+0000] {processor.py:836} INFO - DAG(s) dict_keys(['example_branch_datetime_operator', 'example_branch_datetime_operator_3', 'example_branch_datetime_operator_2']) retrieved from /home/airflow/.local/lib/python3.7/site-packages/airflow/example_dags/example_branch_datetime_operator.py
[2023-09-01T19:53:21.055+0000] {logging_mixin.py:150} INFO - [2023-09-01T19:53:21.055+0000] {dag.py:2742} INFO - Sync 3 DAGs
[2023-09-01T19:53:21.078+0000] {logging_mixin.py:150} INFO - [2023-09-01T19:53:21.078+0000] {dag.py:3508} INFO - Setting next_dagrun for example_branch_datetime_operator to 2023-08-31T00:00:00+00:00, run_after=2023-09-01T00:00:00+00:00
[2023-09-01T19:53:21.082+0000] {logging_mixin.py:150} INFO - [2023-09-01T19:53:21.082+0000] {dag.py:3508} INFO - Setting next_dagrun for example_branch_datetime_operator_2 to 2023-08-31T00:00:00+00:00, run_after=2023-09-01T00:00:00+00:00
[2023-09-01T19:53:21.084+0000] {logging_mixin.py:150} INFO - [2023-09-01T19:53:21.084+0000] {dag.py:3508} INFO - Setting next_dagrun for example_branch_datetime_operator_3 to 2023-08-31T00:00:00+00:00, run_after=2023-09-01T00:00:00+00:00
[2023-09-01T19:53:21.099+0000] {processor.py:179} INFO - Processing /home/airflow/.local/lib/python3.7/site-packages/airflow/example_dags/example_branch_datetime_operator.py took 0.086 seconds
[2023-09-01T19:53:51.672+0000] {processor.py:157} INFO - Started process (PID=2428) to work on /home/airflow/.local/lib/python3.7/site-packages/airflow/example_dags/example_branch_datetime_operator.py
[2023-09-01T19:53:51.675+0000] {processor.py:826} INFO - Processing file /home/airflow/.local/lib/python3.7/site-packages/airflow/example_dags/example_branch_datetime_operator.py for tasks to queue
[2023-09-01T19:53:51.676+0000] {logging_mixin.py:150} INFO - [2023-09-01T19:53:51.676+0000] {dagbag.py:541} INFO - Filling up the DagBag from /home/airflow/.local/lib/python3.7/site-packages/airflow/example_dags/example_branch_datetime_operator.py
[2023-09-01T19:53:51.684+0000] {processor.py:836} INFO - DAG(s) dict_keys(['example_branch_datetime_operator_2', 'example_branch_datetime_operator_3', 'example_branch_datetime_operator']) retrieved from /home/airflow/.local/lib/python3.7/site-packages/airflow/example_dags/example_branch_datetime_operator.py
[2023-09-01T19:53:51.712+0000] {logging_mixin.py:150} INFO - [2023-09-01T19:53:51.711+0000] {dag.py:2742} INFO - Sync 3 DAGs
[2023-09-01T19:53:51.734+0000] {logging_mixin.py:150} INFO - [2023-09-01T19:53:51.734+0000] {dag.py:3508} INFO - Setting next_dagrun for example_branch_datetime_operator to 2023-08-31T00:00:00+00:00, run_after=2023-09-01T00:00:00+00:00
[2023-09-01T19:53:51.738+0000] {logging_mixin.py:150} INFO - [2023-09-01T19:53:51.738+0000] {dag.py:3508} INFO - Setting next_dagrun for example_branch_datetime_operator_2 to 2023-08-31T00:00:00+00:00, run_after=2023-09-01T00:00:00+00:00
[2023-09-01T19:53:51.740+0000] {logging_mixin.py:150} INFO - [2023-09-01T19:53:51.740+0000] {dag.py:3508} INFO - Setting next_dagrun for example_branch_datetime_operator_3 to 2023-08-31T00:00:00+00:00, run_after=2023-09-01T00:00:00+00:00
[2023-09-01T19:53:51.753+0000] {processor.py:179} INFO - Processing /home/airflow/.local/lib/python3.7/site-packages/airflow/example_dags/example_branch_datetime_operator.py took 0.085 seconds
[2023-09-01T19:54:21.837+0000] {processor.py:157} INFO - Started process (PID=2483) to work on /home/airflow/.local/lib/python3.7/site-packages/airflow/example_dags/example_branch_datetime_operator.py
[2023-09-01T19:54:21.838+0000] {processor.py:826} INFO - Processing file /home/airflow/.local/lib/python3.7/site-packages/airflow/example_dags/example_branch_datetime_operator.py for tasks to queue
[2023-09-01T19:54:21.839+0000] {logging_mixin.py:150} INFO - [2023-09-01T19:54:21.839+0000] {dagbag.py:541} INFO - Filling up the DagBag from /home/airflow/.local/lib/python3.7/site-packages/airflow/example_dags/example_branch_datetime_operator.py
[2023-09-01T19:54:21.848+0000] {processor.py:836} INFO - DAG(s) dict_keys(['example_branch_datetime_operator', 'example_branch_datetime_operator_3', 'example_branch_datetime_operator_2']) retrieved from /home/airflow/.local/lib/python3.7/site-packages/airflow/example_dags/example_branch_datetime_operator.py
[2023-09-01T19:54:21.879+0000] {logging_mixin.py:150} INFO - [2023-09-01T19:54:21.879+0000] {dag.py:2742} INFO - Sync 3 DAGs
[2023-09-01T19:54:21.902+0000] {logging_mixin.py:150} INFO - [2023-09-01T19:54:21.902+0000] {dag.py:3508} INFO - Setting next_dagrun for example_branch_datetime_operator to 2023-08-31T00:00:00+00:00, run_after=2023-09-01T00:00:00+00:00
[2023-09-01T19:54:21.907+0000] {logging_mixin.py:150} INFO - [2023-09-01T19:54:21.907+0000] {dag.py:3508} INFO - Setting next_dagrun for example_branch_datetime_operator_2 to 2023-08-31T00:00:00+00:00, run_after=2023-09-01T00:00:00+00:00
[2023-09-01T19:54:21.909+0000] {logging_mixin.py:150} INFO - [2023-09-01T19:54:21.909+0000] {dag.py:3508} INFO - Setting next_dagrun for example_branch_datetime_operator_3 to 2023-08-31T00:00:00+00:00, run_after=2023-09-01T00:00:00+00:00
[2023-09-01T19:54:21.925+0000] {processor.py:179} INFO - Processing /home/airflow/.local/lib/python3.7/site-packages/airflow/example_dags/example_branch_datetime_operator.py took 0.091 seconds
[2023-09-01T19:54:51.990+0000] {processor.py:157} INFO - Started process (PID=2538) to work on /home/airflow/.local/lib/python3.7/site-packages/airflow/example_dags/example_branch_datetime_operator.py
[2023-09-01T19:54:51.990+0000] {processor.py:826} INFO - Processing file /home/airflow/.local/lib/python3.7/site-packages/airflow/example_dags/example_branch_datetime_operator.py for tasks to queue
[2023-09-01T19:54:51.991+0000] {logging_mixin.py:150} INFO - [2023-09-01T19:54:51.991+0000] {dagbag.py:541} INFO - Filling up the DagBag from /home/airflow/.local/lib/python3.7/site-packages/airflow/example_dags/example_branch_datetime_operator.py
[2023-09-01T19:54:51.999+0000] {processor.py:836} INFO - DAG(s) dict_keys(['example_branch_datetime_operator', 'example_branch_datetime_operator_2', 'example_branch_datetime_operator_3']) retrieved from /home/airflow/.local/lib/python3.7/site-packages/airflow/example_dags/example_branch_datetime_operator.py
[2023-09-01T19:54:52.025+0000] {logging_mixin.py:150} INFO - [2023-09-01T19:54:52.025+0000] {dag.py:2742} INFO - Sync 3 DAGs
[2023-09-01T19:54:52.047+0000] {logging_mixin.py:150} INFO - [2023-09-01T19:54:52.047+0000] {dag.py:3508} INFO - Setting next_dagrun for example_branch_datetime_operator to 2023-08-31T00:00:00+00:00, run_after=2023-09-01T00:00:00+00:00
[2023-09-01T19:54:52.051+0000] {logging_mixin.py:150} INFO - [2023-09-01T19:54:52.051+0000] {dag.py:3508} INFO - Setting next_dagrun for example_branch_datetime_operator_2 to 2023-08-31T00:00:00+00:00, run_after=2023-09-01T00:00:00+00:00
[2023-09-01T19:54:52.053+0000] {logging_mixin.py:150} INFO - [2023-09-01T19:54:52.053+0000] {dag.py:3508} INFO - Setting next_dagrun for example_branch_datetime_operator_3 to 2023-08-31T00:00:00+00:00, run_after=2023-09-01T00:00:00+00:00
[2023-09-01T19:54:52.068+0000] {processor.py:179} INFO - Processing /home/airflow/.local/lib/python3.7/site-packages/airflow/example_dags/example_branch_datetime_operator.py took 0.081 seconds
