[2023-09-01T19:31:55.686+0000] {processor.py:157} INFO - Started process (PID=63) to work on /home/airflow/.local/lib/python3.7/site-packages/airflow/example_dags/example_nested_branch_dag.py
[2023-09-01T19:31:55.695+0000] {processor.py:826} INFO - Processing file /home/airflow/.local/lib/python3.7/site-packages/airflow/example_dags/example_nested_branch_dag.py for tasks to queue
[2023-09-01T19:31:55.696+0000] {logging_mixin.py:150} INFO - [2023-09-01T19:31:55.696+0000] {dagbag.py:541} INFO - Filling up the DagBag from /home/airflow/.local/lib/python3.7/site-packages/airflow/example_dags/example_nested_branch_dag.py
[2023-09-01T19:31:55.715+0000] {processor.py:836} INFO - DAG(s) dict_keys(['example_nested_branch_dag']) retrieved from /home/airflow/.local/lib/python3.7/site-packages/airflow/example_dags/example_nested_branch_dag.py
[2023-09-01T19:31:55.972+0000] {logging_mixin.py:150} INFO - [2023-09-01T19:31:55.972+0000] {dag.py:2742} INFO - Sync 1 DAGs
[2023-09-01T19:31:56.047+0000] {logging_mixin.py:150} INFO - [2023-09-01T19:31:56.047+0000] {dag.py:3508} INFO - Setting next_dagrun for example_nested_branch_dag to 2023-08-31T00:00:00+00:00, run_after=2023-09-01T00:00:00+00:00
[2023-09-01T19:31:56.088+0000] {processor.py:179} INFO - Processing /home/airflow/.local/lib/python3.7/site-packages/airflow/example_dags/example_nested_branch_dag.py took 0.406 seconds
[2023-09-01T19:32:27.025+0000] {processor.py:157} INFO - Started process (PID=119) to work on /home/airflow/.local/lib/python3.7/site-packages/airflow/example_dags/example_nested_branch_dag.py
[2023-09-01T19:32:27.026+0000] {processor.py:826} INFO - Processing file /home/airflow/.local/lib/python3.7/site-packages/airflow/example_dags/example_nested_branch_dag.py for tasks to queue
[2023-09-01T19:32:27.026+0000] {logging_mixin.py:150} INFO - [2023-09-01T19:32:27.026+0000] {dagbag.py:541} INFO - Filling up the DagBag from /home/airflow/.local/lib/python3.7/site-packages/airflow/example_dags/example_nested_branch_dag.py
[2023-09-01T19:32:27.034+0000] {processor.py:836} INFO - DAG(s) dict_keys(['example_nested_branch_dag']) retrieved from /home/airflow/.local/lib/python3.7/site-packages/airflow/example_dags/example_nested_branch_dag.py
[2023-09-01T19:32:27.054+0000] {logging_mixin.py:150} INFO - [2023-09-01T19:32:27.054+0000] {dag.py:2742} INFO - Sync 1 DAGs
[2023-09-01T19:32:27.076+0000] {logging_mixin.py:150} INFO - [2023-09-01T19:32:27.075+0000] {dag.py:3508} INFO - Setting next_dagrun for example_nested_branch_dag to 2023-08-31T00:00:00+00:00, run_after=2023-09-01T00:00:00+00:00
[2023-09-01T19:32:27.090+0000] {processor.py:179} INFO - Processing /home/airflow/.local/lib/python3.7/site-packages/airflow/example_dags/example_nested_branch_dag.py took 0.069 seconds
[2023-09-01T19:32:57.908+0000] {processor.py:157} INFO - Started process (PID=174) to work on /home/airflow/.local/lib/python3.7/site-packages/airflow/example_dags/example_nested_branch_dag.py
[2023-09-01T19:32:57.909+0000] {processor.py:826} INFO - Processing file /home/airflow/.local/lib/python3.7/site-packages/airflow/example_dags/example_nested_branch_dag.py for tasks to queue
[2023-09-01T19:32:57.910+0000] {logging_mixin.py:150} INFO - [2023-09-01T19:32:57.910+0000] {dagbag.py:541} INFO - Filling up the DagBag from /home/airflow/.local/lib/python3.7/site-packages/airflow/example_dags/example_nested_branch_dag.py
[2023-09-01T19:32:57.918+0000] {processor.py:836} INFO - DAG(s) dict_keys(['example_nested_branch_dag']) retrieved from /home/airflow/.local/lib/python3.7/site-packages/airflow/example_dags/example_nested_branch_dag.py
[2023-09-01T19:32:57.940+0000] {logging_mixin.py:150} INFO - [2023-09-01T19:32:57.940+0000] {dag.py:2742} INFO - Sync 1 DAGs
[2023-09-01T19:32:57.963+0000] {logging_mixin.py:150} INFO - [2023-09-01T19:32:57.963+0000] {dag.py:3508} INFO - Setting next_dagrun for example_nested_branch_dag to 2023-08-31T00:00:00+00:00, run_after=2023-09-01T00:00:00+00:00
[2023-09-01T19:32:57.981+0000] {processor.py:179} INFO - Processing /home/airflow/.local/lib/python3.7/site-packages/airflow/example_dags/example_nested_branch_dag.py took 0.076 seconds
[2023-09-01T19:33:28.296+0000] {processor.py:157} INFO - Started process (PID=229) to work on /home/airflow/.local/lib/python3.7/site-packages/airflow/example_dags/example_nested_branch_dag.py
[2023-09-01T19:33:28.297+0000] {processor.py:826} INFO - Processing file /home/airflow/.local/lib/python3.7/site-packages/airflow/example_dags/example_nested_branch_dag.py for tasks to queue
[2023-09-01T19:33:28.298+0000] {logging_mixin.py:150} INFO - [2023-09-01T19:33:28.297+0000] {dagbag.py:541} INFO - Filling up the DagBag from /home/airflow/.local/lib/python3.7/site-packages/airflow/example_dags/example_nested_branch_dag.py
[2023-09-01T19:33:28.307+0000] {processor.py:836} INFO - DAG(s) dict_keys(['example_nested_branch_dag']) retrieved from /home/airflow/.local/lib/python3.7/site-packages/airflow/example_dags/example_nested_branch_dag.py
[2023-09-01T19:33:28.330+0000] {logging_mixin.py:150} INFO - [2023-09-01T19:33:28.330+0000] {dag.py:2742} INFO - Sync 1 DAGs
[2023-09-01T19:33:28.353+0000] {logging_mixin.py:150} INFO - [2023-09-01T19:33:28.353+0000] {dag.py:3508} INFO - Setting next_dagrun for example_nested_branch_dag to 2023-08-31T00:00:00+00:00, run_after=2023-09-01T00:00:00+00:00
[2023-09-01T19:33:28.368+0000] {processor.py:179} INFO - Processing /home/airflow/.local/lib/python3.7/site-packages/airflow/example_dags/example_nested_branch_dag.py took 0.075 seconds
[2023-09-01T19:33:58.703+0000] {processor.py:157} INFO - Started process (PID=285) to work on /home/airflow/.local/lib/python3.7/site-packages/airflow/example_dags/example_nested_branch_dag.py
[2023-09-01T19:33:58.711+0000] {processor.py:826} INFO - Processing file /home/airflow/.local/lib/python3.7/site-packages/airflow/example_dags/example_nested_branch_dag.py for tasks to queue
[2023-09-01T19:33:58.712+0000] {logging_mixin.py:150} INFO - [2023-09-01T19:33:58.712+0000] {dagbag.py:541} INFO - Filling up the DagBag from /home/airflow/.local/lib/python3.7/site-packages/airflow/example_dags/example_nested_branch_dag.py
[2023-09-01T19:33:58.725+0000] {processor.py:836} INFO - DAG(s) dict_keys(['example_nested_branch_dag']) retrieved from /home/airflow/.local/lib/python3.7/site-packages/airflow/example_dags/example_nested_branch_dag.py
[2023-09-01T19:33:58.752+0000] {logging_mixin.py:150} INFO - [2023-09-01T19:33:58.752+0000] {dag.py:2742} INFO - Sync 1 DAGs
[2023-09-01T19:33:58.782+0000] {logging_mixin.py:150} INFO - [2023-09-01T19:33:58.782+0000] {dag.py:3508} INFO - Setting next_dagrun for example_nested_branch_dag to 2023-08-31T00:00:00+00:00, run_after=2023-09-01T00:00:00+00:00
[2023-09-01T19:33:58.805+0000] {processor.py:179} INFO - Processing /home/airflow/.local/lib/python3.7/site-packages/airflow/example_dags/example_nested_branch_dag.py took 0.116 seconds
[2023-09-01T19:34:29.064+0000] {processor.py:157} INFO - Started process (PID=346) to work on /home/airflow/.local/lib/python3.7/site-packages/airflow/example_dags/example_nested_branch_dag.py
[2023-09-01T19:34:29.065+0000] {processor.py:826} INFO - Processing file /home/airflow/.local/lib/python3.7/site-packages/airflow/example_dags/example_nested_branch_dag.py for tasks to queue
[2023-09-01T19:34:29.066+0000] {logging_mixin.py:150} INFO - [2023-09-01T19:34:29.065+0000] {dagbag.py:541} INFO - Filling up the DagBag from /home/airflow/.local/lib/python3.7/site-packages/airflow/example_dags/example_nested_branch_dag.py
[2023-09-01T19:34:29.075+0000] {processor.py:836} INFO - DAG(s) dict_keys(['example_nested_branch_dag']) retrieved from /home/airflow/.local/lib/python3.7/site-packages/airflow/example_dags/example_nested_branch_dag.py
[2023-09-01T19:34:29.095+0000] {logging_mixin.py:150} INFO - [2023-09-01T19:34:29.095+0000] {dag.py:2742} INFO - Sync 1 DAGs
[2023-09-01T19:34:29.117+0000] {logging_mixin.py:150} INFO - [2023-09-01T19:34:29.116+0000] {dag.py:3508} INFO - Setting next_dagrun for example_nested_branch_dag to 2023-08-31T00:00:00+00:00, run_after=2023-09-01T00:00:00+00:00
[2023-09-01T19:34:29.134+0000] {processor.py:179} INFO - Processing /home/airflow/.local/lib/python3.7/site-packages/airflow/example_dags/example_nested_branch_dag.py took 0.073 seconds
[2023-09-01T19:34:59.317+0000] {processor.py:157} INFO - Started process (PID=401) to work on /home/airflow/.local/lib/python3.7/site-packages/airflow/example_dags/example_nested_branch_dag.py
[2023-09-01T19:34:59.318+0000] {processor.py:826} INFO - Processing file /home/airflow/.local/lib/python3.7/site-packages/airflow/example_dags/example_nested_branch_dag.py for tasks to queue
[2023-09-01T19:34:59.319+0000] {logging_mixin.py:150} INFO - [2023-09-01T19:34:59.318+0000] {dagbag.py:541} INFO - Filling up the DagBag from /home/airflow/.local/lib/python3.7/site-packages/airflow/example_dags/example_nested_branch_dag.py
[2023-09-01T19:34:59.327+0000] {processor.py:836} INFO - DAG(s) dict_keys(['example_nested_branch_dag']) retrieved from /home/airflow/.local/lib/python3.7/site-packages/airflow/example_dags/example_nested_branch_dag.py
[2023-09-01T19:34:59.347+0000] {logging_mixin.py:150} INFO - [2023-09-01T19:34:59.347+0000] {dag.py:2742} INFO - Sync 1 DAGs
[2023-09-01T19:34:59.379+0000] {logging_mixin.py:150} INFO - [2023-09-01T19:34:59.379+0000] {dag.py:3508} INFO - Setting next_dagrun for example_nested_branch_dag to 2023-08-31T00:00:00+00:00, run_after=2023-09-01T00:00:00+00:00
[2023-09-01T19:34:59.401+0000] {processor.py:179} INFO - Processing /home/airflow/.local/lib/python3.7/site-packages/airflow/example_dags/example_nested_branch_dag.py took 0.087 seconds
[2023-09-01T19:35:29.584+0000] {processor.py:157} INFO - Started process (PID=456) to work on /home/airflow/.local/lib/python3.7/site-packages/airflow/example_dags/example_nested_branch_dag.py
[2023-09-01T19:35:29.584+0000] {processor.py:826} INFO - Processing file /home/airflow/.local/lib/python3.7/site-packages/airflow/example_dags/example_nested_branch_dag.py for tasks to queue
[2023-09-01T19:35:29.585+0000] {logging_mixin.py:150} INFO - [2023-09-01T19:35:29.585+0000] {dagbag.py:541} INFO - Filling up the DagBag from /home/airflow/.local/lib/python3.7/site-packages/airflow/example_dags/example_nested_branch_dag.py
[2023-09-01T19:35:29.596+0000] {processor.py:836} INFO - DAG(s) dict_keys(['example_nested_branch_dag']) retrieved from /home/airflow/.local/lib/python3.7/site-packages/airflow/example_dags/example_nested_branch_dag.py
[2023-09-01T19:35:29.620+0000] {logging_mixin.py:150} INFO - [2023-09-01T19:35:29.620+0000] {dag.py:2742} INFO - Sync 1 DAGs
[2023-09-01T19:35:29.645+0000] {logging_mixin.py:150} INFO - [2023-09-01T19:35:29.645+0000] {dag.py:3508} INFO - Setting next_dagrun for example_nested_branch_dag to 2023-08-31T00:00:00+00:00, run_after=2023-09-01T00:00:00+00:00
[2023-09-01T19:35:29.668+0000] {processor.py:179} INFO - Processing /home/airflow/.local/lib/python3.7/site-packages/airflow/example_dags/example_nested_branch_dag.py took 0.088 seconds
[2023-09-01T19:36:02.112+0000] {processor.py:157} INFO - Started process (PID=511) to work on /home/airflow/.local/lib/python3.7/site-packages/airflow/example_dags/example_nested_branch_dag.py
[2023-09-01T19:36:02.120+0000] {processor.py:826} INFO - Processing file /home/airflow/.local/lib/python3.7/site-packages/airflow/example_dags/example_nested_branch_dag.py for tasks to queue
[2023-09-01T19:36:02.120+0000] {logging_mixin.py:150} INFO - [2023-09-01T19:36:02.120+0000] {dagbag.py:541} INFO - Filling up the DagBag from /home/airflow/.local/lib/python3.7/site-packages/airflow/example_dags/example_nested_branch_dag.py
[2023-09-01T19:36:02.136+0000] {processor.py:836} INFO - DAG(s) dict_keys(['example_nested_branch_dag']) retrieved from /home/airflow/.local/lib/python3.7/site-packages/airflow/example_dags/example_nested_branch_dag.py
[2023-09-01T19:36:02.199+0000] {logging_mixin.py:150} INFO - [2023-09-01T19:36:02.199+0000] {dag.py:2742} INFO - Sync 1 DAGs
[2023-09-01T19:36:02.270+0000] {logging_mixin.py:150} INFO - [2023-09-01T19:36:02.269+0000] {dag.py:3508} INFO - Setting next_dagrun for example_nested_branch_dag to 2023-08-31T00:00:00+00:00, run_after=2023-09-01T00:00:00+00:00
[2023-09-01T19:36:02.327+0000] {processor.py:179} INFO - Processing /home/airflow/.local/lib/python3.7/site-packages/airflow/example_dags/example_nested_branch_dag.py took 0.228 seconds
[2023-09-01T19:36:32.636+0000] {processor.py:157} INFO - Started process (PID=566) to work on /home/airflow/.local/lib/python3.7/site-packages/airflow/example_dags/example_nested_branch_dag.py
[2023-09-01T19:36:32.637+0000] {processor.py:826} INFO - Processing file /home/airflow/.local/lib/python3.7/site-packages/airflow/example_dags/example_nested_branch_dag.py for tasks to queue
[2023-09-01T19:36:32.637+0000] {logging_mixin.py:150} INFO - [2023-09-01T19:36:32.637+0000] {dagbag.py:541} INFO - Filling up the DagBag from /home/airflow/.local/lib/python3.7/site-packages/airflow/example_dags/example_nested_branch_dag.py
[2023-09-01T19:36:32.646+0000] {processor.py:836} INFO - DAG(s) dict_keys(['example_nested_branch_dag']) retrieved from /home/airflow/.local/lib/python3.7/site-packages/airflow/example_dags/example_nested_branch_dag.py
[2023-09-01T19:36:32.668+0000] {logging_mixin.py:150} INFO - [2023-09-01T19:36:32.668+0000] {dag.py:2742} INFO - Sync 1 DAGs
[2023-09-01T19:36:32.692+0000] {logging_mixin.py:150} INFO - [2023-09-01T19:36:32.692+0000] {dag.py:3508} INFO - Setting next_dagrun for example_nested_branch_dag to 2023-08-31T00:00:00+00:00, run_after=2023-09-01T00:00:00+00:00
[2023-09-01T19:36:32.713+0000] {processor.py:179} INFO - Processing /home/airflow/.local/lib/python3.7/site-packages/airflow/example_dags/example_nested_branch_dag.py took 0.081 seconds
[2023-09-01T19:37:03.930+0000] {processor.py:157} INFO - Started process (PID=621) to work on /home/airflow/.local/lib/python3.7/site-packages/airflow/example_dags/example_nested_branch_dag.py
[2023-09-01T19:37:03.934+0000] {processor.py:826} INFO - Processing file /home/airflow/.local/lib/python3.7/site-packages/airflow/example_dags/example_nested_branch_dag.py for tasks to queue
[2023-09-01T19:37:03.934+0000] {logging_mixin.py:150} INFO - [2023-09-01T19:37:03.934+0000] {dagbag.py:541} INFO - Filling up the DagBag from /home/airflow/.local/lib/python3.7/site-packages/airflow/example_dags/example_nested_branch_dag.py
[2023-09-01T19:37:03.947+0000] {processor.py:836} INFO - DAG(s) dict_keys(['example_nested_branch_dag']) retrieved from /home/airflow/.local/lib/python3.7/site-packages/airflow/example_dags/example_nested_branch_dag.py
[2023-09-01T19:37:04.014+0000] {logging_mixin.py:150} INFO - [2023-09-01T19:37:04.014+0000] {dag.py:2742} INFO - Sync 1 DAGs
[2023-09-01T19:37:04.062+0000] {logging_mixin.py:150} INFO - [2023-09-01T19:37:04.062+0000] {dag.py:3508} INFO - Setting next_dagrun for example_nested_branch_dag to 2023-08-31T00:00:00+00:00, run_after=2023-09-01T00:00:00+00:00
[2023-09-01T19:37:04.105+0000] {processor.py:179} INFO - Processing /home/airflow/.local/lib/python3.7/site-packages/airflow/example_dags/example_nested_branch_dag.py took 0.183 seconds
[2023-09-01T19:37:34.651+0000] {processor.py:157} INFO - Started process (PID=676) to work on /home/airflow/.local/lib/python3.7/site-packages/airflow/example_dags/example_nested_branch_dag.py
[2023-09-01T19:37:34.659+0000] {processor.py:826} INFO - Processing file /home/airflow/.local/lib/python3.7/site-packages/airflow/example_dags/example_nested_branch_dag.py for tasks to queue
[2023-09-01T19:37:34.660+0000] {logging_mixin.py:150} INFO - [2023-09-01T19:37:34.660+0000] {dagbag.py:541} INFO - Filling up the DagBag from /home/airflow/.local/lib/python3.7/site-packages/airflow/example_dags/example_nested_branch_dag.py
[2023-09-01T19:37:34.669+0000] {processor.py:836} INFO - DAG(s) dict_keys(['example_nested_branch_dag']) retrieved from /home/airflow/.local/lib/python3.7/site-packages/airflow/example_dags/example_nested_branch_dag.py
[2023-09-01T19:37:34.693+0000] {logging_mixin.py:150} INFO - [2023-09-01T19:37:34.693+0000] {dag.py:2742} INFO - Sync 1 DAGs
[2023-09-01T19:37:34.721+0000] {logging_mixin.py:150} INFO - [2023-09-01T19:37:34.721+0000] {dag.py:3508} INFO - Setting next_dagrun for example_nested_branch_dag to 2023-08-31T00:00:00+00:00, run_after=2023-09-01T00:00:00+00:00
[2023-09-01T19:37:34.738+0000] {processor.py:179} INFO - Processing /home/airflow/.local/lib/python3.7/site-packages/airflow/example_dags/example_nested_branch_dag.py took 0.090 seconds
[2023-09-01T19:38:04.925+0000] {processor.py:157} INFO - Started process (PID=731) to work on /home/airflow/.local/lib/python3.7/site-packages/airflow/example_dags/example_nested_branch_dag.py
[2023-09-01T19:38:04.932+0000] {processor.py:826} INFO - Processing file /home/airflow/.local/lib/python3.7/site-packages/airflow/example_dags/example_nested_branch_dag.py for tasks to queue
[2023-09-01T19:38:04.933+0000] {logging_mixin.py:150} INFO - [2023-09-01T19:38:04.933+0000] {dagbag.py:541} INFO - Filling up the DagBag from /home/airflow/.local/lib/python3.7/site-packages/airflow/example_dags/example_nested_branch_dag.py
[2023-09-01T19:38:04.970+0000] {processor.py:836} INFO - DAG(s) dict_keys(['example_nested_branch_dag']) retrieved from /home/airflow/.local/lib/python3.7/site-packages/airflow/example_dags/example_nested_branch_dag.py
[2023-09-01T19:38:05.041+0000] {logging_mixin.py:150} INFO - [2023-09-01T19:38:05.041+0000] {dag.py:2742} INFO - Sync 1 DAGs
[2023-09-01T19:38:05.113+0000] {logging_mixin.py:150} INFO - [2023-09-01T19:38:05.113+0000] {dag.py:3508} INFO - Setting next_dagrun for example_nested_branch_dag to 2023-08-31T00:00:00+00:00, run_after=2023-09-01T00:00:00+00:00
[2023-09-01T19:38:05.213+0000] {processor.py:179} INFO - Processing /home/airflow/.local/lib/python3.7/site-packages/airflow/example_dags/example_nested_branch_dag.py took 0.300 seconds
[2023-09-01T19:38:35.490+0000] {processor.py:157} INFO - Started process (PID=786) to work on /home/airflow/.local/lib/python3.7/site-packages/airflow/example_dags/example_nested_branch_dag.py
[2023-09-01T19:38:35.491+0000] {processor.py:826} INFO - Processing file /home/airflow/.local/lib/python3.7/site-packages/airflow/example_dags/example_nested_branch_dag.py for tasks to queue
[2023-09-01T19:38:35.491+0000] {logging_mixin.py:150} INFO - [2023-09-01T19:38:35.491+0000] {dagbag.py:541} INFO - Filling up the DagBag from /home/airflow/.local/lib/python3.7/site-packages/airflow/example_dags/example_nested_branch_dag.py
[2023-09-01T19:38:35.501+0000] {processor.py:836} INFO - DAG(s) dict_keys(['example_nested_branch_dag']) retrieved from /home/airflow/.local/lib/python3.7/site-packages/airflow/example_dags/example_nested_branch_dag.py
[2023-09-01T19:38:35.522+0000] {logging_mixin.py:150} INFO - [2023-09-01T19:38:35.522+0000] {dag.py:2742} INFO - Sync 1 DAGs
[2023-09-01T19:38:35.545+0000] {logging_mixin.py:150} INFO - [2023-09-01T19:38:35.545+0000] {dag.py:3508} INFO - Setting next_dagrun for example_nested_branch_dag to 2023-08-31T00:00:00+00:00, run_after=2023-09-01T00:00:00+00:00
[2023-09-01T19:38:35.572+0000] {processor.py:179} INFO - Processing /home/airflow/.local/lib/python3.7/site-packages/airflow/example_dags/example_nested_branch_dag.py took 0.086 seconds
[2023-09-01T19:39:06.036+0000] {processor.py:157} INFO - Started process (PID=840) to work on /home/airflow/.local/lib/python3.7/site-packages/airflow/example_dags/example_nested_branch_dag.py
[2023-09-01T19:39:06.037+0000] {processor.py:826} INFO - Processing file /home/airflow/.local/lib/python3.7/site-packages/airflow/example_dags/example_nested_branch_dag.py for tasks to queue
[2023-09-01T19:39:06.038+0000] {logging_mixin.py:150} INFO - [2023-09-01T19:39:06.037+0000] {dagbag.py:541} INFO - Filling up the DagBag from /home/airflow/.local/lib/python3.7/site-packages/airflow/example_dags/example_nested_branch_dag.py
[2023-09-01T19:39:06.047+0000] {processor.py:836} INFO - DAG(s) dict_keys(['example_nested_branch_dag']) retrieved from /home/airflow/.local/lib/python3.7/site-packages/airflow/example_dags/example_nested_branch_dag.py
[2023-09-01T19:39:06.071+0000] {logging_mixin.py:150} INFO - [2023-09-01T19:39:06.071+0000] {dag.py:2742} INFO - Sync 1 DAGs
[2023-09-01T19:39:06.094+0000] {logging_mixin.py:150} INFO - [2023-09-01T19:39:06.094+0000] {dag.py:3508} INFO - Setting next_dagrun for example_nested_branch_dag to 2023-08-31T00:00:00+00:00, run_after=2023-09-01T00:00:00+00:00
[2023-09-01T19:39:06.110+0000] {processor.py:179} INFO - Processing /home/airflow/.local/lib/python3.7/site-packages/airflow/example_dags/example_nested_branch_dag.py took 0.078 seconds
[2023-09-01T19:39:37.106+0000] {processor.py:157} INFO - Started process (PID=895) to work on /home/airflow/.local/lib/python3.7/site-packages/airflow/example_dags/example_nested_branch_dag.py
[2023-09-01T19:39:37.108+0000] {processor.py:826} INFO - Processing file /home/airflow/.local/lib/python3.7/site-packages/airflow/example_dags/example_nested_branch_dag.py for tasks to queue
[2023-09-01T19:39:37.108+0000] {logging_mixin.py:150} INFO - [2023-09-01T19:39:37.108+0000] {dagbag.py:541} INFO - Filling up the DagBag from /home/airflow/.local/lib/python3.7/site-packages/airflow/example_dags/example_nested_branch_dag.py
[2023-09-01T19:39:37.118+0000] {processor.py:836} INFO - DAG(s) dict_keys(['example_nested_branch_dag']) retrieved from /home/airflow/.local/lib/python3.7/site-packages/airflow/example_dags/example_nested_branch_dag.py
[2023-09-01T19:39:37.150+0000] {logging_mixin.py:150} INFO - [2023-09-01T19:39:37.150+0000] {dag.py:2742} INFO - Sync 1 DAGs
[2023-09-01T19:39:37.175+0000] {logging_mixin.py:150} INFO - [2023-09-01T19:39:37.175+0000] {dag.py:3508} INFO - Setting next_dagrun for example_nested_branch_dag to 2023-08-31T00:00:00+00:00, run_after=2023-09-01T00:00:00+00:00
[2023-09-01T19:39:37.201+0000] {processor.py:179} INFO - Processing /home/airflow/.local/lib/python3.7/site-packages/airflow/example_dags/example_nested_branch_dag.py took 0.098 seconds
[2023-09-01T19:40:07.483+0000] {processor.py:157} INFO - Started process (PID=950) to work on /home/airflow/.local/lib/python3.7/site-packages/airflow/example_dags/example_nested_branch_dag.py
[2023-09-01T19:40:07.484+0000] {processor.py:826} INFO - Processing file /home/airflow/.local/lib/python3.7/site-packages/airflow/example_dags/example_nested_branch_dag.py for tasks to queue
[2023-09-01T19:40:07.485+0000] {logging_mixin.py:150} INFO - [2023-09-01T19:40:07.485+0000] {dagbag.py:541} INFO - Filling up the DagBag from /home/airflow/.local/lib/python3.7/site-packages/airflow/example_dags/example_nested_branch_dag.py
[2023-09-01T19:40:07.493+0000] {processor.py:836} INFO - DAG(s) dict_keys(['example_nested_branch_dag']) retrieved from /home/airflow/.local/lib/python3.7/site-packages/airflow/example_dags/example_nested_branch_dag.py
[2023-09-01T19:40:07.518+0000] {logging_mixin.py:150} INFO - [2023-09-01T19:40:07.518+0000] {dag.py:2742} INFO - Sync 1 DAGs
[2023-09-01T19:40:07.542+0000] {logging_mixin.py:150} INFO - [2023-09-01T19:40:07.542+0000] {dag.py:3508} INFO - Setting next_dagrun for example_nested_branch_dag to 2023-08-31T00:00:00+00:00, run_after=2023-09-01T00:00:00+00:00
[2023-09-01T19:40:07.560+0000] {processor.py:179} INFO - Processing /home/airflow/.local/lib/python3.7/site-packages/airflow/example_dags/example_nested_branch_dag.py took 0.080 seconds
[2023-09-01T19:40:37.821+0000] {processor.py:157} INFO - Started process (PID=1004) to work on /home/airflow/.local/lib/python3.7/site-packages/airflow/example_dags/example_nested_branch_dag.py
[2023-09-01T19:40:37.822+0000] {processor.py:826} INFO - Processing file /home/airflow/.local/lib/python3.7/site-packages/airflow/example_dags/example_nested_branch_dag.py for tasks to queue
[2023-09-01T19:40:37.823+0000] {logging_mixin.py:150} INFO - [2023-09-01T19:40:37.823+0000] {dagbag.py:541} INFO - Filling up the DagBag from /home/airflow/.local/lib/python3.7/site-packages/airflow/example_dags/example_nested_branch_dag.py
[2023-09-01T19:40:37.832+0000] {processor.py:836} INFO - DAG(s) dict_keys(['example_nested_branch_dag']) retrieved from /home/airflow/.local/lib/python3.7/site-packages/airflow/example_dags/example_nested_branch_dag.py
[2023-09-01T19:40:37.859+0000] {logging_mixin.py:150} INFO - [2023-09-01T19:40:37.859+0000] {dag.py:2742} INFO - Sync 1 DAGs
[2023-09-01T19:40:37.893+0000] {logging_mixin.py:150} INFO - [2023-09-01T19:40:37.893+0000] {dag.py:3508} INFO - Setting next_dagrun for example_nested_branch_dag to 2023-08-31T00:00:00+00:00, run_after=2023-09-01T00:00:00+00:00
[2023-09-01T19:40:37.913+0000] {processor.py:179} INFO - Processing /home/airflow/.local/lib/python3.7/site-packages/airflow/example_dags/example_nested_branch_dag.py took 0.098 seconds
[2023-09-01T19:41:08.123+0000] {processor.py:157} INFO - Started process (PID=1059) to work on /home/airflow/.local/lib/python3.7/site-packages/airflow/example_dags/example_nested_branch_dag.py
[2023-09-01T19:41:08.124+0000] {processor.py:826} INFO - Processing file /home/airflow/.local/lib/python3.7/site-packages/airflow/example_dags/example_nested_branch_dag.py for tasks to queue
[2023-09-01T19:41:08.125+0000] {logging_mixin.py:150} INFO - [2023-09-01T19:41:08.125+0000] {dagbag.py:541} INFO - Filling up the DagBag from /home/airflow/.local/lib/python3.7/site-packages/airflow/example_dags/example_nested_branch_dag.py
[2023-09-01T19:41:08.164+0000] {processor.py:836} INFO - DAG(s) dict_keys(['example_nested_branch_dag']) retrieved from /home/airflow/.local/lib/python3.7/site-packages/airflow/example_dags/example_nested_branch_dag.py
[2023-09-01T19:41:08.224+0000] {logging_mixin.py:150} INFO - [2023-09-01T19:41:08.223+0000] {dag.py:2742} INFO - Sync 1 DAGs
[2023-09-01T19:41:08.274+0000] {logging_mixin.py:150} INFO - [2023-09-01T19:41:08.274+0000] {dag.py:3508} INFO - Setting next_dagrun for example_nested_branch_dag to 2023-08-31T00:00:00+00:00, run_after=2023-09-01T00:00:00+00:00
[2023-09-01T19:41:08.304+0000] {processor.py:179} INFO - Processing /home/airflow/.local/lib/python3.7/site-packages/airflow/example_dags/example_nested_branch_dag.py took 0.190 seconds
[2023-09-01T19:41:38.486+0000] {processor.py:157} INFO - Started process (PID=1115) to work on /home/airflow/.local/lib/python3.7/site-packages/airflow/example_dags/example_nested_branch_dag.py
[2023-09-01T19:41:38.489+0000] {processor.py:826} INFO - Processing file /home/airflow/.local/lib/python3.7/site-packages/airflow/example_dags/example_nested_branch_dag.py for tasks to queue
[2023-09-01T19:41:38.491+0000] {logging_mixin.py:150} INFO - [2023-09-01T19:41:38.490+0000] {dagbag.py:541} INFO - Filling up the DagBag from /home/airflow/.local/lib/python3.7/site-packages/airflow/example_dags/example_nested_branch_dag.py
[2023-09-01T19:41:38.508+0000] {processor.py:836} INFO - DAG(s) dict_keys(['example_nested_branch_dag']) retrieved from /home/airflow/.local/lib/python3.7/site-packages/airflow/example_dags/example_nested_branch_dag.py
[2023-09-01T19:41:38.546+0000] {logging_mixin.py:150} INFO - [2023-09-01T19:41:38.546+0000] {dag.py:2742} INFO - Sync 1 DAGs
[2023-09-01T19:41:38.573+0000] {logging_mixin.py:150} INFO - [2023-09-01T19:41:38.573+0000] {dag.py:3508} INFO - Setting next_dagrun for example_nested_branch_dag to 2023-08-31T00:00:00+00:00, run_after=2023-09-01T00:00:00+00:00
[2023-09-01T19:41:38.592+0000] {processor.py:179} INFO - Processing /home/airflow/.local/lib/python3.7/site-packages/airflow/example_dags/example_nested_branch_dag.py took 0.111 seconds
[2023-09-01T19:42:08.749+0000] {processor.py:157} INFO - Started process (PID=1169) to work on /home/airflow/.local/lib/python3.7/site-packages/airflow/example_dags/example_nested_branch_dag.py
[2023-09-01T19:42:08.750+0000] {processor.py:826} INFO - Processing file /home/airflow/.local/lib/python3.7/site-packages/airflow/example_dags/example_nested_branch_dag.py for tasks to queue
[2023-09-01T19:42:08.751+0000] {logging_mixin.py:150} INFO - [2023-09-01T19:42:08.751+0000] {dagbag.py:541} INFO - Filling up the DagBag from /home/airflow/.local/lib/python3.7/site-packages/airflow/example_dags/example_nested_branch_dag.py
[2023-09-01T19:42:08.762+0000] {processor.py:836} INFO - DAG(s) dict_keys(['example_nested_branch_dag']) retrieved from /home/airflow/.local/lib/python3.7/site-packages/airflow/example_dags/example_nested_branch_dag.py
[2023-09-01T19:42:08.790+0000] {logging_mixin.py:150} INFO - [2023-09-01T19:42:08.790+0000] {dag.py:2742} INFO - Sync 1 DAGs
[2023-09-01T19:42:08.819+0000] {logging_mixin.py:150} INFO - [2023-09-01T19:42:08.818+0000] {dag.py:3508} INFO - Setting next_dagrun for example_nested_branch_dag to 2023-08-31T00:00:00+00:00, run_after=2023-09-01T00:00:00+00:00
[2023-09-01T19:42:08.837+0000] {processor.py:179} INFO - Processing /home/airflow/.local/lib/python3.7/site-packages/airflow/example_dags/example_nested_branch_dag.py took 0.092 seconds
[2023-09-01T19:42:39.422+0000] {processor.py:157} INFO - Started process (PID=1223) to work on /home/airflow/.local/lib/python3.7/site-packages/airflow/example_dags/example_nested_branch_dag.py
[2023-09-01T19:42:39.432+0000] {processor.py:826} INFO - Processing file /home/airflow/.local/lib/python3.7/site-packages/airflow/example_dags/example_nested_branch_dag.py for tasks to queue
[2023-09-01T19:42:39.433+0000] {logging_mixin.py:150} INFO - [2023-09-01T19:42:39.433+0000] {dagbag.py:541} INFO - Filling up the DagBag from /home/airflow/.local/lib/python3.7/site-packages/airflow/example_dags/example_nested_branch_dag.py
[2023-09-01T19:42:39.451+0000] {processor.py:836} INFO - DAG(s) dict_keys(['example_nested_branch_dag']) retrieved from /home/airflow/.local/lib/python3.7/site-packages/airflow/example_dags/example_nested_branch_dag.py
[2023-09-01T19:42:39.485+0000] {logging_mixin.py:150} INFO - [2023-09-01T19:42:39.485+0000] {dag.py:2742} INFO - Sync 1 DAGs
[2023-09-01T19:42:39.516+0000] {logging_mixin.py:150} INFO - [2023-09-01T19:42:39.516+0000] {dag.py:3508} INFO - Setting next_dagrun for example_nested_branch_dag to 2023-08-31T00:00:00+00:00, run_after=2023-09-01T00:00:00+00:00
[2023-09-01T19:42:39.536+0000] {processor.py:179} INFO - Processing /home/airflow/.local/lib/python3.7/site-packages/airflow/example_dags/example_nested_branch_dag.py took 0.122 seconds
[2023-09-01T19:43:10.432+0000] {processor.py:157} INFO - Started process (PID=1278) to work on /home/airflow/.local/lib/python3.7/site-packages/airflow/example_dags/example_nested_branch_dag.py
[2023-09-01T19:43:10.434+0000] {processor.py:826} INFO - Processing file /home/airflow/.local/lib/python3.7/site-packages/airflow/example_dags/example_nested_branch_dag.py for tasks to queue
[2023-09-01T19:43:10.441+0000] {logging_mixin.py:150} INFO - [2023-09-01T19:43:10.440+0000] {dagbag.py:541} INFO - Filling up the DagBag from /home/airflow/.local/lib/python3.7/site-packages/airflow/example_dags/example_nested_branch_dag.py
[2023-09-01T19:43:10.449+0000] {processor.py:836} INFO - DAG(s) dict_keys(['example_nested_branch_dag']) retrieved from /home/airflow/.local/lib/python3.7/site-packages/airflow/example_dags/example_nested_branch_dag.py
[2023-09-01T19:43:10.473+0000] {logging_mixin.py:150} INFO - [2023-09-01T19:43:10.473+0000] {dag.py:2742} INFO - Sync 1 DAGs
[2023-09-01T19:43:10.497+0000] {logging_mixin.py:150} INFO - [2023-09-01T19:43:10.496+0000] {dag.py:3508} INFO - Setting next_dagrun for example_nested_branch_dag to 2023-08-31T00:00:00+00:00, run_after=2023-09-01T00:00:00+00:00
[2023-09-01T19:43:10.513+0000] {processor.py:179} INFO - Processing /home/airflow/.local/lib/python3.7/site-packages/airflow/example_dags/example_nested_branch_dag.py took 0.085 seconds
[2023-09-01T19:43:40.911+0000] {processor.py:157} INFO - Started process (PID=1333) to work on /home/airflow/.local/lib/python3.7/site-packages/airflow/example_dags/example_nested_branch_dag.py
[2023-09-01T19:43:40.915+0000] {processor.py:826} INFO - Processing file /home/airflow/.local/lib/python3.7/site-packages/airflow/example_dags/example_nested_branch_dag.py for tasks to queue
[2023-09-01T19:43:40.918+0000] {logging_mixin.py:150} INFO - [2023-09-01T19:43:40.918+0000] {dagbag.py:541} INFO - Filling up the DagBag from /home/airflow/.local/lib/python3.7/site-packages/airflow/example_dags/example_nested_branch_dag.py
[2023-09-01T19:43:40.927+0000] {processor.py:836} INFO - DAG(s) dict_keys(['example_nested_branch_dag']) retrieved from /home/airflow/.local/lib/python3.7/site-packages/airflow/example_dags/example_nested_branch_dag.py
[2023-09-01T19:43:40.949+0000] {logging_mixin.py:150} INFO - [2023-09-01T19:43:40.949+0000] {dag.py:2742} INFO - Sync 1 DAGs
[2023-09-01T19:43:40.971+0000] {logging_mixin.py:150} INFO - [2023-09-01T19:43:40.971+0000] {dag.py:3508} INFO - Setting next_dagrun for example_nested_branch_dag to 2023-08-31T00:00:00+00:00, run_after=2023-09-01T00:00:00+00:00
[2023-09-01T19:43:40.988+0000] {processor.py:179} INFO - Processing /home/airflow/.local/lib/python3.7/site-packages/airflow/example_dags/example_nested_branch_dag.py took 0.081 seconds
[2023-09-01T19:44:11.501+0000] {processor.py:157} INFO - Started process (PID=1388) to work on /home/airflow/.local/lib/python3.7/site-packages/airflow/example_dags/example_nested_branch_dag.py
[2023-09-01T19:44:11.502+0000] {processor.py:826} INFO - Processing file /home/airflow/.local/lib/python3.7/site-packages/airflow/example_dags/example_nested_branch_dag.py for tasks to queue
[2023-09-01T19:44:11.503+0000] {logging_mixin.py:150} INFO - [2023-09-01T19:44:11.502+0000] {dagbag.py:541} INFO - Filling up the DagBag from /home/airflow/.local/lib/python3.7/site-packages/airflow/example_dags/example_nested_branch_dag.py
[2023-09-01T19:44:11.512+0000] {processor.py:836} INFO - DAG(s) dict_keys(['example_nested_branch_dag']) retrieved from /home/airflow/.local/lib/python3.7/site-packages/airflow/example_dags/example_nested_branch_dag.py
[2023-09-01T19:44:11.535+0000] {logging_mixin.py:150} INFO - [2023-09-01T19:44:11.534+0000] {dag.py:2742} INFO - Sync 1 DAGs
[2023-09-01T19:44:11.557+0000] {logging_mixin.py:150} INFO - [2023-09-01T19:44:11.557+0000] {dag.py:3508} INFO - Setting next_dagrun for example_nested_branch_dag to 2023-08-31T00:00:00+00:00, run_after=2023-09-01T00:00:00+00:00
[2023-09-01T19:44:11.575+0000] {processor.py:179} INFO - Processing /home/airflow/.local/lib/python3.7/site-packages/airflow/example_dags/example_nested_branch_dag.py took 0.077 seconds
[2023-09-01T19:44:42.051+0000] {processor.py:157} INFO - Started process (PID=1443) to work on /home/airflow/.local/lib/python3.7/site-packages/airflow/example_dags/example_nested_branch_dag.py
[2023-09-01T19:44:42.052+0000] {processor.py:826} INFO - Processing file /home/airflow/.local/lib/python3.7/site-packages/airflow/example_dags/example_nested_branch_dag.py for tasks to queue
[2023-09-01T19:44:42.053+0000] {logging_mixin.py:150} INFO - [2023-09-01T19:44:42.053+0000] {dagbag.py:541} INFO - Filling up the DagBag from /home/airflow/.local/lib/python3.7/site-packages/airflow/example_dags/example_nested_branch_dag.py
[2023-09-01T19:44:42.062+0000] {processor.py:836} INFO - DAG(s) dict_keys(['example_nested_branch_dag']) retrieved from /home/airflow/.local/lib/python3.7/site-packages/airflow/example_dags/example_nested_branch_dag.py
[2023-09-01T19:44:42.084+0000] {logging_mixin.py:150} INFO - [2023-09-01T19:44:42.084+0000] {dag.py:2742} INFO - Sync 1 DAGs
[2023-09-01T19:44:42.110+0000] {logging_mixin.py:150} INFO - [2023-09-01T19:44:42.109+0000] {dag.py:3508} INFO - Setting next_dagrun for example_nested_branch_dag to 2023-08-31T00:00:00+00:00, run_after=2023-09-01T00:00:00+00:00
[2023-09-01T19:44:42.129+0000] {processor.py:179} INFO - Processing /home/airflow/.local/lib/python3.7/site-packages/airflow/example_dags/example_nested_branch_dag.py took 0.082 seconds
[2023-09-01T19:45:12.453+0000] {processor.py:157} INFO - Started process (PID=1498) to work on /home/airflow/.local/lib/python3.7/site-packages/airflow/example_dags/example_nested_branch_dag.py
[2023-09-01T19:45:12.454+0000] {processor.py:826} INFO - Processing file /home/airflow/.local/lib/python3.7/site-packages/airflow/example_dags/example_nested_branch_dag.py for tasks to queue
[2023-09-01T19:45:12.455+0000] {logging_mixin.py:150} INFO - [2023-09-01T19:45:12.455+0000] {dagbag.py:541} INFO - Filling up the DagBag from /home/airflow/.local/lib/python3.7/site-packages/airflow/example_dags/example_nested_branch_dag.py
[2023-09-01T19:45:12.466+0000] {processor.py:836} INFO - DAG(s) dict_keys(['example_nested_branch_dag']) retrieved from /home/airflow/.local/lib/python3.7/site-packages/airflow/example_dags/example_nested_branch_dag.py
[2023-09-01T19:45:12.494+0000] {logging_mixin.py:150} INFO - [2023-09-01T19:45:12.493+0000] {dag.py:2742} INFO - Sync 1 DAGs
[2023-09-01T19:45:12.520+0000] {logging_mixin.py:150} INFO - [2023-09-01T19:45:12.519+0000] {dag.py:3508} INFO - Setting next_dagrun for example_nested_branch_dag to 2023-08-31T00:00:00+00:00, run_after=2023-09-01T00:00:00+00:00
[2023-09-01T19:45:12.542+0000] {processor.py:179} INFO - Processing /home/airflow/.local/lib/python3.7/site-packages/airflow/example_dags/example_nested_branch_dag.py took 0.092 seconds
[2023-09-01T19:45:42.721+0000] {processor.py:157} INFO - Started process (PID=1553) to work on /home/airflow/.local/lib/python3.7/site-packages/airflow/example_dags/example_nested_branch_dag.py
[2023-09-01T19:45:42.721+0000] {processor.py:826} INFO - Processing file /home/airflow/.local/lib/python3.7/site-packages/airflow/example_dags/example_nested_branch_dag.py for tasks to queue
[2023-09-01T19:45:42.722+0000] {logging_mixin.py:150} INFO - [2023-09-01T19:45:42.722+0000] {dagbag.py:541} INFO - Filling up the DagBag from /home/airflow/.local/lib/python3.7/site-packages/airflow/example_dags/example_nested_branch_dag.py
[2023-09-01T19:45:42.732+0000] {processor.py:836} INFO - DAG(s) dict_keys(['example_nested_branch_dag']) retrieved from /home/airflow/.local/lib/python3.7/site-packages/airflow/example_dags/example_nested_branch_dag.py
[2023-09-01T19:45:42.761+0000] {logging_mixin.py:150} INFO - [2023-09-01T19:45:42.761+0000] {dag.py:2742} INFO - Sync 1 DAGs
[2023-09-01T19:45:42.785+0000] {logging_mixin.py:150} INFO - [2023-09-01T19:45:42.785+0000] {dag.py:3508} INFO - Setting next_dagrun for example_nested_branch_dag to 2023-08-31T00:00:00+00:00, run_after=2023-09-01T00:00:00+00:00
[2023-09-01T19:45:42.801+0000] {processor.py:179} INFO - Processing /home/airflow/.local/lib/python3.7/site-packages/airflow/example_dags/example_nested_branch_dag.py took 0.085 seconds
[2023-09-01T19:46:13.067+0000] {processor.py:157} INFO - Started process (PID=1608) to work on /home/airflow/.local/lib/python3.7/site-packages/airflow/example_dags/example_nested_branch_dag.py
[2023-09-01T19:46:13.068+0000] {processor.py:826} INFO - Processing file /home/airflow/.local/lib/python3.7/site-packages/airflow/example_dags/example_nested_branch_dag.py for tasks to queue
[2023-09-01T19:46:13.068+0000] {logging_mixin.py:150} INFO - [2023-09-01T19:46:13.068+0000] {dagbag.py:541} INFO - Filling up the DagBag from /home/airflow/.local/lib/python3.7/site-packages/airflow/example_dags/example_nested_branch_dag.py
[2023-09-01T19:46:13.078+0000] {processor.py:836} INFO - DAG(s) dict_keys(['example_nested_branch_dag']) retrieved from /home/airflow/.local/lib/python3.7/site-packages/airflow/example_dags/example_nested_branch_dag.py
[2023-09-01T19:46:13.100+0000] {logging_mixin.py:150} INFO - [2023-09-01T19:46:13.099+0000] {dag.py:2742} INFO - Sync 1 DAGs
[2023-09-01T19:46:13.138+0000] {logging_mixin.py:150} INFO - [2023-09-01T19:46:13.138+0000] {dag.py:3508} INFO - Setting next_dagrun for example_nested_branch_dag to 2023-08-31T00:00:00+00:00, run_after=2023-09-01T00:00:00+00:00
[2023-09-01T19:46:13.155+0000] {processor.py:179} INFO - Processing /home/airflow/.local/lib/python3.7/site-packages/airflow/example_dags/example_nested_branch_dag.py took 0.092 seconds
[2023-09-01T19:46:43.545+0000] {processor.py:157} INFO - Started process (PID=1663) to work on /home/airflow/.local/lib/python3.7/site-packages/airflow/example_dags/example_nested_branch_dag.py
[2023-09-01T19:46:43.547+0000] {processor.py:826} INFO - Processing file /home/airflow/.local/lib/python3.7/site-packages/airflow/example_dags/example_nested_branch_dag.py for tasks to queue
[2023-09-01T19:46:43.549+0000] {logging_mixin.py:150} INFO - [2023-09-01T19:46:43.547+0000] {dagbag.py:541} INFO - Filling up the DagBag from /home/airflow/.local/lib/python3.7/site-packages/airflow/example_dags/example_nested_branch_dag.py
[2023-09-01T19:46:43.561+0000] {processor.py:836} INFO - DAG(s) dict_keys(['example_nested_branch_dag']) retrieved from /home/airflow/.local/lib/python3.7/site-packages/airflow/example_dags/example_nested_branch_dag.py
[2023-09-01T19:46:43.584+0000] {logging_mixin.py:150} INFO - [2023-09-01T19:46:43.584+0000] {dag.py:2742} INFO - Sync 1 DAGs
[2023-09-01T19:46:43.609+0000] {logging_mixin.py:150} INFO - [2023-09-01T19:46:43.609+0000] {dag.py:3508} INFO - Setting next_dagrun for example_nested_branch_dag to 2023-08-31T00:00:00+00:00, run_after=2023-09-01T00:00:00+00:00
[2023-09-01T19:46:43.646+0000] {processor.py:179} INFO - Processing /home/airflow/.local/lib/python3.7/site-packages/airflow/example_dags/example_nested_branch_dag.py took 0.105 seconds
[2023-09-01T19:47:14.226+0000] {processor.py:157} INFO - Started process (PID=1718) to work on /home/airflow/.local/lib/python3.7/site-packages/airflow/example_dags/example_nested_branch_dag.py
[2023-09-01T19:47:14.227+0000] {processor.py:826} INFO - Processing file /home/airflow/.local/lib/python3.7/site-packages/airflow/example_dags/example_nested_branch_dag.py for tasks to queue
[2023-09-01T19:47:14.228+0000] {logging_mixin.py:150} INFO - [2023-09-01T19:47:14.228+0000] {dagbag.py:541} INFO - Filling up the DagBag from /home/airflow/.local/lib/python3.7/site-packages/airflow/example_dags/example_nested_branch_dag.py
[2023-09-01T19:47:14.238+0000] {processor.py:836} INFO - DAG(s) dict_keys(['example_nested_branch_dag']) retrieved from /home/airflow/.local/lib/python3.7/site-packages/airflow/example_dags/example_nested_branch_dag.py
[2023-09-01T19:47:14.260+0000] {logging_mixin.py:150} INFO - [2023-09-01T19:47:14.260+0000] {dag.py:2742} INFO - Sync 1 DAGs
[2023-09-01T19:47:14.284+0000] {logging_mixin.py:150} INFO - [2023-09-01T19:47:14.284+0000] {dag.py:3508} INFO - Setting next_dagrun for example_nested_branch_dag to 2023-08-31T00:00:00+00:00, run_after=2023-09-01T00:00:00+00:00
[2023-09-01T19:47:14.299+0000] {processor.py:179} INFO - Processing /home/airflow/.local/lib/python3.7/site-packages/airflow/example_dags/example_nested_branch_dag.py took 0.077 seconds
[2023-09-01T19:47:44.730+0000] {processor.py:157} INFO - Started process (PID=1773) to work on /home/airflow/.local/lib/python3.7/site-packages/airflow/example_dags/example_nested_branch_dag.py
[2023-09-01T19:47:44.731+0000] {processor.py:826} INFO - Processing file /home/airflow/.local/lib/python3.7/site-packages/airflow/example_dags/example_nested_branch_dag.py for tasks to queue
[2023-09-01T19:47:44.732+0000] {logging_mixin.py:150} INFO - [2023-09-01T19:47:44.732+0000] {dagbag.py:541} INFO - Filling up the DagBag from /home/airflow/.local/lib/python3.7/site-packages/airflow/example_dags/example_nested_branch_dag.py
[2023-09-01T19:47:44.743+0000] {processor.py:836} INFO - DAG(s) dict_keys(['example_nested_branch_dag']) retrieved from /home/airflow/.local/lib/python3.7/site-packages/airflow/example_dags/example_nested_branch_dag.py
[2023-09-01T19:47:44.768+0000] {logging_mixin.py:150} INFO - [2023-09-01T19:47:44.768+0000] {dag.py:2742} INFO - Sync 1 DAGs
[2023-09-01T19:47:44.792+0000] {logging_mixin.py:150} INFO - [2023-09-01T19:47:44.792+0000] {dag.py:3508} INFO - Setting next_dagrun for example_nested_branch_dag to 2023-08-31T00:00:00+00:00, run_after=2023-09-01T00:00:00+00:00
[2023-09-01T19:47:44.809+0000] {processor.py:179} INFO - Processing /home/airflow/.local/lib/python3.7/site-packages/airflow/example_dags/example_nested_branch_dag.py took 0.083 seconds
[2023-09-01T19:48:15.174+0000] {processor.py:157} INFO - Started process (PID=1828) to work on /home/airflow/.local/lib/python3.7/site-packages/airflow/example_dags/example_nested_branch_dag.py
[2023-09-01T19:48:15.175+0000] {processor.py:826} INFO - Processing file /home/airflow/.local/lib/python3.7/site-packages/airflow/example_dags/example_nested_branch_dag.py for tasks to queue
[2023-09-01T19:48:15.176+0000] {logging_mixin.py:150} INFO - [2023-09-01T19:48:15.176+0000] {dagbag.py:541} INFO - Filling up the DagBag from /home/airflow/.local/lib/python3.7/site-packages/airflow/example_dags/example_nested_branch_dag.py
[2023-09-01T19:48:15.185+0000] {processor.py:836} INFO - DAG(s) dict_keys(['example_nested_branch_dag']) retrieved from /home/airflow/.local/lib/python3.7/site-packages/airflow/example_dags/example_nested_branch_dag.py
[2023-09-01T19:48:15.211+0000] {logging_mixin.py:150} INFO - [2023-09-01T19:48:15.211+0000] {dag.py:2742} INFO - Sync 1 DAGs
[2023-09-01T19:48:15.233+0000] {logging_mixin.py:150} INFO - [2023-09-01T19:48:15.232+0000] {dag.py:3508} INFO - Setting next_dagrun for example_nested_branch_dag to 2023-08-31T00:00:00+00:00, run_after=2023-09-01T00:00:00+00:00
[2023-09-01T19:48:15.253+0000] {processor.py:179} INFO - Processing /home/airflow/.local/lib/python3.7/site-packages/airflow/example_dags/example_nested_branch_dag.py took 0.083 seconds
[2023-09-01T19:48:45.948+0000] {processor.py:157} INFO - Started process (PID=1882) to work on /home/airflow/.local/lib/python3.7/site-packages/airflow/example_dags/example_nested_branch_dag.py
[2023-09-01T19:48:45.949+0000] {processor.py:826} INFO - Processing file /home/airflow/.local/lib/python3.7/site-packages/airflow/example_dags/example_nested_branch_dag.py for tasks to queue
[2023-09-01T19:48:45.950+0000] {logging_mixin.py:150} INFO - [2023-09-01T19:48:45.949+0000] {dagbag.py:541} INFO - Filling up the DagBag from /home/airflow/.local/lib/python3.7/site-packages/airflow/example_dags/example_nested_branch_dag.py
[2023-09-01T19:48:45.958+0000] {processor.py:836} INFO - DAG(s) dict_keys(['example_nested_branch_dag']) retrieved from /home/airflow/.local/lib/python3.7/site-packages/airflow/example_dags/example_nested_branch_dag.py
[2023-09-01T19:48:45.981+0000] {logging_mixin.py:150} INFO - [2023-09-01T19:48:45.981+0000] {dag.py:2742} INFO - Sync 1 DAGs
[2023-09-01T19:48:46.010+0000] {logging_mixin.py:150} INFO - [2023-09-01T19:48:46.009+0000] {dag.py:3508} INFO - Setting next_dagrun for example_nested_branch_dag to 2023-08-31T00:00:00+00:00, run_after=2023-09-01T00:00:00+00:00
[2023-09-01T19:48:46.026+0000] {processor.py:179} INFO - Processing /home/airflow/.local/lib/python3.7/site-packages/airflow/example_dags/example_nested_branch_dag.py took 0.083 seconds
[2023-09-01T19:49:16.675+0000] {processor.py:157} INFO - Started process (PID=1937) to work on /home/airflow/.local/lib/python3.7/site-packages/airflow/example_dags/example_nested_branch_dag.py
[2023-09-01T19:49:16.675+0000] {processor.py:826} INFO - Processing file /home/airflow/.local/lib/python3.7/site-packages/airflow/example_dags/example_nested_branch_dag.py for tasks to queue
[2023-09-01T19:49:16.676+0000] {logging_mixin.py:150} INFO - [2023-09-01T19:49:16.676+0000] {dagbag.py:541} INFO - Filling up the DagBag from /home/airflow/.local/lib/python3.7/site-packages/airflow/example_dags/example_nested_branch_dag.py
[2023-09-01T19:49:16.685+0000] {processor.py:836} INFO - DAG(s) dict_keys(['example_nested_branch_dag']) retrieved from /home/airflow/.local/lib/python3.7/site-packages/airflow/example_dags/example_nested_branch_dag.py
[2023-09-01T19:49:16.708+0000] {logging_mixin.py:150} INFO - [2023-09-01T19:49:16.708+0000] {dag.py:2742} INFO - Sync 1 DAGs
[2023-09-01T19:49:16.734+0000] {logging_mixin.py:150} INFO - [2023-09-01T19:49:16.734+0000] {dag.py:3508} INFO - Setting next_dagrun for example_nested_branch_dag to 2023-08-31T00:00:00+00:00, run_after=2023-09-01T00:00:00+00:00
[2023-09-01T19:49:16.752+0000] {processor.py:179} INFO - Processing /home/airflow/.local/lib/python3.7/site-packages/airflow/example_dags/example_nested_branch_dag.py took 0.082 seconds
[2023-09-01T19:49:47.419+0000] {processor.py:157} INFO - Started process (PID=1992) to work on /home/airflow/.local/lib/python3.7/site-packages/airflow/example_dags/example_nested_branch_dag.py
[2023-09-01T19:49:47.420+0000] {processor.py:826} INFO - Processing file /home/airflow/.local/lib/python3.7/site-packages/airflow/example_dags/example_nested_branch_dag.py for tasks to queue
[2023-09-01T19:49:47.422+0000] {logging_mixin.py:150} INFO - [2023-09-01T19:49:47.421+0000] {dagbag.py:541} INFO - Filling up the DagBag from /home/airflow/.local/lib/python3.7/site-packages/airflow/example_dags/example_nested_branch_dag.py
[2023-09-01T19:49:47.435+0000] {processor.py:836} INFO - DAG(s) dict_keys(['example_nested_branch_dag']) retrieved from /home/airflow/.local/lib/python3.7/site-packages/airflow/example_dags/example_nested_branch_dag.py
[2023-09-01T19:49:47.456+0000] {logging_mixin.py:150} INFO - [2023-09-01T19:49:47.456+0000] {dag.py:2742} INFO - Sync 1 DAGs
[2023-09-01T19:49:47.484+0000] {logging_mixin.py:150} INFO - [2023-09-01T19:49:47.484+0000] {dag.py:3508} INFO - Setting next_dagrun for example_nested_branch_dag to 2023-08-31T00:00:00+00:00, run_after=2023-09-01T00:00:00+00:00
[2023-09-01T19:49:47.502+0000] {processor.py:179} INFO - Processing /home/airflow/.local/lib/python3.7/site-packages/airflow/example_dags/example_nested_branch_dag.py took 0.086 seconds
[2023-09-01T19:50:18.095+0000] {processor.py:157} INFO - Started process (PID=2047) to work on /home/airflow/.local/lib/python3.7/site-packages/airflow/example_dags/example_nested_branch_dag.py
[2023-09-01T19:50:18.096+0000] {processor.py:826} INFO - Processing file /home/airflow/.local/lib/python3.7/site-packages/airflow/example_dags/example_nested_branch_dag.py for tasks to queue
[2023-09-01T19:50:18.097+0000] {logging_mixin.py:150} INFO - [2023-09-01T19:50:18.097+0000] {dagbag.py:541} INFO - Filling up the DagBag from /home/airflow/.local/lib/python3.7/site-packages/airflow/example_dags/example_nested_branch_dag.py
[2023-09-01T19:50:18.105+0000] {processor.py:836} INFO - DAG(s) dict_keys(['example_nested_branch_dag']) retrieved from /home/airflow/.local/lib/python3.7/site-packages/airflow/example_dags/example_nested_branch_dag.py
[2023-09-01T19:50:18.143+0000] {logging_mixin.py:150} INFO - [2023-09-01T19:50:18.142+0000] {dag.py:2742} INFO - Sync 1 DAGs
[2023-09-01T19:50:18.182+0000] {logging_mixin.py:150} INFO - [2023-09-01T19:50:18.182+0000] {dag.py:3508} INFO - Setting next_dagrun for example_nested_branch_dag to 2023-08-31T00:00:00+00:00, run_after=2023-09-01T00:00:00+00:00
[2023-09-01T19:50:18.197+0000] {processor.py:179} INFO - Processing /home/airflow/.local/lib/python3.7/site-packages/airflow/example_dags/example_nested_branch_dag.py took 0.105 seconds
[2023-09-01T19:50:48.914+0000] {processor.py:157} INFO - Started process (PID=2102) to work on /home/airflow/.local/lib/python3.7/site-packages/airflow/example_dags/example_nested_branch_dag.py
[2023-09-01T19:50:48.915+0000] {processor.py:826} INFO - Processing file /home/airflow/.local/lib/python3.7/site-packages/airflow/example_dags/example_nested_branch_dag.py for tasks to queue
[2023-09-01T19:50:48.916+0000] {logging_mixin.py:150} INFO - [2023-09-01T19:50:48.915+0000] {dagbag.py:541} INFO - Filling up the DagBag from /home/airflow/.local/lib/python3.7/site-packages/airflow/example_dags/example_nested_branch_dag.py
[2023-09-01T19:50:48.926+0000] {processor.py:836} INFO - DAG(s) dict_keys(['example_nested_branch_dag']) retrieved from /home/airflow/.local/lib/python3.7/site-packages/airflow/example_dags/example_nested_branch_dag.py
[2023-09-01T19:50:48.987+0000] {logging_mixin.py:150} INFO - [2023-09-01T19:50:48.987+0000] {dag.py:2742} INFO - Sync 1 DAGs
[2023-09-01T19:50:49.022+0000] {logging_mixin.py:150} INFO - [2023-09-01T19:50:49.022+0000] {dag.py:3508} INFO - Setting next_dagrun for example_nested_branch_dag to 2023-08-31T00:00:00+00:00, run_after=2023-09-01T00:00:00+00:00
[2023-09-01T19:50:49.044+0000] {processor.py:179} INFO - Processing /home/airflow/.local/lib/python3.7/site-packages/airflow/example_dags/example_nested_branch_dag.py took 0.134 seconds
[2023-09-01T19:51:19.596+0000] {processor.py:157} INFO - Started process (PID=2156) to work on /home/airflow/.local/lib/python3.7/site-packages/airflow/example_dags/example_nested_branch_dag.py
[2023-09-01T19:51:19.597+0000] {processor.py:826} INFO - Processing file /home/airflow/.local/lib/python3.7/site-packages/airflow/example_dags/example_nested_branch_dag.py for tasks to queue
[2023-09-01T19:51:19.598+0000] {logging_mixin.py:150} INFO - [2023-09-01T19:51:19.598+0000] {dagbag.py:541} INFO - Filling up the DagBag from /home/airflow/.local/lib/python3.7/site-packages/airflow/example_dags/example_nested_branch_dag.py
[2023-09-01T19:51:19.607+0000] {processor.py:836} INFO - DAG(s) dict_keys(['example_nested_branch_dag']) retrieved from /home/airflow/.local/lib/python3.7/site-packages/airflow/example_dags/example_nested_branch_dag.py
[2023-09-01T19:51:19.630+0000] {logging_mixin.py:150} INFO - [2023-09-01T19:51:19.630+0000] {dag.py:2742} INFO - Sync 1 DAGs
[2023-09-01T19:51:19.656+0000] {logging_mixin.py:150} INFO - [2023-09-01T19:51:19.656+0000] {dag.py:3508} INFO - Setting next_dagrun for example_nested_branch_dag to 2023-08-31T00:00:00+00:00, run_after=2023-09-01T00:00:00+00:00
[2023-09-01T19:51:19.672+0000] {processor.py:179} INFO - Processing /home/airflow/.local/lib/python3.7/site-packages/airflow/example_dags/example_nested_branch_dag.py took 0.079 seconds
[2023-09-01T19:51:49.984+0000] {processor.py:157} INFO - Started process (PID=2211) to work on /home/airflow/.local/lib/python3.7/site-packages/airflow/example_dags/example_nested_branch_dag.py
[2023-09-01T19:51:49.985+0000] {processor.py:826} INFO - Processing file /home/airflow/.local/lib/python3.7/site-packages/airflow/example_dags/example_nested_branch_dag.py for tasks to queue
[2023-09-01T19:51:49.986+0000] {logging_mixin.py:150} INFO - [2023-09-01T19:51:49.985+0000] {dagbag.py:541} INFO - Filling up the DagBag from /home/airflow/.local/lib/python3.7/site-packages/airflow/example_dags/example_nested_branch_dag.py
[2023-09-01T19:51:50.018+0000] {processor.py:836} INFO - DAG(s) dict_keys(['example_nested_branch_dag']) retrieved from /home/airflow/.local/lib/python3.7/site-packages/airflow/example_dags/example_nested_branch_dag.py
[2023-09-01T19:51:50.056+0000] {logging_mixin.py:150} INFO - [2023-09-01T19:51:50.055+0000] {dag.py:2742} INFO - Sync 1 DAGs
[2023-09-01T19:51:50.092+0000] {logging_mixin.py:150} INFO - [2023-09-01T19:51:50.091+0000] {dag.py:3508} INFO - Setting next_dagrun for example_nested_branch_dag to 2023-08-31T00:00:00+00:00, run_after=2023-09-01T00:00:00+00:00
[2023-09-01T19:51:50.120+0000] {processor.py:179} INFO - Processing /home/airflow/.local/lib/python3.7/site-packages/airflow/example_dags/example_nested_branch_dag.py took 0.149 seconds
[2023-09-01T19:52:20.570+0000] {processor.py:157} INFO - Started process (PID=2265) to work on /home/airflow/.local/lib/python3.7/site-packages/airflow/example_dags/example_nested_branch_dag.py
[2023-09-01T19:52:20.577+0000] {processor.py:826} INFO - Processing file /home/airflow/.local/lib/python3.7/site-packages/airflow/example_dags/example_nested_branch_dag.py for tasks to queue
[2023-09-01T19:52:20.578+0000] {logging_mixin.py:150} INFO - [2023-09-01T19:52:20.577+0000] {dagbag.py:541} INFO - Filling up the DagBag from /home/airflow/.local/lib/python3.7/site-packages/airflow/example_dags/example_nested_branch_dag.py
[2023-09-01T19:52:20.639+0000] {processor.py:836} INFO - DAG(s) dict_keys(['example_nested_branch_dag']) retrieved from /home/airflow/.local/lib/python3.7/site-packages/airflow/example_dags/example_nested_branch_dag.py
[2023-09-01T19:52:20.706+0000] {logging_mixin.py:150} INFO - [2023-09-01T19:52:20.706+0000] {dag.py:2742} INFO - Sync 1 DAGs
[2023-09-01T19:52:20.758+0000] {logging_mixin.py:150} INFO - [2023-09-01T19:52:20.757+0000] {dag.py:3508} INFO - Setting next_dagrun for example_nested_branch_dag to 2023-08-31T00:00:00+00:00, run_after=2023-09-01T00:00:00+00:00
[2023-09-01T19:52:20.812+0000] {processor.py:179} INFO - Processing /home/airflow/.local/lib/python3.7/site-packages/airflow/example_dags/example_nested_branch_dag.py took 0.254 seconds
[2023-09-01T19:52:51.594+0000] {processor.py:157} INFO - Started process (PID=2320) to work on /home/airflow/.local/lib/python3.7/site-packages/airflow/example_dags/example_nested_branch_dag.py
[2023-09-01T19:52:51.595+0000] {processor.py:826} INFO - Processing file /home/airflow/.local/lib/python3.7/site-packages/airflow/example_dags/example_nested_branch_dag.py for tasks to queue
[2023-09-01T19:52:51.596+0000] {logging_mixin.py:150} INFO - [2023-09-01T19:52:51.596+0000] {dagbag.py:541} INFO - Filling up the DagBag from /home/airflow/.local/lib/python3.7/site-packages/airflow/example_dags/example_nested_branch_dag.py
[2023-09-01T19:52:51.605+0000] {processor.py:836} INFO - DAG(s) dict_keys(['example_nested_branch_dag']) retrieved from /home/airflow/.local/lib/python3.7/site-packages/airflow/example_dags/example_nested_branch_dag.py
[2023-09-01T19:52:51.636+0000] {logging_mixin.py:150} INFO - [2023-09-01T19:52:51.636+0000] {dag.py:2742} INFO - Sync 1 DAGs
[2023-09-01T19:52:51.659+0000] {logging_mixin.py:150} INFO - [2023-09-01T19:52:51.659+0000] {dag.py:3508} INFO - Setting next_dagrun for example_nested_branch_dag to 2023-08-31T00:00:00+00:00, run_after=2023-09-01T00:00:00+00:00
[2023-09-01T19:52:51.685+0000] {processor.py:179} INFO - Processing /home/airflow/.local/lib/python3.7/site-packages/airflow/example_dags/example_nested_branch_dag.py took 0.094 seconds
[2023-09-01T19:53:22.041+0000] {processor.py:157} INFO - Started process (PID=2375) to work on /home/airflow/.local/lib/python3.7/site-packages/airflow/example_dags/example_nested_branch_dag.py
[2023-09-01T19:53:22.042+0000] {processor.py:826} INFO - Processing file /home/airflow/.local/lib/python3.7/site-packages/airflow/example_dags/example_nested_branch_dag.py for tasks to queue
[2023-09-01T19:53:22.043+0000] {logging_mixin.py:150} INFO - [2023-09-01T19:53:22.043+0000] {dagbag.py:541} INFO - Filling up the DagBag from /home/airflow/.local/lib/python3.7/site-packages/airflow/example_dags/example_nested_branch_dag.py
[2023-09-01T19:53:22.054+0000] {processor.py:836} INFO - DAG(s) dict_keys(['example_nested_branch_dag']) retrieved from /home/airflow/.local/lib/python3.7/site-packages/airflow/example_dags/example_nested_branch_dag.py
[2023-09-01T19:53:22.085+0000] {logging_mixin.py:150} INFO - [2023-09-01T19:53:22.084+0000] {dag.py:2742} INFO - Sync 1 DAGs
[2023-09-01T19:53:22.130+0000] {logging_mixin.py:150} INFO - [2023-09-01T19:53:22.130+0000] {dag.py:3508} INFO - Setting next_dagrun for example_nested_branch_dag to 2023-08-31T00:00:00+00:00, run_after=2023-09-01T00:00:00+00:00
[2023-09-01T19:53:22.165+0000] {processor.py:179} INFO - Processing /home/airflow/.local/lib/python3.7/site-packages/airflow/example_dags/example_nested_branch_dag.py took 0.130 seconds
[2023-09-01T19:53:52.701+0000] {processor.py:157} INFO - Started process (PID=2430) to work on /home/airflow/.local/lib/python3.7/site-packages/airflow/example_dags/example_nested_branch_dag.py
[2023-09-01T19:53:52.702+0000] {processor.py:826} INFO - Processing file /home/airflow/.local/lib/python3.7/site-packages/airflow/example_dags/example_nested_branch_dag.py for tasks to queue
[2023-09-01T19:53:52.703+0000] {logging_mixin.py:150} INFO - [2023-09-01T19:53:52.703+0000] {dagbag.py:541} INFO - Filling up the DagBag from /home/airflow/.local/lib/python3.7/site-packages/airflow/example_dags/example_nested_branch_dag.py
[2023-09-01T19:53:52.715+0000] {processor.py:836} INFO - DAG(s) dict_keys(['example_nested_branch_dag']) retrieved from /home/airflow/.local/lib/python3.7/site-packages/airflow/example_dags/example_nested_branch_dag.py
[2023-09-01T19:53:52.742+0000] {logging_mixin.py:150} INFO - [2023-09-01T19:53:52.742+0000] {dag.py:2742} INFO - Sync 1 DAGs
[2023-09-01T19:53:52.772+0000] {logging_mixin.py:150} INFO - [2023-09-01T19:53:52.772+0000] {dag.py:3508} INFO - Setting next_dagrun for example_nested_branch_dag to 2023-08-31T00:00:00+00:00, run_after=2023-09-01T00:00:00+00:00
[2023-09-01T19:53:52.799+0000] {processor.py:179} INFO - Processing /home/airflow/.local/lib/python3.7/site-packages/airflow/example_dags/example_nested_branch_dag.py took 0.103 seconds
[2023-09-01T19:54:22.887+0000] {processor.py:157} INFO - Started process (PID=2485) to work on /home/airflow/.local/lib/python3.7/site-packages/airflow/example_dags/example_nested_branch_dag.py
[2023-09-01T19:54:22.888+0000] {processor.py:826} INFO - Processing file /home/airflow/.local/lib/python3.7/site-packages/airflow/example_dags/example_nested_branch_dag.py for tasks to queue
[2023-09-01T19:54:22.889+0000] {logging_mixin.py:150} INFO - [2023-09-01T19:54:22.888+0000] {dagbag.py:541} INFO - Filling up the DagBag from /home/airflow/.local/lib/python3.7/site-packages/airflow/example_dags/example_nested_branch_dag.py
[2023-09-01T19:54:22.901+0000] {processor.py:836} INFO - DAG(s) dict_keys(['example_nested_branch_dag']) retrieved from /home/airflow/.local/lib/python3.7/site-packages/airflow/example_dags/example_nested_branch_dag.py
[2023-09-01T19:54:22.927+0000] {logging_mixin.py:150} INFO - [2023-09-01T19:54:22.927+0000] {dag.py:2742} INFO - Sync 1 DAGs
[2023-09-01T19:54:22.962+0000] {logging_mixin.py:150} INFO - [2023-09-01T19:54:22.961+0000] {dag.py:3508} INFO - Setting next_dagrun for example_nested_branch_dag to 2023-08-31T00:00:00+00:00, run_after=2023-09-01T00:00:00+00:00
[2023-09-01T19:54:22.981+0000] {processor.py:179} INFO - Processing /home/airflow/.local/lib/python3.7/site-packages/airflow/example_dags/example_nested_branch_dag.py took 0.097 seconds
[2023-09-01T19:54:53.010+0000] {processor.py:157} INFO - Started process (PID=2539) to work on /home/airflow/.local/lib/python3.7/site-packages/airflow/example_dags/example_nested_branch_dag.py
[2023-09-01T19:54:53.011+0000] {processor.py:826} INFO - Processing file /home/airflow/.local/lib/python3.7/site-packages/airflow/example_dags/example_nested_branch_dag.py for tasks to queue
[2023-09-01T19:54:53.012+0000] {logging_mixin.py:150} INFO - [2023-09-01T19:54:53.012+0000] {dagbag.py:541} INFO - Filling up the DagBag from /home/airflow/.local/lib/python3.7/site-packages/airflow/example_dags/example_nested_branch_dag.py
[2023-09-01T19:54:53.031+0000] {processor.py:836} INFO - DAG(s) dict_keys(['example_nested_branch_dag']) retrieved from /home/airflow/.local/lib/python3.7/site-packages/airflow/example_dags/example_nested_branch_dag.py
[2023-09-01T19:54:53.081+0000] {logging_mixin.py:150} INFO - [2023-09-01T19:54:53.077+0000] {dag.py:2742} INFO - Sync 1 DAGs
[2023-09-01T19:54:53.144+0000] {logging_mixin.py:150} INFO - [2023-09-01T19:54:53.144+0000] {dag.py:3508} INFO - Setting next_dagrun for example_nested_branch_dag to 2023-08-31T00:00:00+00:00, run_after=2023-09-01T00:00:00+00:00
[2023-09-01T19:54:53.235+0000] {processor.py:179} INFO - Processing /home/airflow/.local/lib/python3.7/site-packages/airflow/example_dags/example_nested_branch_dag.py took 0.229 seconds
