[2023-09-01T19:31:52.482+0000] {processor.py:157} INFO - Started process (PID=48) to work on /home/airflow/.local/lib/python3.7/site-packages/airflow/example_dags/example_sensors.py
[2023-09-01T19:31:52.491+0000] {processor.py:826} INFO - Processing file /home/airflow/.local/lib/python3.7/site-packages/airflow/example_dags/example_sensors.py for tasks to queue
[2023-09-01T19:31:52.492+0000] {logging_mixin.py:150} INFO - [2023-09-01T19:31:52.492+0000] {dagbag.py:541} INFO - Filling up the DagBag from /home/airflow/.local/lib/python3.7/site-packages/airflow/example_dags/example_sensors.py
[2023-09-01T19:31:52.507+0000] {processor.py:836} INFO - DAG(s) dict_keys(['example_sensors']) retrieved from /home/airflow/.local/lib/python3.7/site-packages/airflow/example_dags/example_sensors.py
[2023-09-01T19:31:52.885+0000] {logging_mixin.py:150} INFO - [2023-09-01T19:31:52.884+0000] {dag.py:2742} INFO - Sync 1 DAGs
[2023-09-01T19:31:52.960+0000] {logging_mixin.py:150} INFO - [2023-09-01T19:31:52.959+0000] {dag.py:3508} INFO - Setting next_dagrun for example_sensors to None, run_after=None
[2023-09-01T19:31:53.015+0000] {processor.py:179} INFO - Processing /home/airflow/.local/lib/python3.7/site-packages/airflow/example_dags/example_sensors.py took 0.537 seconds
[2023-09-01T19:32:23.253+0000] {processor.py:157} INFO - Started process (PID=104) to work on /home/airflow/.local/lib/python3.7/site-packages/airflow/example_dags/example_sensors.py
[2023-09-01T19:32:23.255+0000] {processor.py:826} INFO - Processing file /home/airflow/.local/lib/python3.7/site-packages/airflow/example_dags/example_sensors.py for tasks to queue
[2023-09-01T19:32:23.256+0000] {logging_mixin.py:150} INFO - [2023-09-01T19:32:23.255+0000] {dagbag.py:541} INFO - Filling up the DagBag from /home/airflow/.local/lib/python3.7/site-packages/airflow/example_dags/example_sensors.py
[2023-09-01T19:32:23.277+0000] {processor.py:836} INFO - DAG(s) dict_keys(['example_sensors']) retrieved from /home/airflow/.local/lib/python3.7/site-packages/airflow/example_dags/example_sensors.py
[2023-09-01T19:32:23.309+0000] {logging_mixin.py:150} INFO - [2023-09-01T19:32:23.309+0000] {dag.py:2742} INFO - Sync 1 DAGs
[2023-09-01T19:32:23.335+0000] {logging_mixin.py:150} INFO - [2023-09-01T19:32:23.335+0000] {dag.py:3508} INFO - Setting next_dagrun for example_sensors to None, run_after=None
[2023-09-01T19:32:23.349+0000] {processor.py:179} INFO - Processing /home/airflow/.local/lib/python3.7/site-packages/airflow/example_dags/example_sensors.py took 0.099 seconds
[2023-09-01T19:32:54.272+0000] {processor.py:157} INFO - Started process (PID=159) to work on /home/airflow/.local/lib/python3.7/site-packages/airflow/example_dags/example_sensors.py
[2023-09-01T19:32:54.273+0000] {processor.py:826} INFO - Processing file /home/airflow/.local/lib/python3.7/site-packages/airflow/example_dags/example_sensors.py for tasks to queue
[2023-09-01T19:32:54.274+0000] {logging_mixin.py:150} INFO - [2023-09-01T19:32:54.274+0000] {dagbag.py:541} INFO - Filling up the DagBag from /home/airflow/.local/lib/python3.7/site-packages/airflow/example_dags/example_sensors.py
[2023-09-01T19:32:54.282+0000] {processor.py:836} INFO - DAG(s) dict_keys(['example_sensors']) retrieved from /home/airflow/.local/lib/python3.7/site-packages/airflow/example_dags/example_sensors.py
[2023-09-01T19:32:54.306+0000] {logging_mixin.py:150} INFO - [2023-09-01T19:32:54.306+0000] {dag.py:2742} INFO - Sync 1 DAGs
[2023-09-01T19:32:54.329+0000] {logging_mixin.py:150} INFO - [2023-09-01T19:32:54.329+0000] {dag.py:3508} INFO - Setting next_dagrun for example_sensors to None, run_after=None
[2023-09-01T19:32:54.344+0000] {processor.py:179} INFO - Processing /home/airflow/.local/lib/python3.7/site-packages/airflow/example_dags/example_sensors.py took 0.074 seconds
[2023-09-01T19:33:24.585+0000] {processor.py:157} INFO - Started process (PID=214) to work on /home/airflow/.local/lib/python3.7/site-packages/airflow/example_dags/example_sensors.py
[2023-09-01T19:33:24.586+0000] {processor.py:826} INFO - Processing file /home/airflow/.local/lib/python3.7/site-packages/airflow/example_dags/example_sensors.py for tasks to queue
[2023-09-01T19:33:24.586+0000] {logging_mixin.py:150} INFO - [2023-09-01T19:33:24.586+0000] {dagbag.py:541} INFO - Filling up the DagBag from /home/airflow/.local/lib/python3.7/site-packages/airflow/example_dags/example_sensors.py
[2023-09-01T19:33:24.594+0000] {processor.py:836} INFO - DAG(s) dict_keys(['example_sensors']) retrieved from /home/airflow/.local/lib/python3.7/site-packages/airflow/example_dags/example_sensors.py
[2023-09-01T19:33:24.617+0000] {logging_mixin.py:150} INFO - [2023-09-01T19:33:24.617+0000] {dag.py:2742} INFO - Sync 1 DAGs
[2023-09-01T19:33:24.638+0000] {logging_mixin.py:150} INFO - [2023-09-01T19:33:24.638+0000] {dag.py:3508} INFO - Setting next_dagrun for example_sensors to None, run_after=None
[2023-09-01T19:33:24.654+0000] {processor.py:179} INFO - Processing /home/airflow/.local/lib/python3.7/site-packages/airflow/example_dags/example_sensors.py took 0.072 seconds
[2023-09-01T19:33:54.924+0000] {processor.py:157} INFO - Started process (PID=269) to work on /home/airflow/.local/lib/python3.7/site-packages/airflow/example_dags/example_sensors.py
[2023-09-01T19:33:54.925+0000] {processor.py:826} INFO - Processing file /home/airflow/.local/lib/python3.7/site-packages/airflow/example_dags/example_sensors.py for tasks to queue
[2023-09-01T19:33:54.925+0000] {logging_mixin.py:150} INFO - [2023-09-01T19:33:54.925+0000] {dagbag.py:541} INFO - Filling up the DagBag from /home/airflow/.local/lib/python3.7/site-packages/airflow/example_dags/example_sensors.py
[2023-09-01T19:33:54.934+0000] {processor.py:836} INFO - DAG(s) dict_keys(['example_sensors']) retrieved from /home/airflow/.local/lib/python3.7/site-packages/airflow/example_dags/example_sensors.py
[2023-09-01T19:33:54.958+0000] {logging_mixin.py:150} INFO - [2023-09-01T19:33:54.957+0000] {dag.py:2742} INFO - Sync 1 DAGs
[2023-09-01T19:33:54.978+0000] {logging_mixin.py:150} INFO - [2023-09-01T19:33:54.978+0000] {dag.py:3508} INFO - Setting next_dagrun for example_sensors to None, run_after=None
[2023-09-01T19:33:54.994+0000] {processor.py:179} INFO - Processing /home/airflow/.local/lib/python3.7/site-packages/airflow/example_dags/example_sensors.py took 0.073 seconds
[2023-09-01T19:34:25.396+0000] {processor.py:157} INFO - Started process (PID=324) to work on /home/airflow/.local/lib/python3.7/site-packages/airflow/example_dags/example_sensors.py
[2023-09-01T19:34:25.397+0000] {processor.py:826} INFO - Processing file /home/airflow/.local/lib/python3.7/site-packages/airflow/example_dags/example_sensors.py for tasks to queue
[2023-09-01T19:34:25.398+0000] {logging_mixin.py:150} INFO - [2023-09-01T19:34:25.398+0000] {dagbag.py:541} INFO - Filling up the DagBag from /home/airflow/.local/lib/python3.7/site-packages/airflow/example_dags/example_sensors.py
[2023-09-01T19:34:25.407+0000] {processor.py:836} INFO - DAG(s) dict_keys(['example_sensors']) retrieved from /home/airflow/.local/lib/python3.7/site-packages/airflow/example_dags/example_sensors.py
[2023-09-01T19:34:25.430+0000] {logging_mixin.py:150} INFO - [2023-09-01T19:34:25.430+0000] {dag.py:2742} INFO - Sync 1 DAGs
[2023-09-01T19:34:25.454+0000] {logging_mixin.py:150} INFO - [2023-09-01T19:34:25.454+0000] {dag.py:3508} INFO - Setting next_dagrun for example_sensors to None, run_after=None
[2023-09-01T19:34:25.471+0000] {processor.py:179} INFO - Processing /home/airflow/.local/lib/python3.7/site-packages/airflow/example_dags/example_sensors.py took 0.077 seconds
[2023-09-01T19:34:55.622+0000] {processor.py:157} INFO - Started process (PID=379) to work on /home/airflow/.local/lib/python3.7/site-packages/airflow/example_dags/example_sensors.py
[2023-09-01T19:34:55.623+0000] {processor.py:826} INFO - Processing file /home/airflow/.local/lib/python3.7/site-packages/airflow/example_dags/example_sensors.py for tasks to queue
[2023-09-01T19:34:55.624+0000] {logging_mixin.py:150} INFO - [2023-09-01T19:34:55.624+0000] {dagbag.py:541} INFO - Filling up the DagBag from /home/airflow/.local/lib/python3.7/site-packages/airflow/example_dags/example_sensors.py
[2023-09-01T19:34:55.632+0000] {processor.py:836} INFO - DAG(s) dict_keys(['example_sensors']) retrieved from /home/airflow/.local/lib/python3.7/site-packages/airflow/example_dags/example_sensors.py
[2023-09-01T19:34:55.656+0000] {logging_mixin.py:150} INFO - [2023-09-01T19:34:55.656+0000] {dag.py:2742} INFO - Sync 1 DAGs
[2023-09-01T19:34:55.681+0000] {logging_mixin.py:150} INFO - [2023-09-01T19:34:55.680+0000] {dag.py:3508} INFO - Setting next_dagrun for example_sensors to None, run_after=None
[2023-09-01T19:34:55.695+0000] {processor.py:179} INFO - Processing /home/airflow/.local/lib/python3.7/site-packages/airflow/example_dags/example_sensors.py took 0.077 seconds
[2023-09-01T19:35:25.911+0000] {processor.py:157} INFO - Started process (PID=434) to work on /home/airflow/.local/lib/python3.7/site-packages/airflow/example_dags/example_sensors.py
[2023-09-01T19:35:25.916+0000] {processor.py:826} INFO - Processing file /home/airflow/.local/lib/python3.7/site-packages/airflow/example_dags/example_sensors.py for tasks to queue
[2023-09-01T19:35:25.916+0000] {logging_mixin.py:150} INFO - [2023-09-01T19:35:25.916+0000] {dagbag.py:541} INFO - Filling up the DagBag from /home/airflow/.local/lib/python3.7/site-packages/airflow/example_dags/example_sensors.py
[2023-09-01T19:35:25.930+0000] {processor.py:836} INFO - DAG(s) dict_keys(['example_sensors']) retrieved from /home/airflow/.local/lib/python3.7/site-packages/airflow/example_dags/example_sensors.py
[2023-09-01T19:35:25.955+0000] {logging_mixin.py:150} INFO - [2023-09-01T19:35:25.955+0000] {dag.py:2742} INFO - Sync 1 DAGs
[2023-09-01T19:35:25.978+0000] {logging_mixin.py:150} INFO - [2023-09-01T19:35:25.978+0000] {dag.py:3508} INFO - Setting next_dagrun for example_sensors to None, run_after=None
[2023-09-01T19:35:25.993+0000] {processor.py:179} INFO - Processing /home/airflow/.local/lib/python3.7/site-packages/airflow/example_dags/example_sensors.py took 0.088 seconds
[2023-09-01T19:35:56.355+0000] {processor.py:157} INFO - Started process (PID=489) to work on /home/airflow/.local/lib/python3.7/site-packages/airflow/example_dags/example_sensors.py
[2023-09-01T19:35:56.356+0000] {processor.py:826} INFO - Processing file /home/airflow/.local/lib/python3.7/site-packages/airflow/example_dags/example_sensors.py for tasks to queue
[2023-09-01T19:35:56.357+0000] {logging_mixin.py:150} INFO - [2023-09-01T19:35:56.357+0000] {dagbag.py:541} INFO - Filling up the DagBag from /home/airflow/.local/lib/python3.7/site-packages/airflow/example_dags/example_sensors.py
[2023-09-01T19:35:56.382+0000] {processor.py:836} INFO - DAG(s) dict_keys(['example_sensors']) retrieved from /home/airflow/.local/lib/python3.7/site-packages/airflow/example_dags/example_sensors.py
[2023-09-01T19:35:56.417+0000] {logging_mixin.py:150} INFO - [2023-09-01T19:35:56.416+0000] {dag.py:2742} INFO - Sync 1 DAGs
[2023-09-01T19:35:56.437+0000] {logging_mixin.py:150} INFO - [2023-09-01T19:35:56.437+0000] {dag.py:3508} INFO - Setting next_dagrun for example_sensors to None, run_after=None
[2023-09-01T19:35:56.452+0000] {processor.py:179} INFO - Processing /home/airflow/.local/lib/python3.7/site-packages/airflow/example_dags/example_sensors.py took 0.113 seconds
[2023-09-01T19:36:26.884+0000] {processor.py:157} INFO - Started process (PID=544) to work on /home/airflow/.local/lib/python3.7/site-packages/airflow/example_dags/example_sensors.py
[2023-09-01T19:36:26.885+0000] {processor.py:826} INFO - Processing file /home/airflow/.local/lib/python3.7/site-packages/airflow/example_dags/example_sensors.py for tasks to queue
[2023-09-01T19:36:26.885+0000] {logging_mixin.py:150} INFO - [2023-09-01T19:36:26.885+0000] {dagbag.py:541} INFO - Filling up the DagBag from /home/airflow/.local/lib/python3.7/site-packages/airflow/example_dags/example_sensors.py
[2023-09-01T19:36:26.894+0000] {processor.py:836} INFO - DAG(s) dict_keys(['example_sensors']) retrieved from /home/airflow/.local/lib/python3.7/site-packages/airflow/example_dags/example_sensors.py
[2023-09-01T19:36:26.924+0000] {logging_mixin.py:150} INFO - [2023-09-01T19:36:26.923+0000] {dag.py:2742} INFO - Sync 1 DAGs
[2023-09-01T19:36:26.946+0000] {logging_mixin.py:150} INFO - [2023-09-01T19:36:26.946+0000] {dag.py:3508} INFO - Setting next_dagrun for example_sensors to None, run_after=None
[2023-09-01T19:36:26.994+0000] {processor.py:179} INFO - Processing /home/airflow/.local/lib/python3.7/site-packages/airflow/example_dags/example_sensors.py took 0.113 seconds
[2023-09-01T19:36:57.746+0000] {processor.py:157} INFO - Started process (PID=599) to work on /home/airflow/.local/lib/python3.7/site-packages/airflow/example_dags/example_sensors.py
[2023-09-01T19:36:57.747+0000] {processor.py:826} INFO - Processing file /home/airflow/.local/lib/python3.7/site-packages/airflow/example_dags/example_sensors.py for tasks to queue
[2023-09-01T19:36:57.761+0000] {logging_mixin.py:150} INFO - [2023-09-01T19:36:57.760+0000] {dagbag.py:541} INFO - Filling up the DagBag from /home/airflow/.local/lib/python3.7/site-packages/airflow/example_dags/example_sensors.py
[2023-09-01T19:36:57.804+0000] {processor.py:836} INFO - DAG(s) dict_keys(['example_sensors']) retrieved from /home/airflow/.local/lib/python3.7/site-packages/airflow/example_dags/example_sensors.py
[2023-09-01T19:36:57.846+0000] {logging_mixin.py:150} INFO - [2023-09-01T19:36:57.846+0000] {dag.py:2742} INFO - Sync 1 DAGs
[2023-09-01T19:36:57.888+0000] {logging_mixin.py:150} INFO - [2023-09-01T19:36:57.887+0000] {dag.py:3508} INFO - Setting next_dagrun for example_sensors to None, run_after=None
[2023-09-01T19:36:57.945+0000] {processor.py:179} INFO - Processing /home/airflow/.local/lib/python3.7/site-packages/airflow/example_dags/example_sensors.py took 0.211 seconds
[2023-09-01T19:37:28.310+0000] {processor.py:157} INFO - Started process (PID=654) to work on /home/airflow/.local/lib/python3.7/site-packages/airflow/example_dags/example_sensors.py
[2023-09-01T19:37:28.321+0000] {processor.py:826} INFO - Processing file /home/airflow/.local/lib/python3.7/site-packages/airflow/example_dags/example_sensors.py for tasks to queue
[2023-09-01T19:37:28.322+0000] {logging_mixin.py:150} INFO - [2023-09-01T19:37:28.321+0000] {dagbag.py:541} INFO - Filling up the DagBag from /home/airflow/.local/lib/python3.7/site-packages/airflow/example_dags/example_sensors.py
[2023-09-01T19:37:28.340+0000] {processor.py:836} INFO - DAG(s) dict_keys(['example_sensors']) retrieved from /home/airflow/.local/lib/python3.7/site-packages/airflow/example_dags/example_sensors.py
[2023-09-01T19:37:28.424+0000] {logging_mixin.py:150} INFO - [2023-09-01T19:37:28.424+0000] {dag.py:2742} INFO - Sync 1 DAGs
[2023-09-01T19:37:28.455+0000] {logging_mixin.py:150} INFO - [2023-09-01T19:37:28.455+0000] {dag.py:3508} INFO - Setting next_dagrun for example_sensors to None, run_after=None
[2023-09-01T19:37:28.480+0000] {processor.py:179} INFO - Processing /home/airflow/.local/lib/python3.7/site-packages/airflow/example_dags/example_sensors.py took 0.173 seconds
[2023-09-01T19:37:59.184+0000] {processor.py:157} INFO - Started process (PID=709) to work on /home/airflow/.local/lib/python3.7/site-packages/airflow/example_dags/example_sensors.py
[2023-09-01T19:37:59.193+0000] {processor.py:826} INFO - Processing file /home/airflow/.local/lib/python3.7/site-packages/airflow/example_dags/example_sensors.py for tasks to queue
[2023-09-01T19:37:59.194+0000] {logging_mixin.py:150} INFO - [2023-09-01T19:37:59.193+0000] {dagbag.py:541} INFO - Filling up the DagBag from /home/airflow/.local/lib/python3.7/site-packages/airflow/example_dags/example_sensors.py
[2023-09-01T19:37:59.218+0000] {processor.py:836} INFO - DAG(s) dict_keys(['example_sensors']) retrieved from /home/airflow/.local/lib/python3.7/site-packages/airflow/example_dags/example_sensors.py
[2023-09-01T19:37:59.249+0000] {logging_mixin.py:150} INFO - [2023-09-01T19:37:59.248+0000] {dag.py:2742} INFO - Sync 1 DAGs
[2023-09-01T19:37:59.292+0000] {logging_mixin.py:150} INFO - [2023-09-01T19:37:59.291+0000] {dag.py:3508} INFO - Setting next_dagrun for example_sensors to None, run_after=None
[2023-09-01T19:37:59.341+0000] {processor.py:179} INFO - Processing /home/airflow/.local/lib/python3.7/site-packages/airflow/example_dags/example_sensors.py took 0.160 seconds
[2023-09-01T19:38:29.728+0000] {processor.py:157} INFO - Started process (PID=764) to work on /home/airflow/.local/lib/python3.7/site-packages/airflow/example_dags/example_sensors.py
[2023-09-01T19:38:29.730+0000] {processor.py:826} INFO - Processing file /home/airflow/.local/lib/python3.7/site-packages/airflow/example_dags/example_sensors.py for tasks to queue
[2023-09-01T19:38:29.730+0000] {logging_mixin.py:150} INFO - [2023-09-01T19:38:29.730+0000] {dagbag.py:541} INFO - Filling up the DagBag from /home/airflow/.local/lib/python3.7/site-packages/airflow/example_dags/example_sensors.py
[2023-09-01T19:38:29.740+0000] {processor.py:836} INFO - DAG(s) dict_keys(['example_sensors']) retrieved from /home/airflow/.local/lib/python3.7/site-packages/airflow/example_dags/example_sensors.py
[2023-09-01T19:38:29.772+0000] {logging_mixin.py:150} INFO - [2023-09-01T19:38:29.772+0000] {dag.py:2742} INFO - Sync 1 DAGs
[2023-09-01T19:38:29.796+0000] {logging_mixin.py:150} INFO - [2023-09-01T19:38:29.796+0000] {dag.py:3508} INFO - Setting next_dagrun for example_sensors to None, run_after=None
[2023-09-01T19:38:29.816+0000] {processor.py:179} INFO - Processing /home/airflow/.local/lib/python3.7/site-packages/airflow/example_dags/example_sensors.py took 0.092 seconds
[2023-09-01T19:39:00.860+0000] {processor.py:157} INFO - Started process (PID=819) to work on /home/airflow/.local/lib/python3.7/site-packages/airflow/example_dags/example_sensors.py
[2023-09-01T19:39:00.864+0000] {processor.py:826} INFO - Processing file /home/airflow/.local/lib/python3.7/site-packages/airflow/example_dags/example_sensors.py for tasks to queue
[2023-09-01T19:39:00.864+0000] {logging_mixin.py:150} INFO - [2023-09-01T19:39:00.864+0000] {dagbag.py:541} INFO - Filling up the DagBag from /home/airflow/.local/lib/python3.7/site-packages/airflow/example_dags/example_sensors.py
[2023-09-01T19:39:00.880+0000] {processor.py:836} INFO - DAG(s) dict_keys(['example_sensors']) retrieved from /home/airflow/.local/lib/python3.7/site-packages/airflow/example_dags/example_sensors.py
[2023-09-01T19:39:00.913+0000] {logging_mixin.py:150} INFO - [2023-09-01T19:39:00.913+0000] {dag.py:2742} INFO - Sync 1 DAGs
[2023-09-01T19:39:00.948+0000] {logging_mixin.py:150} INFO - [2023-09-01T19:39:00.948+0000] {dag.py:3508} INFO - Setting next_dagrun for example_sensors to None, run_after=None
[2023-09-01T19:39:00.965+0000] {processor.py:179} INFO - Processing /home/airflow/.local/lib/python3.7/site-packages/airflow/example_dags/example_sensors.py took 0.109 seconds
[2023-09-01T19:39:31.074+0000] {processor.py:157} INFO - Started process (PID=873) to work on /home/airflow/.local/lib/python3.7/site-packages/airflow/example_dags/example_sensors.py
[2023-09-01T19:39:31.075+0000] {processor.py:826} INFO - Processing file /home/airflow/.local/lib/python3.7/site-packages/airflow/example_dags/example_sensors.py for tasks to queue
[2023-09-01T19:39:31.076+0000] {logging_mixin.py:150} INFO - [2023-09-01T19:39:31.076+0000] {dagbag.py:541} INFO - Filling up the DagBag from /home/airflow/.local/lib/python3.7/site-packages/airflow/example_dags/example_sensors.py
[2023-09-01T19:39:31.085+0000] {processor.py:836} INFO - DAG(s) dict_keys(['example_sensors']) retrieved from /home/airflow/.local/lib/python3.7/site-packages/airflow/example_dags/example_sensors.py
[2023-09-01T19:39:31.110+0000] {logging_mixin.py:150} INFO - [2023-09-01T19:39:31.109+0000] {dag.py:2742} INFO - Sync 1 DAGs
[2023-09-01T19:39:31.132+0000] {logging_mixin.py:150} INFO - [2023-09-01T19:39:31.132+0000] {dag.py:3508} INFO - Setting next_dagrun for example_sensors to None, run_after=None
[2023-09-01T19:39:31.161+0000] {processor.py:179} INFO - Processing /home/airflow/.local/lib/python3.7/site-packages/airflow/example_dags/example_sensors.py took 0.090 seconds
[2023-09-01T19:40:01.379+0000] {processor.py:157} INFO - Started process (PID=928) to work on /home/airflow/.local/lib/python3.7/site-packages/airflow/example_dags/example_sensors.py
[2023-09-01T19:40:01.380+0000] {processor.py:826} INFO - Processing file /home/airflow/.local/lib/python3.7/site-packages/airflow/example_dags/example_sensors.py for tasks to queue
[2023-09-01T19:40:01.380+0000] {logging_mixin.py:150} INFO - [2023-09-01T19:40:01.380+0000] {dagbag.py:541} INFO - Filling up the DagBag from /home/airflow/.local/lib/python3.7/site-packages/airflow/example_dags/example_sensors.py
[2023-09-01T19:40:01.389+0000] {processor.py:836} INFO - DAG(s) dict_keys(['example_sensors']) retrieved from /home/airflow/.local/lib/python3.7/site-packages/airflow/example_dags/example_sensors.py
[2023-09-01T19:40:01.413+0000] {logging_mixin.py:150} INFO - [2023-09-01T19:40:01.413+0000] {dag.py:2742} INFO - Sync 1 DAGs
[2023-09-01T19:40:01.442+0000] {logging_mixin.py:150} INFO - [2023-09-01T19:40:01.442+0000] {dag.py:3508} INFO - Setting next_dagrun for example_sensors to None, run_after=None
[2023-09-01T19:40:01.459+0000] {processor.py:179} INFO - Processing /home/airflow/.local/lib/python3.7/site-packages/airflow/example_dags/example_sensors.py took 0.084 seconds
[2023-09-01T19:40:31.968+0000] {processor.py:157} INFO - Started process (PID=983) to work on /home/airflow/.local/lib/python3.7/site-packages/airflow/example_dags/example_sensors.py
[2023-09-01T19:40:31.969+0000] {processor.py:826} INFO - Processing file /home/airflow/.local/lib/python3.7/site-packages/airflow/example_dags/example_sensors.py for tasks to queue
[2023-09-01T19:40:31.970+0000] {logging_mixin.py:150} INFO - [2023-09-01T19:40:31.970+0000] {dagbag.py:541} INFO - Filling up the DagBag from /home/airflow/.local/lib/python3.7/site-packages/airflow/example_dags/example_sensors.py
[2023-09-01T19:40:31.980+0000] {processor.py:836} INFO - DAG(s) dict_keys(['example_sensors']) retrieved from /home/airflow/.local/lib/python3.7/site-packages/airflow/example_dags/example_sensors.py
[2023-09-01T19:40:32.028+0000] {logging_mixin.py:150} INFO - [2023-09-01T19:40:32.028+0000] {dag.py:2742} INFO - Sync 1 DAGs
[2023-09-01T19:40:32.053+0000] {logging_mixin.py:150} INFO - [2023-09-01T19:40:32.053+0000] {dag.py:3508} INFO - Setting next_dagrun for example_sensors to None, run_after=None
[2023-09-01T19:40:32.070+0000] {processor.py:179} INFO - Processing /home/airflow/.local/lib/python3.7/site-packages/airflow/example_dags/example_sensors.py took 0.107 seconds
[2023-09-01T19:41:02.151+0000] {processor.py:157} INFO - Started process (PID=1037) to work on /home/airflow/.local/lib/python3.7/site-packages/airflow/example_dags/example_sensors.py
[2023-09-01T19:41:02.152+0000] {processor.py:826} INFO - Processing file /home/airflow/.local/lib/python3.7/site-packages/airflow/example_dags/example_sensors.py for tasks to queue
[2023-09-01T19:41:02.153+0000] {logging_mixin.py:150} INFO - [2023-09-01T19:41:02.152+0000] {dagbag.py:541} INFO - Filling up the DagBag from /home/airflow/.local/lib/python3.7/site-packages/airflow/example_dags/example_sensors.py
[2023-09-01T19:41:02.164+0000] {processor.py:836} INFO - DAG(s) dict_keys(['example_sensors']) retrieved from /home/airflow/.local/lib/python3.7/site-packages/airflow/example_dags/example_sensors.py
[2023-09-01T19:41:02.192+0000] {logging_mixin.py:150} INFO - [2023-09-01T19:41:02.192+0000] {dag.py:2742} INFO - Sync 1 DAGs
[2023-09-01T19:41:02.212+0000] {logging_mixin.py:150} INFO - [2023-09-01T19:41:02.212+0000] {dag.py:3508} INFO - Setting next_dagrun for example_sensors to None, run_after=None
[2023-09-01T19:41:02.229+0000] {processor.py:179} INFO - Processing /home/airflow/.local/lib/python3.7/site-packages/airflow/example_dags/example_sensors.py took 0.082 seconds
[2023-09-01T19:41:32.514+0000] {processor.py:157} INFO - Started process (PID=1099) to work on /home/airflow/.local/lib/python3.7/site-packages/airflow/example_dags/example_sensors.py
[2023-09-01T19:41:32.515+0000] {processor.py:826} INFO - Processing file /home/airflow/.local/lib/python3.7/site-packages/airflow/example_dags/example_sensors.py for tasks to queue
[2023-09-01T19:41:32.516+0000] {logging_mixin.py:150} INFO - [2023-09-01T19:41:32.516+0000] {dagbag.py:541} INFO - Filling up the DagBag from /home/airflow/.local/lib/python3.7/site-packages/airflow/example_dags/example_sensors.py
[2023-09-01T19:41:32.525+0000] {processor.py:836} INFO - DAG(s) dict_keys(['example_sensors']) retrieved from /home/airflow/.local/lib/python3.7/site-packages/airflow/example_dags/example_sensors.py
[2023-09-01T19:41:32.551+0000] {logging_mixin.py:150} INFO - [2023-09-01T19:41:32.551+0000] {dag.py:2742} INFO - Sync 1 DAGs
[2023-09-01T19:41:32.573+0000] {logging_mixin.py:150} INFO - [2023-09-01T19:41:32.573+0000] {dag.py:3508} INFO - Setting next_dagrun for example_sensors to None, run_after=None
[2023-09-01T19:41:32.589+0000] {processor.py:179} INFO - Processing /home/airflow/.local/lib/python3.7/site-packages/airflow/example_dags/example_sensors.py took 0.079 seconds
[2023-09-01T19:42:02.910+0000] {processor.py:157} INFO - Started process (PID=1153) to work on /home/airflow/.local/lib/python3.7/site-packages/airflow/example_dags/example_sensors.py
[2023-09-01T19:42:02.911+0000] {processor.py:826} INFO - Processing file /home/airflow/.local/lib/python3.7/site-packages/airflow/example_dags/example_sensors.py for tasks to queue
[2023-09-01T19:42:02.912+0000] {logging_mixin.py:150} INFO - [2023-09-01T19:42:02.912+0000] {dagbag.py:541} INFO - Filling up the DagBag from /home/airflow/.local/lib/python3.7/site-packages/airflow/example_dags/example_sensors.py
[2023-09-01T19:42:02.928+0000] {processor.py:836} INFO - DAG(s) dict_keys(['example_sensors']) retrieved from /home/airflow/.local/lib/python3.7/site-packages/airflow/example_dags/example_sensors.py
[2023-09-01T19:42:02.958+0000] {logging_mixin.py:150} INFO - [2023-09-01T19:42:02.958+0000] {dag.py:2742} INFO - Sync 1 DAGs
[2023-09-01T19:42:02.982+0000] {logging_mixin.py:150} INFO - [2023-09-01T19:42:02.982+0000] {dag.py:3508} INFO - Setting next_dagrun for example_sensors to None, run_after=None
[2023-09-01T19:42:03.001+0000] {processor.py:179} INFO - Processing /home/airflow/.local/lib/python3.7/site-packages/airflow/example_dags/example_sensors.py took 0.096 seconds
[2023-09-01T19:42:33.244+0000] {processor.py:157} INFO - Started process (PID=1208) to work on /home/airflow/.local/lib/python3.7/site-packages/airflow/example_dags/example_sensors.py
[2023-09-01T19:42:33.245+0000] {processor.py:826} INFO - Processing file /home/airflow/.local/lib/python3.7/site-packages/airflow/example_dags/example_sensors.py for tasks to queue
[2023-09-01T19:42:33.246+0000] {logging_mixin.py:150} INFO - [2023-09-01T19:42:33.246+0000] {dagbag.py:541} INFO - Filling up the DagBag from /home/airflow/.local/lib/python3.7/site-packages/airflow/example_dags/example_sensors.py
[2023-09-01T19:42:33.264+0000] {processor.py:836} INFO - DAG(s) dict_keys(['example_sensors']) retrieved from /home/airflow/.local/lib/python3.7/site-packages/airflow/example_dags/example_sensors.py
[2023-09-01T19:42:33.313+0000] {logging_mixin.py:150} INFO - [2023-09-01T19:42:33.313+0000] {dag.py:2742} INFO - Sync 1 DAGs
[2023-09-01T19:42:33.336+0000] {logging_mixin.py:150} INFO - [2023-09-01T19:42:33.336+0000] {dag.py:3508} INFO - Setting next_dagrun for example_sensors to None, run_after=None
[2023-09-01T19:42:33.354+0000] {processor.py:179} INFO - Processing /home/airflow/.local/lib/python3.7/site-packages/airflow/example_dags/example_sensors.py took 0.112 seconds
[2023-09-01T19:43:03.430+0000] {processor.py:157} INFO - Started process (PID=1263) to work on /home/airflow/.local/lib/python3.7/site-packages/airflow/example_dags/example_sensors.py
[2023-09-01T19:43:03.431+0000] {processor.py:826} INFO - Processing file /home/airflow/.local/lib/python3.7/site-packages/airflow/example_dags/example_sensors.py for tasks to queue
[2023-09-01T19:43:03.432+0000] {logging_mixin.py:150} INFO - [2023-09-01T19:43:03.432+0000] {dagbag.py:541} INFO - Filling up the DagBag from /home/airflow/.local/lib/python3.7/site-packages/airflow/example_dags/example_sensors.py
[2023-09-01T19:43:03.441+0000] {processor.py:836} INFO - DAG(s) dict_keys(['example_sensors']) retrieved from /home/airflow/.local/lib/python3.7/site-packages/airflow/example_dags/example_sensors.py
[2023-09-01T19:43:03.467+0000] {logging_mixin.py:150} INFO - [2023-09-01T19:43:03.467+0000] {dag.py:2742} INFO - Sync 1 DAGs
[2023-09-01T19:43:03.490+0000] {logging_mixin.py:150} INFO - [2023-09-01T19:43:03.489+0000] {dag.py:3508} INFO - Setting next_dagrun for example_sensors to None, run_after=None
[2023-09-01T19:43:03.506+0000] {processor.py:179} INFO - Processing /home/airflow/.local/lib/python3.7/site-packages/airflow/example_dags/example_sensors.py took 0.079 seconds
[2023-09-01T19:43:34.209+0000] {processor.py:157} INFO - Started process (PID=1318) to work on /home/airflow/.local/lib/python3.7/site-packages/airflow/example_dags/example_sensors.py
[2023-09-01T19:43:34.209+0000] {processor.py:826} INFO - Processing file /home/airflow/.local/lib/python3.7/site-packages/airflow/example_dags/example_sensors.py for tasks to queue
[2023-09-01T19:43:34.210+0000] {logging_mixin.py:150} INFO - [2023-09-01T19:43:34.210+0000] {dagbag.py:541} INFO - Filling up the DagBag from /home/airflow/.local/lib/python3.7/site-packages/airflow/example_dags/example_sensors.py
[2023-09-01T19:43:34.218+0000] {processor.py:836} INFO - DAG(s) dict_keys(['example_sensors']) retrieved from /home/airflow/.local/lib/python3.7/site-packages/airflow/example_dags/example_sensors.py
[2023-09-01T19:43:34.242+0000] {logging_mixin.py:150} INFO - [2023-09-01T19:43:34.242+0000] {dag.py:2742} INFO - Sync 1 DAGs
[2023-09-01T19:43:34.262+0000] {logging_mixin.py:150} INFO - [2023-09-01T19:43:34.262+0000] {dag.py:3508} INFO - Setting next_dagrun for example_sensors to None, run_after=None
[2023-09-01T19:43:34.279+0000] {processor.py:179} INFO - Processing /home/airflow/.local/lib/python3.7/site-packages/airflow/example_dags/example_sensors.py took 0.073 seconds
[2023-09-01T19:44:04.691+0000] {processor.py:157} INFO - Started process (PID=1373) to work on /home/airflow/.local/lib/python3.7/site-packages/airflow/example_dags/example_sensors.py
[2023-09-01T19:44:04.692+0000] {processor.py:826} INFO - Processing file /home/airflow/.local/lib/python3.7/site-packages/airflow/example_dags/example_sensors.py for tasks to queue
[2023-09-01T19:44:04.693+0000] {logging_mixin.py:150} INFO - [2023-09-01T19:44:04.693+0000] {dagbag.py:541} INFO - Filling up the DagBag from /home/airflow/.local/lib/python3.7/site-packages/airflow/example_dags/example_sensors.py
[2023-09-01T19:44:04.710+0000] {processor.py:836} INFO - DAG(s) dict_keys(['example_sensors']) retrieved from /home/airflow/.local/lib/python3.7/site-packages/airflow/example_dags/example_sensors.py
[2023-09-01T19:44:04.738+0000] {logging_mixin.py:150} INFO - [2023-09-01T19:44:04.738+0000] {dag.py:2742} INFO - Sync 1 DAGs
[2023-09-01T19:44:04.769+0000] {logging_mixin.py:150} INFO - [2023-09-01T19:44:04.768+0000] {dag.py:3508} INFO - Setting next_dagrun for example_sensors to None, run_after=None
[2023-09-01T19:44:04.785+0000] {processor.py:179} INFO - Processing /home/airflow/.local/lib/python3.7/site-packages/airflow/example_dags/example_sensors.py took 0.097 seconds
[2023-09-01T19:44:35.305+0000] {processor.py:157} INFO - Started process (PID=1428) to work on /home/airflow/.local/lib/python3.7/site-packages/airflow/example_dags/example_sensors.py
[2023-09-01T19:44:35.305+0000] {processor.py:826} INFO - Processing file /home/airflow/.local/lib/python3.7/site-packages/airflow/example_dags/example_sensors.py for tasks to queue
[2023-09-01T19:44:35.306+0000] {logging_mixin.py:150} INFO - [2023-09-01T19:44:35.306+0000] {dagbag.py:541} INFO - Filling up the DagBag from /home/airflow/.local/lib/python3.7/site-packages/airflow/example_dags/example_sensors.py
[2023-09-01T19:44:35.314+0000] {processor.py:836} INFO - DAG(s) dict_keys(['example_sensors']) retrieved from /home/airflow/.local/lib/python3.7/site-packages/airflow/example_dags/example_sensors.py
[2023-09-01T19:44:35.340+0000] {logging_mixin.py:150} INFO - [2023-09-01T19:44:35.340+0000] {dag.py:2742} INFO - Sync 1 DAGs
[2023-09-01T19:44:35.361+0000] {logging_mixin.py:150} INFO - [2023-09-01T19:44:35.361+0000] {dag.py:3508} INFO - Setting next_dagrun for example_sensors to None, run_after=None
[2023-09-01T19:44:35.378+0000] {processor.py:179} INFO - Processing /home/airflow/.local/lib/python3.7/site-packages/airflow/example_dags/example_sensors.py took 0.077 seconds
[2023-09-01T19:45:05.613+0000] {processor.py:157} INFO - Started process (PID=1483) to work on /home/airflow/.local/lib/python3.7/site-packages/airflow/example_dags/example_sensors.py
[2023-09-01T19:45:05.614+0000] {processor.py:826} INFO - Processing file /home/airflow/.local/lib/python3.7/site-packages/airflow/example_dags/example_sensors.py for tasks to queue
[2023-09-01T19:45:05.615+0000] {logging_mixin.py:150} INFO - [2023-09-01T19:45:05.615+0000] {dagbag.py:541} INFO - Filling up the DagBag from /home/airflow/.local/lib/python3.7/site-packages/airflow/example_dags/example_sensors.py
[2023-09-01T19:45:05.633+0000] {processor.py:836} INFO - DAG(s) dict_keys(['example_sensors']) retrieved from /home/airflow/.local/lib/python3.7/site-packages/airflow/example_dags/example_sensors.py
[2023-09-01T19:45:05.678+0000] {logging_mixin.py:150} INFO - [2023-09-01T19:45:05.678+0000] {dag.py:2742} INFO - Sync 1 DAGs
[2023-09-01T19:45:05.705+0000] {logging_mixin.py:150} INFO - [2023-09-01T19:45:05.705+0000] {dag.py:3508} INFO - Setting next_dagrun for example_sensors to None, run_after=None
[2023-09-01T19:45:05.723+0000] {processor.py:179} INFO - Processing /home/airflow/.local/lib/python3.7/site-packages/airflow/example_dags/example_sensors.py took 0.115 seconds
[2023-09-01T19:45:35.934+0000] {processor.py:157} INFO - Started process (PID=1538) to work on /home/airflow/.local/lib/python3.7/site-packages/airflow/example_dags/example_sensors.py
[2023-09-01T19:45:35.934+0000] {processor.py:826} INFO - Processing file /home/airflow/.local/lib/python3.7/site-packages/airflow/example_dags/example_sensors.py for tasks to queue
[2023-09-01T19:45:35.935+0000] {logging_mixin.py:150} INFO - [2023-09-01T19:45:35.935+0000] {dagbag.py:541} INFO - Filling up the DagBag from /home/airflow/.local/lib/python3.7/site-packages/airflow/example_dags/example_sensors.py
[2023-09-01T19:45:35.943+0000] {processor.py:836} INFO - DAG(s) dict_keys(['example_sensors']) retrieved from /home/airflow/.local/lib/python3.7/site-packages/airflow/example_dags/example_sensors.py
[2023-09-01T19:45:35.968+0000] {logging_mixin.py:150} INFO - [2023-09-01T19:45:35.968+0000] {dag.py:2742} INFO - Sync 1 DAGs
[2023-09-01T19:45:36.012+0000] {logging_mixin.py:150} INFO - [2023-09-01T19:45:36.012+0000] {dag.py:3508} INFO - Setting next_dagrun for example_sensors to None, run_after=None
[2023-09-01T19:45:36.032+0000] {processor.py:179} INFO - Processing /home/airflow/.local/lib/python3.7/site-packages/airflow/example_dags/example_sensors.py took 0.103 seconds
[2023-09-01T19:46:06.375+0000] {processor.py:157} INFO - Started process (PID=1593) to work on /home/airflow/.local/lib/python3.7/site-packages/airflow/example_dags/example_sensors.py
[2023-09-01T19:46:06.377+0000] {processor.py:826} INFO - Processing file /home/airflow/.local/lib/python3.7/site-packages/airflow/example_dags/example_sensors.py for tasks to queue
[2023-09-01T19:46:06.377+0000] {logging_mixin.py:150} INFO - [2023-09-01T19:46:06.377+0000] {dagbag.py:541} INFO - Filling up the DagBag from /home/airflow/.local/lib/python3.7/site-packages/airflow/example_dags/example_sensors.py
[2023-09-01T19:46:06.387+0000] {processor.py:836} INFO - DAG(s) dict_keys(['example_sensors']) retrieved from /home/airflow/.local/lib/python3.7/site-packages/airflow/example_dags/example_sensors.py
[2023-09-01T19:46:06.412+0000] {logging_mixin.py:150} INFO - [2023-09-01T19:46:06.412+0000] {dag.py:2742} INFO - Sync 1 DAGs
[2023-09-01T19:46:06.435+0000] {logging_mixin.py:150} INFO - [2023-09-01T19:46:06.435+0000] {dag.py:3508} INFO - Setting next_dagrun for example_sensors to None, run_after=None
[2023-09-01T19:46:06.450+0000] {processor.py:179} INFO - Processing /home/airflow/.local/lib/python3.7/site-packages/airflow/example_dags/example_sensors.py took 0.079 seconds
[2023-09-01T19:46:36.865+0000] {processor.py:157} INFO - Started process (PID=1648) to work on /home/airflow/.local/lib/python3.7/site-packages/airflow/example_dags/example_sensors.py
[2023-09-01T19:46:36.867+0000] {processor.py:826} INFO - Processing file /home/airflow/.local/lib/python3.7/site-packages/airflow/example_dags/example_sensors.py for tasks to queue
[2023-09-01T19:46:36.868+0000] {logging_mixin.py:150} INFO - [2023-09-01T19:46:36.868+0000] {dagbag.py:541} INFO - Filling up the DagBag from /home/airflow/.local/lib/python3.7/site-packages/airflow/example_dags/example_sensors.py
[2023-09-01T19:46:36.878+0000] {processor.py:836} INFO - DAG(s) dict_keys(['example_sensors']) retrieved from /home/airflow/.local/lib/python3.7/site-packages/airflow/example_dags/example_sensors.py
[2023-09-01T19:46:36.901+0000] {logging_mixin.py:150} INFO - [2023-09-01T19:46:36.901+0000] {dag.py:2742} INFO - Sync 1 DAGs
[2023-09-01T19:46:36.922+0000] {logging_mixin.py:150} INFO - [2023-09-01T19:46:36.921+0000] {dag.py:3508} INFO - Setting next_dagrun for example_sensors to None, run_after=None
[2023-09-01T19:46:36.937+0000] {processor.py:179} INFO - Processing /home/airflow/.local/lib/python3.7/site-packages/airflow/example_dags/example_sensors.py took 0.076 seconds
[2023-09-01T19:47:07.452+0000] {processor.py:157} INFO - Started process (PID=1703) to work on /home/airflow/.local/lib/python3.7/site-packages/airflow/example_dags/example_sensors.py
[2023-09-01T19:47:07.453+0000] {processor.py:826} INFO - Processing file /home/airflow/.local/lib/python3.7/site-packages/airflow/example_dags/example_sensors.py for tasks to queue
[2023-09-01T19:47:07.453+0000] {logging_mixin.py:150} INFO - [2023-09-01T19:47:07.453+0000] {dagbag.py:541} INFO - Filling up the DagBag from /home/airflow/.local/lib/python3.7/site-packages/airflow/example_dags/example_sensors.py
[2023-09-01T19:47:07.465+0000] {processor.py:836} INFO - DAG(s) dict_keys(['example_sensors']) retrieved from /home/airflow/.local/lib/python3.7/site-packages/airflow/example_dags/example_sensors.py
[2023-09-01T19:47:07.490+0000] {logging_mixin.py:150} INFO - [2023-09-01T19:47:07.490+0000] {dag.py:2742} INFO - Sync 1 DAGs
[2023-09-01T19:47:07.513+0000] {logging_mixin.py:150} INFO - [2023-09-01T19:47:07.513+0000] {dag.py:3508} INFO - Setting next_dagrun for example_sensors to None, run_after=None
[2023-09-01T19:47:07.529+0000] {processor.py:179} INFO - Processing /home/airflow/.local/lib/python3.7/site-packages/airflow/example_dags/example_sensors.py took 0.081 seconds
[2023-09-01T19:47:37.840+0000] {processor.py:157} INFO - Started process (PID=1758) to work on /home/airflow/.local/lib/python3.7/site-packages/airflow/example_dags/example_sensors.py
[2023-09-01T19:47:37.841+0000] {processor.py:826} INFO - Processing file /home/airflow/.local/lib/python3.7/site-packages/airflow/example_dags/example_sensors.py for tasks to queue
[2023-09-01T19:47:37.842+0000] {logging_mixin.py:150} INFO - [2023-09-01T19:47:37.842+0000] {dagbag.py:541} INFO - Filling up the DagBag from /home/airflow/.local/lib/python3.7/site-packages/airflow/example_dags/example_sensors.py
[2023-09-01T19:47:37.860+0000] {processor.py:836} INFO - DAG(s) dict_keys(['example_sensors']) retrieved from /home/airflow/.local/lib/python3.7/site-packages/airflow/example_dags/example_sensors.py
[2023-09-01T19:47:37.884+0000] {logging_mixin.py:150} INFO - [2023-09-01T19:47:37.884+0000] {dag.py:2742} INFO - Sync 1 DAGs
[2023-09-01T19:47:37.906+0000] {logging_mixin.py:150} INFO - [2023-09-01T19:47:37.906+0000] {dag.py:3508} INFO - Setting next_dagrun for example_sensors to None, run_after=None
[2023-09-01T19:47:37.923+0000] {processor.py:179} INFO - Processing /home/airflow/.local/lib/python3.7/site-packages/airflow/example_dags/example_sensors.py took 0.087 seconds
[2023-09-01T19:48:08.280+0000] {processor.py:157} INFO - Started process (PID=1813) to work on /home/airflow/.local/lib/python3.7/site-packages/airflow/example_dags/example_sensors.py
[2023-09-01T19:48:08.283+0000] {processor.py:826} INFO - Processing file /home/airflow/.local/lib/python3.7/site-packages/airflow/example_dags/example_sensors.py for tasks to queue
[2023-09-01T19:48:08.284+0000] {logging_mixin.py:150} INFO - [2023-09-01T19:48:08.284+0000] {dagbag.py:541} INFO - Filling up the DagBag from /home/airflow/.local/lib/python3.7/site-packages/airflow/example_dags/example_sensors.py
[2023-09-01T19:48:08.293+0000] {processor.py:836} INFO - DAG(s) dict_keys(['example_sensors']) retrieved from /home/airflow/.local/lib/python3.7/site-packages/airflow/example_dags/example_sensors.py
[2023-09-01T19:48:08.321+0000] {logging_mixin.py:150} INFO - [2023-09-01T19:48:08.321+0000] {dag.py:2742} INFO - Sync 1 DAGs
[2023-09-01T19:48:08.343+0000] {logging_mixin.py:150} INFO - [2023-09-01T19:48:08.343+0000] {dag.py:3508} INFO - Setting next_dagrun for example_sensors to None, run_after=None
[2023-09-01T19:48:08.366+0000] {processor.py:179} INFO - Processing /home/airflow/.local/lib/python3.7/site-packages/airflow/example_dags/example_sensors.py took 0.090 seconds
[2023-09-01T19:48:39.197+0000] {processor.py:157} INFO - Started process (PID=1867) to work on /home/airflow/.local/lib/python3.7/site-packages/airflow/example_dags/example_sensors.py
[2023-09-01T19:48:39.199+0000] {processor.py:826} INFO - Processing file /home/airflow/.local/lib/python3.7/site-packages/airflow/example_dags/example_sensors.py for tasks to queue
[2023-09-01T19:48:39.199+0000] {logging_mixin.py:150} INFO - [2023-09-01T19:48:39.199+0000] {dagbag.py:541} INFO - Filling up the DagBag from /home/airflow/.local/lib/python3.7/site-packages/airflow/example_dags/example_sensors.py
[2023-09-01T19:48:39.209+0000] {processor.py:836} INFO - DAG(s) dict_keys(['example_sensors']) retrieved from /home/airflow/.local/lib/python3.7/site-packages/airflow/example_dags/example_sensors.py
[2023-09-01T19:48:39.240+0000] {logging_mixin.py:150} INFO - [2023-09-01T19:48:39.240+0000] {dag.py:2742} INFO - Sync 1 DAGs
[2023-09-01T19:48:39.265+0000] {logging_mixin.py:150} INFO - [2023-09-01T19:48:39.265+0000] {dag.py:3508} INFO - Setting next_dagrun for example_sensors to None, run_after=None
[2023-09-01T19:48:39.281+0000] {processor.py:179} INFO - Processing /home/airflow/.local/lib/python3.7/site-packages/airflow/example_dags/example_sensors.py took 0.087 seconds
[2023-09-01T19:49:09.924+0000] {processor.py:157} INFO - Started process (PID=1922) to work on /home/airflow/.local/lib/python3.7/site-packages/airflow/example_dags/example_sensors.py
[2023-09-01T19:49:09.925+0000] {processor.py:826} INFO - Processing file /home/airflow/.local/lib/python3.7/site-packages/airflow/example_dags/example_sensors.py for tasks to queue
[2023-09-01T19:49:09.925+0000] {logging_mixin.py:150} INFO - [2023-09-01T19:49:09.925+0000] {dagbag.py:541} INFO - Filling up the DagBag from /home/airflow/.local/lib/python3.7/site-packages/airflow/example_dags/example_sensors.py
[2023-09-01T19:49:09.935+0000] {processor.py:836} INFO - DAG(s) dict_keys(['example_sensors']) retrieved from /home/airflow/.local/lib/python3.7/site-packages/airflow/example_dags/example_sensors.py
[2023-09-01T19:49:09.962+0000] {logging_mixin.py:150} INFO - [2023-09-01T19:49:09.961+0000] {dag.py:2742} INFO - Sync 1 DAGs
[2023-09-01T19:49:09.994+0000] {logging_mixin.py:150} INFO - [2023-09-01T19:49:09.994+0000] {dag.py:3508} INFO - Setting next_dagrun for example_sensors to None, run_after=None
[2023-09-01T19:49:10.010+0000] {processor.py:179} INFO - Processing /home/airflow/.local/lib/python3.7/site-packages/airflow/example_dags/example_sensors.py took 0.090 seconds
[2023-09-01T19:49:40.696+0000] {processor.py:157} INFO - Started process (PID=1977) to work on /home/airflow/.local/lib/python3.7/site-packages/airflow/example_dags/example_sensors.py
[2023-09-01T19:49:40.699+0000] {processor.py:826} INFO - Processing file /home/airflow/.local/lib/python3.7/site-packages/airflow/example_dags/example_sensors.py for tasks to queue
[2023-09-01T19:49:40.700+0000] {logging_mixin.py:150} INFO - [2023-09-01T19:49:40.700+0000] {dagbag.py:541} INFO - Filling up the DagBag from /home/airflow/.local/lib/python3.7/site-packages/airflow/example_dags/example_sensors.py
[2023-09-01T19:49:40.714+0000] {processor.py:836} INFO - DAG(s) dict_keys(['example_sensors']) retrieved from /home/airflow/.local/lib/python3.7/site-packages/airflow/example_dags/example_sensors.py
[2023-09-01T19:49:40.779+0000] {logging_mixin.py:150} INFO - [2023-09-01T19:49:40.778+0000] {dag.py:2742} INFO - Sync 1 DAGs
[2023-09-01T19:49:40.816+0000] {logging_mixin.py:150} INFO - [2023-09-01T19:49:40.815+0000] {dag.py:3508} INFO - Setting next_dagrun for example_sensors to None, run_after=None
[2023-09-01T19:49:40.855+0000] {processor.py:179} INFO - Processing /home/airflow/.local/lib/python3.7/site-packages/airflow/example_dags/example_sensors.py took 0.171 seconds
[2023-09-01T19:50:11.825+0000] {processor.py:157} INFO - Started process (PID=2032) to work on /home/airflow/.local/lib/python3.7/site-packages/airflow/example_dags/example_sensors.py
[2023-09-01T19:50:11.829+0000] {processor.py:826} INFO - Processing file /home/airflow/.local/lib/python3.7/site-packages/airflow/example_dags/example_sensors.py for tasks to queue
[2023-09-01T19:50:11.829+0000] {logging_mixin.py:150} INFO - [2023-09-01T19:50:11.829+0000] {dagbag.py:541} INFO - Filling up the DagBag from /home/airflow/.local/lib/python3.7/site-packages/airflow/example_dags/example_sensors.py
[2023-09-01T19:50:11.851+0000] {processor.py:836} INFO - DAG(s) dict_keys(['example_sensors']) retrieved from /home/airflow/.local/lib/python3.7/site-packages/airflow/example_dags/example_sensors.py
[2023-09-01T19:50:11.902+0000] {logging_mixin.py:150} INFO - [2023-09-01T19:50:11.902+0000] {dag.py:2742} INFO - Sync 1 DAGs
[2023-09-01T19:50:11.928+0000] {logging_mixin.py:150} INFO - [2023-09-01T19:50:11.927+0000] {dag.py:3508} INFO - Setting next_dagrun for example_sensors to None, run_after=None
[2023-09-01T19:50:11.948+0000] {processor.py:179} INFO - Processing /home/airflow/.local/lib/python3.7/site-packages/airflow/example_dags/example_sensors.py took 0.130 seconds
[2023-09-01T19:50:42.816+0000] {processor.py:157} INFO - Started process (PID=2087) to work on /home/airflow/.local/lib/python3.7/site-packages/airflow/example_dags/example_sensors.py
[2023-09-01T19:50:42.817+0000] {processor.py:826} INFO - Processing file /home/airflow/.local/lib/python3.7/site-packages/airflow/example_dags/example_sensors.py for tasks to queue
[2023-09-01T19:50:42.818+0000] {logging_mixin.py:150} INFO - [2023-09-01T19:50:42.818+0000] {dagbag.py:541} INFO - Filling up the DagBag from /home/airflow/.local/lib/python3.7/site-packages/airflow/example_dags/example_sensors.py
[2023-09-01T19:50:42.829+0000] {processor.py:836} INFO - DAG(s) dict_keys(['example_sensors']) retrieved from /home/airflow/.local/lib/python3.7/site-packages/airflow/example_dags/example_sensors.py
[2023-09-01T19:50:42.859+0000] {logging_mixin.py:150} INFO - [2023-09-01T19:50:42.859+0000] {dag.py:2742} INFO - Sync 1 DAGs
[2023-09-01T19:50:42.880+0000] {logging_mixin.py:150} INFO - [2023-09-01T19:50:42.880+0000] {dag.py:3508} INFO - Setting next_dagrun for example_sensors to None, run_after=None
[2023-09-01T19:50:42.897+0000] {processor.py:179} INFO - Processing /home/airflow/.local/lib/python3.7/site-packages/airflow/example_dags/example_sensors.py took 0.084 seconds
[2023-09-01T19:51:13.581+0000] {processor.py:157} INFO - Started process (PID=2141) to work on /home/airflow/.local/lib/python3.7/site-packages/airflow/example_dags/example_sensors.py
[2023-09-01T19:51:13.582+0000] {processor.py:826} INFO - Processing file /home/airflow/.local/lib/python3.7/site-packages/airflow/example_dags/example_sensors.py for tasks to queue
[2023-09-01T19:51:13.582+0000] {logging_mixin.py:150} INFO - [2023-09-01T19:51:13.582+0000] {dagbag.py:541} INFO - Filling up the DagBag from /home/airflow/.local/lib/python3.7/site-packages/airflow/example_dags/example_sensors.py
[2023-09-01T19:51:13.596+0000] {processor.py:836} INFO - DAG(s) dict_keys(['example_sensors']) retrieved from /home/airflow/.local/lib/python3.7/site-packages/airflow/example_dags/example_sensors.py
[2023-09-01T19:51:13.643+0000] {logging_mixin.py:150} INFO - [2023-09-01T19:51:13.639+0000] {dag.py:2742} INFO - Sync 1 DAGs
[2023-09-01T19:51:13.681+0000] {logging_mixin.py:150} INFO - [2023-09-01T19:51:13.681+0000] {dag.py:3508} INFO - Setting next_dagrun for example_sensors to None, run_after=None
[2023-09-01T19:51:13.712+0000] {processor.py:179} INFO - Processing /home/airflow/.local/lib/python3.7/site-packages/airflow/example_dags/example_sensors.py took 0.135 seconds
[2023-09-01T19:51:44.613+0000] {processor.py:157} INFO - Started process (PID=2196) to work on /home/airflow/.local/lib/python3.7/site-packages/airflow/example_dags/example_sensors.py
[2023-09-01T19:51:44.614+0000] {processor.py:826} INFO - Processing file /home/airflow/.local/lib/python3.7/site-packages/airflow/example_dags/example_sensors.py for tasks to queue
[2023-09-01T19:51:44.615+0000] {logging_mixin.py:150} INFO - [2023-09-01T19:51:44.614+0000] {dagbag.py:541} INFO - Filling up the DagBag from /home/airflow/.local/lib/python3.7/site-packages/airflow/example_dags/example_sensors.py
[2023-09-01T19:51:44.623+0000] {processor.py:836} INFO - DAG(s) dict_keys(['example_sensors']) retrieved from /home/airflow/.local/lib/python3.7/site-packages/airflow/example_dags/example_sensors.py
[2023-09-01T19:51:44.648+0000] {logging_mixin.py:150} INFO - [2023-09-01T19:51:44.648+0000] {dag.py:2742} INFO - Sync 1 DAGs
[2023-09-01T19:51:44.668+0000] {logging_mixin.py:150} INFO - [2023-09-01T19:51:44.668+0000] {dag.py:3508} INFO - Setting next_dagrun for example_sensors to None, run_after=None
[2023-09-01T19:51:44.690+0000] {processor.py:179} INFO - Processing /home/airflow/.local/lib/python3.7/site-packages/airflow/example_dags/example_sensors.py took 0.080 seconds
[2023-09-01T19:52:15.578+0000] {processor.py:157} INFO - Started process (PID=2250) to work on /home/airflow/.local/lib/python3.7/site-packages/airflow/example_dags/example_sensors.py
[2023-09-01T19:52:15.583+0000] {processor.py:826} INFO - Processing file /home/airflow/.local/lib/python3.7/site-packages/airflow/example_dags/example_sensors.py for tasks to queue
[2023-09-01T19:52:15.584+0000] {logging_mixin.py:150} INFO - [2023-09-01T19:52:15.584+0000] {dagbag.py:541} INFO - Filling up the DagBag from /home/airflow/.local/lib/python3.7/site-packages/airflow/example_dags/example_sensors.py
[2023-09-01T19:52:15.598+0000] {processor.py:836} INFO - DAG(s) dict_keys(['example_sensors']) retrieved from /home/airflow/.local/lib/python3.7/site-packages/airflow/example_dags/example_sensors.py
[2023-09-01T19:52:15.648+0000] {logging_mixin.py:150} INFO - [2023-09-01T19:52:15.648+0000] {dag.py:2742} INFO - Sync 1 DAGs
[2023-09-01T19:52:15.694+0000] {logging_mixin.py:150} INFO - [2023-09-01T19:52:15.693+0000] {dag.py:3508} INFO - Setting next_dagrun for example_sensors to None, run_after=None
[2023-09-01T19:52:15.726+0000] {processor.py:179} INFO - Processing /home/airflow/.local/lib/python3.7/site-packages/airflow/example_dags/example_sensors.py took 0.151 seconds
[2023-09-01T19:52:46.633+0000] {processor.py:157} INFO - Started process (PID=2305) to work on /home/airflow/.local/lib/python3.7/site-packages/airflow/example_dags/example_sensors.py
[2023-09-01T19:52:46.634+0000] {processor.py:826} INFO - Processing file /home/airflow/.local/lib/python3.7/site-packages/airflow/example_dags/example_sensors.py for tasks to queue
[2023-09-01T19:52:46.635+0000] {logging_mixin.py:150} INFO - [2023-09-01T19:52:46.634+0000] {dagbag.py:541} INFO - Filling up the DagBag from /home/airflow/.local/lib/python3.7/site-packages/airflow/example_dags/example_sensors.py
[2023-09-01T19:52:46.644+0000] {processor.py:836} INFO - DAG(s) dict_keys(['example_sensors']) retrieved from /home/airflow/.local/lib/python3.7/site-packages/airflow/example_dags/example_sensors.py
[2023-09-01T19:52:46.669+0000] {logging_mixin.py:150} INFO - [2023-09-01T19:52:46.669+0000] {dag.py:2742} INFO - Sync 1 DAGs
[2023-09-01T19:52:46.698+0000] {logging_mixin.py:150} INFO - [2023-09-01T19:52:46.698+0000] {dag.py:3508} INFO - Setting next_dagrun for example_sensors to None, run_after=None
[2023-09-01T19:52:46.716+0000] {processor.py:179} INFO - Processing /home/airflow/.local/lib/python3.7/site-packages/airflow/example_dags/example_sensors.py took 0.086 seconds
[2023-09-01T19:53:17.042+0000] {processor.py:157} INFO - Started process (PID=2360) to work on /home/airflow/.local/lib/python3.7/site-packages/airflow/example_dags/example_sensors.py
[2023-09-01T19:53:17.043+0000] {processor.py:826} INFO - Processing file /home/airflow/.local/lib/python3.7/site-packages/airflow/example_dags/example_sensors.py for tasks to queue
[2023-09-01T19:53:17.044+0000] {logging_mixin.py:150} INFO - [2023-09-01T19:53:17.043+0000] {dagbag.py:541} INFO - Filling up the DagBag from /home/airflow/.local/lib/python3.7/site-packages/airflow/example_dags/example_sensors.py
[2023-09-01T19:53:17.058+0000] {processor.py:836} INFO - DAG(s) dict_keys(['example_sensors']) retrieved from /home/airflow/.local/lib/python3.7/site-packages/airflow/example_dags/example_sensors.py
[2023-09-01T19:53:17.083+0000] {logging_mixin.py:150} INFO - [2023-09-01T19:53:17.083+0000] {dag.py:2742} INFO - Sync 1 DAGs
[2023-09-01T19:53:17.105+0000] {logging_mixin.py:150} INFO - [2023-09-01T19:53:17.105+0000] {dag.py:3508} INFO - Setting next_dagrun for example_sensors to None, run_after=None
[2023-09-01T19:53:17.122+0000] {processor.py:179} INFO - Processing /home/airflow/.local/lib/python3.7/site-packages/airflow/example_dags/example_sensors.py took 0.086 seconds
[2023-09-01T19:53:47.518+0000] {processor.py:157} INFO - Started process (PID=2415) to work on /home/airflow/.local/lib/python3.7/site-packages/airflow/example_dags/example_sensors.py
[2023-09-01T19:53:47.523+0000] {processor.py:826} INFO - Processing file /home/airflow/.local/lib/python3.7/site-packages/airflow/example_dags/example_sensors.py for tasks to queue
[2023-09-01T19:53:47.524+0000] {logging_mixin.py:150} INFO - [2023-09-01T19:53:47.524+0000] {dagbag.py:541} INFO - Filling up the DagBag from /home/airflow/.local/lib/python3.7/site-packages/airflow/example_dags/example_sensors.py
[2023-09-01T19:53:47.544+0000] {processor.py:836} INFO - DAG(s) dict_keys(['example_sensors']) retrieved from /home/airflow/.local/lib/python3.7/site-packages/airflow/example_dags/example_sensors.py
[2023-09-01T19:53:47.619+0000] {logging_mixin.py:150} INFO - [2023-09-01T19:53:47.617+0000] {dag.py:2742} INFO - Sync 1 DAGs
[2023-09-01T19:53:47.665+0000] {logging_mixin.py:150} INFO - [2023-09-01T19:53:47.665+0000] {dag.py:3508} INFO - Setting next_dagrun for example_sensors to None, run_after=None
[2023-09-01T19:53:47.704+0000] {processor.py:179} INFO - Processing /home/airflow/.local/lib/python3.7/site-packages/airflow/example_dags/example_sensors.py took 0.201 seconds
[2023-09-01T19:54:18.745+0000] {processor.py:157} INFO - Started process (PID=2470) to work on /home/airflow/.local/lib/python3.7/site-packages/airflow/example_dags/example_sensors.py
[2023-09-01T19:54:18.747+0000] {processor.py:826} INFO - Processing file /home/airflow/.local/lib/python3.7/site-packages/airflow/example_dags/example_sensors.py for tasks to queue
[2023-09-01T19:54:18.748+0000] {logging_mixin.py:150} INFO - [2023-09-01T19:54:18.748+0000] {dagbag.py:541} INFO - Filling up the DagBag from /home/airflow/.local/lib/python3.7/site-packages/airflow/example_dags/example_sensors.py
[2023-09-01T19:54:18.762+0000] {processor.py:836} INFO - DAG(s) dict_keys(['example_sensors']) retrieved from /home/airflow/.local/lib/python3.7/site-packages/airflow/example_dags/example_sensors.py
[2023-09-01T19:54:18.814+0000] {logging_mixin.py:150} INFO - [2023-09-01T19:54:18.814+0000] {dag.py:2742} INFO - Sync 1 DAGs
[2023-09-01T19:54:18.870+0000] {logging_mixin.py:150} INFO - [2023-09-01T19:54:18.870+0000] {dag.py:3508} INFO - Setting next_dagrun for example_sensors to None, run_after=None
[2023-09-01T19:54:18.918+0000] {processor.py:179} INFO - Processing /home/airflow/.local/lib/python3.7/site-packages/airflow/example_dags/example_sensors.py took 0.178 seconds
[2023-09-01T19:54:49.073+0000] {processor.py:157} INFO - Started process (PID=2524) to work on /home/airflow/.local/lib/python3.7/site-packages/airflow/example_dags/example_sensors.py
[2023-09-01T19:54:49.074+0000] {processor.py:826} INFO - Processing file /home/airflow/.local/lib/python3.7/site-packages/airflow/example_dags/example_sensors.py for tasks to queue
[2023-09-01T19:54:49.074+0000] {logging_mixin.py:150} INFO - [2023-09-01T19:54:49.074+0000] {dagbag.py:541} INFO - Filling up the DagBag from /home/airflow/.local/lib/python3.7/site-packages/airflow/example_dags/example_sensors.py
[2023-09-01T19:54:49.083+0000] {processor.py:836} INFO - DAG(s) dict_keys(['example_sensors']) retrieved from /home/airflow/.local/lib/python3.7/site-packages/airflow/example_dags/example_sensors.py
[2023-09-01T19:54:49.110+0000] {logging_mixin.py:150} INFO - [2023-09-01T19:54:49.110+0000] {dag.py:2742} INFO - Sync 1 DAGs
[2023-09-01T19:54:49.131+0000] {logging_mixin.py:150} INFO - [2023-09-01T19:54:49.131+0000] {dag.py:3508} INFO - Setting next_dagrun for example_sensors to None, run_after=None
[2023-09-01T19:54:49.155+0000] {processor.py:179} INFO - Processing /home/airflow/.local/lib/python3.7/site-packages/airflow/example_dags/example_sensors.py took 0.085 seconds
