[2023-09-01T19:31:59.207+0000] {processor.py:157} INFO - Started process (PID=79) to work on /home/airflow/.local/lib/python3.7/site-packages/airflow/example_dags/example_dag_decorator.py
[2023-09-01T19:31:59.221+0000] {processor.py:826} INFO - Processing file /home/airflow/.local/lib/python3.7/site-packages/airflow/example_dags/example_dag_decorator.py for tasks to queue
[2023-09-01T19:31:59.228+0000] {logging_mixin.py:150} INFO - [2023-09-01T19:31:59.223+0000] {dagbag.py:541} INFO - Filling up the DagBag from /home/airflow/.local/lib/python3.7/site-packages/airflow/example_dags/example_dag_decorator.py
[2023-09-01T19:31:59.388+0000] {processor.py:836} INFO - DAG(s) dict_keys(['example_dag_decorator']) retrieved from /home/airflow/.local/lib/python3.7/site-packages/airflow/example_dags/example_dag_decorator.py
[2023-09-01T19:32:00.138+0000] {logging_mixin.py:150} INFO - [2023-09-01T19:32:00.137+0000] {dag.py:2742} INFO - Sync 1 DAGs
[2023-09-01T19:32:00.263+0000] {logging_mixin.py:150} INFO - [2023-09-01T19:32:00.263+0000] {dag.py:3508} INFO - Setting next_dagrun for example_dag_decorator to None, run_after=None
[2023-09-01T19:32:00.360+0000] {processor.py:179} INFO - Processing /home/airflow/.local/lib/python3.7/site-packages/airflow/example_dags/example_dag_decorator.py took 1.201 seconds
[2023-09-01T19:32:30.523+0000] {processor.py:157} INFO - Started process (PID=134) to work on /home/airflow/.local/lib/python3.7/site-packages/airflow/example_dags/example_dag_decorator.py
[2023-09-01T19:32:30.524+0000] {processor.py:826} INFO - Processing file /home/airflow/.local/lib/python3.7/site-packages/airflow/example_dags/example_dag_decorator.py for tasks to queue
[2023-09-01T19:32:30.525+0000] {logging_mixin.py:150} INFO - [2023-09-01T19:32:30.525+0000] {dagbag.py:541} INFO - Filling up the DagBag from /home/airflow/.local/lib/python3.7/site-packages/airflow/example_dags/example_dag_decorator.py
[2023-09-01T19:32:30.537+0000] {processor.py:836} INFO - DAG(s) dict_keys(['example_dag_decorator']) retrieved from /home/airflow/.local/lib/python3.7/site-packages/airflow/example_dags/example_dag_decorator.py
[2023-09-01T19:32:30.642+0000] {logging_mixin.py:150} INFO - [2023-09-01T19:32:30.641+0000] {dag.py:2742} INFO - Sync 1 DAGs
[2023-09-01T19:32:30.659+0000] {logging_mixin.py:150} INFO - [2023-09-01T19:32:30.659+0000] {dag.py:3508} INFO - Setting next_dagrun for example_dag_decorator to None, run_after=None
[2023-09-01T19:32:30.675+0000] {processor.py:179} INFO - Processing /home/airflow/.local/lib/python3.7/site-packages/airflow/example_dags/example_dag_decorator.py took 0.155 seconds
[2023-09-01T19:33:01.381+0000] {processor.py:157} INFO - Started process (PID=189) to work on /home/airflow/.local/lib/python3.7/site-packages/airflow/example_dags/example_dag_decorator.py
[2023-09-01T19:33:01.382+0000] {processor.py:826} INFO - Processing file /home/airflow/.local/lib/python3.7/site-packages/airflow/example_dags/example_dag_decorator.py for tasks to queue
[2023-09-01T19:33:01.383+0000] {logging_mixin.py:150} INFO - [2023-09-01T19:33:01.383+0000] {dagbag.py:541} INFO - Filling up the DagBag from /home/airflow/.local/lib/python3.7/site-packages/airflow/example_dags/example_dag_decorator.py
[2023-09-01T19:33:01.395+0000] {processor.py:836} INFO - DAG(s) dict_keys(['example_dag_decorator']) retrieved from /home/airflow/.local/lib/python3.7/site-packages/airflow/example_dags/example_dag_decorator.py
[2023-09-01T19:33:01.516+0000] {logging_mixin.py:150} INFO - [2023-09-01T19:33:01.516+0000] {dag.py:2742} INFO - Sync 1 DAGs
[2023-09-01T19:33:01.534+0000] {logging_mixin.py:150} INFO - [2023-09-01T19:33:01.534+0000] {dag.py:3508} INFO - Setting next_dagrun for example_dag_decorator to None, run_after=None
[2023-09-01T19:33:01.551+0000] {processor.py:179} INFO - Processing /home/airflow/.local/lib/python3.7/site-packages/airflow/example_dags/example_dag_decorator.py took 0.173 seconds
[2023-09-01T19:33:31.685+0000] {processor.py:157} INFO - Started process (PID=244) to work on /home/airflow/.local/lib/python3.7/site-packages/airflow/example_dags/example_dag_decorator.py
[2023-09-01T19:33:31.685+0000] {processor.py:826} INFO - Processing file /home/airflow/.local/lib/python3.7/site-packages/airflow/example_dags/example_dag_decorator.py for tasks to queue
[2023-09-01T19:33:31.686+0000] {logging_mixin.py:150} INFO - [2023-09-01T19:33:31.686+0000] {dagbag.py:541} INFO - Filling up the DagBag from /home/airflow/.local/lib/python3.7/site-packages/airflow/example_dags/example_dag_decorator.py
[2023-09-01T19:33:31.699+0000] {processor.py:836} INFO - DAG(s) dict_keys(['example_dag_decorator']) retrieved from /home/airflow/.local/lib/python3.7/site-packages/airflow/example_dags/example_dag_decorator.py
[2023-09-01T19:33:31.800+0000] {logging_mixin.py:150} INFO - [2023-09-01T19:33:31.800+0000] {dag.py:2742} INFO - Sync 1 DAGs
[2023-09-01T19:33:31.819+0000] {logging_mixin.py:150} INFO - [2023-09-01T19:33:31.818+0000] {dag.py:3508} INFO - Setting next_dagrun for example_dag_decorator to None, run_after=None
[2023-09-01T19:33:31.832+0000] {processor.py:179} INFO - Processing /home/airflow/.local/lib/python3.7/site-packages/airflow/example_dags/example_dag_decorator.py took 0.150 seconds
[2023-09-01T19:34:02.181+0000] {processor.py:157} INFO - Started process (PID=299) to work on /home/airflow/.local/lib/python3.7/site-packages/airflow/example_dags/example_dag_decorator.py
[2023-09-01T19:34:02.183+0000] {processor.py:826} INFO - Processing file /home/airflow/.local/lib/python3.7/site-packages/airflow/example_dags/example_dag_decorator.py for tasks to queue
[2023-09-01T19:34:02.183+0000] {logging_mixin.py:150} INFO - [2023-09-01T19:34:02.183+0000] {dagbag.py:541} INFO - Filling up the DagBag from /home/airflow/.local/lib/python3.7/site-packages/airflow/example_dags/example_dag_decorator.py
[2023-09-01T19:34:02.196+0000] {processor.py:836} INFO - DAG(s) dict_keys(['example_dag_decorator']) retrieved from /home/airflow/.local/lib/python3.7/site-packages/airflow/example_dags/example_dag_decorator.py
[2023-09-01T19:34:02.298+0000] {logging_mixin.py:150} INFO - [2023-09-01T19:34:02.297+0000] {dag.py:2742} INFO - Sync 1 DAGs
[2023-09-01T19:34:02.314+0000] {logging_mixin.py:150} INFO - [2023-09-01T19:34:02.314+0000] {dag.py:3508} INFO - Setting next_dagrun for example_dag_decorator to None, run_after=None
[2023-09-01T19:34:02.328+0000] {processor.py:179} INFO - Processing /home/airflow/.local/lib/python3.7/site-packages/airflow/example_dags/example_dag_decorator.py took 0.150 seconds
[2023-09-01T19:34:32.449+0000] {processor.py:157} INFO - Started process (PID=354) to work on /home/airflow/.local/lib/python3.7/site-packages/airflow/example_dags/example_dag_decorator.py
[2023-09-01T19:34:32.450+0000] {processor.py:826} INFO - Processing file /home/airflow/.local/lib/python3.7/site-packages/airflow/example_dags/example_dag_decorator.py for tasks to queue
[2023-09-01T19:34:32.451+0000] {logging_mixin.py:150} INFO - [2023-09-01T19:34:32.450+0000] {dagbag.py:541} INFO - Filling up the DagBag from /home/airflow/.local/lib/python3.7/site-packages/airflow/example_dags/example_dag_decorator.py
[2023-09-01T19:34:32.463+0000] {processor.py:836} INFO - DAG(s) dict_keys(['example_dag_decorator']) retrieved from /home/airflow/.local/lib/python3.7/site-packages/airflow/example_dags/example_dag_decorator.py
[2023-09-01T19:34:32.564+0000] {logging_mixin.py:150} INFO - [2023-09-01T19:34:32.564+0000] {dag.py:2742} INFO - Sync 1 DAGs
[2023-09-01T19:34:32.582+0000] {logging_mixin.py:150} INFO - [2023-09-01T19:34:32.582+0000] {dag.py:3508} INFO - Setting next_dagrun for example_dag_decorator to None, run_after=None
[2023-09-01T19:34:32.597+0000] {processor.py:179} INFO - Processing /home/airflow/.local/lib/python3.7/site-packages/airflow/example_dags/example_dag_decorator.py took 0.151 seconds
[2023-09-01T19:35:02.798+0000] {processor.py:157} INFO - Started process (PID=409) to work on /home/airflow/.local/lib/python3.7/site-packages/airflow/example_dags/example_dag_decorator.py
[2023-09-01T19:35:02.799+0000] {processor.py:826} INFO - Processing file /home/airflow/.local/lib/python3.7/site-packages/airflow/example_dags/example_dag_decorator.py for tasks to queue
[2023-09-01T19:35:02.800+0000] {logging_mixin.py:150} INFO - [2023-09-01T19:35:02.800+0000] {dagbag.py:541} INFO - Filling up the DagBag from /home/airflow/.local/lib/python3.7/site-packages/airflow/example_dags/example_dag_decorator.py
[2023-09-01T19:35:02.812+0000] {processor.py:836} INFO - DAG(s) dict_keys(['example_dag_decorator']) retrieved from /home/airflow/.local/lib/python3.7/site-packages/airflow/example_dags/example_dag_decorator.py
[2023-09-01T19:35:02.919+0000] {logging_mixin.py:150} INFO - [2023-09-01T19:35:02.919+0000] {dag.py:2742} INFO - Sync 1 DAGs
[2023-09-01T19:35:02.937+0000] {logging_mixin.py:150} INFO - [2023-09-01T19:35:02.937+0000] {dag.py:3508} INFO - Setting next_dagrun for example_dag_decorator to None, run_after=None
[2023-09-01T19:35:02.951+0000] {processor.py:179} INFO - Processing /home/airflow/.local/lib/python3.7/site-packages/airflow/example_dags/example_dag_decorator.py took 0.155 seconds
[2023-09-01T19:35:33.060+0000] {processor.py:157} INFO - Started process (PID=464) to work on /home/airflow/.local/lib/python3.7/site-packages/airflow/example_dags/example_dag_decorator.py
[2023-09-01T19:35:33.061+0000] {processor.py:826} INFO - Processing file /home/airflow/.local/lib/python3.7/site-packages/airflow/example_dags/example_dag_decorator.py for tasks to queue
[2023-09-01T19:35:33.061+0000] {logging_mixin.py:150} INFO - [2023-09-01T19:35:33.061+0000] {dagbag.py:541} INFO - Filling up the DagBag from /home/airflow/.local/lib/python3.7/site-packages/airflow/example_dags/example_dag_decorator.py
[2023-09-01T19:35:33.074+0000] {processor.py:836} INFO - DAG(s) dict_keys(['example_dag_decorator']) retrieved from /home/airflow/.local/lib/python3.7/site-packages/airflow/example_dags/example_dag_decorator.py
[2023-09-01T19:35:33.175+0000] {logging_mixin.py:150} INFO - [2023-09-01T19:35:33.174+0000] {dag.py:2742} INFO - Sync 1 DAGs
[2023-09-01T19:35:33.193+0000] {logging_mixin.py:150} INFO - [2023-09-01T19:35:33.193+0000] {dag.py:3508} INFO - Setting next_dagrun for example_dag_decorator to None, run_after=None
[2023-09-01T19:35:33.210+0000] {processor.py:179} INFO - Processing /home/airflow/.local/lib/python3.7/site-packages/airflow/example_dags/example_dag_decorator.py took 0.153 seconds
[2023-09-01T19:36:03.525+0000] {processor.py:157} INFO - Started process (PID=519) to work on /home/airflow/.local/lib/python3.7/site-packages/airflow/example_dags/example_dag_decorator.py
[2023-09-01T19:36:03.531+0000] {processor.py:826} INFO - Processing file /home/airflow/.local/lib/python3.7/site-packages/airflow/example_dags/example_dag_decorator.py for tasks to queue
[2023-09-01T19:36:03.532+0000] {logging_mixin.py:150} INFO - [2023-09-01T19:36:03.532+0000] {dagbag.py:541} INFO - Filling up the DagBag from /home/airflow/.local/lib/python3.7/site-packages/airflow/example_dags/example_dag_decorator.py
[2023-09-01T19:36:03.578+0000] {processor.py:836} INFO - DAG(s) dict_keys(['example_dag_decorator']) retrieved from /home/airflow/.local/lib/python3.7/site-packages/airflow/example_dags/example_dag_decorator.py
[2023-09-01T19:36:04.093+0000] {logging_mixin.py:150} INFO - [2023-09-01T19:36:04.093+0000] {dag.py:2742} INFO - Sync 1 DAGs
[2023-09-01T19:36:04.134+0000] {logging_mixin.py:150} INFO - [2023-09-01T19:36:04.134+0000] {dag.py:3508} INFO - Setting next_dagrun for example_dag_decorator to None, run_after=None
[2023-09-01T19:36:04.200+0000] {processor.py:179} INFO - Processing /home/airflow/.local/lib/python3.7/site-packages/airflow/example_dags/example_dag_decorator.py took 0.678 seconds
[2023-09-01T19:36:35.173+0000] {processor.py:157} INFO - Started process (PID=576) to work on /home/airflow/.local/lib/python3.7/site-packages/airflow/example_dags/example_dag_decorator.py
[2023-09-01T19:36:35.174+0000] {processor.py:826} INFO - Processing file /home/airflow/.local/lib/python3.7/site-packages/airflow/example_dags/example_dag_decorator.py for tasks to queue
[2023-09-01T19:36:35.175+0000] {logging_mixin.py:150} INFO - [2023-09-01T19:36:35.175+0000] {dagbag.py:541} INFO - Filling up the DagBag from /home/airflow/.local/lib/python3.7/site-packages/airflow/example_dags/example_dag_decorator.py
[2023-09-01T19:36:35.187+0000] {processor.py:836} INFO - DAG(s) dict_keys(['example_dag_decorator']) retrieved from /home/airflow/.local/lib/python3.7/site-packages/airflow/example_dags/example_dag_decorator.py
[2023-09-01T19:36:35.290+0000] {logging_mixin.py:150} INFO - [2023-09-01T19:36:35.290+0000] {dag.py:2742} INFO - Sync 1 DAGs
[2023-09-01T19:36:35.310+0000] {logging_mixin.py:150} INFO - [2023-09-01T19:36:35.309+0000] {dag.py:3508} INFO - Setting next_dagrun for example_dag_decorator to None, run_after=None
[2023-09-01T19:36:35.324+0000] {processor.py:179} INFO - Processing /home/airflow/.local/lib/python3.7/site-packages/airflow/example_dags/example_dag_decorator.py took 0.154 seconds
[2023-09-01T19:37:06.218+0000] {processor.py:157} INFO - Started process (PID=631) to work on /home/airflow/.local/lib/python3.7/site-packages/airflow/example_dags/example_dag_decorator.py
[2023-09-01T19:37:06.219+0000] {processor.py:826} INFO - Processing file /home/airflow/.local/lib/python3.7/site-packages/airflow/example_dags/example_dag_decorator.py for tasks to queue
[2023-09-01T19:37:06.221+0000] {logging_mixin.py:150} INFO - [2023-09-01T19:37:06.220+0000] {dagbag.py:541} INFO - Filling up the DagBag from /home/airflow/.local/lib/python3.7/site-packages/airflow/example_dags/example_dag_decorator.py
[2023-09-01T19:37:06.277+0000] {processor.py:836} INFO - DAG(s) dict_keys(['example_dag_decorator']) retrieved from /home/airflow/.local/lib/python3.7/site-packages/airflow/example_dags/example_dag_decorator.py
[2023-09-01T19:37:06.588+0000] {logging_mixin.py:150} INFO - [2023-09-01T19:37:06.588+0000] {dag.py:2742} INFO - Sync 1 DAGs
[2023-09-01T19:37:06.633+0000] {logging_mixin.py:150} INFO - [2023-09-01T19:37:06.633+0000] {dag.py:3508} INFO - Setting next_dagrun for example_dag_decorator to None, run_after=None
[2023-09-01T19:37:06.664+0000] {processor.py:179} INFO - Processing /home/airflow/.local/lib/python3.7/site-packages/airflow/example_dags/example_dag_decorator.py took 0.457 seconds
[2023-09-01T19:37:36.797+0000] {processor.py:157} INFO - Started process (PID=687) to work on /home/airflow/.local/lib/python3.7/site-packages/airflow/example_dags/example_dag_decorator.py
[2023-09-01T19:37:36.799+0000] {processor.py:826} INFO - Processing file /home/airflow/.local/lib/python3.7/site-packages/airflow/example_dags/example_dag_decorator.py for tasks to queue
[2023-09-01T19:37:36.799+0000] {logging_mixin.py:150} INFO - [2023-09-01T19:37:36.799+0000] {dagbag.py:541} INFO - Filling up the DagBag from /home/airflow/.local/lib/python3.7/site-packages/airflow/example_dags/example_dag_decorator.py
[2023-09-01T19:37:36.827+0000] {processor.py:836} INFO - DAG(s) dict_keys(['example_dag_decorator']) retrieved from /home/airflow/.local/lib/python3.7/site-packages/airflow/example_dags/example_dag_decorator.py
[2023-09-01T19:37:36.973+0000] {logging_mixin.py:150} INFO - [2023-09-01T19:37:36.973+0000] {dag.py:2742} INFO - Sync 1 DAGs
[2023-09-01T19:37:37.007+0000] {logging_mixin.py:150} INFO - [2023-09-01T19:37:37.007+0000] {dag.py:3508} INFO - Setting next_dagrun for example_dag_decorator to None, run_after=None
[2023-09-01T19:37:37.061+0000] {processor.py:179} INFO - Processing /home/airflow/.local/lib/python3.7/site-packages/airflow/example_dags/example_dag_decorator.py took 0.276 seconds
[2023-09-01T19:38:07.222+0000] {processor.py:157} INFO - Started process (PID=741) to work on /home/airflow/.local/lib/python3.7/site-packages/airflow/example_dags/example_dag_decorator.py
[2023-09-01T19:38:07.228+0000] {processor.py:826} INFO - Processing file /home/airflow/.local/lib/python3.7/site-packages/airflow/example_dags/example_dag_decorator.py for tasks to queue
[2023-09-01T19:38:07.229+0000] {logging_mixin.py:150} INFO - [2023-09-01T19:38:07.229+0000] {dagbag.py:541} INFO - Filling up the DagBag from /home/airflow/.local/lib/python3.7/site-packages/airflow/example_dags/example_dag_decorator.py
[2023-09-01T19:38:07.267+0000] {processor.py:836} INFO - DAG(s) dict_keys(['example_dag_decorator']) retrieved from /home/airflow/.local/lib/python3.7/site-packages/airflow/example_dags/example_dag_decorator.py
[2023-09-01T19:38:07.459+0000] {logging_mixin.py:150} INFO - [2023-09-01T19:38:07.459+0000] {dag.py:2742} INFO - Sync 1 DAGs
[2023-09-01T19:38:07.535+0000] {logging_mixin.py:150} INFO - [2023-09-01T19:38:07.534+0000] {dag.py:3508} INFO - Setting next_dagrun for example_dag_decorator to None, run_after=None
[2023-09-01T19:38:07.582+0000] {processor.py:179} INFO - Processing /home/airflow/.local/lib/python3.7/site-packages/airflow/example_dags/example_dag_decorator.py took 0.368 seconds
[2023-09-01T19:38:37.947+0000] {processor.py:157} INFO - Started process (PID=794) to work on /home/airflow/.local/lib/python3.7/site-packages/airflow/example_dags/example_dag_decorator.py
[2023-09-01T19:38:37.948+0000] {processor.py:826} INFO - Processing file /home/airflow/.local/lib/python3.7/site-packages/airflow/example_dags/example_dag_decorator.py for tasks to queue
[2023-09-01T19:38:37.949+0000] {logging_mixin.py:150} INFO - [2023-09-01T19:38:37.948+0000] {dagbag.py:541} INFO - Filling up the DagBag from /home/airflow/.local/lib/python3.7/site-packages/airflow/example_dags/example_dag_decorator.py
[2023-09-01T19:38:37.962+0000] {processor.py:836} INFO - DAG(s) dict_keys(['example_dag_decorator']) retrieved from /home/airflow/.local/lib/python3.7/site-packages/airflow/example_dags/example_dag_decorator.py
[2023-09-01T19:38:38.067+0000] {logging_mixin.py:150} INFO - [2023-09-01T19:38:38.067+0000] {dag.py:2742} INFO - Sync 1 DAGs
[2023-09-01T19:38:38.091+0000] {logging_mixin.py:150} INFO - [2023-09-01T19:38:38.091+0000] {dag.py:3508} INFO - Setting next_dagrun for example_dag_decorator to None, run_after=None
[2023-09-01T19:38:38.110+0000] {processor.py:179} INFO - Processing /home/airflow/.local/lib/python3.7/site-packages/airflow/example_dags/example_dag_decorator.py took 0.166 seconds
[2023-09-01T19:39:08.459+0000] {processor.py:157} INFO - Started process (PID=848) to work on /home/airflow/.local/lib/python3.7/site-packages/airflow/example_dags/example_dag_decorator.py
[2023-09-01T19:39:08.460+0000] {processor.py:826} INFO - Processing file /home/airflow/.local/lib/python3.7/site-packages/airflow/example_dags/example_dag_decorator.py for tasks to queue
[2023-09-01T19:39:08.462+0000] {logging_mixin.py:150} INFO - [2023-09-01T19:39:08.461+0000] {dagbag.py:541} INFO - Filling up the DagBag from /home/airflow/.local/lib/python3.7/site-packages/airflow/example_dags/example_dag_decorator.py
[2023-09-01T19:39:08.480+0000] {processor.py:836} INFO - DAG(s) dict_keys(['example_dag_decorator']) retrieved from /home/airflow/.local/lib/python3.7/site-packages/airflow/example_dags/example_dag_decorator.py
[2023-09-01T19:39:08.586+0000] {logging_mixin.py:150} INFO - [2023-09-01T19:39:08.586+0000] {dag.py:2742} INFO - Sync 1 DAGs
[2023-09-01T19:39:08.607+0000] {logging_mixin.py:150} INFO - [2023-09-01T19:39:08.607+0000] {dag.py:3508} INFO - Setting next_dagrun for example_dag_decorator to None, run_after=None
[2023-09-01T19:39:08.626+0000] {processor.py:179} INFO - Processing /home/airflow/.local/lib/python3.7/site-packages/airflow/example_dags/example_dag_decorator.py took 0.170 seconds
[2023-09-01T19:39:38.731+0000] {processor.py:157} INFO - Started process (PID=903) to work on /home/airflow/.local/lib/python3.7/site-packages/airflow/example_dags/example_dag_decorator.py
[2023-09-01T19:39:38.732+0000] {processor.py:826} INFO - Processing file /home/airflow/.local/lib/python3.7/site-packages/airflow/example_dags/example_dag_decorator.py for tasks to queue
[2023-09-01T19:39:38.733+0000] {logging_mixin.py:150} INFO - [2023-09-01T19:39:38.733+0000] {dagbag.py:541} INFO - Filling up the DagBag from /home/airflow/.local/lib/python3.7/site-packages/airflow/example_dags/example_dag_decorator.py
[2023-09-01T19:39:38.746+0000] {processor.py:836} INFO - DAG(s) dict_keys(['example_dag_decorator']) retrieved from /home/airflow/.local/lib/python3.7/site-packages/airflow/example_dags/example_dag_decorator.py
[2023-09-01T19:39:38.856+0000] {logging_mixin.py:150} INFO - [2023-09-01T19:39:38.856+0000] {dag.py:2742} INFO - Sync 1 DAGs
[2023-09-01T19:39:38.877+0000] {logging_mixin.py:150} INFO - [2023-09-01T19:39:38.877+0000] {dag.py:3508} INFO - Setting next_dagrun for example_dag_decorator to None, run_after=None
[2023-09-01T19:39:38.898+0000] {processor.py:179} INFO - Processing /home/airflow/.local/lib/python3.7/site-packages/airflow/example_dags/example_dag_decorator.py took 0.170 seconds
[2023-09-01T19:40:09.356+0000] {processor.py:157} INFO - Started process (PID=958) to work on /home/airflow/.local/lib/python3.7/site-packages/airflow/example_dags/example_dag_decorator.py
[2023-09-01T19:40:09.357+0000] {processor.py:826} INFO - Processing file /home/airflow/.local/lib/python3.7/site-packages/airflow/example_dags/example_dag_decorator.py for tasks to queue
[2023-09-01T19:40:09.358+0000] {logging_mixin.py:150} INFO - [2023-09-01T19:40:09.358+0000] {dagbag.py:541} INFO - Filling up the DagBag from /home/airflow/.local/lib/python3.7/site-packages/airflow/example_dags/example_dag_decorator.py
[2023-09-01T19:40:09.424+0000] {processor.py:836} INFO - DAG(s) dict_keys(['example_dag_decorator']) retrieved from /home/airflow/.local/lib/python3.7/site-packages/airflow/example_dags/example_dag_decorator.py
[2023-09-01T19:40:09.667+0000] {logging_mixin.py:150} INFO - [2023-09-01T19:40:09.667+0000] {dag.py:2742} INFO - Sync 1 DAGs
[2023-09-01T19:40:09.688+0000] {logging_mixin.py:150} INFO - [2023-09-01T19:40:09.688+0000] {dag.py:3508} INFO - Setting next_dagrun for example_dag_decorator to None, run_after=None
[2023-09-01T19:40:09.706+0000] {processor.py:179} INFO - Processing /home/airflow/.local/lib/python3.7/site-packages/airflow/example_dags/example_dag_decorator.py took 0.361 seconds
[2023-09-01T19:40:40.366+0000] {processor.py:157} INFO - Started process (PID=1012) to work on /home/airflow/.local/lib/python3.7/site-packages/airflow/example_dags/example_dag_decorator.py
[2023-09-01T19:40:40.375+0000] {processor.py:826} INFO - Processing file /home/airflow/.local/lib/python3.7/site-packages/airflow/example_dags/example_dag_decorator.py for tasks to queue
[2023-09-01T19:40:40.376+0000] {logging_mixin.py:150} INFO - [2023-09-01T19:40:40.376+0000] {dagbag.py:541} INFO - Filling up the DagBag from /home/airflow/.local/lib/python3.7/site-packages/airflow/example_dags/example_dag_decorator.py
[2023-09-01T19:40:40.401+0000] {processor.py:836} INFO - DAG(s) dict_keys(['example_dag_decorator']) retrieved from /home/airflow/.local/lib/python3.7/site-packages/airflow/example_dags/example_dag_decorator.py
[2023-09-01T19:40:40.628+0000] {logging_mixin.py:150} INFO - [2023-09-01T19:40:40.628+0000] {dag.py:2742} INFO - Sync 1 DAGs
[2023-09-01T19:40:40.658+0000] {logging_mixin.py:150} INFO - [2023-09-01T19:40:40.658+0000] {dag.py:3508} INFO - Setting next_dagrun for example_dag_decorator to None, run_after=None
[2023-09-01T19:40:40.679+0000] {processor.py:179} INFO - Processing /home/airflow/.local/lib/python3.7/site-packages/airflow/example_dags/example_dag_decorator.py took 0.317 seconds
[2023-09-01T19:41:10.720+0000] {processor.py:157} INFO - Started process (PID=1067) to work on /home/airflow/.local/lib/python3.7/site-packages/airflow/example_dags/example_dag_decorator.py
[2023-09-01T19:41:10.721+0000] {processor.py:826} INFO - Processing file /home/airflow/.local/lib/python3.7/site-packages/airflow/example_dags/example_dag_decorator.py for tasks to queue
[2023-09-01T19:41:10.722+0000] {logging_mixin.py:150} INFO - [2023-09-01T19:41:10.721+0000] {dagbag.py:541} INFO - Filling up the DagBag from /home/airflow/.local/lib/python3.7/site-packages/airflow/example_dags/example_dag_decorator.py
[2023-09-01T19:41:10.737+0000] {processor.py:836} INFO - DAG(s) dict_keys(['example_dag_decorator']) retrieved from /home/airflow/.local/lib/python3.7/site-packages/airflow/example_dags/example_dag_decorator.py
[2023-09-01T19:41:10.999+0000] {logging_mixin.py:150} INFO - [2023-09-01T19:41:10.999+0000] {dag.py:2742} INFO - Sync 1 DAGs
[2023-09-01T19:41:11.035+0000] {logging_mixin.py:150} INFO - [2023-09-01T19:41:11.035+0000] {dag.py:3508} INFO - Setting next_dagrun for example_dag_decorator to None, run_after=None
[2023-09-01T19:41:11.068+0000] {processor.py:179} INFO - Processing /home/airflow/.local/lib/python3.7/site-packages/airflow/example_dags/example_dag_decorator.py took 0.353 seconds
[2023-09-01T19:41:41.851+0000] {processor.py:157} INFO - Started process (PID=1122) to work on /home/airflow/.local/lib/python3.7/site-packages/airflow/example_dags/example_dag_decorator.py
[2023-09-01T19:41:41.863+0000] {processor.py:826} INFO - Processing file /home/airflow/.local/lib/python3.7/site-packages/airflow/example_dags/example_dag_decorator.py for tasks to queue
[2023-09-01T19:41:41.864+0000] {logging_mixin.py:150} INFO - [2023-09-01T19:41:41.864+0000] {dagbag.py:541} INFO - Filling up the DagBag from /home/airflow/.local/lib/python3.7/site-packages/airflow/example_dags/example_dag_decorator.py
[2023-09-01T19:41:41.908+0000] {processor.py:836} INFO - DAG(s) dict_keys(['example_dag_decorator']) retrieved from /home/airflow/.local/lib/python3.7/site-packages/airflow/example_dags/example_dag_decorator.py
[2023-09-01T19:41:42.371+0000] {logging_mixin.py:150} INFO - [2023-09-01T19:41:42.371+0000] {dag.py:2742} INFO - Sync 1 DAGs
[2023-09-01T19:41:42.411+0000] {logging_mixin.py:150} INFO - [2023-09-01T19:41:42.410+0000] {dag.py:3508} INFO - Setting next_dagrun for example_dag_decorator to None, run_after=None
[2023-09-01T19:41:42.431+0000] {processor.py:179} INFO - Processing /home/airflow/.local/lib/python3.7/site-packages/airflow/example_dags/example_dag_decorator.py took 0.584 seconds
[2023-09-01T19:42:13.247+0000] {processor.py:157} INFO - Started process (PID=1176) to work on /home/airflow/.local/lib/python3.7/site-packages/airflow/example_dags/example_dag_decorator.py
[2023-09-01T19:42:13.248+0000] {processor.py:826} INFO - Processing file /home/airflow/.local/lib/python3.7/site-packages/airflow/example_dags/example_dag_decorator.py for tasks to queue
[2023-09-01T19:42:13.248+0000] {logging_mixin.py:150} INFO - [2023-09-01T19:42:13.248+0000] {dagbag.py:541} INFO - Filling up the DagBag from /home/airflow/.local/lib/python3.7/site-packages/airflow/example_dags/example_dag_decorator.py
[2023-09-01T19:42:13.276+0000] {processor.py:836} INFO - DAG(s) dict_keys(['example_dag_decorator']) retrieved from /home/airflow/.local/lib/python3.7/site-packages/airflow/example_dags/example_dag_decorator.py
[2023-09-01T19:42:13.763+0000] {logging_mixin.py:150} INFO - [2023-09-01T19:42:13.746+0000] {dag.py:2742} INFO - Sync 1 DAGs
[2023-09-01T19:42:13.872+0000] {logging_mixin.py:150} INFO - [2023-09-01T19:42:13.872+0000] {dag.py:3508} INFO - Setting next_dagrun for example_dag_decorator to None, run_after=None
[2023-09-01T19:42:13.955+0000] {processor.py:179} INFO - Processing /home/airflow/.local/lib/python3.7/site-packages/airflow/example_dags/example_dag_decorator.py took 0.711 seconds
[2023-09-01T19:42:44.237+0000] {processor.py:157} INFO - Started process (PID=1231) to work on /home/airflow/.local/lib/python3.7/site-packages/airflow/example_dags/example_dag_decorator.py
[2023-09-01T19:42:44.238+0000] {processor.py:826} INFO - Processing file /home/airflow/.local/lib/python3.7/site-packages/airflow/example_dags/example_dag_decorator.py for tasks to queue
[2023-09-01T19:42:44.239+0000] {logging_mixin.py:150} INFO - [2023-09-01T19:42:44.239+0000] {dagbag.py:541} INFO - Filling up the DagBag from /home/airflow/.local/lib/python3.7/site-packages/airflow/example_dags/example_dag_decorator.py
[2023-09-01T19:42:44.252+0000] {processor.py:836} INFO - DAG(s) dict_keys(['example_dag_decorator']) retrieved from /home/airflow/.local/lib/python3.7/site-packages/airflow/example_dags/example_dag_decorator.py
[2023-09-01T19:42:44.593+0000] {logging_mixin.py:150} INFO - [2023-09-01T19:42:44.593+0000] {dag.py:2742} INFO - Sync 1 DAGs
[2023-09-01T19:42:44.639+0000] {logging_mixin.py:150} INFO - [2023-09-01T19:42:44.639+0000] {dag.py:3508} INFO - Setting next_dagrun for example_dag_decorator to None, run_after=None
[2023-09-01T19:42:44.660+0000] {processor.py:179} INFO - Processing /home/airflow/.local/lib/python3.7/site-packages/airflow/example_dags/example_dag_decorator.py took 0.426 seconds
[2023-09-01T19:43:14.805+0000] {processor.py:157} INFO - Started process (PID=1286) to work on /home/airflow/.local/lib/python3.7/site-packages/airflow/example_dags/example_dag_decorator.py
[2023-09-01T19:43:14.806+0000] {processor.py:826} INFO - Processing file /home/airflow/.local/lib/python3.7/site-packages/airflow/example_dags/example_dag_decorator.py for tasks to queue
[2023-09-01T19:43:14.806+0000] {logging_mixin.py:150} INFO - [2023-09-01T19:43:14.806+0000] {dagbag.py:541} INFO - Filling up the DagBag from /home/airflow/.local/lib/python3.7/site-packages/airflow/example_dags/example_dag_decorator.py
[2023-09-01T19:43:14.819+0000] {processor.py:836} INFO - DAG(s) dict_keys(['example_dag_decorator']) retrieved from /home/airflow/.local/lib/python3.7/site-packages/airflow/example_dags/example_dag_decorator.py
[2023-09-01T19:43:14.924+0000] {logging_mixin.py:150} INFO - [2023-09-01T19:43:14.924+0000] {dag.py:2742} INFO - Sync 1 DAGs
[2023-09-01T19:43:14.944+0000] {logging_mixin.py:150} INFO - [2023-09-01T19:43:14.944+0000] {dag.py:3508} INFO - Setting next_dagrun for example_dag_decorator to None, run_after=None
[2023-09-01T19:43:14.961+0000] {processor.py:179} INFO - Processing /home/airflow/.local/lib/python3.7/site-packages/airflow/example_dags/example_dag_decorator.py took 0.160 seconds
[2023-09-01T19:43:45.263+0000] {processor.py:157} INFO - Started process (PID=1341) to work on /home/airflow/.local/lib/python3.7/site-packages/airflow/example_dags/example_dag_decorator.py
[2023-09-01T19:43:45.263+0000] {processor.py:826} INFO - Processing file /home/airflow/.local/lib/python3.7/site-packages/airflow/example_dags/example_dag_decorator.py for tasks to queue
[2023-09-01T19:43:45.264+0000] {logging_mixin.py:150} INFO - [2023-09-01T19:43:45.264+0000] {dagbag.py:541} INFO - Filling up the DagBag from /home/airflow/.local/lib/python3.7/site-packages/airflow/example_dags/example_dag_decorator.py
[2023-09-01T19:43:45.277+0000] {processor.py:836} INFO - DAG(s) dict_keys(['example_dag_decorator']) retrieved from /home/airflow/.local/lib/python3.7/site-packages/airflow/example_dags/example_dag_decorator.py
[2023-09-01T19:43:45.379+0000] {logging_mixin.py:150} INFO - [2023-09-01T19:43:45.379+0000] {dag.py:2742} INFO - Sync 1 DAGs
[2023-09-01T19:43:45.399+0000] {logging_mixin.py:150} INFO - [2023-09-01T19:43:45.399+0000] {dag.py:3508} INFO - Setting next_dagrun for example_dag_decorator to None, run_after=None
[2023-09-01T19:43:45.415+0000] {processor.py:179} INFO - Processing /home/airflow/.local/lib/python3.7/site-packages/airflow/example_dags/example_dag_decorator.py took 0.155 seconds
[2023-09-01T19:44:15.908+0000] {processor.py:157} INFO - Started process (PID=1396) to work on /home/airflow/.local/lib/python3.7/site-packages/airflow/example_dags/example_dag_decorator.py
[2023-09-01T19:44:15.910+0000] {processor.py:826} INFO - Processing file /home/airflow/.local/lib/python3.7/site-packages/airflow/example_dags/example_dag_decorator.py for tasks to queue
[2023-09-01T19:44:15.910+0000] {logging_mixin.py:150} INFO - [2023-09-01T19:44:15.910+0000] {dagbag.py:541} INFO - Filling up the DagBag from /home/airflow/.local/lib/python3.7/site-packages/airflow/example_dags/example_dag_decorator.py
[2023-09-01T19:44:15.932+0000] {processor.py:836} INFO - DAG(s) dict_keys(['example_dag_decorator']) retrieved from /home/airflow/.local/lib/python3.7/site-packages/airflow/example_dags/example_dag_decorator.py
[2023-09-01T19:44:16.047+0000] {logging_mixin.py:150} INFO - [2023-09-01T19:44:16.047+0000] {dag.py:2742} INFO - Sync 1 DAGs
[2023-09-01T19:44:16.068+0000] {logging_mixin.py:150} INFO - [2023-09-01T19:44:16.067+0000] {dag.py:3508} INFO - Setting next_dagrun for example_dag_decorator to None, run_after=None
[2023-09-01T19:44:16.086+0000] {processor.py:179} INFO - Processing /home/airflow/.local/lib/python3.7/site-packages/airflow/example_dags/example_dag_decorator.py took 0.181 seconds
[2023-09-01T19:44:46.399+0000] {processor.py:157} INFO - Started process (PID=1451) to work on /home/airflow/.local/lib/python3.7/site-packages/airflow/example_dags/example_dag_decorator.py
[2023-09-01T19:44:46.399+0000] {processor.py:826} INFO - Processing file /home/airflow/.local/lib/python3.7/site-packages/airflow/example_dags/example_dag_decorator.py for tasks to queue
[2023-09-01T19:44:46.400+0000] {logging_mixin.py:150} INFO - [2023-09-01T19:44:46.400+0000] {dagbag.py:541} INFO - Filling up the DagBag from /home/airflow/.local/lib/python3.7/site-packages/airflow/example_dags/example_dag_decorator.py
[2023-09-01T19:44:46.417+0000] {processor.py:836} INFO - DAG(s) dict_keys(['example_dag_decorator']) retrieved from /home/airflow/.local/lib/python3.7/site-packages/airflow/example_dags/example_dag_decorator.py
[2023-09-01T19:44:46.524+0000] {logging_mixin.py:150} INFO - [2023-09-01T19:44:46.523+0000] {dag.py:2742} INFO - Sync 1 DAGs
[2023-09-01T19:44:46.547+0000] {logging_mixin.py:150} INFO - [2023-09-01T19:44:46.547+0000] {dag.py:3508} INFO - Setting next_dagrun for example_dag_decorator to None, run_after=None
[2023-09-01T19:44:46.573+0000] {processor.py:179} INFO - Processing /home/airflow/.local/lib/python3.7/site-packages/airflow/example_dags/example_dag_decorator.py took 0.177 seconds
[2023-09-01T19:45:16.739+0000] {processor.py:157} INFO - Started process (PID=1506) to work on /home/airflow/.local/lib/python3.7/site-packages/airflow/example_dags/example_dag_decorator.py
[2023-09-01T19:45:16.740+0000] {processor.py:826} INFO - Processing file /home/airflow/.local/lib/python3.7/site-packages/airflow/example_dags/example_dag_decorator.py for tasks to queue
[2023-09-01T19:45:16.741+0000] {logging_mixin.py:150} INFO - [2023-09-01T19:45:16.740+0000] {dagbag.py:541} INFO - Filling up the DagBag from /home/airflow/.local/lib/python3.7/site-packages/airflow/example_dags/example_dag_decorator.py
[2023-09-01T19:45:16.756+0000] {processor.py:836} INFO - DAG(s) dict_keys(['example_dag_decorator']) retrieved from /home/airflow/.local/lib/python3.7/site-packages/airflow/example_dags/example_dag_decorator.py
[2023-09-01T19:45:16.868+0000] {logging_mixin.py:150} INFO - [2023-09-01T19:45:16.868+0000] {dag.py:2742} INFO - Sync 1 DAGs
[2023-09-01T19:45:16.887+0000] {logging_mixin.py:150} INFO - [2023-09-01T19:45:16.887+0000] {dag.py:3508} INFO - Setting next_dagrun for example_dag_decorator to None, run_after=None
[2023-09-01T19:45:16.904+0000] {processor.py:179} INFO - Processing /home/airflow/.local/lib/python3.7/site-packages/airflow/example_dags/example_dag_decorator.py took 0.168 seconds
[2023-09-01T19:45:47.061+0000] {processor.py:157} INFO - Started process (PID=1561) to work on /home/airflow/.local/lib/python3.7/site-packages/airflow/example_dags/example_dag_decorator.py
[2023-09-01T19:45:47.062+0000] {processor.py:826} INFO - Processing file /home/airflow/.local/lib/python3.7/site-packages/airflow/example_dags/example_dag_decorator.py for tasks to queue
[2023-09-01T19:45:47.062+0000] {logging_mixin.py:150} INFO - [2023-09-01T19:45:47.062+0000] {dagbag.py:541} INFO - Filling up the DagBag from /home/airflow/.local/lib/python3.7/site-packages/airflow/example_dags/example_dag_decorator.py
[2023-09-01T19:45:47.074+0000] {processor.py:836} INFO - DAG(s) dict_keys(['example_dag_decorator']) retrieved from /home/airflow/.local/lib/python3.7/site-packages/airflow/example_dags/example_dag_decorator.py
[2023-09-01T19:45:47.228+0000] {logging_mixin.py:150} INFO - [2023-09-01T19:45:47.228+0000] {dag.py:2742} INFO - Sync 1 DAGs
[2023-09-01T19:45:47.248+0000] {logging_mixin.py:150} INFO - [2023-09-01T19:45:47.248+0000] {dag.py:3508} INFO - Setting next_dagrun for example_dag_decorator to None, run_after=None
[2023-09-01T19:45:47.264+0000] {processor.py:179} INFO - Processing /home/airflow/.local/lib/python3.7/site-packages/airflow/example_dags/example_dag_decorator.py took 0.205 seconds
[2023-09-01T19:46:17.441+0000] {processor.py:157} INFO - Started process (PID=1616) to work on /home/airflow/.local/lib/python3.7/site-packages/airflow/example_dags/example_dag_decorator.py
[2023-09-01T19:46:17.443+0000] {processor.py:826} INFO - Processing file /home/airflow/.local/lib/python3.7/site-packages/airflow/example_dags/example_dag_decorator.py for tasks to queue
[2023-09-01T19:46:17.443+0000] {logging_mixin.py:150} INFO - [2023-09-01T19:46:17.443+0000] {dagbag.py:541} INFO - Filling up the DagBag from /home/airflow/.local/lib/python3.7/site-packages/airflow/example_dags/example_dag_decorator.py
[2023-09-01T19:46:17.456+0000] {processor.py:836} INFO - DAG(s) dict_keys(['example_dag_decorator']) retrieved from /home/airflow/.local/lib/python3.7/site-packages/airflow/example_dags/example_dag_decorator.py
[2023-09-01T19:46:17.560+0000] {logging_mixin.py:150} INFO - [2023-09-01T19:46:17.560+0000] {dag.py:2742} INFO - Sync 1 DAGs
[2023-09-01T19:46:17.579+0000] {logging_mixin.py:150} INFO - [2023-09-01T19:46:17.579+0000] {dag.py:3508} INFO - Setting next_dagrun for example_dag_decorator to None, run_after=None
[2023-09-01T19:46:17.596+0000] {processor.py:179} INFO - Processing /home/airflow/.local/lib/python3.7/site-packages/airflow/example_dags/example_dag_decorator.py took 0.159 seconds
[2023-09-01T19:46:47.915+0000] {processor.py:157} INFO - Started process (PID=1671) to work on /home/airflow/.local/lib/python3.7/site-packages/airflow/example_dags/example_dag_decorator.py
[2023-09-01T19:46:47.917+0000] {processor.py:826} INFO - Processing file /home/airflow/.local/lib/python3.7/site-packages/airflow/example_dags/example_dag_decorator.py for tasks to queue
[2023-09-01T19:46:47.917+0000] {logging_mixin.py:150} INFO - [2023-09-01T19:46:47.917+0000] {dagbag.py:541} INFO - Filling up the DagBag from /home/airflow/.local/lib/python3.7/site-packages/airflow/example_dags/example_dag_decorator.py
[2023-09-01T19:46:47.934+0000] {processor.py:836} INFO - DAG(s) dict_keys(['example_dag_decorator']) retrieved from /home/airflow/.local/lib/python3.7/site-packages/airflow/example_dags/example_dag_decorator.py
[2023-09-01T19:46:48.050+0000] {logging_mixin.py:150} INFO - [2023-09-01T19:46:48.050+0000] {dag.py:2742} INFO - Sync 1 DAGs
[2023-09-01T19:46:48.072+0000] {logging_mixin.py:150} INFO - [2023-09-01T19:46:48.072+0000] {dag.py:3508} INFO - Setting next_dagrun for example_dag_decorator to None, run_after=None
[2023-09-01T19:46:48.091+0000] {processor.py:179} INFO - Processing /home/airflow/.local/lib/python3.7/site-packages/airflow/example_dags/example_dag_decorator.py took 0.179 seconds
[2023-09-01T19:47:18.562+0000] {processor.py:157} INFO - Started process (PID=1726) to work on /home/airflow/.local/lib/python3.7/site-packages/airflow/example_dags/example_dag_decorator.py
[2023-09-01T19:47:18.562+0000] {processor.py:826} INFO - Processing file /home/airflow/.local/lib/python3.7/site-packages/airflow/example_dags/example_dag_decorator.py for tasks to queue
[2023-09-01T19:47:18.563+0000] {logging_mixin.py:150} INFO - [2023-09-01T19:47:18.563+0000] {dagbag.py:541} INFO - Filling up the DagBag from /home/airflow/.local/lib/python3.7/site-packages/airflow/example_dags/example_dag_decorator.py
[2023-09-01T19:47:18.575+0000] {processor.py:836} INFO - DAG(s) dict_keys(['example_dag_decorator']) retrieved from /home/airflow/.local/lib/python3.7/site-packages/airflow/example_dags/example_dag_decorator.py
[2023-09-01T19:47:18.683+0000] {logging_mixin.py:150} INFO - [2023-09-01T19:47:18.683+0000] {dag.py:2742} INFO - Sync 1 DAGs
[2023-09-01T19:47:18.703+0000] {logging_mixin.py:150} INFO - [2023-09-01T19:47:18.703+0000] {dag.py:3508} INFO - Setting next_dagrun for example_dag_decorator to None, run_after=None
[2023-09-01T19:47:18.719+0000] {processor.py:179} INFO - Processing /home/airflow/.local/lib/python3.7/site-packages/airflow/example_dags/example_dag_decorator.py took 0.161 seconds
[2023-09-01T19:47:49.056+0000] {processor.py:157} INFO - Started process (PID=1781) to work on /home/airflow/.local/lib/python3.7/site-packages/airflow/example_dags/example_dag_decorator.py
[2023-09-01T19:47:49.058+0000] {processor.py:826} INFO - Processing file /home/airflow/.local/lib/python3.7/site-packages/airflow/example_dags/example_dag_decorator.py for tasks to queue
[2023-09-01T19:47:49.059+0000] {logging_mixin.py:150} INFO - [2023-09-01T19:47:49.059+0000] {dagbag.py:541} INFO - Filling up the DagBag from /home/airflow/.local/lib/python3.7/site-packages/airflow/example_dags/example_dag_decorator.py
[2023-09-01T19:47:49.083+0000] {processor.py:836} INFO - DAG(s) dict_keys(['example_dag_decorator']) retrieved from /home/airflow/.local/lib/python3.7/site-packages/airflow/example_dags/example_dag_decorator.py
[2023-09-01T19:47:49.305+0000] {logging_mixin.py:150} INFO - [2023-09-01T19:47:49.305+0000] {dag.py:2742} INFO - Sync 1 DAGs
[2023-09-01T19:47:49.339+0000] {logging_mixin.py:150} INFO - [2023-09-01T19:47:49.339+0000] {dag.py:3508} INFO - Setting next_dagrun for example_dag_decorator to None, run_after=None
[2023-09-01T19:47:49.365+0000] {processor.py:179} INFO - Processing /home/airflow/.local/lib/python3.7/site-packages/airflow/example_dags/example_dag_decorator.py took 0.314 seconds
[2023-09-01T19:48:19.614+0000] {processor.py:157} INFO - Started process (PID=1836) to work on /home/airflow/.local/lib/python3.7/site-packages/airflow/example_dags/example_dag_decorator.py
[2023-09-01T19:48:19.615+0000] {processor.py:826} INFO - Processing file /home/airflow/.local/lib/python3.7/site-packages/airflow/example_dags/example_dag_decorator.py for tasks to queue
[2023-09-01T19:48:19.616+0000] {logging_mixin.py:150} INFO - [2023-09-01T19:48:19.616+0000] {dagbag.py:541} INFO - Filling up the DagBag from /home/airflow/.local/lib/python3.7/site-packages/airflow/example_dags/example_dag_decorator.py
[2023-09-01T19:48:19.633+0000] {processor.py:836} INFO - DAG(s) dict_keys(['example_dag_decorator']) retrieved from /home/airflow/.local/lib/python3.7/site-packages/airflow/example_dags/example_dag_decorator.py
[2023-09-01T19:48:19.745+0000] {logging_mixin.py:150} INFO - [2023-09-01T19:48:19.745+0000] {dag.py:2742} INFO - Sync 1 DAGs
[2023-09-01T19:48:19.767+0000] {logging_mixin.py:150} INFO - [2023-09-01T19:48:19.767+0000] {dag.py:3508} INFO - Setting next_dagrun for example_dag_decorator to None, run_after=None
[2023-09-01T19:48:19.784+0000] {processor.py:179} INFO - Processing /home/airflow/.local/lib/python3.7/site-packages/airflow/example_dags/example_dag_decorator.py took 0.173 seconds
[2023-09-01T19:48:50.311+0000] {processor.py:157} INFO - Started process (PID=1890) to work on /home/airflow/.local/lib/python3.7/site-packages/airflow/example_dags/example_dag_decorator.py
[2023-09-01T19:48:50.312+0000] {processor.py:826} INFO - Processing file /home/airflow/.local/lib/python3.7/site-packages/airflow/example_dags/example_dag_decorator.py for tasks to queue
[2023-09-01T19:48:50.312+0000] {logging_mixin.py:150} INFO - [2023-09-01T19:48:50.312+0000] {dagbag.py:541} INFO - Filling up the DagBag from /home/airflow/.local/lib/python3.7/site-packages/airflow/example_dags/example_dag_decorator.py
[2023-09-01T19:48:50.324+0000] {processor.py:836} INFO - DAG(s) dict_keys(['example_dag_decorator']) retrieved from /home/airflow/.local/lib/python3.7/site-packages/airflow/example_dags/example_dag_decorator.py
[2023-09-01T19:48:50.440+0000] {logging_mixin.py:150} INFO - [2023-09-01T19:48:50.440+0000] {dag.py:2742} INFO - Sync 1 DAGs
[2023-09-01T19:48:50.462+0000] {logging_mixin.py:150} INFO - [2023-09-01T19:48:50.461+0000] {dag.py:3508} INFO - Setting next_dagrun for example_dag_decorator to None, run_after=None
[2023-09-01T19:48:50.478+0000] {processor.py:179} INFO - Processing /home/airflow/.local/lib/python3.7/site-packages/airflow/example_dags/example_dag_decorator.py took 0.171 seconds
[2023-09-01T19:49:21.037+0000] {processor.py:157} INFO - Started process (PID=1945) to work on /home/airflow/.local/lib/python3.7/site-packages/airflow/example_dags/example_dag_decorator.py
[2023-09-01T19:49:21.038+0000] {processor.py:826} INFO - Processing file /home/airflow/.local/lib/python3.7/site-packages/airflow/example_dags/example_dag_decorator.py for tasks to queue
[2023-09-01T19:49:21.039+0000] {logging_mixin.py:150} INFO - [2023-09-01T19:49:21.039+0000] {dagbag.py:541} INFO - Filling up the DagBag from /home/airflow/.local/lib/python3.7/site-packages/airflow/example_dags/example_dag_decorator.py
[2023-09-01T19:49:21.052+0000] {processor.py:836} INFO - DAG(s) dict_keys(['example_dag_decorator']) retrieved from /home/airflow/.local/lib/python3.7/site-packages/airflow/example_dags/example_dag_decorator.py
[2023-09-01T19:49:21.155+0000] {logging_mixin.py:150} INFO - [2023-09-01T19:49:21.154+0000] {dag.py:2742} INFO - Sync 1 DAGs
[2023-09-01T19:49:21.174+0000] {logging_mixin.py:150} INFO - [2023-09-01T19:49:21.174+0000] {dag.py:3508} INFO - Setting next_dagrun for example_dag_decorator to None, run_after=None
[2023-09-01T19:49:21.191+0000] {processor.py:179} INFO - Processing /home/airflow/.local/lib/python3.7/site-packages/airflow/example_dags/example_dag_decorator.py took 0.157 seconds
[2023-09-01T19:49:51.807+0000] {processor.py:157} INFO - Started process (PID=2000) to work on /home/airflow/.local/lib/python3.7/site-packages/airflow/example_dags/example_dag_decorator.py
[2023-09-01T19:49:51.811+0000] {processor.py:826} INFO - Processing file /home/airflow/.local/lib/python3.7/site-packages/airflow/example_dags/example_dag_decorator.py for tasks to queue
[2023-09-01T19:49:51.818+0000] {logging_mixin.py:150} INFO - [2023-09-01T19:49:51.812+0000] {dagbag.py:541} INFO - Filling up the DagBag from /home/airflow/.local/lib/python3.7/site-packages/airflow/example_dags/example_dag_decorator.py
[2023-09-01T19:49:51.849+0000] {processor.py:836} INFO - DAG(s) dict_keys(['example_dag_decorator']) retrieved from /home/airflow/.local/lib/python3.7/site-packages/airflow/example_dags/example_dag_decorator.py
[2023-09-01T19:49:51.990+0000] {logging_mixin.py:150} INFO - [2023-09-01T19:49:51.990+0000] {dag.py:2742} INFO - Sync 1 DAGs
[2023-09-01T19:49:52.011+0000] {logging_mixin.py:150} INFO - [2023-09-01T19:49:52.011+0000] {dag.py:3508} INFO - Setting next_dagrun for example_dag_decorator to None, run_after=None
[2023-09-01T19:49:52.028+0000] {processor.py:179} INFO - Processing /home/airflow/.local/lib/python3.7/site-packages/airflow/example_dags/example_dag_decorator.py took 0.228 seconds
[2023-09-01T19:50:22.457+0000] {processor.py:157} INFO - Started process (PID=2055) to work on /home/airflow/.local/lib/python3.7/site-packages/airflow/example_dags/example_dag_decorator.py
[2023-09-01T19:50:22.458+0000] {processor.py:826} INFO - Processing file /home/airflow/.local/lib/python3.7/site-packages/airflow/example_dags/example_dag_decorator.py for tasks to queue
[2023-09-01T19:50:22.458+0000] {logging_mixin.py:150} INFO - [2023-09-01T19:50:22.458+0000] {dagbag.py:541} INFO - Filling up the DagBag from /home/airflow/.local/lib/python3.7/site-packages/airflow/example_dags/example_dag_decorator.py
[2023-09-01T19:50:22.472+0000] {processor.py:836} INFO - DAG(s) dict_keys(['example_dag_decorator']) retrieved from /home/airflow/.local/lib/python3.7/site-packages/airflow/example_dags/example_dag_decorator.py
[2023-09-01T19:50:22.586+0000] {logging_mixin.py:150} INFO - [2023-09-01T19:50:22.586+0000] {dag.py:2742} INFO - Sync 1 DAGs
[2023-09-01T19:50:22.608+0000] {logging_mixin.py:150} INFO - [2023-09-01T19:50:22.608+0000] {dag.py:3508} INFO - Setting next_dagrun for example_dag_decorator to None, run_after=None
[2023-09-01T19:50:22.625+0000] {processor.py:179} INFO - Processing /home/airflow/.local/lib/python3.7/site-packages/airflow/example_dags/example_dag_decorator.py took 0.171 seconds
[2023-09-01T19:50:52.704+0000] {processor.py:157} INFO - Started process (PID=2109) to work on /home/airflow/.local/lib/python3.7/site-packages/airflow/example_dags/example_dag_decorator.py
[2023-09-01T19:50:52.705+0000] {processor.py:826} INFO - Processing file /home/airflow/.local/lib/python3.7/site-packages/airflow/example_dags/example_dag_decorator.py for tasks to queue
[2023-09-01T19:50:52.706+0000] {logging_mixin.py:150} INFO - [2023-09-01T19:50:52.706+0000] {dagbag.py:541} INFO - Filling up the DagBag from /home/airflow/.local/lib/python3.7/site-packages/airflow/example_dags/example_dag_decorator.py
[2023-09-01T19:50:52.727+0000] {processor.py:836} INFO - DAG(s) dict_keys(['example_dag_decorator']) retrieved from /home/airflow/.local/lib/python3.7/site-packages/airflow/example_dags/example_dag_decorator.py
[2023-09-01T19:50:52.887+0000] {logging_mixin.py:150} INFO - [2023-09-01T19:50:52.887+0000] {dag.py:2742} INFO - Sync 1 DAGs
[2023-09-01T19:50:52.908+0000] {logging_mixin.py:150} INFO - [2023-09-01T19:50:52.907+0000] {dag.py:3508} INFO - Setting next_dagrun for example_dag_decorator to None, run_after=None
[2023-09-01T19:50:52.928+0000] {processor.py:179} INFO - Processing /home/airflow/.local/lib/python3.7/site-packages/airflow/example_dags/example_dag_decorator.py took 0.227 seconds
[2023-09-01T19:51:23.117+0000] {processor.py:157} INFO - Started process (PID=2163) to work on /home/airflow/.local/lib/python3.7/site-packages/airflow/example_dags/example_dag_decorator.py
[2023-09-01T19:51:23.118+0000] {processor.py:826} INFO - Processing file /home/airflow/.local/lib/python3.7/site-packages/airflow/example_dags/example_dag_decorator.py for tasks to queue
[2023-09-01T19:51:23.119+0000] {logging_mixin.py:150} INFO - [2023-09-01T19:51:23.119+0000] {dagbag.py:541} INFO - Filling up the DagBag from /home/airflow/.local/lib/python3.7/site-packages/airflow/example_dags/example_dag_decorator.py
[2023-09-01T19:51:23.137+0000] {processor.py:836} INFO - DAG(s) dict_keys(['example_dag_decorator']) retrieved from /home/airflow/.local/lib/python3.7/site-packages/airflow/example_dags/example_dag_decorator.py
[2023-09-01T19:51:23.265+0000] {logging_mixin.py:150} INFO - [2023-09-01T19:51:23.265+0000] {dag.py:2742} INFO - Sync 1 DAGs
[2023-09-01T19:51:23.284+0000] {logging_mixin.py:150} INFO - [2023-09-01T19:51:23.284+0000] {dag.py:3508} INFO - Setting next_dagrun for example_dag_decorator to None, run_after=None
[2023-09-01T19:51:23.299+0000] {processor.py:179} INFO - Processing /home/airflow/.local/lib/python3.7/site-packages/airflow/example_dags/example_dag_decorator.py took 0.185 seconds
[2023-09-01T19:51:53.446+0000] {processor.py:157} INFO - Started process (PID=2218) to work on /home/airflow/.local/lib/python3.7/site-packages/airflow/example_dags/example_dag_decorator.py
[2023-09-01T19:51:53.447+0000] {processor.py:826} INFO - Processing file /home/airflow/.local/lib/python3.7/site-packages/airflow/example_dags/example_dag_decorator.py for tasks to queue
[2023-09-01T19:51:53.447+0000] {logging_mixin.py:150} INFO - [2023-09-01T19:51:53.447+0000] {dagbag.py:541} INFO - Filling up the DagBag from /home/airflow/.local/lib/python3.7/site-packages/airflow/example_dags/example_dag_decorator.py
[2023-09-01T19:51:53.461+0000] {processor.py:836} INFO - DAG(s) dict_keys(['example_dag_decorator']) retrieved from /home/airflow/.local/lib/python3.7/site-packages/airflow/example_dags/example_dag_decorator.py
[2023-09-01T19:51:53.570+0000] {logging_mixin.py:150} INFO - [2023-09-01T19:51:53.569+0000] {dag.py:2742} INFO - Sync 1 DAGs
[2023-09-01T19:51:53.592+0000] {logging_mixin.py:150} INFO - [2023-09-01T19:51:53.591+0000] {dag.py:3508} INFO - Setting next_dagrun for example_dag_decorator to None, run_after=None
[2023-09-01T19:51:53.611+0000] {processor.py:179} INFO - Processing /home/airflow/.local/lib/python3.7/site-packages/airflow/example_dags/example_dag_decorator.py took 0.168 seconds
[2023-09-01T19:52:23.811+0000] {processor.py:157} INFO - Started process (PID=2272) to work on /home/airflow/.local/lib/python3.7/site-packages/airflow/example_dags/example_dag_decorator.py
[2023-09-01T19:52:23.817+0000] {processor.py:826} INFO - Processing file /home/airflow/.local/lib/python3.7/site-packages/airflow/example_dags/example_dag_decorator.py for tasks to queue
[2023-09-01T19:52:23.818+0000] {logging_mixin.py:150} INFO - [2023-09-01T19:52:23.818+0000] {dagbag.py:541} INFO - Filling up the DagBag from /home/airflow/.local/lib/python3.7/site-packages/airflow/example_dags/example_dag_decorator.py
[2023-09-01T19:52:23.840+0000] {processor.py:836} INFO - DAG(s) dict_keys(['example_dag_decorator']) retrieved from /home/airflow/.local/lib/python3.7/site-packages/airflow/example_dags/example_dag_decorator.py
[2023-09-01T19:52:24.074+0000] {logging_mixin.py:150} INFO - [2023-09-01T19:52:24.073+0000] {dag.py:2742} INFO - Sync 1 DAGs
[2023-09-01T19:52:24.134+0000] {logging_mixin.py:150} INFO - [2023-09-01T19:52:24.134+0000] {dag.py:3508} INFO - Setting next_dagrun for example_dag_decorator to None, run_after=None
[2023-09-01T19:52:24.174+0000] {processor.py:179} INFO - Processing /home/airflow/.local/lib/python3.7/site-packages/airflow/example_dags/example_dag_decorator.py took 0.373 seconds
[2023-09-01T19:52:54.229+0000] {processor.py:157} INFO - Started process (PID=2328) to work on /home/airflow/.local/lib/python3.7/site-packages/airflow/example_dags/example_dag_decorator.py
[2023-09-01T19:52:54.229+0000] {processor.py:826} INFO - Processing file /home/airflow/.local/lib/python3.7/site-packages/airflow/example_dags/example_dag_decorator.py for tasks to queue
[2023-09-01T19:52:54.230+0000] {logging_mixin.py:150} INFO - [2023-09-01T19:52:54.230+0000] {dagbag.py:541} INFO - Filling up the DagBag from /home/airflow/.local/lib/python3.7/site-packages/airflow/example_dags/example_dag_decorator.py
[2023-09-01T19:52:54.287+0000] {processor.py:836} INFO - DAG(s) dict_keys(['example_dag_decorator']) retrieved from /home/airflow/.local/lib/python3.7/site-packages/airflow/example_dags/example_dag_decorator.py
[2023-09-01T19:52:54.483+0000] {logging_mixin.py:150} INFO - [2023-09-01T19:52:54.483+0000] {dag.py:2742} INFO - Sync 1 DAGs
[2023-09-01T19:52:54.503+0000] {logging_mixin.py:150} INFO - [2023-09-01T19:52:54.503+0000] {dag.py:3508} INFO - Setting next_dagrun for example_dag_decorator to None, run_after=None
[2023-09-01T19:52:54.519+0000] {processor.py:179} INFO - Processing /home/airflow/.local/lib/python3.7/site-packages/airflow/example_dags/example_dag_decorator.py took 0.297 seconds
[2023-09-01T19:53:24.919+0000] {processor.py:157} INFO - Started process (PID=2382) to work on /home/airflow/.local/lib/python3.7/site-packages/airflow/example_dags/example_dag_decorator.py
[2023-09-01T19:53:24.925+0000] {processor.py:826} INFO - Processing file /home/airflow/.local/lib/python3.7/site-packages/airflow/example_dags/example_dag_decorator.py for tasks to queue
[2023-09-01T19:53:24.927+0000] {logging_mixin.py:150} INFO - [2023-09-01T19:53:24.926+0000] {dagbag.py:541} INFO - Filling up the DagBag from /home/airflow/.local/lib/python3.7/site-packages/airflow/example_dags/example_dag_decorator.py
[2023-09-01T19:53:24.951+0000] {processor.py:836} INFO - DAG(s) dict_keys(['example_dag_decorator']) retrieved from /home/airflow/.local/lib/python3.7/site-packages/airflow/example_dags/example_dag_decorator.py
[2023-09-01T19:53:25.140+0000] {logging_mixin.py:150} INFO - [2023-09-01T19:53:25.140+0000] {dag.py:2742} INFO - Sync 1 DAGs
[2023-09-01T19:53:25.168+0000] {logging_mixin.py:150} INFO - [2023-09-01T19:53:25.168+0000] {dag.py:3508} INFO - Setting next_dagrun for example_dag_decorator to None, run_after=None
[2023-09-01T19:53:25.198+0000] {processor.py:179} INFO - Processing /home/airflow/.local/lib/python3.7/site-packages/airflow/example_dags/example_dag_decorator.py took 0.282 seconds
[2023-09-01T19:53:55.285+0000] {processor.py:157} INFO - Started process (PID=2440) to work on /home/airflow/.local/lib/python3.7/site-packages/airflow/example_dags/example_dag_decorator.py
[2023-09-01T19:53:55.285+0000] {processor.py:826} INFO - Processing file /home/airflow/.local/lib/python3.7/site-packages/airflow/example_dags/example_dag_decorator.py for tasks to queue
[2023-09-01T19:53:55.286+0000] {logging_mixin.py:150} INFO - [2023-09-01T19:53:55.286+0000] {dagbag.py:541} INFO - Filling up the DagBag from /home/airflow/.local/lib/python3.7/site-packages/airflow/example_dags/example_dag_decorator.py
[2023-09-01T19:53:55.300+0000] {processor.py:836} INFO - DAG(s) dict_keys(['example_dag_decorator']) retrieved from /home/airflow/.local/lib/python3.7/site-packages/airflow/example_dags/example_dag_decorator.py
[2023-09-01T19:53:55.396+0000] {logging_mixin.py:150} INFO - [2023-09-01T19:53:55.396+0000] {dag.py:2742} INFO - Sync 1 DAGs
[2023-09-01T19:53:55.415+0000] {logging_mixin.py:150} INFO - [2023-09-01T19:53:55.415+0000] {dag.py:3508} INFO - Setting next_dagrun for example_dag_decorator to None, run_after=None
[2023-09-01T19:53:55.433+0000] {processor.py:179} INFO - Processing /home/airflow/.local/lib/python3.7/site-packages/airflow/example_dags/example_dag_decorator.py took 0.151 seconds
[2023-09-01T19:54:25.473+0000] {processor.py:157} INFO - Started process (PID=2496) to work on /home/airflow/.local/lib/python3.7/site-packages/airflow/example_dags/example_dag_decorator.py
[2023-09-01T19:54:25.474+0000] {processor.py:826} INFO - Processing file /home/airflow/.local/lib/python3.7/site-packages/airflow/example_dags/example_dag_decorator.py for tasks to queue
[2023-09-01T19:54:25.474+0000] {logging_mixin.py:150} INFO - [2023-09-01T19:54:25.474+0000] {dagbag.py:541} INFO - Filling up the DagBag from /home/airflow/.local/lib/python3.7/site-packages/airflow/example_dags/example_dag_decorator.py
[2023-09-01T19:54:25.488+0000] {processor.py:836} INFO - DAG(s) dict_keys(['example_dag_decorator']) retrieved from /home/airflow/.local/lib/python3.7/site-packages/airflow/example_dags/example_dag_decorator.py
[2023-09-01T19:54:25.608+0000] {logging_mixin.py:150} INFO - [2023-09-01T19:54:25.607+0000] {dag.py:2742} INFO - Sync 1 DAGs
[2023-09-01T19:54:25.629+0000] {logging_mixin.py:150} INFO - [2023-09-01T19:54:25.629+0000] {dag.py:3508} INFO - Setting next_dagrun for example_dag_decorator to None, run_after=None
[2023-09-01T19:54:25.651+0000] {processor.py:179} INFO - Processing /home/airflow/.local/lib/python3.7/site-packages/airflow/example_dags/example_dag_decorator.py took 0.184 seconds
[2023-09-01T19:54:55.839+0000] {processor.py:157} INFO - Started process (PID=2547) to work on /home/airflow/.local/lib/python3.7/site-packages/airflow/example_dags/example_dag_decorator.py
[2023-09-01T19:54:55.840+0000] {processor.py:826} INFO - Processing file /home/airflow/.local/lib/python3.7/site-packages/airflow/example_dags/example_dag_decorator.py for tasks to queue
[2023-09-01T19:54:55.841+0000] {logging_mixin.py:150} INFO - [2023-09-01T19:54:55.841+0000] {dagbag.py:541} INFO - Filling up the DagBag from /home/airflow/.local/lib/python3.7/site-packages/airflow/example_dags/example_dag_decorator.py
[2023-09-01T19:54:55.884+0000] {processor.py:836} INFO - DAG(s) dict_keys(['example_dag_decorator']) retrieved from /home/airflow/.local/lib/python3.7/site-packages/airflow/example_dags/example_dag_decorator.py
[2023-09-01T19:54:56.107+0000] {logging_mixin.py:150} INFO - [2023-09-01T19:54:56.106+0000] {dag.py:2742} INFO - Sync 1 DAGs
[2023-09-01T19:54:56.172+0000] {logging_mixin.py:150} INFO - [2023-09-01T19:54:56.172+0000] {dag.py:3508} INFO - Setting next_dagrun for example_dag_decorator to None, run_after=None
[2023-09-01T19:54:56.235+0000] {processor.py:179} INFO - Processing /home/airflow/.local/lib/python3.7/site-packages/airflow/example_dags/example_dag_decorator.py took 0.404 seconds
