[2023-09-01T19:31:53.437+0000] {processor.py:157} INFO - Started process (PID=51) to work on /home/airflow/.local/lib/python3.7/site-packages/airflow/example_dags/example_xcom.py
[2023-09-01T19:31:53.438+0000] {processor.py:826} INFO - Processing file /home/airflow/.local/lib/python3.7/site-packages/airflow/example_dags/example_xcom.py for tasks to queue
[2023-09-01T19:31:53.438+0000] {logging_mixin.py:150} INFO - [2023-09-01T19:31:53.438+0000] {dagbag.py:541} INFO - Filling up the DagBag from /home/airflow/.local/lib/python3.7/site-packages/airflow/example_dags/example_xcom.py
[2023-09-01T19:31:53.446+0000] {processor.py:836} INFO - DAG(s) dict_keys(['example_xcom']) retrieved from /home/airflow/.local/lib/python3.7/site-packages/airflow/example_dags/example_xcom.py
[2023-09-01T19:31:53.730+0000] {logging_mixin.py:150} INFO - [2023-09-01T19:31:53.729+0000] {dag.py:2742} INFO - Sync 1 DAGs
[2023-09-01T19:31:53.756+0000] {logging_mixin.py:150} INFO - [2023-09-01T19:31:53.756+0000] {dag.py:3508} INFO - Setting next_dagrun for example_xcom to 2021-01-01T00:00:00+00:00, run_after=2021-01-01T00:00:00+00:00
[2023-09-01T19:31:53.783+0000] {processor.py:179} INFO - Processing /home/airflow/.local/lib/python3.7/site-packages/airflow/example_dags/example_xcom.py took 0.349 seconds
[2023-09-01T19:32:24.428+0000] {processor.py:157} INFO - Started process (PID=107) to work on /home/airflow/.local/lib/python3.7/site-packages/airflow/example_dags/example_xcom.py
[2023-09-01T19:32:24.429+0000] {processor.py:826} INFO - Processing file /home/airflow/.local/lib/python3.7/site-packages/airflow/example_dags/example_xcom.py for tasks to queue
[2023-09-01T19:32:24.430+0000] {logging_mixin.py:150} INFO - [2023-09-01T19:32:24.430+0000] {dagbag.py:541} INFO - Filling up the DagBag from /home/airflow/.local/lib/python3.7/site-packages/airflow/example_dags/example_xcom.py
[2023-09-01T19:32:24.436+0000] {processor.py:836} INFO - DAG(s) dict_keys(['example_xcom']) retrieved from /home/airflow/.local/lib/python3.7/site-packages/airflow/example_dags/example_xcom.py
[2023-09-01T19:32:24.457+0000] {logging_mixin.py:150} INFO - [2023-09-01T19:32:24.457+0000] {dag.py:2742} INFO - Sync 1 DAGs
[2023-09-01T19:32:24.481+0000] {logging_mixin.py:150} INFO - [2023-09-01T19:32:24.481+0000] {dag.py:3508} INFO - Setting next_dagrun for example_xcom to 2021-01-01T00:00:00+00:00, run_after=2021-01-01T00:00:00+00:00
[2023-09-01T19:32:24.511+0000] {processor.py:179} INFO - Processing /home/airflow/.local/lib/python3.7/site-packages/airflow/example_dags/example_xcom.py took 0.086 seconds
[2023-09-01T19:32:55.441+0000] {processor.py:157} INFO - Started process (PID=162) to work on /home/airflow/.local/lib/python3.7/site-packages/airflow/example_dags/example_xcom.py
[2023-09-01T19:32:55.442+0000] {processor.py:826} INFO - Processing file /home/airflow/.local/lib/python3.7/site-packages/airflow/example_dags/example_xcom.py for tasks to queue
[2023-09-01T19:32:55.443+0000] {logging_mixin.py:150} INFO - [2023-09-01T19:32:55.442+0000] {dagbag.py:541} INFO - Filling up the DagBag from /home/airflow/.local/lib/python3.7/site-packages/airflow/example_dags/example_xcom.py
[2023-09-01T19:32:55.449+0000] {processor.py:836} INFO - DAG(s) dict_keys(['example_xcom']) retrieved from /home/airflow/.local/lib/python3.7/site-packages/airflow/example_dags/example_xcom.py
[2023-09-01T19:32:55.473+0000] {logging_mixin.py:150} INFO - [2023-09-01T19:32:55.473+0000] {dag.py:2742} INFO - Sync 1 DAGs
[2023-09-01T19:32:55.496+0000] {logging_mixin.py:150} INFO - [2023-09-01T19:32:55.496+0000] {dag.py:3508} INFO - Setting next_dagrun for example_xcom to 2021-01-01T00:00:00+00:00, run_after=2021-01-01T00:00:00+00:00
[2023-09-01T19:32:55.512+0000] {processor.py:179} INFO - Processing /home/airflow/.local/lib/python3.7/site-packages/airflow/example_dags/example_xcom.py took 0.074 seconds
[2023-09-01T19:33:25.837+0000] {processor.py:157} INFO - Started process (PID=217) to work on /home/airflow/.local/lib/python3.7/site-packages/airflow/example_dags/example_xcom.py
[2023-09-01T19:33:25.839+0000] {processor.py:826} INFO - Processing file /home/airflow/.local/lib/python3.7/site-packages/airflow/example_dags/example_xcom.py for tasks to queue
[2023-09-01T19:33:25.840+0000] {logging_mixin.py:150} INFO - [2023-09-01T19:33:25.839+0000] {dagbag.py:541} INFO - Filling up the DagBag from /home/airflow/.local/lib/python3.7/site-packages/airflow/example_dags/example_xcom.py
[2023-09-01T19:33:25.849+0000] {processor.py:836} INFO - DAG(s) dict_keys(['example_xcom']) retrieved from /home/airflow/.local/lib/python3.7/site-packages/airflow/example_dags/example_xcom.py
[2023-09-01T19:33:25.871+0000] {logging_mixin.py:150} INFO - [2023-09-01T19:33:25.871+0000] {dag.py:2742} INFO - Sync 1 DAGs
[2023-09-01T19:33:25.892+0000] {logging_mixin.py:150} INFO - [2023-09-01T19:33:25.892+0000] {dag.py:3508} INFO - Setting next_dagrun for example_xcom to 2021-01-01T00:00:00+00:00, run_after=2021-01-01T00:00:00+00:00
[2023-09-01T19:33:25.910+0000] {processor.py:179} INFO - Processing /home/airflow/.local/lib/python3.7/site-packages/airflow/example_dags/example_xcom.py took 0.076 seconds
[2023-09-01T19:33:56.104+0000] {processor.py:157} INFO - Started process (PID=272) to work on /home/airflow/.local/lib/python3.7/site-packages/airflow/example_dags/example_xcom.py
[2023-09-01T19:33:56.105+0000] {processor.py:826} INFO - Processing file /home/airflow/.local/lib/python3.7/site-packages/airflow/example_dags/example_xcom.py for tasks to queue
[2023-09-01T19:33:56.106+0000] {logging_mixin.py:150} INFO - [2023-09-01T19:33:56.106+0000] {dagbag.py:541} INFO - Filling up the DagBag from /home/airflow/.local/lib/python3.7/site-packages/airflow/example_dags/example_xcom.py
[2023-09-01T19:33:56.112+0000] {processor.py:836} INFO - DAG(s) dict_keys(['example_xcom']) retrieved from /home/airflow/.local/lib/python3.7/site-packages/airflow/example_dags/example_xcom.py
[2023-09-01T19:33:56.134+0000] {logging_mixin.py:150} INFO - [2023-09-01T19:33:56.134+0000] {dag.py:2742} INFO - Sync 1 DAGs
[2023-09-01T19:33:56.158+0000] {logging_mixin.py:150} INFO - [2023-09-01T19:33:56.158+0000] {dag.py:3508} INFO - Setting next_dagrun for example_xcom to 2021-01-01T00:00:00+00:00, run_after=2021-01-01T00:00:00+00:00
[2023-09-01T19:33:56.178+0000] {processor.py:179} INFO - Processing /home/airflow/.local/lib/python3.7/site-packages/airflow/example_dags/example_xcom.py took 0.077 seconds
[2023-09-01T19:34:26.556+0000] {processor.py:157} INFO - Started process (PID=327) to work on /home/airflow/.local/lib/python3.7/site-packages/airflow/example_dags/example_xcom.py
[2023-09-01T19:34:26.558+0000] {processor.py:826} INFO - Processing file /home/airflow/.local/lib/python3.7/site-packages/airflow/example_dags/example_xcom.py for tasks to queue
[2023-09-01T19:34:26.558+0000] {logging_mixin.py:150} INFO - [2023-09-01T19:34:26.558+0000] {dagbag.py:541} INFO - Filling up the DagBag from /home/airflow/.local/lib/python3.7/site-packages/airflow/example_dags/example_xcom.py
[2023-09-01T19:34:26.565+0000] {processor.py:836} INFO - DAG(s) dict_keys(['example_xcom']) retrieved from /home/airflow/.local/lib/python3.7/site-packages/airflow/example_dags/example_xcom.py
[2023-09-01T19:34:26.588+0000] {logging_mixin.py:150} INFO - [2023-09-01T19:34:26.588+0000] {dag.py:2742} INFO - Sync 1 DAGs
[2023-09-01T19:34:26.616+0000] {logging_mixin.py:150} INFO - [2023-09-01T19:34:26.616+0000] {dag.py:3508} INFO - Setting next_dagrun for example_xcom to 2021-01-01T00:00:00+00:00, run_after=2021-01-01T00:00:00+00:00
[2023-09-01T19:34:26.632+0000] {processor.py:179} INFO - Processing /home/airflow/.local/lib/python3.7/site-packages/airflow/example_dags/example_xcom.py took 0.078 seconds
[2023-09-01T19:34:56.782+0000] {processor.py:157} INFO - Started process (PID=382) to work on /home/airflow/.local/lib/python3.7/site-packages/airflow/example_dags/example_xcom.py
[2023-09-01T19:34:56.783+0000] {processor.py:826} INFO - Processing file /home/airflow/.local/lib/python3.7/site-packages/airflow/example_dags/example_xcom.py for tasks to queue
[2023-09-01T19:34:56.784+0000] {logging_mixin.py:150} INFO - [2023-09-01T19:34:56.783+0000] {dagbag.py:541} INFO - Filling up the DagBag from /home/airflow/.local/lib/python3.7/site-packages/airflow/example_dags/example_xcom.py
[2023-09-01T19:34:56.790+0000] {processor.py:836} INFO - DAG(s) dict_keys(['example_xcom']) retrieved from /home/airflow/.local/lib/python3.7/site-packages/airflow/example_dags/example_xcom.py
[2023-09-01T19:34:56.810+0000] {logging_mixin.py:150} INFO - [2023-09-01T19:34:56.810+0000] {dag.py:2742} INFO - Sync 1 DAGs
[2023-09-01T19:34:56.833+0000] {logging_mixin.py:150} INFO - [2023-09-01T19:34:56.833+0000] {dag.py:3508} INFO - Setting next_dagrun for example_xcom to 2021-01-01T00:00:00+00:00, run_after=2021-01-01T00:00:00+00:00
[2023-09-01T19:34:56.854+0000] {processor.py:179} INFO - Processing /home/airflow/.local/lib/python3.7/site-packages/airflow/example_dags/example_xcom.py took 0.075 seconds
[2023-09-01T19:35:27.088+0000] {processor.py:157} INFO - Started process (PID=437) to work on /home/airflow/.local/lib/python3.7/site-packages/airflow/example_dags/example_xcom.py
[2023-09-01T19:35:27.089+0000] {processor.py:826} INFO - Processing file /home/airflow/.local/lib/python3.7/site-packages/airflow/example_dags/example_xcom.py for tasks to queue
[2023-09-01T19:35:27.090+0000] {logging_mixin.py:150} INFO - [2023-09-01T19:35:27.089+0000] {dagbag.py:541} INFO - Filling up the DagBag from /home/airflow/.local/lib/python3.7/site-packages/airflow/example_dags/example_xcom.py
[2023-09-01T19:35:27.096+0000] {processor.py:836} INFO - DAG(s) dict_keys(['example_xcom']) retrieved from /home/airflow/.local/lib/python3.7/site-packages/airflow/example_dags/example_xcom.py
[2023-09-01T19:35:27.118+0000] {logging_mixin.py:150} INFO - [2023-09-01T19:35:27.118+0000] {dag.py:2742} INFO - Sync 1 DAGs
[2023-09-01T19:35:27.141+0000] {logging_mixin.py:150} INFO - [2023-09-01T19:35:27.141+0000] {dag.py:3508} INFO - Setting next_dagrun for example_xcom to 2021-01-01T00:00:00+00:00, run_after=2021-01-01T00:00:00+00:00
[2023-09-01T19:35:27.160+0000] {processor.py:179} INFO - Processing /home/airflow/.local/lib/python3.7/site-packages/airflow/example_dags/example_xcom.py took 0.075 seconds
[2023-09-01T19:35:57.519+0000] {processor.py:157} INFO - Started process (PID=492) to work on /home/airflow/.local/lib/python3.7/site-packages/airflow/example_dags/example_xcom.py
[2023-09-01T19:35:57.520+0000] {processor.py:826} INFO - Processing file /home/airflow/.local/lib/python3.7/site-packages/airflow/example_dags/example_xcom.py for tasks to queue
[2023-09-01T19:35:57.520+0000] {logging_mixin.py:150} INFO - [2023-09-01T19:35:57.520+0000] {dagbag.py:541} INFO - Filling up the DagBag from /home/airflow/.local/lib/python3.7/site-packages/airflow/example_dags/example_xcom.py
[2023-09-01T19:35:57.526+0000] {processor.py:836} INFO - DAG(s) dict_keys(['example_xcom']) retrieved from /home/airflow/.local/lib/python3.7/site-packages/airflow/example_dags/example_xcom.py
[2023-09-01T19:35:57.547+0000] {logging_mixin.py:150} INFO - [2023-09-01T19:35:57.546+0000] {dag.py:2742} INFO - Sync 1 DAGs
[2023-09-01T19:35:57.569+0000] {logging_mixin.py:150} INFO - [2023-09-01T19:35:57.569+0000] {dag.py:3508} INFO - Setting next_dagrun for example_xcom to 2021-01-01T00:00:00+00:00, run_after=2021-01-01T00:00:00+00:00
[2023-09-01T19:35:57.589+0000] {processor.py:179} INFO - Processing /home/airflow/.local/lib/python3.7/site-packages/airflow/example_dags/example_xcom.py took 0.073 seconds
[2023-09-01T19:36:28.113+0000] {processor.py:157} INFO - Started process (PID=547) to work on /home/airflow/.local/lib/python3.7/site-packages/airflow/example_dags/example_xcom.py
[2023-09-01T19:36:28.113+0000] {processor.py:826} INFO - Processing file /home/airflow/.local/lib/python3.7/site-packages/airflow/example_dags/example_xcom.py for tasks to queue
[2023-09-01T19:36:28.114+0000] {logging_mixin.py:150} INFO - [2023-09-01T19:36:28.114+0000] {dagbag.py:541} INFO - Filling up the DagBag from /home/airflow/.local/lib/python3.7/site-packages/airflow/example_dags/example_xcom.py
[2023-09-01T19:36:28.120+0000] {processor.py:836} INFO - DAG(s) dict_keys(['example_xcom']) retrieved from /home/airflow/.local/lib/python3.7/site-packages/airflow/example_dags/example_xcom.py
[2023-09-01T19:36:28.141+0000] {logging_mixin.py:150} INFO - [2023-09-01T19:36:28.141+0000] {dag.py:2742} INFO - Sync 1 DAGs
[2023-09-01T19:36:28.169+0000] {logging_mixin.py:150} INFO - [2023-09-01T19:36:28.169+0000] {dag.py:3508} INFO - Setting next_dagrun for example_xcom to 2021-01-01T00:00:00+00:00, run_after=2021-01-01T00:00:00+00:00
[2023-09-01T19:36:28.185+0000] {processor.py:179} INFO - Processing /home/airflow/.local/lib/python3.7/site-packages/airflow/example_dags/example_xcom.py took 0.075 seconds
[2023-09-01T19:36:58.944+0000] {processor.py:157} INFO - Started process (PID=602) to work on /home/airflow/.local/lib/python3.7/site-packages/airflow/example_dags/example_xcom.py
[2023-09-01T19:36:58.945+0000] {processor.py:826} INFO - Processing file /home/airflow/.local/lib/python3.7/site-packages/airflow/example_dags/example_xcom.py for tasks to queue
[2023-09-01T19:36:58.946+0000] {logging_mixin.py:150} INFO - [2023-09-01T19:36:58.946+0000] {dagbag.py:541} INFO - Filling up the DagBag from /home/airflow/.local/lib/python3.7/site-packages/airflow/example_dags/example_xcom.py
[2023-09-01T19:36:58.953+0000] {processor.py:836} INFO - DAG(s) dict_keys(['example_xcom']) retrieved from /home/airflow/.local/lib/python3.7/site-packages/airflow/example_dags/example_xcom.py
[2023-09-01T19:36:58.980+0000] {logging_mixin.py:150} INFO - [2023-09-01T19:36:58.979+0000] {dag.py:2742} INFO - Sync 1 DAGs
[2023-09-01T19:36:59.004+0000] {logging_mixin.py:150} INFO - [2023-09-01T19:36:59.004+0000] {dag.py:3508} INFO - Setting next_dagrun for example_xcom to 2021-01-01T00:00:00+00:00, run_after=2021-01-01T00:00:00+00:00
[2023-09-01T19:36:59.020+0000] {processor.py:179} INFO - Processing /home/airflow/.local/lib/python3.7/site-packages/airflow/example_dags/example_xcom.py took 0.079 seconds
[2023-09-01T19:37:29.711+0000] {processor.py:157} INFO - Started process (PID=657) to work on /home/airflow/.local/lib/python3.7/site-packages/airflow/example_dags/example_xcom.py
[2023-09-01T19:37:29.715+0000] {processor.py:826} INFO - Processing file /home/airflow/.local/lib/python3.7/site-packages/airflow/example_dags/example_xcom.py for tasks to queue
[2023-09-01T19:37:29.716+0000] {logging_mixin.py:150} INFO - [2023-09-01T19:37:29.716+0000] {dagbag.py:541} INFO - Filling up the DagBag from /home/airflow/.local/lib/python3.7/site-packages/airflow/example_dags/example_xcom.py
[2023-09-01T19:37:29.735+0000] {processor.py:836} INFO - DAG(s) dict_keys(['example_xcom']) retrieved from /home/airflow/.local/lib/python3.7/site-packages/airflow/example_dags/example_xcom.py
[2023-09-01T19:37:29.798+0000] {logging_mixin.py:150} INFO - [2023-09-01T19:37:29.798+0000] {dag.py:2742} INFO - Sync 1 DAGs
[2023-09-01T19:37:29.879+0000] {logging_mixin.py:150} INFO - [2023-09-01T19:37:29.878+0000] {dag.py:3508} INFO - Setting next_dagrun for example_xcom to 2021-01-01T00:00:00+00:00, run_after=2021-01-01T00:00:00+00:00
[2023-09-01T19:37:29.929+0000] {processor.py:179} INFO - Processing /home/airflow/.local/lib/python3.7/site-packages/airflow/example_dags/example_xcom.py took 0.243 seconds
[2023-09-01T19:38:00.792+0000] {processor.py:157} INFO - Started process (PID=712) to work on /home/airflow/.local/lib/python3.7/site-packages/airflow/example_dags/example_xcom.py
[2023-09-01T19:38:00.798+0000] {processor.py:826} INFO - Processing file /home/airflow/.local/lib/python3.7/site-packages/airflow/example_dags/example_xcom.py for tasks to queue
[2023-09-01T19:38:00.798+0000] {logging_mixin.py:150} INFO - [2023-09-01T19:38:00.798+0000] {dagbag.py:541} INFO - Filling up the DagBag from /home/airflow/.local/lib/python3.7/site-packages/airflow/example_dags/example_xcom.py
[2023-09-01T19:38:00.818+0000] {processor.py:836} INFO - DAG(s) dict_keys(['example_xcom']) retrieved from /home/airflow/.local/lib/python3.7/site-packages/airflow/example_dags/example_xcom.py
[2023-09-01T19:38:00.887+0000] {logging_mixin.py:150} INFO - [2023-09-01T19:38:00.887+0000] {dag.py:2742} INFO - Sync 1 DAGs
[2023-09-01T19:38:00.948+0000] {logging_mixin.py:150} INFO - [2023-09-01T19:38:00.948+0000] {dag.py:3508} INFO - Setting next_dagrun for example_xcom to 2021-01-01T00:00:00+00:00, run_after=2021-01-01T00:00:00+00:00
[2023-09-01T19:38:01.174+0000] {processor.py:179} INFO - Processing /home/airflow/.local/lib/python3.7/site-packages/airflow/example_dags/example_xcom.py took 0.392 seconds
[2023-09-01T19:38:31.862+0000] {processor.py:157} INFO - Started process (PID=773) to work on /home/airflow/.local/lib/python3.7/site-packages/airflow/example_dags/example_xcom.py
[2023-09-01T19:38:31.864+0000] {processor.py:826} INFO - Processing file /home/airflow/.local/lib/python3.7/site-packages/airflow/example_dags/example_xcom.py for tasks to queue
[2023-09-01T19:38:31.865+0000] {logging_mixin.py:150} INFO - [2023-09-01T19:38:31.865+0000] {dagbag.py:541} INFO - Filling up the DagBag from /home/airflow/.local/lib/python3.7/site-packages/airflow/example_dags/example_xcom.py
[2023-09-01T19:38:31.872+0000] {processor.py:836} INFO - DAG(s) dict_keys(['example_xcom']) retrieved from /home/airflow/.local/lib/python3.7/site-packages/airflow/example_dags/example_xcom.py
[2023-09-01T19:38:31.901+0000] {logging_mixin.py:150} INFO - [2023-09-01T19:38:31.901+0000] {dag.py:2742} INFO - Sync 1 DAGs
[2023-09-01T19:38:31.935+0000] {logging_mixin.py:150} INFO - [2023-09-01T19:38:31.934+0000] {dag.py:3508} INFO - Setting next_dagrun for example_xcom to 2021-01-01T00:00:00+00:00, run_after=2021-01-01T00:00:00+00:00
[2023-09-01T19:38:31.951+0000] {processor.py:179} INFO - Processing /home/airflow/.local/lib/python3.7/site-packages/airflow/example_dags/example_xcom.py took 0.093 seconds
[2023-09-01T19:39:01.996+0000] {processor.py:157} INFO - Started process (PID=827) to work on /home/airflow/.local/lib/python3.7/site-packages/airflow/example_dags/example_xcom.py
[2023-09-01T19:39:01.997+0000] {processor.py:826} INFO - Processing file /home/airflow/.local/lib/python3.7/site-packages/airflow/example_dags/example_xcom.py for tasks to queue
[2023-09-01T19:39:01.998+0000] {logging_mixin.py:150} INFO - [2023-09-01T19:39:01.998+0000] {dagbag.py:541} INFO - Filling up the DagBag from /home/airflow/.local/lib/python3.7/site-packages/airflow/example_dags/example_xcom.py
[2023-09-01T19:39:02.005+0000] {processor.py:836} INFO - DAG(s) dict_keys(['example_xcom']) retrieved from /home/airflow/.local/lib/python3.7/site-packages/airflow/example_dags/example_xcom.py
[2023-09-01T19:39:02.029+0000] {logging_mixin.py:150} INFO - [2023-09-01T19:39:02.029+0000] {dag.py:2742} INFO - Sync 1 DAGs
[2023-09-01T19:39:02.062+0000] {logging_mixin.py:150} INFO - [2023-09-01T19:39:02.062+0000] {dag.py:3508} INFO - Setting next_dagrun for example_xcom to 2021-01-01T00:00:00+00:00, run_after=2021-01-01T00:00:00+00:00
[2023-09-01T19:39:02.086+0000] {processor.py:179} INFO - Processing /home/airflow/.local/lib/python3.7/site-packages/airflow/example_dags/example_xcom.py took 0.094 seconds
[2023-09-01T19:39:32.189+0000] {processor.py:157} INFO - Started process (PID=882) to work on /home/airflow/.local/lib/python3.7/site-packages/airflow/example_dags/example_xcom.py
[2023-09-01T19:39:32.190+0000] {processor.py:826} INFO - Processing file /home/airflow/.local/lib/python3.7/site-packages/airflow/example_dags/example_xcom.py for tasks to queue
[2023-09-01T19:39:32.190+0000] {logging_mixin.py:150} INFO - [2023-09-01T19:39:32.190+0000] {dagbag.py:541} INFO - Filling up the DagBag from /home/airflow/.local/lib/python3.7/site-packages/airflow/example_dags/example_xcom.py
[2023-09-01T19:39:32.198+0000] {processor.py:836} INFO - DAG(s) dict_keys(['example_xcom']) retrieved from /home/airflow/.local/lib/python3.7/site-packages/airflow/example_dags/example_xcom.py
[2023-09-01T19:39:32.222+0000] {logging_mixin.py:150} INFO - [2023-09-01T19:39:32.222+0000] {dag.py:2742} INFO - Sync 1 DAGs
[2023-09-01T19:39:32.255+0000] {logging_mixin.py:150} INFO - [2023-09-01T19:39:32.254+0000] {dag.py:3508} INFO - Setting next_dagrun for example_xcom to 2021-01-01T00:00:00+00:00, run_after=2021-01-01T00:00:00+00:00
[2023-09-01T19:39:32.270+0000] {processor.py:179} INFO - Processing /home/airflow/.local/lib/python3.7/site-packages/airflow/example_dags/example_xcom.py took 0.085 seconds
[2023-09-01T19:40:02.483+0000] {processor.py:157} INFO - Started process (PID=937) to work on /home/airflow/.local/lib/python3.7/site-packages/airflow/example_dags/example_xcom.py
[2023-09-01T19:40:02.483+0000] {processor.py:826} INFO - Processing file /home/airflow/.local/lib/python3.7/site-packages/airflow/example_dags/example_xcom.py for tasks to queue
[2023-09-01T19:40:02.484+0000] {logging_mixin.py:150} INFO - [2023-09-01T19:40:02.484+0000] {dagbag.py:541} INFO - Filling up the DagBag from /home/airflow/.local/lib/python3.7/site-packages/airflow/example_dags/example_xcom.py
[2023-09-01T19:40:02.492+0000] {processor.py:836} INFO - DAG(s) dict_keys(['example_xcom']) retrieved from /home/airflow/.local/lib/python3.7/site-packages/airflow/example_dags/example_xcom.py
[2023-09-01T19:40:02.518+0000] {logging_mixin.py:150} INFO - [2023-09-01T19:40:02.518+0000] {dag.py:2742} INFO - Sync 1 DAGs
[2023-09-01T19:40:02.540+0000] {logging_mixin.py:150} INFO - [2023-09-01T19:40:02.540+0000] {dag.py:3508} INFO - Setting next_dagrun for example_xcom to 2021-01-01T00:00:00+00:00, run_after=2021-01-01T00:00:00+00:00
[2023-09-01T19:40:02.557+0000] {processor.py:179} INFO - Processing /home/airflow/.local/lib/python3.7/site-packages/airflow/example_dags/example_xcom.py took 0.077 seconds
[2023-09-01T19:40:33.096+0000] {processor.py:157} INFO - Started process (PID=991) to work on /home/airflow/.local/lib/python3.7/site-packages/airflow/example_dags/example_xcom.py
[2023-09-01T19:40:33.097+0000] {processor.py:826} INFO - Processing file /home/airflow/.local/lib/python3.7/site-packages/airflow/example_dags/example_xcom.py for tasks to queue
[2023-09-01T19:40:33.098+0000] {logging_mixin.py:150} INFO - [2023-09-01T19:40:33.098+0000] {dagbag.py:541} INFO - Filling up the DagBag from /home/airflow/.local/lib/python3.7/site-packages/airflow/example_dags/example_xcom.py
[2023-09-01T19:40:33.105+0000] {processor.py:836} INFO - DAG(s) dict_keys(['example_xcom']) retrieved from /home/airflow/.local/lib/python3.7/site-packages/airflow/example_dags/example_xcom.py
[2023-09-01T19:40:33.130+0000] {logging_mixin.py:150} INFO - [2023-09-01T19:40:33.129+0000] {dag.py:2742} INFO - Sync 1 DAGs
[2023-09-01T19:40:33.155+0000] {logging_mixin.py:150} INFO - [2023-09-01T19:40:33.155+0000] {dag.py:3508} INFO - Setting next_dagrun for example_xcom to 2021-01-01T00:00:00+00:00, run_after=2021-01-01T00:00:00+00:00
[2023-09-01T19:40:33.172+0000] {processor.py:179} INFO - Processing /home/airflow/.local/lib/python3.7/site-packages/airflow/example_dags/example_xcom.py took 0.079 seconds
[2023-09-01T19:41:03.254+0000] {processor.py:157} INFO - Started process (PID=1046) to work on /home/airflow/.local/lib/python3.7/site-packages/airflow/example_dags/example_xcom.py
[2023-09-01T19:41:03.255+0000] {processor.py:826} INFO - Processing file /home/airflow/.local/lib/python3.7/site-packages/airflow/example_dags/example_xcom.py for tasks to queue
[2023-09-01T19:41:03.256+0000] {logging_mixin.py:150} INFO - [2023-09-01T19:41:03.255+0000] {dagbag.py:541} INFO - Filling up the DagBag from /home/airflow/.local/lib/python3.7/site-packages/airflow/example_dags/example_xcom.py
[2023-09-01T19:41:03.262+0000] {processor.py:836} INFO - DAG(s) dict_keys(['example_xcom']) retrieved from /home/airflow/.local/lib/python3.7/site-packages/airflow/example_dags/example_xcom.py
[2023-09-01T19:41:03.284+0000] {logging_mixin.py:150} INFO - [2023-09-01T19:41:03.284+0000] {dag.py:2742} INFO - Sync 1 DAGs
[2023-09-01T19:41:03.304+0000] {logging_mixin.py:150} INFO - [2023-09-01T19:41:03.304+0000] {dag.py:3508} INFO - Setting next_dagrun for example_xcom to 2021-01-01T00:00:00+00:00, run_after=2021-01-01T00:00:00+00:00
[2023-09-01T19:41:03.319+0000] {processor.py:179} INFO - Processing /home/airflow/.local/lib/python3.7/site-packages/airflow/example_dags/example_xcom.py took 0.068 seconds
[2023-09-01T19:41:33.539+0000] {processor.py:157} INFO - Started process (PID=1101) to work on /home/airflow/.local/lib/python3.7/site-packages/airflow/example_dags/example_xcom.py
[2023-09-01T19:41:33.540+0000] {processor.py:826} INFO - Processing file /home/airflow/.local/lib/python3.7/site-packages/airflow/example_dags/example_xcom.py for tasks to queue
[2023-09-01T19:41:33.541+0000] {logging_mixin.py:150} INFO - [2023-09-01T19:41:33.541+0000] {dagbag.py:541} INFO - Filling up the DagBag from /home/airflow/.local/lib/python3.7/site-packages/airflow/example_dags/example_xcom.py
[2023-09-01T19:41:33.553+0000] {processor.py:836} INFO - DAG(s) dict_keys(['example_xcom']) retrieved from /home/airflow/.local/lib/python3.7/site-packages/airflow/example_dags/example_xcom.py
[2023-09-01T19:41:33.583+0000] {logging_mixin.py:150} INFO - [2023-09-01T19:41:33.583+0000] {dag.py:2742} INFO - Sync 1 DAGs
[2023-09-01T19:41:33.610+0000] {logging_mixin.py:150} INFO - [2023-09-01T19:41:33.610+0000] {dag.py:3508} INFO - Setting next_dagrun for example_xcom to 2021-01-01T00:00:00+00:00, run_after=2021-01-01T00:00:00+00:00
[2023-09-01T19:41:33.633+0000] {processor.py:179} INFO - Processing /home/airflow/.local/lib/python3.7/site-packages/airflow/example_dags/example_xcom.py took 0.103 seconds
[2023-09-01T19:42:04.027+0000] {processor.py:157} INFO - Started process (PID=1155) to work on /home/airflow/.local/lib/python3.7/site-packages/airflow/example_dags/example_xcom.py
[2023-09-01T19:42:04.028+0000] {processor.py:826} INFO - Processing file /home/airflow/.local/lib/python3.7/site-packages/airflow/example_dags/example_xcom.py for tasks to queue
[2023-09-01T19:42:04.029+0000] {logging_mixin.py:150} INFO - [2023-09-01T19:42:04.029+0000] {dagbag.py:541} INFO - Filling up the DagBag from /home/airflow/.local/lib/python3.7/site-packages/airflow/example_dags/example_xcom.py
[2023-09-01T19:42:04.036+0000] {processor.py:836} INFO - DAG(s) dict_keys(['example_xcom']) retrieved from /home/airflow/.local/lib/python3.7/site-packages/airflow/example_dags/example_xcom.py
[2023-09-01T19:42:04.063+0000] {logging_mixin.py:150} INFO - [2023-09-01T19:42:04.062+0000] {dag.py:2742} INFO - Sync 1 DAGs
[2023-09-01T19:42:04.089+0000] {logging_mixin.py:150} INFO - [2023-09-01T19:42:04.089+0000] {dag.py:3508} INFO - Setting next_dagrun for example_xcom to 2021-01-01T00:00:00+00:00, run_after=2021-01-01T00:00:00+00:00
[2023-09-01T19:42:04.106+0000] {processor.py:179} INFO - Processing /home/airflow/.local/lib/python3.7/site-packages/airflow/example_dags/example_xcom.py took 0.082 seconds
[2023-09-01T19:42:34.375+0000] {processor.py:157} INFO - Started process (PID=1210) to work on /home/airflow/.local/lib/python3.7/site-packages/airflow/example_dags/example_xcom.py
[2023-09-01T19:42:34.376+0000] {processor.py:826} INFO - Processing file /home/airflow/.local/lib/python3.7/site-packages/airflow/example_dags/example_xcom.py for tasks to queue
[2023-09-01T19:42:34.377+0000] {logging_mixin.py:150} INFO - [2023-09-01T19:42:34.377+0000] {dagbag.py:541} INFO - Filling up the DagBag from /home/airflow/.local/lib/python3.7/site-packages/airflow/example_dags/example_xcom.py
[2023-09-01T19:42:34.391+0000] {processor.py:836} INFO - DAG(s) dict_keys(['example_xcom']) retrieved from /home/airflow/.local/lib/python3.7/site-packages/airflow/example_dags/example_xcom.py
[2023-09-01T19:42:34.432+0000] {logging_mixin.py:150} INFO - [2023-09-01T19:42:34.430+0000] {dag.py:2742} INFO - Sync 1 DAGs
[2023-09-01T19:42:34.459+0000] {logging_mixin.py:150} INFO - [2023-09-01T19:42:34.458+0000] {dag.py:3508} INFO - Setting next_dagrun for example_xcom to 2021-01-01T00:00:00+00:00, run_after=2021-01-01T00:00:00+00:00
[2023-09-01T19:42:34.480+0000] {processor.py:179} INFO - Processing /home/airflow/.local/lib/python3.7/site-packages/airflow/example_dags/example_xcom.py took 0.108 seconds
[2023-09-01T19:43:04.651+0000] {processor.py:157} INFO - Started process (PID=1265) to work on /home/airflow/.local/lib/python3.7/site-packages/airflow/example_dags/example_xcom.py
[2023-09-01T19:43:04.652+0000] {processor.py:826} INFO - Processing file /home/airflow/.local/lib/python3.7/site-packages/airflow/example_dags/example_xcom.py for tasks to queue
[2023-09-01T19:43:04.652+0000] {logging_mixin.py:150} INFO - [2023-09-01T19:43:04.652+0000] {dagbag.py:541} INFO - Filling up the DagBag from /home/airflow/.local/lib/python3.7/site-packages/airflow/example_dags/example_xcom.py
[2023-09-01T19:43:04.659+0000] {processor.py:836} INFO - DAG(s) dict_keys(['example_xcom']) retrieved from /home/airflow/.local/lib/python3.7/site-packages/airflow/example_dags/example_xcom.py
[2023-09-01T19:43:04.688+0000] {logging_mixin.py:150} INFO - [2023-09-01T19:43:04.688+0000] {dag.py:2742} INFO - Sync 1 DAGs
[2023-09-01T19:43:04.710+0000] {logging_mixin.py:150} INFO - [2023-09-01T19:43:04.710+0000] {dag.py:3508} INFO - Setting next_dagrun for example_xcom to 2021-01-01T00:00:00+00:00, run_after=2021-01-01T00:00:00+00:00
[2023-09-01T19:43:04.731+0000] {processor.py:179} INFO - Processing /home/airflow/.local/lib/python3.7/site-packages/airflow/example_dags/example_xcom.py took 0.083 seconds
[2023-09-01T19:43:35.308+0000] {processor.py:157} INFO - Started process (PID=1320) to work on /home/airflow/.local/lib/python3.7/site-packages/airflow/example_dags/example_xcom.py
[2023-09-01T19:43:35.309+0000] {processor.py:826} INFO - Processing file /home/airflow/.local/lib/python3.7/site-packages/airflow/example_dags/example_xcom.py for tasks to queue
[2023-09-01T19:43:35.310+0000] {logging_mixin.py:150} INFO - [2023-09-01T19:43:35.310+0000] {dagbag.py:541} INFO - Filling up the DagBag from /home/airflow/.local/lib/python3.7/site-packages/airflow/example_dags/example_xcom.py
[2023-09-01T19:43:35.317+0000] {processor.py:836} INFO - DAG(s) dict_keys(['example_xcom']) retrieved from /home/airflow/.local/lib/python3.7/site-packages/airflow/example_dags/example_xcom.py
[2023-09-01T19:43:35.339+0000] {logging_mixin.py:150} INFO - [2023-09-01T19:43:35.339+0000] {dag.py:2742} INFO - Sync 1 DAGs
[2023-09-01T19:43:35.360+0000] {logging_mixin.py:150} INFO - [2023-09-01T19:43:35.360+0000] {dag.py:3508} INFO - Setting next_dagrun for example_xcom to 2021-01-01T00:00:00+00:00, run_after=2021-01-01T00:00:00+00:00
[2023-09-01T19:43:35.376+0000] {processor.py:179} INFO - Processing /home/airflow/.local/lib/python3.7/site-packages/airflow/example_dags/example_xcom.py took 0.071 seconds
[2023-09-01T19:44:05.809+0000] {processor.py:157} INFO - Started process (PID=1375) to work on /home/airflow/.local/lib/python3.7/site-packages/airflow/example_dags/example_xcom.py
[2023-09-01T19:44:05.810+0000] {processor.py:826} INFO - Processing file /home/airflow/.local/lib/python3.7/site-packages/airflow/example_dags/example_xcom.py for tasks to queue
[2023-09-01T19:44:05.811+0000] {logging_mixin.py:150} INFO - [2023-09-01T19:44:05.811+0000] {dagbag.py:541} INFO - Filling up the DagBag from /home/airflow/.local/lib/python3.7/site-packages/airflow/example_dags/example_xcom.py
[2023-09-01T19:44:05.818+0000] {processor.py:836} INFO - DAG(s) dict_keys(['example_xcom']) retrieved from /home/airflow/.local/lib/python3.7/site-packages/airflow/example_dags/example_xcom.py
[2023-09-01T19:44:05.844+0000] {logging_mixin.py:150} INFO - [2023-09-01T19:44:05.843+0000] {dag.py:2742} INFO - Sync 1 DAGs
[2023-09-01T19:44:05.866+0000] {logging_mixin.py:150} INFO - [2023-09-01T19:44:05.865+0000] {dag.py:3508} INFO - Setting next_dagrun for example_xcom to 2021-01-01T00:00:00+00:00, run_after=2021-01-01T00:00:00+00:00
[2023-09-01T19:44:05.896+0000] {processor.py:179} INFO - Processing /home/airflow/.local/lib/python3.7/site-packages/airflow/example_dags/example_xcom.py took 0.090 seconds
[2023-09-01T19:44:36.406+0000] {processor.py:157} INFO - Started process (PID=1430) to work on /home/airflow/.local/lib/python3.7/site-packages/airflow/example_dags/example_xcom.py
[2023-09-01T19:44:36.406+0000] {processor.py:826} INFO - Processing file /home/airflow/.local/lib/python3.7/site-packages/airflow/example_dags/example_xcom.py for tasks to queue
[2023-09-01T19:44:36.407+0000] {logging_mixin.py:150} INFO - [2023-09-01T19:44:36.407+0000] {dagbag.py:541} INFO - Filling up the DagBag from /home/airflow/.local/lib/python3.7/site-packages/airflow/example_dags/example_xcom.py
[2023-09-01T19:44:36.414+0000] {processor.py:836} INFO - DAG(s) dict_keys(['example_xcom']) retrieved from /home/airflow/.local/lib/python3.7/site-packages/airflow/example_dags/example_xcom.py
[2023-09-01T19:44:36.437+0000] {logging_mixin.py:150} INFO - [2023-09-01T19:44:36.437+0000] {dag.py:2742} INFO - Sync 1 DAGs
[2023-09-01T19:44:36.460+0000] {logging_mixin.py:150} INFO - [2023-09-01T19:44:36.460+0000] {dag.py:3508} INFO - Setting next_dagrun for example_xcom to 2021-01-01T00:00:00+00:00, run_after=2021-01-01T00:00:00+00:00
[2023-09-01T19:44:36.475+0000] {processor.py:179} INFO - Processing /home/airflow/.local/lib/python3.7/site-packages/airflow/example_dags/example_xcom.py took 0.073 seconds
[2023-09-01T19:45:06.747+0000] {processor.py:157} INFO - Started process (PID=1485) to work on /home/airflow/.local/lib/python3.7/site-packages/airflow/example_dags/example_xcom.py
[2023-09-01T19:45:06.748+0000] {processor.py:826} INFO - Processing file /home/airflow/.local/lib/python3.7/site-packages/airflow/example_dags/example_xcom.py for tasks to queue
[2023-09-01T19:45:06.749+0000] {logging_mixin.py:150} INFO - [2023-09-01T19:45:06.749+0000] {dagbag.py:541} INFO - Filling up the DagBag from /home/airflow/.local/lib/python3.7/site-packages/airflow/example_dags/example_xcom.py
[2023-09-01T19:45:06.757+0000] {processor.py:836} INFO - DAG(s) dict_keys(['example_xcom']) retrieved from /home/airflow/.local/lib/python3.7/site-packages/airflow/example_dags/example_xcom.py
[2023-09-01T19:45:06.795+0000] {logging_mixin.py:150} INFO - [2023-09-01T19:45:06.794+0000] {dag.py:2742} INFO - Sync 1 DAGs
[2023-09-01T19:45:06.823+0000] {logging_mixin.py:150} INFO - [2023-09-01T19:45:06.823+0000] {dag.py:3508} INFO - Setting next_dagrun for example_xcom to 2021-01-01T00:00:00+00:00, run_after=2021-01-01T00:00:00+00:00
[2023-09-01T19:45:06.840+0000] {processor.py:179} INFO - Processing /home/airflow/.local/lib/python3.7/site-packages/airflow/example_dags/example_xcom.py took 0.096 seconds
[2023-09-01T19:45:37.057+0000] {processor.py:157} INFO - Started process (PID=1540) to work on /home/airflow/.local/lib/python3.7/site-packages/airflow/example_dags/example_xcom.py
[2023-09-01T19:45:37.057+0000] {processor.py:826} INFO - Processing file /home/airflow/.local/lib/python3.7/site-packages/airflow/example_dags/example_xcom.py for tasks to queue
[2023-09-01T19:45:37.058+0000] {logging_mixin.py:150} INFO - [2023-09-01T19:45:37.058+0000] {dagbag.py:541} INFO - Filling up the DagBag from /home/airflow/.local/lib/python3.7/site-packages/airflow/example_dags/example_xcom.py
[2023-09-01T19:45:37.073+0000] {processor.py:836} INFO - DAG(s) dict_keys(['example_xcom']) retrieved from /home/airflow/.local/lib/python3.7/site-packages/airflow/example_dags/example_xcom.py
[2023-09-01T19:45:37.125+0000] {logging_mixin.py:150} INFO - [2023-09-01T19:45:37.124+0000] {dag.py:2742} INFO - Sync 1 DAGs
[2023-09-01T19:45:37.150+0000] {logging_mixin.py:150} INFO - [2023-09-01T19:45:37.150+0000] {dag.py:3508} INFO - Setting next_dagrun for example_xcom to 2021-01-01T00:00:00+00:00, run_after=2021-01-01T00:00:00+00:00
[2023-09-01T19:45:37.166+0000] {processor.py:179} INFO - Processing /home/airflow/.local/lib/python3.7/site-packages/airflow/example_dags/example_xcom.py took 0.113 seconds
[2023-09-01T19:46:07.474+0000] {processor.py:157} INFO - Started process (PID=1595) to work on /home/airflow/.local/lib/python3.7/site-packages/airflow/example_dags/example_xcom.py
[2023-09-01T19:46:07.475+0000] {processor.py:826} INFO - Processing file /home/airflow/.local/lib/python3.7/site-packages/airflow/example_dags/example_xcom.py for tasks to queue
[2023-09-01T19:46:07.475+0000] {logging_mixin.py:150} INFO - [2023-09-01T19:46:07.475+0000] {dagbag.py:541} INFO - Filling up the DagBag from /home/airflow/.local/lib/python3.7/site-packages/airflow/example_dags/example_xcom.py
[2023-09-01T19:46:07.482+0000] {processor.py:836} INFO - DAG(s) dict_keys(['example_xcom']) retrieved from /home/airflow/.local/lib/python3.7/site-packages/airflow/example_dags/example_xcom.py
[2023-09-01T19:46:07.505+0000] {logging_mixin.py:150} INFO - [2023-09-01T19:46:07.504+0000] {dag.py:2742} INFO - Sync 1 DAGs
[2023-09-01T19:46:07.525+0000] {logging_mixin.py:150} INFO - [2023-09-01T19:46:07.524+0000] {dag.py:3508} INFO - Setting next_dagrun for example_xcom to 2021-01-01T00:00:00+00:00, run_after=2021-01-01T00:00:00+00:00
[2023-09-01T19:46:07.540+0000] {processor.py:179} INFO - Processing /home/airflow/.local/lib/python3.7/site-packages/airflow/example_dags/example_xcom.py took 0.070 seconds
[2023-09-01T19:46:37.892+0000] {processor.py:157} INFO - Started process (PID=1650) to work on /home/airflow/.local/lib/python3.7/site-packages/airflow/example_dags/example_xcom.py
[2023-09-01T19:46:37.893+0000] {processor.py:826} INFO - Processing file /home/airflow/.local/lib/python3.7/site-packages/airflow/example_dags/example_xcom.py for tasks to queue
[2023-09-01T19:46:37.894+0000] {logging_mixin.py:150} INFO - [2023-09-01T19:46:37.894+0000] {dagbag.py:541} INFO - Filling up the DagBag from /home/airflow/.local/lib/python3.7/site-packages/airflow/example_dags/example_xcom.py
[2023-09-01T19:46:37.902+0000] {processor.py:836} INFO - DAG(s) dict_keys(['example_xcom']) retrieved from /home/airflow/.local/lib/python3.7/site-packages/airflow/example_dags/example_xcom.py
[2023-09-01T19:46:37.929+0000] {logging_mixin.py:150} INFO - [2023-09-01T19:46:37.928+0000] {dag.py:2742} INFO - Sync 1 DAGs
[2023-09-01T19:46:37.952+0000] {logging_mixin.py:150} INFO - [2023-09-01T19:46:37.951+0000] {dag.py:3508} INFO - Setting next_dagrun for example_xcom to 2021-01-01T00:00:00+00:00, run_after=2021-01-01T00:00:00+00:00
[2023-09-01T19:46:37.976+0000] {processor.py:179} INFO - Processing /home/airflow/.local/lib/python3.7/site-packages/airflow/example_dags/example_xcom.py took 0.088 seconds
[2023-09-01T19:47:08.557+0000] {processor.py:157} INFO - Started process (PID=1705) to work on /home/airflow/.local/lib/python3.7/site-packages/airflow/example_dags/example_xcom.py
[2023-09-01T19:47:08.557+0000] {processor.py:826} INFO - Processing file /home/airflow/.local/lib/python3.7/site-packages/airflow/example_dags/example_xcom.py for tasks to queue
[2023-09-01T19:47:08.558+0000] {logging_mixin.py:150} INFO - [2023-09-01T19:47:08.558+0000] {dagbag.py:541} INFO - Filling up the DagBag from /home/airflow/.local/lib/python3.7/site-packages/airflow/example_dags/example_xcom.py
[2023-09-01T19:47:08.565+0000] {processor.py:836} INFO - DAG(s) dict_keys(['example_xcom']) retrieved from /home/airflow/.local/lib/python3.7/site-packages/airflow/example_dags/example_xcom.py
[2023-09-01T19:47:08.587+0000] {logging_mixin.py:150} INFO - [2023-09-01T19:47:08.587+0000] {dag.py:2742} INFO - Sync 1 DAGs
[2023-09-01T19:47:08.607+0000] {logging_mixin.py:150} INFO - [2023-09-01T19:47:08.607+0000] {dag.py:3508} INFO - Setting next_dagrun for example_xcom to 2021-01-01T00:00:00+00:00, run_after=2021-01-01T00:00:00+00:00
[2023-09-01T19:47:08.623+0000] {processor.py:179} INFO - Processing /home/airflow/.local/lib/python3.7/site-packages/airflow/example_dags/example_xcom.py took 0.069 seconds
[2023-09-01T19:47:38.950+0000] {processor.py:157} INFO - Started process (PID=1760) to work on /home/airflow/.local/lib/python3.7/site-packages/airflow/example_dags/example_xcom.py
[2023-09-01T19:47:38.952+0000] {processor.py:826} INFO - Processing file /home/airflow/.local/lib/python3.7/site-packages/airflow/example_dags/example_xcom.py for tasks to queue
[2023-09-01T19:47:38.952+0000] {logging_mixin.py:150} INFO - [2023-09-01T19:47:38.952+0000] {dagbag.py:541} INFO - Filling up the DagBag from /home/airflow/.local/lib/python3.7/site-packages/airflow/example_dags/example_xcom.py
[2023-09-01T19:47:38.959+0000] {processor.py:836} INFO - DAG(s) dict_keys(['example_xcom']) retrieved from /home/airflow/.local/lib/python3.7/site-packages/airflow/example_dags/example_xcom.py
[2023-09-01T19:47:38.988+0000] {logging_mixin.py:150} INFO - [2023-09-01T19:47:38.988+0000] {dag.py:2742} INFO - Sync 1 DAGs
[2023-09-01T19:47:39.016+0000] {logging_mixin.py:150} INFO - [2023-09-01T19:47:39.016+0000] {dag.py:3508} INFO - Setting next_dagrun for example_xcom to 2021-01-01T00:00:00+00:00, run_after=2021-01-01T00:00:00+00:00
[2023-09-01T19:47:39.038+0000] {processor.py:179} INFO - Processing /home/airflow/.local/lib/python3.7/site-packages/airflow/example_dags/example_xcom.py took 0.090 seconds
[2023-09-01T19:48:09.390+0000] {processor.py:157} INFO - Started process (PID=1815) to work on /home/airflow/.local/lib/python3.7/site-packages/airflow/example_dags/example_xcom.py
[2023-09-01T19:48:09.390+0000] {processor.py:826} INFO - Processing file /home/airflow/.local/lib/python3.7/site-packages/airflow/example_dags/example_xcom.py for tasks to queue
[2023-09-01T19:48:09.391+0000] {logging_mixin.py:150} INFO - [2023-09-01T19:48:09.391+0000] {dagbag.py:541} INFO - Filling up the DagBag from /home/airflow/.local/lib/python3.7/site-packages/airflow/example_dags/example_xcom.py
[2023-09-01T19:48:09.399+0000] {processor.py:836} INFO - DAG(s) dict_keys(['example_xcom']) retrieved from /home/airflow/.local/lib/python3.7/site-packages/airflow/example_dags/example_xcom.py
[2023-09-01T19:48:09.431+0000] {logging_mixin.py:150} INFO - [2023-09-01T19:48:09.430+0000] {dag.py:2742} INFO - Sync 1 DAGs
[2023-09-01T19:48:09.459+0000] {logging_mixin.py:150} INFO - [2023-09-01T19:48:09.459+0000] {dag.py:3508} INFO - Setting next_dagrun for example_xcom to 2021-01-01T00:00:00+00:00, run_after=2021-01-01T00:00:00+00:00
[2023-09-01T19:48:09.483+0000] {processor.py:179} INFO - Processing /home/airflow/.local/lib/python3.7/site-packages/airflow/example_dags/example_xcom.py took 0.097 seconds
[2023-09-01T19:48:40.305+0000] {processor.py:157} INFO - Started process (PID=1869) to work on /home/airflow/.local/lib/python3.7/site-packages/airflow/example_dags/example_xcom.py
[2023-09-01T19:48:40.306+0000] {processor.py:826} INFO - Processing file /home/airflow/.local/lib/python3.7/site-packages/airflow/example_dags/example_xcom.py for tasks to queue
[2023-09-01T19:48:40.307+0000] {logging_mixin.py:150} INFO - [2023-09-01T19:48:40.307+0000] {dagbag.py:541} INFO - Filling up the DagBag from /home/airflow/.local/lib/python3.7/site-packages/airflow/example_dags/example_xcom.py
[2023-09-01T19:48:40.314+0000] {processor.py:836} INFO - DAG(s) dict_keys(['example_xcom']) retrieved from /home/airflow/.local/lib/python3.7/site-packages/airflow/example_dags/example_xcom.py
[2023-09-01T19:48:40.356+0000] {logging_mixin.py:150} INFO - [2023-09-01T19:48:40.356+0000] {dag.py:2742} INFO - Sync 1 DAGs
[2023-09-01T19:48:40.387+0000] {logging_mixin.py:150} INFO - [2023-09-01T19:48:40.387+0000] {dag.py:3508} INFO - Setting next_dagrun for example_xcom to 2021-01-01T00:00:00+00:00, run_after=2021-01-01T00:00:00+00:00
[2023-09-01T19:48:40.406+0000] {processor.py:179} INFO - Processing /home/airflow/.local/lib/python3.7/site-packages/airflow/example_dags/example_xcom.py took 0.105 seconds
[2023-09-01T19:49:11.038+0000] {processor.py:157} INFO - Started process (PID=1924) to work on /home/airflow/.local/lib/python3.7/site-packages/airflow/example_dags/example_xcom.py
[2023-09-01T19:49:11.039+0000] {processor.py:826} INFO - Processing file /home/airflow/.local/lib/python3.7/site-packages/airflow/example_dags/example_xcom.py for tasks to queue
[2023-09-01T19:49:11.039+0000] {logging_mixin.py:150} INFO - [2023-09-01T19:49:11.039+0000] {dagbag.py:541} INFO - Filling up the DagBag from /home/airflow/.local/lib/python3.7/site-packages/airflow/example_dags/example_xcom.py
[2023-09-01T19:49:11.046+0000] {processor.py:836} INFO - DAG(s) dict_keys(['example_xcom']) retrieved from /home/airflow/.local/lib/python3.7/site-packages/airflow/example_dags/example_xcom.py
[2023-09-01T19:49:11.069+0000] {logging_mixin.py:150} INFO - [2023-09-01T19:49:11.069+0000] {dag.py:2742} INFO - Sync 1 DAGs
[2023-09-01T19:49:11.090+0000] {logging_mixin.py:150} INFO - [2023-09-01T19:49:11.090+0000] {dag.py:3508} INFO - Setting next_dagrun for example_xcom to 2021-01-01T00:00:00+00:00, run_after=2021-01-01T00:00:00+00:00
[2023-09-01T19:49:11.109+0000] {processor.py:179} INFO - Processing /home/airflow/.local/lib/python3.7/site-packages/airflow/example_dags/example_xcom.py took 0.074 seconds
[2023-09-01T19:49:41.741+0000] {processor.py:157} INFO - Started process (PID=1979) to work on /home/airflow/.local/lib/python3.7/site-packages/airflow/example_dags/example_xcom.py
[2023-09-01T19:49:41.743+0000] {processor.py:826} INFO - Processing file /home/airflow/.local/lib/python3.7/site-packages/airflow/example_dags/example_xcom.py for tasks to queue
[2023-09-01T19:49:41.743+0000] {logging_mixin.py:150} INFO - [2023-09-01T19:49:41.743+0000] {dagbag.py:541} INFO - Filling up the DagBag from /home/airflow/.local/lib/python3.7/site-packages/airflow/example_dags/example_xcom.py
[2023-09-01T19:49:41.749+0000] {processor.py:836} INFO - DAG(s) dict_keys(['example_xcom']) retrieved from /home/airflow/.local/lib/python3.7/site-packages/airflow/example_dags/example_xcom.py
[2023-09-01T19:49:41.806+0000] {logging_mixin.py:150} INFO - [2023-09-01T19:49:41.806+0000] {dag.py:2742} INFO - Sync 1 DAGs
[2023-09-01T19:49:41.828+0000] {logging_mixin.py:150} INFO - [2023-09-01T19:49:41.828+0000] {dag.py:3508} INFO - Setting next_dagrun for example_xcom to 2021-01-01T00:00:00+00:00, run_after=2021-01-01T00:00:00+00:00
[2023-09-01T19:49:41.844+0000] {processor.py:179} INFO - Processing /home/airflow/.local/lib/python3.7/site-packages/airflow/example_dags/example_xcom.py took 0.106 seconds
[2023-09-01T19:50:12.023+0000] {processor.py:157} INFO - Started process (PID=2034) to work on /home/airflow/.local/lib/python3.7/site-packages/airflow/example_dags/example_xcom.py
[2023-09-01T19:50:12.028+0000] {processor.py:826} INFO - Processing file /home/airflow/.local/lib/python3.7/site-packages/airflow/example_dags/example_xcom.py for tasks to queue
[2023-09-01T19:50:12.028+0000] {logging_mixin.py:150} INFO - [2023-09-01T19:50:12.028+0000] {dagbag.py:541} INFO - Filling up the DagBag from /home/airflow/.local/lib/python3.7/site-packages/airflow/example_dags/example_xcom.py
[2023-09-01T19:50:12.046+0000] {processor.py:836} INFO - DAG(s) dict_keys(['example_xcom']) retrieved from /home/airflow/.local/lib/python3.7/site-packages/airflow/example_dags/example_xcom.py
[2023-09-01T19:50:12.083+0000] {logging_mixin.py:150} INFO - [2023-09-01T19:50:12.083+0000] {dag.py:2742} INFO - Sync 1 DAGs
[2023-09-01T19:50:12.115+0000] {logging_mixin.py:150} INFO - [2023-09-01T19:50:12.114+0000] {dag.py:3508} INFO - Setting next_dagrun for example_xcom to 2021-01-01T00:00:00+00:00, run_after=2021-01-01T00:00:00+00:00
[2023-09-01T19:50:12.182+0000] {processor.py:179} INFO - Processing /home/airflow/.local/lib/python3.7/site-packages/airflow/example_dags/example_xcom.py took 0.167 seconds
[2023-09-01T19:50:42.992+0000] {processor.py:157} INFO - Started process (PID=2089) to work on /home/airflow/.local/lib/python3.7/site-packages/airflow/example_dags/example_xcom.py
[2023-09-01T19:50:42.993+0000] {processor.py:826} INFO - Processing file /home/airflow/.local/lib/python3.7/site-packages/airflow/example_dags/example_xcom.py for tasks to queue
[2023-09-01T19:50:42.993+0000] {logging_mixin.py:150} INFO - [2023-09-01T19:50:42.993+0000] {dagbag.py:541} INFO - Filling up the DagBag from /home/airflow/.local/lib/python3.7/site-packages/airflow/example_dags/example_xcom.py
[2023-09-01T19:50:43.001+0000] {processor.py:836} INFO - DAG(s) dict_keys(['example_xcom']) retrieved from /home/airflow/.local/lib/python3.7/site-packages/airflow/example_dags/example_xcom.py
[2023-09-01T19:50:43.031+0000] {logging_mixin.py:150} INFO - [2023-09-01T19:50:43.030+0000] {dag.py:2742} INFO - Sync 1 DAGs
[2023-09-01T19:50:43.057+0000] {logging_mixin.py:150} INFO - [2023-09-01T19:50:43.056+0000] {dag.py:3508} INFO - Setting next_dagrun for example_xcom to 2021-01-01T00:00:00+00:00, run_after=2021-01-01T00:00:00+00:00
[2023-09-01T19:50:43.073+0000] {processor.py:179} INFO - Processing /home/airflow/.local/lib/python3.7/site-packages/airflow/example_dags/example_xcom.py took 0.085 seconds
[2023-09-01T19:51:13.878+0000] {processor.py:157} INFO - Started process (PID=2143) to work on /home/airflow/.local/lib/python3.7/site-packages/airflow/example_dags/example_xcom.py
[2023-09-01T19:51:13.879+0000] {processor.py:826} INFO - Processing file /home/airflow/.local/lib/python3.7/site-packages/airflow/example_dags/example_xcom.py for tasks to queue
[2023-09-01T19:51:13.880+0000] {logging_mixin.py:150} INFO - [2023-09-01T19:51:13.879+0000] {dagbag.py:541} INFO - Filling up the DagBag from /home/airflow/.local/lib/python3.7/site-packages/airflow/example_dags/example_xcom.py
[2023-09-01T19:51:13.888+0000] {processor.py:836} INFO - DAG(s) dict_keys(['example_xcom']) retrieved from /home/airflow/.local/lib/python3.7/site-packages/airflow/example_dags/example_xcom.py
[2023-09-01T19:51:13.913+0000] {logging_mixin.py:150} INFO - [2023-09-01T19:51:13.913+0000] {dag.py:2742} INFO - Sync 1 DAGs
[2023-09-01T19:51:13.936+0000] {logging_mixin.py:150} INFO - [2023-09-01T19:51:13.936+0000] {dag.py:3508} INFO - Setting next_dagrun for example_xcom to 2021-01-01T00:00:00+00:00, run_after=2021-01-01T00:00:00+00:00
[2023-09-01T19:51:13.953+0000] {processor.py:179} INFO - Processing /home/airflow/.local/lib/python3.7/site-packages/airflow/example_dags/example_xcom.py took 0.078 seconds
[2023-09-01T19:51:44.800+0000] {processor.py:157} INFO - Started process (PID=2198) to work on /home/airflow/.local/lib/python3.7/site-packages/airflow/example_dags/example_xcom.py
[2023-09-01T19:51:44.801+0000] {processor.py:826} INFO - Processing file /home/airflow/.local/lib/python3.7/site-packages/airflow/example_dags/example_xcom.py for tasks to queue
[2023-09-01T19:51:44.803+0000] {logging_mixin.py:150} INFO - [2023-09-01T19:51:44.803+0000] {dagbag.py:541} INFO - Filling up the DagBag from /home/airflow/.local/lib/python3.7/site-packages/airflow/example_dags/example_xcom.py
[2023-09-01T19:51:44.812+0000] {processor.py:836} INFO - DAG(s) dict_keys(['example_xcom']) retrieved from /home/airflow/.local/lib/python3.7/site-packages/airflow/example_dags/example_xcom.py
[2023-09-01T19:51:44.833+0000] {logging_mixin.py:150} INFO - [2023-09-01T19:51:44.833+0000] {dag.py:2742} INFO - Sync 1 DAGs
[2023-09-01T19:51:44.859+0000] {logging_mixin.py:150} INFO - [2023-09-01T19:51:44.858+0000] {dag.py:3508} INFO - Setting next_dagrun for example_xcom to 2021-01-01T00:00:00+00:00, run_after=2021-01-01T00:00:00+00:00
[2023-09-01T19:51:44.883+0000] {processor.py:179} INFO - Processing /home/airflow/.local/lib/python3.7/site-packages/airflow/example_dags/example_xcom.py took 0.086 seconds
[2023-09-01T19:52:15.966+0000] {processor.py:157} INFO - Started process (PID=2252) to work on /home/airflow/.local/lib/python3.7/site-packages/airflow/example_dags/example_xcom.py
[2023-09-01T19:52:15.968+0000] {processor.py:826} INFO - Processing file /home/airflow/.local/lib/python3.7/site-packages/airflow/example_dags/example_xcom.py for tasks to queue
[2023-09-01T19:52:15.969+0000] {logging_mixin.py:150} INFO - [2023-09-01T19:52:15.968+0000] {dagbag.py:541} INFO - Filling up the DagBag from /home/airflow/.local/lib/python3.7/site-packages/airflow/example_dags/example_xcom.py
[2023-09-01T19:52:15.983+0000] {processor.py:836} INFO - DAG(s) dict_keys(['example_xcom']) retrieved from /home/airflow/.local/lib/python3.7/site-packages/airflow/example_dags/example_xcom.py
[2023-09-01T19:52:16.027+0000] {logging_mixin.py:150} INFO - [2023-09-01T19:52:16.026+0000] {dag.py:2742} INFO - Sync 1 DAGs
[2023-09-01T19:52:16.068+0000] {logging_mixin.py:150} INFO - [2023-09-01T19:52:16.068+0000] {dag.py:3508} INFO - Setting next_dagrun for example_xcom to 2021-01-01T00:00:00+00:00, run_after=2021-01-01T00:00:00+00:00
[2023-09-01T19:52:16.124+0000] {processor.py:179} INFO - Processing /home/airflow/.local/lib/python3.7/site-packages/airflow/example_dags/example_xcom.py took 0.168 seconds
[2023-09-01T19:52:46.904+0000] {processor.py:157} INFO - Started process (PID=2308) to work on /home/airflow/.local/lib/python3.7/site-packages/airflow/example_dags/example_xcom.py
[2023-09-01T19:52:46.905+0000] {processor.py:826} INFO - Processing file /home/airflow/.local/lib/python3.7/site-packages/airflow/example_dags/example_xcom.py for tasks to queue
[2023-09-01T19:52:46.906+0000] {logging_mixin.py:150} INFO - [2023-09-01T19:52:46.906+0000] {dagbag.py:541} INFO - Filling up the DagBag from /home/airflow/.local/lib/python3.7/site-packages/airflow/example_dags/example_xcom.py
[2023-09-01T19:52:46.914+0000] {processor.py:836} INFO - DAG(s) dict_keys(['example_xcom']) retrieved from /home/airflow/.local/lib/python3.7/site-packages/airflow/example_dags/example_xcom.py
[2023-09-01T19:52:46.937+0000] {logging_mixin.py:150} INFO - [2023-09-01T19:52:46.937+0000] {dag.py:2742} INFO - Sync 1 DAGs
[2023-09-01T19:52:46.978+0000] {logging_mixin.py:150} INFO - [2023-09-01T19:52:46.978+0000] {dag.py:3508} INFO - Setting next_dagrun for example_xcom to 2021-01-01T00:00:00+00:00, run_after=2021-01-01T00:00:00+00:00
[2023-09-01T19:52:46.997+0000] {processor.py:179} INFO - Processing /home/airflow/.local/lib/python3.7/site-packages/airflow/example_dags/example_xcom.py took 0.096 seconds
[2023-09-01T19:53:17.380+0000] {processor.py:157} INFO - Started process (PID=2363) to work on /home/airflow/.local/lib/python3.7/site-packages/airflow/example_dags/example_xcom.py
[2023-09-01T19:53:17.381+0000] {processor.py:826} INFO - Processing file /home/airflow/.local/lib/python3.7/site-packages/airflow/example_dags/example_xcom.py for tasks to queue
[2023-09-01T19:53:17.382+0000] {logging_mixin.py:150} INFO - [2023-09-01T19:53:17.381+0000] {dagbag.py:541} INFO - Filling up the DagBag from /home/airflow/.local/lib/python3.7/site-packages/airflow/example_dags/example_xcom.py
[2023-09-01T19:53:17.388+0000] {processor.py:836} INFO - DAG(s) dict_keys(['example_xcom']) retrieved from /home/airflow/.local/lib/python3.7/site-packages/airflow/example_dags/example_xcom.py
[2023-09-01T19:53:17.412+0000] {logging_mixin.py:150} INFO - [2023-09-01T19:53:17.412+0000] {dag.py:2742} INFO - Sync 1 DAGs
[2023-09-01T19:53:17.432+0000] {logging_mixin.py:150} INFO - [2023-09-01T19:53:17.432+0000] {dag.py:3508} INFO - Setting next_dagrun for example_xcom to 2021-01-01T00:00:00+00:00, run_after=2021-01-01T00:00:00+00:00
[2023-09-01T19:53:17.452+0000] {processor.py:179} INFO - Processing /home/airflow/.local/lib/python3.7/site-packages/airflow/example_dags/example_xcom.py took 0.075 seconds
[2023-09-01T19:53:48.012+0000] {processor.py:157} INFO - Started process (PID=2418) to work on /home/airflow/.local/lib/python3.7/site-packages/airflow/example_dags/example_xcom.py
[2023-09-01T19:53:48.012+0000] {processor.py:826} INFO - Processing file /home/airflow/.local/lib/python3.7/site-packages/airflow/example_dags/example_xcom.py for tasks to queue
[2023-09-01T19:53:48.013+0000] {logging_mixin.py:150} INFO - [2023-09-01T19:53:48.013+0000] {dagbag.py:541} INFO - Filling up the DagBag from /home/airflow/.local/lib/python3.7/site-packages/airflow/example_dags/example_xcom.py
[2023-09-01T19:53:48.022+0000] {processor.py:836} INFO - DAG(s) dict_keys(['example_xcom']) retrieved from /home/airflow/.local/lib/python3.7/site-packages/airflow/example_dags/example_xcom.py
[2023-09-01T19:53:48.059+0000] {logging_mixin.py:150} INFO - [2023-09-01T19:53:48.058+0000] {dag.py:2742} INFO - Sync 1 DAGs
[2023-09-01T19:53:48.094+0000] {logging_mixin.py:150} INFO - [2023-09-01T19:53:48.094+0000] {dag.py:3508} INFO - Setting next_dagrun for example_xcom to 2021-01-01T00:00:00+00:00, run_after=2021-01-01T00:00:00+00:00
[2023-09-01T19:53:48.118+0000] {processor.py:179} INFO - Processing /home/airflow/.local/lib/python3.7/site-packages/airflow/example_dags/example_xcom.py took 0.114 seconds
[2023-09-01T19:54:19.337+0000] {processor.py:157} INFO - Started process (PID=2473) to work on /home/airflow/.local/lib/python3.7/site-packages/airflow/example_dags/example_xcom.py
[2023-09-01T19:54:19.338+0000] {processor.py:826} INFO - Processing file /home/airflow/.local/lib/python3.7/site-packages/airflow/example_dags/example_xcom.py for tasks to queue
[2023-09-01T19:54:19.339+0000] {logging_mixin.py:150} INFO - [2023-09-01T19:54:19.339+0000] {dagbag.py:541} INFO - Filling up the DagBag from /home/airflow/.local/lib/python3.7/site-packages/airflow/example_dags/example_xcom.py
[2023-09-01T19:54:19.345+0000] {processor.py:836} INFO - DAG(s) dict_keys(['example_xcom']) retrieved from /home/airflow/.local/lib/python3.7/site-packages/airflow/example_dags/example_xcom.py
[2023-09-01T19:54:19.371+0000] {logging_mixin.py:150} INFO - [2023-09-01T19:54:19.370+0000] {dag.py:2742} INFO - Sync 1 DAGs
[2023-09-01T19:54:19.398+0000] {logging_mixin.py:150} INFO - [2023-09-01T19:54:19.398+0000] {dag.py:3508} INFO - Setting next_dagrun for example_xcom to 2021-01-01T00:00:00+00:00, run_after=2021-01-01T00:00:00+00:00
[2023-09-01T19:54:19.415+0000] {processor.py:179} INFO - Processing /home/airflow/.local/lib/python3.7/site-packages/airflow/example_dags/example_xcom.py took 0.082 seconds
[2023-09-01T19:54:50.420+0000] {processor.py:157} INFO - Started process (PID=2528) to work on /home/airflow/.local/lib/python3.7/site-packages/airflow/example_dags/example_xcom.py
[2023-09-01T19:54:50.421+0000] {processor.py:826} INFO - Processing file /home/airflow/.local/lib/python3.7/site-packages/airflow/example_dags/example_xcom.py for tasks to queue
[2023-09-01T19:54:50.421+0000] {logging_mixin.py:150} INFO - [2023-09-01T19:54:50.421+0000] {dagbag.py:541} INFO - Filling up the DagBag from /home/airflow/.local/lib/python3.7/site-packages/airflow/example_dags/example_xcom.py
[2023-09-01T19:54:50.428+0000] {processor.py:836} INFO - DAG(s) dict_keys(['example_xcom']) retrieved from /home/airflow/.local/lib/python3.7/site-packages/airflow/example_dags/example_xcom.py
[2023-09-01T19:54:50.453+0000] {logging_mixin.py:150} INFO - [2023-09-01T19:54:50.453+0000] {dag.py:2742} INFO - Sync 1 DAGs
[2023-09-01T19:54:50.474+0000] {logging_mixin.py:150} INFO - [2023-09-01T19:54:50.474+0000] {dag.py:3508} INFO - Setting next_dagrun for example_xcom to 2021-01-01T00:00:00+00:00, run_after=2021-01-01T00:00:00+00:00
[2023-09-01T19:54:50.492+0000] {processor.py:179} INFO - Processing /home/airflow/.local/lib/python3.7/site-packages/airflow/example_dags/example_xcom.py took 0.075 seconds
