[2023-09-01T19:31:55.142+0000] {processor.py:157} INFO - Started process (PID=60) to work on /home/airflow/.local/lib/python3.7/site-packages/airflow/example_dags/example_xcomargs.py
[2023-09-01T19:31:55.142+0000] {processor.py:826} INFO - Processing file /home/airflow/.local/lib/python3.7/site-packages/airflow/example_dags/example_xcomargs.py for tasks to queue
[2023-09-01T19:31:55.143+0000] {logging_mixin.py:150} INFO - [2023-09-01T19:31:55.143+0000] {dagbag.py:541} INFO - Filling up the DagBag from /home/airflow/.local/lib/python3.7/site-packages/airflow/example_dags/example_xcomargs.py
[2023-09-01T19:31:55.182+0000] {processor.py:836} INFO - DAG(s) dict_keys(['example_xcom_args_with_operators', 'example_xcom_args']) retrieved from /home/airflow/.local/lib/python3.7/site-packages/airflow/example_dags/example_xcomargs.py
[2023-09-01T19:31:55.436+0000] {logging_mixin.py:150} INFO - [2023-09-01T19:31:55.436+0000] {dag.py:2742} INFO - Sync 2 DAGs
[2023-09-01T19:31:55.503+0000] {logging_mixin.py:150} INFO - [2023-09-01T19:31:55.503+0000] {dag.py:3508} INFO - Setting next_dagrun for example_xcom_args to None, run_after=None
[2023-09-01T19:31:55.516+0000] {logging_mixin.py:150} INFO - [2023-09-01T19:31:55.515+0000] {dag.py:3508} INFO - Setting next_dagrun for example_xcom_args_with_operators to None, run_after=None
[2023-09-01T19:31:55.549+0000] {processor.py:179} INFO - Processing /home/airflow/.local/lib/python3.7/site-packages/airflow/example_dags/example_xcomargs.py took 0.411 seconds
[2023-09-01T19:32:25.915+0000] {processor.py:157} INFO - Started process (PID=116) to work on /home/airflow/.local/lib/python3.7/site-packages/airflow/example_dags/example_xcomargs.py
[2023-09-01T19:32:25.916+0000] {processor.py:826} INFO - Processing file /home/airflow/.local/lib/python3.7/site-packages/airflow/example_dags/example_xcomargs.py for tasks to queue
[2023-09-01T19:32:25.917+0000] {logging_mixin.py:150} INFO - [2023-09-01T19:32:25.916+0000] {dagbag.py:541} INFO - Filling up the DagBag from /home/airflow/.local/lib/python3.7/site-packages/airflow/example_dags/example_xcomargs.py
[2023-09-01T19:32:25.923+0000] {processor.py:836} INFO - DAG(s) dict_keys(['example_xcom_args', 'example_xcom_args_with_operators']) retrieved from /home/airflow/.local/lib/python3.7/site-packages/airflow/example_dags/example_xcomargs.py
[2023-09-01T19:32:25.949+0000] {logging_mixin.py:150} INFO - [2023-09-01T19:32:25.949+0000] {dag.py:2742} INFO - Sync 2 DAGs
[2023-09-01T19:32:25.971+0000] {logging_mixin.py:150} INFO - [2023-09-01T19:32:25.971+0000] {dag.py:3508} INFO - Setting next_dagrun for example_xcom_args to None, run_after=None
[2023-09-01T19:32:25.974+0000] {logging_mixin.py:150} INFO - [2023-09-01T19:32:25.974+0000] {dag.py:3508} INFO - Setting next_dagrun for example_xcom_args_with_operators to None, run_after=None
[2023-09-01T19:32:25.988+0000] {processor.py:179} INFO - Processing /home/airflow/.local/lib/python3.7/site-packages/airflow/example_dags/example_xcomargs.py took 0.076 seconds
[2023-09-01T19:32:56.806+0000] {processor.py:157} INFO - Started process (PID=171) to work on /home/airflow/.local/lib/python3.7/site-packages/airflow/example_dags/example_xcomargs.py
[2023-09-01T19:32:56.807+0000] {processor.py:826} INFO - Processing file /home/airflow/.local/lib/python3.7/site-packages/airflow/example_dags/example_xcomargs.py for tasks to queue
[2023-09-01T19:32:56.807+0000] {logging_mixin.py:150} INFO - [2023-09-01T19:32:56.807+0000] {dagbag.py:541} INFO - Filling up the DagBag from /home/airflow/.local/lib/python3.7/site-packages/airflow/example_dags/example_xcomargs.py
[2023-09-01T19:32:56.814+0000] {processor.py:836} INFO - DAG(s) dict_keys(['example_xcom_args', 'example_xcom_args_with_operators']) retrieved from /home/airflow/.local/lib/python3.7/site-packages/airflow/example_dags/example_xcomargs.py
[2023-09-01T19:32:56.836+0000] {logging_mixin.py:150} INFO - [2023-09-01T19:32:56.836+0000] {dag.py:2742} INFO - Sync 2 DAGs
[2023-09-01T19:32:56.858+0000] {logging_mixin.py:150} INFO - [2023-09-01T19:32:56.857+0000] {dag.py:3508} INFO - Setting next_dagrun for example_xcom_args to None, run_after=None
[2023-09-01T19:32:56.861+0000] {logging_mixin.py:150} INFO - [2023-09-01T19:32:56.860+0000] {dag.py:3508} INFO - Setting next_dagrun for example_xcom_args_with_operators to None, run_after=None
[2023-09-01T19:32:56.877+0000] {processor.py:179} INFO - Processing /home/airflow/.local/lib/python3.7/site-packages/airflow/example_dags/example_xcomargs.py took 0.075 seconds
[2023-09-01T19:33:27.186+0000] {processor.py:157} INFO - Started process (PID=226) to work on /home/airflow/.local/lib/python3.7/site-packages/airflow/example_dags/example_xcomargs.py
[2023-09-01T19:33:27.186+0000] {processor.py:826} INFO - Processing file /home/airflow/.local/lib/python3.7/site-packages/airflow/example_dags/example_xcomargs.py for tasks to queue
[2023-09-01T19:33:27.187+0000] {logging_mixin.py:150} INFO - [2023-09-01T19:33:27.187+0000] {dagbag.py:541} INFO - Filling up the DagBag from /home/airflow/.local/lib/python3.7/site-packages/airflow/example_dags/example_xcomargs.py
[2023-09-01T19:33:27.194+0000] {processor.py:836} INFO - DAG(s) dict_keys(['example_xcom_args', 'example_xcom_args_with_operators']) retrieved from /home/airflow/.local/lib/python3.7/site-packages/airflow/example_dags/example_xcomargs.py
[2023-09-01T19:33:27.217+0000] {logging_mixin.py:150} INFO - [2023-09-01T19:33:27.217+0000] {dag.py:2742} INFO - Sync 2 DAGs
[2023-09-01T19:33:27.242+0000] {logging_mixin.py:150} INFO - [2023-09-01T19:33:27.241+0000] {dag.py:3508} INFO - Setting next_dagrun for example_xcom_args to None, run_after=None
[2023-09-01T19:33:27.245+0000] {logging_mixin.py:150} INFO - [2023-09-01T19:33:27.244+0000] {dag.py:3508} INFO - Setting next_dagrun for example_xcom_args_with_operators to None, run_after=None
[2023-09-01T19:33:27.261+0000] {processor.py:179} INFO - Processing /home/airflow/.local/lib/python3.7/site-packages/airflow/example_dags/example_xcomargs.py took 0.079 seconds
[2023-09-01T19:33:57.539+0000] {processor.py:157} INFO - Started process (PID=281) to work on /home/airflow/.local/lib/python3.7/site-packages/airflow/example_dags/example_xcomargs.py
[2023-09-01T19:33:57.540+0000] {processor.py:826} INFO - Processing file /home/airflow/.local/lib/python3.7/site-packages/airflow/example_dags/example_xcomargs.py for tasks to queue
[2023-09-01T19:33:57.541+0000] {logging_mixin.py:150} INFO - [2023-09-01T19:33:57.541+0000] {dagbag.py:541} INFO - Filling up the DagBag from /home/airflow/.local/lib/python3.7/site-packages/airflow/example_dags/example_xcomargs.py
[2023-09-01T19:33:57.548+0000] {processor.py:836} INFO - DAG(s) dict_keys(['example_xcom_args_with_operators', 'example_xcom_args']) retrieved from /home/airflow/.local/lib/python3.7/site-packages/airflow/example_dags/example_xcomargs.py
[2023-09-01T19:33:57.577+0000] {logging_mixin.py:150} INFO - [2023-09-01T19:33:57.577+0000] {dag.py:2742} INFO - Sync 2 DAGs
[2023-09-01T19:33:57.603+0000] {logging_mixin.py:150} INFO - [2023-09-01T19:33:57.602+0000] {dag.py:3508} INFO - Setting next_dagrun for example_xcom_args to None, run_after=None
[2023-09-01T19:33:57.605+0000] {logging_mixin.py:150} INFO - [2023-09-01T19:33:57.605+0000] {dag.py:3508} INFO - Setting next_dagrun for example_xcom_args_with_operators to None, run_after=None
[2023-09-01T19:33:57.619+0000] {processor.py:179} INFO - Processing /home/airflow/.local/lib/python3.7/site-packages/airflow/example_dags/example_xcomargs.py took 0.083 seconds
[2023-09-01T19:34:27.931+0000] {processor.py:157} INFO - Started process (PID=336) to work on /home/airflow/.local/lib/python3.7/site-packages/airflow/example_dags/example_xcomargs.py
[2023-09-01T19:34:27.932+0000] {processor.py:826} INFO - Processing file /home/airflow/.local/lib/python3.7/site-packages/airflow/example_dags/example_xcomargs.py for tasks to queue
[2023-09-01T19:34:27.933+0000] {logging_mixin.py:150} INFO - [2023-09-01T19:34:27.932+0000] {dagbag.py:541} INFO - Filling up the DagBag from /home/airflow/.local/lib/python3.7/site-packages/airflow/example_dags/example_xcomargs.py
[2023-09-01T19:34:27.947+0000] {processor.py:836} INFO - DAG(s) dict_keys(['example_xcom_args', 'example_xcom_args_with_operators']) retrieved from /home/airflow/.local/lib/python3.7/site-packages/airflow/example_dags/example_xcomargs.py
[2023-09-01T19:34:27.992+0000] {logging_mixin.py:150} INFO - [2023-09-01T19:34:27.991+0000] {dag.py:2742} INFO - Sync 2 DAGs
[2023-09-01T19:34:28.013+0000] {logging_mixin.py:150} INFO - [2023-09-01T19:34:28.013+0000] {dag.py:3508} INFO - Setting next_dagrun for example_xcom_args to None, run_after=None
[2023-09-01T19:34:28.016+0000] {logging_mixin.py:150} INFO - [2023-09-01T19:34:28.016+0000] {dag.py:3508} INFO - Setting next_dagrun for example_xcom_args_with_operators to None, run_after=None
[2023-09-01T19:34:28.030+0000] {processor.py:179} INFO - Processing /home/airflow/.local/lib/python3.7/site-packages/airflow/example_dags/example_xcomargs.py took 0.104 seconds
[2023-09-01T19:34:58.192+0000] {processor.py:157} INFO - Started process (PID=391) to work on /home/airflow/.local/lib/python3.7/site-packages/airflow/example_dags/example_xcomargs.py
[2023-09-01T19:34:58.193+0000] {processor.py:826} INFO - Processing file /home/airflow/.local/lib/python3.7/site-packages/airflow/example_dags/example_xcomargs.py for tasks to queue
[2023-09-01T19:34:58.200+0000] {logging_mixin.py:150} INFO - [2023-09-01T19:34:58.199+0000] {dagbag.py:541} INFO - Filling up the DagBag from /home/airflow/.local/lib/python3.7/site-packages/airflow/example_dags/example_xcomargs.py
[2023-09-01T19:34:58.211+0000] {processor.py:836} INFO - DAG(s) dict_keys(['example_xcom_args', 'example_xcom_args_with_operators']) retrieved from /home/airflow/.local/lib/python3.7/site-packages/airflow/example_dags/example_xcomargs.py
[2023-09-01T19:34:58.237+0000] {logging_mixin.py:150} INFO - [2023-09-01T19:34:58.237+0000] {dag.py:2742} INFO - Sync 2 DAGs
[2023-09-01T19:34:58.267+0000] {logging_mixin.py:150} INFO - [2023-09-01T19:34:58.264+0000] {dag.py:3508} INFO - Setting next_dagrun for example_xcom_args to None, run_after=None
[2023-09-01T19:34:58.271+0000] {logging_mixin.py:150} INFO - [2023-09-01T19:34:58.271+0000] {dag.py:3508} INFO - Setting next_dagrun for example_xcom_args_with_operators to None, run_after=None
[2023-09-01T19:34:58.285+0000] {processor.py:179} INFO - Processing /home/airflow/.local/lib/python3.7/site-packages/airflow/example_dags/example_xcomargs.py took 0.099 seconds
[2023-09-01T19:35:28.468+0000] {processor.py:157} INFO - Started process (PID=446) to work on /home/airflow/.local/lib/python3.7/site-packages/airflow/example_dags/example_xcomargs.py
[2023-09-01T19:35:28.468+0000] {processor.py:826} INFO - Processing file /home/airflow/.local/lib/python3.7/site-packages/airflow/example_dags/example_xcomargs.py for tasks to queue
[2023-09-01T19:35:28.469+0000] {logging_mixin.py:150} INFO - [2023-09-01T19:35:28.469+0000] {dagbag.py:541} INFO - Filling up the DagBag from /home/airflow/.local/lib/python3.7/site-packages/airflow/example_dags/example_xcomargs.py
[2023-09-01T19:35:28.475+0000] {processor.py:836} INFO - DAG(s) dict_keys(['example_xcom_args_with_operators', 'example_xcom_args']) retrieved from /home/airflow/.local/lib/python3.7/site-packages/airflow/example_dags/example_xcomargs.py
[2023-09-01T19:35:28.512+0000] {logging_mixin.py:150} INFO - [2023-09-01T19:35:28.512+0000] {dag.py:2742} INFO - Sync 2 DAGs
[2023-09-01T19:35:28.533+0000] {logging_mixin.py:150} INFO - [2023-09-01T19:35:28.533+0000] {dag.py:3508} INFO - Setting next_dagrun for example_xcom_args to None, run_after=None
[2023-09-01T19:35:28.536+0000] {logging_mixin.py:150} INFO - [2023-09-01T19:35:28.536+0000] {dag.py:3508} INFO - Setting next_dagrun for example_xcom_args_with_operators to None, run_after=None
[2023-09-01T19:35:28.553+0000] {processor.py:179} INFO - Processing /home/airflow/.local/lib/python3.7/site-packages/airflow/example_dags/example_xcomargs.py took 0.089 seconds
[2023-09-01T19:36:01.281+0000] {processor.py:157} INFO - Started process (PID=508) to work on /home/airflow/.local/lib/python3.7/site-packages/airflow/example_dags/example_xcomargs.py
[2023-09-01T19:36:01.290+0000] {processor.py:826} INFO - Processing file /home/airflow/.local/lib/python3.7/site-packages/airflow/example_dags/example_xcomargs.py for tasks to queue
[2023-09-01T19:36:01.291+0000] {logging_mixin.py:150} INFO - [2023-09-01T19:36:01.291+0000] {dagbag.py:541} INFO - Filling up the DagBag from /home/airflow/.local/lib/python3.7/site-packages/airflow/example_dags/example_xcomargs.py
[2023-09-01T19:36:01.369+0000] {processor.py:836} INFO - DAG(s) dict_keys(['example_xcom_args', 'example_xcom_args_with_operators']) retrieved from /home/airflow/.local/lib/python3.7/site-packages/airflow/example_dags/example_xcomargs.py
[2023-09-01T19:36:01.474+0000] {logging_mixin.py:150} INFO - [2023-09-01T19:36:01.474+0000] {dag.py:2742} INFO - Sync 2 DAGs
[2023-09-01T19:36:01.603+0000] {logging_mixin.py:150} INFO - [2023-09-01T19:36:01.603+0000] {dag.py:3508} INFO - Setting next_dagrun for example_xcom_args to None, run_after=None
[2023-09-01T19:36:01.614+0000] {logging_mixin.py:150} INFO - [2023-09-01T19:36:01.614+0000] {dag.py:3508} INFO - Setting next_dagrun for example_xcom_args_with_operators to None, run_after=None
[2023-09-01T19:36:01.675+0000] {processor.py:179} INFO - Processing /home/airflow/.local/lib/python3.7/site-packages/airflow/example_dags/example_xcomargs.py took 0.403 seconds
[2023-09-01T19:36:32.513+0000] {processor.py:157} INFO - Started process (PID=563) to work on /home/airflow/.local/lib/python3.7/site-packages/airflow/example_dags/example_xcomargs.py
[2023-09-01T19:36:32.514+0000] {processor.py:826} INFO - Processing file /home/airflow/.local/lib/python3.7/site-packages/airflow/example_dags/example_xcomargs.py for tasks to queue
[2023-09-01T19:36:32.514+0000] {logging_mixin.py:150} INFO - [2023-09-01T19:36:32.514+0000] {dagbag.py:541} INFO - Filling up the DagBag from /home/airflow/.local/lib/python3.7/site-packages/airflow/example_dags/example_xcomargs.py
[2023-09-01T19:36:32.522+0000] {processor.py:836} INFO - DAG(s) dict_keys(['example_xcom_args', 'example_xcom_args_with_operators']) retrieved from /home/airflow/.local/lib/python3.7/site-packages/airflow/example_dags/example_xcomargs.py
[2023-09-01T19:36:32.551+0000] {logging_mixin.py:150} INFO - [2023-09-01T19:36:32.550+0000] {dag.py:2742} INFO - Sync 2 DAGs
[2023-09-01T19:36:32.571+0000] {logging_mixin.py:150} INFO - [2023-09-01T19:36:32.571+0000] {dag.py:3508} INFO - Setting next_dagrun for example_xcom_args to None, run_after=None
[2023-09-01T19:36:32.574+0000] {logging_mixin.py:150} INFO - [2023-09-01T19:36:32.574+0000] {dag.py:3508} INFO - Setting next_dagrun for example_xcom_args_with_operators to None, run_after=None
[2023-09-01T19:36:32.591+0000] {processor.py:179} INFO - Processing /home/airflow/.local/lib/python3.7/site-packages/airflow/example_dags/example_xcomargs.py took 0.082 seconds
[2023-09-01T19:37:03.137+0000] {processor.py:157} INFO - Started process (PID=618) to work on /home/airflow/.local/lib/python3.7/site-packages/airflow/example_dags/example_xcomargs.py
[2023-09-01T19:37:03.152+0000] {processor.py:826} INFO - Processing file /home/airflow/.local/lib/python3.7/site-packages/airflow/example_dags/example_xcomargs.py for tasks to queue
[2023-09-01T19:37:03.159+0000] {logging_mixin.py:150} INFO - [2023-09-01T19:37:03.155+0000] {dagbag.py:541} INFO - Filling up the DagBag from /home/airflow/.local/lib/python3.7/site-packages/airflow/example_dags/example_xcomargs.py
[2023-09-01T19:37:03.242+0000] {processor.py:836} INFO - DAG(s) dict_keys(['example_xcom_args_with_operators', 'example_xcom_args']) retrieved from /home/airflow/.local/lib/python3.7/site-packages/airflow/example_dags/example_xcomargs.py
[2023-09-01T19:37:03.363+0000] {logging_mixin.py:150} INFO - [2023-09-01T19:37:03.363+0000] {dag.py:2742} INFO - Sync 2 DAGs
[2023-09-01T19:37:03.508+0000] {logging_mixin.py:150} INFO - [2023-09-01T19:37:03.508+0000] {dag.py:3508} INFO - Setting next_dagrun for example_xcom_args to None, run_after=None
[2023-09-01T19:37:03.534+0000] {logging_mixin.py:150} INFO - [2023-09-01T19:37:03.534+0000] {dag.py:3508} INFO - Setting next_dagrun for example_xcom_args_with_operators to None, run_after=None
[2023-09-01T19:37:03.612+0000] {processor.py:179} INFO - Processing /home/airflow/.local/lib/python3.7/site-packages/airflow/example_dags/example_xcomargs.py took 0.525 seconds
[2023-09-01T19:37:34.378+0000] {processor.py:157} INFO - Started process (PID=673) to work on /home/airflow/.local/lib/python3.7/site-packages/airflow/example_dags/example_xcomargs.py
[2023-09-01T19:37:34.379+0000] {processor.py:826} INFO - Processing file /home/airflow/.local/lib/python3.7/site-packages/airflow/example_dags/example_xcomargs.py for tasks to queue
[2023-09-01T19:37:34.380+0000] {logging_mixin.py:150} INFO - [2023-09-01T19:37:34.379+0000] {dagbag.py:541} INFO - Filling up the DagBag from /home/airflow/.local/lib/python3.7/site-packages/airflow/example_dags/example_xcomargs.py
[2023-09-01T19:37:34.394+0000] {processor.py:836} INFO - DAG(s) dict_keys(['example_xcom_args', 'example_xcom_args_with_operators']) retrieved from /home/airflow/.local/lib/python3.7/site-packages/airflow/example_dags/example_xcomargs.py
[2023-09-01T19:37:34.453+0000] {logging_mixin.py:150} INFO - [2023-09-01T19:37:34.452+0000] {dag.py:2742} INFO - Sync 2 DAGs
[2023-09-01T19:37:34.487+0000] {logging_mixin.py:150} INFO - [2023-09-01T19:37:34.486+0000] {dag.py:3508} INFO - Setting next_dagrun for example_xcom_args to None, run_after=None
[2023-09-01T19:37:34.491+0000] {logging_mixin.py:150} INFO - [2023-09-01T19:37:34.491+0000] {dag.py:3508} INFO - Setting next_dagrun for example_xcom_args_with_operators to None, run_after=None
[2023-09-01T19:37:34.510+0000] {processor.py:179} INFO - Processing /home/airflow/.local/lib/python3.7/site-packages/airflow/example_dags/example_xcomargs.py took 0.136 seconds
[2023-09-01T19:38:04.619+0000] {processor.py:157} INFO - Started process (PID=728) to work on /home/airflow/.local/lib/python3.7/site-packages/airflow/example_dags/example_xcomargs.py
[2023-09-01T19:38:04.632+0000] {processor.py:826} INFO - Processing file /home/airflow/.local/lib/python3.7/site-packages/airflow/example_dags/example_xcomargs.py for tasks to queue
[2023-09-01T19:38:04.632+0000] {logging_mixin.py:150} INFO - [2023-09-01T19:38:04.632+0000] {dagbag.py:541} INFO - Filling up the DagBag from /home/airflow/.local/lib/python3.7/site-packages/airflow/example_dags/example_xcomargs.py
[2023-09-01T19:38:04.643+0000] {processor.py:836} INFO - DAG(s) dict_keys(['example_xcom_args_with_operators', 'example_xcom_args']) retrieved from /home/airflow/.local/lib/python3.7/site-packages/airflow/example_dags/example_xcomargs.py
[2023-09-01T19:38:04.691+0000] {logging_mixin.py:150} INFO - [2023-09-01T19:38:04.691+0000] {dag.py:2742} INFO - Sync 2 DAGs
[2023-09-01T19:38:04.743+0000] {logging_mixin.py:150} INFO - [2023-09-01T19:38:04.743+0000] {dag.py:3508} INFO - Setting next_dagrun for example_xcom_args to None, run_after=None
[2023-09-01T19:38:04.750+0000] {logging_mixin.py:150} INFO - [2023-09-01T19:38:04.750+0000] {dag.py:3508} INFO - Setting next_dagrun for example_xcom_args_with_operators to None, run_after=None
[2023-09-01T19:38:04.795+0000] {processor.py:179} INFO - Processing /home/airflow/.local/lib/python3.7/site-packages/airflow/example_dags/example_xcomargs.py took 0.181 seconds
[2023-09-01T19:38:35.374+0000] {processor.py:157} INFO - Started process (PID=783) to work on /home/airflow/.local/lib/python3.7/site-packages/airflow/example_dags/example_xcomargs.py
[2023-09-01T19:38:35.375+0000] {processor.py:826} INFO - Processing file /home/airflow/.local/lib/python3.7/site-packages/airflow/example_dags/example_xcomargs.py for tasks to queue
[2023-09-01T19:38:35.376+0000] {logging_mixin.py:150} INFO - [2023-09-01T19:38:35.376+0000] {dagbag.py:541} INFO - Filling up the DagBag from /home/airflow/.local/lib/python3.7/site-packages/airflow/example_dags/example_xcomargs.py
[2023-09-01T19:38:35.383+0000] {processor.py:836} INFO - DAG(s) dict_keys(['example_xcom_args', 'example_xcom_args_with_operators']) retrieved from /home/airflow/.local/lib/python3.7/site-packages/airflow/example_dags/example_xcomargs.py
[2023-09-01T19:38:35.410+0000] {logging_mixin.py:150} INFO - [2023-09-01T19:38:35.409+0000] {dag.py:2742} INFO - Sync 2 DAGs
[2023-09-01T19:38:35.431+0000] {logging_mixin.py:150} INFO - [2023-09-01T19:38:35.430+0000] {dag.py:3508} INFO - Setting next_dagrun for example_xcom_args to None, run_after=None
[2023-09-01T19:38:35.434+0000] {logging_mixin.py:150} INFO - [2023-09-01T19:38:35.434+0000] {dag.py:3508} INFO - Setting next_dagrun for example_xcom_args_with_operators to None, run_after=None
[2023-09-01T19:38:35.448+0000] {processor.py:179} INFO - Processing /home/airflow/.local/lib/python3.7/site-packages/airflow/example_dags/example_xcomargs.py took 0.077 seconds
[2023-09-01T19:39:05.659+0000] {processor.py:157} INFO - Started process (PID=837) to work on /home/airflow/.local/lib/python3.7/site-packages/airflow/example_dags/example_xcomargs.py
[2023-09-01T19:39:05.660+0000] {processor.py:826} INFO - Processing file /home/airflow/.local/lib/python3.7/site-packages/airflow/example_dags/example_xcomargs.py for tasks to queue
[2023-09-01T19:39:05.661+0000] {logging_mixin.py:150} INFO - [2023-09-01T19:39:05.661+0000] {dagbag.py:541} INFO - Filling up the DagBag from /home/airflow/.local/lib/python3.7/site-packages/airflow/example_dags/example_xcomargs.py
[2023-09-01T19:39:05.684+0000] {processor.py:836} INFO - DAG(s) dict_keys(['example_xcom_args', 'example_xcom_args_with_operators']) retrieved from /home/airflow/.local/lib/python3.7/site-packages/airflow/example_dags/example_xcomargs.py
[2023-09-01T19:39:05.755+0000] {logging_mixin.py:150} INFO - [2023-09-01T19:39:05.754+0000] {dag.py:2742} INFO - Sync 2 DAGs
[2023-09-01T19:39:05.796+0000] {logging_mixin.py:150} INFO - [2023-09-01T19:39:05.796+0000] {dag.py:3508} INFO - Setting next_dagrun for example_xcom_args to None, run_after=None
[2023-09-01T19:39:05.813+0000] {logging_mixin.py:150} INFO - [2023-09-01T19:39:05.813+0000] {dag.py:3508} INFO - Setting next_dagrun for example_xcom_args_with_operators to None, run_after=None
[2023-09-01T19:39:05.829+0000] {processor.py:179} INFO - Processing /home/airflow/.local/lib/python3.7/site-packages/airflow/example_dags/example_xcomargs.py took 0.174 seconds
[2023-09-01T19:39:35.922+0000] {processor.py:157} INFO - Started process (PID=892) to work on /home/airflow/.local/lib/python3.7/site-packages/airflow/example_dags/example_xcomargs.py
[2023-09-01T19:39:35.924+0000] {processor.py:826} INFO - Processing file /home/airflow/.local/lib/python3.7/site-packages/airflow/example_dags/example_xcomargs.py for tasks to queue
[2023-09-01T19:39:35.924+0000] {logging_mixin.py:150} INFO - [2023-09-01T19:39:35.924+0000] {dagbag.py:541} INFO - Filling up the DagBag from /home/airflow/.local/lib/python3.7/site-packages/airflow/example_dags/example_xcomargs.py
[2023-09-01T19:39:35.932+0000] {processor.py:836} INFO - DAG(s) dict_keys(['example_xcom_args', 'example_xcom_args_with_operators']) retrieved from /home/airflow/.local/lib/python3.7/site-packages/airflow/example_dags/example_xcomargs.py
[2023-09-01T19:39:35.960+0000] {logging_mixin.py:150} INFO - [2023-09-01T19:39:35.960+0000] {dag.py:2742} INFO - Sync 2 DAGs
[2023-09-01T19:39:35.982+0000] {logging_mixin.py:150} INFO - [2023-09-01T19:39:35.982+0000] {dag.py:3508} INFO - Setting next_dagrun for example_xcom_args to None, run_after=None
[2023-09-01T19:39:35.985+0000] {logging_mixin.py:150} INFO - [2023-09-01T19:39:35.984+0000] {dag.py:3508} INFO - Setting next_dagrun for example_xcom_args_with_operators to None, run_after=None
[2023-09-01T19:39:36.002+0000] {processor.py:179} INFO - Processing /home/airflow/.local/lib/python3.7/site-packages/airflow/example_dags/example_xcomargs.py took 0.082 seconds
[2023-09-01T19:40:06.210+0000] {processor.py:157} INFO - Started process (PID=947) to work on /home/airflow/.local/lib/python3.7/site-packages/airflow/example_dags/example_xcomargs.py
[2023-09-01T19:40:06.213+0000] {processor.py:826} INFO - Processing file /home/airflow/.local/lib/python3.7/site-packages/airflow/example_dags/example_xcomargs.py for tasks to queue
[2023-09-01T19:40:06.214+0000] {logging_mixin.py:150} INFO - [2023-09-01T19:40:06.213+0000] {dagbag.py:541} INFO - Filling up the DagBag from /home/airflow/.local/lib/python3.7/site-packages/airflow/example_dags/example_xcomargs.py
[2023-09-01T19:40:06.231+0000] {processor.py:836} INFO - DAG(s) dict_keys(['example_xcom_args', 'example_xcom_args_with_operators']) retrieved from /home/airflow/.local/lib/python3.7/site-packages/airflow/example_dags/example_xcomargs.py
[2023-09-01T19:40:06.296+0000] {logging_mixin.py:150} INFO - [2023-09-01T19:40:06.295+0000] {dag.py:2742} INFO - Sync 2 DAGs
[2023-09-01T19:40:06.339+0000] {logging_mixin.py:150} INFO - [2023-09-01T19:40:06.339+0000] {dag.py:3508} INFO - Setting next_dagrun for example_xcom_args to None, run_after=None
[2023-09-01T19:40:06.356+0000] {logging_mixin.py:150} INFO - [2023-09-01T19:40:06.355+0000] {dag.py:3508} INFO - Setting next_dagrun for example_xcom_args_with_operators to None, run_after=None
[2023-09-01T19:40:06.378+0000] {processor.py:179} INFO - Processing /home/airflow/.local/lib/python3.7/site-packages/airflow/example_dags/example_xcomargs.py took 0.171 seconds
[2023-09-01T19:40:36.696+0000] {processor.py:157} INFO - Started process (PID=1001) to work on /home/airflow/.local/lib/python3.7/site-packages/airflow/example_dags/example_xcomargs.py
[2023-09-01T19:40:36.697+0000] {processor.py:826} INFO - Processing file /home/airflow/.local/lib/python3.7/site-packages/airflow/example_dags/example_xcomargs.py for tasks to queue
[2023-09-01T19:40:36.698+0000] {logging_mixin.py:150} INFO - [2023-09-01T19:40:36.698+0000] {dagbag.py:541} INFO - Filling up the DagBag from /home/airflow/.local/lib/python3.7/site-packages/airflow/example_dags/example_xcomargs.py
[2023-09-01T19:40:36.707+0000] {processor.py:836} INFO - DAG(s) dict_keys(['example_xcom_args_with_operators', 'example_xcom_args']) retrieved from /home/airflow/.local/lib/python3.7/site-packages/airflow/example_dags/example_xcomargs.py
[2023-09-01T19:40:36.735+0000] {logging_mixin.py:150} INFO - [2023-09-01T19:40:36.735+0000] {dag.py:2742} INFO - Sync 2 DAGs
[2023-09-01T19:40:36.756+0000] {logging_mixin.py:150} INFO - [2023-09-01T19:40:36.756+0000] {dag.py:3508} INFO - Setting next_dagrun for example_xcom_args to None, run_after=None
[2023-09-01T19:40:36.759+0000] {logging_mixin.py:150} INFO - [2023-09-01T19:40:36.759+0000] {dag.py:3508} INFO - Setting next_dagrun for example_xcom_args_with_operators to None, run_after=None
[2023-09-01T19:40:36.774+0000] {processor.py:179} INFO - Processing /home/airflow/.local/lib/python3.7/site-packages/airflow/example_dags/example_xcomargs.py took 0.082 seconds
[2023-09-01T19:41:07.778+0000] {processor.py:157} INFO - Started process (PID=1056) to work on /home/airflow/.local/lib/python3.7/site-packages/airflow/example_dags/example_xcomargs.py
[2023-09-01T19:41:07.779+0000] {processor.py:826} INFO - Processing file /home/airflow/.local/lib/python3.7/site-packages/airflow/example_dags/example_xcomargs.py for tasks to queue
[2023-09-01T19:41:07.788+0000] {logging_mixin.py:150} INFO - [2023-09-01T19:41:07.787+0000] {dagbag.py:541} INFO - Filling up the DagBag from /home/airflow/.local/lib/python3.7/site-packages/airflow/example_dags/example_xcomargs.py
[2023-09-01T19:41:07.799+0000] {processor.py:836} INFO - DAG(s) dict_keys(['example_xcom_args', 'example_xcom_args_with_operators']) retrieved from /home/airflow/.local/lib/python3.7/site-packages/airflow/example_dags/example_xcomargs.py
[2023-09-01T19:41:07.848+0000] {logging_mixin.py:150} INFO - [2023-09-01T19:41:07.848+0000] {dag.py:2742} INFO - Sync 2 DAGs
[2023-09-01T19:41:07.876+0000] {logging_mixin.py:150} INFO - [2023-09-01T19:41:07.876+0000] {dag.py:3508} INFO - Setting next_dagrun for example_xcom_args to None, run_after=None
[2023-09-01T19:41:07.880+0000] {logging_mixin.py:150} INFO - [2023-09-01T19:41:07.880+0000] {dag.py:3508} INFO - Setting next_dagrun for example_xcom_args_with_operators to None, run_after=None
[2023-09-01T19:41:07.894+0000] {processor.py:179} INFO - Processing /home/airflow/.local/lib/python3.7/site-packages/airflow/example_dags/example_xcomargs.py took 0.124 seconds
[2023-09-01T19:41:38.238+0000] {processor.py:157} INFO - Started process (PID=1111) to work on /home/airflow/.local/lib/python3.7/site-packages/airflow/example_dags/example_xcomargs.py
[2023-09-01T19:41:38.239+0000] {processor.py:826} INFO - Processing file /home/airflow/.local/lib/python3.7/site-packages/airflow/example_dags/example_xcomargs.py for tasks to queue
[2023-09-01T19:41:38.240+0000] {logging_mixin.py:150} INFO - [2023-09-01T19:41:38.240+0000] {dagbag.py:541} INFO - Filling up the DagBag from /home/airflow/.local/lib/python3.7/site-packages/airflow/example_dags/example_xcomargs.py
[2023-09-01T19:41:38.247+0000] {processor.py:836} INFO - DAG(s) dict_keys(['example_xcom_args_with_operators', 'example_xcom_args']) retrieved from /home/airflow/.local/lib/python3.7/site-packages/airflow/example_dags/example_xcomargs.py
[2023-09-01T19:41:38.271+0000] {logging_mixin.py:150} INFO - [2023-09-01T19:41:38.271+0000] {dag.py:2742} INFO - Sync 2 DAGs
[2023-09-01T19:41:38.298+0000] {logging_mixin.py:150} INFO - [2023-09-01T19:41:38.297+0000] {dag.py:3508} INFO - Setting next_dagrun for example_xcom_args to None, run_after=None
[2023-09-01T19:41:38.301+0000] {logging_mixin.py:150} INFO - [2023-09-01T19:41:38.301+0000] {dag.py:3508} INFO - Setting next_dagrun for example_xcom_args_with_operators to None, run_after=None
[2023-09-01T19:41:38.319+0000] {processor.py:179} INFO - Processing /home/airflow/.local/lib/python3.7/site-packages/airflow/example_dags/example_xcomargs.py took 0.083 seconds
[2023-09-01T19:42:08.505+0000] {processor.py:157} INFO - Started process (PID=1165) to work on /home/airflow/.local/lib/python3.7/site-packages/airflow/example_dags/example_xcomargs.py
[2023-09-01T19:42:08.507+0000] {processor.py:826} INFO - Processing file /home/airflow/.local/lib/python3.7/site-packages/airflow/example_dags/example_xcomargs.py for tasks to queue
[2023-09-01T19:42:08.507+0000] {logging_mixin.py:150} INFO - [2023-09-01T19:42:08.507+0000] {dagbag.py:541} INFO - Filling up the DagBag from /home/airflow/.local/lib/python3.7/site-packages/airflow/example_dags/example_xcomargs.py
[2023-09-01T19:42:08.515+0000] {processor.py:836} INFO - DAG(s) dict_keys(['example_xcom_args', 'example_xcom_args_with_operators']) retrieved from /home/airflow/.local/lib/python3.7/site-packages/airflow/example_dags/example_xcomargs.py
[2023-09-01T19:42:08.539+0000] {logging_mixin.py:150} INFO - [2023-09-01T19:42:08.539+0000] {dag.py:2742} INFO - Sync 2 DAGs
[2023-09-01T19:42:08.568+0000] {logging_mixin.py:150} INFO - [2023-09-01T19:42:08.568+0000] {dag.py:3508} INFO - Setting next_dagrun for example_xcom_args to None, run_after=None
[2023-09-01T19:42:08.571+0000] {logging_mixin.py:150} INFO - [2023-09-01T19:42:08.571+0000] {dag.py:3508} INFO - Setting next_dagrun for example_xcom_args_with_operators to None, run_after=None
[2023-09-01T19:42:08.590+0000] {processor.py:179} INFO - Processing /home/airflow/.local/lib/python3.7/site-packages/airflow/example_dags/example_xcomargs.py took 0.089 seconds
[2023-09-01T19:42:39.126+0000] {processor.py:157} INFO - Started process (PID=1220) to work on /home/airflow/.local/lib/python3.7/site-packages/airflow/example_dags/example_xcomargs.py
[2023-09-01T19:42:39.128+0000] {processor.py:826} INFO - Processing file /home/airflow/.local/lib/python3.7/site-packages/airflow/example_dags/example_xcomargs.py for tasks to queue
[2023-09-01T19:42:39.129+0000] {logging_mixin.py:150} INFO - [2023-09-01T19:42:39.128+0000] {dagbag.py:541} INFO - Filling up the DagBag from /home/airflow/.local/lib/python3.7/site-packages/airflow/example_dags/example_xcomargs.py
[2023-09-01T19:42:39.136+0000] {processor.py:836} INFO - DAG(s) dict_keys(['example_xcom_args_with_operators', 'example_xcom_args']) retrieved from /home/airflow/.local/lib/python3.7/site-packages/airflow/example_dags/example_xcomargs.py
[2023-09-01T19:42:39.166+0000] {logging_mixin.py:150} INFO - [2023-09-01T19:42:39.166+0000] {dag.py:2742} INFO - Sync 2 DAGs
[2023-09-01T19:42:39.200+0000] {logging_mixin.py:150} INFO - [2023-09-01T19:42:39.199+0000] {dag.py:3508} INFO - Setting next_dagrun for example_xcom_args to None, run_after=None
[2023-09-01T19:42:39.204+0000] {logging_mixin.py:150} INFO - [2023-09-01T19:42:39.204+0000] {dag.py:3508} INFO - Setting next_dagrun for example_xcom_args_with_operators to None, run_after=None
[2023-09-01T19:42:39.226+0000] {processor.py:179} INFO - Processing /home/airflow/.local/lib/python3.7/site-packages/airflow/example_dags/example_xcomargs.py took 0.103 seconds
[2023-09-01T19:43:09.308+0000] {processor.py:157} INFO - Started process (PID=1275) to work on /home/airflow/.local/lib/python3.7/site-packages/airflow/example_dags/example_xcomargs.py
[2023-09-01T19:43:09.309+0000] {processor.py:826} INFO - Processing file /home/airflow/.local/lib/python3.7/site-packages/airflow/example_dags/example_xcomargs.py for tasks to queue
[2023-09-01T19:43:09.310+0000] {logging_mixin.py:150} INFO - [2023-09-01T19:43:09.310+0000] {dagbag.py:541} INFO - Filling up the DagBag from /home/airflow/.local/lib/python3.7/site-packages/airflow/example_dags/example_xcomargs.py
[2023-09-01T19:43:09.317+0000] {processor.py:836} INFO - DAG(s) dict_keys(['example_xcom_args_with_operators', 'example_xcom_args']) retrieved from /home/airflow/.local/lib/python3.7/site-packages/airflow/example_dags/example_xcomargs.py
[2023-09-01T19:43:09.342+0000] {logging_mixin.py:150} INFO - [2023-09-01T19:43:09.342+0000] {dag.py:2742} INFO - Sync 2 DAGs
[2023-09-01T19:43:09.365+0000] {logging_mixin.py:150} INFO - [2023-09-01T19:43:09.364+0000] {dag.py:3508} INFO - Setting next_dagrun for example_xcom_args to None, run_after=None
[2023-09-01T19:43:09.368+0000] {logging_mixin.py:150} INFO - [2023-09-01T19:43:09.368+0000] {dag.py:3508} INFO - Setting next_dagrun for example_xcom_args_with_operators to None, run_after=None
[2023-09-01T19:43:09.383+0000] {processor.py:179} INFO - Processing /home/airflow/.local/lib/python3.7/site-packages/airflow/example_dags/example_xcomargs.py took 0.080 seconds
[2023-09-01T19:43:39.712+0000] {processor.py:157} INFO - Started process (PID=1330) to work on /home/airflow/.local/lib/python3.7/site-packages/airflow/example_dags/example_xcomargs.py
[2023-09-01T19:43:39.712+0000] {processor.py:826} INFO - Processing file /home/airflow/.local/lib/python3.7/site-packages/airflow/example_dags/example_xcomargs.py for tasks to queue
[2023-09-01T19:43:39.713+0000] {logging_mixin.py:150} INFO - [2023-09-01T19:43:39.713+0000] {dagbag.py:541} INFO - Filling up the DagBag from /home/airflow/.local/lib/python3.7/site-packages/airflow/example_dags/example_xcomargs.py
[2023-09-01T19:43:39.721+0000] {processor.py:836} INFO - DAG(s) dict_keys(['example_xcom_args', 'example_xcom_args_with_operators']) retrieved from /home/airflow/.local/lib/python3.7/site-packages/airflow/example_dags/example_xcomargs.py
[2023-09-01T19:43:39.747+0000] {logging_mixin.py:150} INFO - [2023-09-01T19:43:39.747+0000] {dag.py:2742} INFO - Sync 2 DAGs
[2023-09-01T19:43:39.771+0000] {logging_mixin.py:150} INFO - [2023-09-01T19:43:39.771+0000] {dag.py:3508} INFO - Setting next_dagrun for example_xcom_args to None, run_after=None
[2023-09-01T19:43:39.774+0000] {logging_mixin.py:150} INFO - [2023-09-01T19:43:39.774+0000] {dag.py:3508} INFO - Setting next_dagrun for example_xcom_args_with_operators to None, run_after=None
[2023-09-01T19:43:39.794+0000] {processor.py:179} INFO - Processing /home/airflow/.local/lib/python3.7/site-packages/airflow/example_dags/example_xcomargs.py took 0.086 seconds
[2023-09-01T19:44:10.274+0000] {processor.py:157} INFO - Started process (PID=1385) to work on /home/airflow/.local/lib/python3.7/site-packages/airflow/example_dags/example_xcomargs.py
[2023-09-01T19:44:10.276+0000] {processor.py:826} INFO - Processing file /home/airflow/.local/lib/python3.7/site-packages/airflow/example_dags/example_xcomargs.py for tasks to queue
[2023-09-01T19:44:10.276+0000] {logging_mixin.py:150} INFO - [2023-09-01T19:44:10.276+0000] {dagbag.py:541} INFO - Filling up the DagBag from /home/airflow/.local/lib/python3.7/site-packages/airflow/example_dags/example_xcomargs.py
[2023-09-01T19:44:10.284+0000] {processor.py:836} INFO - DAG(s) dict_keys(['example_xcom_args', 'example_xcom_args_with_operators']) retrieved from /home/airflow/.local/lib/python3.7/site-packages/airflow/example_dags/example_xcomargs.py
[2023-09-01T19:44:10.311+0000] {logging_mixin.py:150} INFO - [2023-09-01T19:44:10.311+0000] {dag.py:2742} INFO - Sync 2 DAGs
[2023-09-01T19:44:10.347+0000] {logging_mixin.py:150} INFO - [2023-09-01T19:44:10.347+0000] {dag.py:3508} INFO - Setting next_dagrun for example_xcom_args to None, run_after=None
[2023-09-01T19:44:10.355+0000] {logging_mixin.py:150} INFO - [2023-09-01T19:44:10.355+0000] {dag.py:3508} INFO - Setting next_dagrun for example_xcom_args_with_operators to None, run_after=None
[2023-09-01T19:44:10.369+0000] {processor.py:179} INFO - Processing /home/airflow/.local/lib/python3.7/site-packages/airflow/example_dags/example_xcomargs.py took 0.101 seconds
[2023-09-01T19:44:40.930+0000] {processor.py:157} INFO - Started process (PID=1440) to work on /home/airflow/.local/lib/python3.7/site-packages/airflow/example_dags/example_xcomargs.py
[2023-09-01T19:44:40.931+0000] {processor.py:826} INFO - Processing file /home/airflow/.local/lib/python3.7/site-packages/airflow/example_dags/example_xcomargs.py for tasks to queue
[2023-09-01T19:44:40.932+0000] {logging_mixin.py:150} INFO - [2023-09-01T19:44:40.931+0000] {dagbag.py:541} INFO - Filling up the DagBag from /home/airflow/.local/lib/python3.7/site-packages/airflow/example_dags/example_xcomargs.py
[2023-09-01T19:44:40.939+0000] {processor.py:836} INFO - DAG(s) dict_keys(['example_xcom_args_with_operators', 'example_xcom_args']) retrieved from /home/airflow/.local/lib/python3.7/site-packages/airflow/example_dags/example_xcomargs.py
[2023-09-01T19:44:40.964+0000] {logging_mixin.py:150} INFO - [2023-09-01T19:44:40.964+0000] {dag.py:2742} INFO - Sync 2 DAGs
[2023-09-01T19:44:40.985+0000] {logging_mixin.py:150} INFO - [2023-09-01T19:44:40.984+0000] {dag.py:3508} INFO - Setting next_dagrun for example_xcom_args to None, run_after=None
[2023-09-01T19:44:40.988+0000] {logging_mixin.py:150} INFO - [2023-09-01T19:44:40.988+0000] {dag.py:3508} INFO - Setting next_dagrun for example_xcom_args_with_operators to None, run_after=None
[2023-09-01T19:44:41.003+0000] {processor.py:179} INFO - Processing /home/airflow/.local/lib/python3.7/site-packages/airflow/example_dags/example_xcomargs.py took 0.076 seconds
[2023-09-01T19:45:11.220+0000] {processor.py:157} INFO - Started process (PID=1495) to work on /home/airflow/.local/lib/python3.7/site-packages/airflow/example_dags/example_xcomargs.py
[2023-09-01T19:45:11.221+0000] {processor.py:826} INFO - Processing file /home/airflow/.local/lib/python3.7/site-packages/airflow/example_dags/example_xcomargs.py for tasks to queue
[2023-09-01T19:45:11.221+0000] {logging_mixin.py:150} INFO - [2023-09-01T19:45:11.221+0000] {dagbag.py:541} INFO - Filling up the DagBag from /home/airflow/.local/lib/python3.7/site-packages/airflow/example_dags/example_xcomargs.py
[2023-09-01T19:45:11.230+0000] {processor.py:836} INFO - DAG(s) dict_keys(['example_xcom_args_with_operators', 'example_xcom_args']) retrieved from /home/airflow/.local/lib/python3.7/site-packages/airflow/example_dags/example_xcomargs.py
[2023-09-01T19:45:11.257+0000] {logging_mixin.py:150} INFO - [2023-09-01T19:45:11.256+0000] {dag.py:2742} INFO - Sync 2 DAGs
[2023-09-01T19:45:11.279+0000] {logging_mixin.py:150} INFO - [2023-09-01T19:45:11.279+0000] {dag.py:3508} INFO - Setting next_dagrun for example_xcom_args to None, run_after=None
[2023-09-01T19:45:11.282+0000] {logging_mixin.py:150} INFO - [2023-09-01T19:45:11.282+0000] {dag.py:3508} INFO - Setting next_dagrun for example_xcom_args_with_operators to None, run_after=None
[2023-09-01T19:45:11.297+0000] {processor.py:179} INFO - Processing /home/airflow/.local/lib/python3.7/site-packages/airflow/example_dags/example_xcomargs.py took 0.082 seconds
[2023-09-01T19:45:41.503+0000] {processor.py:157} INFO - Started process (PID=1550) to work on /home/airflow/.local/lib/python3.7/site-packages/airflow/example_dags/example_xcomargs.py
[2023-09-01T19:45:41.504+0000] {processor.py:826} INFO - Processing file /home/airflow/.local/lib/python3.7/site-packages/airflow/example_dags/example_xcomargs.py for tasks to queue
[2023-09-01T19:45:41.505+0000] {logging_mixin.py:150} INFO - [2023-09-01T19:45:41.505+0000] {dagbag.py:541} INFO - Filling up the DagBag from /home/airflow/.local/lib/python3.7/site-packages/airflow/example_dags/example_xcomargs.py
[2023-09-01T19:45:41.511+0000] {processor.py:836} INFO - DAG(s) dict_keys(['example_xcom_args_with_operators', 'example_xcom_args']) retrieved from /home/airflow/.local/lib/python3.7/site-packages/airflow/example_dags/example_xcomargs.py
[2023-09-01T19:45:41.534+0000] {logging_mixin.py:150} INFO - [2023-09-01T19:45:41.534+0000] {dag.py:2742} INFO - Sync 2 DAGs
[2023-09-01T19:45:41.554+0000] {logging_mixin.py:150} INFO - [2023-09-01T19:45:41.554+0000] {dag.py:3508} INFO - Setting next_dagrun for example_xcom_args to None, run_after=None
[2023-09-01T19:45:41.557+0000] {logging_mixin.py:150} INFO - [2023-09-01T19:45:41.557+0000] {dag.py:3508} INFO - Setting next_dagrun for example_xcom_args_with_operators to None, run_after=None
[2023-09-01T19:45:41.576+0000] {processor.py:179} INFO - Processing /home/airflow/.local/lib/python3.7/site-packages/airflow/example_dags/example_xcomargs.py took 0.076 seconds
[2023-09-01T19:46:11.871+0000] {processor.py:157} INFO - Started process (PID=1605) to work on /home/airflow/.local/lib/python3.7/site-packages/airflow/example_dags/example_xcomargs.py
[2023-09-01T19:46:11.872+0000] {processor.py:826} INFO - Processing file /home/airflow/.local/lib/python3.7/site-packages/airflow/example_dags/example_xcomargs.py for tasks to queue
[2023-09-01T19:46:11.873+0000] {logging_mixin.py:150} INFO - [2023-09-01T19:46:11.873+0000] {dagbag.py:541} INFO - Filling up the DagBag from /home/airflow/.local/lib/python3.7/site-packages/airflow/example_dags/example_xcomargs.py
[2023-09-01T19:46:11.880+0000] {processor.py:836} INFO - DAG(s) dict_keys(['example_xcom_args', 'example_xcom_args_with_operators']) retrieved from /home/airflow/.local/lib/python3.7/site-packages/airflow/example_dags/example_xcomargs.py
[2023-09-01T19:46:11.908+0000] {logging_mixin.py:150} INFO - [2023-09-01T19:46:11.908+0000] {dag.py:2742} INFO - Sync 2 DAGs
[2023-09-01T19:46:11.928+0000] {logging_mixin.py:150} INFO - [2023-09-01T19:46:11.928+0000] {dag.py:3508} INFO - Setting next_dagrun for example_xcom_args to None, run_after=None
[2023-09-01T19:46:11.931+0000] {logging_mixin.py:150} INFO - [2023-09-01T19:46:11.931+0000] {dag.py:3508} INFO - Setting next_dagrun for example_xcom_args_with_operators to None, run_after=None
[2023-09-01T19:46:11.944+0000] {processor.py:179} INFO - Processing /home/airflow/.local/lib/python3.7/site-packages/airflow/example_dags/example_xcomargs.py took 0.078 seconds
[2023-09-01T19:46:42.350+0000] {processor.py:157} INFO - Started process (PID=1660) to work on /home/airflow/.local/lib/python3.7/site-packages/airflow/example_dags/example_xcomargs.py
[2023-09-01T19:46:42.351+0000] {processor.py:826} INFO - Processing file /home/airflow/.local/lib/python3.7/site-packages/airflow/example_dags/example_xcomargs.py for tasks to queue
[2023-09-01T19:46:42.352+0000] {logging_mixin.py:150} INFO - [2023-09-01T19:46:42.352+0000] {dagbag.py:541} INFO - Filling up the DagBag from /home/airflow/.local/lib/python3.7/site-packages/airflow/example_dags/example_xcomargs.py
[2023-09-01T19:46:42.359+0000] {processor.py:836} INFO - DAG(s) dict_keys(['example_xcom_args_with_operators', 'example_xcom_args']) retrieved from /home/airflow/.local/lib/python3.7/site-packages/airflow/example_dags/example_xcomargs.py
[2023-09-01T19:46:42.384+0000] {logging_mixin.py:150} INFO - [2023-09-01T19:46:42.384+0000] {dag.py:2742} INFO - Sync 2 DAGs
[2023-09-01T19:46:42.405+0000] {logging_mixin.py:150} INFO - [2023-09-01T19:46:42.405+0000] {dag.py:3508} INFO - Setting next_dagrun for example_xcom_args to None, run_after=None
[2023-09-01T19:46:42.408+0000] {logging_mixin.py:150} INFO - [2023-09-01T19:46:42.408+0000] {dag.py:3508} INFO - Setting next_dagrun for example_xcom_args_with_operators to None, run_after=None
[2023-09-01T19:46:42.422+0000] {processor.py:179} INFO - Processing /home/airflow/.local/lib/python3.7/site-packages/airflow/example_dags/example_xcomargs.py took 0.076 seconds
[2023-09-01T19:47:13.018+0000] {processor.py:157} INFO - Started process (PID=1715) to work on /home/airflow/.local/lib/python3.7/site-packages/airflow/example_dags/example_xcomargs.py
[2023-09-01T19:47:13.019+0000] {processor.py:826} INFO - Processing file /home/airflow/.local/lib/python3.7/site-packages/airflow/example_dags/example_xcomargs.py for tasks to queue
[2023-09-01T19:47:13.020+0000] {logging_mixin.py:150} INFO - [2023-09-01T19:47:13.020+0000] {dagbag.py:541} INFO - Filling up the DagBag from /home/airflow/.local/lib/python3.7/site-packages/airflow/example_dags/example_xcomargs.py
[2023-09-01T19:47:13.028+0000] {processor.py:836} INFO - DAG(s) dict_keys(['example_xcom_args', 'example_xcom_args_with_operators']) retrieved from /home/airflow/.local/lib/python3.7/site-packages/airflow/example_dags/example_xcomargs.py
[2023-09-01T19:47:13.056+0000] {logging_mixin.py:150} INFO - [2023-09-01T19:47:13.055+0000] {dag.py:2742} INFO - Sync 2 DAGs
[2023-09-01T19:47:13.085+0000] {logging_mixin.py:150} INFO - [2023-09-01T19:47:13.085+0000] {dag.py:3508} INFO - Setting next_dagrun for example_xcom_args to None, run_after=None
[2023-09-01T19:47:13.088+0000] {logging_mixin.py:150} INFO - [2023-09-01T19:47:13.088+0000] {dag.py:3508} INFO - Setting next_dagrun for example_xcom_args_with_operators to None, run_after=None
[2023-09-01T19:47:13.101+0000] {processor.py:179} INFO - Processing /home/airflow/.local/lib/python3.7/site-packages/airflow/example_dags/example_xcomargs.py took 0.089 seconds
[2023-09-01T19:47:43.442+0000] {processor.py:157} INFO - Started process (PID=1770) to work on /home/airflow/.local/lib/python3.7/site-packages/airflow/example_dags/example_xcomargs.py
[2023-09-01T19:47:43.443+0000] {processor.py:826} INFO - Processing file /home/airflow/.local/lib/python3.7/site-packages/airflow/example_dags/example_xcomargs.py for tasks to queue
[2023-09-01T19:47:43.445+0000] {logging_mixin.py:150} INFO - [2023-09-01T19:47:43.444+0000] {dagbag.py:541} INFO - Filling up the DagBag from /home/airflow/.local/lib/python3.7/site-packages/airflow/example_dags/example_xcomargs.py
[2023-09-01T19:47:43.467+0000] {processor.py:836} INFO - DAG(s) dict_keys(['example_xcom_args_with_operators', 'example_xcom_args']) retrieved from /home/airflow/.local/lib/python3.7/site-packages/airflow/example_dags/example_xcomargs.py
[2023-09-01T19:47:43.495+0000] {logging_mixin.py:150} INFO - [2023-09-01T19:47:43.495+0000] {dag.py:2742} INFO - Sync 2 DAGs
[2023-09-01T19:47:43.519+0000] {logging_mixin.py:150} INFO - [2023-09-01T19:47:43.519+0000] {dag.py:3508} INFO - Setting next_dagrun for example_xcom_args to None, run_after=None
[2023-09-01T19:47:43.523+0000] {logging_mixin.py:150} INFO - [2023-09-01T19:47:43.523+0000] {dag.py:3508} INFO - Setting next_dagrun for example_xcom_args_with_operators to None, run_after=None
[2023-09-01T19:47:43.539+0000] {processor.py:179} INFO - Processing /home/airflow/.local/lib/python3.7/site-packages/airflow/example_dags/example_xcomargs.py took 0.102 seconds
[2023-09-01T19:48:13.945+0000] {processor.py:157} INFO - Started process (PID=1825) to work on /home/airflow/.local/lib/python3.7/site-packages/airflow/example_dags/example_xcomargs.py
[2023-09-01T19:48:13.945+0000] {processor.py:826} INFO - Processing file /home/airflow/.local/lib/python3.7/site-packages/airflow/example_dags/example_xcomargs.py for tasks to queue
[2023-09-01T19:48:13.946+0000] {logging_mixin.py:150} INFO - [2023-09-01T19:48:13.946+0000] {dagbag.py:541} INFO - Filling up the DagBag from /home/airflow/.local/lib/python3.7/site-packages/airflow/example_dags/example_xcomargs.py
[2023-09-01T19:48:13.953+0000] {processor.py:836} INFO - DAG(s) dict_keys(['example_xcom_args_with_operators', 'example_xcom_args']) retrieved from /home/airflow/.local/lib/python3.7/site-packages/airflow/example_dags/example_xcomargs.py
[2023-09-01T19:48:13.979+0000] {logging_mixin.py:150} INFO - [2023-09-01T19:48:13.979+0000] {dag.py:2742} INFO - Sync 2 DAGs
[2023-09-01T19:48:14.000+0000] {logging_mixin.py:150} INFO - [2023-09-01T19:48:14.000+0000] {dag.py:3508} INFO - Setting next_dagrun for example_xcom_args to None, run_after=None
[2023-09-01T19:48:14.003+0000] {logging_mixin.py:150} INFO - [2023-09-01T19:48:14.003+0000] {dag.py:3508} INFO - Setting next_dagrun for example_xcom_args_with_operators to None, run_after=None
[2023-09-01T19:48:14.021+0000] {processor.py:179} INFO - Processing /home/airflow/.local/lib/python3.7/site-packages/airflow/example_dags/example_xcomargs.py took 0.081 seconds
[2023-09-01T19:48:44.826+0000] {processor.py:157} INFO - Started process (PID=1879) to work on /home/airflow/.local/lib/python3.7/site-packages/airflow/example_dags/example_xcomargs.py
[2023-09-01T19:48:44.827+0000] {processor.py:826} INFO - Processing file /home/airflow/.local/lib/python3.7/site-packages/airflow/example_dags/example_xcomargs.py for tasks to queue
[2023-09-01T19:48:44.828+0000] {logging_mixin.py:150} INFO - [2023-09-01T19:48:44.827+0000] {dagbag.py:541} INFO - Filling up the DagBag from /home/airflow/.local/lib/python3.7/site-packages/airflow/example_dags/example_xcomargs.py
[2023-09-01T19:48:44.834+0000] {processor.py:836} INFO - DAG(s) dict_keys(['example_xcom_args', 'example_xcom_args_with_operators']) retrieved from /home/airflow/.local/lib/python3.7/site-packages/airflow/example_dags/example_xcomargs.py
[2023-09-01T19:48:44.860+0000] {logging_mixin.py:150} INFO - [2023-09-01T19:48:44.860+0000] {dag.py:2742} INFO - Sync 2 DAGs
[2023-09-01T19:48:44.880+0000] {logging_mixin.py:150} INFO - [2023-09-01T19:48:44.880+0000] {dag.py:3508} INFO - Setting next_dagrun for example_xcom_args to None, run_after=None
[2023-09-01T19:48:44.883+0000] {logging_mixin.py:150} INFO - [2023-09-01T19:48:44.883+0000] {dag.py:3508} INFO - Setting next_dagrun for example_xcom_args_with_operators to None, run_after=None
[2023-09-01T19:48:44.895+0000] {processor.py:179} INFO - Processing /home/airflow/.local/lib/python3.7/site-packages/airflow/example_dags/example_xcomargs.py took 0.072 seconds
[2023-09-01T19:49:15.549+0000] {processor.py:157} INFO - Started process (PID=1934) to work on /home/airflow/.local/lib/python3.7/site-packages/airflow/example_dags/example_xcomargs.py
[2023-09-01T19:49:15.550+0000] {processor.py:826} INFO - Processing file /home/airflow/.local/lib/python3.7/site-packages/airflow/example_dags/example_xcomargs.py for tasks to queue
[2023-09-01T19:49:15.550+0000] {logging_mixin.py:150} INFO - [2023-09-01T19:49:15.550+0000] {dagbag.py:541} INFO - Filling up the DagBag from /home/airflow/.local/lib/python3.7/site-packages/airflow/example_dags/example_xcomargs.py
[2023-09-01T19:49:15.557+0000] {processor.py:836} INFO - DAG(s) dict_keys(['example_xcom_args_with_operators', 'example_xcom_args']) retrieved from /home/airflow/.local/lib/python3.7/site-packages/airflow/example_dags/example_xcomargs.py
[2023-09-01T19:49:15.580+0000] {logging_mixin.py:150} INFO - [2023-09-01T19:49:15.580+0000] {dag.py:2742} INFO - Sync 2 DAGs
[2023-09-01T19:49:15.603+0000] {logging_mixin.py:150} INFO - [2023-09-01T19:49:15.603+0000] {dag.py:3508} INFO - Setting next_dagrun for example_xcom_args to None, run_after=None
[2023-09-01T19:49:15.606+0000] {logging_mixin.py:150} INFO - [2023-09-01T19:49:15.606+0000] {dag.py:3508} INFO - Setting next_dagrun for example_xcom_args_with_operators to None, run_after=None
[2023-09-01T19:49:15.620+0000] {processor.py:179} INFO - Processing /home/airflow/.local/lib/python3.7/site-packages/airflow/example_dags/example_xcomargs.py took 0.074 seconds
[2023-09-01T19:49:46.217+0000] {processor.py:157} INFO - Started process (PID=1989) to work on /home/airflow/.local/lib/python3.7/site-packages/airflow/example_dags/example_xcomargs.py
[2023-09-01T19:49:46.219+0000] {processor.py:826} INFO - Processing file /home/airflow/.local/lib/python3.7/site-packages/airflow/example_dags/example_xcomargs.py for tasks to queue
[2023-09-01T19:49:46.220+0000] {logging_mixin.py:150} INFO - [2023-09-01T19:49:46.220+0000] {dagbag.py:541} INFO - Filling up the DagBag from /home/airflow/.local/lib/python3.7/site-packages/airflow/example_dags/example_xcomargs.py
[2023-09-01T19:49:46.229+0000] {processor.py:836} INFO - DAG(s) dict_keys(['example_xcom_args_with_operators', 'example_xcom_args']) retrieved from /home/airflow/.local/lib/python3.7/site-packages/airflow/example_dags/example_xcomargs.py
[2023-09-01T19:49:46.257+0000] {logging_mixin.py:150} INFO - [2023-09-01T19:49:46.256+0000] {dag.py:2742} INFO - Sync 2 DAGs
[2023-09-01T19:49:46.282+0000] {logging_mixin.py:150} INFO - [2023-09-01T19:49:46.282+0000] {dag.py:3508} INFO - Setting next_dagrun for example_xcom_args to None, run_after=None
[2023-09-01T19:49:46.286+0000] {logging_mixin.py:150} INFO - [2023-09-01T19:49:46.285+0000] {dag.py:3508} INFO - Setting next_dagrun for example_xcom_args_with_operators to None, run_after=None
[2023-09-01T19:49:46.301+0000] {processor.py:179} INFO - Processing /home/airflow/.local/lib/python3.7/site-packages/airflow/example_dags/example_xcomargs.py took 0.090 seconds
[2023-09-01T19:50:16.960+0000] {processor.py:157} INFO - Started process (PID=2044) to work on /home/airflow/.local/lib/python3.7/site-packages/airflow/example_dags/example_xcomargs.py
[2023-09-01T19:50:16.961+0000] {processor.py:826} INFO - Processing file /home/airflow/.local/lib/python3.7/site-packages/airflow/example_dags/example_xcomargs.py for tasks to queue
[2023-09-01T19:50:16.962+0000] {logging_mixin.py:150} INFO - [2023-09-01T19:50:16.961+0000] {dagbag.py:541} INFO - Filling up the DagBag from /home/airflow/.local/lib/python3.7/site-packages/airflow/example_dags/example_xcomargs.py
[2023-09-01T19:50:16.969+0000] {processor.py:836} INFO - DAG(s) dict_keys(['example_xcom_args', 'example_xcom_args_with_operators']) retrieved from /home/airflow/.local/lib/python3.7/site-packages/airflow/example_dags/example_xcomargs.py
[2023-09-01T19:50:16.993+0000] {logging_mixin.py:150} INFO - [2023-09-01T19:50:16.993+0000] {dag.py:2742} INFO - Sync 2 DAGs
[2023-09-01T19:50:17.013+0000] {logging_mixin.py:150} INFO - [2023-09-01T19:50:17.013+0000] {dag.py:3508} INFO - Setting next_dagrun for example_xcom_args to None, run_after=None
[2023-09-01T19:50:17.015+0000] {logging_mixin.py:150} INFO - [2023-09-01T19:50:17.015+0000] {dag.py:3508} INFO - Setting next_dagrun for example_xcom_args_with_operators to None, run_after=None
[2023-09-01T19:50:17.029+0000] {processor.py:179} INFO - Processing /home/airflow/.local/lib/python3.7/site-packages/airflow/example_dags/example_xcomargs.py took 0.072 seconds
[2023-09-01T19:50:47.664+0000] {processor.py:157} INFO - Started process (PID=2099) to work on /home/airflow/.local/lib/python3.7/site-packages/airflow/example_dags/example_xcomargs.py
[2023-09-01T19:50:47.665+0000] {processor.py:826} INFO - Processing file /home/airflow/.local/lib/python3.7/site-packages/airflow/example_dags/example_xcomargs.py for tasks to queue
[2023-09-01T19:50:47.666+0000] {logging_mixin.py:150} INFO - [2023-09-01T19:50:47.666+0000] {dagbag.py:541} INFO - Filling up the DagBag from /home/airflow/.local/lib/python3.7/site-packages/airflow/example_dags/example_xcomargs.py
[2023-09-01T19:50:47.679+0000] {processor.py:836} INFO - DAG(s) dict_keys(['example_xcom_args', 'example_xcom_args_with_operators']) retrieved from /home/airflow/.local/lib/python3.7/site-packages/airflow/example_dags/example_xcomargs.py
[2023-09-01T19:50:47.728+0000] {logging_mixin.py:150} INFO - [2023-09-01T19:50:47.728+0000] {dag.py:2742} INFO - Sync 2 DAGs
[2023-09-01T19:50:47.764+0000] {logging_mixin.py:150} INFO - [2023-09-01T19:50:47.764+0000] {dag.py:3508} INFO - Setting next_dagrun for example_xcom_args to None, run_after=None
[2023-09-01T19:50:47.768+0000] {logging_mixin.py:150} INFO - [2023-09-01T19:50:47.768+0000] {dag.py:3508} INFO - Setting next_dagrun for example_xcom_args_with_operators to None, run_after=None
[2023-09-01T19:50:47.790+0000] {processor.py:179} INFO - Processing /home/airflow/.local/lib/python3.7/site-packages/airflow/example_dags/example_xcomargs.py took 0.134 seconds
[2023-09-01T19:51:18.323+0000] {processor.py:157} INFO - Started process (PID=2153) to work on /home/airflow/.local/lib/python3.7/site-packages/airflow/example_dags/example_xcomargs.py
[2023-09-01T19:51:18.324+0000] {processor.py:826} INFO - Processing file /home/airflow/.local/lib/python3.7/site-packages/airflow/example_dags/example_xcomargs.py for tasks to queue
[2023-09-01T19:51:18.325+0000] {logging_mixin.py:150} INFO - [2023-09-01T19:51:18.325+0000] {dagbag.py:541} INFO - Filling up the DagBag from /home/airflow/.local/lib/python3.7/site-packages/airflow/example_dags/example_xcomargs.py
[2023-09-01T19:51:18.333+0000] {processor.py:836} INFO - DAG(s) dict_keys(['example_xcom_args', 'example_xcom_args_with_operators']) retrieved from /home/airflow/.local/lib/python3.7/site-packages/airflow/example_dags/example_xcomargs.py
[2023-09-01T19:51:18.358+0000] {logging_mixin.py:150} INFO - [2023-09-01T19:51:18.358+0000] {dag.py:2742} INFO - Sync 2 DAGs
[2023-09-01T19:51:18.385+0000] {logging_mixin.py:150} INFO - [2023-09-01T19:51:18.385+0000] {dag.py:3508} INFO - Setting next_dagrun for example_xcom_args to None, run_after=None
[2023-09-01T19:51:18.388+0000] {logging_mixin.py:150} INFO - [2023-09-01T19:51:18.387+0000] {dag.py:3508} INFO - Setting next_dagrun for example_xcom_args_with_operators to None, run_after=None
[2023-09-01T19:51:18.400+0000] {processor.py:179} INFO - Processing /home/airflow/.local/lib/python3.7/site-packages/airflow/example_dags/example_xcomargs.py took 0.081 seconds
[2023-09-01T19:51:49.430+0000] {processor.py:157} INFO - Started process (PID=2208) to work on /home/airflow/.local/lib/python3.7/site-packages/airflow/example_dags/example_xcomargs.py
[2023-09-01T19:51:49.431+0000] {processor.py:826} INFO - Processing file /home/airflow/.local/lib/python3.7/site-packages/airflow/example_dags/example_xcomargs.py for tasks to queue
[2023-09-01T19:51:49.432+0000] {logging_mixin.py:150} INFO - [2023-09-01T19:51:49.432+0000] {dagbag.py:541} INFO - Filling up the DagBag from /home/airflow/.local/lib/python3.7/site-packages/airflow/example_dags/example_xcomargs.py
[2023-09-01T19:51:49.450+0000] {processor.py:836} INFO - DAG(s) dict_keys(['example_xcom_args', 'example_xcom_args_with_operators']) retrieved from /home/airflow/.local/lib/python3.7/site-packages/airflow/example_dags/example_xcomargs.py
[2023-09-01T19:51:49.501+0000] {logging_mixin.py:150} INFO - [2023-09-01T19:51:49.501+0000] {dag.py:2742} INFO - Sync 2 DAGs
[2023-09-01T19:51:49.550+0000] {logging_mixin.py:150} INFO - [2023-09-01T19:51:49.550+0000] {dag.py:3508} INFO - Setting next_dagrun for example_xcom_args to None, run_after=None
[2023-09-01T19:51:49.562+0000] {logging_mixin.py:150} INFO - [2023-09-01T19:51:49.561+0000] {dag.py:3508} INFO - Setting next_dagrun for example_xcom_args_with_operators to None, run_after=None
[2023-09-01T19:51:49.619+0000] {processor.py:179} INFO - Processing /home/airflow/.local/lib/python3.7/site-packages/airflow/example_dags/example_xcomargs.py took 0.197 seconds
[2023-09-01T19:52:19.926+0000] {processor.py:157} INFO - Started process (PID=2262) to work on /home/airflow/.local/lib/python3.7/site-packages/airflow/example_dags/example_xcomargs.py
[2023-09-01T19:52:19.928+0000] {processor.py:826} INFO - Processing file /home/airflow/.local/lib/python3.7/site-packages/airflow/example_dags/example_xcomargs.py for tasks to queue
[2023-09-01T19:52:19.929+0000] {logging_mixin.py:150} INFO - [2023-09-01T19:52:19.929+0000] {dagbag.py:541} INFO - Filling up the DagBag from /home/airflow/.local/lib/python3.7/site-packages/airflow/example_dags/example_xcomargs.py
[2023-09-01T19:52:19.943+0000] {processor.py:836} INFO - DAG(s) dict_keys(['example_xcom_args', 'example_xcom_args_with_operators']) retrieved from /home/airflow/.local/lib/python3.7/site-packages/airflow/example_dags/example_xcomargs.py
[2023-09-01T19:52:20.000+0000] {logging_mixin.py:150} INFO - [2023-09-01T19:52:20.000+0000] {dag.py:2742} INFO - Sync 2 DAGs
[2023-09-01T19:52:20.212+0000] {logging_mixin.py:150} INFO - [2023-09-01T19:52:20.212+0000] {dag.py:3508} INFO - Setting next_dagrun for example_xcom_args to None, run_after=None
[2023-09-01T19:52:20.233+0000] {logging_mixin.py:150} INFO - [2023-09-01T19:52:20.233+0000] {dag.py:3508} INFO - Setting next_dagrun for example_xcom_args_with_operators to None, run_after=None
[2023-09-01T19:52:20.344+0000] {processor.py:179} INFO - Processing /home/airflow/.local/lib/python3.7/site-packages/airflow/example_dags/example_xcomargs.py took 0.426 seconds
[2023-09-01T19:52:50.449+0000] {processor.py:157} INFO - Started process (PID=2317) to work on /home/airflow/.local/lib/python3.7/site-packages/airflow/example_dags/example_xcomargs.py
[2023-09-01T19:52:50.450+0000] {processor.py:826} INFO - Processing file /home/airflow/.local/lib/python3.7/site-packages/airflow/example_dags/example_xcomargs.py for tasks to queue
[2023-09-01T19:52:50.451+0000] {logging_mixin.py:150} INFO - [2023-09-01T19:52:50.450+0000] {dagbag.py:541} INFO - Filling up the DagBag from /home/airflow/.local/lib/python3.7/site-packages/airflow/example_dags/example_xcomargs.py
[2023-09-01T19:52:50.458+0000] {processor.py:836} INFO - DAG(s) dict_keys(['example_xcom_args_with_operators', 'example_xcom_args']) retrieved from /home/airflow/.local/lib/python3.7/site-packages/airflow/example_dags/example_xcomargs.py
[2023-09-01T19:52:50.491+0000] {logging_mixin.py:150} INFO - [2023-09-01T19:52:50.491+0000] {dag.py:2742} INFO - Sync 2 DAGs
[2023-09-01T19:52:50.526+0000] {logging_mixin.py:150} INFO - [2023-09-01T19:52:50.526+0000] {dag.py:3508} INFO - Setting next_dagrun for example_xcom_args to None, run_after=None
[2023-09-01T19:52:50.529+0000] {logging_mixin.py:150} INFO - [2023-09-01T19:52:50.529+0000] {dag.py:3508} INFO - Setting next_dagrun for example_xcom_args_with_operators to None, run_after=None
[2023-09-01T19:52:50.555+0000] {processor.py:179} INFO - Processing /home/airflow/.local/lib/python3.7/site-packages/airflow/example_dags/example_xcomargs.py took 0.109 seconds
[2023-09-01T19:53:20.895+0000] {processor.py:157} INFO - Started process (PID=2372) to work on /home/airflow/.local/lib/python3.7/site-packages/airflow/example_dags/example_xcomargs.py
[2023-09-01T19:53:20.898+0000] {processor.py:826} INFO - Processing file /home/airflow/.local/lib/python3.7/site-packages/airflow/example_dags/example_xcomargs.py for tasks to queue
[2023-09-01T19:53:20.901+0000] {logging_mixin.py:150} INFO - [2023-09-01T19:53:20.900+0000] {dagbag.py:541} INFO - Filling up the DagBag from /home/airflow/.local/lib/python3.7/site-packages/airflow/example_dags/example_xcomargs.py
[2023-09-01T19:53:20.909+0000] {processor.py:836} INFO - DAG(s) dict_keys(['example_xcom_args_with_operators', 'example_xcom_args']) retrieved from /home/airflow/.local/lib/python3.7/site-packages/airflow/example_dags/example_xcomargs.py
[2023-09-01T19:53:20.953+0000] {logging_mixin.py:150} INFO - [2023-09-01T19:53:20.953+0000] {dag.py:2742} INFO - Sync 2 DAGs
[2023-09-01T19:53:20.979+0000] {logging_mixin.py:150} INFO - [2023-09-01T19:53:20.978+0000] {dag.py:3508} INFO - Setting next_dagrun for example_xcom_args to None, run_after=None
[2023-09-01T19:53:20.983+0000] {logging_mixin.py:150} INFO - [2023-09-01T19:53:20.982+0000] {dag.py:3508} INFO - Setting next_dagrun for example_xcom_args_with_operators to None, run_after=None
[2023-09-01T19:53:21.004+0000] {processor.py:179} INFO - Processing /home/airflow/.local/lib/python3.7/site-packages/airflow/example_dags/example_xcomargs.py took 0.112 seconds
[2023-09-01T19:53:51.558+0000] {processor.py:157} INFO - Started process (PID=2427) to work on /home/airflow/.local/lib/python3.7/site-packages/airflow/example_dags/example_xcomargs.py
[2023-09-01T19:53:51.565+0000] {processor.py:826} INFO - Processing file /home/airflow/.local/lib/python3.7/site-packages/airflow/example_dags/example_xcomargs.py for tasks to queue
[2023-09-01T19:53:51.569+0000] {logging_mixin.py:150} INFO - [2023-09-01T19:53:51.569+0000] {dagbag.py:541} INFO - Filling up the DagBag from /home/airflow/.local/lib/python3.7/site-packages/airflow/example_dags/example_xcomargs.py
[2023-09-01T19:53:51.593+0000] {processor.py:836} INFO - DAG(s) dict_keys(['example_xcom_args', 'example_xcom_args_with_operators']) retrieved from /home/airflow/.local/lib/python3.7/site-packages/airflow/example_dags/example_xcomargs.py
[2023-09-01T19:53:51.624+0000] {logging_mixin.py:150} INFO - [2023-09-01T19:53:51.624+0000] {dag.py:2742} INFO - Sync 2 DAGs
[2023-09-01T19:53:51.648+0000] {logging_mixin.py:150} INFO - [2023-09-01T19:53:51.647+0000] {dag.py:3508} INFO - Setting next_dagrun for example_xcom_args to None, run_after=None
[2023-09-01T19:53:51.651+0000] {logging_mixin.py:150} INFO - [2023-09-01T19:53:51.650+0000] {dag.py:3508} INFO - Setting next_dagrun for example_xcom_args_with_operators to None, run_after=None
[2023-09-01T19:53:51.666+0000] {processor.py:179} INFO - Processing /home/airflow/.local/lib/python3.7/site-packages/airflow/example_dags/example_xcomargs.py took 0.119 seconds
[2023-09-01T19:54:21.741+0000] {processor.py:157} INFO - Started process (PID=2482) to work on /home/airflow/.local/lib/python3.7/site-packages/airflow/example_dags/example_xcomargs.py
[2023-09-01T19:54:21.742+0000] {processor.py:826} INFO - Processing file /home/airflow/.local/lib/python3.7/site-packages/airflow/example_dags/example_xcomargs.py for tasks to queue
[2023-09-01T19:54:21.743+0000] {logging_mixin.py:150} INFO - [2023-09-01T19:54:21.742+0000] {dagbag.py:541} INFO - Filling up the DagBag from /home/airflow/.local/lib/python3.7/site-packages/airflow/example_dags/example_xcomargs.py
[2023-09-01T19:54:21.751+0000] {processor.py:836} INFO - DAG(s) dict_keys(['example_xcom_args', 'example_xcom_args_with_operators']) retrieved from /home/airflow/.local/lib/python3.7/site-packages/airflow/example_dags/example_xcomargs.py
[2023-09-01T19:54:21.797+0000] {logging_mixin.py:150} INFO - [2023-09-01T19:54:21.797+0000] {dag.py:2742} INFO - Sync 2 DAGs
[2023-09-01T19:54:21.834+0000] {logging_mixin.py:150} INFO - [2023-09-01T19:54:21.834+0000] {dag.py:3508} INFO - Setting next_dagrun for example_xcom_args to None, run_after=None
[2023-09-01T19:54:21.837+0000] {logging_mixin.py:150} INFO - [2023-09-01T19:54:21.837+0000] {dag.py:3508} INFO - Setting next_dagrun for example_xcom_args_with_operators to None, run_after=None
[2023-09-01T19:54:21.852+0000] {processor.py:179} INFO - Processing /home/airflow/.local/lib/python3.7/site-packages/airflow/example_dags/example_xcomargs.py took 0.119 seconds
[2023-09-01T19:54:51.877+0000] {processor.py:157} INFO - Started process (PID=2537) to work on /home/airflow/.local/lib/python3.7/site-packages/airflow/example_dags/example_xcomargs.py
[2023-09-01T19:54:51.878+0000] {processor.py:826} INFO - Processing file /home/airflow/.local/lib/python3.7/site-packages/airflow/example_dags/example_xcomargs.py for tasks to queue
[2023-09-01T19:54:51.879+0000] {logging_mixin.py:150} INFO - [2023-09-01T19:54:51.879+0000] {dagbag.py:541} INFO - Filling up the DagBag from /home/airflow/.local/lib/python3.7/site-packages/airflow/example_dags/example_xcomargs.py
[2023-09-01T19:54:51.886+0000] {processor.py:836} INFO - DAG(s) dict_keys(['example_xcom_args', 'example_xcom_args_with_operators']) retrieved from /home/airflow/.local/lib/python3.7/site-packages/airflow/example_dags/example_xcomargs.py
[2023-09-01T19:54:51.916+0000] {logging_mixin.py:150} INFO - [2023-09-01T19:54:51.916+0000] {dag.py:2742} INFO - Sync 2 DAGs
[2023-09-01T19:54:51.956+0000] {logging_mixin.py:150} INFO - [2023-09-01T19:54:51.956+0000] {dag.py:3508} INFO - Setting next_dagrun for example_xcom_args to None, run_after=None
[2023-09-01T19:54:51.963+0000] {logging_mixin.py:150} INFO - [2023-09-01T19:54:51.963+0000] {dag.py:3508} INFO - Setting next_dagrun for example_xcom_args_with_operators to None, run_after=None
[2023-09-01T19:54:51.978+0000] {processor.py:179} INFO - Processing /home/airflow/.local/lib/python3.7/site-packages/airflow/example_dags/example_xcomargs.py took 0.108 seconds
