[2023-09-01T19:31:53.913+0000] {processor.py:157} INFO - Started process (PID=54) to work on /home/airflow/.local/lib/python3.7/site-packages/airflow/example_dags/example_skip_dag.py
[2023-09-01T19:31:53.914+0000] {processor.py:826} INFO - Processing file /home/airflow/.local/lib/python3.7/site-packages/airflow/example_dags/example_skip_dag.py for tasks to queue
[2023-09-01T19:31:53.914+0000] {logging_mixin.py:150} INFO - [2023-09-01T19:31:53.914+0000] {dagbag.py:541} INFO - Filling up the DagBag from /home/airflow/.local/lib/python3.7/site-packages/airflow/example_dags/example_skip_dag.py
[2023-09-01T19:31:53.934+0000] {processor.py:836} INFO - DAG(s) dict_keys(['example_skip_dag']) retrieved from /home/airflow/.local/lib/python3.7/site-packages/airflow/example_dags/example_skip_dag.py
[2023-09-01T19:31:54.286+0000] {logging_mixin.py:150} INFO - [2023-09-01T19:31:54.285+0000] {dag.py:2742} INFO - Sync 1 DAGs
[2023-09-01T19:31:54.345+0000] {logging_mixin.py:150} INFO - [2023-09-01T19:31:54.345+0000] {dag.py:3508} INFO - Setting next_dagrun for example_skip_dag to 2023-08-31T19:31:54.345134+00:00, run_after=2023-09-01T19:31:54.345134+00:00
[2023-09-01T19:31:54.385+0000] {processor.py:179} INFO - Processing /home/airflow/.local/lib/python3.7/site-packages/airflow/example_dags/example_skip_dag.py took 0.486 seconds
[2023-09-01T19:32:24.563+0000] {processor.py:157} INFO - Started process (PID=110) to work on /home/airflow/.local/lib/python3.7/site-packages/airflow/example_dags/example_skip_dag.py
[2023-09-01T19:32:24.565+0000] {processor.py:826} INFO - Processing file /home/airflow/.local/lib/python3.7/site-packages/airflow/example_dags/example_skip_dag.py for tasks to queue
[2023-09-01T19:32:24.565+0000] {logging_mixin.py:150} INFO - [2023-09-01T19:32:24.565+0000] {dagbag.py:541} INFO - Filling up the DagBag from /home/airflow/.local/lib/python3.7/site-packages/airflow/example_dags/example_skip_dag.py
[2023-09-01T19:32:24.571+0000] {processor.py:836} INFO - DAG(s) dict_keys(['example_skip_dag']) retrieved from /home/airflow/.local/lib/python3.7/site-packages/airflow/example_dags/example_skip_dag.py
[2023-09-01T19:32:24.594+0000] {logging_mixin.py:150} INFO - [2023-09-01T19:32:24.594+0000] {dag.py:2742} INFO - Sync 1 DAGs
[2023-09-01T19:32:24.614+0000] {logging_mixin.py:150} INFO - [2023-09-01T19:32:24.613+0000] {dag.py:3508} INFO - Setting next_dagrun for example_skip_dag to 2023-08-31T19:32:24.613776+00:00, run_after=2023-09-01T19:32:24.613776+00:00
[2023-09-01T19:32:24.628+0000] {processor.py:179} INFO - Processing /home/airflow/.local/lib/python3.7/site-packages/airflow/example_dags/example_skip_dag.py took 0.067 seconds
[2023-09-01T19:32:55.576+0000] {processor.py:157} INFO - Started process (PID=165) to work on /home/airflow/.local/lib/python3.7/site-packages/airflow/example_dags/example_skip_dag.py
[2023-09-01T19:32:55.577+0000] {processor.py:826} INFO - Processing file /home/airflow/.local/lib/python3.7/site-packages/airflow/example_dags/example_skip_dag.py for tasks to queue
[2023-09-01T19:32:55.578+0000] {logging_mixin.py:150} INFO - [2023-09-01T19:32:55.578+0000] {dagbag.py:541} INFO - Filling up the DagBag from /home/airflow/.local/lib/python3.7/site-packages/airflow/example_dags/example_skip_dag.py
[2023-09-01T19:32:55.584+0000] {processor.py:836} INFO - DAG(s) dict_keys(['example_skip_dag']) retrieved from /home/airflow/.local/lib/python3.7/site-packages/airflow/example_dags/example_skip_dag.py
[2023-09-01T19:32:55.609+0000] {logging_mixin.py:150} INFO - [2023-09-01T19:32:55.609+0000] {dag.py:2742} INFO - Sync 1 DAGs
[2023-09-01T19:32:55.636+0000] {logging_mixin.py:150} INFO - [2023-09-01T19:32:55.636+0000] {dag.py:3508} INFO - Setting next_dagrun for example_skip_dag to 2023-08-31T19:32:55.636172+00:00, run_after=2023-09-01T19:32:55.636172+00:00
[2023-09-01T19:32:55.660+0000] {processor.py:179} INFO - Processing /home/airflow/.local/lib/python3.7/site-packages/airflow/example_dags/example_skip_dag.py took 0.088 seconds
[2023-09-01T19:33:25.959+0000] {processor.py:157} INFO - Started process (PID=220) to work on /home/airflow/.local/lib/python3.7/site-packages/airflow/example_dags/example_skip_dag.py
[2023-09-01T19:33:25.960+0000] {processor.py:826} INFO - Processing file /home/airflow/.local/lib/python3.7/site-packages/airflow/example_dags/example_skip_dag.py for tasks to queue
[2023-09-01T19:33:25.961+0000] {logging_mixin.py:150} INFO - [2023-09-01T19:33:25.960+0000] {dagbag.py:541} INFO - Filling up the DagBag from /home/airflow/.local/lib/python3.7/site-packages/airflow/example_dags/example_skip_dag.py
[2023-09-01T19:33:25.967+0000] {processor.py:836} INFO - DAG(s) dict_keys(['example_skip_dag']) retrieved from /home/airflow/.local/lib/python3.7/site-packages/airflow/example_dags/example_skip_dag.py
[2023-09-01T19:33:25.992+0000] {logging_mixin.py:150} INFO - [2023-09-01T19:33:25.991+0000] {dag.py:2742} INFO - Sync 1 DAGs
[2023-09-01T19:33:26.012+0000] {logging_mixin.py:150} INFO - [2023-09-01T19:33:26.011+0000] {dag.py:3508} INFO - Setting next_dagrun for example_skip_dag to 2023-08-31T19:33:26.011609+00:00, run_after=2023-09-01T19:33:26.011609+00:00
[2023-09-01T19:33:26.026+0000] {processor.py:179} INFO - Processing /home/airflow/.local/lib/python3.7/site-packages/airflow/example_dags/example_skip_dag.py took 0.070 seconds
[2023-09-01T19:33:56.240+0000] {processor.py:157} INFO - Started process (PID=275) to work on /home/airflow/.local/lib/python3.7/site-packages/airflow/example_dags/example_skip_dag.py
[2023-09-01T19:33:56.241+0000] {processor.py:826} INFO - Processing file /home/airflow/.local/lib/python3.7/site-packages/airflow/example_dags/example_skip_dag.py for tasks to queue
[2023-09-01T19:33:56.243+0000] {logging_mixin.py:150} INFO - [2023-09-01T19:33:56.242+0000] {dagbag.py:541} INFO - Filling up the DagBag from /home/airflow/.local/lib/python3.7/site-packages/airflow/example_dags/example_skip_dag.py
[2023-09-01T19:33:56.249+0000] {processor.py:836} INFO - DAG(s) dict_keys(['example_skip_dag']) retrieved from /home/airflow/.local/lib/python3.7/site-packages/airflow/example_dags/example_skip_dag.py
[2023-09-01T19:33:56.274+0000] {logging_mixin.py:150} INFO - [2023-09-01T19:33:56.274+0000] {dag.py:2742} INFO - Sync 1 DAGs
[2023-09-01T19:33:56.327+0000] {logging_mixin.py:150} INFO - [2023-09-01T19:33:56.327+0000] {dag.py:3508} INFO - Setting next_dagrun for example_skip_dag to 2023-08-31T19:33:56.327310+00:00, run_after=2023-09-01T19:33:56.327310+00:00
[2023-09-01T19:33:56.355+0000] {processor.py:179} INFO - Processing /home/airflow/.local/lib/python3.7/site-packages/airflow/example_dags/example_skip_dag.py took 0.122 seconds
[2023-09-01T19:34:26.687+0000] {processor.py:157} INFO - Started process (PID=330) to work on /home/airflow/.local/lib/python3.7/site-packages/airflow/example_dags/example_skip_dag.py
[2023-09-01T19:34:26.688+0000] {processor.py:826} INFO - Processing file /home/airflow/.local/lib/python3.7/site-packages/airflow/example_dags/example_skip_dag.py for tasks to queue
[2023-09-01T19:34:26.689+0000] {logging_mixin.py:150} INFO - [2023-09-01T19:34:26.688+0000] {dagbag.py:541} INFO - Filling up the DagBag from /home/airflow/.local/lib/python3.7/site-packages/airflow/example_dags/example_skip_dag.py
[2023-09-01T19:34:26.702+0000] {processor.py:836} INFO - DAG(s) dict_keys(['example_skip_dag']) retrieved from /home/airflow/.local/lib/python3.7/site-packages/airflow/example_dags/example_skip_dag.py
[2023-09-01T19:34:26.730+0000] {logging_mixin.py:150} INFO - [2023-09-01T19:34:26.730+0000] {dag.py:2742} INFO - Sync 1 DAGs
[2023-09-01T19:34:26.761+0000] {logging_mixin.py:150} INFO - [2023-09-01T19:34:26.760+0000] {dag.py:3508} INFO - Setting next_dagrun for example_skip_dag to 2023-08-31T19:34:26.760754+00:00, run_after=2023-09-01T19:34:26.760754+00:00
[2023-09-01T19:34:26.781+0000] {processor.py:179} INFO - Processing /home/airflow/.local/lib/python3.7/site-packages/airflow/example_dags/example_skip_dag.py took 0.097 seconds
[2023-09-01T19:34:56.951+0000] {processor.py:157} INFO - Started process (PID=385) to work on /home/airflow/.local/lib/python3.7/site-packages/airflow/example_dags/example_skip_dag.py
[2023-09-01T19:34:56.952+0000] {processor.py:826} INFO - Processing file /home/airflow/.local/lib/python3.7/site-packages/airflow/example_dags/example_skip_dag.py for tasks to queue
[2023-09-01T19:34:56.953+0000] {logging_mixin.py:150} INFO - [2023-09-01T19:34:56.953+0000] {dagbag.py:541} INFO - Filling up the DagBag from /home/airflow/.local/lib/python3.7/site-packages/airflow/example_dags/example_skip_dag.py
[2023-09-01T19:34:56.960+0000] {processor.py:836} INFO - DAG(s) dict_keys(['example_skip_dag']) retrieved from /home/airflow/.local/lib/python3.7/site-packages/airflow/example_dags/example_skip_dag.py
[2023-09-01T19:34:56.984+0000] {logging_mixin.py:150} INFO - [2023-09-01T19:34:56.984+0000] {dag.py:2742} INFO - Sync 1 DAGs
[2023-09-01T19:34:57.005+0000] {logging_mixin.py:150} INFO - [2023-09-01T19:34:57.005+0000] {dag.py:3508} INFO - Setting next_dagrun for example_skip_dag to 2023-08-31T19:34:57.005407+00:00, run_after=2023-09-01T19:34:57.005407+00:00
[2023-09-01T19:34:57.022+0000] {processor.py:179} INFO - Processing /home/airflow/.local/lib/python3.7/site-packages/airflow/example_dags/example_skip_dag.py took 0.073 seconds
[2023-09-01T19:35:27.217+0000] {processor.py:157} INFO - Started process (PID=440) to work on /home/airflow/.local/lib/python3.7/site-packages/airflow/example_dags/example_skip_dag.py
[2023-09-01T19:35:27.217+0000] {processor.py:826} INFO - Processing file /home/airflow/.local/lib/python3.7/site-packages/airflow/example_dags/example_skip_dag.py for tasks to queue
[2023-09-01T19:35:27.218+0000] {logging_mixin.py:150} INFO - [2023-09-01T19:35:27.218+0000] {dagbag.py:541} INFO - Filling up the DagBag from /home/airflow/.local/lib/python3.7/site-packages/airflow/example_dags/example_skip_dag.py
[2023-09-01T19:35:27.224+0000] {processor.py:836} INFO - DAG(s) dict_keys(['example_skip_dag']) retrieved from /home/airflow/.local/lib/python3.7/site-packages/airflow/example_dags/example_skip_dag.py
[2023-09-01T19:35:27.254+0000] {logging_mixin.py:150} INFO - [2023-09-01T19:35:27.254+0000] {dag.py:2742} INFO - Sync 1 DAGs
[2023-09-01T19:35:27.280+0000] {logging_mixin.py:150} INFO - [2023-09-01T19:35:27.280+0000] {dag.py:3508} INFO - Setting next_dagrun for example_skip_dag to 2023-08-31T19:35:27.280409+00:00, run_after=2023-09-01T19:35:27.280409+00:00
[2023-09-01T19:35:27.296+0000] {processor.py:179} INFO - Processing /home/airflow/.local/lib/python3.7/site-packages/airflow/example_dags/example_skip_dag.py took 0.085 seconds
[2023-09-01T19:35:57.640+0000] {processor.py:157} INFO - Started process (PID=495) to work on /home/airflow/.local/lib/python3.7/site-packages/airflow/example_dags/example_skip_dag.py
[2023-09-01T19:35:57.641+0000] {processor.py:826} INFO - Processing file /home/airflow/.local/lib/python3.7/site-packages/airflow/example_dags/example_skip_dag.py for tasks to queue
[2023-09-01T19:35:57.641+0000] {logging_mixin.py:150} INFO - [2023-09-01T19:35:57.641+0000] {dagbag.py:541} INFO - Filling up the DagBag from /home/airflow/.local/lib/python3.7/site-packages/airflow/example_dags/example_skip_dag.py
[2023-09-01T19:35:57.649+0000] {processor.py:836} INFO - DAG(s) dict_keys(['example_skip_dag']) retrieved from /home/airflow/.local/lib/python3.7/site-packages/airflow/example_dags/example_skip_dag.py
[2023-09-01T19:35:57.672+0000] {logging_mixin.py:150} INFO - [2023-09-01T19:35:57.672+0000] {dag.py:2742} INFO - Sync 1 DAGs
[2023-09-01T19:35:57.697+0000] {logging_mixin.py:150} INFO - [2023-09-01T19:35:57.696+0000] {dag.py:3508} INFO - Setting next_dagrun for example_skip_dag to 2023-08-31T19:35:57.696710+00:00, run_after=2023-09-01T19:35:57.696710+00:00
[2023-09-01T19:35:57.711+0000] {processor.py:179} INFO - Processing /home/airflow/.local/lib/python3.7/site-packages/airflow/example_dags/example_skip_dag.py took 0.075 seconds
[2023-09-01T19:36:28.243+0000] {processor.py:157} INFO - Started process (PID=550) to work on /home/airflow/.local/lib/python3.7/site-packages/airflow/example_dags/example_skip_dag.py
[2023-09-01T19:36:28.244+0000] {processor.py:826} INFO - Processing file /home/airflow/.local/lib/python3.7/site-packages/airflow/example_dags/example_skip_dag.py for tasks to queue
[2023-09-01T19:36:28.245+0000] {logging_mixin.py:150} INFO - [2023-09-01T19:36:28.244+0000] {dagbag.py:541} INFO - Filling up the DagBag from /home/airflow/.local/lib/python3.7/site-packages/airflow/example_dags/example_skip_dag.py
[2023-09-01T19:36:28.251+0000] {processor.py:836} INFO - DAG(s) dict_keys(['example_skip_dag']) retrieved from /home/airflow/.local/lib/python3.7/site-packages/airflow/example_dags/example_skip_dag.py
[2023-09-01T19:36:28.283+0000] {logging_mixin.py:150} INFO - [2023-09-01T19:36:28.283+0000] {dag.py:2742} INFO - Sync 1 DAGs
[2023-09-01T19:36:28.309+0000] {logging_mixin.py:150} INFO - [2023-09-01T19:36:28.309+0000] {dag.py:3508} INFO - Setting next_dagrun for example_skip_dag to 2023-08-31T19:36:28.309284+00:00, run_after=2023-09-01T19:36:28.309284+00:00
[2023-09-01T19:36:28.348+0000] {processor.py:179} INFO - Processing /home/airflow/.local/lib/python3.7/site-packages/airflow/example_dags/example_skip_dag.py took 0.109 seconds
[2023-09-01T19:36:59.075+0000] {processor.py:157} INFO - Started process (PID=605) to work on /home/airflow/.local/lib/python3.7/site-packages/airflow/example_dags/example_skip_dag.py
[2023-09-01T19:36:59.076+0000] {processor.py:826} INFO - Processing file /home/airflow/.local/lib/python3.7/site-packages/airflow/example_dags/example_skip_dag.py for tasks to queue
[2023-09-01T19:36:59.077+0000] {logging_mixin.py:150} INFO - [2023-09-01T19:36:59.077+0000] {dagbag.py:541} INFO - Filling up the DagBag from /home/airflow/.local/lib/python3.7/site-packages/airflow/example_dags/example_skip_dag.py
[2023-09-01T19:36:59.084+0000] {processor.py:836} INFO - DAG(s) dict_keys(['example_skip_dag']) retrieved from /home/airflow/.local/lib/python3.7/site-packages/airflow/example_dags/example_skip_dag.py
[2023-09-01T19:36:59.110+0000] {logging_mixin.py:150} INFO - [2023-09-01T19:36:59.110+0000] {dag.py:2742} INFO - Sync 1 DAGs
[2023-09-01T19:36:59.133+0000] {logging_mixin.py:150} INFO - [2023-09-01T19:36:59.133+0000] {dag.py:3508} INFO - Setting next_dagrun for example_skip_dag to 2023-08-31T19:36:59.132915+00:00, run_after=2023-09-01T19:36:59.132915+00:00
[2023-09-01T19:36:59.148+0000] {processor.py:179} INFO - Processing /home/airflow/.local/lib/python3.7/site-packages/airflow/example_dags/example_skip_dag.py took 0.076 seconds
[2023-09-01T19:37:30.045+0000] {processor.py:157} INFO - Started process (PID=660) to work on /home/airflow/.local/lib/python3.7/site-packages/airflow/example_dags/example_skip_dag.py
[2023-09-01T19:37:30.053+0000] {processor.py:826} INFO - Processing file /home/airflow/.local/lib/python3.7/site-packages/airflow/example_dags/example_skip_dag.py for tasks to queue
[2023-09-01T19:37:30.054+0000] {logging_mixin.py:150} INFO - [2023-09-01T19:37:30.054+0000] {dagbag.py:541} INFO - Filling up the DagBag from /home/airflow/.local/lib/python3.7/site-packages/airflow/example_dags/example_skip_dag.py
[2023-09-01T19:37:30.061+0000] {processor.py:836} INFO - DAG(s) dict_keys(['example_skip_dag']) retrieved from /home/airflow/.local/lib/python3.7/site-packages/airflow/example_dags/example_skip_dag.py
[2023-09-01T19:37:30.083+0000] {logging_mixin.py:150} INFO - [2023-09-01T19:37:30.083+0000] {dag.py:2742} INFO - Sync 1 DAGs
[2023-09-01T19:37:30.118+0000] {logging_mixin.py:150} INFO - [2023-09-01T19:37:30.117+0000] {dag.py:3508} INFO - Setting next_dagrun for example_skip_dag to 2023-08-31T19:37:30.117712+00:00, run_after=2023-09-01T19:37:30.117712+00:00
[2023-09-01T19:37:30.176+0000] {processor.py:179} INFO - Processing /home/airflow/.local/lib/python3.7/site-packages/airflow/example_dags/example_skip_dag.py took 0.134 seconds
[2023-09-01T19:38:01.590+0000] {processor.py:157} INFO - Started process (PID=721) to work on /home/airflow/.local/lib/python3.7/site-packages/airflow/example_dags/example_skip_dag.py
[2023-09-01T19:38:01.595+0000] {processor.py:826} INFO - Processing file /home/airflow/.local/lib/python3.7/site-packages/airflow/example_dags/example_skip_dag.py for tasks to queue
[2023-09-01T19:38:01.596+0000] {logging_mixin.py:150} INFO - [2023-09-01T19:38:01.596+0000] {dagbag.py:541} INFO - Filling up the DagBag from /home/airflow/.local/lib/python3.7/site-packages/airflow/example_dags/example_skip_dag.py
[2023-09-01T19:38:01.612+0000] {processor.py:836} INFO - DAG(s) dict_keys(['example_skip_dag']) retrieved from /home/airflow/.local/lib/python3.7/site-packages/airflow/example_dags/example_skip_dag.py
[2023-09-01T19:38:01.762+0000] {logging_mixin.py:150} INFO - [2023-09-01T19:38:01.762+0000] {dag.py:2742} INFO - Sync 1 DAGs
[2023-09-01T19:38:01.938+0000] {logging_mixin.py:150} INFO - [2023-09-01T19:38:01.937+0000] {dag.py:3508} INFO - Setting next_dagrun for example_skip_dag to 2023-08-31T19:38:01.937515+00:00, run_after=2023-09-01T19:38:01.937515+00:00
[2023-09-01T19:38:02.094+0000] {processor.py:179} INFO - Processing /home/airflow/.local/lib/python3.7/site-packages/airflow/example_dags/example_skip_dag.py took 0.511 seconds
[2023-09-01T19:38:32.158+0000] {processor.py:157} INFO - Started process (PID=778) to work on /home/airflow/.local/lib/python3.7/site-packages/airflow/example_dags/example_skip_dag.py
[2023-09-01T19:38:32.159+0000] {processor.py:826} INFO - Processing file /home/airflow/.local/lib/python3.7/site-packages/airflow/example_dags/example_skip_dag.py for tasks to queue
[2023-09-01T19:38:32.159+0000] {logging_mixin.py:150} INFO - [2023-09-01T19:38:32.159+0000] {dagbag.py:541} INFO - Filling up the DagBag from /home/airflow/.local/lib/python3.7/site-packages/airflow/example_dags/example_skip_dag.py
[2023-09-01T19:38:32.166+0000] {processor.py:836} INFO - DAG(s) dict_keys(['example_skip_dag']) retrieved from /home/airflow/.local/lib/python3.7/site-packages/airflow/example_dags/example_skip_dag.py
[2023-09-01T19:38:32.188+0000] {logging_mixin.py:150} INFO - [2023-09-01T19:38:32.188+0000] {dag.py:2742} INFO - Sync 1 DAGs
[2023-09-01T19:38:32.211+0000] {logging_mixin.py:150} INFO - [2023-09-01T19:38:32.211+0000] {dag.py:3508} INFO - Setting next_dagrun for example_skip_dag to 2023-08-31T19:38:32.210826+00:00, run_after=2023-09-01T19:38:32.210826+00:00
[2023-09-01T19:38:32.229+0000] {processor.py:179} INFO - Processing /home/airflow/.local/lib/python3.7/site-packages/airflow/example_dags/example_skip_dag.py took 0.074 seconds
[2023-09-01T19:39:02.312+0000] {processor.py:157} INFO - Started process (PID=831) to work on /home/airflow/.local/lib/python3.7/site-packages/airflow/example_dags/example_skip_dag.py
[2023-09-01T19:39:02.314+0000] {processor.py:826} INFO - Processing file /home/airflow/.local/lib/python3.7/site-packages/airflow/example_dags/example_skip_dag.py for tasks to queue
[2023-09-01T19:39:02.314+0000] {logging_mixin.py:150} INFO - [2023-09-01T19:39:02.314+0000] {dagbag.py:541} INFO - Filling up the DagBag from /home/airflow/.local/lib/python3.7/site-packages/airflow/example_dags/example_skip_dag.py
[2023-09-01T19:39:02.320+0000] {processor.py:836} INFO - DAG(s) dict_keys(['example_skip_dag']) retrieved from /home/airflow/.local/lib/python3.7/site-packages/airflow/example_dags/example_skip_dag.py
[2023-09-01T19:39:02.344+0000] {logging_mixin.py:150} INFO - [2023-09-01T19:39:02.344+0000] {dag.py:2742} INFO - Sync 1 DAGs
[2023-09-01T19:39:02.367+0000] {logging_mixin.py:150} INFO - [2023-09-01T19:39:02.367+0000] {dag.py:3508} INFO - Setting next_dagrun for example_skip_dag to 2023-08-31T19:39:02.366779+00:00, run_after=2023-09-01T19:39:02.366779+00:00
[2023-09-01T19:39:02.386+0000] {processor.py:179} INFO - Processing /home/airflow/.local/lib/python3.7/site-packages/airflow/example_dags/example_skip_dag.py took 0.076 seconds
[2023-09-01T19:39:32.465+0000] {processor.py:157} INFO - Started process (PID=886) to work on /home/airflow/.local/lib/python3.7/site-packages/airflow/example_dags/example_skip_dag.py
[2023-09-01T19:39:32.471+0000] {processor.py:826} INFO - Processing file /home/airflow/.local/lib/python3.7/site-packages/airflow/example_dags/example_skip_dag.py for tasks to queue
[2023-09-01T19:39:32.472+0000] {logging_mixin.py:150} INFO - [2023-09-01T19:39:32.471+0000] {dagbag.py:541} INFO - Filling up the DagBag from /home/airflow/.local/lib/python3.7/site-packages/airflow/example_dags/example_skip_dag.py
[2023-09-01T19:39:32.487+0000] {processor.py:836} INFO - DAG(s) dict_keys(['example_skip_dag']) retrieved from /home/airflow/.local/lib/python3.7/site-packages/airflow/example_dags/example_skip_dag.py
[2023-09-01T19:39:32.534+0000] {logging_mixin.py:150} INFO - [2023-09-01T19:39:32.534+0000] {dag.py:2742} INFO - Sync 1 DAGs
[2023-09-01T19:39:32.583+0000] {logging_mixin.py:150} INFO - [2023-09-01T19:39:32.583+0000] {dag.py:3508} INFO - Setting next_dagrun for example_skip_dag to 2023-08-31T19:39:32.579266+00:00, run_after=2023-09-01T19:39:32.579266+00:00
[2023-09-01T19:39:32.616+0000] {processor.py:179} INFO - Processing /home/airflow/.local/lib/python3.7/site-packages/airflow/example_dags/example_skip_dag.py took 0.155 seconds
[2023-09-01T19:40:03.692+0000] {processor.py:157} INFO - Started process (PID=941) to work on /home/airflow/.local/lib/python3.7/site-packages/airflow/example_dags/example_skip_dag.py
[2023-09-01T19:40:03.693+0000] {processor.py:826} INFO - Processing file /home/airflow/.local/lib/python3.7/site-packages/airflow/example_dags/example_skip_dag.py for tasks to queue
[2023-09-01T19:40:03.694+0000] {logging_mixin.py:150} INFO - [2023-09-01T19:40:03.693+0000] {dagbag.py:541} INFO - Filling up the DagBag from /home/airflow/.local/lib/python3.7/site-packages/airflow/example_dags/example_skip_dag.py
[2023-09-01T19:40:03.713+0000] {processor.py:836} INFO - DAG(s) dict_keys(['example_skip_dag']) retrieved from /home/airflow/.local/lib/python3.7/site-packages/airflow/example_dags/example_skip_dag.py
[2023-09-01T19:40:03.778+0000] {logging_mixin.py:150} INFO - [2023-09-01T19:40:03.778+0000] {dag.py:2742} INFO - Sync 1 DAGs
[2023-09-01T19:40:03.823+0000] {logging_mixin.py:150} INFO - [2023-09-01T19:40:03.821+0000] {dag.py:3508} INFO - Setting next_dagrun for example_skip_dag to 2023-08-31T19:40:03.821296+00:00, run_after=2023-09-01T19:40:03.821296+00:00
[2023-09-01T19:40:03.857+0000] {processor.py:179} INFO - Processing /home/airflow/.local/lib/python3.7/site-packages/airflow/example_dags/example_skip_dag.py took 0.174 seconds
[2023-09-01T19:40:34.228+0000] {processor.py:157} INFO - Started process (PID=995) to work on /home/airflow/.local/lib/python3.7/site-packages/airflow/example_dags/example_skip_dag.py
[2023-09-01T19:40:34.231+0000] {processor.py:826} INFO - Processing file /home/airflow/.local/lib/python3.7/site-packages/airflow/example_dags/example_skip_dag.py for tasks to queue
[2023-09-01T19:40:34.232+0000] {logging_mixin.py:150} INFO - [2023-09-01T19:40:34.232+0000] {dagbag.py:541} INFO - Filling up the DagBag from /home/airflow/.local/lib/python3.7/site-packages/airflow/example_dags/example_skip_dag.py
[2023-09-01T19:40:34.239+0000] {processor.py:836} INFO - DAG(s) dict_keys(['example_skip_dag']) retrieved from /home/airflow/.local/lib/python3.7/site-packages/airflow/example_dags/example_skip_dag.py
[2023-09-01T19:40:34.259+0000] {logging_mixin.py:150} INFO - [2023-09-01T19:40:34.259+0000] {dag.py:2742} INFO - Sync 1 DAGs
[2023-09-01T19:40:34.284+0000] {logging_mixin.py:150} INFO - [2023-09-01T19:40:34.283+0000] {dag.py:3508} INFO - Setting next_dagrun for example_skip_dag to 2023-08-31T19:40:34.283711+00:00, run_after=2023-09-01T19:40:34.283711+00:00
[2023-09-01T19:40:34.301+0000] {processor.py:179} INFO - Processing /home/airflow/.local/lib/python3.7/site-packages/airflow/example_dags/example_skip_dag.py took 0.076 seconds
[2023-09-01T19:41:04.357+0000] {processor.py:157} INFO - Started process (PID=1049) to work on /home/airflow/.local/lib/python3.7/site-packages/airflow/example_dags/example_skip_dag.py
[2023-09-01T19:41:04.358+0000] {processor.py:826} INFO - Processing file /home/airflow/.local/lib/python3.7/site-packages/airflow/example_dags/example_skip_dag.py for tasks to queue
[2023-09-01T19:41:04.358+0000] {logging_mixin.py:150} INFO - [2023-09-01T19:41:04.358+0000] {dagbag.py:541} INFO - Filling up the DagBag from /home/airflow/.local/lib/python3.7/site-packages/airflow/example_dags/example_skip_dag.py
[2023-09-01T19:41:04.365+0000] {processor.py:836} INFO - DAG(s) dict_keys(['example_skip_dag']) retrieved from /home/airflow/.local/lib/python3.7/site-packages/airflow/example_dags/example_skip_dag.py
[2023-09-01T19:41:04.386+0000] {logging_mixin.py:150} INFO - [2023-09-01T19:41:04.386+0000] {dag.py:2742} INFO - Sync 1 DAGs
[2023-09-01T19:41:04.409+0000] {logging_mixin.py:150} INFO - [2023-09-01T19:41:04.408+0000] {dag.py:3508} INFO - Setting next_dagrun for example_skip_dag to 2023-08-31T19:41:04.408767+00:00, run_after=2023-09-01T19:41:04.408767+00:00
[2023-09-01T19:41:04.424+0000] {processor.py:179} INFO - Processing /home/airflow/.local/lib/python3.7/site-packages/airflow/example_dags/example_skip_dag.py took 0.070 seconds
[2023-09-01T19:41:34.673+0000] {processor.py:157} INFO - Started process (PID=1105) to work on /home/airflow/.local/lib/python3.7/site-packages/airflow/example_dags/example_skip_dag.py
[2023-09-01T19:41:34.675+0000] {processor.py:826} INFO - Processing file /home/airflow/.local/lib/python3.7/site-packages/airflow/example_dags/example_skip_dag.py for tasks to queue
[2023-09-01T19:41:34.676+0000] {logging_mixin.py:150} INFO - [2023-09-01T19:41:34.676+0000] {dagbag.py:541} INFO - Filling up the DagBag from /home/airflow/.local/lib/python3.7/site-packages/airflow/example_dags/example_skip_dag.py
[2023-09-01T19:41:34.686+0000] {processor.py:836} INFO - DAG(s) dict_keys(['example_skip_dag']) retrieved from /home/airflow/.local/lib/python3.7/site-packages/airflow/example_dags/example_skip_dag.py
[2023-09-01T19:41:34.731+0000] {logging_mixin.py:150} INFO - [2023-09-01T19:41:34.729+0000] {dag.py:2742} INFO - Sync 1 DAGs
[2023-09-01T19:41:34.771+0000] {logging_mixin.py:150} INFO - [2023-09-01T19:41:34.771+0000] {dag.py:3508} INFO - Setting next_dagrun for example_skip_dag to 2023-08-31T19:41:34.771330+00:00, run_after=2023-09-01T19:41:34.771330+00:00
[2023-09-01T19:41:34.822+0000] {processor.py:179} INFO - Processing /home/airflow/.local/lib/python3.7/site-packages/airflow/example_dags/example_skip_dag.py took 0.155 seconds
[2023-09-01T19:42:05.140+0000] {processor.py:157} INFO - Started process (PID=1159) to work on /home/airflow/.local/lib/python3.7/site-packages/airflow/example_dags/example_skip_dag.py
[2023-09-01T19:42:05.141+0000] {processor.py:826} INFO - Processing file /home/airflow/.local/lib/python3.7/site-packages/airflow/example_dags/example_skip_dag.py for tasks to queue
[2023-09-01T19:42:05.142+0000] {logging_mixin.py:150} INFO - [2023-09-01T19:42:05.141+0000] {dagbag.py:541} INFO - Filling up the DagBag from /home/airflow/.local/lib/python3.7/site-packages/airflow/example_dags/example_skip_dag.py
[2023-09-01T19:42:05.148+0000] {processor.py:836} INFO - DAG(s) dict_keys(['example_skip_dag']) retrieved from /home/airflow/.local/lib/python3.7/site-packages/airflow/example_dags/example_skip_dag.py
[2023-09-01T19:42:05.174+0000] {logging_mixin.py:150} INFO - [2023-09-01T19:42:05.174+0000] {dag.py:2742} INFO - Sync 1 DAGs
[2023-09-01T19:42:05.199+0000] {logging_mixin.py:150} INFO - [2023-09-01T19:42:05.199+0000] {dag.py:3508} INFO - Setting next_dagrun for example_skip_dag to 2023-08-31T19:42:05.199184+00:00, run_after=2023-09-01T19:42:05.199184+00:00
[2023-09-01T19:42:05.219+0000] {processor.py:179} INFO - Processing /home/airflow/.local/lib/python3.7/site-packages/airflow/example_dags/example_skip_dag.py took 0.081 seconds
[2023-09-01T19:42:35.561+0000] {processor.py:157} INFO - Started process (PID=1214) to work on /home/airflow/.local/lib/python3.7/site-packages/airflow/example_dags/example_skip_dag.py
[2023-09-01T19:42:35.563+0000] {processor.py:826} INFO - Processing file /home/airflow/.local/lib/python3.7/site-packages/airflow/example_dags/example_skip_dag.py for tasks to queue
[2023-09-01T19:42:35.564+0000] {logging_mixin.py:150} INFO - [2023-09-01T19:42:35.564+0000] {dagbag.py:541} INFO - Filling up the DagBag from /home/airflow/.local/lib/python3.7/site-packages/airflow/example_dags/example_skip_dag.py
[2023-09-01T19:42:35.573+0000] {processor.py:836} INFO - DAG(s) dict_keys(['example_skip_dag']) retrieved from /home/airflow/.local/lib/python3.7/site-packages/airflow/example_dags/example_skip_dag.py
[2023-09-01T19:42:35.601+0000] {logging_mixin.py:150} INFO - [2023-09-01T19:42:35.601+0000] {dag.py:2742} INFO - Sync 1 DAGs
[2023-09-01T19:42:35.623+0000] {logging_mixin.py:150} INFO - [2023-09-01T19:42:35.623+0000] {dag.py:3508} INFO - Setting next_dagrun for example_skip_dag to 2023-08-31T19:42:35.623243+00:00, run_after=2023-09-01T19:42:35.623243+00:00
[2023-09-01T19:42:35.680+0000] {processor.py:179} INFO - Processing /home/airflow/.local/lib/python3.7/site-packages/airflow/example_dags/example_skip_dag.py took 0.125 seconds
[2023-09-01T19:43:05.774+0000] {processor.py:157} INFO - Started process (PID=1268) to work on /home/airflow/.local/lib/python3.7/site-packages/airflow/example_dags/example_skip_dag.py
[2023-09-01T19:43:05.776+0000] {processor.py:826} INFO - Processing file /home/airflow/.local/lib/python3.7/site-packages/airflow/example_dags/example_skip_dag.py for tasks to queue
[2023-09-01T19:43:05.776+0000] {logging_mixin.py:150} INFO - [2023-09-01T19:43:05.776+0000] {dagbag.py:541} INFO - Filling up the DagBag from /home/airflow/.local/lib/python3.7/site-packages/airflow/example_dags/example_skip_dag.py
[2023-09-01T19:43:05.783+0000] {processor.py:836} INFO - DAG(s) dict_keys(['example_skip_dag']) retrieved from /home/airflow/.local/lib/python3.7/site-packages/airflow/example_dags/example_skip_dag.py
[2023-09-01T19:43:05.805+0000] {logging_mixin.py:150} INFO - [2023-09-01T19:43:05.805+0000] {dag.py:2742} INFO - Sync 1 DAGs
[2023-09-01T19:43:05.827+0000] {logging_mixin.py:150} INFO - [2023-09-01T19:43:05.826+0000] {dag.py:3508} INFO - Setting next_dagrun for example_skip_dag to 2023-08-31T19:43:05.826747+00:00, run_after=2023-09-01T19:43:05.826747+00:00
[2023-09-01T19:43:05.843+0000] {processor.py:179} INFO - Processing /home/airflow/.local/lib/python3.7/site-packages/airflow/example_dags/example_skip_dag.py took 0.072 seconds
[2023-09-01T19:43:36.418+0000] {processor.py:157} INFO - Started process (PID=1324) to work on /home/airflow/.local/lib/python3.7/site-packages/airflow/example_dags/example_skip_dag.py
[2023-09-01T19:43:36.419+0000] {processor.py:826} INFO - Processing file /home/airflow/.local/lib/python3.7/site-packages/airflow/example_dags/example_skip_dag.py for tasks to queue
[2023-09-01T19:43:36.420+0000] {logging_mixin.py:150} INFO - [2023-09-01T19:43:36.420+0000] {dagbag.py:541} INFO - Filling up the DagBag from /home/airflow/.local/lib/python3.7/site-packages/airflow/example_dags/example_skip_dag.py
[2023-09-01T19:43:36.426+0000] {processor.py:836} INFO - DAG(s) dict_keys(['example_skip_dag']) retrieved from /home/airflow/.local/lib/python3.7/site-packages/airflow/example_dags/example_skip_dag.py
[2023-09-01T19:43:36.450+0000] {logging_mixin.py:150} INFO - [2023-09-01T19:43:36.450+0000] {dag.py:2742} INFO - Sync 1 DAGs
[2023-09-01T19:43:36.479+0000] {logging_mixin.py:150} INFO - [2023-09-01T19:43:36.478+0000] {dag.py:3508} INFO - Setting next_dagrun for example_skip_dag to 2023-08-31T19:43:36.478597+00:00, run_after=2023-09-01T19:43:36.478597+00:00
[2023-09-01T19:43:36.493+0000] {processor.py:179} INFO - Processing /home/airflow/.local/lib/python3.7/site-packages/airflow/example_dags/example_skip_dag.py took 0.079 seconds
[2023-09-01T19:44:06.926+0000] {processor.py:157} INFO - Started process (PID=1379) to work on /home/airflow/.local/lib/python3.7/site-packages/airflow/example_dags/example_skip_dag.py
[2023-09-01T19:44:06.927+0000] {processor.py:826} INFO - Processing file /home/airflow/.local/lib/python3.7/site-packages/airflow/example_dags/example_skip_dag.py for tasks to queue
[2023-09-01T19:44:06.927+0000] {logging_mixin.py:150} INFO - [2023-09-01T19:44:06.927+0000] {dagbag.py:541} INFO - Filling up the DagBag from /home/airflow/.local/lib/python3.7/site-packages/airflow/example_dags/example_skip_dag.py
[2023-09-01T19:44:06.934+0000] {processor.py:836} INFO - DAG(s) dict_keys(['example_skip_dag']) retrieved from /home/airflow/.local/lib/python3.7/site-packages/airflow/example_dags/example_skip_dag.py
[2023-09-01T19:44:06.979+0000] {logging_mixin.py:150} INFO - [2023-09-01T19:44:06.979+0000] {dag.py:2742} INFO - Sync 1 DAGs
[2023-09-01T19:44:07.000+0000] {logging_mixin.py:150} INFO - [2023-09-01T19:44:07.000+0000] {dag.py:3508} INFO - Setting next_dagrun for example_skip_dag to 2023-08-31T19:44:07.000591+00:00, run_after=2023-09-01T19:44:07.000591+00:00
[2023-09-01T19:44:07.017+0000] {processor.py:179} INFO - Processing /home/airflow/.local/lib/python3.7/site-packages/airflow/example_dags/example_skip_dag.py took 0.095 seconds
[2023-09-01T19:44:37.520+0000] {processor.py:157} INFO - Started process (PID=1434) to work on /home/airflow/.local/lib/python3.7/site-packages/airflow/example_dags/example_skip_dag.py
[2023-09-01T19:44:37.520+0000] {processor.py:826} INFO - Processing file /home/airflow/.local/lib/python3.7/site-packages/airflow/example_dags/example_skip_dag.py for tasks to queue
[2023-09-01T19:44:37.521+0000] {logging_mixin.py:150} INFO - [2023-09-01T19:44:37.521+0000] {dagbag.py:541} INFO - Filling up the DagBag from /home/airflow/.local/lib/python3.7/site-packages/airflow/example_dags/example_skip_dag.py
[2023-09-01T19:44:37.532+0000] {processor.py:836} INFO - DAG(s) dict_keys(['example_skip_dag']) retrieved from /home/airflow/.local/lib/python3.7/site-packages/airflow/example_dags/example_skip_dag.py
[2023-09-01T19:44:37.559+0000] {logging_mixin.py:150} INFO - [2023-09-01T19:44:37.558+0000] {dag.py:2742} INFO - Sync 1 DAGs
[2023-09-01T19:44:37.579+0000] {logging_mixin.py:150} INFO - [2023-09-01T19:44:37.579+0000] {dag.py:3508} INFO - Setting next_dagrun for example_skip_dag to 2023-08-31T19:44:37.579312+00:00, run_after=2023-09-01T19:44:37.579312+00:00
[2023-09-01T19:44:37.594+0000] {processor.py:179} INFO - Processing /home/airflow/.local/lib/python3.7/site-packages/airflow/example_dags/example_skip_dag.py took 0.078 seconds
[2023-09-01T19:45:07.879+0000] {processor.py:157} INFO - Started process (PID=1489) to work on /home/airflow/.local/lib/python3.7/site-packages/airflow/example_dags/example_skip_dag.py
[2023-09-01T19:45:07.879+0000] {processor.py:826} INFO - Processing file /home/airflow/.local/lib/python3.7/site-packages/airflow/example_dags/example_skip_dag.py for tasks to queue
[2023-09-01T19:45:07.880+0000] {logging_mixin.py:150} INFO - [2023-09-01T19:45:07.880+0000] {dagbag.py:541} INFO - Filling up the DagBag from /home/airflow/.local/lib/python3.7/site-packages/airflow/example_dags/example_skip_dag.py
[2023-09-01T19:45:07.890+0000] {processor.py:836} INFO - DAG(s) dict_keys(['example_skip_dag']) retrieved from /home/airflow/.local/lib/python3.7/site-packages/airflow/example_dags/example_skip_dag.py
[2023-09-01T19:45:07.912+0000] {logging_mixin.py:150} INFO - [2023-09-01T19:45:07.912+0000] {dag.py:2742} INFO - Sync 1 DAGs
[2023-09-01T19:45:07.934+0000] {logging_mixin.py:150} INFO - [2023-09-01T19:45:07.934+0000] {dag.py:3508} INFO - Setting next_dagrun for example_skip_dag to 2023-08-31T19:45:07.934106+00:00, run_after=2023-09-01T19:45:07.934106+00:00
[2023-09-01T19:45:07.950+0000] {processor.py:179} INFO - Processing /home/airflow/.local/lib/python3.7/site-packages/airflow/example_dags/example_skip_dag.py took 0.075 seconds
[2023-09-01T19:45:38.200+0000] {processor.py:157} INFO - Started process (PID=1544) to work on /home/airflow/.local/lib/python3.7/site-packages/airflow/example_dags/example_skip_dag.py
[2023-09-01T19:45:38.202+0000] {processor.py:826} INFO - Processing file /home/airflow/.local/lib/python3.7/site-packages/airflow/example_dags/example_skip_dag.py for tasks to queue
[2023-09-01T19:45:38.202+0000] {logging_mixin.py:150} INFO - [2023-09-01T19:45:38.202+0000] {dagbag.py:541} INFO - Filling up the DagBag from /home/airflow/.local/lib/python3.7/site-packages/airflow/example_dags/example_skip_dag.py
[2023-09-01T19:45:38.209+0000] {processor.py:836} INFO - DAG(s) dict_keys(['example_skip_dag']) retrieved from /home/airflow/.local/lib/python3.7/site-packages/airflow/example_dags/example_skip_dag.py
[2023-09-01T19:45:38.234+0000] {logging_mixin.py:150} INFO - [2023-09-01T19:45:38.234+0000] {dag.py:2742} INFO - Sync 1 DAGs
[2023-09-01T19:45:38.254+0000] {logging_mixin.py:150} INFO - [2023-09-01T19:45:38.254+0000] {dag.py:3508} INFO - Setting next_dagrun for example_skip_dag to 2023-08-31T19:45:38.254162+00:00, run_after=2023-09-01T19:45:38.254162+00:00
[2023-09-01T19:45:38.269+0000] {processor.py:179} INFO - Processing /home/airflow/.local/lib/python3.7/site-packages/airflow/example_dags/example_skip_dag.py took 0.072 seconds
[2023-09-01T19:46:08.579+0000] {processor.py:157} INFO - Started process (PID=1599) to work on /home/airflow/.local/lib/python3.7/site-packages/airflow/example_dags/example_skip_dag.py
[2023-09-01T19:46:08.579+0000] {processor.py:826} INFO - Processing file /home/airflow/.local/lib/python3.7/site-packages/airflow/example_dags/example_skip_dag.py for tasks to queue
[2023-09-01T19:46:08.580+0000] {logging_mixin.py:150} INFO - [2023-09-01T19:46:08.580+0000] {dagbag.py:541} INFO - Filling up the DagBag from /home/airflow/.local/lib/python3.7/site-packages/airflow/example_dags/example_skip_dag.py
[2023-09-01T19:46:08.586+0000] {processor.py:836} INFO - DAG(s) dict_keys(['example_skip_dag']) retrieved from /home/airflow/.local/lib/python3.7/site-packages/airflow/example_dags/example_skip_dag.py
[2023-09-01T19:46:08.611+0000] {logging_mixin.py:150} INFO - [2023-09-01T19:46:08.611+0000] {dag.py:2742} INFO - Sync 1 DAGs
[2023-09-01T19:46:08.636+0000] {logging_mixin.py:150} INFO - [2023-09-01T19:46:08.635+0000] {dag.py:3508} INFO - Setting next_dagrun for example_skip_dag to 2023-08-31T19:46:08.634328+00:00, run_after=2023-09-01T19:46:08.634328+00:00
[2023-09-01T19:46:08.652+0000] {processor.py:179} INFO - Processing /home/airflow/.local/lib/python3.7/site-packages/airflow/example_dags/example_skip_dag.py took 0.076 seconds
[2023-09-01T19:46:39.026+0000] {processor.py:157} INFO - Started process (PID=1654) to work on /home/airflow/.local/lib/python3.7/site-packages/airflow/example_dags/example_skip_dag.py
[2023-09-01T19:46:39.027+0000] {processor.py:826} INFO - Processing file /home/airflow/.local/lib/python3.7/site-packages/airflow/example_dags/example_skip_dag.py for tasks to queue
[2023-09-01T19:46:39.028+0000] {logging_mixin.py:150} INFO - [2023-09-01T19:46:39.027+0000] {dagbag.py:541} INFO - Filling up the DagBag from /home/airflow/.local/lib/python3.7/site-packages/airflow/example_dags/example_skip_dag.py
[2023-09-01T19:46:39.035+0000] {processor.py:836} INFO - DAG(s) dict_keys(['example_skip_dag']) retrieved from /home/airflow/.local/lib/python3.7/site-packages/airflow/example_dags/example_skip_dag.py
[2023-09-01T19:46:39.058+0000] {logging_mixin.py:150} INFO - [2023-09-01T19:46:39.058+0000] {dag.py:2742} INFO - Sync 1 DAGs
[2023-09-01T19:46:39.080+0000] {logging_mixin.py:150} INFO - [2023-09-01T19:46:39.080+0000] {dag.py:3508} INFO - Setting next_dagrun for example_skip_dag to 2023-08-31T19:46:39.079815+00:00, run_after=2023-09-01T19:46:39.079815+00:00
[2023-09-01T19:46:39.097+0000] {processor.py:179} INFO - Processing /home/airflow/.local/lib/python3.7/site-packages/airflow/example_dags/example_skip_dag.py took 0.080 seconds
[2023-09-01T19:47:09.680+0000] {processor.py:157} INFO - Started process (PID=1709) to work on /home/airflow/.local/lib/python3.7/site-packages/airflow/example_dags/example_skip_dag.py
[2023-09-01T19:47:09.680+0000] {processor.py:826} INFO - Processing file /home/airflow/.local/lib/python3.7/site-packages/airflow/example_dags/example_skip_dag.py for tasks to queue
[2023-09-01T19:47:09.681+0000] {logging_mixin.py:150} INFO - [2023-09-01T19:47:09.681+0000] {dagbag.py:541} INFO - Filling up the DagBag from /home/airflow/.local/lib/python3.7/site-packages/airflow/example_dags/example_skip_dag.py
[2023-09-01T19:47:09.687+0000] {processor.py:836} INFO - DAG(s) dict_keys(['example_skip_dag']) retrieved from /home/airflow/.local/lib/python3.7/site-packages/airflow/example_dags/example_skip_dag.py
[2023-09-01T19:47:09.713+0000] {logging_mixin.py:150} INFO - [2023-09-01T19:47:09.713+0000] {dag.py:2742} INFO - Sync 1 DAGs
[2023-09-01T19:47:09.736+0000] {logging_mixin.py:150} INFO - [2023-09-01T19:47:09.736+0000] {dag.py:3508} INFO - Setting next_dagrun for example_skip_dag to 2023-08-31T19:47:09.736366+00:00, run_after=2023-09-01T19:47:09.736366+00:00
[2023-09-01T19:47:09.752+0000] {processor.py:179} INFO - Processing /home/airflow/.local/lib/python3.7/site-packages/airflow/example_dags/example_skip_dag.py took 0.076 seconds
[2023-09-01T19:47:40.081+0000] {processor.py:157} INFO - Started process (PID=1764) to work on /home/airflow/.local/lib/python3.7/site-packages/airflow/example_dags/example_skip_dag.py
[2023-09-01T19:47:40.082+0000] {processor.py:826} INFO - Processing file /home/airflow/.local/lib/python3.7/site-packages/airflow/example_dags/example_skip_dag.py for tasks to queue
[2023-09-01T19:47:40.082+0000] {logging_mixin.py:150} INFO - [2023-09-01T19:47:40.082+0000] {dagbag.py:541} INFO - Filling up the DagBag from /home/airflow/.local/lib/python3.7/site-packages/airflow/example_dags/example_skip_dag.py
[2023-09-01T19:47:40.093+0000] {processor.py:836} INFO - DAG(s) dict_keys(['example_skip_dag']) retrieved from /home/airflow/.local/lib/python3.7/site-packages/airflow/example_dags/example_skip_dag.py
[2023-09-01T19:47:40.129+0000] {logging_mixin.py:150} INFO - [2023-09-01T19:47:40.129+0000] {dag.py:2742} INFO - Sync 1 DAGs
[2023-09-01T19:47:40.153+0000] {logging_mixin.py:150} INFO - [2023-09-01T19:47:40.153+0000] {dag.py:3508} INFO - Setting next_dagrun for example_skip_dag to 2023-08-31T19:47:40.153150+00:00, run_after=2023-09-01T19:47:40.153150+00:00
[2023-09-01T19:47:40.169+0000] {processor.py:179} INFO - Processing /home/airflow/.local/lib/python3.7/site-packages/airflow/example_dags/example_skip_dag.py took 0.091 seconds
[2023-09-01T19:48:10.547+0000] {processor.py:157} INFO - Started process (PID=1819) to work on /home/airflow/.local/lib/python3.7/site-packages/airflow/example_dags/example_skip_dag.py
[2023-09-01T19:48:10.548+0000] {processor.py:826} INFO - Processing file /home/airflow/.local/lib/python3.7/site-packages/airflow/example_dags/example_skip_dag.py for tasks to queue
[2023-09-01T19:48:10.548+0000] {logging_mixin.py:150} INFO - [2023-09-01T19:48:10.548+0000] {dagbag.py:541} INFO - Filling up the DagBag from /home/airflow/.local/lib/python3.7/site-packages/airflow/example_dags/example_skip_dag.py
[2023-09-01T19:48:10.555+0000] {processor.py:836} INFO - DAG(s) dict_keys(['example_skip_dag']) retrieved from /home/airflow/.local/lib/python3.7/site-packages/airflow/example_dags/example_skip_dag.py
[2023-09-01T19:48:10.586+0000] {logging_mixin.py:150} INFO - [2023-09-01T19:48:10.585+0000] {dag.py:2742} INFO - Sync 1 DAGs
[2023-09-01T19:48:10.606+0000] {logging_mixin.py:150} INFO - [2023-09-01T19:48:10.605+0000] {dag.py:3508} INFO - Setting next_dagrun for example_skip_dag to 2023-08-31T19:48:10.605662+00:00, run_after=2023-09-01T19:48:10.605662+00:00
[2023-09-01T19:48:10.624+0000] {processor.py:179} INFO - Processing /home/airflow/.local/lib/python3.7/site-packages/airflow/example_dags/example_skip_dag.py took 0.080 seconds
[2023-09-01T19:48:41.458+0000] {processor.py:157} INFO - Started process (PID=1873) to work on /home/airflow/.local/lib/python3.7/site-packages/airflow/example_dags/example_skip_dag.py
[2023-09-01T19:48:41.459+0000] {processor.py:826} INFO - Processing file /home/airflow/.local/lib/python3.7/site-packages/airflow/example_dags/example_skip_dag.py for tasks to queue
[2023-09-01T19:48:41.459+0000] {logging_mixin.py:150} INFO - [2023-09-01T19:48:41.459+0000] {dagbag.py:541} INFO - Filling up the DagBag from /home/airflow/.local/lib/python3.7/site-packages/airflow/example_dags/example_skip_dag.py
[2023-09-01T19:48:41.466+0000] {processor.py:836} INFO - DAG(s) dict_keys(['example_skip_dag']) retrieved from /home/airflow/.local/lib/python3.7/site-packages/airflow/example_dags/example_skip_dag.py
[2023-09-01T19:48:41.488+0000] {logging_mixin.py:150} INFO - [2023-09-01T19:48:41.487+0000] {dag.py:2742} INFO - Sync 1 DAGs
[2023-09-01T19:48:41.508+0000] {logging_mixin.py:150} INFO - [2023-09-01T19:48:41.508+0000] {dag.py:3508} INFO - Setting next_dagrun for example_skip_dag to 2023-08-31T19:48:41.507987+00:00, run_after=2023-09-01T19:48:41.507987+00:00
[2023-09-01T19:48:41.522+0000] {processor.py:179} INFO - Processing /home/airflow/.local/lib/python3.7/site-packages/airflow/example_dags/example_skip_dag.py took 0.072 seconds
[2023-09-01T19:49:12.142+0000] {processor.py:157} INFO - Started process (PID=1928) to work on /home/airflow/.local/lib/python3.7/site-packages/airflow/example_dags/example_skip_dag.py
[2023-09-01T19:49:12.142+0000] {processor.py:826} INFO - Processing file /home/airflow/.local/lib/python3.7/site-packages/airflow/example_dags/example_skip_dag.py for tasks to queue
[2023-09-01T19:49:12.143+0000] {logging_mixin.py:150} INFO - [2023-09-01T19:49:12.143+0000] {dagbag.py:541} INFO - Filling up the DagBag from /home/airflow/.local/lib/python3.7/site-packages/airflow/example_dags/example_skip_dag.py
[2023-09-01T19:49:12.149+0000] {processor.py:836} INFO - DAG(s) dict_keys(['example_skip_dag']) retrieved from /home/airflow/.local/lib/python3.7/site-packages/airflow/example_dags/example_skip_dag.py
[2023-09-01T19:49:12.192+0000] {logging_mixin.py:150} INFO - [2023-09-01T19:49:12.192+0000] {dag.py:2742} INFO - Sync 1 DAGs
[2023-09-01T19:49:12.213+0000] {logging_mixin.py:150} INFO - [2023-09-01T19:49:12.213+0000] {dag.py:3508} INFO - Setting next_dagrun for example_skip_dag to 2023-08-31T19:49:12.213394+00:00, run_after=2023-09-01T19:49:12.213394+00:00
[2023-09-01T19:49:12.232+0000] {processor.py:179} INFO - Processing /home/airflow/.local/lib/python3.7/site-packages/airflow/example_dags/example_skip_dag.py took 0.093 seconds
[2023-09-01T19:49:42.885+0000] {processor.py:157} INFO - Started process (PID=1983) to work on /home/airflow/.local/lib/python3.7/site-packages/airflow/example_dags/example_skip_dag.py
[2023-09-01T19:49:42.890+0000] {processor.py:826} INFO - Processing file /home/airflow/.local/lib/python3.7/site-packages/airflow/example_dags/example_skip_dag.py for tasks to queue
[2023-09-01T19:49:42.891+0000] {logging_mixin.py:150} INFO - [2023-09-01T19:49:42.891+0000] {dagbag.py:541} INFO - Filling up the DagBag from /home/airflow/.local/lib/python3.7/site-packages/airflow/example_dags/example_skip_dag.py
[2023-09-01T19:49:42.903+0000] {processor.py:836} INFO - DAG(s) dict_keys(['example_skip_dag']) retrieved from /home/airflow/.local/lib/python3.7/site-packages/airflow/example_dags/example_skip_dag.py
[2023-09-01T19:49:42.926+0000] {logging_mixin.py:150} INFO - [2023-09-01T19:49:42.926+0000] {dag.py:2742} INFO - Sync 1 DAGs
[2023-09-01T19:49:42.951+0000] {logging_mixin.py:150} INFO - [2023-09-01T19:49:42.951+0000] {dag.py:3508} INFO - Setting next_dagrun for example_skip_dag to 2023-08-31T19:49:42.951503+00:00, run_after=2023-09-01T19:49:42.951503+00:00
[2023-09-01T19:49:42.968+0000] {processor.py:179} INFO - Processing /home/airflow/.local/lib/python3.7/site-packages/airflow/example_dags/example_skip_dag.py took 0.087 seconds
[2023-09-01T19:50:13.360+0000] {processor.py:157} INFO - Started process (PID=2038) to work on /home/airflow/.local/lib/python3.7/site-packages/airflow/example_dags/example_skip_dag.py
[2023-09-01T19:50:13.362+0000] {processor.py:826} INFO - Processing file /home/airflow/.local/lib/python3.7/site-packages/airflow/example_dags/example_skip_dag.py for tasks to queue
[2023-09-01T19:50:13.364+0000] {logging_mixin.py:150} INFO - [2023-09-01T19:50:13.363+0000] {dagbag.py:541} INFO - Filling up the DagBag from /home/airflow/.local/lib/python3.7/site-packages/airflow/example_dags/example_skip_dag.py
[2023-09-01T19:50:13.378+0000] {processor.py:836} INFO - DAG(s) dict_keys(['example_skip_dag']) retrieved from /home/airflow/.local/lib/python3.7/site-packages/airflow/example_dags/example_skip_dag.py
[2023-09-01T19:50:13.448+0000] {logging_mixin.py:150} INFO - [2023-09-01T19:50:13.447+0000] {dag.py:2742} INFO - Sync 1 DAGs
[2023-09-01T19:50:13.512+0000] {logging_mixin.py:150} INFO - [2023-09-01T19:50:13.512+0000] {dag.py:3508} INFO - Setting next_dagrun for example_skip_dag to 2023-08-31T19:50:13.512180+00:00, run_after=2023-09-01T19:50:13.512180+00:00
[2023-09-01T19:50:13.572+0000] {processor.py:179} INFO - Processing /home/airflow/.local/lib/python3.7/site-packages/airflow/example_dags/example_skip_dag.py took 0.235 seconds
[2023-09-01T19:50:44.148+0000] {processor.py:157} INFO - Started process (PID=2093) to work on /home/airflow/.local/lib/python3.7/site-packages/airflow/example_dags/example_skip_dag.py
[2023-09-01T19:50:44.149+0000] {processor.py:826} INFO - Processing file /home/airflow/.local/lib/python3.7/site-packages/airflow/example_dags/example_skip_dag.py for tasks to queue
[2023-09-01T19:50:44.149+0000] {logging_mixin.py:150} INFO - [2023-09-01T19:50:44.149+0000] {dagbag.py:541} INFO - Filling up the DagBag from /home/airflow/.local/lib/python3.7/site-packages/airflow/example_dags/example_skip_dag.py
[2023-09-01T19:50:44.170+0000] {processor.py:836} INFO - DAG(s) dict_keys(['example_skip_dag']) retrieved from /home/airflow/.local/lib/python3.7/site-packages/airflow/example_dags/example_skip_dag.py
[2023-09-01T19:50:44.200+0000] {logging_mixin.py:150} INFO - [2023-09-01T19:50:44.199+0000] {dag.py:2742} INFO - Sync 1 DAGs
[2023-09-01T19:50:44.221+0000] {logging_mixin.py:150} INFO - [2023-09-01T19:50:44.221+0000] {dag.py:3508} INFO - Setting next_dagrun for example_skip_dag to 2023-08-31T19:50:44.221449+00:00, run_after=2023-09-01T19:50:44.221449+00:00
[2023-09-01T19:50:44.246+0000] {processor.py:179} INFO - Processing /home/airflow/.local/lib/python3.7/site-packages/airflow/example_dags/example_skip_dag.py took 0.104 seconds
[2023-09-01T19:51:15.012+0000] {processor.py:157} INFO - Started process (PID=2147) to work on /home/airflow/.local/lib/python3.7/site-packages/airflow/example_dags/example_skip_dag.py
[2023-09-01T19:51:15.013+0000] {processor.py:826} INFO - Processing file /home/airflow/.local/lib/python3.7/site-packages/airflow/example_dags/example_skip_dag.py for tasks to queue
[2023-09-01T19:51:15.014+0000] {logging_mixin.py:150} INFO - [2023-09-01T19:51:15.014+0000] {dagbag.py:541} INFO - Filling up the DagBag from /home/airflow/.local/lib/python3.7/site-packages/airflow/example_dags/example_skip_dag.py
[2023-09-01T19:51:15.020+0000] {processor.py:836} INFO - DAG(s) dict_keys(['example_skip_dag']) retrieved from /home/airflow/.local/lib/python3.7/site-packages/airflow/example_dags/example_skip_dag.py
[2023-09-01T19:51:15.047+0000] {logging_mixin.py:150} INFO - [2023-09-01T19:51:15.047+0000] {dag.py:2742} INFO - Sync 1 DAGs
[2023-09-01T19:51:15.071+0000] {logging_mixin.py:150} INFO - [2023-09-01T19:51:15.071+0000] {dag.py:3508} INFO - Setting next_dagrun for example_skip_dag to 2023-08-31T19:51:15.070972+00:00, run_after=2023-09-01T19:51:15.070972+00:00
[2023-09-01T19:51:15.088+0000] {processor.py:179} INFO - Processing /home/airflow/.local/lib/python3.7/site-packages/airflow/example_dags/example_skip_dag.py took 0.083 seconds
[2023-09-01T19:51:46.014+0000] {processor.py:157} INFO - Started process (PID=2202) to work on /home/airflow/.local/lib/python3.7/site-packages/airflow/example_dags/example_skip_dag.py
[2023-09-01T19:51:46.014+0000] {processor.py:826} INFO - Processing file /home/airflow/.local/lib/python3.7/site-packages/airflow/example_dags/example_skip_dag.py for tasks to queue
[2023-09-01T19:51:46.015+0000] {logging_mixin.py:150} INFO - [2023-09-01T19:51:46.015+0000] {dagbag.py:541} INFO - Filling up the DagBag from /home/airflow/.local/lib/python3.7/site-packages/airflow/example_dags/example_skip_dag.py
[2023-09-01T19:51:46.022+0000] {processor.py:836} INFO - DAG(s) dict_keys(['example_skip_dag']) retrieved from /home/airflow/.local/lib/python3.7/site-packages/airflow/example_dags/example_skip_dag.py
[2023-09-01T19:51:46.049+0000] {logging_mixin.py:150} INFO - [2023-09-01T19:51:46.049+0000] {dag.py:2742} INFO - Sync 1 DAGs
[2023-09-01T19:51:46.070+0000] {logging_mixin.py:150} INFO - [2023-09-01T19:51:46.069+0000] {dag.py:3508} INFO - Setting next_dagrun for example_skip_dag to 2023-08-31T19:51:46.069634+00:00, run_after=2023-09-01T19:51:46.069634+00:00
[2023-09-01T19:51:46.086+0000] {processor.py:179} INFO - Processing /home/airflow/.local/lib/python3.7/site-packages/airflow/example_dags/example_skip_dag.py took 0.076 seconds
[2023-09-01T19:52:16.321+0000] {processor.py:157} INFO - Started process (PID=2256) to work on /home/airflow/.local/lib/python3.7/site-packages/airflow/example_dags/example_skip_dag.py
[2023-09-01T19:52:16.323+0000] {processor.py:826} INFO - Processing file /home/airflow/.local/lib/python3.7/site-packages/airflow/example_dags/example_skip_dag.py for tasks to queue
[2023-09-01T19:52:16.323+0000] {logging_mixin.py:150} INFO - [2023-09-01T19:52:16.323+0000] {dagbag.py:541} INFO - Filling up the DagBag from /home/airflow/.local/lib/python3.7/site-packages/airflow/example_dags/example_skip_dag.py
[2023-09-01T19:52:16.337+0000] {processor.py:836} INFO - DAG(s) dict_keys(['example_skip_dag']) retrieved from /home/airflow/.local/lib/python3.7/site-packages/airflow/example_dags/example_skip_dag.py
[2023-09-01T19:52:16.376+0000] {logging_mixin.py:150} INFO - [2023-09-01T19:52:16.374+0000] {dag.py:2742} INFO - Sync 1 DAGs
[2023-09-01T19:52:16.419+0000] {logging_mixin.py:150} INFO - [2023-09-01T19:52:16.419+0000] {dag.py:3508} INFO - Setting next_dagrun for example_skip_dag to 2023-08-31T19:52:16.419511+00:00, run_after=2023-09-01T19:52:16.419511+00:00
[2023-09-01T19:52:16.450+0000] {processor.py:179} INFO - Processing /home/airflow/.local/lib/python3.7/site-packages/airflow/example_dags/example_skip_dag.py took 0.133 seconds
[2023-09-01T19:52:47.059+0000] {processor.py:157} INFO - Started process (PID=2311) to work on /home/airflow/.local/lib/python3.7/site-packages/airflow/example_dags/example_skip_dag.py
[2023-09-01T19:52:47.060+0000] {processor.py:826} INFO - Processing file /home/airflow/.local/lib/python3.7/site-packages/airflow/example_dags/example_skip_dag.py for tasks to queue
[2023-09-01T19:52:47.060+0000] {logging_mixin.py:150} INFO - [2023-09-01T19:52:47.060+0000] {dagbag.py:541} INFO - Filling up the DagBag from /home/airflow/.local/lib/python3.7/site-packages/airflow/example_dags/example_skip_dag.py
[2023-09-01T19:52:47.068+0000] {processor.py:836} INFO - DAG(s) dict_keys(['example_skip_dag']) retrieved from /home/airflow/.local/lib/python3.7/site-packages/airflow/example_dags/example_skip_dag.py
[2023-09-01T19:52:47.094+0000] {logging_mixin.py:150} INFO - [2023-09-01T19:52:47.093+0000] {dag.py:2742} INFO - Sync 1 DAGs
[2023-09-01T19:52:47.117+0000] {logging_mixin.py:150} INFO - [2023-09-01T19:52:47.116+0000] {dag.py:3508} INFO - Setting next_dagrun for example_skip_dag to 2023-08-31T19:52:47.116759+00:00, run_after=2023-09-01T19:52:47.116759+00:00
[2023-09-01T19:52:47.137+0000] {processor.py:179} INFO - Processing /home/airflow/.local/lib/python3.7/site-packages/airflow/example_dags/example_skip_dag.py took 0.082 seconds
[2023-09-01T19:53:17.526+0000] {processor.py:157} INFO - Started process (PID=2366) to work on /home/airflow/.local/lib/python3.7/site-packages/airflow/example_dags/example_skip_dag.py
[2023-09-01T19:53:17.527+0000] {processor.py:826} INFO - Processing file /home/airflow/.local/lib/python3.7/site-packages/airflow/example_dags/example_skip_dag.py for tasks to queue
[2023-09-01T19:53:17.527+0000] {logging_mixin.py:150} INFO - [2023-09-01T19:53:17.527+0000] {dagbag.py:541} INFO - Filling up the DagBag from /home/airflow/.local/lib/python3.7/site-packages/airflow/example_dags/example_skip_dag.py
[2023-09-01T19:53:17.535+0000] {processor.py:836} INFO - DAG(s) dict_keys(['example_skip_dag']) retrieved from /home/airflow/.local/lib/python3.7/site-packages/airflow/example_dags/example_skip_dag.py
[2023-09-01T19:53:17.561+0000] {logging_mixin.py:150} INFO - [2023-09-01T19:53:17.560+0000] {dag.py:2742} INFO - Sync 1 DAGs
[2023-09-01T19:53:17.587+0000] {logging_mixin.py:150} INFO - [2023-09-01T19:53:17.587+0000] {dag.py:3508} INFO - Setting next_dagrun for example_skip_dag to 2023-08-31T19:53:17.587102+00:00, run_after=2023-09-01T19:53:17.587102+00:00
[2023-09-01T19:53:17.605+0000] {processor.py:179} INFO - Processing /home/airflow/.local/lib/python3.7/site-packages/airflow/example_dags/example_skip_dag.py took 0.084 seconds
[2023-09-01T19:53:48.200+0000] {processor.py:157} INFO - Started process (PID=2421) to work on /home/airflow/.local/lib/python3.7/site-packages/airflow/example_dags/example_skip_dag.py
[2023-09-01T19:53:48.201+0000] {processor.py:826} INFO - Processing file /home/airflow/.local/lib/python3.7/site-packages/airflow/example_dags/example_skip_dag.py for tasks to queue
[2023-09-01T19:53:48.202+0000] {logging_mixin.py:150} INFO - [2023-09-01T19:53:48.201+0000] {dagbag.py:541} INFO - Filling up the DagBag from /home/airflow/.local/lib/python3.7/site-packages/airflow/example_dags/example_skip_dag.py
[2023-09-01T19:53:48.208+0000] {processor.py:836} INFO - DAG(s) dict_keys(['example_skip_dag']) retrieved from /home/airflow/.local/lib/python3.7/site-packages/airflow/example_dags/example_skip_dag.py
[2023-09-01T19:53:48.234+0000] {logging_mixin.py:150} INFO - [2023-09-01T19:53:48.234+0000] {dag.py:2742} INFO - Sync 1 DAGs
[2023-09-01T19:53:48.261+0000] {logging_mixin.py:150} INFO - [2023-09-01T19:53:48.260+0000] {dag.py:3508} INFO - Setting next_dagrun for example_skip_dag to 2023-08-31T19:53:48.260556+00:00, run_after=2023-09-01T19:53:48.260556+00:00
[2023-09-01T19:53:48.278+0000] {processor.py:179} INFO - Processing /home/airflow/.local/lib/python3.7/site-packages/airflow/example_dags/example_skip_dag.py took 0.081 seconds
[2023-09-01T19:54:19.478+0000] {processor.py:157} INFO - Started process (PID=2476) to work on /home/airflow/.local/lib/python3.7/site-packages/airflow/example_dags/example_skip_dag.py
[2023-09-01T19:54:19.479+0000] {processor.py:826} INFO - Processing file /home/airflow/.local/lib/python3.7/site-packages/airflow/example_dags/example_skip_dag.py for tasks to queue
[2023-09-01T19:54:19.480+0000] {logging_mixin.py:150} INFO - [2023-09-01T19:54:19.480+0000] {dagbag.py:541} INFO - Filling up the DagBag from /home/airflow/.local/lib/python3.7/site-packages/airflow/example_dags/example_skip_dag.py
[2023-09-01T19:54:19.495+0000] {processor.py:836} INFO - DAG(s) dict_keys(['example_skip_dag']) retrieved from /home/airflow/.local/lib/python3.7/site-packages/airflow/example_dags/example_skip_dag.py
[2023-09-01T19:54:19.519+0000] {logging_mixin.py:150} INFO - [2023-09-01T19:54:19.519+0000] {dag.py:2742} INFO - Sync 1 DAGs
[2023-09-01T19:54:19.544+0000] {logging_mixin.py:150} INFO - [2023-09-01T19:54:19.543+0000] {dag.py:3508} INFO - Setting next_dagrun for example_skip_dag to 2023-08-31T19:54:19.543294+00:00, run_after=2023-09-01T19:54:19.543294+00:00
[2023-09-01T19:54:19.568+0000] {processor.py:179} INFO - Processing /home/airflow/.local/lib/python3.7/site-packages/airflow/example_dags/example_skip_dag.py took 0.095 seconds
[2023-09-01T19:54:50.563+0000] {processor.py:157} INFO - Started process (PID=2531) to work on /home/airflow/.local/lib/python3.7/site-packages/airflow/example_dags/example_skip_dag.py
[2023-09-01T19:54:50.564+0000] {processor.py:826} INFO - Processing file /home/airflow/.local/lib/python3.7/site-packages/airflow/example_dags/example_skip_dag.py for tasks to queue
[2023-09-01T19:54:50.564+0000] {logging_mixin.py:150} INFO - [2023-09-01T19:54:50.564+0000] {dagbag.py:541} INFO - Filling up the DagBag from /home/airflow/.local/lib/python3.7/site-packages/airflow/example_dags/example_skip_dag.py
[2023-09-01T19:54:50.572+0000] {processor.py:836} INFO - DAG(s) dict_keys(['example_skip_dag']) retrieved from /home/airflow/.local/lib/python3.7/site-packages/airflow/example_dags/example_skip_dag.py
[2023-09-01T19:54:50.609+0000] {logging_mixin.py:150} INFO - [2023-09-01T19:54:50.609+0000] {dag.py:2742} INFO - Sync 1 DAGs
[2023-09-01T19:54:50.631+0000] {logging_mixin.py:150} INFO - [2023-09-01T19:54:50.631+0000] {dag.py:3508} INFO - Setting next_dagrun for example_skip_dag to 2023-08-31T19:54:50.631482+00:00, run_after=2023-09-01T19:54:50.631482+00:00
[2023-09-01T19:54:50.649+0000] {processor.py:179} INFO - Processing /home/airflow/.local/lib/python3.7/site-packages/airflow/example_dags/example_skip_dag.py took 0.090 seconds
