[2023-09-01T19:31:56.607+0000] {processor.py:157} INFO - Started process (PID=66) to work on /home/airflow/.local/lib/python3.7/site-packages/airflow/example_dags/example_dynamic_task_mapping_with_no_taskflow_operators.py
[2023-09-01T19:31:56.610+0000] {processor.py:826} INFO - Processing file /home/airflow/.local/lib/python3.7/site-packages/airflow/example_dags/example_dynamic_task_mapping_with_no_taskflow_operators.py for tasks to queue
[2023-09-01T19:31:56.615+0000] {logging_mixin.py:150} INFO - [2023-09-01T19:31:56.615+0000] {dagbag.py:541} INFO - Filling up the DagBag from /home/airflow/.local/lib/python3.7/site-packages/airflow/example_dags/example_dynamic_task_mapping_with_no_taskflow_operators.py
[2023-09-01T19:31:56.839+0000] {processor.py:836} INFO - DAG(s) dict_keys(['example_dynamic_task_mapping_with_no_taskflow_operators']) retrieved from /home/airflow/.local/lib/python3.7/site-packages/airflow/example_dags/example_dynamic_task_mapping_with_no_taskflow_operators.py
[2023-09-01T19:31:56.919+0000] {logging_mixin.py:150} INFO - [2023-09-01T19:31:56.919+0000] {dag.py:2742} INFO - Sync 1 DAGs
[2023-09-01T19:31:56.981+0000] {logging_mixin.py:150} INFO - [2023-09-01T19:31:56.981+0000] {dag.py:3508} INFO - Setting next_dagrun for example_dynamic_task_mapping_with_no_taskflow_operators to 2023-08-31T19:31:56.980200+00:00, run_after=2023-09-01T19:31:56.980200+00:00
[2023-09-01T19:31:57.035+0000] {processor.py:179} INFO - Processing /home/airflow/.local/lib/python3.7/site-packages/airflow/example_dags/example_dynamic_task_mapping_with_no_taskflow_operators.py took 0.431 seconds
[2023-09-01T19:32:27.200+0000] {processor.py:157} INFO - Started process (PID=122) to work on /home/airflow/.local/lib/python3.7/site-packages/airflow/example_dags/example_dynamic_task_mapping_with_no_taskflow_operators.py
[2023-09-01T19:32:27.201+0000] {processor.py:826} INFO - Processing file /home/airflow/.local/lib/python3.7/site-packages/airflow/example_dags/example_dynamic_task_mapping_with_no_taskflow_operators.py for tasks to queue
[2023-09-01T19:32:27.201+0000] {logging_mixin.py:150} INFO - [2023-09-01T19:32:27.201+0000] {dagbag.py:541} INFO - Filling up the DagBag from /home/airflow/.local/lib/python3.7/site-packages/airflow/example_dags/example_dynamic_task_mapping_with_no_taskflow_operators.py
[2023-09-01T19:32:27.207+0000] {processor.py:836} INFO - DAG(s) dict_keys(['example_dynamic_task_mapping_with_no_taskflow_operators']) retrieved from /home/airflow/.local/lib/python3.7/site-packages/airflow/example_dags/example_dynamic_task_mapping_with_no_taskflow_operators.py
[2023-09-01T19:32:27.228+0000] {logging_mixin.py:150} INFO - [2023-09-01T19:32:27.227+0000] {dag.py:2742} INFO - Sync 1 DAGs
[2023-09-01T19:32:27.247+0000] {logging_mixin.py:150} INFO - [2023-09-01T19:32:27.247+0000] {dag.py:3508} INFO - Setting next_dagrun for example_dynamic_task_mapping_with_no_taskflow_operators to 2023-08-31T19:32:27.247044+00:00, run_after=2023-09-01T19:32:27.247044+00:00
[2023-09-01T19:32:27.262+0000] {processor.py:179} INFO - Processing /home/airflow/.local/lib/python3.7/site-packages/airflow/example_dags/example_dynamic_task_mapping_with_no_taskflow_operators.py took 0.066 seconds
[2023-09-01T19:32:58.094+0000] {processor.py:157} INFO - Started process (PID=177) to work on /home/airflow/.local/lib/python3.7/site-packages/airflow/example_dags/example_dynamic_task_mapping_with_no_taskflow_operators.py
[2023-09-01T19:32:58.095+0000] {processor.py:826} INFO - Processing file /home/airflow/.local/lib/python3.7/site-packages/airflow/example_dags/example_dynamic_task_mapping_with_no_taskflow_operators.py for tasks to queue
[2023-09-01T19:32:58.096+0000] {logging_mixin.py:150} INFO - [2023-09-01T19:32:58.095+0000] {dagbag.py:541} INFO - Filling up the DagBag from /home/airflow/.local/lib/python3.7/site-packages/airflow/example_dags/example_dynamic_task_mapping_with_no_taskflow_operators.py
[2023-09-01T19:32:58.102+0000] {processor.py:836} INFO - DAG(s) dict_keys(['example_dynamic_task_mapping_with_no_taskflow_operators']) retrieved from /home/airflow/.local/lib/python3.7/site-packages/airflow/example_dags/example_dynamic_task_mapping_with_no_taskflow_operators.py
[2023-09-01T19:32:58.121+0000] {logging_mixin.py:150} INFO - [2023-09-01T19:32:58.121+0000] {dag.py:2742} INFO - Sync 1 DAGs
[2023-09-01T19:32:58.141+0000] {logging_mixin.py:150} INFO - [2023-09-01T19:32:58.141+0000] {dag.py:3508} INFO - Setting next_dagrun for example_dynamic_task_mapping_with_no_taskflow_operators to 2023-08-31T19:32:58.141111+00:00, run_after=2023-09-01T19:32:58.141111+00:00
[2023-09-01T19:32:58.160+0000] {processor.py:179} INFO - Processing /home/airflow/.local/lib/python3.7/site-packages/airflow/example_dags/example_dynamic_task_mapping_with_no_taskflow_operators.py took 0.069 seconds
[2023-09-01T19:33:28.475+0000] {processor.py:157} INFO - Started process (PID=232) to work on /home/airflow/.local/lib/python3.7/site-packages/airflow/example_dags/example_dynamic_task_mapping_with_no_taskflow_operators.py
[2023-09-01T19:33:28.475+0000] {processor.py:826} INFO - Processing file /home/airflow/.local/lib/python3.7/site-packages/airflow/example_dags/example_dynamic_task_mapping_with_no_taskflow_operators.py for tasks to queue
[2023-09-01T19:33:28.476+0000] {logging_mixin.py:150} INFO - [2023-09-01T19:33:28.476+0000] {dagbag.py:541} INFO - Filling up the DagBag from /home/airflow/.local/lib/python3.7/site-packages/airflow/example_dags/example_dynamic_task_mapping_with_no_taskflow_operators.py
[2023-09-01T19:33:28.482+0000] {processor.py:836} INFO - DAG(s) dict_keys(['example_dynamic_task_mapping_with_no_taskflow_operators']) retrieved from /home/airflow/.local/lib/python3.7/site-packages/airflow/example_dags/example_dynamic_task_mapping_with_no_taskflow_operators.py
[2023-09-01T19:33:28.520+0000] {logging_mixin.py:150} INFO - [2023-09-01T19:33:28.520+0000] {dag.py:2742} INFO - Sync 1 DAGs
[2023-09-01T19:33:28.553+0000] {logging_mixin.py:150} INFO - [2023-09-01T19:33:28.553+0000] {dag.py:3508} INFO - Setting next_dagrun for example_dynamic_task_mapping_with_no_taskflow_operators to 2023-08-31T19:33:28.553142+00:00, run_after=2023-09-01T19:33:28.553142+00:00
[2023-09-01T19:33:28.585+0000] {processor.py:179} INFO - Processing /home/airflow/.local/lib/python3.7/site-packages/airflow/example_dags/example_dynamic_task_mapping_with_no_taskflow_operators.py took 0.113 seconds
[2023-09-01T19:33:58.928+0000] {processor.py:157} INFO - Started process (PID=294) to work on /home/airflow/.local/lib/python3.7/site-packages/airflow/example_dags/example_dynamic_task_mapping_with_no_taskflow_operators.py
[2023-09-01T19:33:58.929+0000] {processor.py:826} INFO - Processing file /home/airflow/.local/lib/python3.7/site-packages/airflow/example_dags/example_dynamic_task_mapping_with_no_taskflow_operators.py for tasks to queue
[2023-09-01T19:33:58.930+0000] {logging_mixin.py:150} INFO - [2023-09-01T19:33:58.930+0000] {dagbag.py:541} INFO - Filling up the DagBag from /home/airflow/.local/lib/python3.7/site-packages/airflow/example_dags/example_dynamic_task_mapping_with_no_taskflow_operators.py
[2023-09-01T19:33:58.938+0000] {processor.py:836} INFO - DAG(s) dict_keys(['example_dynamic_task_mapping_with_no_taskflow_operators']) retrieved from /home/airflow/.local/lib/python3.7/site-packages/airflow/example_dags/example_dynamic_task_mapping_with_no_taskflow_operators.py
[2023-09-01T19:33:58.966+0000] {logging_mixin.py:150} INFO - [2023-09-01T19:33:58.966+0000] {dag.py:2742} INFO - Sync 1 DAGs
[2023-09-01T19:33:58.987+0000] {logging_mixin.py:150} INFO - [2023-09-01T19:33:58.987+0000] {dag.py:3508} INFO - Setting next_dagrun for example_dynamic_task_mapping_with_no_taskflow_operators to 2023-08-31T19:33:58.987391+00:00, run_after=2023-09-01T19:33:58.987391+00:00
[2023-09-01T19:33:59.002+0000] {processor.py:179} INFO - Processing /home/airflow/.local/lib/python3.7/site-packages/airflow/example_dags/example_dynamic_task_mapping_with_no_taskflow_operators.py took 0.078 seconds
[2023-09-01T19:34:29.242+0000] {processor.py:157} INFO - Started process (PID=349) to work on /home/airflow/.local/lib/python3.7/site-packages/airflow/example_dags/example_dynamic_task_mapping_with_no_taskflow_operators.py
[2023-09-01T19:34:29.244+0000] {processor.py:826} INFO - Processing file /home/airflow/.local/lib/python3.7/site-packages/airflow/example_dags/example_dynamic_task_mapping_with_no_taskflow_operators.py for tasks to queue
[2023-09-01T19:34:29.244+0000] {logging_mixin.py:150} INFO - [2023-09-01T19:34:29.244+0000] {dagbag.py:541} INFO - Filling up the DagBag from /home/airflow/.local/lib/python3.7/site-packages/airflow/example_dags/example_dynamic_task_mapping_with_no_taskflow_operators.py
[2023-09-01T19:34:29.250+0000] {processor.py:836} INFO - DAG(s) dict_keys(['example_dynamic_task_mapping_with_no_taskflow_operators']) retrieved from /home/airflow/.local/lib/python3.7/site-packages/airflow/example_dags/example_dynamic_task_mapping_with_no_taskflow_operators.py
[2023-09-01T19:34:29.271+0000] {logging_mixin.py:150} INFO - [2023-09-01T19:34:29.270+0000] {dag.py:2742} INFO - Sync 1 DAGs
[2023-09-01T19:34:29.290+0000] {logging_mixin.py:150} INFO - [2023-09-01T19:34:29.290+0000] {dag.py:3508} INFO - Setting next_dagrun for example_dynamic_task_mapping_with_no_taskflow_operators to 2023-08-31T19:34:29.290250+00:00, run_after=2023-09-01T19:34:29.290250+00:00
[2023-09-01T19:34:29.306+0000] {processor.py:179} INFO - Processing /home/airflow/.local/lib/python3.7/site-packages/airflow/example_dags/example_dynamic_task_mapping_with_no_taskflow_operators.py took 0.067 seconds
[2023-09-01T19:34:59.585+0000] {processor.py:157} INFO - Started process (PID=404) to work on /home/airflow/.local/lib/python3.7/site-packages/airflow/example_dags/example_dynamic_task_mapping_with_no_taskflow_operators.py
[2023-09-01T19:34:59.586+0000] {processor.py:826} INFO - Processing file /home/airflow/.local/lib/python3.7/site-packages/airflow/example_dags/example_dynamic_task_mapping_with_no_taskflow_operators.py for tasks to queue
[2023-09-01T19:34:59.587+0000] {logging_mixin.py:150} INFO - [2023-09-01T19:34:59.587+0000] {dagbag.py:541} INFO - Filling up the DagBag from /home/airflow/.local/lib/python3.7/site-packages/airflow/example_dags/example_dynamic_task_mapping_with_no_taskflow_operators.py
[2023-09-01T19:34:59.593+0000] {processor.py:836} INFO - DAG(s) dict_keys(['example_dynamic_task_mapping_with_no_taskflow_operators']) retrieved from /home/airflow/.local/lib/python3.7/site-packages/airflow/example_dags/example_dynamic_task_mapping_with_no_taskflow_operators.py
[2023-09-01T19:34:59.614+0000] {logging_mixin.py:150} INFO - [2023-09-01T19:34:59.614+0000] {dag.py:2742} INFO - Sync 1 DAGs
[2023-09-01T19:34:59.637+0000] {logging_mixin.py:150} INFO - [2023-09-01T19:34:59.636+0000] {dag.py:3508} INFO - Setting next_dagrun for example_dynamic_task_mapping_with_no_taskflow_operators to 2023-08-31T19:34:59.636697+00:00, run_after=2023-09-01T19:34:59.636697+00:00
[2023-09-01T19:34:59.654+0000] {processor.py:179} INFO - Processing /home/airflow/.local/lib/python3.7/site-packages/airflow/example_dags/example_dynamic_task_mapping_with_no_taskflow_operators.py took 0.072 seconds
[2023-09-01T19:35:29.774+0000] {processor.py:157} INFO - Started process (PID=459) to work on /home/airflow/.local/lib/python3.7/site-packages/airflow/example_dags/example_dynamic_task_mapping_with_no_taskflow_operators.py
[2023-09-01T19:35:29.774+0000] {processor.py:826} INFO - Processing file /home/airflow/.local/lib/python3.7/site-packages/airflow/example_dags/example_dynamic_task_mapping_with_no_taskflow_operators.py for tasks to queue
[2023-09-01T19:35:29.775+0000] {logging_mixin.py:150} INFO - [2023-09-01T19:35:29.775+0000] {dagbag.py:541} INFO - Filling up the DagBag from /home/airflow/.local/lib/python3.7/site-packages/airflow/example_dags/example_dynamic_task_mapping_with_no_taskflow_operators.py
[2023-09-01T19:35:29.785+0000] {processor.py:836} INFO - DAG(s) dict_keys(['example_dynamic_task_mapping_with_no_taskflow_operators']) retrieved from /home/airflow/.local/lib/python3.7/site-packages/airflow/example_dags/example_dynamic_task_mapping_with_no_taskflow_operators.py
[2023-09-01T19:35:29.805+0000] {logging_mixin.py:150} INFO - [2023-09-01T19:35:29.805+0000] {dag.py:2742} INFO - Sync 1 DAGs
[2023-09-01T19:35:29.832+0000] {logging_mixin.py:150} INFO - [2023-09-01T19:35:29.831+0000] {dag.py:3508} INFO - Setting next_dagrun for example_dynamic_task_mapping_with_no_taskflow_operators to 2023-08-31T19:35:29.831745+00:00, run_after=2023-09-01T19:35:29.831745+00:00
[2023-09-01T19:35:29.854+0000] {processor.py:179} INFO - Processing /home/airflow/.local/lib/python3.7/site-packages/airflow/example_dags/example_dynamic_task_mapping_with_no_taskflow_operators.py took 0.083 seconds
[2023-09-01T19:36:02.471+0000] {processor.py:157} INFO - Started process (PID=514) to work on /home/airflow/.local/lib/python3.7/site-packages/airflow/example_dags/example_dynamic_task_mapping_with_no_taskflow_operators.py
[2023-09-01T19:36:02.475+0000] {processor.py:826} INFO - Processing file /home/airflow/.local/lib/python3.7/site-packages/airflow/example_dags/example_dynamic_task_mapping_with_no_taskflow_operators.py for tasks to queue
[2023-09-01T19:36:02.476+0000] {logging_mixin.py:150} INFO - [2023-09-01T19:36:02.476+0000] {dagbag.py:541} INFO - Filling up the DagBag from /home/airflow/.local/lib/python3.7/site-packages/airflow/example_dags/example_dynamic_task_mapping_with_no_taskflow_operators.py
[2023-09-01T19:36:02.490+0000] {processor.py:836} INFO - DAG(s) dict_keys(['example_dynamic_task_mapping_with_no_taskflow_operators']) retrieved from /home/airflow/.local/lib/python3.7/site-packages/airflow/example_dags/example_dynamic_task_mapping_with_no_taskflow_operators.py
[2023-09-01T19:36:02.550+0000] {logging_mixin.py:150} INFO - [2023-09-01T19:36:02.549+0000] {dag.py:2742} INFO - Sync 1 DAGs
[2023-09-01T19:36:02.590+0000] {logging_mixin.py:150} INFO - [2023-09-01T19:36:02.590+0000] {dag.py:3508} INFO - Setting next_dagrun for example_dynamic_task_mapping_with_no_taskflow_operators to 2023-08-31T19:36:02.590394+00:00, run_after=2023-09-01T19:36:02.590394+00:00
[2023-09-01T19:36:02.611+0000] {processor.py:179} INFO - Processing /home/airflow/.local/lib/python3.7/site-packages/airflow/example_dags/example_dynamic_task_mapping_with_no_taskflow_operators.py took 0.144 seconds
[2023-09-01T19:36:32.819+0000] {processor.py:157} INFO - Started process (PID=569) to work on /home/airflow/.local/lib/python3.7/site-packages/airflow/example_dags/example_dynamic_task_mapping_with_no_taskflow_operators.py
[2023-09-01T19:36:32.820+0000] {processor.py:826} INFO - Processing file /home/airflow/.local/lib/python3.7/site-packages/airflow/example_dags/example_dynamic_task_mapping_with_no_taskflow_operators.py for tasks to queue
[2023-09-01T19:36:32.820+0000] {logging_mixin.py:150} INFO - [2023-09-01T19:36:32.820+0000] {dagbag.py:541} INFO - Filling up the DagBag from /home/airflow/.local/lib/python3.7/site-packages/airflow/example_dags/example_dynamic_task_mapping_with_no_taskflow_operators.py
[2023-09-01T19:36:32.826+0000] {processor.py:836} INFO - DAG(s) dict_keys(['example_dynamic_task_mapping_with_no_taskflow_operators']) retrieved from /home/airflow/.local/lib/python3.7/site-packages/airflow/example_dags/example_dynamic_task_mapping_with_no_taskflow_operators.py
[2023-09-01T19:36:32.847+0000] {logging_mixin.py:150} INFO - [2023-09-01T19:36:32.847+0000] {dag.py:2742} INFO - Sync 1 DAGs
[2023-09-01T19:36:32.867+0000] {logging_mixin.py:150} INFO - [2023-09-01T19:36:32.867+0000] {dag.py:3508} INFO - Setting next_dagrun for example_dynamic_task_mapping_with_no_taskflow_operators to 2023-08-31T19:36:32.867016+00:00, run_after=2023-09-01T19:36:32.867016+00:00
[2023-09-01T19:36:32.883+0000] {processor.py:179} INFO - Processing /home/airflow/.local/lib/python3.7/site-packages/airflow/example_dags/example_dynamic_task_mapping_with_no_taskflow_operators.py took 0.067 seconds
[2023-09-01T19:37:04.314+0000] {processor.py:157} INFO - Started process (PID=624) to work on /home/airflow/.local/lib/python3.7/site-packages/airflow/example_dags/example_dynamic_task_mapping_with_no_taskflow_operators.py
[2023-09-01T19:37:04.321+0000] {processor.py:826} INFO - Processing file /home/airflow/.local/lib/python3.7/site-packages/airflow/example_dags/example_dynamic_task_mapping_with_no_taskflow_operators.py for tasks to queue
[2023-09-01T19:37:04.323+0000] {logging_mixin.py:150} INFO - [2023-09-01T19:37:04.322+0000] {dagbag.py:541} INFO - Filling up the DagBag from /home/airflow/.local/lib/python3.7/site-packages/airflow/example_dags/example_dynamic_task_mapping_with_no_taskflow_operators.py
[2023-09-01T19:37:04.332+0000] {processor.py:836} INFO - DAG(s) dict_keys(['example_dynamic_task_mapping_with_no_taskflow_operators']) retrieved from /home/airflow/.local/lib/python3.7/site-packages/airflow/example_dags/example_dynamic_task_mapping_with_no_taskflow_operators.py
[2023-09-01T19:37:04.397+0000] {logging_mixin.py:150} INFO - [2023-09-01T19:37:04.396+0000] {dag.py:2742} INFO - Sync 1 DAGs
[2023-09-01T19:37:04.461+0000] {logging_mixin.py:150} INFO - [2023-09-01T19:37:04.461+0000] {dag.py:3508} INFO - Setting next_dagrun for example_dynamic_task_mapping_with_no_taskflow_operators to 2023-08-31T19:37:04.459681+00:00, run_after=2023-09-01T19:37:04.459681+00:00
[2023-09-01T19:37:04.543+0000] {processor.py:179} INFO - Processing /home/airflow/.local/lib/python3.7/site-packages/airflow/example_dags/example_dynamic_task_mapping_with_no_taskflow_operators.py took 0.240 seconds
[2023-09-01T19:37:34.851+0000] {processor.py:157} INFO - Started process (PID=679) to work on /home/airflow/.local/lib/python3.7/site-packages/airflow/example_dags/example_dynamic_task_mapping_with_no_taskflow_operators.py
[2023-09-01T19:37:34.852+0000] {processor.py:826} INFO - Processing file /home/airflow/.local/lib/python3.7/site-packages/airflow/example_dags/example_dynamic_task_mapping_with_no_taskflow_operators.py for tasks to queue
[2023-09-01T19:37:34.852+0000] {logging_mixin.py:150} INFO - [2023-09-01T19:37:34.852+0000] {dagbag.py:541} INFO - Filling up the DagBag from /home/airflow/.local/lib/python3.7/site-packages/airflow/example_dags/example_dynamic_task_mapping_with_no_taskflow_operators.py
[2023-09-01T19:37:34.859+0000] {processor.py:836} INFO - DAG(s) dict_keys(['example_dynamic_task_mapping_with_no_taskflow_operators']) retrieved from /home/airflow/.local/lib/python3.7/site-packages/airflow/example_dags/example_dynamic_task_mapping_with_no_taskflow_operators.py
[2023-09-01T19:37:34.882+0000] {logging_mixin.py:150} INFO - [2023-09-01T19:37:34.882+0000] {dag.py:2742} INFO - Sync 1 DAGs
[2023-09-01T19:37:34.903+0000] {logging_mixin.py:150} INFO - [2023-09-01T19:37:34.903+0000] {dag.py:3508} INFO - Setting next_dagrun for example_dynamic_task_mapping_with_no_taskflow_operators to 2023-08-31T19:37:34.903134+00:00, run_after=2023-09-01T19:37:34.903134+00:00
[2023-09-01T19:37:34.922+0000] {processor.py:179} INFO - Processing /home/airflow/.local/lib/python3.7/site-packages/airflow/example_dags/example_dynamic_task_mapping_with_no_taskflow_operators.py took 0.077 seconds
[2023-09-01T19:38:05.478+0000] {processor.py:157} INFO - Started process (PID=734) to work on /home/airflow/.local/lib/python3.7/site-packages/airflow/example_dags/example_dynamic_task_mapping_with_no_taskflow_operators.py
[2023-09-01T19:38:05.482+0000] {processor.py:826} INFO - Processing file /home/airflow/.local/lib/python3.7/site-packages/airflow/example_dags/example_dynamic_task_mapping_with_no_taskflow_operators.py for tasks to queue
[2023-09-01T19:38:05.483+0000] {logging_mixin.py:150} INFO - [2023-09-01T19:38:05.483+0000] {dagbag.py:541} INFO - Filling up the DagBag from /home/airflow/.local/lib/python3.7/site-packages/airflow/example_dags/example_dynamic_task_mapping_with_no_taskflow_operators.py
[2023-09-01T19:38:05.502+0000] {processor.py:836} INFO - DAG(s) dict_keys(['example_dynamic_task_mapping_with_no_taskflow_operators']) retrieved from /home/airflow/.local/lib/python3.7/site-packages/airflow/example_dags/example_dynamic_task_mapping_with_no_taskflow_operators.py
[2023-09-01T19:38:05.544+0000] {logging_mixin.py:150} INFO - [2023-09-01T19:38:05.544+0000] {dag.py:2742} INFO - Sync 1 DAGs
[2023-09-01T19:38:05.575+0000] {logging_mixin.py:150} INFO - [2023-09-01T19:38:05.575+0000] {dag.py:3508} INFO - Setting next_dagrun for example_dynamic_task_mapping_with_no_taskflow_operators to 2023-08-31T19:38:05.575057+00:00, run_after=2023-09-01T19:38:05.575057+00:00
[2023-09-01T19:38:05.612+0000] {processor.py:179} INFO - Processing /home/airflow/.local/lib/python3.7/site-packages/airflow/example_dags/example_dynamic_task_mapping_with_no_taskflow_operators.py took 0.155 seconds
[2023-09-01T19:38:35.701+0000] {processor.py:157} INFO - Started process (PID=789) to work on /home/airflow/.local/lib/python3.7/site-packages/airflow/example_dags/example_dynamic_task_mapping_with_no_taskflow_operators.py
[2023-09-01T19:38:35.702+0000] {processor.py:826} INFO - Processing file /home/airflow/.local/lib/python3.7/site-packages/airflow/example_dags/example_dynamic_task_mapping_with_no_taskflow_operators.py for tasks to queue
[2023-09-01T19:38:35.703+0000] {logging_mixin.py:150} INFO - [2023-09-01T19:38:35.703+0000] {dagbag.py:541} INFO - Filling up the DagBag from /home/airflow/.local/lib/python3.7/site-packages/airflow/example_dags/example_dynamic_task_mapping_with_no_taskflow_operators.py
[2023-09-01T19:38:35.709+0000] {processor.py:836} INFO - DAG(s) dict_keys(['example_dynamic_task_mapping_with_no_taskflow_operators']) retrieved from /home/airflow/.local/lib/python3.7/site-packages/airflow/example_dags/example_dynamic_task_mapping_with_no_taskflow_operators.py
[2023-09-01T19:38:35.731+0000] {logging_mixin.py:150} INFO - [2023-09-01T19:38:35.731+0000] {dag.py:2742} INFO - Sync 1 DAGs
[2023-09-01T19:38:35.754+0000] {logging_mixin.py:150} INFO - [2023-09-01T19:38:35.753+0000] {dag.py:3508} INFO - Setting next_dagrun for example_dynamic_task_mapping_with_no_taskflow_operators to 2023-08-31T19:38:35.753743+00:00, run_after=2023-09-01T19:38:35.753743+00:00
[2023-09-01T19:38:35.768+0000] {processor.py:179} INFO - Processing /home/airflow/.local/lib/python3.7/site-packages/airflow/example_dags/example_dynamic_task_mapping_with_no_taskflow_operators.py took 0.069 seconds
[2023-09-01T19:39:06.321+0000] {processor.py:157} INFO - Started process (PID=843) to work on /home/airflow/.local/lib/python3.7/site-packages/airflow/example_dags/example_dynamic_task_mapping_with_no_taskflow_operators.py
[2023-09-01T19:39:06.325+0000] {processor.py:826} INFO - Processing file /home/airflow/.local/lib/python3.7/site-packages/airflow/example_dags/example_dynamic_task_mapping_with_no_taskflow_operators.py for tasks to queue
[2023-09-01T19:39:06.326+0000] {logging_mixin.py:150} INFO - [2023-09-01T19:39:06.325+0000] {dagbag.py:541} INFO - Filling up the DagBag from /home/airflow/.local/lib/python3.7/site-packages/airflow/example_dags/example_dynamic_task_mapping_with_no_taskflow_operators.py
[2023-09-01T19:39:06.333+0000] {processor.py:836} INFO - DAG(s) dict_keys(['example_dynamic_task_mapping_with_no_taskflow_operators']) retrieved from /home/airflow/.local/lib/python3.7/site-packages/airflow/example_dags/example_dynamic_task_mapping_with_no_taskflow_operators.py
[2023-09-01T19:39:06.382+0000] {logging_mixin.py:150} INFO - [2023-09-01T19:39:06.382+0000] {dag.py:2742} INFO - Sync 1 DAGs
[2023-09-01T19:39:06.406+0000] {logging_mixin.py:150} INFO - [2023-09-01T19:39:06.405+0000] {dag.py:3508} INFO - Setting next_dagrun for example_dynamic_task_mapping_with_no_taskflow_operators to 2023-08-31T19:39:06.405735+00:00, run_after=2023-09-01T19:39:06.405735+00:00
[2023-09-01T19:39:06.423+0000] {processor.py:179} INFO - Processing /home/airflow/.local/lib/python3.7/site-packages/airflow/example_dags/example_dynamic_task_mapping_with_no_taskflow_operators.py took 0.114 seconds
[2023-09-01T19:39:37.335+0000] {processor.py:157} INFO - Started process (PID=898) to work on /home/airflow/.local/lib/python3.7/site-packages/airflow/example_dags/example_dynamic_task_mapping_with_no_taskflow_operators.py
[2023-09-01T19:39:37.336+0000] {processor.py:826} INFO - Processing file /home/airflow/.local/lib/python3.7/site-packages/airflow/example_dags/example_dynamic_task_mapping_with_no_taskflow_operators.py for tasks to queue
[2023-09-01T19:39:37.337+0000] {logging_mixin.py:150} INFO - [2023-09-01T19:39:37.337+0000] {dagbag.py:541} INFO - Filling up the DagBag from /home/airflow/.local/lib/python3.7/site-packages/airflow/example_dags/example_dynamic_task_mapping_with_no_taskflow_operators.py
[2023-09-01T19:39:37.344+0000] {processor.py:836} INFO - DAG(s) dict_keys(['example_dynamic_task_mapping_with_no_taskflow_operators']) retrieved from /home/airflow/.local/lib/python3.7/site-packages/airflow/example_dags/example_dynamic_task_mapping_with_no_taskflow_operators.py
[2023-09-01T19:39:37.367+0000] {logging_mixin.py:150} INFO - [2023-09-01T19:39:37.366+0000] {dag.py:2742} INFO - Sync 1 DAGs
[2023-09-01T19:39:37.389+0000] {logging_mixin.py:150} INFO - [2023-09-01T19:39:37.389+0000] {dag.py:3508} INFO - Setting next_dagrun for example_dynamic_task_mapping_with_no_taskflow_operators to 2023-08-31T19:39:37.389445+00:00, run_after=2023-09-01T19:39:37.389445+00:00
[2023-09-01T19:39:37.415+0000] {processor.py:179} INFO - Processing /home/airflow/.local/lib/python3.7/site-packages/airflow/example_dags/example_dynamic_task_mapping_with_no_taskflow_operators.py took 0.084 seconds
[2023-09-01T19:40:07.686+0000] {processor.py:157} INFO - Started process (PID=953) to work on /home/airflow/.local/lib/python3.7/site-packages/airflow/example_dags/example_dynamic_task_mapping_with_no_taskflow_operators.py
[2023-09-01T19:40:07.686+0000] {processor.py:826} INFO - Processing file /home/airflow/.local/lib/python3.7/site-packages/airflow/example_dags/example_dynamic_task_mapping_with_no_taskflow_operators.py for tasks to queue
[2023-09-01T19:40:07.687+0000] {logging_mixin.py:150} INFO - [2023-09-01T19:40:07.687+0000] {dagbag.py:541} INFO - Filling up the DagBag from /home/airflow/.local/lib/python3.7/site-packages/airflow/example_dags/example_dynamic_task_mapping_with_no_taskflow_operators.py
[2023-09-01T19:40:07.695+0000] {processor.py:836} INFO - DAG(s) dict_keys(['example_dynamic_task_mapping_with_no_taskflow_operators']) retrieved from /home/airflow/.local/lib/python3.7/site-packages/airflow/example_dags/example_dynamic_task_mapping_with_no_taskflow_operators.py
[2023-09-01T19:40:07.720+0000] {logging_mixin.py:150} INFO - [2023-09-01T19:40:07.720+0000] {dag.py:2742} INFO - Sync 1 DAGs
[2023-09-01T19:40:07.744+0000] {logging_mixin.py:150} INFO - [2023-09-01T19:40:07.744+0000] {dag.py:3508} INFO - Setting next_dagrun for example_dynamic_task_mapping_with_no_taskflow_operators to 2023-08-31T19:40:07.744595+00:00, run_after=2023-09-01T19:40:07.744595+00:00
[2023-09-01T19:40:07.763+0000] {processor.py:179} INFO - Processing /home/airflow/.local/lib/python3.7/site-packages/airflow/example_dags/example_dynamic_task_mapping_with_no_taskflow_operators.py took 0.081 seconds
[2023-09-01T19:40:38.023+0000] {processor.py:157} INFO - Started process (PID=1007) to work on /home/airflow/.local/lib/python3.7/site-packages/airflow/example_dags/example_dynamic_task_mapping_with_no_taskflow_operators.py
[2023-09-01T19:40:38.024+0000] {processor.py:826} INFO - Processing file /home/airflow/.local/lib/python3.7/site-packages/airflow/example_dags/example_dynamic_task_mapping_with_no_taskflow_operators.py for tasks to queue
[2023-09-01T19:40:38.024+0000] {logging_mixin.py:150} INFO - [2023-09-01T19:40:38.024+0000] {dagbag.py:541} INFO - Filling up the DagBag from /home/airflow/.local/lib/python3.7/site-packages/airflow/example_dags/example_dynamic_task_mapping_with_no_taskflow_operators.py
[2023-09-01T19:40:38.032+0000] {processor.py:836} INFO - DAG(s) dict_keys(['example_dynamic_task_mapping_with_no_taskflow_operators']) retrieved from /home/airflow/.local/lib/python3.7/site-packages/airflow/example_dags/example_dynamic_task_mapping_with_no_taskflow_operators.py
[2023-09-01T19:40:38.057+0000] {logging_mixin.py:150} INFO - [2023-09-01T19:40:38.056+0000] {dag.py:2742} INFO - Sync 1 DAGs
[2023-09-01T19:40:38.089+0000] {logging_mixin.py:150} INFO - [2023-09-01T19:40:38.089+0000] {dag.py:3508} INFO - Setting next_dagrun for example_dynamic_task_mapping_with_no_taskflow_operators to 2023-08-31T19:40:38.088915+00:00, run_after=2023-09-01T19:40:38.088915+00:00
[2023-09-01T19:40:38.104+0000] {processor.py:179} INFO - Processing /home/airflow/.local/lib/python3.7/site-packages/airflow/example_dags/example_dynamic_task_mapping_with_no_taskflow_operators.py took 0.084 seconds
[2023-09-01T19:41:08.344+0000] {processor.py:157} INFO - Started process (PID=1062) to work on /home/airflow/.local/lib/python3.7/site-packages/airflow/example_dags/example_dynamic_task_mapping_with_no_taskflow_operators.py
[2023-09-01T19:41:08.345+0000] {processor.py:826} INFO - Processing file /home/airflow/.local/lib/python3.7/site-packages/airflow/example_dags/example_dynamic_task_mapping_with_no_taskflow_operators.py for tasks to queue
[2023-09-01T19:41:08.345+0000] {logging_mixin.py:150} INFO - [2023-09-01T19:41:08.345+0000] {dagbag.py:541} INFO - Filling up the DagBag from /home/airflow/.local/lib/python3.7/site-packages/airflow/example_dags/example_dynamic_task_mapping_with_no_taskflow_operators.py
[2023-09-01T19:41:08.361+0000] {processor.py:836} INFO - DAG(s) dict_keys(['example_dynamic_task_mapping_with_no_taskflow_operators']) retrieved from /home/airflow/.local/lib/python3.7/site-packages/airflow/example_dags/example_dynamic_task_mapping_with_no_taskflow_operators.py
[2023-09-01T19:41:08.411+0000] {logging_mixin.py:150} INFO - [2023-09-01T19:41:08.411+0000] {dag.py:2742} INFO - Sync 1 DAGs
[2023-09-01T19:41:08.441+0000] {logging_mixin.py:150} INFO - [2023-09-01T19:41:08.441+0000] {dag.py:3508} INFO - Setting next_dagrun for example_dynamic_task_mapping_with_no_taskflow_operators to 2023-08-31T19:41:08.441165+00:00, run_after=2023-09-01T19:41:08.441165+00:00
[2023-09-01T19:41:08.457+0000] {processor.py:179} INFO - Processing /home/airflow/.local/lib/python3.7/site-packages/airflow/example_dags/example_dynamic_task_mapping_with_no_taskflow_operators.py took 0.116 seconds
[2023-09-01T19:41:38.623+0000] {processor.py:157} INFO - Started process (PID=1117) to work on /home/airflow/.local/lib/python3.7/site-packages/airflow/example_dags/example_dynamic_task_mapping_with_no_taskflow_operators.py
[2023-09-01T19:41:38.625+0000] {processor.py:826} INFO - Processing file /home/airflow/.local/lib/python3.7/site-packages/airflow/example_dags/example_dynamic_task_mapping_with_no_taskflow_operators.py for tasks to queue
[2023-09-01T19:41:38.626+0000] {logging_mixin.py:150} INFO - [2023-09-01T19:41:38.625+0000] {dagbag.py:541} INFO - Filling up the DagBag from /home/airflow/.local/lib/python3.7/site-packages/airflow/example_dags/example_dynamic_task_mapping_with_no_taskflow_operators.py
[2023-09-01T19:41:38.638+0000] {processor.py:836} INFO - DAG(s) dict_keys(['example_dynamic_task_mapping_with_no_taskflow_operators']) retrieved from /home/airflow/.local/lib/python3.7/site-packages/airflow/example_dags/example_dynamic_task_mapping_with_no_taskflow_operators.py
[2023-09-01T19:41:38.658+0000] {logging_mixin.py:150} INFO - [2023-09-01T19:41:38.658+0000] {dag.py:2742} INFO - Sync 1 DAGs
[2023-09-01T19:41:38.681+0000] {logging_mixin.py:150} INFO - [2023-09-01T19:41:38.681+0000] {dag.py:3508} INFO - Setting next_dagrun for example_dynamic_task_mapping_with_no_taskflow_operators to 2023-08-31T19:41:38.680811+00:00, run_after=2023-09-01T19:41:38.680811+00:00
[2023-09-01T19:41:38.696+0000] {processor.py:179} INFO - Processing /home/airflow/.local/lib/python3.7/site-packages/airflow/example_dags/example_dynamic_task_mapping_with_no_taskflow_operators.py took 0.077 seconds
[2023-09-01T19:42:08.961+0000] {processor.py:157} INFO - Started process (PID=1171) to work on /home/airflow/.local/lib/python3.7/site-packages/airflow/example_dags/example_dynamic_task_mapping_with_no_taskflow_operators.py
[2023-09-01T19:42:08.962+0000] {processor.py:826} INFO - Processing file /home/airflow/.local/lib/python3.7/site-packages/airflow/example_dags/example_dynamic_task_mapping_with_no_taskflow_operators.py for tasks to queue
[2023-09-01T19:42:08.963+0000] {logging_mixin.py:150} INFO - [2023-09-01T19:42:08.963+0000] {dagbag.py:541} INFO - Filling up the DagBag from /home/airflow/.local/lib/python3.7/site-packages/airflow/example_dags/example_dynamic_task_mapping_with_no_taskflow_operators.py
[2023-09-01T19:42:08.972+0000] {processor.py:836} INFO - DAG(s) dict_keys(['example_dynamic_task_mapping_with_no_taskflow_operators']) retrieved from /home/airflow/.local/lib/python3.7/site-packages/airflow/example_dags/example_dynamic_task_mapping_with_no_taskflow_operators.py
[2023-09-01T19:42:08.997+0000] {logging_mixin.py:150} INFO - [2023-09-01T19:42:08.996+0000] {dag.py:2742} INFO - Sync 1 DAGs
[2023-09-01T19:42:09.027+0000] {logging_mixin.py:150} INFO - [2023-09-01T19:42:09.027+0000] {dag.py:3508} INFO - Setting next_dagrun for example_dynamic_task_mapping_with_no_taskflow_operators to 2023-08-31T19:42:09.026782+00:00, run_after=2023-09-01T19:42:09.026782+00:00
[2023-09-01T19:42:09.049+0000] {processor.py:179} INFO - Processing /home/airflow/.local/lib/python3.7/site-packages/airflow/example_dags/example_dynamic_task_mapping_with_no_taskflow_operators.py took 0.091 seconds
[2023-09-01T19:42:39.635+0000] {processor.py:157} INFO - Started process (PID=1226) to work on /home/airflow/.local/lib/python3.7/site-packages/airflow/example_dags/example_dynamic_task_mapping_with_no_taskflow_operators.py
[2023-09-01T19:42:39.637+0000] {processor.py:826} INFO - Processing file /home/airflow/.local/lib/python3.7/site-packages/airflow/example_dags/example_dynamic_task_mapping_with_no_taskflow_operators.py for tasks to queue
[2023-09-01T19:42:39.637+0000] {logging_mixin.py:150} INFO - [2023-09-01T19:42:39.637+0000] {dagbag.py:541} INFO - Filling up the DagBag from /home/airflow/.local/lib/python3.7/site-packages/airflow/example_dags/example_dynamic_task_mapping_with_no_taskflow_operators.py
[2023-09-01T19:42:39.646+0000] {processor.py:836} INFO - DAG(s) dict_keys(['example_dynamic_task_mapping_with_no_taskflow_operators']) retrieved from /home/airflow/.local/lib/python3.7/site-packages/airflow/example_dags/example_dynamic_task_mapping_with_no_taskflow_operators.py
[2023-09-01T19:42:39.679+0000] {logging_mixin.py:150} INFO - [2023-09-01T19:42:39.679+0000] {dag.py:2742} INFO - Sync 1 DAGs
[2023-09-01T19:42:39.718+0000] {logging_mixin.py:150} INFO - [2023-09-01T19:42:39.718+0000] {dag.py:3508} INFO - Setting next_dagrun for example_dynamic_task_mapping_with_no_taskflow_operators to 2023-08-31T19:42:39.718406+00:00, run_after=2023-09-01T19:42:39.718406+00:00
[2023-09-01T19:42:39.737+0000] {processor.py:179} INFO - Processing /home/airflow/.local/lib/python3.7/site-packages/airflow/example_dags/example_dynamic_task_mapping_with_no_taskflow_operators.py took 0.106 seconds
[2023-09-01T19:43:10.548+0000] {processor.py:157} INFO - Started process (PID=1281) to work on /home/airflow/.local/lib/python3.7/site-packages/airflow/example_dags/example_dynamic_task_mapping_with_no_taskflow_operators.py
[2023-09-01T19:43:10.550+0000] {processor.py:826} INFO - Processing file /home/airflow/.local/lib/python3.7/site-packages/airflow/example_dags/example_dynamic_task_mapping_with_no_taskflow_operators.py for tasks to queue
[2023-09-01T19:43:10.550+0000] {logging_mixin.py:150} INFO - [2023-09-01T19:43:10.550+0000] {dagbag.py:541} INFO - Filling up the DagBag from /home/airflow/.local/lib/python3.7/site-packages/airflow/example_dags/example_dynamic_task_mapping_with_no_taskflow_operators.py
[2023-09-01T19:43:10.558+0000] {processor.py:836} INFO - DAG(s) dict_keys(['example_dynamic_task_mapping_with_no_taskflow_operators']) retrieved from /home/airflow/.local/lib/python3.7/site-packages/airflow/example_dags/example_dynamic_task_mapping_with_no_taskflow_operators.py
[2023-09-01T19:43:10.599+0000] {logging_mixin.py:150} INFO - [2023-09-01T19:43:10.598+0000] {dag.py:2742} INFO - Sync 1 DAGs
[2023-09-01T19:43:10.633+0000] {logging_mixin.py:150} INFO - [2023-09-01T19:43:10.632+0000] {dag.py:3508} INFO - Setting next_dagrun for example_dynamic_task_mapping_with_no_taskflow_operators to 2023-08-31T19:43:10.632743+00:00, run_after=2023-09-01T19:43:10.632743+00:00
[2023-09-01T19:43:10.656+0000] {processor.py:179} INFO - Processing /home/airflow/.local/lib/python3.7/site-packages/airflow/example_dags/example_dynamic_task_mapping_with_no_taskflow_operators.py took 0.111 seconds
[2023-09-01T19:43:41.034+0000] {processor.py:157} INFO - Started process (PID=1336) to work on /home/airflow/.local/lib/python3.7/site-packages/airflow/example_dags/example_dynamic_task_mapping_with_no_taskflow_operators.py
[2023-09-01T19:43:41.035+0000] {processor.py:826} INFO - Processing file /home/airflow/.local/lib/python3.7/site-packages/airflow/example_dags/example_dynamic_task_mapping_with_no_taskflow_operators.py for tasks to queue
[2023-09-01T19:43:41.035+0000] {logging_mixin.py:150} INFO - [2023-09-01T19:43:41.035+0000] {dagbag.py:541} INFO - Filling up the DagBag from /home/airflow/.local/lib/python3.7/site-packages/airflow/example_dags/example_dynamic_task_mapping_with_no_taskflow_operators.py
[2023-09-01T19:43:41.042+0000] {processor.py:836} INFO - DAG(s) dict_keys(['example_dynamic_task_mapping_with_no_taskflow_operators']) retrieved from /home/airflow/.local/lib/python3.7/site-packages/airflow/example_dags/example_dynamic_task_mapping_with_no_taskflow_operators.py
[2023-09-01T19:43:41.063+0000] {logging_mixin.py:150} INFO - [2023-09-01T19:43:41.063+0000] {dag.py:2742} INFO - Sync 1 DAGs
[2023-09-01T19:43:41.084+0000] {logging_mixin.py:150} INFO - [2023-09-01T19:43:41.084+0000] {dag.py:3508} INFO - Setting next_dagrun for example_dynamic_task_mapping_with_no_taskflow_operators to 2023-08-31T19:43:41.084533+00:00, run_after=2023-09-01T19:43:41.084533+00:00
[2023-09-01T19:43:41.108+0000] {processor.py:179} INFO - Processing /home/airflow/.local/lib/python3.7/site-packages/airflow/example_dags/example_dynamic_task_mapping_with_no_taskflow_operators.py took 0.077 seconds
[2023-09-01T19:44:11.699+0000] {processor.py:157} INFO - Started process (PID=1391) to work on /home/airflow/.local/lib/python3.7/site-packages/airflow/example_dags/example_dynamic_task_mapping_with_no_taskflow_operators.py
[2023-09-01T19:44:11.700+0000] {processor.py:826} INFO - Processing file /home/airflow/.local/lib/python3.7/site-packages/airflow/example_dags/example_dynamic_task_mapping_with_no_taskflow_operators.py for tasks to queue
[2023-09-01T19:44:11.701+0000] {logging_mixin.py:150} INFO - [2023-09-01T19:44:11.701+0000] {dagbag.py:541} INFO - Filling up the DagBag from /home/airflow/.local/lib/python3.7/site-packages/airflow/example_dags/example_dynamic_task_mapping_with_no_taskflow_operators.py
[2023-09-01T19:44:11.710+0000] {processor.py:836} INFO - DAG(s) dict_keys(['example_dynamic_task_mapping_with_no_taskflow_operators']) retrieved from /home/airflow/.local/lib/python3.7/site-packages/airflow/example_dags/example_dynamic_task_mapping_with_no_taskflow_operators.py
[2023-09-01T19:44:11.731+0000] {logging_mixin.py:150} INFO - [2023-09-01T19:44:11.731+0000] {dag.py:2742} INFO - Sync 1 DAGs
[2023-09-01T19:44:11.752+0000] {logging_mixin.py:150} INFO - [2023-09-01T19:44:11.752+0000] {dag.py:3508} INFO - Setting next_dagrun for example_dynamic_task_mapping_with_no_taskflow_operators to 2023-08-31T19:44:11.752327+00:00, run_after=2023-09-01T19:44:11.752327+00:00
[2023-09-01T19:44:11.768+0000] {processor.py:179} INFO - Processing /home/airflow/.local/lib/python3.7/site-packages/airflow/example_dags/example_dynamic_task_mapping_with_no_taskflow_operators.py took 0.072 seconds
[2023-09-01T19:44:42.191+0000] {processor.py:157} INFO - Started process (PID=1446) to work on /home/airflow/.local/lib/python3.7/site-packages/airflow/example_dags/example_dynamic_task_mapping_with_no_taskflow_operators.py
[2023-09-01T19:44:42.192+0000] {processor.py:826} INFO - Processing file /home/airflow/.local/lib/python3.7/site-packages/airflow/example_dags/example_dynamic_task_mapping_with_no_taskflow_operators.py for tasks to queue
[2023-09-01T19:44:42.193+0000] {logging_mixin.py:150} INFO - [2023-09-01T19:44:42.192+0000] {dagbag.py:541} INFO - Filling up the DagBag from /home/airflow/.local/lib/python3.7/site-packages/airflow/example_dags/example_dynamic_task_mapping_with_no_taskflow_operators.py
[2023-09-01T19:44:42.201+0000] {processor.py:836} INFO - DAG(s) dict_keys(['example_dynamic_task_mapping_with_no_taskflow_operators']) retrieved from /home/airflow/.local/lib/python3.7/site-packages/airflow/example_dags/example_dynamic_task_mapping_with_no_taskflow_operators.py
[2023-09-01T19:44:42.226+0000] {logging_mixin.py:150} INFO - [2023-09-01T19:44:42.226+0000] {dag.py:2742} INFO - Sync 1 DAGs
[2023-09-01T19:44:42.253+0000] {logging_mixin.py:150} INFO - [2023-09-01T19:44:42.253+0000] {dag.py:3508} INFO - Setting next_dagrun for example_dynamic_task_mapping_with_no_taskflow_operators to 2023-08-31T19:44:42.252824+00:00, run_after=2023-09-01T19:44:42.252824+00:00
[2023-09-01T19:44:42.268+0000] {processor.py:179} INFO - Processing /home/airflow/.local/lib/python3.7/site-packages/airflow/example_dags/example_dynamic_task_mapping_with_no_taskflow_operators.py took 0.081 seconds
[2023-09-01T19:45:12.585+0000] {processor.py:157} INFO - Started process (PID=1501) to work on /home/airflow/.local/lib/python3.7/site-packages/airflow/example_dags/example_dynamic_task_mapping_with_no_taskflow_operators.py
[2023-09-01T19:45:12.587+0000] {processor.py:826} INFO - Processing file /home/airflow/.local/lib/python3.7/site-packages/airflow/example_dags/example_dynamic_task_mapping_with_no_taskflow_operators.py for tasks to queue
[2023-09-01T19:45:12.588+0000] {logging_mixin.py:150} INFO - [2023-09-01T19:45:12.587+0000] {dagbag.py:541} INFO - Filling up the DagBag from /home/airflow/.local/lib/python3.7/site-packages/airflow/example_dags/example_dynamic_task_mapping_with_no_taskflow_operators.py
[2023-09-01T19:45:12.596+0000] {processor.py:836} INFO - DAG(s) dict_keys(['example_dynamic_task_mapping_with_no_taskflow_operators']) retrieved from /home/airflow/.local/lib/python3.7/site-packages/airflow/example_dags/example_dynamic_task_mapping_with_no_taskflow_operators.py
[2023-09-01T19:45:12.623+0000] {logging_mixin.py:150} INFO - [2023-09-01T19:45:12.623+0000] {dag.py:2742} INFO - Sync 1 DAGs
[2023-09-01T19:45:12.654+0000] {logging_mixin.py:150} INFO - [2023-09-01T19:45:12.654+0000] {dag.py:3508} INFO - Setting next_dagrun for example_dynamic_task_mapping_with_no_taskflow_operators to 2023-08-31T19:45:12.654216+00:00, run_after=2023-09-01T19:45:12.654216+00:00
[2023-09-01T19:45:12.677+0000] {processor.py:179} INFO - Processing /home/airflow/.local/lib/python3.7/site-packages/airflow/example_dags/example_dynamic_task_mapping_with_no_taskflow_operators.py took 0.097 seconds
[2023-09-01T19:45:42.856+0000] {processor.py:157} INFO - Started process (PID=1556) to work on /home/airflow/.local/lib/python3.7/site-packages/airflow/example_dags/example_dynamic_task_mapping_with_no_taskflow_operators.py
[2023-09-01T19:45:42.856+0000] {processor.py:826} INFO - Processing file /home/airflow/.local/lib/python3.7/site-packages/airflow/example_dags/example_dynamic_task_mapping_with_no_taskflow_operators.py for tasks to queue
[2023-09-01T19:45:42.857+0000] {logging_mixin.py:150} INFO - [2023-09-01T19:45:42.857+0000] {dagbag.py:541} INFO - Filling up the DagBag from /home/airflow/.local/lib/python3.7/site-packages/airflow/example_dags/example_dynamic_task_mapping_with_no_taskflow_operators.py
[2023-09-01T19:45:42.864+0000] {processor.py:836} INFO - DAG(s) dict_keys(['example_dynamic_task_mapping_with_no_taskflow_operators']) retrieved from /home/airflow/.local/lib/python3.7/site-packages/airflow/example_dags/example_dynamic_task_mapping_with_no_taskflow_operators.py
[2023-09-01T19:45:42.883+0000] {logging_mixin.py:150} INFO - [2023-09-01T19:45:42.883+0000] {dag.py:2742} INFO - Sync 1 DAGs
[2023-09-01T19:45:42.904+0000] {logging_mixin.py:150} INFO - [2023-09-01T19:45:42.904+0000] {dag.py:3508} INFO - Setting next_dagrun for example_dynamic_task_mapping_with_no_taskflow_operators to 2023-08-31T19:45:42.904138+00:00, run_after=2023-09-01T19:45:42.904138+00:00
[2023-09-01T19:45:42.925+0000] {processor.py:179} INFO - Processing /home/airflow/.local/lib/python3.7/site-packages/airflow/example_dags/example_dynamic_task_mapping_with_no_taskflow_operators.py took 0.073 seconds
[2023-09-01T19:46:13.210+0000] {processor.py:157} INFO - Started process (PID=1611) to work on /home/airflow/.local/lib/python3.7/site-packages/airflow/example_dags/example_dynamic_task_mapping_with_no_taskflow_operators.py
[2023-09-01T19:46:13.211+0000] {processor.py:826} INFO - Processing file /home/airflow/.local/lib/python3.7/site-packages/airflow/example_dags/example_dynamic_task_mapping_with_no_taskflow_operators.py for tasks to queue
[2023-09-01T19:46:13.212+0000] {logging_mixin.py:150} INFO - [2023-09-01T19:46:13.212+0000] {dagbag.py:541} INFO - Filling up the DagBag from /home/airflow/.local/lib/python3.7/site-packages/airflow/example_dags/example_dynamic_task_mapping_with_no_taskflow_operators.py
[2023-09-01T19:46:13.219+0000] {processor.py:836} INFO - DAG(s) dict_keys(['example_dynamic_task_mapping_with_no_taskflow_operators']) retrieved from /home/airflow/.local/lib/python3.7/site-packages/airflow/example_dags/example_dynamic_task_mapping_with_no_taskflow_operators.py
[2023-09-01T19:46:13.242+0000] {logging_mixin.py:150} INFO - [2023-09-01T19:46:13.242+0000] {dag.py:2742} INFO - Sync 1 DAGs
[2023-09-01T19:46:13.267+0000] {logging_mixin.py:150} INFO - [2023-09-01T19:46:13.267+0000] {dag.py:3508} INFO - Setting next_dagrun for example_dynamic_task_mapping_with_no_taskflow_operators to 2023-08-31T19:46:13.267495+00:00, run_after=2023-09-01T19:46:13.267495+00:00
[2023-09-01T19:46:13.304+0000] {processor.py:179} INFO - Processing /home/airflow/.local/lib/python3.7/site-packages/airflow/example_dags/example_dynamic_task_mapping_with_no_taskflow_operators.py took 0.097 seconds
[2023-09-01T19:46:43.686+0000] {processor.py:157} INFO - Started process (PID=1666) to work on /home/airflow/.local/lib/python3.7/site-packages/airflow/example_dags/example_dynamic_task_mapping_with_no_taskflow_operators.py
[2023-09-01T19:46:43.687+0000] {processor.py:826} INFO - Processing file /home/airflow/.local/lib/python3.7/site-packages/airflow/example_dags/example_dynamic_task_mapping_with_no_taskflow_operators.py for tasks to queue
[2023-09-01T19:46:43.687+0000] {logging_mixin.py:150} INFO - [2023-09-01T19:46:43.687+0000] {dagbag.py:541} INFO - Filling up the DagBag from /home/airflow/.local/lib/python3.7/site-packages/airflow/example_dags/example_dynamic_task_mapping_with_no_taskflow_operators.py
[2023-09-01T19:46:43.694+0000] {processor.py:836} INFO - DAG(s) dict_keys(['example_dynamic_task_mapping_with_no_taskflow_operators']) retrieved from /home/airflow/.local/lib/python3.7/site-packages/airflow/example_dags/example_dynamic_task_mapping_with_no_taskflow_operators.py
[2023-09-01T19:46:43.715+0000] {logging_mixin.py:150} INFO - [2023-09-01T19:46:43.715+0000] {dag.py:2742} INFO - Sync 1 DAGs
[2023-09-01T19:46:43.737+0000] {logging_mixin.py:150} INFO - [2023-09-01T19:46:43.737+0000] {dag.py:3508} INFO - Setting next_dagrun for example_dynamic_task_mapping_with_no_taskflow_operators to 2023-08-31T19:46:43.736936+00:00, run_after=2023-09-01T19:46:43.736936+00:00
[2023-09-01T19:46:43.757+0000] {processor.py:179} INFO - Processing /home/airflow/.local/lib/python3.7/site-packages/airflow/example_dags/example_dynamic_task_mapping_with_no_taskflow_operators.py took 0.074 seconds
[2023-09-01T19:47:14.351+0000] {processor.py:157} INFO - Started process (PID=1721) to work on /home/airflow/.local/lib/python3.7/site-packages/airflow/example_dags/example_dynamic_task_mapping_with_no_taskflow_operators.py
[2023-09-01T19:47:14.352+0000] {processor.py:826} INFO - Processing file /home/airflow/.local/lib/python3.7/site-packages/airflow/example_dags/example_dynamic_task_mapping_with_no_taskflow_operators.py for tasks to queue
[2023-09-01T19:47:14.352+0000] {logging_mixin.py:150} INFO - [2023-09-01T19:47:14.352+0000] {dagbag.py:541} INFO - Filling up the DagBag from /home/airflow/.local/lib/python3.7/site-packages/airflow/example_dags/example_dynamic_task_mapping_with_no_taskflow_operators.py
[2023-09-01T19:47:14.359+0000] {processor.py:836} INFO - DAG(s) dict_keys(['example_dynamic_task_mapping_with_no_taskflow_operators']) retrieved from /home/airflow/.local/lib/python3.7/site-packages/airflow/example_dags/example_dynamic_task_mapping_with_no_taskflow_operators.py
[2023-09-01T19:47:14.379+0000] {logging_mixin.py:150} INFO - [2023-09-01T19:47:14.379+0000] {dag.py:2742} INFO - Sync 1 DAGs
[2023-09-01T19:47:14.405+0000] {logging_mixin.py:150} INFO - [2023-09-01T19:47:14.405+0000] {dag.py:3508} INFO - Setting next_dagrun for example_dynamic_task_mapping_with_no_taskflow_operators to 2023-08-31T19:47:14.404922+00:00, run_after=2023-09-01T19:47:14.404922+00:00
[2023-09-01T19:47:14.421+0000] {processor.py:179} INFO - Processing /home/airflow/.local/lib/python3.7/site-packages/airflow/example_dags/example_dynamic_task_mapping_with_no_taskflow_operators.py took 0.073 seconds
[2023-09-01T19:47:44.924+0000] {processor.py:157} INFO - Started process (PID=1776) to work on /home/airflow/.local/lib/python3.7/site-packages/airflow/example_dags/example_dynamic_task_mapping_with_no_taskflow_operators.py
[2023-09-01T19:47:44.925+0000] {processor.py:826} INFO - Processing file /home/airflow/.local/lib/python3.7/site-packages/airflow/example_dags/example_dynamic_task_mapping_with_no_taskflow_operators.py for tasks to queue
[2023-09-01T19:47:44.926+0000] {logging_mixin.py:150} INFO - [2023-09-01T19:47:44.925+0000] {dagbag.py:541} INFO - Filling up the DagBag from /home/airflow/.local/lib/python3.7/site-packages/airflow/example_dags/example_dynamic_task_mapping_with_no_taskflow_operators.py
[2023-09-01T19:47:44.932+0000] {processor.py:836} INFO - DAG(s) dict_keys(['example_dynamic_task_mapping_with_no_taskflow_operators']) retrieved from /home/airflow/.local/lib/python3.7/site-packages/airflow/example_dags/example_dynamic_task_mapping_with_no_taskflow_operators.py
[2023-09-01T19:47:44.952+0000] {logging_mixin.py:150} INFO - [2023-09-01T19:47:44.952+0000] {dag.py:2742} INFO - Sync 1 DAGs
[2023-09-01T19:47:44.975+0000] {logging_mixin.py:150} INFO - [2023-09-01T19:47:44.975+0000] {dag.py:3508} INFO - Setting next_dagrun for example_dynamic_task_mapping_with_no_taskflow_operators to 2023-08-31T19:47:44.975380+00:00, run_after=2023-09-01T19:47:44.975380+00:00
[2023-09-01T19:47:44.991+0000] {processor.py:179} INFO - Processing /home/airflow/.local/lib/python3.7/site-packages/airflow/example_dags/example_dynamic_task_mapping_with_no_taskflow_operators.py took 0.070 seconds
[2023-09-01T19:48:15.369+0000] {processor.py:157} INFO - Started process (PID=1831) to work on /home/airflow/.local/lib/python3.7/site-packages/airflow/example_dags/example_dynamic_task_mapping_with_no_taskflow_operators.py
[2023-09-01T19:48:15.369+0000] {processor.py:826} INFO - Processing file /home/airflow/.local/lib/python3.7/site-packages/airflow/example_dags/example_dynamic_task_mapping_with_no_taskflow_operators.py for tasks to queue
[2023-09-01T19:48:15.370+0000] {logging_mixin.py:150} INFO - [2023-09-01T19:48:15.370+0000] {dagbag.py:541} INFO - Filling up the DagBag from /home/airflow/.local/lib/python3.7/site-packages/airflow/example_dags/example_dynamic_task_mapping_with_no_taskflow_operators.py
[2023-09-01T19:48:15.378+0000] {processor.py:836} INFO - DAG(s) dict_keys(['example_dynamic_task_mapping_with_no_taskflow_operators']) retrieved from /home/airflow/.local/lib/python3.7/site-packages/airflow/example_dags/example_dynamic_task_mapping_with_no_taskflow_operators.py
[2023-09-01T19:48:15.398+0000] {logging_mixin.py:150} INFO - [2023-09-01T19:48:15.398+0000] {dag.py:2742} INFO - Sync 1 DAGs
[2023-09-01T19:48:15.420+0000] {logging_mixin.py:150} INFO - [2023-09-01T19:48:15.420+0000] {dag.py:3508} INFO - Setting next_dagrun for example_dynamic_task_mapping_with_no_taskflow_operators to 2023-08-31T19:48:15.420194+00:00, run_after=2023-09-01T19:48:15.420194+00:00
[2023-09-01T19:48:15.435+0000] {processor.py:179} INFO - Processing /home/airflow/.local/lib/python3.7/site-packages/airflow/example_dags/example_dynamic_task_mapping_with_no_taskflow_operators.py took 0.070 seconds
[2023-09-01T19:48:46.071+0000] {processor.py:157} INFO - Started process (PID=1885) to work on /home/airflow/.local/lib/python3.7/site-packages/airflow/example_dags/example_dynamic_task_mapping_with_no_taskflow_operators.py
[2023-09-01T19:48:46.072+0000] {processor.py:826} INFO - Processing file /home/airflow/.local/lib/python3.7/site-packages/airflow/example_dags/example_dynamic_task_mapping_with_no_taskflow_operators.py for tasks to queue
[2023-09-01T19:48:46.073+0000] {logging_mixin.py:150} INFO - [2023-09-01T19:48:46.073+0000] {dagbag.py:541} INFO - Filling up the DagBag from /home/airflow/.local/lib/python3.7/site-packages/airflow/example_dags/example_dynamic_task_mapping_with_no_taskflow_operators.py
[2023-09-01T19:48:46.080+0000] {processor.py:836} INFO - DAG(s) dict_keys(['example_dynamic_task_mapping_with_no_taskflow_operators']) retrieved from /home/airflow/.local/lib/python3.7/site-packages/airflow/example_dags/example_dynamic_task_mapping_with_no_taskflow_operators.py
[2023-09-01T19:48:46.101+0000] {logging_mixin.py:150} INFO - [2023-09-01T19:48:46.101+0000] {dag.py:2742} INFO - Sync 1 DAGs
[2023-09-01T19:48:46.138+0000] {logging_mixin.py:150} INFO - [2023-09-01T19:48:46.138+0000] {dag.py:3508} INFO - Setting next_dagrun for example_dynamic_task_mapping_with_no_taskflow_operators to 2023-08-31T19:48:46.138218+00:00, run_after=2023-09-01T19:48:46.138218+00:00
[2023-09-01T19:48:46.154+0000] {processor.py:179} INFO - Processing /home/airflow/.local/lib/python3.7/site-packages/airflow/example_dags/example_dynamic_task_mapping_with_no_taskflow_operators.py took 0.086 seconds
[2023-09-01T19:49:16.813+0000] {processor.py:157} INFO - Started process (PID=1940) to work on /home/airflow/.local/lib/python3.7/site-packages/airflow/example_dags/example_dynamic_task_mapping_with_no_taskflow_operators.py
[2023-09-01T19:49:16.814+0000] {processor.py:826} INFO - Processing file /home/airflow/.local/lib/python3.7/site-packages/airflow/example_dags/example_dynamic_task_mapping_with_no_taskflow_operators.py for tasks to queue
[2023-09-01T19:49:16.815+0000] {logging_mixin.py:150} INFO - [2023-09-01T19:49:16.814+0000] {dagbag.py:541} INFO - Filling up the DagBag from /home/airflow/.local/lib/python3.7/site-packages/airflow/example_dags/example_dynamic_task_mapping_with_no_taskflow_operators.py
[2023-09-01T19:49:16.824+0000] {processor.py:836} INFO - DAG(s) dict_keys(['example_dynamic_task_mapping_with_no_taskflow_operators']) retrieved from /home/airflow/.local/lib/python3.7/site-packages/airflow/example_dags/example_dynamic_task_mapping_with_no_taskflow_operators.py
[2023-09-01T19:49:16.845+0000] {logging_mixin.py:150} INFO - [2023-09-01T19:49:16.845+0000] {dag.py:2742} INFO - Sync 1 DAGs
[2023-09-01T19:49:16.877+0000] {logging_mixin.py:150} INFO - [2023-09-01T19:49:16.877+0000] {dag.py:3508} INFO - Setting next_dagrun for example_dynamic_task_mapping_with_no_taskflow_operators to 2023-08-31T19:49:16.877244+00:00, run_after=2023-09-01T19:49:16.877244+00:00
[2023-09-01T19:49:16.893+0000] {processor.py:179} INFO - Processing /home/airflow/.local/lib/python3.7/site-packages/airflow/example_dags/example_dynamic_task_mapping_with_no_taskflow_operators.py took 0.083 seconds
[2023-09-01T19:49:47.571+0000] {processor.py:157} INFO - Started process (PID=1995) to work on /home/airflow/.local/lib/python3.7/site-packages/airflow/example_dags/example_dynamic_task_mapping_with_no_taskflow_operators.py
[2023-09-01T19:49:47.572+0000] {processor.py:826} INFO - Processing file /home/airflow/.local/lib/python3.7/site-packages/airflow/example_dags/example_dynamic_task_mapping_with_no_taskflow_operators.py for tasks to queue
[2023-09-01T19:49:47.573+0000] {logging_mixin.py:150} INFO - [2023-09-01T19:49:47.573+0000] {dagbag.py:541} INFO - Filling up the DagBag from /home/airflow/.local/lib/python3.7/site-packages/airflow/example_dags/example_dynamic_task_mapping_with_no_taskflow_operators.py
[2023-09-01T19:49:47.581+0000] {processor.py:836} INFO - DAG(s) dict_keys(['example_dynamic_task_mapping_with_no_taskflow_operators']) retrieved from /home/airflow/.local/lib/python3.7/site-packages/airflow/example_dags/example_dynamic_task_mapping_with_no_taskflow_operators.py
[2023-09-01T19:49:47.602+0000] {logging_mixin.py:150} INFO - [2023-09-01T19:49:47.602+0000] {dag.py:2742} INFO - Sync 1 DAGs
[2023-09-01T19:49:47.630+0000] {logging_mixin.py:150} INFO - [2023-09-01T19:49:47.629+0000] {dag.py:3508} INFO - Setting next_dagrun for example_dynamic_task_mapping_with_no_taskflow_operators to 2023-08-31T19:49:47.629661+00:00, run_after=2023-09-01T19:49:47.629661+00:00
[2023-09-01T19:49:47.645+0000] {processor.py:179} INFO - Processing /home/airflow/.local/lib/python3.7/site-packages/airflow/example_dags/example_dynamic_task_mapping_with_no_taskflow_operators.py took 0.077 seconds
[2023-09-01T19:50:18.247+0000] {processor.py:157} INFO - Started process (PID=2050) to work on /home/airflow/.local/lib/python3.7/site-packages/airflow/example_dags/example_dynamic_task_mapping_with_no_taskflow_operators.py
[2023-09-01T19:50:18.248+0000] {processor.py:826} INFO - Processing file /home/airflow/.local/lib/python3.7/site-packages/airflow/example_dags/example_dynamic_task_mapping_with_no_taskflow_operators.py for tasks to queue
[2023-09-01T19:50:18.248+0000] {logging_mixin.py:150} INFO - [2023-09-01T19:50:18.248+0000] {dagbag.py:541} INFO - Filling up the DagBag from /home/airflow/.local/lib/python3.7/site-packages/airflow/example_dags/example_dynamic_task_mapping_with_no_taskflow_operators.py
[2023-09-01T19:50:18.255+0000] {processor.py:836} INFO - DAG(s) dict_keys(['example_dynamic_task_mapping_with_no_taskflow_operators']) retrieved from /home/airflow/.local/lib/python3.7/site-packages/airflow/example_dags/example_dynamic_task_mapping_with_no_taskflow_operators.py
[2023-09-01T19:50:18.274+0000] {logging_mixin.py:150} INFO - [2023-09-01T19:50:18.273+0000] {dag.py:2742} INFO - Sync 1 DAGs
[2023-09-01T19:50:18.299+0000] {logging_mixin.py:150} INFO - [2023-09-01T19:50:18.299+0000] {dag.py:3508} INFO - Setting next_dagrun for example_dynamic_task_mapping_with_no_taskflow_operators to 2023-08-31T19:50:18.299327+00:00, run_after=2023-09-01T19:50:18.299327+00:00
[2023-09-01T19:50:18.316+0000] {processor.py:179} INFO - Processing /home/airflow/.local/lib/python3.7/site-packages/airflow/example_dags/example_dynamic_task_mapping_with_no_taskflow_operators.py took 0.072 seconds
[2023-09-01T19:50:49.329+0000] {processor.py:157} INFO - Started process (PID=2105) to work on /home/airflow/.local/lib/python3.7/site-packages/airflow/example_dags/example_dynamic_task_mapping_with_no_taskflow_operators.py
[2023-09-01T19:50:49.330+0000] {processor.py:826} INFO - Processing file /home/airflow/.local/lib/python3.7/site-packages/airflow/example_dags/example_dynamic_task_mapping_with_no_taskflow_operators.py for tasks to queue
[2023-09-01T19:50:49.331+0000] {logging_mixin.py:150} INFO - [2023-09-01T19:50:49.330+0000] {dagbag.py:541} INFO - Filling up the DagBag from /home/airflow/.local/lib/python3.7/site-packages/airflow/example_dags/example_dynamic_task_mapping_with_no_taskflow_operators.py
[2023-09-01T19:50:49.339+0000] {processor.py:836} INFO - DAG(s) dict_keys(['example_dynamic_task_mapping_with_no_taskflow_operators']) retrieved from /home/airflow/.local/lib/python3.7/site-packages/airflow/example_dags/example_dynamic_task_mapping_with_no_taskflow_operators.py
[2023-09-01T19:50:49.368+0000] {logging_mixin.py:150} INFO - [2023-09-01T19:50:49.368+0000] {dag.py:2742} INFO - Sync 1 DAGs
[2023-09-01T19:50:49.395+0000] {logging_mixin.py:150} INFO - [2023-09-01T19:50:49.395+0000] {dag.py:3508} INFO - Setting next_dagrun for example_dynamic_task_mapping_with_no_taskflow_operators to 2023-08-31T19:50:49.394795+00:00, run_after=2023-09-01T19:50:49.394795+00:00
[2023-09-01T19:50:49.416+0000] {processor.py:179} INFO - Processing /home/airflow/.local/lib/python3.7/site-packages/airflow/example_dags/example_dynamic_task_mapping_with_no_taskflow_operators.py took 0.091 seconds
[2023-09-01T19:51:19.814+0000] {processor.py:157} INFO - Started process (PID=2159) to work on /home/airflow/.local/lib/python3.7/site-packages/airflow/example_dags/example_dynamic_task_mapping_with_no_taskflow_operators.py
[2023-09-01T19:51:19.819+0000] {processor.py:826} INFO - Processing file /home/airflow/.local/lib/python3.7/site-packages/airflow/example_dags/example_dynamic_task_mapping_with_no_taskflow_operators.py for tasks to queue
[2023-09-01T19:51:19.820+0000] {logging_mixin.py:150} INFO - [2023-09-01T19:51:19.820+0000] {dagbag.py:541} INFO - Filling up the DagBag from /home/airflow/.local/lib/python3.7/site-packages/airflow/example_dags/example_dynamic_task_mapping_with_no_taskflow_operators.py
[2023-09-01T19:51:19.848+0000] {processor.py:836} INFO - DAG(s) dict_keys(['example_dynamic_task_mapping_with_no_taskflow_operators']) retrieved from /home/airflow/.local/lib/python3.7/site-packages/airflow/example_dags/example_dynamic_task_mapping_with_no_taskflow_operators.py
[2023-09-01T19:51:19.908+0000] {logging_mixin.py:150} INFO - [2023-09-01T19:51:19.908+0000] {dag.py:2742} INFO - Sync 1 DAGs
[2023-09-01T19:51:19.973+0000] {logging_mixin.py:150} INFO - [2023-09-01T19:51:19.973+0000] {dag.py:3508} INFO - Setting next_dagrun for example_dynamic_task_mapping_with_no_taskflow_operators to 2023-08-31T19:51:19.973180+00:00, run_after=2023-09-01T19:51:19.973180+00:00
[2023-09-01T19:51:20.045+0000] {processor.py:179} INFO - Processing /home/airflow/.local/lib/python3.7/site-packages/airflow/example_dags/example_dynamic_task_mapping_with_no_taskflow_operators.py took 0.235 seconds
[2023-09-01T19:51:50.169+0000] {processor.py:157} INFO - Started process (PID=2214) to work on /home/airflow/.local/lib/python3.7/site-packages/airflow/example_dags/example_dynamic_task_mapping_with_no_taskflow_operators.py
[2023-09-01T19:51:50.170+0000] {processor.py:826} INFO - Processing file /home/airflow/.local/lib/python3.7/site-packages/airflow/example_dags/example_dynamic_task_mapping_with_no_taskflow_operators.py for tasks to queue
[2023-09-01T19:51:50.171+0000] {logging_mixin.py:150} INFO - [2023-09-01T19:51:50.170+0000] {dagbag.py:541} INFO - Filling up the DagBag from /home/airflow/.local/lib/python3.7/site-packages/airflow/example_dags/example_dynamic_task_mapping_with_no_taskflow_operators.py
[2023-09-01T19:51:50.178+0000] {processor.py:836} INFO - DAG(s) dict_keys(['example_dynamic_task_mapping_with_no_taskflow_operators']) retrieved from /home/airflow/.local/lib/python3.7/site-packages/airflow/example_dags/example_dynamic_task_mapping_with_no_taskflow_operators.py
[2023-09-01T19:51:50.198+0000] {logging_mixin.py:150} INFO - [2023-09-01T19:51:50.197+0000] {dag.py:2742} INFO - Sync 1 DAGs
[2023-09-01T19:51:50.230+0000] {logging_mixin.py:150} INFO - [2023-09-01T19:51:50.229+0000] {dag.py:3508} INFO - Setting next_dagrun for example_dynamic_task_mapping_with_no_taskflow_operators to 2023-08-31T19:51:50.229529+00:00, run_after=2023-09-01T19:51:50.229529+00:00
[2023-09-01T19:51:50.266+0000] {processor.py:179} INFO - Processing /home/airflow/.local/lib/python3.7/site-packages/airflow/example_dags/example_dynamic_task_mapping_with_no_taskflow_operators.py took 0.101 seconds
[2023-09-01T19:52:21.058+0000] {processor.py:157} INFO - Started process (PID=2268) to work on /home/airflow/.local/lib/python3.7/site-packages/airflow/example_dags/example_dynamic_task_mapping_with_no_taskflow_operators.py
[2023-09-01T19:52:21.069+0000] {processor.py:826} INFO - Processing file /home/airflow/.local/lib/python3.7/site-packages/airflow/example_dags/example_dynamic_task_mapping_with_no_taskflow_operators.py for tasks to queue
[2023-09-01T19:52:21.072+0000] {logging_mixin.py:150} INFO - [2023-09-01T19:52:21.071+0000] {dagbag.py:541} INFO - Filling up the DagBag from /home/airflow/.local/lib/python3.7/site-packages/airflow/example_dags/example_dynamic_task_mapping_with_no_taskflow_operators.py
[2023-09-01T19:52:21.134+0000] {processor.py:836} INFO - DAG(s) dict_keys(['example_dynamic_task_mapping_with_no_taskflow_operators']) retrieved from /home/airflow/.local/lib/python3.7/site-packages/airflow/example_dags/example_dynamic_task_mapping_with_no_taskflow_operators.py
[2023-09-01T19:52:21.213+0000] {logging_mixin.py:150} INFO - [2023-09-01T19:52:21.212+0000] {dag.py:2742} INFO - Sync 1 DAGs
[2023-09-01T19:52:21.296+0000] {logging_mixin.py:150} INFO - [2023-09-01T19:52:21.291+0000] {dag.py:3508} INFO - Setting next_dagrun for example_dynamic_task_mapping_with_no_taskflow_operators to 2023-08-31T19:52:21.290846+00:00, run_after=2023-09-01T19:52:21.290846+00:00
[2023-09-01T19:52:21.352+0000] {processor.py:179} INFO - Processing /home/airflow/.local/lib/python3.7/site-packages/airflow/example_dags/example_dynamic_task_mapping_with_no_taskflow_operators.py took 0.309 seconds
[2023-09-01T19:52:51.797+0000] {processor.py:157} INFO - Started process (PID=2323) to work on /home/airflow/.local/lib/python3.7/site-packages/airflow/example_dags/example_dynamic_task_mapping_with_no_taskflow_operators.py
[2023-09-01T19:52:51.797+0000] {processor.py:826} INFO - Processing file /home/airflow/.local/lib/python3.7/site-packages/airflow/example_dags/example_dynamic_task_mapping_with_no_taskflow_operators.py for tasks to queue
[2023-09-01T19:52:51.798+0000] {logging_mixin.py:150} INFO - [2023-09-01T19:52:51.798+0000] {dagbag.py:541} INFO - Filling up the DagBag from /home/airflow/.local/lib/python3.7/site-packages/airflow/example_dags/example_dynamic_task_mapping_with_no_taskflow_operators.py
[2023-09-01T19:52:51.804+0000] {processor.py:836} INFO - DAG(s) dict_keys(['example_dynamic_task_mapping_with_no_taskflow_operators']) retrieved from /home/airflow/.local/lib/python3.7/site-packages/airflow/example_dags/example_dynamic_task_mapping_with_no_taskflow_operators.py
[2023-09-01T19:52:51.825+0000] {logging_mixin.py:150} INFO - [2023-09-01T19:52:51.825+0000] {dag.py:2742} INFO - Sync 1 DAGs
[2023-09-01T19:52:51.846+0000] {logging_mixin.py:150} INFO - [2023-09-01T19:52:51.846+0000] {dag.py:3508} INFO - Setting next_dagrun for example_dynamic_task_mapping_with_no_taskflow_operators to 2023-08-31T19:52:51.846281+00:00, run_after=2023-09-01T19:52:51.846281+00:00
[2023-09-01T19:52:51.864+0000] {processor.py:179} INFO - Processing /home/airflow/.local/lib/python3.7/site-packages/airflow/example_dags/example_dynamic_task_mapping_with_no_taskflow_operators.py took 0.070 seconds
[2023-09-01T19:53:22.434+0000] {processor.py:157} INFO - Started process (PID=2378) to work on /home/airflow/.local/lib/python3.7/site-packages/airflow/example_dags/example_dynamic_task_mapping_with_no_taskflow_operators.py
[2023-09-01T19:53:22.436+0000] {processor.py:826} INFO - Processing file /home/airflow/.local/lib/python3.7/site-packages/airflow/example_dags/example_dynamic_task_mapping_with_no_taskflow_operators.py for tasks to queue
[2023-09-01T19:53:22.437+0000] {logging_mixin.py:150} INFO - [2023-09-01T19:53:22.437+0000] {dagbag.py:541} INFO - Filling up the DagBag from /home/airflow/.local/lib/python3.7/site-packages/airflow/example_dags/example_dynamic_task_mapping_with_no_taskflow_operators.py
[2023-09-01T19:53:22.447+0000] {processor.py:836} INFO - DAG(s) dict_keys(['example_dynamic_task_mapping_with_no_taskflow_operators']) retrieved from /home/airflow/.local/lib/python3.7/site-packages/airflow/example_dags/example_dynamic_task_mapping_with_no_taskflow_operators.py
[2023-09-01T19:53:22.509+0000] {logging_mixin.py:150} INFO - [2023-09-01T19:53:22.509+0000] {dag.py:2742} INFO - Sync 1 DAGs
[2023-09-01T19:53:22.578+0000] {logging_mixin.py:150} INFO - [2023-09-01T19:53:22.578+0000] {dag.py:3508} INFO - Setting next_dagrun for example_dynamic_task_mapping_with_no_taskflow_operators to 2023-08-31T19:53:22.577781+00:00, run_after=2023-09-01T19:53:22.577781+00:00
[2023-09-01T19:53:22.631+0000] {processor.py:179} INFO - Processing /home/airflow/.local/lib/python3.7/site-packages/airflow/example_dags/example_dynamic_task_mapping_with_no_taskflow_operators.py took 0.209 seconds
[2023-09-01T19:53:52.915+0000] {processor.py:157} INFO - Started process (PID=2433) to work on /home/airflow/.local/lib/python3.7/site-packages/airflow/example_dags/example_dynamic_task_mapping_with_no_taskflow_operators.py
[2023-09-01T19:53:52.916+0000] {processor.py:826} INFO - Processing file /home/airflow/.local/lib/python3.7/site-packages/airflow/example_dags/example_dynamic_task_mapping_with_no_taskflow_operators.py for tasks to queue
[2023-09-01T19:53:52.916+0000] {logging_mixin.py:150} INFO - [2023-09-01T19:53:52.916+0000] {dagbag.py:541} INFO - Filling up the DagBag from /home/airflow/.local/lib/python3.7/site-packages/airflow/example_dags/example_dynamic_task_mapping_with_no_taskflow_operators.py
[2023-09-01T19:53:52.935+0000] {processor.py:836} INFO - DAG(s) dict_keys(['example_dynamic_task_mapping_with_no_taskflow_operators']) retrieved from /home/airflow/.local/lib/python3.7/site-packages/airflow/example_dags/example_dynamic_task_mapping_with_no_taskflow_operators.py
[2023-09-01T19:53:52.973+0000] {logging_mixin.py:150} INFO - [2023-09-01T19:53:52.973+0000] {dag.py:2742} INFO - Sync 1 DAGs
[2023-09-01T19:53:52.995+0000] {logging_mixin.py:150} INFO - [2023-09-01T19:53:52.995+0000] {dag.py:3508} INFO - Setting next_dagrun for example_dynamic_task_mapping_with_no_taskflow_operators to 2023-08-31T19:53:52.994939+00:00, run_after=2023-09-01T19:53:52.994939+00:00
[2023-09-01T19:53:53.012+0000] {processor.py:179} INFO - Processing /home/airflow/.local/lib/python3.7/site-packages/airflow/example_dags/example_dynamic_task_mapping_with_no_taskflow_operators.py took 0.100 seconds
[2023-09-01T19:54:23.100+0000] {processor.py:157} INFO - Started process (PID=2488) to work on /home/airflow/.local/lib/python3.7/site-packages/airflow/example_dags/example_dynamic_task_mapping_with_no_taskflow_operators.py
[2023-09-01T19:54:23.101+0000] {processor.py:826} INFO - Processing file /home/airflow/.local/lib/python3.7/site-packages/airflow/example_dags/example_dynamic_task_mapping_with_no_taskflow_operators.py for tasks to queue
[2023-09-01T19:54:23.101+0000] {logging_mixin.py:150} INFO - [2023-09-01T19:54:23.101+0000] {dagbag.py:541} INFO - Filling up the DagBag from /home/airflow/.local/lib/python3.7/site-packages/airflow/example_dags/example_dynamic_task_mapping_with_no_taskflow_operators.py
[2023-09-01T19:54:23.109+0000] {processor.py:836} INFO - DAG(s) dict_keys(['example_dynamic_task_mapping_with_no_taskflow_operators']) retrieved from /home/airflow/.local/lib/python3.7/site-packages/airflow/example_dags/example_dynamic_task_mapping_with_no_taskflow_operators.py
[2023-09-01T19:54:23.130+0000] {logging_mixin.py:150} INFO - [2023-09-01T19:54:23.130+0000] {dag.py:2742} INFO - Sync 1 DAGs
[2023-09-01T19:54:23.152+0000] {logging_mixin.py:150} INFO - [2023-09-01T19:54:23.152+0000] {dag.py:3508} INFO - Setting next_dagrun for example_dynamic_task_mapping_with_no_taskflow_operators to 2023-08-31T19:54:23.152081+00:00, run_after=2023-09-01T19:54:23.152081+00:00
[2023-09-01T19:54:23.170+0000] {processor.py:179} INFO - Processing /home/airflow/.local/lib/python3.7/site-packages/airflow/example_dags/example_dynamic_task_mapping_with_no_taskflow_operators.py took 0.074 seconds
[2023-09-01T19:54:53.531+0000] {processor.py:157} INFO - Started process (PID=2543) to work on /home/airflow/.local/lib/python3.7/site-packages/airflow/example_dags/example_dynamic_task_mapping_with_no_taskflow_operators.py
[2023-09-01T19:54:53.532+0000] {processor.py:826} INFO - Processing file /home/airflow/.local/lib/python3.7/site-packages/airflow/example_dags/example_dynamic_task_mapping_with_no_taskflow_operators.py for tasks to queue
[2023-09-01T19:54:53.537+0000] {logging_mixin.py:150} INFO - [2023-09-01T19:54:53.536+0000] {dagbag.py:541} INFO - Filling up the DagBag from /home/airflow/.local/lib/python3.7/site-packages/airflow/example_dags/example_dynamic_task_mapping_with_no_taskflow_operators.py
[2023-09-01T19:54:53.553+0000] {processor.py:836} INFO - DAG(s) dict_keys(['example_dynamic_task_mapping_with_no_taskflow_operators']) retrieved from /home/airflow/.local/lib/python3.7/site-packages/airflow/example_dags/example_dynamic_task_mapping_with_no_taskflow_operators.py
[2023-09-01T19:54:53.617+0000] {logging_mixin.py:150} INFO - [2023-09-01T19:54:53.617+0000] {dag.py:2742} INFO - Sync 1 DAGs
[2023-09-01T19:54:53.657+0000] {logging_mixin.py:150} INFO - [2023-09-01T19:54:53.656+0000] {dag.py:3508} INFO - Setting next_dagrun for example_dynamic_task_mapping_with_no_taskflow_operators to 2023-08-31T19:54:53.656642+00:00, run_after=2023-09-01T19:54:53.656642+00:00
[2023-09-01T19:54:53.679+0000] {processor.py:179} INFO - Processing /home/airflow/.local/lib/python3.7/site-packages/airflow/example_dags/example_dynamic_task_mapping_with_no_taskflow_operators.py took 0.160 seconds
