[2023-09-01T19:31:54.802+0000] {processor.py:157} INFO - Started process (PID=59) to work on /home/airflow/.local/lib/python3.7/site-packages/airflow/example_dags/example_external_task_marker_dag.py
[2023-09-01T19:31:54.815+0000] {processor.py:826} INFO - Processing file /home/airflow/.local/lib/python3.7/site-packages/airflow/example_dags/example_external_task_marker_dag.py for tasks to queue
[2023-09-01T19:31:54.816+0000] {logging_mixin.py:150} INFO - [2023-09-01T19:31:54.815+0000] {dagbag.py:541} INFO - Filling up the DagBag from /home/airflow/.local/lib/python3.7/site-packages/airflow/example_dags/example_external_task_marker_dag.py
[2023-09-01T19:31:54.836+0000] {processor.py:836} INFO - DAG(s) dict_keys(['example_external_task_marker_parent', 'example_external_task_marker_child']) retrieved from /home/airflow/.local/lib/python3.7/site-packages/airflow/example_dags/example_external_task_marker_dag.py
[2023-09-01T19:31:55.136+0000] {logging_mixin.py:150} INFO - [2023-09-01T19:31:55.136+0000] {dag.py:2742} INFO - Sync 2 DAGs
[2023-09-01T19:31:55.156+0000] {logging_mixin.py:150} INFO - [2023-09-01T19:31:55.156+0000] {dag.py:3508} INFO - Setting next_dagrun for example_external_task_marker_child to None, run_after=None
[2023-09-01T19:31:55.160+0000] {logging_mixin.py:150} INFO - [2023-09-01T19:31:55.159+0000] {dag.py:3508} INFO - Setting next_dagrun for example_external_task_marker_parent to None, run_after=None
[2023-09-01T19:31:55.173+0000] {processor.py:179} INFO - Processing /home/airflow/.local/lib/python3.7/site-packages/airflow/example_dags/example_external_task_marker_dag.py took 0.375 seconds
[2023-09-01T19:32:25.834+0000] {processor.py:157} INFO - Started process (PID=115) to work on /home/airflow/.local/lib/python3.7/site-packages/airflow/example_dags/example_external_task_marker_dag.py
[2023-09-01T19:32:25.835+0000] {processor.py:826} INFO - Processing file /home/airflow/.local/lib/python3.7/site-packages/airflow/example_dags/example_external_task_marker_dag.py for tasks to queue
[2023-09-01T19:32:25.836+0000] {logging_mixin.py:150} INFO - [2023-09-01T19:32:25.835+0000] {dagbag.py:541} INFO - Filling up the DagBag from /home/airflow/.local/lib/python3.7/site-packages/airflow/example_dags/example_external_task_marker_dag.py
[2023-09-01T19:32:25.841+0000] {processor.py:836} INFO - DAG(s) dict_keys(['example_external_task_marker_child', 'example_external_task_marker_parent']) retrieved from /home/airflow/.local/lib/python3.7/site-packages/airflow/example_dags/example_external_task_marker_dag.py
[2023-09-01T19:32:25.864+0000] {logging_mixin.py:150} INFO - [2023-09-01T19:32:25.864+0000] {dag.py:2742} INFO - Sync 2 DAGs
[2023-09-01T19:32:25.883+0000] {logging_mixin.py:150} INFO - [2023-09-01T19:32:25.883+0000] {dag.py:3508} INFO - Setting next_dagrun for example_external_task_marker_child to None, run_after=None
[2023-09-01T19:32:25.886+0000] {logging_mixin.py:150} INFO - [2023-09-01T19:32:25.886+0000] {dag.py:3508} INFO - Setting next_dagrun for example_external_task_marker_parent to None, run_after=None
[2023-09-01T19:32:25.899+0000] {processor.py:179} INFO - Processing /home/airflow/.local/lib/python3.7/site-packages/airflow/example_dags/example_external_task_marker_dag.py took 0.068 seconds
[2023-09-01T19:32:56.794+0000] {processor.py:157} INFO - Started process (PID=170) to work on /home/airflow/.local/lib/python3.7/site-packages/airflow/example_dags/example_external_task_marker_dag.py
[2023-09-01T19:32:56.795+0000] {processor.py:826} INFO - Processing file /home/airflow/.local/lib/python3.7/site-packages/airflow/example_dags/example_external_task_marker_dag.py for tasks to queue
[2023-09-01T19:32:56.795+0000] {logging_mixin.py:150} INFO - [2023-09-01T19:32:56.795+0000] {dagbag.py:541} INFO - Filling up the DagBag from /home/airflow/.local/lib/python3.7/site-packages/airflow/example_dags/example_external_task_marker_dag.py
[2023-09-01T19:32:56.800+0000] {processor.py:836} INFO - DAG(s) dict_keys(['example_external_task_marker_parent', 'example_external_task_marker_child']) retrieved from /home/airflow/.local/lib/python3.7/site-packages/airflow/example_dags/example_external_task_marker_dag.py
[2023-09-01T19:32:56.823+0000] {logging_mixin.py:150} INFO - [2023-09-01T19:32:56.823+0000] {dag.py:2742} INFO - Sync 2 DAGs
[2023-09-01T19:32:56.844+0000] {logging_mixin.py:150} INFO - [2023-09-01T19:32:56.844+0000] {dag.py:3508} INFO - Setting next_dagrun for example_external_task_marker_child to None, run_after=None
[2023-09-01T19:32:56.846+0000] {logging_mixin.py:150} INFO - [2023-09-01T19:32:56.846+0000] {dag.py:3508} INFO - Setting next_dagrun for example_external_task_marker_parent to None, run_after=None
[2023-09-01T19:32:56.859+0000] {processor.py:179} INFO - Processing /home/airflow/.local/lib/python3.7/site-packages/airflow/example_dags/example_external_task_marker_dag.py took 0.069 seconds
[2023-09-01T19:33:27.176+0000] {processor.py:157} INFO - Started process (PID=225) to work on /home/airflow/.local/lib/python3.7/site-packages/airflow/example_dags/example_external_task_marker_dag.py
[2023-09-01T19:33:27.177+0000] {processor.py:826} INFO - Processing file /home/airflow/.local/lib/python3.7/site-packages/airflow/example_dags/example_external_task_marker_dag.py for tasks to queue
[2023-09-01T19:33:27.178+0000] {logging_mixin.py:150} INFO - [2023-09-01T19:33:27.177+0000] {dagbag.py:541} INFO - Filling up the DagBag from /home/airflow/.local/lib/python3.7/site-packages/airflow/example_dags/example_external_task_marker_dag.py
[2023-09-01T19:33:27.182+0000] {processor.py:836} INFO - DAG(s) dict_keys(['example_external_task_marker_parent', 'example_external_task_marker_child']) retrieved from /home/airflow/.local/lib/python3.7/site-packages/airflow/example_dags/example_external_task_marker_dag.py
[2023-09-01T19:33:27.205+0000] {logging_mixin.py:150} INFO - [2023-09-01T19:33:27.205+0000] {dag.py:2742} INFO - Sync 2 DAGs
[2023-09-01T19:33:27.228+0000] {logging_mixin.py:150} INFO - [2023-09-01T19:33:27.227+0000] {dag.py:3508} INFO - Setting next_dagrun for example_external_task_marker_child to None, run_after=None
[2023-09-01T19:33:27.231+0000] {logging_mixin.py:150} INFO - [2023-09-01T19:33:27.231+0000] {dag.py:3508} INFO - Setting next_dagrun for example_external_task_marker_parent to None, run_after=None
[2023-09-01T19:33:27.244+0000] {processor.py:179} INFO - Processing /home/airflow/.local/lib/python3.7/site-packages/airflow/example_dags/example_external_task_marker_dag.py took 0.070 seconds
[2023-09-01T19:33:57.518+0000] {processor.py:157} INFO - Started process (PID=280) to work on /home/airflow/.local/lib/python3.7/site-packages/airflow/example_dags/example_external_task_marker_dag.py
[2023-09-01T19:33:57.520+0000] {processor.py:826} INFO - Processing file /home/airflow/.local/lib/python3.7/site-packages/airflow/example_dags/example_external_task_marker_dag.py for tasks to queue
[2023-09-01T19:33:57.520+0000] {logging_mixin.py:150} INFO - [2023-09-01T19:33:57.520+0000] {dagbag.py:541} INFO - Filling up the DagBag from /home/airflow/.local/lib/python3.7/site-packages/airflow/example_dags/example_external_task_marker_dag.py
[2023-09-01T19:33:57.526+0000] {processor.py:836} INFO - DAG(s) dict_keys(['example_external_task_marker_child', 'example_external_task_marker_parent']) retrieved from /home/airflow/.local/lib/python3.7/site-packages/airflow/example_dags/example_external_task_marker_dag.py
[2023-09-01T19:33:57.551+0000] {logging_mixin.py:150} INFO - [2023-09-01T19:33:57.551+0000] {dag.py:2742} INFO - Sync 2 DAGs
[2023-09-01T19:33:57.572+0000] {logging_mixin.py:150} INFO - [2023-09-01T19:33:57.572+0000] {dag.py:3508} INFO - Setting next_dagrun for example_external_task_marker_child to None, run_after=None
[2023-09-01T19:33:57.576+0000] {logging_mixin.py:150} INFO - [2023-09-01T19:33:57.576+0000] {dag.py:3508} INFO - Setting next_dagrun for example_external_task_marker_parent to None, run_after=None
[2023-09-01T19:33:57.589+0000] {processor.py:179} INFO - Processing /home/airflow/.local/lib/python3.7/site-packages/airflow/example_dags/example_external_task_marker_dag.py took 0.075 seconds
[2023-09-01T19:34:27.920+0000] {processor.py:157} INFO - Started process (PID=335) to work on /home/airflow/.local/lib/python3.7/site-packages/airflow/example_dags/example_external_task_marker_dag.py
[2023-09-01T19:34:27.921+0000] {processor.py:826} INFO - Processing file /home/airflow/.local/lib/python3.7/site-packages/airflow/example_dags/example_external_task_marker_dag.py for tasks to queue
[2023-09-01T19:34:27.922+0000] {logging_mixin.py:150} INFO - [2023-09-01T19:34:27.922+0000] {dagbag.py:541} INFO - Filling up the DagBag from /home/airflow/.local/lib/python3.7/site-packages/airflow/example_dags/example_external_task_marker_dag.py
[2023-09-01T19:34:27.927+0000] {processor.py:836} INFO - DAG(s) dict_keys(['example_external_task_marker_parent', 'example_external_task_marker_child']) retrieved from /home/airflow/.local/lib/python3.7/site-packages/airflow/example_dags/example_external_task_marker_dag.py
[2023-09-01T19:34:27.961+0000] {logging_mixin.py:150} INFO - [2023-09-01T19:34:27.961+0000] {dag.py:2742} INFO - Sync 2 DAGs
[2023-09-01T19:34:27.997+0000] {logging_mixin.py:150} INFO - [2023-09-01T19:34:27.997+0000] {dag.py:3508} INFO - Setting next_dagrun for example_external_task_marker_child to None, run_after=None
[2023-09-01T19:34:28.000+0000] {logging_mixin.py:150} INFO - [2023-09-01T19:34:28.000+0000] {dag.py:3508} INFO - Setting next_dagrun for example_external_task_marker_parent to None, run_after=None
[2023-09-01T19:34:28.013+0000] {processor.py:179} INFO - Processing /home/airflow/.local/lib/python3.7/site-packages/airflow/example_dags/example_external_task_marker_dag.py took 0.100 seconds
[2023-09-01T19:34:58.173+0000] {processor.py:157} INFO - Started process (PID=390) to work on /home/airflow/.local/lib/python3.7/site-packages/airflow/example_dags/example_external_task_marker_dag.py
[2023-09-01T19:34:58.175+0000] {processor.py:826} INFO - Processing file /home/airflow/.local/lib/python3.7/site-packages/airflow/example_dags/example_external_task_marker_dag.py for tasks to queue
[2023-09-01T19:34:58.176+0000] {logging_mixin.py:150} INFO - [2023-09-01T19:34:58.176+0000] {dagbag.py:541} INFO - Filling up the DagBag from /home/airflow/.local/lib/python3.7/site-packages/airflow/example_dags/example_external_task_marker_dag.py
[2023-09-01T19:34:58.181+0000] {processor.py:836} INFO - DAG(s) dict_keys(['example_external_task_marker_child', 'example_external_task_marker_parent']) retrieved from /home/airflow/.local/lib/python3.7/site-packages/airflow/example_dags/example_external_task_marker_dag.py
[2023-09-01T19:34:58.220+0000] {logging_mixin.py:150} INFO - [2023-09-01T19:34:58.220+0000] {dag.py:2742} INFO - Sync 2 DAGs
[2023-09-01T19:34:58.242+0000] {logging_mixin.py:150} INFO - [2023-09-01T19:34:58.242+0000] {dag.py:3508} INFO - Setting next_dagrun for example_external_task_marker_child to None, run_after=None
[2023-09-01T19:34:58.245+0000] {logging_mixin.py:150} INFO - [2023-09-01T19:34:58.245+0000] {dag.py:3508} INFO - Setting next_dagrun for example_external_task_marker_parent to None, run_after=None
[2023-09-01T19:34:58.260+0000] {processor.py:179} INFO - Processing /home/airflow/.local/lib/python3.7/site-packages/airflow/example_dags/example_external_task_marker_dag.py took 0.090 seconds
[2023-09-01T19:35:28.457+0000] {processor.py:157} INFO - Started process (PID=445) to work on /home/airflow/.local/lib/python3.7/site-packages/airflow/example_dags/example_external_task_marker_dag.py
[2023-09-01T19:35:28.457+0000] {processor.py:826} INFO - Processing file /home/airflow/.local/lib/python3.7/site-packages/airflow/example_dags/example_external_task_marker_dag.py for tasks to queue
[2023-09-01T19:35:28.458+0000] {logging_mixin.py:150} INFO - [2023-09-01T19:35:28.458+0000] {dagbag.py:541} INFO - Filling up the DagBag from /home/airflow/.local/lib/python3.7/site-packages/airflow/example_dags/example_external_task_marker_dag.py
[2023-09-01T19:35:28.463+0000] {processor.py:836} INFO - DAG(s) dict_keys(['example_external_task_marker_child', 'example_external_task_marker_parent']) retrieved from /home/airflow/.local/lib/python3.7/site-packages/airflow/example_dags/example_external_task_marker_dag.py
[2023-09-01T19:35:28.497+0000] {logging_mixin.py:150} INFO - [2023-09-01T19:35:28.497+0000] {dag.py:2742} INFO - Sync 2 DAGs
[2023-09-01T19:35:28.529+0000] {logging_mixin.py:150} INFO - [2023-09-01T19:35:28.529+0000] {dag.py:3508} INFO - Setting next_dagrun for example_external_task_marker_child to None, run_after=None
[2023-09-01T19:35:28.533+0000] {logging_mixin.py:150} INFO - [2023-09-01T19:35:28.533+0000] {dag.py:3508} INFO - Setting next_dagrun for example_external_task_marker_parent to None, run_after=None
[2023-09-01T19:35:28.549+0000] {processor.py:179} INFO - Processing /home/airflow/.local/lib/python3.7/site-packages/airflow/example_dags/example_external_task_marker_dag.py took 0.095 seconds
[2023-09-01T19:36:01.105+0000] {processor.py:157} INFO - Started process (PID=507) to work on /home/airflow/.local/lib/python3.7/site-packages/airflow/example_dags/example_external_task_marker_dag.py
[2023-09-01T19:36:01.109+0000] {processor.py:826} INFO - Processing file /home/airflow/.local/lib/python3.7/site-packages/airflow/example_dags/example_external_task_marker_dag.py for tasks to queue
[2023-09-01T19:36:01.110+0000] {logging_mixin.py:150} INFO - [2023-09-01T19:36:01.109+0000] {dagbag.py:541} INFO - Filling up the DagBag from /home/airflow/.local/lib/python3.7/site-packages/airflow/example_dags/example_external_task_marker_dag.py
[2023-09-01T19:36:01.130+0000] {processor.py:836} INFO - DAG(s) dict_keys(['example_external_task_marker_child', 'example_external_task_marker_parent']) retrieved from /home/airflow/.local/lib/python3.7/site-packages/airflow/example_dags/example_external_task_marker_dag.py
[2023-09-01T19:36:01.239+0000] {logging_mixin.py:150} INFO - [2023-09-01T19:36:01.239+0000] {dag.py:2742} INFO - Sync 2 DAGs
[2023-09-01T19:36:01.269+0000] {logging_mixin.py:150} INFO - [2023-09-01T19:36:01.269+0000] {dag.py:3508} INFO - Setting next_dagrun for example_external_task_marker_child to None, run_after=None
[2023-09-01T19:36:01.277+0000] {logging_mixin.py:150} INFO - [2023-09-01T19:36:01.277+0000] {dag.py:3508} INFO - Setting next_dagrun for example_external_task_marker_parent to None, run_after=None
[2023-09-01T19:36:01.381+0000] {processor.py:179} INFO - Processing /home/airflow/.local/lib/python3.7/site-packages/airflow/example_dags/example_external_task_marker_dag.py took 0.296 seconds
[2023-09-01T19:36:31.515+0000] {processor.py:157} INFO - Started process (PID=562) to work on /home/airflow/.local/lib/python3.7/site-packages/airflow/example_dags/example_external_task_marker_dag.py
[2023-09-01T19:36:31.517+0000] {processor.py:826} INFO - Processing file /home/airflow/.local/lib/python3.7/site-packages/airflow/example_dags/example_external_task_marker_dag.py for tasks to queue
[2023-09-01T19:36:31.518+0000] {logging_mixin.py:150} INFO - [2023-09-01T19:36:31.518+0000] {dagbag.py:541} INFO - Filling up the DagBag from /home/airflow/.local/lib/python3.7/site-packages/airflow/example_dags/example_external_task_marker_dag.py
[2023-09-01T19:36:31.523+0000] {processor.py:836} INFO - DAG(s) dict_keys(['example_external_task_marker_child', 'example_external_task_marker_parent']) retrieved from /home/airflow/.local/lib/python3.7/site-packages/airflow/example_dags/example_external_task_marker_dag.py
[2023-09-01T19:36:31.548+0000] {logging_mixin.py:150} INFO - [2023-09-01T19:36:31.548+0000] {dag.py:2742} INFO - Sync 2 DAGs
[2023-09-01T19:36:31.578+0000] {logging_mixin.py:150} INFO - [2023-09-01T19:36:31.577+0000] {dag.py:3508} INFO - Setting next_dagrun for example_external_task_marker_child to None, run_after=None
[2023-09-01T19:36:31.581+0000] {logging_mixin.py:150} INFO - [2023-09-01T19:36:31.581+0000] {dag.py:3508} INFO - Setting next_dagrun for example_external_task_marker_parent to None, run_after=None
[2023-09-01T19:36:31.598+0000] {processor.py:179} INFO - Processing /home/airflow/.local/lib/python3.7/site-packages/airflow/example_dags/example_external_task_marker_dag.py took 0.094 seconds
[2023-09-01T19:37:02.972+0000] {processor.py:157} INFO - Started process (PID=617) to work on /home/airflow/.local/lib/python3.7/site-packages/airflow/example_dags/example_external_task_marker_dag.py
[2023-09-01T19:37:02.976+0000] {processor.py:826} INFO - Processing file /home/airflow/.local/lib/python3.7/site-packages/airflow/example_dags/example_external_task_marker_dag.py for tasks to queue
[2023-09-01T19:37:02.978+0000] {logging_mixin.py:150} INFO - [2023-09-01T19:37:02.978+0000] {dagbag.py:541} INFO - Filling up the DagBag from /home/airflow/.local/lib/python3.7/site-packages/airflow/example_dags/example_external_task_marker_dag.py
[2023-09-01T19:37:03.027+0000] {processor.py:836} INFO - DAG(s) dict_keys(['example_external_task_marker_child', 'example_external_task_marker_parent']) retrieved from /home/airflow/.local/lib/python3.7/site-packages/airflow/example_dags/example_external_task_marker_dag.py
[2023-09-01T19:37:03.087+0000] {logging_mixin.py:150} INFO - [2023-09-01T19:37:03.086+0000] {dag.py:2742} INFO - Sync 2 DAGs
[2023-09-01T19:37:03.177+0000] {logging_mixin.py:150} INFO - [2023-09-01T19:37:03.177+0000] {dag.py:3508} INFO - Setting next_dagrun for example_external_task_marker_child to None, run_after=None
[2023-09-01T19:37:03.205+0000] {logging_mixin.py:150} INFO - [2023-09-01T19:37:03.204+0000] {dag.py:3508} INFO - Setting next_dagrun for example_external_task_marker_parent to None, run_after=None
[2023-09-01T19:37:03.259+0000] {processor.py:179} INFO - Processing /home/airflow/.local/lib/python3.7/site-packages/airflow/example_dags/example_external_task_marker_dag.py took 0.295 seconds
[2023-09-01T19:37:33.367+0000] {processor.py:157} INFO - Started process (PID=672) to work on /home/airflow/.local/lib/python3.7/site-packages/airflow/example_dags/example_external_task_marker_dag.py
[2023-09-01T19:37:33.368+0000] {processor.py:826} INFO - Processing file /home/airflow/.local/lib/python3.7/site-packages/airflow/example_dags/example_external_task_marker_dag.py for tasks to queue
[2023-09-01T19:37:33.368+0000] {logging_mixin.py:150} INFO - [2023-09-01T19:37:33.368+0000] {dagbag.py:541} INFO - Filling up the DagBag from /home/airflow/.local/lib/python3.7/site-packages/airflow/example_dags/example_external_task_marker_dag.py
[2023-09-01T19:37:33.374+0000] {processor.py:836} INFO - DAG(s) dict_keys(['example_external_task_marker_child', 'example_external_task_marker_parent']) retrieved from /home/airflow/.local/lib/python3.7/site-packages/airflow/example_dags/example_external_task_marker_dag.py
[2023-09-01T19:37:33.400+0000] {logging_mixin.py:150} INFO - [2023-09-01T19:37:33.400+0000] {dag.py:2742} INFO - Sync 2 DAGs
[2023-09-01T19:37:33.420+0000] {logging_mixin.py:150} INFO - [2023-09-01T19:37:33.420+0000] {dag.py:3508} INFO - Setting next_dagrun for example_external_task_marker_child to None, run_after=None
[2023-09-01T19:37:33.424+0000] {logging_mixin.py:150} INFO - [2023-09-01T19:37:33.424+0000] {dag.py:3508} INFO - Setting next_dagrun for example_external_task_marker_parent to None, run_after=None
[2023-09-01T19:37:33.439+0000] {processor.py:179} INFO - Processing /home/airflow/.local/lib/python3.7/site-packages/airflow/example_dags/example_external_task_marker_dag.py took 0.076 seconds
[2023-09-01T19:38:04.478+0000] {processor.py:157} INFO - Started process (PID=727) to work on /home/airflow/.local/lib/python3.7/site-packages/airflow/example_dags/example_external_task_marker_dag.py
[2023-09-01T19:38:04.481+0000] {processor.py:826} INFO - Processing file /home/airflow/.local/lib/python3.7/site-packages/airflow/example_dags/example_external_task_marker_dag.py for tasks to queue
[2023-09-01T19:38:04.481+0000] {logging_mixin.py:150} INFO - [2023-09-01T19:38:04.481+0000] {dagbag.py:541} INFO - Filling up the DagBag from /home/airflow/.local/lib/python3.7/site-packages/airflow/example_dags/example_external_task_marker_dag.py
[2023-09-01T19:38:04.490+0000] {processor.py:836} INFO - DAG(s) dict_keys(['example_external_task_marker_child', 'example_external_task_marker_parent']) retrieved from /home/airflow/.local/lib/python3.7/site-packages/airflow/example_dags/example_external_task_marker_dag.py
[2023-09-01T19:38:04.526+0000] {logging_mixin.py:150} INFO - [2023-09-01T19:38:04.526+0000] {dag.py:2742} INFO - Sync 2 DAGs
[2023-09-01T19:38:04.553+0000] {logging_mixin.py:150} INFO - [2023-09-01T19:38:04.553+0000] {dag.py:3508} INFO - Setting next_dagrun for example_external_task_marker_child to None, run_after=None
[2023-09-01T19:38:04.557+0000] {logging_mixin.py:150} INFO - [2023-09-01T19:38:04.557+0000] {dag.py:3508} INFO - Setting next_dagrun for example_external_task_marker_parent to None, run_after=None
[2023-09-01T19:38:04.579+0000] {processor.py:179} INFO - Processing /home/airflow/.local/lib/python3.7/site-packages/airflow/example_dags/example_external_task_marker_dag.py took 0.106 seconds
[2023-09-01T19:38:35.277+0000] {processor.py:157} INFO - Started process (PID=782) to work on /home/airflow/.local/lib/python3.7/site-packages/airflow/example_dags/example_external_task_marker_dag.py
[2023-09-01T19:38:35.278+0000] {processor.py:826} INFO - Processing file /home/airflow/.local/lib/python3.7/site-packages/airflow/example_dags/example_external_task_marker_dag.py for tasks to queue
[2023-09-01T19:38:35.279+0000] {logging_mixin.py:150} INFO - [2023-09-01T19:38:35.279+0000] {dagbag.py:541} INFO - Filling up the DagBag from /home/airflow/.local/lib/python3.7/site-packages/airflow/example_dags/example_external_task_marker_dag.py
[2023-09-01T19:38:35.285+0000] {processor.py:836} INFO - DAG(s) dict_keys(['example_external_task_marker_child', 'example_external_task_marker_parent']) retrieved from /home/airflow/.local/lib/python3.7/site-packages/airflow/example_dags/example_external_task_marker_dag.py
[2023-09-01T19:38:35.319+0000] {logging_mixin.py:150} INFO - [2023-09-01T19:38:35.319+0000] {dag.py:2742} INFO - Sync 2 DAGs
[2023-09-01T19:38:35.341+0000] {logging_mixin.py:150} INFO - [2023-09-01T19:38:35.341+0000] {dag.py:3508} INFO - Setting next_dagrun for example_external_task_marker_child to None, run_after=None
[2023-09-01T19:38:35.344+0000] {logging_mixin.py:150} INFO - [2023-09-01T19:38:35.344+0000] {dag.py:3508} INFO - Setting next_dagrun for example_external_task_marker_parent to None, run_after=None
[2023-09-01T19:38:35.359+0000] {processor.py:179} INFO - Processing /home/airflow/.local/lib/python3.7/site-packages/airflow/example_dags/example_external_task_marker_dag.py took 0.086 seconds
[2023-09-01T19:39:05.621+0000] {processor.py:157} INFO - Started process (PID=836) to work on /home/airflow/.local/lib/python3.7/site-packages/airflow/example_dags/example_external_task_marker_dag.py
[2023-09-01T19:39:05.624+0000] {processor.py:826} INFO - Processing file /home/airflow/.local/lib/python3.7/site-packages/airflow/example_dags/example_external_task_marker_dag.py for tasks to queue
[2023-09-01T19:39:05.625+0000] {logging_mixin.py:150} INFO - [2023-09-01T19:39:05.625+0000] {dagbag.py:541} INFO - Filling up the DagBag from /home/airflow/.local/lib/python3.7/site-packages/airflow/example_dags/example_external_task_marker_dag.py
[2023-09-01T19:39:05.647+0000] {processor.py:836} INFO - DAG(s) dict_keys(['example_external_task_marker_child', 'example_external_task_marker_parent']) retrieved from /home/airflow/.local/lib/python3.7/site-packages/airflow/example_dags/example_external_task_marker_dag.py
[2023-09-01T19:39:05.708+0000] {logging_mixin.py:150} INFO - [2023-09-01T19:39:05.708+0000] {dag.py:2742} INFO - Sync 2 DAGs
[2023-09-01T19:39:05.765+0000] {logging_mixin.py:150} INFO - [2023-09-01T19:39:05.765+0000] {dag.py:3508} INFO - Setting next_dagrun for example_external_task_marker_child to None, run_after=None
[2023-09-01T19:39:05.772+0000] {logging_mixin.py:150} INFO - [2023-09-01T19:39:05.772+0000] {dag.py:3508} INFO - Setting next_dagrun for example_external_task_marker_parent to None, run_after=None
[2023-09-01T19:39:05.799+0000] {processor.py:179} INFO - Processing /home/airflow/.local/lib/python3.7/site-packages/airflow/example_dags/example_external_task_marker_dag.py took 0.186 seconds
[2023-09-01T19:39:35.834+0000] {processor.py:157} INFO - Started process (PID=891) to work on /home/airflow/.local/lib/python3.7/site-packages/airflow/example_dags/example_external_task_marker_dag.py
[2023-09-01T19:39:35.836+0000] {processor.py:826} INFO - Processing file /home/airflow/.local/lib/python3.7/site-packages/airflow/example_dags/example_external_task_marker_dag.py for tasks to queue
[2023-09-01T19:39:35.836+0000] {logging_mixin.py:150} INFO - [2023-09-01T19:39:35.836+0000] {dagbag.py:541} INFO - Filling up the DagBag from /home/airflow/.local/lib/python3.7/site-packages/airflow/example_dags/example_external_task_marker_dag.py
[2023-09-01T19:39:35.841+0000] {processor.py:836} INFO - DAG(s) dict_keys(['example_external_task_marker_child', 'example_external_task_marker_parent']) retrieved from /home/airflow/.local/lib/python3.7/site-packages/airflow/example_dags/example_external_task_marker_dag.py
[2023-09-01T19:39:35.867+0000] {logging_mixin.py:150} INFO - [2023-09-01T19:39:35.867+0000] {dag.py:2742} INFO - Sync 2 DAGs
[2023-09-01T19:39:35.888+0000] {logging_mixin.py:150} INFO - [2023-09-01T19:39:35.887+0000] {dag.py:3508} INFO - Setting next_dagrun for example_external_task_marker_child to None, run_after=None
[2023-09-01T19:39:35.890+0000] {logging_mixin.py:150} INFO - [2023-09-01T19:39:35.890+0000] {dag.py:3508} INFO - Setting next_dagrun for example_external_task_marker_parent to None, run_after=None
[2023-09-01T19:39:35.905+0000] {processor.py:179} INFO - Processing /home/airflow/.local/lib/python3.7/site-packages/airflow/example_dags/example_external_task_marker_dag.py took 0.074 seconds
[2023-09-01T19:40:06.168+0000] {processor.py:157} INFO - Started process (PID=946) to work on /home/airflow/.local/lib/python3.7/site-packages/airflow/example_dags/example_external_task_marker_dag.py
[2023-09-01T19:40:06.174+0000] {processor.py:826} INFO - Processing file /home/airflow/.local/lib/python3.7/site-packages/airflow/example_dags/example_external_task_marker_dag.py for tasks to queue
[2023-09-01T19:40:06.175+0000] {logging_mixin.py:150} INFO - [2023-09-01T19:40:06.175+0000] {dagbag.py:541} INFO - Filling up the DagBag from /home/airflow/.local/lib/python3.7/site-packages/airflow/example_dags/example_external_task_marker_dag.py
[2023-09-01T19:40:06.189+0000] {processor.py:836} INFO - DAG(s) dict_keys(['example_external_task_marker_child', 'example_external_task_marker_parent']) retrieved from /home/airflow/.local/lib/python3.7/site-packages/airflow/example_dags/example_external_task_marker_dag.py
[2023-09-01T19:40:06.253+0000] {logging_mixin.py:150} INFO - [2023-09-01T19:40:06.252+0000] {dag.py:2742} INFO - Sync 2 DAGs
[2023-09-01T19:40:06.308+0000] {logging_mixin.py:150} INFO - [2023-09-01T19:40:06.308+0000] {dag.py:3508} INFO - Setting next_dagrun for example_external_task_marker_child to None, run_after=None
[2023-09-01T19:40:06.314+0000] {logging_mixin.py:150} INFO - [2023-09-01T19:40:06.314+0000] {dag.py:3508} INFO - Setting next_dagrun for example_external_task_marker_parent to None, run_after=None
[2023-09-01T19:40:06.344+0000] {processor.py:179} INFO - Processing /home/airflow/.local/lib/python3.7/site-packages/airflow/example_dags/example_external_task_marker_dag.py took 0.183 seconds
[2023-09-01T19:40:36.600+0000] {processor.py:157} INFO - Started process (PID=1000) to work on /home/airflow/.local/lib/python3.7/site-packages/airflow/example_dags/example_external_task_marker_dag.py
[2023-09-01T19:40:36.600+0000] {processor.py:826} INFO - Processing file /home/airflow/.local/lib/python3.7/site-packages/airflow/example_dags/example_external_task_marker_dag.py for tasks to queue
[2023-09-01T19:40:36.601+0000] {logging_mixin.py:150} INFO - [2023-09-01T19:40:36.601+0000] {dagbag.py:541} INFO - Filling up the DagBag from /home/airflow/.local/lib/python3.7/site-packages/airflow/example_dags/example_external_task_marker_dag.py
[2023-09-01T19:40:36.607+0000] {processor.py:836} INFO - DAG(s) dict_keys(['example_external_task_marker_child', 'example_external_task_marker_parent']) retrieved from /home/airflow/.local/lib/python3.7/site-packages/airflow/example_dags/example_external_task_marker_dag.py
[2023-09-01T19:40:36.637+0000] {logging_mixin.py:150} INFO - [2023-09-01T19:40:36.636+0000] {dag.py:2742} INFO - Sync 2 DAGs
[2023-09-01T19:40:36.658+0000] {logging_mixin.py:150} INFO - [2023-09-01T19:40:36.658+0000] {dag.py:3508} INFO - Setting next_dagrun for example_external_task_marker_child to None, run_after=None
[2023-09-01T19:40:36.661+0000] {logging_mixin.py:150} INFO - [2023-09-01T19:40:36.661+0000] {dag.py:3508} INFO - Setting next_dagrun for example_external_task_marker_parent to None, run_after=None
[2023-09-01T19:40:36.675+0000] {processor.py:179} INFO - Processing /home/airflow/.local/lib/python3.7/site-packages/airflow/example_dags/example_external_task_marker_dag.py took 0.079 seconds
[2023-09-01T19:41:07.736+0000] {processor.py:157} INFO - Started process (PID=1055) to work on /home/airflow/.local/lib/python3.7/site-packages/airflow/example_dags/example_external_task_marker_dag.py
[2023-09-01T19:41:07.739+0000] {processor.py:826} INFO - Processing file /home/airflow/.local/lib/python3.7/site-packages/airflow/example_dags/example_external_task_marker_dag.py for tasks to queue
[2023-09-01T19:41:07.746+0000] {logging_mixin.py:150} INFO - [2023-09-01T19:41:07.746+0000] {dagbag.py:541} INFO - Filling up the DagBag from /home/airflow/.local/lib/python3.7/site-packages/airflow/example_dags/example_external_task_marker_dag.py
[2023-09-01T19:41:07.763+0000] {processor.py:836} INFO - DAG(s) dict_keys(['example_external_task_marker_parent', 'example_external_task_marker_child']) retrieved from /home/airflow/.local/lib/python3.7/site-packages/airflow/example_dags/example_external_task_marker_dag.py
[2023-09-01T19:41:07.807+0000] {logging_mixin.py:150} INFO - [2023-09-01T19:41:07.807+0000] {dag.py:2742} INFO - Sync 2 DAGs
[2023-09-01T19:41:07.853+0000] {logging_mixin.py:150} INFO - [2023-09-01T19:41:07.853+0000] {dag.py:3508} INFO - Setting next_dagrun for example_external_task_marker_child to None, run_after=None
[2023-09-01T19:41:07.861+0000] {logging_mixin.py:150} INFO - [2023-09-01T19:41:07.861+0000] {dag.py:3508} INFO - Setting next_dagrun for example_external_task_marker_parent to None, run_after=None
[2023-09-01T19:41:07.901+0000] {processor.py:179} INFO - Processing /home/airflow/.local/lib/python3.7/site-packages/airflow/example_dags/example_external_task_marker_dag.py took 0.169 seconds
[2023-09-01T19:41:38.190+0000] {processor.py:157} INFO - Started process (PID=1110) to work on /home/airflow/.local/lib/python3.7/site-packages/airflow/example_dags/example_external_task_marker_dag.py
[2023-09-01T19:41:38.191+0000] {processor.py:826} INFO - Processing file /home/airflow/.local/lib/python3.7/site-packages/airflow/example_dags/example_external_task_marker_dag.py for tasks to queue
[2023-09-01T19:41:38.192+0000] {logging_mixin.py:150} INFO - [2023-09-01T19:41:38.192+0000] {dagbag.py:541} INFO - Filling up the DagBag from /home/airflow/.local/lib/python3.7/site-packages/airflow/example_dags/example_external_task_marker_dag.py
[2023-09-01T19:41:38.198+0000] {processor.py:836} INFO - DAG(s) dict_keys(['example_external_task_marker_parent', 'example_external_task_marker_child']) retrieved from /home/airflow/.local/lib/python3.7/site-packages/airflow/example_dags/example_external_task_marker_dag.py
[2023-09-01T19:41:38.229+0000] {logging_mixin.py:150} INFO - [2023-09-01T19:41:38.229+0000] {dag.py:2742} INFO - Sync 2 DAGs
[2023-09-01T19:41:38.252+0000] {logging_mixin.py:150} INFO - [2023-09-01T19:41:38.252+0000] {dag.py:3508} INFO - Setting next_dagrun for example_external_task_marker_child to None, run_after=None
[2023-09-01T19:41:38.255+0000] {logging_mixin.py:150} INFO - [2023-09-01T19:41:38.255+0000] {dag.py:3508} INFO - Setting next_dagrun for example_external_task_marker_parent to None, run_after=None
[2023-09-01T19:41:38.269+0000] {processor.py:179} INFO - Processing /home/airflow/.local/lib/python3.7/site-packages/airflow/example_dags/example_external_task_marker_dag.py took 0.083 seconds
[2023-09-01T19:42:08.494+0000] {processor.py:157} INFO - Started process (PID=1164) to work on /home/airflow/.local/lib/python3.7/site-packages/airflow/example_dags/example_external_task_marker_dag.py
[2023-09-01T19:42:08.495+0000] {processor.py:826} INFO - Processing file /home/airflow/.local/lib/python3.7/site-packages/airflow/example_dags/example_external_task_marker_dag.py for tasks to queue
[2023-09-01T19:42:08.496+0000] {logging_mixin.py:150} INFO - [2023-09-01T19:42:08.496+0000] {dagbag.py:541} INFO - Filling up the DagBag from /home/airflow/.local/lib/python3.7/site-packages/airflow/example_dags/example_external_task_marker_dag.py
[2023-09-01T19:42:08.501+0000] {processor.py:836} INFO - DAG(s) dict_keys(['example_external_task_marker_child', 'example_external_task_marker_parent']) retrieved from /home/airflow/.local/lib/python3.7/site-packages/airflow/example_dags/example_external_task_marker_dag.py
[2023-09-01T19:42:08.526+0000] {logging_mixin.py:150} INFO - [2023-09-01T19:42:08.526+0000] {dag.py:2742} INFO - Sync 2 DAGs
[2023-09-01T19:42:08.551+0000] {logging_mixin.py:150} INFO - [2023-09-01T19:42:08.551+0000] {dag.py:3508} INFO - Setting next_dagrun for example_external_task_marker_child to None, run_after=None
[2023-09-01T19:42:08.556+0000] {logging_mixin.py:150} INFO - [2023-09-01T19:42:08.556+0000] {dag.py:3508} INFO - Setting next_dagrun for example_external_task_marker_parent to None, run_after=None
[2023-09-01T19:42:08.572+0000] {processor.py:179} INFO - Processing /home/airflow/.local/lib/python3.7/site-packages/airflow/example_dags/example_external_task_marker_dag.py took 0.081 seconds
[2023-09-01T19:42:39.095+0000] {processor.py:157} INFO - Started process (PID=1219) to work on /home/airflow/.local/lib/python3.7/site-packages/airflow/example_dags/example_external_task_marker_dag.py
[2023-09-01T19:42:39.096+0000] {processor.py:826} INFO - Processing file /home/airflow/.local/lib/python3.7/site-packages/airflow/example_dags/example_external_task_marker_dag.py for tasks to queue
[2023-09-01T19:42:39.097+0000] {logging_mixin.py:150} INFO - [2023-09-01T19:42:39.096+0000] {dagbag.py:541} INFO - Filling up the DagBag from /home/airflow/.local/lib/python3.7/site-packages/airflow/example_dags/example_external_task_marker_dag.py
[2023-09-01T19:42:39.102+0000] {processor.py:836} INFO - DAG(s) dict_keys(['example_external_task_marker_parent', 'example_external_task_marker_child']) retrieved from /home/airflow/.local/lib/python3.7/site-packages/airflow/example_dags/example_external_task_marker_dag.py
[2023-09-01T19:42:39.131+0000] {logging_mixin.py:150} INFO - [2023-09-01T19:42:39.131+0000] {dag.py:2742} INFO - Sync 2 DAGs
[2023-09-01T19:42:39.156+0000] {logging_mixin.py:150} INFO - [2023-09-01T19:42:39.156+0000] {dag.py:3508} INFO - Setting next_dagrun for example_external_task_marker_child to None, run_after=None
[2023-09-01T19:42:39.159+0000] {logging_mixin.py:150} INFO - [2023-09-01T19:42:39.159+0000] {dag.py:3508} INFO - Setting next_dagrun for example_external_task_marker_parent to None, run_after=None
[2023-09-01T19:42:39.176+0000] {processor.py:179} INFO - Processing /home/airflow/.local/lib/python3.7/site-packages/airflow/example_dags/example_external_task_marker_dag.py took 0.085 seconds
[2023-09-01T19:43:09.223+0000] {processor.py:157} INFO - Started process (PID=1274) to work on /home/airflow/.local/lib/python3.7/site-packages/airflow/example_dags/example_external_task_marker_dag.py
[2023-09-01T19:43:09.224+0000] {processor.py:826} INFO - Processing file /home/airflow/.local/lib/python3.7/site-packages/airflow/example_dags/example_external_task_marker_dag.py for tasks to queue
[2023-09-01T19:43:09.225+0000] {logging_mixin.py:150} INFO - [2023-09-01T19:43:09.224+0000] {dagbag.py:541} INFO - Filling up the DagBag from /home/airflow/.local/lib/python3.7/site-packages/airflow/example_dags/example_external_task_marker_dag.py
[2023-09-01T19:43:09.230+0000] {processor.py:836} INFO - DAG(s) dict_keys(['example_external_task_marker_parent', 'example_external_task_marker_child']) retrieved from /home/airflow/.local/lib/python3.7/site-packages/airflow/example_dags/example_external_task_marker_dag.py
[2023-09-01T19:43:09.256+0000] {logging_mixin.py:150} INFO - [2023-09-01T19:43:09.256+0000] {dag.py:2742} INFO - Sync 2 DAGs
[2023-09-01T19:43:09.277+0000] {logging_mixin.py:150} INFO - [2023-09-01T19:43:09.277+0000] {dag.py:3508} INFO - Setting next_dagrun for example_external_task_marker_child to None, run_after=None
[2023-09-01T19:43:09.280+0000] {logging_mixin.py:150} INFO - [2023-09-01T19:43:09.280+0000] {dag.py:3508} INFO - Setting next_dagrun for example_external_task_marker_parent to None, run_after=None
[2023-09-01T19:43:09.300+0000] {processor.py:179} INFO - Processing /home/airflow/.local/lib/python3.7/site-packages/airflow/example_dags/example_external_task_marker_dag.py took 0.081 seconds
[2023-09-01T19:43:39.698+0000] {processor.py:157} INFO - Started process (PID=1329) to work on /home/airflow/.local/lib/python3.7/site-packages/airflow/example_dags/example_external_task_marker_dag.py
[2023-09-01T19:43:39.699+0000] {processor.py:826} INFO - Processing file /home/airflow/.local/lib/python3.7/site-packages/airflow/example_dags/example_external_task_marker_dag.py for tasks to queue
[2023-09-01T19:43:39.700+0000] {logging_mixin.py:150} INFO - [2023-09-01T19:43:39.699+0000] {dagbag.py:541} INFO - Filling up the DagBag from /home/airflow/.local/lib/python3.7/site-packages/airflow/example_dags/example_external_task_marker_dag.py
[2023-09-01T19:43:39.705+0000] {processor.py:836} INFO - DAG(s) dict_keys(['example_external_task_marker_child', 'example_external_task_marker_parent']) retrieved from /home/airflow/.local/lib/python3.7/site-packages/airflow/example_dags/example_external_task_marker_dag.py
[2023-09-01T19:43:39.731+0000] {logging_mixin.py:150} INFO - [2023-09-01T19:43:39.731+0000] {dag.py:2742} INFO - Sync 2 DAGs
[2023-09-01T19:43:39.754+0000] {logging_mixin.py:150} INFO - [2023-09-01T19:43:39.754+0000] {dag.py:3508} INFO - Setting next_dagrun for example_external_task_marker_child to None, run_after=None
[2023-09-01T19:43:39.757+0000] {logging_mixin.py:150} INFO - [2023-09-01T19:43:39.757+0000] {dag.py:3508} INFO - Setting next_dagrun for example_external_task_marker_parent to None, run_after=None
[2023-09-01T19:43:39.773+0000] {processor.py:179} INFO - Processing /home/airflow/.local/lib/python3.7/site-packages/airflow/example_dags/example_external_task_marker_dag.py took 0.078 seconds
[2023-09-01T19:44:10.261+0000] {processor.py:157} INFO - Started process (PID=1384) to work on /home/airflow/.local/lib/python3.7/site-packages/airflow/example_dags/example_external_task_marker_dag.py
[2023-09-01T19:44:10.262+0000] {processor.py:826} INFO - Processing file /home/airflow/.local/lib/python3.7/site-packages/airflow/example_dags/example_external_task_marker_dag.py for tasks to queue
[2023-09-01T19:44:10.263+0000] {logging_mixin.py:150} INFO - [2023-09-01T19:44:10.263+0000] {dagbag.py:541} INFO - Filling up the DagBag from /home/airflow/.local/lib/python3.7/site-packages/airflow/example_dags/example_external_task_marker_dag.py
[2023-09-01T19:44:10.268+0000] {processor.py:836} INFO - DAG(s) dict_keys(['example_external_task_marker_child', 'example_external_task_marker_parent']) retrieved from /home/airflow/.local/lib/python3.7/site-packages/airflow/example_dags/example_external_task_marker_dag.py
[2023-09-01T19:44:10.296+0000] {logging_mixin.py:150} INFO - [2023-09-01T19:44:10.296+0000] {dag.py:2742} INFO - Sync 2 DAGs
[2023-09-01T19:44:10.317+0000] {logging_mixin.py:150} INFO - [2023-09-01T19:44:10.317+0000] {dag.py:3508} INFO - Setting next_dagrun for example_external_task_marker_child to None, run_after=None
[2023-09-01T19:44:10.320+0000] {logging_mixin.py:150} INFO - [2023-09-01T19:44:10.320+0000] {dag.py:3508} INFO - Setting next_dagrun for example_external_task_marker_parent to None, run_after=None
[2023-09-01T19:44:10.344+0000] {processor.py:179} INFO - Processing /home/airflow/.local/lib/python3.7/site-packages/airflow/example_dags/example_external_task_marker_dag.py took 0.086 seconds
[2023-09-01T19:44:40.841+0000] {processor.py:157} INFO - Started process (PID=1439) to work on /home/airflow/.local/lib/python3.7/site-packages/airflow/example_dags/example_external_task_marker_dag.py
[2023-09-01T19:44:40.842+0000] {processor.py:826} INFO - Processing file /home/airflow/.local/lib/python3.7/site-packages/airflow/example_dags/example_external_task_marker_dag.py for tasks to queue
[2023-09-01T19:44:40.843+0000] {logging_mixin.py:150} INFO - [2023-09-01T19:44:40.843+0000] {dagbag.py:541} INFO - Filling up the DagBag from /home/airflow/.local/lib/python3.7/site-packages/airflow/example_dags/example_external_task_marker_dag.py
[2023-09-01T19:44:40.848+0000] {processor.py:836} INFO - DAG(s) dict_keys(['example_external_task_marker_parent', 'example_external_task_marker_child']) retrieved from /home/airflow/.local/lib/python3.7/site-packages/airflow/example_dags/example_external_task_marker_dag.py
[2023-09-01T19:44:40.874+0000] {logging_mixin.py:150} INFO - [2023-09-01T19:44:40.874+0000] {dag.py:2742} INFO - Sync 2 DAGs
[2023-09-01T19:44:40.896+0000] {logging_mixin.py:150} INFO - [2023-09-01T19:44:40.896+0000] {dag.py:3508} INFO - Setting next_dagrun for example_external_task_marker_child to None, run_after=None
[2023-09-01T19:44:40.899+0000] {logging_mixin.py:150} INFO - [2023-09-01T19:44:40.899+0000] {dag.py:3508} INFO - Setting next_dagrun for example_external_task_marker_parent to None, run_after=None
[2023-09-01T19:44:40.912+0000] {processor.py:179} INFO - Processing /home/airflow/.local/lib/python3.7/site-packages/airflow/example_dags/example_external_task_marker_dag.py took 0.074 seconds
[2023-09-01T19:45:11.194+0000] {processor.py:157} INFO - Started process (PID=1494) to work on /home/airflow/.local/lib/python3.7/site-packages/airflow/example_dags/example_external_task_marker_dag.py
[2023-09-01T19:45:11.196+0000] {processor.py:826} INFO - Processing file /home/airflow/.local/lib/python3.7/site-packages/airflow/example_dags/example_external_task_marker_dag.py for tasks to queue
[2023-09-01T19:45:11.197+0000] {logging_mixin.py:150} INFO - [2023-09-01T19:45:11.197+0000] {dagbag.py:541} INFO - Filling up the DagBag from /home/airflow/.local/lib/python3.7/site-packages/airflow/example_dags/example_external_task_marker_dag.py
[2023-09-01T19:45:11.203+0000] {processor.py:836} INFO - DAG(s) dict_keys(['example_external_task_marker_child', 'example_external_task_marker_parent']) retrieved from /home/airflow/.local/lib/python3.7/site-packages/airflow/example_dags/example_external_task_marker_dag.py
[2023-09-01T19:45:11.232+0000] {logging_mixin.py:150} INFO - [2023-09-01T19:45:11.232+0000] {dag.py:2742} INFO - Sync 2 DAGs
[2023-09-01T19:45:11.263+0000] {logging_mixin.py:150} INFO - [2023-09-01T19:45:11.263+0000] {dag.py:3508} INFO - Setting next_dagrun for example_external_task_marker_child to None, run_after=None
[2023-09-01T19:45:11.266+0000] {logging_mixin.py:150} INFO - [2023-09-01T19:45:11.266+0000] {dag.py:3508} INFO - Setting next_dagrun for example_external_task_marker_parent to None, run_after=None
[2023-09-01T19:45:11.281+0000] {processor.py:179} INFO - Processing /home/airflow/.local/lib/python3.7/site-packages/airflow/example_dags/example_external_task_marker_dag.py took 0.091 seconds
[2023-09-01T19:45:41.492+0000] {processor.py:157} INFO - Started process (PID=1549) to work on /home/airflow/.local/lib/python3.7/site-packages/airflow/example_dags/example_external_task_marker_dag.py
[2023-09-01T19:45:41.493+0000] {processor.py:826} INFO - Processing file /home/airflow/.local/lib/python3.7/site-packages/airflow/example_dags/example_external_task_marker_dag.py for tasks to queue
[2023-09-01T19:45:41.493+0000] {logging_mixin.py:150} INFO - [2023-09-01T19:45:41.493+0000] {dagbag.py:541} INFO - Filling up the DagBag from /home/airflow/.local/lib/python3.7/site-packages/airflow/example_dags/example_external_task_marker_dag.py
[2023-09-01T19:45:41.498+0000] {processor.py:836} INFO - DAG(s) dict_keys(['example_external_task_marker_child', 'example_external_task_marker_parent']) retrieved from /home/airflow/.local/lib/python3.7/site-packages/airflow/example_dags/example_external_task_marker_dag.py
[2023-09-01T19:45:41.524+0000] {logging_mixin.py:150} INFO - [2023-09-01T19:45:41.523+0000] {dag.py:2742} INFO - Sync 2 DAGs
[2023-09-01T19:45:41.544+0000] {logging_mixin.py:150} INFO - [2023-09-01T19:45:41.544+0000] {dag.py:3508} INFO - Setting next_dagrun for example_external_task_marker_child to None, run_after=None
[2023-09-01T19:45:41.547+0000] {logging_mixin.py:150} INFO - [2023-09-01T19:45:41.547+0000] {dag.py:3508} INFO - Setting next_dagrun for example_external_task_marker_parent to None, run_after=None
[2023-09-01T19:45:41.563+0000] {processor.py:179} INFO - Processing /home/airflow/.local/lib/python3.7/site-packages/airflow/example_dags/example_external_task_marker_dag.py took 0.074 seconds
[2023-09-01T19:46:11.851+0000] {processor.py:157} INFO - Started process (PID=1604) to work on /home/airflow/.local/lib/python3.7/site-packages/airflow/example_dags/example_external_task_marker_dag.py
[2023-09-01T19:46:11.852+0000] {processor.py:826} INFO - Processing file /home/airflow/.local/lib/python3.7/site-packages/airflow/example_dags/example_external_task_marker_dag.py for tasks to queue
[2023-09-01T19:46:11.854+0000] {logging_mixin.py:150} INFO - [2023-09-01T19:46:11.853+0000] {dagbag.py:541} INFO - Filling up the DagBag from /home/airflow/.local/lib/python3.7/site-packages/airflow/example_dags/example_external_task_marker_dag.py
[2023-09-01T19:46:11.858+0000] {processor.py:836} INFO - DAG(s) dict_keys(['example_external_task_marker_parent', 'example_external_task_marker_child']) retrieved from /home/airflow/.local/lib/python3.7/site-packages/airflow/example_dags/example_external_task_marker_dag.py
[2023-09-01T19:46:11.885+0000] {logging_mixin.py:150} INFO - [2023-09-01T19:46:11.885+0000] {dag.py:2742} INFO - Sync 2 DAGs
[2023-09-01T19:46:11.918+0000] {logging_mixin.py:150} INFO - [2023-09-01T19:46:11.917+0000] {dag.py:3508} INFO - Setting next_dagrun for example_external_task_marker_child to None, run_after=None
[2023-09-01T19:46:11.920+0000] {logging_mixin.py:150} INFO - [2023-09-01T19:46:11.920+0000] {dag.py:3508} INFO - Setting next_dagrun for example_external_task_marker_parent to None, run_after=None
[2023-09-01T19:46:11.933+0000] {processor.py:179} INFO - Processing /home/airflow/.local/lib/python3.7/site-packages/airflow/example_dags/example_external_task_marker_dag.py took 0.086 seconds
[2023-09-01T19:46:42.338+0000] {processor.py:157} INFO - Started process (PID=1659) to work on /home/airflow/.local/lib/python3.7/site-packages/airflow/example_dags/example_external_task_marker_dag.py
[2023-09-01T19:46:42.339+0000] {processor.py:826} INFO - Processing file /home/airflow/.local/lib/python3.7/site-packages/airflow/example_dags/example_external_task_marker_dag.py for tasks to queue
[2023-09-01T19:46:42.340+0000] {logging_mixin.py:150} INFO - [2023-09-01T19:46:42.340+0000] {dagbag.py:541} INFO - Filling up the DagBag from /home/airflow/.local/lib/python3.7/site-packages/airflow/example_dags/example_external_task_marker_dag.py
[2023-09-01T19:46:42.345+0000] {processor.py:836} INFO - DAG(s) dict_keys(['example_external_task_marker_parent', 'example_external_task_marker_child']) retrieved from /home/airflow/.local/lib/python3.7/site-packages/airflow/example_dags/example_external_task_marker_dag.py
[2023-09-01T19:46:42.370+0000] {logging_mixin.py:150} INFO - [2023-09-01T19:46:42.370+0000] {dag.py:2742} INFO - Sync 2 DAGs
[2023-09-01T19:46:42.392+0000] {logging_mixin.py:150} INFO - [2023-09-01T19:46:42.392+0000] {dag.py:3508} INFO - Setting next_dagrun for example_external_task_marker_child to None, run_after=None
[2023-09-01T19:46:42.395+0000] {logging_mixin.py:150} INFO - [2023-09-01T19:46:42.394+0000] {dag.py:3508} INFO - Setting next_dagrun for example_external_task_marker_parent to None, run_after=None
[2023-09-01T19:46:42.408+0000] {processor.py:179} INFO - Processing /home/airflow/.local/lib/python3.7/site-packages/airflow/example_dags/example_external_task_marker_dag.py took 0.073 seconds
[2023-09-01T19:47:13.003+0000] {processor.py:157} INFO - Started process (PID=1714) to work on /home/airflow/.local/lib/python3.7/site-packages/airflow/example_dags/example_external_task_marker_dag.py
[2023-09-01T19:47:13.004+0000] {processor.py:826} INFO - Processing file /home/airflow/.local/lib/python3.7/site-packages/airflow/example_dags/example_external_task_marker_dag.py for tasks to queue
[2023-09-01T19:47:13.004+0000] {logging_mixin.py:150} INFO - [2023-09-01T19:47:13.004+0000] {dagbag.py:541} INFO - Filling up the DagBag from /home/airflow/.local/lib/python3.7/site-packages/airflow/example_dags/example_external_task_marker_dag.py
[2023-09-01T19:47:13.010+0000] {processor.py:836} INFO - DAG(s) dict_keys(['example_external_task_marker_child', 'example_external_task_marker_parent']) retrieved from /home/airflow/.local/lib/python3.7/site-packages/airflow/example_dags/example_external_task_marker_dag.py
[2023-09-01T19:47:13.039+0000] {logging_mixin.py:150} INFO - [2023-09-01T19:47:13.038+0000] {dag.py:2742} INFO - Sync 2 DAGs
[2023-09-01T19:47:13.061+0000] {logging_mixin.py:150} INFO - [2023-09-01T19:47:13.061+0000] {dag.py:3508} INFO - Setting next_dagrun for example_external_task_marker_child to None, run_after=None
[2023-09-01T19:47:13.064+0000] {logging_mixin.py:150} INFO - [2023-09-01T19:47:13.064+0000] {dag.py:3508} INFO - Setting next_dagrun for example_external_task_marker_parent to None, run_after=None
[2023-09-01T19:47:13.077+0000] {processor.py:179} INFO - Processing /home/airflow/.local/lib/python3.7/site-packages/airflow/example_dags/example_external_task_marker_dag.py took 0.078 seconds
[2023-09-01T19:47:43.427+0000] {processor.py:157} INFO - Started process (PID=1769) to work on /home/airflow/.local/lib/python3.7/site-packages/airflow/example_dags/example_external_task_marker_dag.py
[2023-09-01T19:47:43.429+0000] {processor.py:826} INFO - Processing file /home/airflow/.local/lib/python3.7/site-packages/airflow/example_dags/example_external_task_marker_dag.py for tasks to queue
[2023-09-01T19:47:43.429+0000] {logging_mixin.py:150} INFO - [2023-09-01T19:47:43.429+0000] {dagbag.py:541} INFO - Filling up the DagBag from /home/airflow/.local/lib/python3.7/site-packages/airflow/example_dags/example_external_task_marker_dag.py
[2023-09-01T19:47:43.435+0000] {processor.py:836} INFO - DAG(s) dict_keys(['example_external_task_marker_child', 'example_external_task_marker_parent']) retrieved from /home/airflow/.local/lib/python3.7/site-packages/airflow/example_dags/example_external_task_marker_dag.py
[2023-09-01T19:47:43.474+0000] {logging_mixin.py:150} INFO - [2023-09-01T19:47:43.473+0000] {dag.py:2742} INFO - Sync 2 DAGs
[2023-09-01T19:47:43.503+0000] {logging_mixin.py:150} INFO - [2023-09-01T19:47:43.503+0000] {dag.py:3508} INFO - Setting next_dagrun for example_external_task_marker_child to None, run_after=None
[2023-09-01T19:47:43.506+0000] {logging_mixin.py:150} INFO - [2023-09-01T19:47:43.506+0000] {dag.py:3508} INFO - Setting next_dagrun for example_external_task_marker_parent to None, run_after=None
[2023-09-01T19:47:43.524+0000] {processor.py:179} INFO - Processing /home/airflow/.local/lib/python3.7/site-packages/airflow/example_dags/example_external_task_marker_dag.py took 0.100 seconds
[2023-09-01T19:48:13.923+0000] {processor.py:157} INFO - Started process (PID=1824) to work on /home/airflow/.local/lib/python3.7/site-packages/airflow/example_dags/example_external_task_marker_dag.py
[2023-09-01T19:48:13.924+0000] {processor.py:826} INFO - Processing file /home/airflow/.local/lib/python3.7/site-packages/airflow/example_dags/example_external_task_marker_dag.py for tasks to queue
[2023-09-01T19:48:13.926+0000] {logging_mixin.py:150} INFO - [2023-09-01T19:48:13.924+0000] {dagbag.py:541} INFO - Filling up the DagBag from /home/airflow/.local/lib/python3.7/site-packages/airflow/example_dags/example_external_task_marker_dag.py
[2023-09-01T19:48:13.931+0000] {processor.py:836} INFO - DAG(s) dict_keys(['example_external_task_marker_child', 'example_external_task_marker_parent']) retrieved from /home/airflow/.local/lib/python3.7/site-packages/airflow/example_dags/example_external_task_marker_dag.py
[2023-09-01T19:48:13.960+0000] {logging_mixin.py:150} INFO - [2023-09-01T19:48:13.959+0000] {dag.py:2742} INFO - Sync 2 DAGs
[2023-09-01T19:48:13.985+0000] {logging_mixin.py:150} INFO - [2023-09-01T19:48:13.985+0000] {dag.py:3508} INFO - Setting next_dagrun for example_external_task_marker_child to None, run_after=None
[2023-09-01T19:48:13.988+0000] {logging_mixin.py:150} INFO - [2023-09-01T19:48:13.988+0000] {dag.py:3508} INFO - Setting next_dagrun for example_external_task_marker_parent to None, run_after=None
[2023-09-01T19:48:14.002+0000] {processor.py:179} INFO - Processing /home/airflow/.local/lib/python3.7/site-packages/airflow/example_dags/example_external_task_marker_dag.py took 0.083 seconds
[2023-09-01T19:48:44.735+0000] {processor.py:157} INFO - Started process (PID=1878) to work on /home/airflow/.local/lib/python3.7/site-packages/airflow/example_dags/example_external_task_marker_dag.py
[2023-09-01T19:48:44.736+0000] {processor.py:826} INFO - Processing file /home/airflow/.local/lib/python3.7/site-packages/airflow/example_dags/example_external_task_marker_dag.py for tasks to queue
[2023-09-01T19:48:44.736+0000] {logging_mixin.py:150} INFO - [2023-09-01T19:48:44.736+0000] {dagbag.py:541} INFO - Filling up the DagBag from /home/airflow/.local/lib/python3.7/site-packages/airflow/example_dags/example_external_task_marker_dag.py
[2023-09-01T19:48:44.742+0000] {processor.py:836} INFO - DAG(s) dict_keys(['example_external_task_marker_child', 'example_external_task_marker_parent']) retrieved from /home/airflow/.local/lib/python3.7/site-packages/airflow/example_dags/example_external_task_marker_dag.py
[2023-09-01T19:48:44.769+0000] {logging_mixin.py:150} INFO - [2023-09-01T19:48:44.769+0000] {dag.py:2742} INFO - Sync 2 DAGs
[2023-09-01T19:48:44.791+0000] {logging_mixin.py:150} INFO - [2023-09-01T19:48:44.791+0000] {dag.py:3508} INFO - Setting next_dagrun for example_external_task_marker_child to None, run_after=None
[2023-09-01T19:48:44.794+0000] {logging_mixin.py:150} INFO - [2023-09-01T19:48:44.794+0000] {dag.py:3508} INFO - Setting next_dagrun for example_external_task_marker_parent to None, run_after=None
[2023-09-01T19:48:44.810+0000] {processor.py:179} INFO - Processing /home/airflow/.local/lib/python3.7/site-packages/airflow/example_dags/example_external_task_marker_dag.py took 0.078 seconds
[2023-09-01T19:49:15.456+0000] {processor.py:157} INFO - Started process (PID=1933) to work on /home/airflow/.local/lib/python3.7/site-packages/airflow/example_dags/example_external_task_marker_dag.py
[2023-09-01T19:49:15.457+0000] {processor.py:826} INFO - Processing file /home/airflow/.local/lib/python3.7/site-packages/airflow/example_dags/example_external_task_marker_dag.py for tasks to queue
[2023-09-01T19:49:15.458+0000] {logging_mixin.py:150} INFO - [2023-09-01T19:49:15.458+0000] {dagbag.py:541} INFO - Filling up the DagBag from /home/airflow/.local/lib/python3.7/site-packages/airflow/example_dags/example_external_task_marker_dag.py
[2023-09-01T19:49:15.463+0000] {processor.py:836} INFO - DAG(s) dict_keys(['example_external_task_marker_child', 'example_external_task_marker_parent']) retrieved from /home/airflow/.local/lib/python3.7/site-packages/airflow/example_dags/example_external_task_marker_dag.py
[2023-09-01T19:49:15.490+0000] {logging_mixin.py:150} INFO - [2023-09-01T19:49:15.490+0000] {dag.py:2742} INFO - Sync 2 DAGs
[2023-09-01T19:49:15.516+0000] {logging_mixin.py:150} INFO - [2023-09-01T19:49:15.516+0000] {dag.py:3508} INFO - Setting next_dagrun for example_external_task_marker_child to None, run_after=None
[2023-09-01T19:49:15.519+0000] {logging_mixin.py:150} INFO - [2023-09-01T19:49:15.518+0000] {dag.py:3508} INFO - Setting next_dagrun for example_external_task_marker_parent to None, run_after=None
[2023-09-01T19:49:15.533+0000] {processor.py:179} INFO - Processing /home/airflow/.local/lib/python3.7/site-packages/airflow/example_dags/example_external_task_marker_dag.py took 0.081 seconds
[2023-09-01T19:49:46.202+0000] {processor.py:157} INFO - Started process (PID=1988) to work on /home/airflow/.local/lib/python3.7/site-packages/airflow/example_dags/example_external_task_marker_dag.py
[2023-09-01T19:49:46.203+0000] {processor.py:826} INFO - Processing file /home/airflow/.local/lib/python3.7/site-packages/airflow/example_dags/example_external_task_marker_dag.py for tasks to queue
[2023-09-01T19:49:46.204+0000] {logging_mixin.py:150} INFO - [2023-09-01T19:49:46.204+0000] {dagbag.py:541} INFO - Filling up the DagBag from /home/airflow/.local/lib/python3.7/site-packages/airflow/example_dags/example_external_task_marker_dag.py
[2023-09-01T19:49:46.210+0000] {processor.py:836} INFO - DAG(s) dict_keys(['example_external_task_marker_child', 'example_external_task_marker_parent']) retrieved from /home/airflow/.local/lib/python3.7/site-packages/airflow/example_dags/example_external_task_marker_dag.py
[2023-09-01T19:49:46.241+0000] {logging_mixin.py:150} INFO - [2023-09-01T19:49:46.240+0000] {dag.py:2742} INFO - Sync 2 DAGs
[2023-09-01T19:49:46.262+0000] {logging_mixin.py:150} INFO - [2023-09-01T19:49:46.262+0000] {dag.py:3508} INFO - Setting next_dagrun for example_external_task_marker_child to None, run_after=None
[2023-09-01T19:49:46.265+0000] {logging_mixin.py:150} INFO - [2023-09-01T19:49:46.265+0000] {dag.py:3508} INFO - Setting next_dagrun for example_external_task_marker_parent to None, run_after=None
[2023-09-01T19:49:46.282+0000] {processor.py:179} INFO - Processing /home/airflow/.local/lib/python3.7/site-packages/airflow/example_dags/example_external_task_marker_dag.py took 0.085 seconds
[2023-09-01T19:50:16.872+0000] {processor.py:157} INFO - Started process (PID=2043) to work on /home/airflow/.local/lib/python3.7/site-packages/airflow/example_dags/example_external_task_marker_dag.py
[2023-09-01T19:50:16.874+0000] {processor.py:826} INFO - Processing file /home/airflow/.local/lib/python3.7/site-packages/airflow/example_dags/example_external_task_marker_dag.py for tasks to queue
[2023-09-01T19:50:16.874+0000] {logging_mixin.py:150} INFO - [2023-09-01T19:50:16.874+0000] {dagbag.py:541} INFO - Filling up the DagBag from /home/airflow/.local/lib/python3.7/site-packages/airflow/example_dags/example_external_task_marker_dag.py
[2023-09-01T19:50:16.879+0000] {processor.py:836} INFO - DAG(s) dict_keys(['example_external_task_marker_parent', 'example_external_task_marker_child']) retrieved from /home/airflow/.local/lib/python3.7/site-packages/airflow/example_dags/example_external_task_marker_dag.py
[2023-09-01T19:50:16.906+0000] {logging_mixin.py:150} INFO - [2023-09-01T19:50:16.906+0000] {dag.py:2742} INFO - Sync 2 DAGs
[2023-09-01T19:50:16.926+0000] {logging_mixin.py:150} INFO - [2023-09-01T19:50:16.926+0000] {dag.py:3508} INFO - Setting next_dagrun for example_external_task_marker_child to None, run_after=None
[2023-09-01T19:50:16.929+0000] {logging_mixin.py:150} INFO - [2023-09-01T19:50:16.929+0000] {dag.py:3508} INFO - Setting next_dagrun for example_external_task_marker_parent to None, run_after=None
[2023-09-01T19:50:16.943+0000] {processor.py:179} INFO - Processing /home/airflow/.local/lib/python3.7/site-packages/airflow/example_dags/example_external_task_marker_dag.py took 0.073 seconds
[2023-09-01T19:50:47.627+0000] {processor.py:157} INFO - Started process (PID=2098) to work on /home/airflow/.local/lib/python3.7/site-packages/airflow/example_dags/example_external_task_marker_dag.py
[2023-09-01T19:50:47.628+0000] {processor.py:826} INFO - Processing file /home/airflow/.local/lib/python3.7/site-packages/airflow/example_dags/example_external_task_marker_dag.py for tasks to queue
[2023-09-01T19:50:47.629+0000] {logging_mixin.py:150} INFO - [2023-09-01T19:50:47.628+0000] {dagbag.py:541} INFO - Filling up the DagBag from /home/airflow/.local/lib/python3.7/site-packages/airflow/example_dags/example_external_task_marker_dag.py
[2023-09-01T19:50:47.635+0000] {processor.py:836} INFO - DAG(s) dict_keys(['example_external_task_marker_child', 'example_external_task_marker_parent']) retrieved from /home/airflow/.local/lib/python3.7/site-packages/airflow/example_dags/example_external_task_marker_dag.py
[2023-09-01T19:50:47.691+0000] {logging_mixin.py:150} INFO - [2023-09-01T19:50:47.691+0000] {dag.py:2742} INFO - Sync 2 DAGs
[2023-09-01T19:50:47.717+0000] {logging_mixin.py:150} INFO - [2023-09-01T19:50:47.716+0000] {dag.py:3508} INFO - Setting next_dagrun for example_external_task_marker_child to None, run_after=None
[2023-09-01T19:50:47.720+0000] {logging_mixin.py:150} INFO - [2023-09-01T19:50:47.720+0000] {dag.py:3508} INFO - Setting next_dagrun for example_external_task_marker_parent to None, run_after=None
[2023-09-01T19:50:47.739+0000] {processor.py:179} INFO - Processing /home/airflow/.local/lib/python3.7/site-packages/airflow/example_dags/example_external_task_marker_dag.py took 0.119 seconds
[2023-09-01T19:51:18.289+0000] {processor.py:157} INFO - Started process (PID=2152) to work on /home/airflow/.local/lib/python3.7/site-packages/airflow/example_dags/example_external_task_marker_dag.py
[2023-09-01T19:51:18.290+0000] {processor.py:826} INFO - Processing file /home/airflow/.local/lib/python3.7/site-packages/airflow/example_dags/example_external_task_marker_dag.py for tasks to queue
[2023-09-01T19:51:18.291+0000] {logging_mixin.py:150} INFO - [2023-09-01T19:51:18.290+0000] {dagbag.py:541} INFO - Filling up the DagBag from /home/airflow/.local/lib/python3.7/site-packages/airflow/example_dags/example_external_task_marker_dag.py
[2023-09-01T19:51:18.302+0000] {processor.py:836} INFO - DAG(s) dict_keys(['example_external_task_marker_parent', 'example_external_task_marker_child']) retrieved from /home/airflow/.local/lib/python3.7/site-packages/airflow/example_dags/example_external_task_marker_dag.py
[2023-09-01T19:51:18.332+0000] {logging_mixin.py:150} INFO - [2023-09-01T19:51:18.332+0000] {dag.py:2742} INFO - Sync 2 DAGs
[2023-09-01T19:51:18.355+0000] {logging_mixin.py:150} INFO - [2023-09-01T19:51:18.355+0000] {dag.py:3508} INFO - Setting next_dagrun for example_external_task_marker_child to None, run_after=None
[2023-09-01T19:51:18.358+0000] {logging_mixin.py:150} INFO - [2023-09-01T19:51:18.358+0000] {dag.py:3508} INFO - Setting next_dagrun for example_external_task_marker_parent to None, run_after=None
[2023-09-01T19:51:18.372+0000] {processor.py:179} INFO - Processing /home/airflow/.local/lib/python3.7/site-packages/airflow/example_dags/example_external_task_marker_dag.py took 0.088 seconds
[2023-09-01T19:51:49.408+0000] {processor.py:157} INFO - Started process (PID=2207) to work on /home/airflow/.local/lib/python3.7/site-packages/airflow/example_dags/example_external_task_marker_dag.py
[2023-09-01T19:51:49.413+0000] {processor.py:826} INFO - Processing file /home/airflow/.local/lib/python3.7/site-packages/airflow/example_dags/example_external_task_marker_dag.py for tasks to queue
[2023-09-01T19:51:49.414+0000] {logging_mixin.py:150} INFO - [2023-09-01T19:51:49.414+0000] {dagbag.py:541} INFO - Filling up the DagBag from /home/airflow/.local/lib/python3.7/site-packages/airflow/example_dags/example_external_task_marker_dag.py
[2023-09-01T19:51:49.423+0000] {processor.py:836} INFO - DAG(s) dict_keys(['example_external_task_marker_parent', 'example_external_task_marker_child']) retrieved from /home/airflow/.local/lib/python3.7/site-packages/airflow/example_dags/example_external_task_marker_dag.py
[2023-09-01T19:51:49.476+0000] {logging_mixin.py:150} INFO - [2023-09-01T19:51:49.475+0000] {dag.py:2742} INFO - Sync 2 DAGs
[2023-09-01T19:51:49.524+0000] {logging_mixin.py:150} INFO - [2023-09-01T19:51:49.524+0000] {dag.py:3508} INFO - Setting next_dagrun for example_external_task_marker_child to None, run_after=None
[2023-09-01T19:51:49.530+0000] {logging_mixin.py:150} INFO - [2023-09-01T19:51:49.530+0000] {dag.py:3508} INFO - Setting next_dagrun for example_external_task_marker_parent to None, run_after=None
[2023-09-01T19:51:49.577+0000] {processor.py:179} INFO - Processing /home/airflow/.local/lib/python3.7/site-packages/airflow/example_dags/example_external_task_marker_dag.py took 0.172 seconds
[2023-09-01T19:52:19.876+0000] {processor.py:157} INFO - Started process (PID=2261) to work on /home/airflow/.local/lib/python3.7/site-packages/airflow/example_dags/example_external_task_marker_dag.py
[2023-09-01T19:52:19.877+0000] {processor.py:826} INFO - Processing file /home/airflow/.local/lib/python3.7/site-packages/airflow/example_dags/example_external_task_marker_dag.py for tasks to queue
[2023-09-01T19:52:19.878+0000] {logging_mixin.py:150} INFO - [2023-09-01T19:52:19.878+0000] {dagbag.py:541} INFO - Filling up the DagBag from /home/airflow/.local/lib/python3.7/site-packages/airflow/example_dags/example_external_task_marker_dag.py
[2023-09-01T19:52:19.891+0000] {processor.py:836} INFO - DAG(s) dict_keys(['example_external_task_marker_child', 'example_external_task_marker_parent']) retrieved from /home/airflow/.local/lib/python3.7/site-packages/airflow/example_dags/example_external_task_marker_dag.py
[2023-09-01T19:52:19.936+0000] {logging_mixin.py:150} INFO - [2023-09-01T19:52:19.935+0000] {dag.py:2742} INFO - Sync 2 DAGs
[2023-09-01T19:52:20.008+0000] {logging_mixin.py:150} INFO - [2023-09-01T19:52:20.007+0000] {dag.py:3508} INFO - Setting next_dagrun for example_external_task_marker_child to None, run_after=None
[2023-09-01T19:52:20.016+0000] {logging_mixin.py:150} INFO - [2023-09-01T19:52:20.016+0000] {dag.py:3508} INFO - Setting next_dagrun for example_external_task_marker_parent to None, run_after=None
[2023-09-01T19:52:20.163+0000] {processor.py:179} INFO - Processing /home/airflow/.local/lib/python3.7/site-packages/airflow/example_dags/example_external_task_marker_dag.py took 0.299 seconds
[2023-09-01T19:52:50.361+0000] {processor.py:157} INFO - Started process (PID=2316) to work on /home/airflow/.local/lib/python3.7/site-packages/airflow/example_dags/example_external_task_marker_dag.py
[2023-09-01T19:52:50.362+0000] {processor.py:826} INFO - Processing file /home/airflow/.local/lib/python3.7/site-packages/airflow/example_dags/example_external_task_marker_dag.py for tasks to queue
[2023-09-01T19:52:50.363+0000] {logging_mixin.py:150} INFO - [2023-09-01T19:52:50.362+0000] {dagbag.py:541} INFO - Filling up the DagBag from /home/airflow/.local/lib/python3.7/site-packages/airflow/example_dags/example_external_task_marker_dag.py
[2023-09-01T19:52:50.368+0000] {processor.py:836} INFO - DAG(s) dict_keys(['example_external_task_marker_child', 'example_external_task_marker_parent']) retrieved from /home/airflow/.local/lib/python3.7/site-packages/airflow/example_dags/example_external_task_marker_dag.py
[2023-09-01T19:52:50.394+0000] {logging_mixin.py:150} INFO - [2023-09-01T19:52:50.394+0000] {dag.py:2742} INFO - Sync 2 DAGs
[2023-09-01T19:52:50.415+0000] {logging_mixin.py:150} INFO - [2023-09-01T19:52:50.414+0000] {dag.py:3508} INFO - Setting next_dagrun for example_external_task_marker_child to None, run_after=None
[2023-09-01T19:52:50.417+0000] {logging_mixin.py:150} INFO - [2023-09-01T19:52:50.417+0000] {dag.py:3508} INFO - Setting next_dagrun for example_external_task_marker_parent to None, run_after=None
[2023-09-01T19:52:50.432+0000] {processor.py:179} INFO - Processing /home/airflow/.local/lib/python3.7/site-packages/airflow/example_dags/example_external_task_marker_dag.py took 0.076 seconds
[2023-09-01T19:53:20.877+0000] {processor.py:157} INFO - Started process (PID=2371) to work on /home/airflow/.local/lib/python3.7/site-packages/airflow/example_dags/example_external_task_marker_dag.py
[2023-09-01T19:53:20.882+0000] {processor.py:826} INFO - Processing file /home/airflow/.local/lib/python3.7/site-packages/airflow/example_dags/example_external_task_marker_dag.py for tasks to queue
[2023-09-01T19:53:20.883+0000] {logging_mixin.py:150} INFO - [2023-09-01T19:53:20.883+0000] {dagbag.py:541} INFO - Filling up the DagBag from /home/airflow/.local/lib/python3.7/site-packages/airflow/example_dags/example_external_task_marker_dag.py
[2023-09-01T19:53:20.889+0000] {processor.py:836} INFO - DAG(s) dict_keys(['example_external_task_marker_parent', 'example_external_task_marker_child']) retrieved from /home/airflow/.local/lib/python3.7/site-packages/airflow/example_dags/example_external_task_marker_dag.py
[2023-09-01T19:53:20.924+0000] {logging_mixin.py:150} INFO - [2023-09-01T19:53:20.923+0000] {dag.py:2742} INFO - Sync 2 DAGs
[2023-09-01T19:53:20.958+0000] {logging_mixin.py:150} INFO - [2023-09-01T19:53:20.958+0000] {dag.py:3508} INFO - Setting next_dagrun for example_external_task_marker_child to None, run_after=None
[2023-09-01T19:53:20.966+0000] {logging_mixin.py:150} INFO - [2023-09-01T19:53:20.966+0000] {dag.py:3508} INFO - Setting next_dagrun for example_external_task_marker_parent to None, run_after=None
[2023-09-01T19:53:20.995+0000] {processor.py:179} INFO - Processing /home/airflow/.local/lib/python3.7/site-packages/airflow/example_dags/example_external_task_marker_dag.py took 0.127 seconds
[2023-09-01T19:53:51.534+0000] {processor.py:157} INFO - Started process (PID=2426) to work on /home/airflow/.local/lib/python3.7/site-packages/airflow/example_dags/example_external_task_marker_dag.py
[2023-09-01T19:53:51.534+0000] {processor.py:826} INFO - Processing file /home/airflow/.local/lib/python3.7/site-packages/airflow/example_dags/example_external_task_marker_dag.py for tasks to queue
[2023-09-01T19:53:51.535+0000] {logging_mixin.py:150} INFO - [2023-09-01T19:53:51.535+0000] {dagbag.py:541} INFO - Filling up the DagBag from /home/airflow/.local/lib/python3.7/site-packages/airflow/example_dags/example_external_task_marker_dag.py
[2023-09-01T19:53:51.541+0000] {processor.py:836} INFO - DAG(s) dict_keys(['example_external_task_marker_parent', 'example_external_task_marker_child']) retrieved from /home/airflow/.local/lib/python3.7/site-packages/airflow/example_dags/example_external_task_marker_dag.py
[2023-09-01T19:53:51.606+0000] {logging_mixin.py:150} INFO - [2023-09-01T19:53:51.606+0000] {dag.py:2742} INFO - Sync 2 DAGs
[2023-09-01T19:53:51.631+0000] {logging_mixin.py:150} INFO - [2023-09-01T19:53:51.631+0000] {dag.py:3508} INFO - Setting next_dagrun for example_external_task_marker_child to None, run_after=None
[2023-09-01T19:53:51.634+0000] {logging_mixin.py:150} INFO - [2023-09-01T19:53:51.634+0000] {dag.py:3508} INFO - Setting next_dagrun for example_external_task_marker_parent to None, run_after=None
[2023-09-01T19:53:51.649+0000] {processor.py:179} INFO - Processing /home/airflow/.local/lib/python3.7/site-packages/airflow/example_dags/example_external_task_marker_dag.py took 0.119 seconds
[2023-09-01T19:54:21.725+0000] {processor.py:157} INFO - Started process (PID=2481) to work on /home/airflow/.local/lib/python3.7/site-packages/airflow/example_dags/example_external_task_marker_dag.py
[2023-09-01T19:54:21.726+0000] {processor.py:826} INFO - Processing file /home/airflow/.local/lib/python3.7/site-packages/airflow/example_dags/example_external_task_marker_dag.py for tasks to queue
[2023-09-01T19:54:21.727+0000] {logging_mixin.py:150} INFO - [2023-09-01T19:54:21.727+0000] {dagbag.py:541} INFO - Filling up the DagBag from /home/airflow/.local/lib/python3.7/site-packages/airflow/example_dags/example_external_task_marker_dag.py
[2023-09-01T19:54:21.733+0000] {processor.py:836} INFO - DAG(s) dict_keys(['example_external_task_marker_parent', 'example_external_task_marker_child']) retrieved from /home/airflow/.local/lib/python3.7/site-packages/airflow/example_dags/example_external_task_marker_dag.py
[2023-09-01T19:54:21.762+0000] {logging_mixin.py:150} INFO - [2023-09-01T19:54:21.762+0000] {dag.py:2742} INFO - Sync 2 DAGs
[2023-09-01T19:54:21.789+0000] {logging_mixin.py:150} INFO - [2023-09-01T19:54:21.789+0000] {dag.py:3508} INFO - Setting next_dagrun for example_external_task_marker_child to None, run_after=None
[2023-09-01T19:54:21.796+0000] {logging_mixin.py:150} INFO - [2023-09-01T19:54:21.796+0000] {dag.py:3508} INFO - Setting next_dagrun for example_external_task_marker_parent to None, run_after=None
[2023-09-01T19:54:21.816+0000] {processor.py:179} INFO - Processing /home/airflow/.local/lib/python3.7/site-packages/airflow/example_dags/example_external_task_marker_dag.py took 0.095 seconds
[2023-09-01T19:54:51.862+0000] {processor.py:157} INFO - Started process (PID=2536) to work on /home/airflow/.local/lib/python3.7/site-packages/airflow/example_dags/example_external_task_marker_dag.py
[2023-09-01T19:54:51.862+0000] {processor.py:826} INFO - Processing file /home/airflow/.local/lib/python3.7/site-packages/airflow/example_dags/example_external_task_marker_dag.py for tasks to queue
[2023-09-01T19:54:51.863+0000] {logging_mixin.py:150} INFO - [2023-09-01T19:54:51.863+0000] {dagbag.py:541} INFO - Filling up the DagBag from /home/airflow/.local/lib/python3.7/site-packages/airflow/example_dags/example_external_task_marker_dag.py
[2023-09-01T19:54:51.868+0000] {processor.py:836} INFO - DAG(s) dict_keys(['example_external_task_marker_child', 'example_external_task_marker_parent']) retrieved from /home/airflow/.local/lib/python3.7/site-packages/airflow/example_dags/example_external_task_marker_dag.py
[2023-09-01T19:54:51.896+0000] {logging_mixin.py:150} INFO - [2023-09-01T19:54:51.896+0000] {dag.py:2742} INFO - Sync 2 DAGs
[2023-09-01T19:54:51.929+0000] {logging_mixin.py:150} INFO - [2023-09-01T19:54:51.929+0000] {dag.py:3508} INFO - Setting next_dagrun for example_external_task_marker_child to None, run_after=None
[2023-09-01T19:54:51.940+0000] {logging_mixin.py:150} INFO - [2023-09-01T19:54:51.940+0000] {dag.py:3508} INFO - Setting next_dagrun for example_external_task_marker_parent to None, run_after=None
[2023-09-01T19:54:51.968+0000] {processor.py:179} INFO - Processing /home/airflow/.local/lib/python3.7/site-packages/airflow/example_dags/example_external_task_marker_dag.py took 0.111 seconds
