[2023-09-01T19:31:49.510+0000] {processor.py:157} INFO - Started process (PID=40) to work on /home/airflow/.local/lib/python3.7/site-packages/airflow/example_dags/example_complex.py
[2023-09-01T19:31:49.519+0000] {processor.py:826} INFO - Processing file /home/airflow/.local/lib/python3.7/site-packages/airflow/example_dags/example_complex.py for tasks to queue
[2023-09-01T19:31:49.520+0000] {logging_mixin.py:150} INFO - [2023-09-01T19:31:49.520+0000] {dagbag.py:541} INFO - Filling up the DagBag from /home/airflow/.local/lib/python3.7/site-packages/airflow/example_dags/example_complex.py
[2023-09-01T19:31:49.553+0000] {processor.py:836} INFO - DAG(s) dict_keys(['example_complex']) retrieved from /home/airflow/.local/lib/python3.7/site-packages/airflow/example_dags/example_complex.py
[2023-09-01T19:31:49.667+0000] {logging_mixin.py:150} INFO - [2023-09-01T19:31:49.667+0000] {dag.py:2742} INFO - Sync 1 DAGs
[2023-09-01T19:31:50.029+0000] {logging_mixin.py:150} INFO - [2023-09-01T19:31:50.029+0000] {dag.py:3508} INFO - Setting next_dagrun for example_complex to None, run_after=None
[2023-09-01T19:31:50.107+0000] {processor.py:179} INFO - Processing /home/airflow/.local/lib/python3.7/site-packages/airflow/example_dags/example_complex.py took 0.608 seconds
[2023-09-01T19:32:20.913+0000] {processor.py:157} INFO - Started process (PID=96) to work on /home/airflow/.local/lib/python3.7/site-packages/airflow/example_dags/example_complex.py
[2023-09-01T19:32:20.917+0000] {processor.py:826} INFO - Processing file /home/airflow/.local/lib/python3.7/site-packages/airflow/example_dags/example_complex.py for tasks to queue
[2023-09-01T19:32:20.920+0000] {logging_mixin.py:150} INFO - [2023-09-01T19:32:20.919+0000] {dagbag.py:541} INFO - Filling up the DagBag from /home/airflow/.local/lib/python3.7/site-packages/airflow/example_dags/example_complex.py
[2023-09-01T19:32:20.931+0000] {processor.py:836} INFO - DAG(s) dict_keys(['example_complex']) retrieved from /home/airflow/.local/lib/python3.7/site-packages/airflow/example_dags/example_complex.py
[2023-09-01T19:32:20.966+0000] {logging_mixin.py:150} INFO - [2023-09-01T19:32:20.966+0000] {dag.py:2742} INFO - Sync 1 DAGs
[2023-09-01T19:32:20.990+0000] {logging_mixin.py:150} INFO - [2023-09-01T19:32:20.990+0000] {dag.py:3508} INFO - Setting next_dagrun for example_complex to None, run_after=None
[2023-09-01T19:32:21.012+0000] {processor.py:179} INFO - Processing /home/airflow/.local/lib/python3.7/site-packages/airflow/example_dags/example_complex.py took 0.103 seconds
[2023-09-01T19:32:51.934+0000] {processor.py:157} INFO - Started process (PID=151) to work on /home/airflow/.local/lib/python3.7/site-packages/airflow/example_dags/example_complex.py
[2023-09-01T19:32:51.936+0000] {processor.py:826} INFO - Processing file /home/airflow/.local/lib/python3.7/site-packages/airflow/example_dags/example_complex.py for tasks to queue
[2023-09-01T19:32:51.938+0000] {logging_mixin.py:150} INFO - [2023-09-01T19:32:51.937+0000] {dagbag.py:541} INFO - Filling up the DagBag from /home/airflow/.local/lib/python3.7/site-packages/airflow/example_dags/example_complex.py
[2023-09-01T19:32:51.951+0000] {processor.py:836} INFO - DAG(s) dict_keys(['example_complex']) retrieved from /home/airflow/.local/lib/python3.7/site-packages/airflow/example_dags/example_complex.py
[2023-09-01T19:32:51.982+0000] {logging_mixin.py:150} INFO - [2023-09-01T19:32:51.981+0000] {dag.py:2742} INFO - Sync 1 DAGs
[2023-09-01T19:32:52.004+0000] {logging_mixin.py:150} INFO - [2023-09-01T19:32:52.004+0000] {dag.py:3508} INFO - Setting next_dagrun for example_complex to None, run_after=None
[2023-09-01T19:32:52.027+0000] {processor.py:179} INFO - Processing /home/airflow/.local/lib/python3.7/site-packages/airflow/example_dags/example_complex.py took 0.096 seconds
[2023-09-01T19:33:22.233+0000] {processor.py:157} INFO - Started process (PID=206) to work on /home/airflow/.local/lib/python3.7/site-packages/airflow/example_dags/example_complex.py
[2023-09-01T19:33:22.235+0000] {processor.py:826} INFO - Processing file /home/airflow/.local/lib/python3.7/site-packages/airflow/example_dags/example_complex.py for tasks to queue
[2023-09-01T19:33:22.237+0000] {logging_mixin.py:150} INFO - [2023-09-01T19:33:22.237+0000] {dagbag.py:541} INFO - Filling up the DagBag from /home/airflow/.local/lib/python3.7/site-packages/airflow/example_dags/example_complex.py
[2023-09-01T19:33:22.248+0000] {processor.py:836} INFO - DAG(s) dict_keys(['example_complex']) retrieved from /home/airflow/.local/lib/python3.7/site-packages/airflow/example_dags/example_complex.py
[2023-09-01T19:33:22.280+0000] {logging_mixin.py:150} INFO - [2023-09-01T19:33:22.280+0000] {dag.py:2742} INFO - Sync 1 DAGs
[2023-09-01T19:33:22.304+0000] {logging_mixin.py:150} INFO - [2023-09-01T19:33:22.304+0000] {dag.py:3508} INFO - Setting next_dagrun for example_complex to None, run_after=None
[2023-09-01T19:33:22.322+0000] {processor.py:179} INFO - Processing /home/airflow/.local/lib/python3.7/site-packages/airflow/example_dags/example_complex.py took 0.092 seconds
[2023-09-01T19:33:52.571+0000] {processor.py:157} INFO - Started process (PID=261) to work on /home/airflow/.local/lib/python3.7/site-packages/airflow/example_dags/example_complex.py
[2023-09-01T19:33:52.572+0000] {processor.py:826} INFO - Processing file /home/airflow/.local/lib/python3.7/site-packages/airflow/example_dags/example_complex.py for tasks to queue
[2023-09-01T19:33:52.573+0000] {logging_mixin.py:150} INFO - [2023-09-01T19:33:52.573+0000] {dagbag.py:541} INFO - Filling up the DagBag from /home/airflow/.local/lib/python3.7/site-packages/airflow/example_dags/example_complex.py
[2023-09-01T19:33:52.587+0000] {processor.py:836} INFO - DAG(s) dict_keys(['example_complex']) retrieved from /home/airflow/.local/lib/python3.7/site-packages/airflow/example_dags/example_complex.py
[2023-09-01T19:33:52.618+0000] {logging_mixin.py:150} INFO - [2023-09-01T19:33:52.617+0000] {dag.py:2742} INFO - Sync 1 DAGs
[2023-09-01T19:33:52.644+0000] {logging_mixin.py:150} INFO - [2023-09-01T19:33:52.643+0000] {dag.py:3508} INFO - Setting next_dagrun for example_complex to None, run_after=None
[2023-09-01T19:33:52.661+0000] {processor.py:179} INFO - Processing /home/airflow/.local/lib/python3.7/site-packages/airflow/example_dags/example_complex.py took 0.093 seconds
[2023-09-01T19:34:23.051+0000] {processor.py:157} INFO - Started process (PID=316) to work on /home/airflow/.local/lib/python3.7/site-packages/airflow/example_dags/example_complex.py
[2023-09-01T19:34:23.058+0000] {processor.py:826} INFO - Processing file /home/airflow/.local/lib/python3.7/site-packages/airflow/example_dags/example_complex.py for tasks to queue
[2023-09-01T19:34:23.059+0000] {logging_mixin.py:150} INFO - [2023-09-01T19:34:23.059+0000] {dagbag.py:541} INFO - Filling up the DagBag from /home/airflow/.local/lib/python3.7/site-packages/airflow/example_dags/example_complex.py
[2023-09-01T19:34:23.072+0000] {processor.py:836} INFO - DAG(s) dict_keys(['example_complex']) retrieved from /home/airflow/.local/lib/python3.7/site-packages/airflow/example_dags/example_complex.py
[2023-09-01T19:34:23.098+0000] {logging_mixin.py:150} INFO - [2023-09-01T19:34:23.098+0000] {dag.py:2742} INFO - Sync 1 DAGs
[2023-09-01T19:34:23.119+0000] {logging_mixin.py:150} INFO - [2023-09-01T19:34:23.119+0000] {dag.py:3508} INFO - Setting next_dagrun for example_complex to None, run_after=None
[2023-09-01T19:34:23.134+0000] {processor.py:179} INFO - Processing /home/airflow/.local/lib/python3.7/site-packages/airflow/example_dags/example_complex.py took 0.087 seconds
[2023-09-01T19:34:53.246+0000] {processor.py:157} INFO - Started process (PID=371) to work on /home/airflow/.local/lib/python3.7/site-packages/airflow/example_dags/example_complex.py
[2023-09-01T19:34:53.247+0000] {processor.py:826} INFO - Processing file /home/airflow/.local/lib/python3.7/site-packages/airflow/example_dags/example_complex.py for tasks to queue
[2023-09-01T19:34:53.248+0000] {logging_mixin.py:150} INFO - [2023-09-01T19:34:53.248+0000] {dagbag.py:541} INFO - Filling up the DagBag from /home/airflow/.local/lib/python3.7/site-packages/airflow/example_dags/example_complex.py
[2023-09-01T19:34:53.276+0000] {processor.py:836} INFO - DAG(s) dict_keys(['example_complex']) retrieved from /home/airflow/.local/lib/python3.7/site-packages/airflow/example_dags/example_complex.py
[2023-09-01T19:34:53.314+0000] {logging_mixin.py:150} INFO - [2023-09-01T19:34:53.314+0000] {dag.py:2742} INFO - Sync 1 DAGs
[2023-09-01T19:34:53.344+0000] {logging_mixin.py:150} INFO - [2023-09-01T19:34:53.343+0000] {dag.py:3508} INFO - Setting next_dagrun for example_complex to None, run_after=None
[2023-09-01T19:34:53.374+0000] {processor.py:179} INFO - Processing /home/airflow/.local/lib/python3.7/site-packages/airflow/example_dags/example_complex.py took 0.146 seconds
[2023-09-01T19:35:23.477+0000] {processor.py:157} INFO - Started process (PID=426) to work on /home/airflow/.local/lib/python3.7/site-packages/airflow/example_dags/example_complex.py
[2023-09-01T19:35:23.481+0000] {processor.py:826} INFO - Processing file /home/airflow/.local/lib/python3.7/site-packages/airflow/example_dags/example_complex.py for tasks to queue
[2023-09-01T19:35:23.482+0000] {logging_mixin.py:150} INFO - [2023-09-01T19:35:23.481+0000] {dagbag.py:541} INFO - Filling up the DagBag from /home/airflow/.local/lib/python3.7/site-packages/airflow/example_dags/example_complex.py
[2023-09-01T19:35:23.492+0000] {processor.py:836} INFO - DAG(s) dict_keys(['example_complex']) retrieved from /home/airflow/.local/lib/python3.7/site-packages/airflow/example_dags/example_complex.py
[2023-09-01T19:35:23.530+0000] {logging_mixin.py:150} INFO - [2023-09-01T19:35:23.529+0000] {dag.py:2742} INFO - Sync 1 DAGs
[2023-09-01T19:35:23.557+0000] {logging_mixin.py:150} INFO - [2023-09-01T19:35:23.557+0000] {dag.py:3508} INFO - Setting next_dagrun for example_complex to None, run_after=None
[2023-09-01T19:35:23.572+0000] {processor.py:179} INFO - Processing /home/airflow/.local/lib/python3.7/site-packages/airflow/example_dags/example_complex.py took 0.099 seconds
[2023-09-01T19:35:53.709+0000] {processor.py:157} INFO - Started process (PID=481) to work on /home/airflow/.local/lib/python3.7/site-packages/airflow/example_dags/example_complex.py
[2023-09-01T19:35:53.710+0000] {processor.py:826} INFO - Processing file /home/airflow/.local/lib/python3.7/site-packages/airflow/example_dags/example_complex.py for tasks to queue
[2023-09-01T19:35:53.711+0000] {logging_mixin.py:150} INFO - [2023-09-01T19:35:53.711+0000] {dagbag.py:541} INFO - Filling up the DagBag from /home/airflow/.local/lib/python3.7/site-packages/airflow/example_dags/example_complex.py
[2023-09-01T19:35:53.723+0000] {processor.py:836} INFO - DAG(s) dict_keys(['example_complex']) retrieved from /home/airflow/.local/lib/python3.7/site-packages/airflow/example_dags/example_complex.py
[2023-09-01T19:35:53.750+0000] {logging_mixin.py:150} INFO - [2023-09-01T19:35:53.750+0000] {dag.py:2742} INFO - Sync 1 DAGs
[2023-09-01T19:35:53.771+0000] {logging_mixin.py:150} INFO - [2023-09-01T19:35:53.771+0000] {dag.py:3508} INFO - Setting next_dagrun for example_complex to None, run_after=None
[2023-09-01T19:35:53.790+0000] {processor.py:179} INFO - Processing /home/airflow/.local/lib/python3.7/site-packages/airflow/example_dags/example_complex.py took 0.085 seconds
[2023-09-01T19:36:24.282+0000] {processor.py:157} INFO - Started process (PID=536) to work on /home/airflow/.local/lib/python3.7/site-packages/airflow/example_dags/example_complex.py
[2023-09-01T19:36:24.283+0000] {processor.py:826} INFO - Processing file /home/airflow/.local/lib/python3.7/site-packages/airflow/example_dags/example_complex.py for tasks to queue
[2023-09-01T19:36:24.284+0000] {logging_mixin.py:150} INFO - [2023-09-01T19:36:24.283+0000] {dagbag.py:541} INFO - Filling up the DagBag from /home/airflow/.local/lib/python3.7/site-packages/airflow/example_dags/example_complex.py
[2023-09-01T19:36:24.296+0000] {processor.py:836} INFO - DAG(s) dict_keys(['example_complex']) retrieved from /home/airflow/.local/lib/python3.7/site-packages/airflow/example_dags/example_complex.py
[2023-09-01T19:36:24.384+0000] {logging_mixin.py:150} INFO - [2023-09-01T19:36:24.384+0000] {dag.py:2742} INFO - Sync 1 DAGs
[2023-09-01T19:36:24.443+0000] {logging_mixin.py:150} INFO - [2023-09-01T19:36:24.442+0000] {dag.py:3508} INFO - Setting next_dagrun for example_complex to None, run_after=None
[2023-09-01T19:36:24.458+0000] {processor.py:179} INFO - Processing /home/airflow/.local/lib/python3.7/site-packages/airflow/example_dags/example_complex.py took 0.180 seconds
[2023-09-01T19:36:55.191+0000] {processor.py:157} INFO - Started process (PID=591) to work on /home/airflow/.local/lib/python3.7/site-packages/airflow/example_dags/example_complex.py
[2023-09-01T19:36:55.192+0000] {processor.py:826} INFO - Processing file /home/airflow/.local/lib/python3.7/site-packages/airflow/example_dags/example_complex.py for tasks to queue
[2023-09-01T19:36:55.192+0000] {logging_mixin.py:150} INFO - [2023-09-01T19:36:55.192+0000] {dagbag.py:541} INFO - Filling up the DagBag from /home/airflow/.local/lib/python3.7/site-packages/airflow/example_dags/example_complex.py
[2023-09-01T19:36:55.202+0000] {processor.py:836} INFO - DAG(s) dict_keys(['example_complex']) retrieved from /home/airflow/.local/lib/python3.7/site-packages/airflow/example_dags/example_complex.py
[2023-09-01T19:36:55.232+0000] {logging_mixin.py:150} INFO - [2023-09-01T19:36:55.232+0000] {dag.py:2742} INFO - Sync 1 DAGs
[2023-09-01T19:36:55.256+0000] {logging_mixin.py:150} INFO - [2023-09-01T19:36:55.256+0000] {dag.py:3508} INFO - Setting next_dagrun for example_complex to None, run_after=None
[2023-09-01T19:36:55.274+0000] {processor.py:179} INFO - Processing /home/airflow/.local/lib/python3.7/site-packages/airflow/example_dags/example_complex.py took 0.087 seconds
[2023-09-01T19:37:25.962+0000] {processor.py:157} INFO - Started process (PID=646) to work on /home/airflow/.local/lib/python3.7/site-packages/airflow/example_dags/example_complex.py
[2023-09-01T19:37:25.964+0000] {processor.py:826} INFO - Processing file /home/airflow/.local/lib/python3.7/site-packages/airflow/example_dags/example_complex.py for tasks to queue
[2023-09-01T19:37:25.965+0000] {logging_mixin.py:150} INFO - [2023-09-01T19:37:25.964+0000] {dagbag.py:541} INFO - Filling up the DagBag from /home/airflow/.local/lib/python3.7/site-packages/airflow/example_dags/example_complex.py
[2023-09-01T19:37:25.988+0000] {processor.py:836} INFO - DAG(s) dict_keys(['example_complex']) retrieved from /home/airflow/.local/lib/python3.7/site-packages/airflow/example_dags/example_complex.py
[2023-09-01T19:37:26.076+0000] {logging_mixin.py:150} INFO - [2023-09-01T19:37:26.075+0000] {dag.py:2742} INFO - Sync 1 DAGs
[2023-09-01T19:37:26.140+0000] {logging_mixin.py:150} INFO - [2023-09-01T19:37:26.140+0000] {dag.py:3508} INFO - Setting next_dagrun for example_complex to None, run_after=None
[2023-09-01T19:37:26.233+0000] {processor.py:179} INFO - Processing /home/airflow/.local/lib/python3.7/site-packages/airflow/example_dags/example_complex.py took 0.284 seconds
[2023-09-01T19:37:56.298+0000] {processor.py:157} INFO - Started process (PID=700) to work on /home/airflow/.local/lib/python3.7/site-packages/airflow/example_dags/example_complex.py
[2023-09-01T19:37:56.313+0000] {processor.py:826} INFO - Processing file /home/airflow/.local/lib/python3.7/site-packages/airflow/example_dags/example_complex.py for tasks to queue
[2023-09-01T19:37:56.314+0000] {logging_mixin.py:150} INFO - [2023-09-01T19:37:56.314+0000] {dagbag.py:541} INFO - Filling up the DagBag from /home/airflow/.local/lib/python3.7/site-packages/airflow/example_dags/example_complex.py
[2023-09-01T19:37:56.354+0000] {processor.py:836} INFO - DAG(s) dict_keys(['example_complex']) retrieved from /home/airflow/.local/lib/python3.7/site-packages/airflow/example_dags/example_complex.py
[2023-09-01T19:37:56.522+0000] {logging_mixin.py:150} INFO - [2023-09-01T19:37:56.521+0000] {dag.py:2742} INFO - Sync 1 DAGs
[2023-09-01T19:37:56.630+0000] {logging_mixin.py:150} INFO - [2023-09-01T19:37:56.630+0000] {dag.py:3508} INFO - Setting next_dagrun for example_complex to None, run_after=None
[2023-09-01T19:37:56.686+0000] {processor.py:179} INFO - Processing /home/airflow/.local/lib/python3.7/site-packages/airflow/example_dags/example_complex.py took 0.391 seconds
[2023-09-01T19:38:26.981+0000] {processor.py:157} INFO - Started process (PID=755) to work on /home/airflow/.local/lib/python3.7/site-packages/airflow/example_dags/example_complex.py
[2023-09-01T19:38:26.982+0000] {processor.py:826} INFO - Processing file /home/airflow/.local/lib/python3.7/site-packages/airflow/example_dags/example_complex.py for tasks to queue
[2023-09-01T19:38:26.983+0000] {logging_mixin.py:150} INFO - [2023-09-01T19:38:26.982+0000] {dagbag.py:541} INFO - Filling up the DagBag from /home/airflow/.local/lib/python3.7/site-packages/airflow/example_dags/example_complex.py
[2023-09-01T19:38:26.993+0000] {processor.py:836} INFO - DAG(s) dict_keys(['example_complex']) retrieved from /home/airflow/.local/lib/python3.7/site-packages/airflow/example_dags/example_complex.py
[2023-09-01T19:38:27.025+0000] {logging_mixin.py:150} INFO - [2023-09-01T19:38:27.025+0000] {dag.py:2742} INFO - Sync 1 DAGs
[2023-09-01T19:38:27.048+0000] {logging_mixin.py:150} INFO - [2023-09-01T19:38:27.047+0000] {dag.py:3508} INFO - Setting next_dagrun for example_complex to None, run_after=None
[2023-09-01T19:38:27.068+0000] {processor.py:179} INFO - Processing /home/airflow/.local/lib/python3.7/site-packages/airflow/example_dags/example_complex.py took 0.092 seconds
[2023-09-01T19:38:57.292+0000] {processor.py:157} INFO - Started process (PID=810) to work on /home/airflow/.local/lib/python3.7/site-packages/airflow/example_dags/example_complex.py
[2023-09-01T19:38:57.293+0000] {processor.py:826} INFO - Processing file /home/airflow/.local/lib/python3.7/site-packages/airflow/example_dags/example_complex.py for tasks to queue
[2023-09-01T19:38:57.294+0000] {logging_mixin.py:150} INFO - [2023-09-01T19:38:57.293+0000] {dagbag.py:541} INFO - Filling up the DagBag from /home/airflow/.local/lib/python3.7/site-packages/airflow/example_dags/example_complex.py
[2023-09-01T19:38:57.303+0000] {processor.py:836} INFO - DAG(s) dict_keys(['example_complex']) retrieved from /home/airflow/.local/lib/python3.7/site-packages/airflow/example_dags/example_complex.py
[2023-09-01T19:38:57.333+0000] {logging_mixin.py:150} INFO - [2023-09-01T19:38:57.333+0000] {dag.py:2742} INFO - Sync 1 DAGs
[2023-09-01T19:38:57.354+0000] {logging_mixin.py:150} INFO - [2023-09-01T19:38:57.354+0000] {dag.py:3508} INFO - Setting next_dagrun for example_complex to None, run_after=None
[2023-09-01T19:38:57.371+0000] {processor.py:179} INFO - Processing /home/airflow/.local/lib/python3.7/site-packages/airflow/example_dags/example_complex.py took 0.083 seconds
[2023-09-01T19:39:27.573+0000] {processor.py:157} INFO - Started process (PID=864) to work on /home/airflow/.local/lib/python3.7/site-packages/airflow/example_dags/example_complex.py
[2023-09-01T19:39:27.574+0000] {processor.py:826} INFO - Processing file /home/airflow/.local/lib/python3.7/site-packages/airflow/example_dags/example_complex.py for tasks to queue
[2023-09-01T19:39:27.575+0000] {logging_mixin.py:150} INFO - [2023-09-01T19:39:27.575+0000] {dagbag.py:541} INFO - Filling up the DagBag from /home/airflow/.local/lib/python3.7/site-packages/airflow/example_dags/example_complex.py
[2023-09-01T19:39:27.585+0000] {processor.py:836} INFO - DAG(s) dict_keys(['example_complex']) retrieved from /home/airflow/.local/lib/python3.7/site-packages/airflow/example_dags/example_complex.py
[2023-09-01T19:39:27.619+0000] {logging_mixin.py:150} INFO - [2023-09-01T19:39:27.618+0000] {dag.py:2742} INFO - Sync 1 DAGs
[2023-09-01T19:39:27.649+0000] {logging_mixin.py:150} INFO - [2023-09-01T19:39:27.648+0000] {dag.py:3508} INFO - Setting next_dagrun for example_complex to None, run_after=None
[2023-09-01T19:39:27.664+0000] {processor.py:179} INFO - Processing /home/airflow/.local/lib/python3.7/site-packages/airflow/example_dags/example_complex.py took 0.098 seconds
[2023-09-01T19:39:57.851+0000] {processor.py:157} INFO - Started process (PID=919) to work on /home/airflow/.local/lib/python3.7/site-packages/airflow/example_dags/example_complex.py
[2023-09-01T19:39:57.852+0000] {processor.py:826} INFO - Processing file /home/airflow/.local/lib/python3.7/site-packages/airflow/example_dags/example_complex.py for tasks to queue
[2023-09-01T19:39:57.853+0000] {logging_mixin.py:150} INFO - [2023-09-01T19:39:57.853+0000] {dagbag.py:541} INFO - Filling up the DagBag from /home/airflow/.local/lib/python3.7/site-packages/airflow/example_dags/example_complex.py
[2023-09-01T19:39:57.862+0000] {processor.py:836} INFO - DAG(s) dict_keys(['example_complex']) retrieved from /home/airflow/.local/lib/python3.7/site-packages/airflow/example_dags/example_complex.py
[2023-09-01T19:39:57.891+0000] {logging_mixin.py:150} INFO - [2023-09-01T19:39:57.891+0000] {dag.py:2742} INFO - Sync 1 DAGs
[2023-09-01T19:39:57.913+0000] {logging_mixin.py:150} INFO - [2023-09-01T19:39:57.913+0000] {dag.py:3508} INFO - Setting next_dagrun for example_complex to None, run_after=None
[2023-09-01T19:39:57.932+0000] {processor.py:179} INFO - Processing /home/airflow/.local/lib/python3.7/site-packages/airflow/example_dags/example_complex.py took 0.083 seconds
[2023-09-01T19:40:28.381+0000] {processor.py:157} INFO - Started process (PID=974) to work on /home/airflow/.local/lib/python3.7/site-packages/airflow/example_dags/example_complex.py
[2023-09-01T19:40:28.385+0000] {processor.py:826} INFO - Processing file /home/airflow/.local/lib/python3.7/site-packages/airflow/example_dags/example_complex.py for tasks to queue
[2023-09-01T19:40:28.386+0000] {logging_mixin.py:150} INFO - [2023-09-01T19:40:28.385+0000] {dagbag.py:541} INFO - Filling up the DagBag from /home/airflow/.local/lib/python3.7/site-packages/airflow/example_dags/example_complex.py
[2023-09-01T19:40:28.397+0000] {processor.py:836} INFO - DAG(s) dict_keys(['example_complex']) retrieved from /home/airflow/.local/lib/python3.7/site-packages/airflow/example_dags/example_complex.py
[2023-09-01T19:40:28.441+0000] {logging_mixin.py:150} INFO - [2023-09-01T19:40:28.441+0000] {dag.py:2742} INFO - Sync 1 DAGs
[2023-09-01T19:40:28.472+0000] {logging_mixin.py:150} INFO - [2023-09-01T19:40:28.472+0000] {dag.py:3508} INFO - Setting next_dagrun for example_complex to None, run_after=None
[2023-09-01T19:40:28.491+0000] {processor.py:179} INFO - Processing /home/airflow/.local/lib/python3.7/site-packages/airflow/example_dags/example_complex.py took 0.114 seconds
[2023-09-01T19:40:58.572+0000] {processor.py:157} INFO - Started process (PID=1028) to work on /home/airflow/.local/lib/python3.7/site-packages/airflow/example_dags/example_complex.py
[2023-09-01T19:40:58.573+0000] {processor.py:826} INFO - Processing file /home/airflow/.local/lib/python3.7/site-packages/airflow/example_dags/example_complex.py for tasks to queue
[2023-09-01T19:40:58.573+0000] {logging_mixin.py:150} INFO - [2023-09-01T19:40:58.573+0000] {dagbag.py:541} INFO - Filling up the DagBag from /home/airflow/.local/lib/python3.7/site-packages/airflow/example_dags/example_complex.py
[2023-09-01T19:40:58.582+0000] {processor.py:836} INFO - DAG(s) dict_keys(['example_complex']) retrieved from /home/airflow/.local/lib/python3.7/site-packages/airflow/example_dags/example_complex.py
[2023-09-01T19:40:58.610+0000] {logging_mixin.py:150} INFO - [2023-09-01T19:40:58.610+0000] {dag.py:2742} INFO - Sync 1 DAGs
[2023-09-01T19:40:58.632+0000] {logging_mixin.py:150} INFO - [2023-09-01T19:40:58.632+0000] {dag.py:3508} INFO - Setting next_dagrun for example_complex to None, run_after=None
[2023-09-01T19:40:58.650+0000] {processor.py:179} INFO - Processing /home/airflow/.local/lib/python3.7/site-packages/airflow/example_dags/example_complex.py took 0.081 seconds
[2023-09-01T19:41:28.771+0000] {processor.py:157} INFO - Started process (PID=1083) to work on /home/airflow/.local/lib/python3.7/site-packages/airflow/example_dags/example_complex.py
[2023-09-01T19:41:28.773+0000] {processor.py:826} INFO - Processing file /home/airflow/.local/lib/python3.7/site-packages/airflow/example_dags/example_complex.py for tasks to queue
[2023-09-01T19:41:28.773+0000] {logging_mixin.py:150} INFO - [2023-09-01T19:41:28.773+0000] {dagbag.py:541} INFO - Filling up the DagBag from /home/airflow/.local/lib/python3.7/site-packages/airflow/example_dags/example_complex.py
[2023-09-01T19:41:28.784+0000] {processor.py:836} INFO - DAG(s) dict_keys(['example_complex']) retrieved from /home/airflow/.local/lib/python3.7/site-packages/airflow/example_dags/example_complex.py
[2023-09-01T19:41:28.814+0000] {logging_mixin.py:150} INFO - [2023-09-01T19:41:28.813+0000] {dag.py:2742} INFO - Sync 1 DAGs
[2023-09-01T19:41:28.834+0000] {logging_mixin.py:150} INFO - [2023-09-01T19:41:28.833+0000] {dag.py:3508} INFO - Setting next_dagrun for example_complex to None, run_after=None
[2023-09-01T19:41:28.852+0000] {processor.py:179} INFO - Processing /home/airflow/.local/lib/python3.7/site-packages/airflow/example_dags/example_complex.py took 0.085 seconds
[2023-09-01T19:41:59.389+0000] {processor.py:157} INFO - Started process (PID=1138) to work on /home/airflow/.local/lib/python3.7/site-packages/airflow/example_dags/example_complex.py
[2023-09-01T19:41:59.390+0000] {processor.py:826} INFO - Processing file /home/airflow/.local/lib/python3.7/site-packages/airflow/example_dags/example_complex.py for tasks to queue
[2023-09-01T19:41:59.390+0000] {logging_mixin.py:150} INFO - [2023-09-01T19:41:59.390+0000] {dagbag.py:541} INFO - Filling up the DagBag from /home/airflow/.local/lib/python3.7/site-packages/airflow/example_dags/example_complex.py
[2023-09-01T19:41:59.406+0000] {processor.py:836} INFO - DAG(s) dict_keys(['example_complex']) retrieved from /home/airflow/.local/lib/python3.7/site-packages/airflow/example_dags/example_complex.py
[2023-09-01T19:41:59.440+0000] {logging_mixin.py:150} INFO - [2023-09-01T19:41:59.440+0000] {dag.py:2742} INFO - Sync 1 DAGs
[2023-09-01T19:41:59.467+0000] {logging_mixin.py:150} INFO - [2023-09-01T19:41:59.465+0000] {dag.py:3508} INFO - Setting next_dagrun for example_complex to None, run_after=None
[2023-09-01T19:41:59.482+0000] {processor.py:179} INFO - Processing /home/airflow/.local/lib/python3.7/site-packages/airflow/example_dags/example_complex.py took 0.097 seconds
[2023-09-01T19:42:29.780+0000] {processor.py:157} INFO - Started process (PID=1192) to work on /home/airflow/.local/lib/python3.7/site-packages/airflow/example_dags/example_complex.py
[2023-09-01T19:42:29.781+0000] {processor.py:826} INFO - Processing file /home/airflow/.local/lib/python3.7/site-packages/airflow/example_dags/example_complex.py for tasks to queue
[2023-09-01T19:42:29.782+0000] {logging_mixin.py:150} INFO - [2023-09-01T19:42:29.782+0000] {dagbag.py:541} INFO - Filling up the DagBag from /home/airflow/.local/lib/python3.7/site-packages/airflow/example_dags/example_complex.py
[2023-09-01T19:42:29.792+0000] {processor.py:836} INFO - DAG(s) dict_keys(['example_complex']) retrieved from /home/airflow/.local/lib/python3.7/site-packages/airflow/example_dags/example_complex.py
[2023-09-01T19:42:29.824+0000] {logging_mixin.py:150} INFO - [2023-09-01T19:42:29.824+0000] {dag.py:2742} INFO - Sync 1 DAGs
[2023-09-01T19:42:29.845+0000] {logging_mixin.py:150} INFO - [2023-09-01T19:42:29.845+0000] {dag.py:3508} INFO - Setting next_dagrun for example_complex to None, run_after=None
[2023-09-01T19:42:29.861+0000] {processor.py:179} INFO - Processing /home/airflow/.local/lib/python3.7/site-packages/airflow/example_dags/example_complex.py took 0.084 seconds
[2023-09-01T19:43:00.006+0000] {processor.py:157} INFO - Started process (PID=1247) to work on /home/airflow/.local/lib/python3.7/site-packages/airflow/example_dags/example_complex.py
[2023-09-01T19:43:00.007+0000] {processor.py:826} INFO - Processing file /home/airflow/.local/lib/python3.7/site-packages/airflow/example_dags/example_complex.py for tasks to queue
[2023-09-01T19:43:00.008+0000] {logging_mixin.py:150} INFO - [2023-09-01T19:43:00.008+0000] {dagbag.py:541} INFO - Filling up the DagBag from /home/airflow/.local/lib/python3.7/site-packages/airflow/example_dags/example_complex.py
[2023-09-01T19:43:00.019+0000] {processor.py:836} INFO - DAG(s) dict_keys(['example_complex']) retrieved from /home/airflow/.local/lib/python3.7/site-packages/airflow/example_dags/example_complex.py
[2023-09-01T19:43:00.052+0000] {logging_mixin.py:150} INFO - [2023-09-01T19:43:00.052+0000] {dag.py:2742} INFO - Sync 1 DAGs
[2023-09-01T19:43:00.075+0000] {logging_mixin.py:150} INFO - [2023-09-01T19:43:00.075+0000] {dag.py:3508} INFO - Setting next_dagrun for example_complex to None, run_after=None
[2023-09-01T19:43:00.094+0000] {processor.py:179} INFO - Processing /home/airflow/.local/lib/python3.7/site-packages/airflow/example_dags/example_complex.py took 0.095 seconds
[2023-09-01T19:43:30.650+0000] {processor.py:157} INFO - Started process (PID=1302) to work on /home/airflow/.local/lib/python3.7/site-packages/airflow/example_dags/example_complex.py
[2023-09-01T19:43:30.651+0000] {processor.py:826} INFO - Processing file /home/airflow/.local/lib/python3.7/site-packages/airflow/example_dags/example_complex.py for tasks to queue
[2023-09-01T19:43:30.652+0000] {logging_mixin.py:150} INFO - [2023-09-01T19:43:30.651+0000] {dagbag.py:541} INFO - Filling up the DagBag from /home/airflow/.local/lib/python3.7/site-packages/airflow/example_dags/example_complex.py
[2023-09-01T19:43:30.662+0000] {processor.py:836} INFO - DAG(s) dict_keys(['example_complex']) retrieved from /home/airflow/.local/lib/python3.7/site-packages/airflow/example_dags/example_complex.py
[2023-09-01T19:43:30.704+0000] {logging_mixin.py:150} INFO - [2023-09-01T19:43:30.703+0000] {dag.py:2742} INFO - Sync 1 DAGs
[2023-09-01T19:43:30.734+0000] {logging_mixin.py:150} INFO - [2023-09-01T19:43:30.734+0000] {dag.py:3508} INFO - Setting next_dagrun for example_complex to None, run_after=None
[2023-09-01T19:43:30.753+0000] {processor.py:179} INFO - Processing /home/airflow/.local/lib/python3.7/site-packages/airflow/example_dags/example_complex.py took 0.108 seconds
[2023-09-01T19:44:01.156+0000] {processor.py:157} INFO - Started process (PID=1357) to work on /home/airflow/.local/lib/python3.7/site-packages/airflow/example_dags/example_complex.py
[2023-09-01T19:44:01.158+0000] {processor.py:826} INFO - Processing file /home/airflow/.local/lib/python3.7/site-packages/airflow/example_dags/example_complex.py for tasks to queue
[2023-09-01T19:44:01.158+0000] {logging_mixin.py:150} INFO - [2023-09-01T19:44:01.158+0000] {dagbag.py:541} INFO - Filling up the DagBag from /home/airflow/.local/lib/python3.7/site-packages/airflow/example_dags/example_complex.py
[2023-09-01T19:44:01.168+0000] {processor.py:836} INFO - DAG(s) dict_keys(['example_complex']) retrieved from /home/airflow/.local/lib/python3.7/site-packages/airflow/example_dags/example_complex.py
[2023-09-01T19:44:01.199+0000] {logging_mixin.py:150} INFO - [2023-09-01T19:44:01.198+0000] {dag.py:2742} INFO - Sync 1 DAGs
[2023-09-01T19:44:01.226+0000] {logging_mixin.py:150} INFO - [2023-09-01T19:44:01.226+0000] {dag.py:3508} INFO - Setting next_dagrun for example_complex to None, run_after=None
[2023-09-01T19:44:01.243+0000] {processor.py:179} INFO - Processing /home/airflow/.local/lib/python3.7/site-packages/airflow/example_dags/example_complex.py took 0.090 seconds
[2023-09-01T19:44:31.778+0000] {processor.py:157} INFO - Started process (PID=1412) to work on /home/airflow/.local/lib/python3.7/site-packages/airflow/example_dags/example_complex.py
[2023-09-01T19:44:31.778+0000] {processor.py:826} INFO - Processing file /home/airflow/.local/lib/python3.7/site-packages/airflow/example_dags/example_complex.py for tasks to queue
[2023-09-01T19:44:31.779+0000] {logging_mixin.py:150} INFO - [2023-09-01T19:44:31.779+0000] {dagbag.py:541} INFO - Filling up the DagBag from /home/airflow/.local/lib/python3.7/site-packages/airflow/example_dags/example_complex.py
[2023-09-01T19:44:31.789+0000] {processor.py:836} INFO - DAG(s) dict_keys(['example_complex']) retrieved from /home/airflow/.local/lib/python3.7/site-packages/airflow/example_dags/example_complex.py
[2023-09-01T19:44:31.819+0000] {logging_mixin.py:150} INFO - [2023-09-01T19:44:31.818+0000] {dag.py:2742} INFO - Sync 1 DAGs
[2023-09-01T19:44:31.841+0000] {logging_mixin.py:150} INFO - [2023-09-01T19:44:31.841+0000] {dag.py:3508} INFO - Setting next_dagrun for example_complex to None, run_after=None
[2023-09-01T19:44:31.859+0000] {processor.py:179} INFO - Processing /home/airflow/.local/lib/python3.7/site-packages/airflow/example_dags/example_complex.py took 0.085 seconds
[2023-09-01T19:45:02.137+0000] {processor.py:157} INFO - Started process (PID=1467) to work on /home/airflow/.local/lib/python3.7/site-packages/airflow/example_dags/example_complex.py
[2023-09-01T19:45:02.138+0000] {processor.py:826} INFO - Processing file /home/airflow/.local/lib/python3.7/site-packages/airflow/example_dags/example_complex.py for tasks to queue
[2023-09-01T19:45:02.139+0000] {logging_mixin.py:150} INFO - [2023-09-01T19:45:02.139+0000] {dagbag.py:541} INFO - Filling up the DagBag from /home/airflow/.local/lib/python3.7/site-packages/airflow/example_dags/example_complex.py
[2023-09-01T19:45:02.150+0000] {processor.py:836} INFO - DAG(s) dict_keys(['example_complex']) retrieved from /home/airflow/.local/lib/python3.7/site-packages/airflow/example_dags/example_complex.py
[2023-09-01T19:45:02.178+0000] {logging_mixin.py:150} INFO - [2023-09-01T19:45:02.177+0000] {dag.py:2742} INFO - Sync 1 DAGs
[2023-09-01T19:45:02.200+0000] {logging_mixin.py:150} INFO - [2023-09-01T19:45:02.199+0000] {dag.py:3508} INFO - Setting next_dagrun for example_complex to None, run_after=None
[2023-09-01T19:45:02.220+0000] {processor.py:179} INFO - Processing /home/airflow/.local/lib/python3.7/site-packages/airflow/example_dags/example_complex.py took 0.091 seconds
[2023-09-01T19:45:32.428+0000] {processor.py:157} INFO - Started process (PID=1522) to work on /home/airflow/.local/lib/python3.7/site-packages/airflow/example_dags/example_complex.py
[2023-09-01T19:45:32.429+0000] {processor.py:826} INFO - Processing file /home/airflow/.local/lib/python3.7/site-packages/airflow/example_dags/example_complex.py for tasks to queue
[2023-09-01T19:45:32.429+0000] {logging_mixin.py:150} INFO - [2023-09-01T19:45:32.429+0000] {dagbag.py:541} INFO - Filling up the DagBag from /home/airflow/.local/lib/python3.7/site-packages/airflow/example_dags/example_complex.py
[2023-09-01T19:45:32.440+0000] {processor.py:836} INFO - DAG(s) dict_keys(['example_complex']) retrieved from /home/airflow/.local/lib/python3.7/site-packages/airflow/example_dags/example_complex.py
[2023-09-01T19:45:32.481+0000] {logging_mixin.py:150} INFO - [2023-09-01T19:45:32.481+0000] {dag.py:2742} INFO - Sync 1 DAGs
[2023-09-01T19:45:32.508+0000] {logging_mixin.py:150} INFO - [2023-09-01T19:45:32.508+0000] {dag.py:3508} INFO - Setting next_dagrun for example_complex to None, run_after=None
[2023-09-01T19:45:32.525+0000] {processor.py:179} INFO - Processing /home/airflow/.local/lib/python3.7/site-packages/airflow/example_dags/example_complex.py took 0.101 seconds
[2023-09-01T19:46:02.844+0000] {processor.py:157} INFO - Started process (PID=1577) to work on /home/airflow/.local/lib/python3.7/site-packages/airflow/example_dags/example_complex.py
[2023-09-01T19:46:02.847+0000] {processor.py:826} INFO - Processing file /home/airflow/.local/lib/python3.7/site-packages/airflow/example_dags/example_complex.py for tasks to queue
[2023-09-01T19:46:02.848+0000] {logging_mixin.py:150} INFO - [2023-09-01T19:46:02.848+0000] {dagbag.py:541} INFO - Filling up the DagBag from /home/airflow/.local/lib/python3.7/site-packages/airflow/example_dags/example_complex.py
[2023-09-01T19:46:02.857+0000] {processor.py:836} INFO - DAG(s) dict_keys(['example_complex']) retrieved from /home/airflow/.local/lib/python3.7/site-packages/airflow/example_dags/example_complex.py
[2023-09-01T19:46:02.890+0000] {logging_mixin.py:150} INFO - [2023-09-01T19:46:02.889+0000] {dag.py:2742} INFO - Sync 1 DAGs
[2023-09-01T19:46:02.914+0000] {logging_mixin.py:150} INFO - [2023-09-01T19:46:02.913+0000] {dag.py:3508} INFO - Setting next_dagrun for example_complex to None, run_after=None
[2023-09-01T19:46:02.929+0000] {processor.py:179} INFO - Processing /home/airflow/.local/lib/python3.7/site-packages/airflow/example_dags/example_complex.py took 0.089 seconds
[2023-09-01T19:46:33.308+0000] {processor.py:157} INFO - Started process (PID=1632) to work on /home/airflow/.local/lib/python3.7/site-packages/airflow/example_dags/example_complex.py
[2023-09-01T19:46:33.310+0000] {processor.py:826} INFO - Processing file /home/airflow/.local/lib/python3.7/site-packages/airflow/example_dags/example_complex.py for tasks to queue
[2023-09-01T19:46:33.311+0000] {logging_mixin.py:150} INFO - [2023-09-01T19:46:33.311+0000] {dagbag.py:541} INFO - Filling up the DagBag from /home/airflow/.local/lib/python3.7/site-packages/airflow/example_dags/example_complex.py
[2023-09-01T19:46:33.324+0000] {processor.py:836} INFO - DAG(s) dict_keys(['example_complex']) retrieved from /home/airflow/.local/lib/python3.7/site-packages/airflow/example_dags/example_complex.py
[2023-09-01T19:46:33.367+0000] {logging_mixin.py:150} INFO - [2023-09-01T19:46:33.367+0000] {dag.py:2742} INFO - Sync 1 DAGs
[2023-09-01T19:46:33.407+0000] {logging_mixin.py:150} INFO - [2023-09-01T19:46:33.406+0000] {dag.py:3508} INFO - Setting next_dagrun for example_complex to None, run_after=None
[2023-09-01T19:46:33.422+0000] {processor.py:179} INFO - Processing /home/airflow/.local/lib/python3.7/site-packages/airflow/example_dags/example_complex.py took 0.121 seconds
[2023-09-01T19:47:03.971+0000] {processor.py:157} INFO - Started process (PID=1694) to work on /home/airflow/.local/lib/python3.7/site-packages/airflow/example_dags/example_complex.py
[2023-09-01T19:47:03.972+0000] {processor.py:826} INFO - Processing file /home/airflow/.local/lib/python3.7/site-packages/airflow/example_dags/example_complex.py for tasks to queue
[2023-09-01T19:47:03.973+0000] {logging_mixin.py:150} INFO - [2023-09-01T19:47:03.972+0000] {dagbag.py:541} INFO - Filling up the DagBag from /home/airflow/.local/lib/python3.7/site-packages/airflow/example_dags/example_complex.py
[2023-09-01T19:47:03.982+0000] {processor.py:836} INFO - DAG(s) dict_keys(['example_complex']) retrieved from /home/airflow/.local/lib/python3.7/site-packages/airflow/example_dags/example_complex.py
[2023-09-01T19:47:04.010+0000] {logging_mixin.py:150} INFO - [2023-09-01T19:47:04.010+0000] {dag.py:2742} INFO - Sync 1 DAGs
[2023-09-01T19:47:04.031+0000] {logging_mixin.py:150} INFO - [2023-09-01T19:47:04.031+0000] {dag.py:3508} INFO - Setting next_dagrun for example_complex to None, run_after=None
[2023-09-01T19:47:04.048+0000] {processor.py:179} INFO - Processing /home/airflow/.local/lib/python3.7/site-packages/airflow/example_dags/example_complex.py took 0.080 seconds
[2023-09-01T19:47:34.363+0000] {processor.py:157} INFO - Started process (PID=1749) to work on /home/airflow/.local/lib/python3.7/site-packages/airflow/example_dags/example_complex.py
[2023-09-01T19:47:34.364+0000] {processor.py:826} INFO - Processing file /home/airflow/.local/lib/python3.7/site-packages/airflow/example_dags/example_complex.py for tasks to queue
[2023-09-01T19:47:34.365+0000] {logging_mixin.py:150} INFO - [2023-09-01T19:47:34.365+0000] {dagbag.py:541} INFO - Filling up the DagBag from /home/airflow/.local/lib/python3.7/site-packages/airflow/example_dags/example_complex.py
[2023-09-01T19:47:34.375+0000] {processor.py:836} INFO - DAG(s) dict_keys(['example_complex']) retrieved from /home/airflow/.local/lib/python3.7/site-packages/airflow/example_dags/example_complex.py
[2023-09-01T19:47:34.404+0000] {logging_mixin.py:150} INFO - [2023-09-01T19:47:34.403+0000] {dag.py:2742} INFO - Sync 1 DAGs
[2023-09-01T19:47:34.425+0000] {logging_mixin.py:150} INFO - [2023-09-01T19:47:34.425+0000] {dag.py:3508} INFO - Setting next_dagrun for example_complex to None, run_after=None
[2023-09-01T19:47:34.441+0000] {processor.py:179} INFO - Processing /home/airflow/.local/lib/python3.7/site-packages/airflow/example_dags/example_complex.py took 0.081 seconds
[2023-09-01T19:48:04.678+0000] {processor.py:157} INFO - Started process (PID=1804) to work on /home/airflow/.local/lib/python3.7/site-packages/airflow/example_dags/example_complex.py
[2023-09-01T19:48:04.679+0000] {processor.py:826} INFO - Processing file /home/airflow/.local/lib/python3.7/site-packages/airflow/example_dags/example_complex.py for tasks to queue
[2023-09-01T19:48:04.688+0000] {logging_mixin.py:150} INFO - [2023-09-01T19:48:04.687+0000] {dagbag.py:541} INFO - Filling up the DagBag from /home/airflow/.local/lib/python3.7/site-packages/airflow/example_dags/example_complex.py
[2023-09-01T19:48:04.709+0000] {processor.py:836} INFO - DAG(s) dict_keys(['example_complex']) retrieved from /home/airflow/.local/lib/python3.7/site-packages/airflow/example_dags/example_complex.py
[2023-09-01T19:48:04.767+0000] {logging_mixin.py:150} INFO - [2023-09-01T19:48:04.767+0000] {dag.py:2742} INFO - Sync 1 DAGs
[2023-09-01T19:48:04.808+0000] {logging_mixin.py:150} INFO - [2023-09-01T19:48:04.808+0000] {dag.py:3508} INFO - Setting next_dagrun for example_complex to None, run_after=None
[2023-09-01T19:48:04.828+0000] {processor.py:179} INFO - Processing /home/airflow/.local/lib/python3.7/site-packages/airflow/example_dags/example_complex.py took 0.153 seconds
[2023-09-01T19:48:35.675+0000] {processor.py:157} INFO - Started process (PID=1858) to work on /home/airflow/.local/lib/python3.7/site-packages/airflow/example_dags/example_complex.py
[2023-09-01T19:48:35.679+0000] {processor.py:826} INFO - Processing file /home/airflow/.local/lib/python3.7/site-packages/airflow/example_dags/example_complex.py for tasks to queue
[2023-09-01T19:48:35.680+0000] {logging_mixin.py:150} INFO - [2023-09-01T19:48:35.680+0000] {dagbag.py:541} INFO - Filling up the DagBag from /home/airflow/.local/lib/python3.7/site-packages/airflow/example_dags/example_complex.py
[2023-09-01T19:48:35.690+0000] {processor.py:836} INFO - DAG(s) dict_keys(['example_complex']) retrieved from /home/airflow/.local/lib/python3.7/site-packages/airflow/example_dags/example_complex.py
[2023-09-01T19:48:35.726+0000] {logging_mixin.py:150} INFO - [2023-09-01T19:48:35.726+0000] {dag.py:2742} INFO - Sync 1 DAGs
[2023-09-01T19:48:35.749+0000] {logging_mixin.py:150} INFO - [2023-09-01T19:48:35.748+0000] {dag.py:3508} INFO - Setting next_dagrun for example_complex to None, run_after=None
[2023-09-01T19:48:35.764+0000] {processor.py:179} INFO - Processing /home/airflow/.local/lib/python3.7/site-packages/airflow/example_dags/example_complex.py took 0.092 seconds
[2023-09-01T19:49:06.197+0000] {processor.py:157} INFO - Started process (PID=1913) to work on /home/airflow/.local/lib/python3.7/site-packages/airflow/example_dags/example_complex.py
[2023-09-01T19:49:06.198+0000] {processor.py:826} INFO - Processing file /home/airflow/.local/lib/python3.7/site-packages/airflow/example_dags/example_complex.py for tasks to queue
[2023-09-01T19:49:06.199+0000] {logging_mixin.py:150} INFO - [2023-09-01T19:49:06.198+0000] {dagbag.py:541} INFO - Filling up the DagBag from /home/airflow/.local/lib/python3.7/site-packages/airflow/example_dags/example_complex.py
[2023-09-01T19:49:06.209+0000] {processor.py:836} INFO - DAG(s) dict_keys(['example_complex']) retrieved from /home/airflow/.local/lib/python3.7/site-packages/airflow/example_dags/example_complex.py
[2023-09-01T19:49:06.241+0000] {logging_mixin.py:150} INFO - [2023-09-01T19:49:06.241+0000] {dag.py:2742} INFO - Sync 1 DAGs
[2023-09-01T19:49:06.267+0000] {logging_mixin.py:150} INFO - [2023-09-01T19:49:06.266+0000] {dag.py:3508} INFO - Setting next_dagrun for example_complex to None, run_after=None
[2023-09-01T19:49:06.287+0000] {processor.py:179} INFO - Processing /home/airflow/.local/lib/python3.7/site-packages/airflow/example_dags/example_complex.py took 0.093 seconds
[2023-09-01T19:49:36.943+0000] {processor.py:157} INFO - Started process (PID=1968) to work on /home/airflow/.local/lib/python3.7/site-packages/airflow/example_dags/example_complex.py
[2023-09-01T19:49:36.945+0000] {processor.py:826} INFO - Processing file /home/airflow/.local/lib/python3.7/site-packages/airflow/example_dags/example_complex.py for tasks to queue
[2023-09-01T19:49:36.946+0000] {logging_mixin.py:150} INFO - [2023-09-01T19:49:36.946+0000] {dagbag.py:541} INFO - Filling up the DagBag from /home/airflow/.local/lib/python3.7/site-packages/airflow/example_dags/example_complex.py
[2023-09-01T19:49:36.957+0000] {processor.py:836} INFO - DAG(s) dict_keys(['example_complex']) retrieved from /home/airflow/.local/lib/python3.7/site-packages/airflow/example_dags/example_complex.py
[2023-09-01T19:49:36.992+0000] {logging_mixin.py:150} INFO - [2023-09-01T19:49:36.991+0000] {dag.py:2742} INFO - Sync 1 DAGs
[2023-09-01T19:49:37.018+0000] {logging_mixin.py:150} INFO - [2023-09-01T19:49:37.018+0000] {dag.py:3508} INFO - Setting next_dagrun for example_complex to None, run_after=None
[2023-09-01T19:49:37.033+0000] {processor.py:179} INFO - Processing /home/airflow/.local/lib/python3.7/site-packages/airflow/example_dags/example_complex.py took 0.103 seconds
[2023-09-01T19:50:07.127+0000] {processor.py:157} INFO - Started process (PID=2023) to work on /home/airflow/.local/lib/python3.7/site-packages/airflow/example_dags/example_complex.py
[2023-09-01T19:50:07.128+0000] {processor.py:826} INFO - Processing file /home/airflow/.local/lib/python3.7/site-packages/airflow/example_dags/example_complex.py for tasks to queue
[2023-09-01T19:50:07.129+0000] {logging_mixin.py:150} INFO - [2023-09-01T19:50:07.129+0000] {dagbag.py:541} INFO - Filling up the DagBag from /home/airflow/.local/lib/python3.7/site-packages/airflow/example_dags/example_complex.py
[2023-09-01T19:50:07.140+0000] {processor.py:836} INFO - DAG(s) dict_keys(['example_complex']) retrieved from /home/airflow/.local/lib/python3.7/site-packages/airflow/example_dags/example_complex.py
[2023-09-01T19:50:07.171+0000] {logging_mixin.py:150} INFO - [2023-09-01T19:50:07.171+0000] {dag.py:2742} INFO - Sync 1 DAGs
[2023-09-01T19:50:07.194+0000] {logging_mixin.py:150} INFO - [2023-09-01T19:50:07.193+0000] {dag.py:3508} INFO - Setting next_dagrun for example_complex to None, run_after=None
[2023-09-01T19:50:07.209+0000] {processor.py:179} INFO - Processing /home/airflow/.local/lib/python3.7/site-packages/airflow/example_dags/example_complex.py took 0.085 seconds
[2023-09-01T19:50:37.386+0000] {processor.py:157} INFO - Started process (PID=2078) to work on /home/airflow/.local/lib/python3.7/site-packages/airflow/example_dags/example_complex.py
[2023-09-01T19:50:37.387+0000] {processor.py:826} INFO - Processing file /home/airflow/.local/lib/python3.7/site-packages/airflow/example_dags/example_complex.py for tasks to queue
[2023-09-01T19:50:37.388+0000] {logging_mixin.py:150} INFO - [2023-09-01T19:50:37.387+0000] {dagbag.py:541} INFO - Filling up the DagBag from /home/airflow/.local/lib/python3.7/site-packages/airflow/example_dags/example_complex.py
[2023-09-01T19:50:37.398+0000] {processor.py:836} INFO - DAG(s) dict_keys(['example_complex']) retrieved from /home/airflow/.local/lib/python3.7/site-packages/airflow/example_dags/example_complex.py
[2023-09-01T19:50:37.430+0000] {logging_mixin.py:150} INFO - [2023-09-01T19:50:37.430+0000] {dag.py:2742} INFO - Sync 1 DAGs
[2023-09-01T19:50:37.457+0000] {logging_mixin.py:150} INFO - [2023-09-01T19:50:37.457+0000] {dag.py:3508} INFO - Setting next_dagrun for example_complex to None, run_after=None
[2023-09-01T19:50:37.472+0000] {processor.py:179} INFO - Processing /home/airflow/.local/lib/python3.7/site-packages/airflow/example_dags/example_complex.py took 0.093 seconds
[2023-09-01T19:51:07.960+0000] {processor.py:157} INFO - Started process (PID=2132) to work on /home/airflow/.local/lib/python3.7/site-packages/airflow/example_dags/example_complex.py
[2023-09-01T19:51:07.961+0000] {processor.py:826} INFO - Processing file /home/airflow/.local/lib/python3.7/site-packages/airflow/example_dags/example_complex.py for tasks to queue
[2023-09-01T19:51:07.962+0000] {logging_mixin.py:150} INFO - [2023-09-01T19:51:07.962+0000] {dagbag.py:541} INFO - Filling up the DagBag from /home/airflow/.local/lib/python3.7/site-packages/airflow/example_dags/example_complex.py
[2023-09-01T19:51:07.972+0000] {processor.py:836} INFO - DAG(s) dict_keys(['example_complex']) retrieved from /home/airflow/.local/lib/python3.7/site-packages/airflow/example_dags/example_complex.py
[2023-09-01T19:51:08.003+0000] {logging_mixin.py:150} INFO - [2023-09-01T19:51:08.003+0000] {dag.py:2742} INFO - Sync 1 DAGs
[2023-09-01T19:51:08.028+0000] {logging_mixin.py:150} INFO - [2023-09-01T19:51:08.028+0000] {dag.py:3508} INFO - Setting next_dagrun for example_complex to None, run_after=None
[2023-09-01T19:51:08.046+0000] {processor.py:179} INFO - Processing /home/airflow/.local/lib/python3.7/site-packages/airflow/example_dags/example_complex.py took 0.088 seconds
[2023-09-01T19:51:38.185+0000] {processor.py:157} INFO - Started process (PID=2187) to work on /home/airflow/.local/lib/python3.7/site-packages/airflow/example_dags/example_complex.py
[2023-09-01T19:51:38.185+0000] {processor.py:826} INFO - Processing file /home/airflow/.local/lib/python3.7/site-packages/airflow/example_dags/example_complex.py for tasks to queue
[2023-09-01T19:51:38.186+0000] {logging_mixin.py:150} INFO - [2023-09-01T19:51:38.186+0000] {dagbag.py:541} INFO - Filling up the DagBag from /home/airflow/.local/lib/python3.7/site-packages/airflow/example_dags/example_complex.py
[2023-09-01T19:51:38.196+0000] {processor.py:836} INFO - DAG(s) dict_keys(['example_complex']) retrieved from /home/airflow/.local/lib/python3.7/site-packages/airflow/example_dags/example_complex.py
[2023-09-01T19:51:38.224+0000] {logging_mixin.py:150} INFO - [2023-09-01T19:51:38.224+0000] {dag.py:2742} INFO - Sync 1 DAGs
[2023-09-01T19:51:38.250+0000] {logging_mixin.py:150} INFO - [2023-09-01T19:51:38.250+0000] {dag.py:3508} INFO - Setting next_dagrun for example_complex to None, run_after=None
[2023-09-01T19:51:38.265+0000] {processor.py:179} INFO - Processing /home/airflow/.local/lib/python3.7/site-packages/airflow/example_dags/example_complex.py took 0.083 seconds
[2023-09-01T19:52:08.792+0000] {processor.py:157} INFO - Started process (PID=2241) to work on /home/airflow/.local/lib/python3.7/site-packages/airflow/example_dags/example_complex.py
[2023-09-01T19:52:08.793+0000] {processor.py:826} INFO - Processing file /home/airflow/.local/lib/python3.7/site-packages/airflow/example_dags/example_complex.py for tasks to queue
[2023-09-01T19:52:08.794+0000] {logging_mixin.py:150} INFO - [2023-09-01T19:52:08.794+0000] {dagbag.py:541} INFO - Filling up the DagBag from /home/airflow/.local/lib/python3.7/site-packages/airflow/example_dags/example_complex.py
[2023-09-01T19:52:08.807+0000] {processor.py:836} INFO - DAG(s) dict_keys(['example_complex']) retrieved from /home/airflow/.local/lib/python3.7/site-packages/airflow/example_dags/example_complex.py
[2023-09-01T19:52:08.877+0000] {logging_mixin.py:150} INFO - [2023-09-01T19:52:08.877+0000] {dag.py:2742} INFO - Sync 1 DAGs
[2023-09-01T19:52:08.911+0000] {logging_mixin.py:150} INFO - [2023-09-01T19:52:08.911+0000] {dag.py:3508} INFO - Setting next_dagrun for example_complex to None, run_after=None
[2023-09-01T19:52:08.940+0000] {processor.py:179} INFO - Processing /home/airflow/.local/lib/python3.7/site-packages/airflow/example_dags/example_complex.py took 0.165 seconds
[2023-09-01T19:52:39.189+0000] {processor.py:157} INFO - Started process (PID=2296) to work on /home/airflow/.local/lib/python3.7/site-packages/airflow/example_dags/example_complex.py
[2023-09-01T19:52:39.190+0000] {processor.py:826} INFO - Processing file /home/airflow/.local/lib/python3.7/site-packages/airflow/example_dags/example_complex.py for tasks to queue
[2023-09-01T19:52:39.191+0000] {logging_mixin.py:150} INFO - [2023-09-01T19:52:39.191+0000] {dagbag.py:541} INFO - Filling up the DagBag from /home/airflow/.local/lib/python3.7/site-packages/airflow/example_dags/example_complex.py
[2023-09-01T19:52:39.201+0000] {processor.py:836} INFO - DAG(s) dict_keys(['example_complex']) retrieved from /home/airflow/.local/lib/python3.7/site-packages/airflow/example_dags/example_complex.py
[2023-09-01T19:52:39.240+0000] {logging_mixin.py:150} INFO - [2023-09-01T19:52:39.240+0000] {dag.py:2742} INFO - Sync 1 DAGs
[2023-09-01T19:52:39.269+0000] {logging_mixin.py:150} INFO - [2023-09-01T19:52:39.268+0000] {dag.py:3508} INFO - Setting next_dagrun for example_complex to None, run_after=None
[2023-09-01T19:52:39.284+0000] {processor.py:179} INFO - Processing /home/airflow/.local/lib/python3.7/site-packages/airflow/example_dags/example_complex.py took 0.100 seconds
[2023-09-01T19:53:09.599+0000] {processor.py:157} INFO - Started process (PID=2351) to work on /home/airflow/.local/lib/python3.7/site-packages/airflow/example_dags/example_complex.py
[2023-09-01T19:53:09.616+0000] {processor.py:826} INFO - Processing file /home/airflow/.local/lib/python3.7/site-packages/airflow/example_dags/example_complex.py for tasks to queue
[2023-09-01T19:53:09.617+0000] {logging_mixin.py:150} INFO - [2023-09-01T19:53:09.616+0000] {dagbag.py:541} INFO - Filling up the DagBag from /home/airflow/.local/lib/python3.7/site-packages/airflow/example_dags/example_complex.py
[2023-09-01T19:53:09.636+0000] {processor.py:836} INFO - DAG(s) dict_keys(['example_complex']) retrieved from /home/airflow/.local/lib/python3.7/site-packages/airflow/example_dags/example_complex.py
[2023-09-01T19:53:09.698+0000] {logging_mixin.py:150} INFO - [2023-09-01T19:53:09.697+0000] {dag.py:2742} INFO - Sync 1 DAGs
[2023-09-01T19:53:09.741+0000] {logging_mixin.py:150} INFO - [2023-09-01T19:53:09.741+0000] {dag.py:3508} INFO - Setting next_dagrun for example_complex to None, run_after=None
[2023-09-01T19:53:09.760+0000] {processor.py:179} INFO - Processing /home/airflow/.local/lib/python3.7/site-packages/airflow/example_dags/example_complex.py took 0.165 seconds
[2023-09-01T19:53:40.054+0000] {processor.py:157} INFO - Started process (PID=2406) to work on /home/airflow/.local/lib/python3.7/site-packages/airflow/example_dags/example_complex.py
[2023-09-01T19:53:40.055+0000] {processor.py:826} INFO - Processing file /home/airflow/.local/lib/python3.7/site-packages/airflow/example_dags/example_complex.py for tasks to queue
[2023-09-01T19:53:40.056+0000] {logging_mixin.py:150} INFO - [2023-09-01T19:53:40.055+0000] {dagbag.py:541} INFO - Filling up the DagBag from /home/airflow/.local/lib/python3.7/site-packages/airflow/example_dags/example_complex.py
[2023-09-01T19:53:40.065+0000] {processor.py:836} INFO - DAG(s) dict_keys(['example_complex']) retrieved from /home/airflow/.local/lib/python3.7/site-packages/airflow/example_dags/example_complex.py
[2023-09-01T19:53:40.093+0000] {logging_mixin.py:150} INFO - [2023-09-01T19:53:40.093+0000] {dag.py:2742} INFO - Sync 1 DAGs
[2023-09-01T19:53:40.115+0000] {logging_mixin.py:150} INFO - [2023-09-01T19:53:40.115+0000] {dag.py:3508} INFO - Setting next_dagrun for example_complex to None, run_after=None
[2023-09-01T19:53:40.131+0000] {processor.py:179} INFO - Processing /home/airflow/.local/lib/python3.7/site-packages/airflow/example_dags/example_complex.py took 0.080 seconds
[2023-09-01T19:54:10.196+0000] {processor.py:157} INFO - Started process (PID=2461) to work on /home/airflow/.local/lib/python3.7/site-packages/airflow/example_dags/example_complex.py
[2023-09-01T19:54:10.197+0000] {processor.py:826} INFO - Processing file /home/airflow/.local/lib/python3.7/site-packages/airflow/example_dags/example_complex.py for tasks to queue
[2023-09-01T19:54:10.198+0000] {logging_mixin.py:150} INFO - [2023-09-01T19:54:10.198+0000] {dagbag.py:541} INFO - Filling up the DagBag from /home/airflow/.local/lib/python3.7/site-packages/airflow/example_dags/example_complex.py
[2023-09-01T19:54:10.209+0000] {processor.py:836} INFO - DAG(s) dict_keys(['example_complex']) retrieved from /home/airflow/.local/lib/python3.7/site-packages/airflow/example_dags/example_complex.py
[2023-09-01T19:54:10.250+0000] {logging_mixin.py:150} INFO - [2023-09-01T19:54:10.250+0000] {dag.py:2742} INFO - Sync 1 DAGs
[2023-09-01T19:54:10.281+0000] {logging_mixin.py:150} INFO - [2023-09-01T19:54:10.281+0000] {dag.py:3508} INFO - Setting next_dagrun for example_complex to None, run_after=None
[2023-09-01T19:54:10.298+0000] {processor.py:179} INFO - Processing /home/airflow/.local/lib/python3.7/site-packages/airflow/example_dags/example_complex.py took 0.109 seconds
[2023-09-01T19:54:41.024+0000] {processor.py:157} INFO - Started process (PID=2516) to work on /home/airflow/.local/lib/python3.7/site-packages/airflow/example_dags/example_complex.py
[2023-09-01T19:54:41.025+0000] {processor.py:826} INFO - Processing file /home/airflow/.local/lib/python3.7/site-packages/airflow/example_dags/example_complex.py for tasks to queue
[2023-09-01T19:54:41.026+0000] {logging_mixin.py:150} INFO - [2023-09-01T19:54:41.026+0000] {dagbag.py:541} INFO - Filling up the DagBag from /home/airflow/.local/lib/python3.7/site-packages/airflow/example_dags/example_complex.py
[2023-09-01T19:54:41.053+0000] {processor.py:836} INFO - DAG(s) dict_keys(['example_complex']) retrieved from /home/airflow/.local/lib/python3.7/site-packages/airflow/example_dags/example_complex.py
[2023-09-01T19:54:41.132+0000] {logging_mixin.py:150} INFO - [2023-09-01T19:54:41.132+0000] {dag.py:2742} INFO - Sync 1 DAGs
[2023-09-01T19:54:41.183+0000] {logging_mixin.py:150} INFO - [2023-09-01T19:54:41.183+0000] {dag.py:3508} INFO - Setting next_dagrun for example_complex to None, run_after=None
[2023-09-01T19:54:41.205+0000] {processor.py:179} INFO - Processing /home/airflow/.local/lib/python3.7/site-packages/airflow/example_dags/example_complex.py took 0.190 seconds
[2023-09-01T19:55:12.153+0000] {processor.py:157} INFO - Started process (PID=2570) to work on /home/airflow/.local/lib/python3.7/site-packages/airflow/example_dags/example_complex.py
[2023-09-01T19:55:12.156+0000] {processor.py:826} INFO - Processing file /home/airflow/.local/lib/python3.7/site-packages/airflow/example_dags/example_complex.py for tasks to queue
[2023-09-01T19:55:12.156+0000] {logging_mixin.py:150} INFO - [2023-09-01T19:55:12.156+0000] {dagbag.py:541} INFO - Filling up the DagBag from /home/airflow/.local/lib/python3.7/site-packages/airflow/example_dags/example_complex.py
[2023-09-01T19:55:12.166+0000] {processor.py:836} INFO - DAG(s) dict_keys(['example_complex']) retrieved from /home/airflow/.local/lib/python3.7/site-packages/airflow/example_dags/example_complex.py
[2023-09-01T19:55:12.210+0000] {logging_mixin.py:150} INFO - [2023-09-01T19:55:12.210+0000] {dag.py:2742} INFO - Sync 1 DAGs
[2023-09-01T19:55:12.241+0000] {logging_mixin.py:150} INFO - [2023-09-01T19:55:12.241+0000] {dag.py:3508} INFO - Setting next_dagrun for example_complex to None, run_after=None
[2023-09-01T19:55:12.265+0000] {processor.py:179} INFO - Processing /home/airflow/.local/lib/python3.7/site-packages/airflow/example_dags/example_complex.py took 0.115 seconds
