[2023-09-01T19:31:55.586+0000] {processor.py:157} INFO - Started process (PID=62) to work on /home/airflow/.local/lib/python3.7/site-packages/airflow/example_dags/example_bash_operator.py
[2023-09-01T19:31:55.586+0000] {processor.py:826} INFO - Processing file /home/airflow/.local/lib/python3.7/site-packages/airflow/example_dags/example_bash_operator.py for tasks to queue
[2023-09-01T19:31:55.597+0000] {logging_mixin.py:150} INFO - [2023-09-01T19:31:55.587+0000] {dagbag.py:541} INFO - Filling up the DagBag from /home/airflow/.local/lib/python3.7/site-packages/airflow/example_dags/example_bash_operator.py
[2023-09-01T19:31:55.858+0000] {processor.py:836} INFO - DAG(s) dict_keys(['example_bash_operator']) retrieved from /home/airflow/.local/lib/python3.7/site-packages/airflow/example_dags/example_bash_operator.py
[2023-09-01T19:31:55.934+0000] {logging_mixin.py:150} INFO - [2023-09-01T19:31:55.933+0000] {dag.py:2742} INFO - Sync 1 DAGs
[2023-09-01T19:31:55.968+0000] {logging_mixin.py:150} INFO - [2023-09-01T19:31:55.968+0000] {dag.py:3508} INFO - Setting next_dagrun for example_bash_operator to 2023-08-31T00:00:00+00:00, run_after=2023-09-01T00:00:00+00:00
[2023-09-01T19:31:56.021+0000] {processor.py:179} INFO - Processing /home/airflow/.local/lib/python3.7/site-packages/airflow/example_dags/example_bash_operator.py took 0.443 seconds
[2023-09-01T19:32:27.014+0000] {processor.py:157} INFO - Started process (PID=118) to work on /home/airflow/.local/lib/python3.7/site-packages/airflow/example_dags/example_bash_operator.py
[2023-09-01T19:32:27.015+0000] {processor.py:826} INFO - Processing file /home/airflow/.local/lib/python3.7/site-packages/airflow/example_dags/example_bash_operator.py for tasks to queue
[2023-09-01T19:32:27.016+0000] {logging_mixin.py:150} INFO - [2023-09-01T19:32:27.016+0000] {dagbag.py:541} INFO - Filling up the DagBag from /home/airflow/.local/lib/python3.7/site-packages/airflow/example_dags/example_bash_operator.py
[2023-09-01T19:32:27.029+0000] {processor.py:836} INFO - DAG(s) dict_keys(['example_bash_operator']) retrieved from /home/airflow/.local/lib/python3.7/site-packages/airflow/example_dags/example_bash_operator.py
[2023-09-01T19:32:27.060+0000] {logging_mixin.py:150} INFO - [2023-09-01T19:32:27.059+0000] {dag.py:2742} INFO - Sync 1 DAGs
[2023-09-01T19:32:27.080+0000] {logging_mixin.py:150} INFO - [2023-09-01T19:32:27.080+0000] {dag.py:3508} INFO - Setting next_dagrun for example_bash_operator to 2023-08-31T00:00:00+00:00, run_after=2023-09-01T00:00:00+00:00
[2023-09-01T19:32:27.095+0000] {processor.py:179} INFO - Processing /home/airflow/.local/lib/python3.7/site-packages/airflow/example_dags/example_bash_operator.py took 0.084 seconds
[2023-09-01T19:32:57.902+0000] {processor.py:157} INFO - Started process (PID=173) to work on /home/airflow/.local/lib/python3.7/site-packages/airflow/example_dags/example_bash_operator.py
[2023-09-01T19:32:57.903+0000] {processor.py:826} INFO - Processing file /home/airflow/.local/lib/python3.7/site-packages/airflow/example_dags/example_bash_operator.py for tasks to queue
[2023-09-01T19:32:57.904+0000] {logging_mixin.py:150} INFO - [2023-09-01T19:32:57.904+0000] {dagbag.py:541} INFO - Filling up the DagBag from /home/airflow/.local/lib/python3.7/site-packages/airflow/example_dags/example_bash_operator.py
[2023-09-01T19:32:57.916+0000] {processor.py:836} INFO - DAG(s) dict_keys(['example_bash_operator']) retrieved from /home/airflow/.local/lib/python3.7/site-packages/airflow/example_dags/example_bash_operator.py
[2023-09-01T19:32:57.947+0000] {logging_mixin.py:150} INFO - [2023-09-01T19:32:57.947+0000] {dag.py:2742} INFO - Sync 1 DAGs
[2023-09-01T19:32:57.969+0000] {logging_mixin.py:150} INFO - [2023-09-01T19:32:57.969+0000] {dag.py:3508} INFO - Setting next_dagrun for example_bash_operator to 2023-08-31T00:00:00+00:00, run_after=2023-09-01T00:00:00+00:00
[2023-09-01T19:32:57.985+0000] {processor.py:179} INFO - Processing /home/airflow/.local/lib/python3.7/site-packages/airflow/example_dags/example_bash_operator.py took 0.086 seconds
[2023-09-01T19:33:28.289+0000] {processor.py:157} INFO - Started process (PID=228) to work on /home/airflow/.local/lib/python3.7/site-packages/airflow/example_dags/example_bash_operator.py
[2023-09-01T19:33:28.290+0000] {processor.py:826} INFO - Processing file /home/airflow/.local/lib/python3.7/site-packages/airflow/example_dags/example_bash_operator.py for tasks to queue
[2023-09-01T19:33:28.291+0000] {logging_mixin.py:150} INFO - [2023-09-01T19:33:28.291+0000] {dagbag.py:541} INFO - Filling up the DagBag from /home/airflow/.local/lib/python3.7/site-packages/airflow/example_dags/example_bash_operator.py
[2023-09-01T19:33:28.304+0000] {processor.py:836} INFO - DAG(s) dict_keys(['example_bash_operator']) retrieved from /home/airflow/.local/lib/python3.7/site-packages/airflow/example_dags/example_bash_operator.py
[2023-09-01T19:33:28.339+0000] {logging_mixin.py:150} INFO - [2023-09-01T19:33:28.339+0000] {dag.py:2742} INFO - Sync 1 DAGs
[2023-09-01T19:33:28.361+0000] {logging_mixin.py:150} INFO - [2023-09-01T19:33:28.361+0000] {dag.py:3508} INFO - Setting next_dagrun for example_bash_operator to 2023-08-31T00:00:00+00:00, run_after=2023-09-01T00:00:00+00:00
[2023-09-01T19:33:28.377+0000] {processor.py:179} INFO - Processing /home/airflow/.local/lib/python3.7/site-packages/airflow/example_dags/example_bash_operator.py took 0.091 seconds
[2023-09-01T19:33:58.684+0000] {processor.py:157} INFO - Started process (PID=284) to work on /home/airflow/.local/lib/python3.7/site-packages/airflow/example_dags/example_bash_operator.py
[2023-09-01T19:33:58.687+0000] {processor.py:826} INFO - Processing file /home/airflow/.local/lib/python3.7/site-packages/airflow/example_dags/example_bash_operator.py for tasks to queue
[2023-09-01T19:33:58.688+0000] {logging_mixin.py:150} INFO - [2023-09-01T19:33:58.688+0000] {dagbag.py:541} INFO - Filling up the DagBag from /home/airflow/.local/lib/python3.7/site-packages/airflow/example_dags/example_bash_operator.py
[2023-09-01T19:33:58.712+0000] {processor.py:836} INFO - DAG(s) dict_keys(['example_bash_operator']) retrieved from /home/airflow/.local/lib/python3.7/site-packages/airflow/example_dags/example_bash_operator.py
[2023-09-01T19:33:58.819+0000] {logging_mixin.py:150} INFO - [2023-09-01T19:33:58.819+0000] {dag.py:2742} INFO - Sync 1 DAGs
[2023-09-01T19:33:58.841+0000] {logging_mixin.py:150} INFO - [2023-09-01T19:33:58.841+0000] {dag.py:3508} INFO - Setting next_dagrun for example_bash_operator to 2023-08-31T00:00:00+00:00, run_after=2023-09-01T00:00:00+00:00
[2023-09-01T19:33:58.856+0000] {processor.py:179} INFO - Processing /home/airflow/.local/lib/python3.7/site-packages/airflow/example_dags/example_bash_operator.py took 0.193 seconds
[2023-09-01T19:34:29.058+0000] {processor.py:157} INFO - Started process (PID=345) to work on /home/airflow/.local/lib/python3.7/site-packages/airflow/example_dags/example_bash_operator.py
[2023-09-01T19:34:29.059+0000] {processor.py:826} INFO - Processing file /home/airflow/.local/lib/python3.7/site-packages/airflow/example_dags/example_bash_operator.py for tasks to queue
[2023-09-01T19:34:29.060+0000] {logging_mixin.py:150} INFO - [2023-09-01T19:34:29.059+0000] {dagbag.py:541} INFO - Filling up the DagBag from /home/airflow/.local/lib/python3.7/site-packages/airflow/example_dags/example_bash_operator.py
[2023-09-01T19:34:29.072+0000] {processor.py:836} INFO - DAG(s) dict_keys(['example_bash_operator']) retrieved from /home/airflow/.local/lib/python3.7/site-packages/airflow/example_dags/example_bash_operator.py
[2023-09-01T19:34:29.101+0000] {logging_mixin.py:150} INFO - [2023-09-01T19:34:29.101+0000] {dag.py:2742} INFO - Sync 1 DAGs
[2023-09-01T19:34:29.123+0000] {logging_mixin.py:150} INFO - [2023-09-01T19:34:29.123+0000] {dag.py:3508} INFO - Setting next_dagrun for example_bash_operator to 2023-08-31T00:00:00+00:00, run_after=2023-09-01T00:00:00+00:00
[2023-09-01T19:34:29.139+0000] {processor.py:179} INFO - Processing /home/airflow/.local/lib/python3.7/site-packages/airflow/example_dags/example_bash_operator.py took 0.084 seconds
[2023-09-01T19:34:59.311+0000] {processor.py:157} INFO - Started process (PID=400) to work on /home/airflow/.local/lib/python3.7/site-packages/airflow/example_dags/example_bash_operator.py
[2023-09-01T19:34:59.312+0000] {processor.py:826} INFO - Processing file /home/airflow/.local/lib/python3.7/site-packages/airflow/example_dags/example_bash_operator.py for tasks to queue
[2023-09-01T19:34:59.312+0000] {logging_mixin.py:150} INFO - [2023-09-01T19:34:59.312+0000] {dagbag.py:541} INFO - Filling up the DagBag from /home/airflow/.local/lib/python3.7/site-packages/airflow/example_dags/example_bash_operator.py
[2023-09-01T19:34:59.325+0000] {processor.py:836} INFO - DAG(s) dict_keys(['example_bash_operator']) retrieved from /home/airflow/.local/lib/python3.7/site-packages/airflow/example_dags/example_bash_operator.py
[2023-09-01T19:34:59.355+0000] {logging_mixin.py:150} INFO - [2023-09-01T19:34:59.354+0000] {dag.py:2742} INFO - Sync 1 DAGs
[2023-09-01T19:34:59.379+0000] {logging_mixin.py:150} INFO - [2023-09-01T19:34:59.379+0000] {dag.py:3508} INFO - Setting next_dagrun for example_bash_operator to 2023-08-31T00:00:00+00:00, run_after=2023-09-01T00:00:00+00:00
[2023-09-01T19:34:59.398+0000] {processor.py:179} INFO - Processing /home/airflow/.local/lib/python3.7/site-packages/airflow/example_dags/example_bash_operator.py took 0.091 seconds
[2023-09-01T19:35:29.576+0000] {processor.py:157} INFO - Started process (PID=455) to work on /home/airflow/.local/lib/python3.7/site-packages/airflow/example_dags/example_bash_operator.py
[2023-09-01T19:35:29.577+0000] {processor.py:826} INFO - Processing file /home/airflow/.local/lib/python3.7/site-packages/airflow/example_dags/example_bash_operator.py for tasks to queue
[2023-09-01T19:35:29.578+0000] {logging_mixin.py:150} INFO - [2023-09-01T19:35:29.577+0000] {dagbag.py:541} INFO - Filling up the DagBag from /home/airflow/.local/lib/python3.7/site-packages/airflow/example_dags/example_bash_operator.py
[2023-09-01T19:35:29.589+0000] {processor.py:836} INFO - DAG(s) dict_keys(['example_bash_operator']) retrieved from /home/airflow/.local/lib/python3.7/site-packages/airflow/example_dags/example_bash_operator.py
[2023-09-01T19:35:29.625+0000] {logging_mixin.py:150} INFO - [2023-09-01T19:35:29.625+0000] {dag.py:2742} INFO - Sync 1 DAGs
[2023-09-01T19:35:29.648+0000] {logging_mixin.py:150} INFO - [2023-09-01T19:35:29.648+0000] {dag.py:3508} INFO - Setting next_dagrun for example_bash_operator to 2023-08-31T00:00:00+00:00, run_after=2023-09-01T00:00:00+00:00
[2023-09-01T19:35:29.665+0000] {processor.py:179} INFO - Processing /home/airflow/.local/lib/python3.7/site-packages/airflow/example_dags/example_bash_operator.py took 0.091 seconds
[2023-09-01T19:36:01.774+0000] {processor.py:157} INFO - Started process (PID=510) to work on /home/airflow/.local/lib/python3.7/site-packages/airflow/example_dags/example_bash_operator.py
[2023-09-01T19:36:01.775+0000] {processor.py:826} INFO - Processing file /home/airflow/.local/lib/python3.7/site-packages/airflow/example_dags/example_bash_operator.py for tasks to queue
[2023-09-01T19:36:01.776+0000] {logging_mixin.py:150} INFO - [2023-09-01T19:36:01.776+0000] {dagbag.py:541} INFO - Filling up the DagBag from /home/airflow/.local/lib/python3.7/site-packages/airflow/example_dags/example_bash_operator.py
[2023-09-01T19:36:01.841+0000] {processor.py:836} INFO - DAG(s) dict_keys(['example_bash_operator']) retrieved from /home/airflow/.local/lib/python3.7/site-packages/airflow/example_dags/example_bash_operator.py
[2023-09-01T19:36:02.090+0000] {logging_mixin.py:150} INFO - [2023-09-01T19:36:02.090+0000] {dag.py:2742} INFO - Sync 1 DAGs
[2023-09-01T19:36:02.142+0000] {logging_mixin.py:150} INFO - [2023-09-01T19:36:02.141+0000] {dag.py:3508} INFO - Setting next_dagrun for example_bash_operator to 2023-08-31T00:00:00+00:00, run_after=2023-09-01T00:00:00+00:00
[2023-09-01T19:36:02.193+0000] {processor.py:179} INFO - Processing /home/airflow/.local/lib/python3.7/site-packages/airflow/example_dags/example_bash_operator.py took 0.423 seconds
[2023-09-01T19:36:32.610+0000] {processor.py:157} INFO - Started process (PID=565) to work on /home/airflow/.local/lib/python3.7/site-packages/airflow/example_dags/example_bash_operator.py
[2023-09-01T19:36:32.610+0000] {processor.py:826} INFO - Processing file /home/airflow/.local/lib/python3.7/site-packages/airflow/example_dags/example_bash_operator.py for tasks to queue
[2023-09-01T19:36:32.611+0000] {logging_mixin.py:150} INFO - [2023-09-01T19:36:32.611+0000] {dagbag.py:541} INFO - Filling up the DagBag from /home/airflow/.local/lib/python3.7/site-packages/airflow/example_dags/example_bash_operator.py
[2023-09-01T19:36:32.631+0000] {processor.py:836} INFO - DAG(s) dict_keys(['example_bash_operator']) retrieved from /home/airflow/.local/lib/python3.7/site-packages/airflow/example_dags/example_bash_operator.py
[2023-09-01T19:36:32.662+0000] {logging_mixin.py:150} INFO - [2023-09-01T19:36:32.662+0000] {dag.py:2742} INFO - Sync 1 DAGs
[2023-09-01T19:36:32.686+0000] {logging_mixin.py:150} INFO - [2023-09-01T19:36:32.686+0000] {dag.py:3508} INFO - Setting next_dagrun for example_bash_operator to 2023-08-31T00:00:00+00:00, run_after=2023-09-01T00:00:00+00:00
[2023-09-01T19:36:32.702+0000] {processor.py:179} INFO - Processing /home/airflow/.local/lib/python3.7/site-packages/airflow/example_dags/example_bash_operator.py took 0.095 seconds
[2023-09-01T19:37:03.683+0000] {processor.py:157} INFO - Started process (PID=620) to work on /home/airflow/.local/lib/python3.7/site-packages/airflow/example_dags/example_bash_operator.py
[2023-09-01T19:37:03.685+0000] {processor.py:826} INFO - Processing file /home/airflow/.local/lib/python3.7/site-packages/airflow/example_dags/example_bash_operator.py for tasks to queue
[2023-09-01T19:37:03.688+0000] {logging_mixin.py:150} INFO - [2023-09-01T19:37:03.687+0000] {dagbag.py:541} INFO - Filling up the DagBag from /home/airflow/.local/lib/python3.7/site-packages/airflow/example_dags/example_bash_operator.py
[2023-09-01T19:37:03.720+0000] {processor.py:836} INFO - DAG(s) dict_keys(['example_bash_operator']) retrieved from /home/airflow/.local/lib/python3.7/site-packages/airflow/example_dags/example_bash_operator.py
[2023-09-01T19:37:03.844+0000] {logging_mixin.py:150} INFO - [2023-09-01T19:37:03.844+0000] {dag.py:2742} INFO - Sync 1 DAGs
[2023-09-01T19:37:03.904+0000] {logging_mixin.py:150} INFO - [2023-09-01T19:37:03.904+0000] {dag.py:3508} INFO - Setting next_dagrun for example_bash_operator to 2023-08-31T00:00:00+00:00, run_after=2023-09-01T00:00:00+00:00
[2023-09-01T19:37:03.967+0000] {processor.py:179} INFO - Processing /home/airflow/.local/lib/python3.7/site-packages/airflow/example_dags/example_bash_operator.py took 0.295 seconds
[2023-09-01T19:37:34.534+0000] {processor.py:157} INFO - Started process (PID=675) to work on /home/airflow/.local/lib/python3.7/site-packages/airflow/example_dags/example_bash_operator.py
[2023-09-01T19:37:34.535+0000] {processor.py:826} INFO - Processing file /home/airflow/.local/lib/python3.7/site-packages/airflow/example_dags/example_bash_operator.py for tasks to queue
[2023-09-01T19:37:34.536+0000] {logging_mixin.py:150} INFO - [2023-09-01T19:37:34.535+0000] {dagbag.py:541} INFO - Filling up the DagBag from /home/airflow/.local/lib/python3.7/site-packages/airflow/example_dags/example_bash_operator.py
[2023-09-01T19:37:34.551+0000] {processor.py:836} INFO - DAG(s) dict_keys(['example_bash_operator']) retrieved from /home/airflow/.local/lib/python3.7/site-packages/airflow/example_dags/example_bash_operator.py
[2023-09-01T19:37:34.587+0000] {logging_mixin.py:150} INFO - [2023-09-01T19:37:34.587+0000] {dag.py:2742} INFO - Sync 1 DAGs
[2023-09-01T19:37:34.611+0000] {logging_mixin.py:150} INFO - [2023-09-01T19:37:34.611+0000] {dag.py:3508} INFO - Setting next_dagrun for example_bash_operator to 2023-08-31T00:00:00+00:00, run_after=2023-09-01T00:00:00+00:00
[2023-09-01T19:37:34.628+0000] {processor.py:179} INFO - Processing /home/airflow/.local/lib/python3.7/site-packages/airflow/example_dags/example_bash_operator.py took 0.100 seconds
[2023-09-01T19:38:04.866+0000] {processor.py:157} INFO - Started process (PID=730) to work on /home/airflow/.local/lib/python3.7/site-packages/airflow/example_dags/example_bash_operator.py
[2023-09-01T19:38:04.873+0000] {processor.py:826} INFO - Processing file /home/airflow/.local/lib/python3.7/site-packages/airflow/example_dags/example_bash_operator.py for tasks to queue
[2023-09-01T19:38:04.874+0000] {logging_mixin.py:150} INFO - [2023-09-01T19:38:04.874+0000] {dagbag.py:541} INFO - Filling up the DagBag from /home/airflow/.local/lib/python3.7/site-packages/airflow/example_dags/example_bash_operator.py
[2023-09-01T19:38:04.923+0000] {processor.py:836} INFO - DAG(s) dict_keys(['example_bash_operator']) retrieved from /home/airflow/.local/lib/python3.7/site-packages/airflow/example_dags/example_bash_operator.py
[2023-09-01T19:38:04.980+0000] {logging_mixin.py:150} INFO - [2023-09-01T19:38:04.979+0000] {dag.py:2742} INFO - Sync 1 DAGs
[2023-09-01T19:38:05.055+0000] {logging_mixin.py:150} INFO - [2023-09-01T19:38:05.054+0000] {dag.py:3508} INFO - Setting next_dagrun for example_bash_operator to 2023-08-31T00:00:00+00:00, run_after=2023-09-01T00:00:00+00:00
[2023-09-01T19:38:05.095+0000] {processor.py:179} INFO - Processing /home/airflow/.local/lib/python3.7/site-packages/airflow/example_dags/example_bash_operator.py took 0.240 seconds
[2023-09-01T19:38:35.470+0000] {processor.py:157} INFO - Started process (PID=785) to work on /home/airflow/.local/lib/python3.7/site-packages/airflow/example_dags/example_bash_operator.py
[2023-09-01T19:38:35.471+0000] {processor.py:826} INFO - Processing file /home/airflow/.local/lib/python3.7/site-packages/airflow/example_dags/example_bash_operator.py for tasks to queue
[2023-09-01T19:38:35.472+0000] {logging_mixin.py:150} INFO - [2023-09-01T19:38:35.472+0000] {dagbag.py:541} INFO - Filling up the DagBag from /home/airflow/.local/lib/python3.7/site-packages/airflow/example_dags/example_bash_operator.py
[2023-09-01T19:38:35.489+0000] {processor.py:836} INFO - DAG(s) dict_keys(['example_bash_operator']) retrieved from /home/airflow/.local/lib/python3.7/site-packages/airflow/example_dags/example_bash_operator.py
[2023-09-01T19:38:35.521+0000] {logging_mixin.py:150} INFO - [2023-09-01T19:38:35.521+0000] {dag.py:2742} INFO - Sync 1 DAGs
[2023-09-01T19:38:35.545+0000] {logging_mixin.py:150} INFO - [2023-09-01T19:38:35.545+0000] {dag.py:3508} INFO - Setting next_dagrun for example_bash_operator to 2023-08-31T00:00:00+00:00, run_after=2023-09-01T00:00:00+00:00
[2023-09-01T19:38:35.578+0000] {processor.py:179} INFO - Processing /home/airflow/.local/lib/python3.7/site-packages/airflow/example_dags/example_bash_operator.py took 0.111 seconds
[2023-09-01T19:39:05.854+0000] {processor.py:157} INFO - Started process (PID=839) to work on /home/airflow/.local/lib/python3.7/site-packages/airflow/example_dags/example_bash_operator.py
[2023-09-01T19:39:05.855+0000] {processor.py:826} INFO - Processing file /home/airflow/.local/lib/python3.7/site-packages/airflow/example_dags/example_bash_operator.py for tasks to queue
[2023-09-01T19:39:05.856+0000] {logging_mixin.py:150} INFO - [2023-09-01T19:39:05.856+0000] {dagbag.py:541} INFO - Filling up the DagBag from /home/airflow/.local/lib/python3.7/site-packages/airflow/example_dags/example_bash_operator.py
[2023-09-01T19:39:05.870+0000] {processor.py:836} INFO - DAG(s) dict_keys(['example_bash_operator']) retrieved from /home/airflow/.local/lib/python3.7/site-packages/airflow/example_dags/example_bash_operator.py
[2023-09-01T19:39:05.909+0000] {logging_mixin.py:150} INFO - [2023-09-01T19:39:05.909+0000] {dag.py:2742} INFO - Sync 1 DAGs
[2023-09-01T19:39:05.937+0000] {logging_mixin.py:150} INFO - [2023-09-01T19:39:05.937+0000] {dag.py:3508} INFO - Setting next_dagrun for example_bash_operator to 2023-08-31T00:00:00+00:00, run_after=2023-09-01T00:00:00+00:00
[2023-09-01T19:39:05.995+0000] {processor.py:179} INFO - Processing /home/airflow/.local/lib/python3.7/site-packages/airflow/example_dags/example_bash_operator.py took 0.145 seconds
[2023-09-01T19:39:36.956+0000] {processor.py:157} INFO - Started process (PID=894) to work on /home/airflow/.local/lib/python3.7/site-packages/airflow/example_dags/example_bash_operator.py
[2023-09-01T19:39:36.960+0000] {processor.py:826} INFO - Processing file /home/airflow/.local/lib/python3.7/site-packages/airflow/example_dags/example_bash_operator.py for tasks to queue
[2023-09-01T19:39:36.961+0000] {logging_mixin.py:150} INFO - [2023-09-01T19:39:36.961+0000] {dagbag.py:541} INFO - Filling up the DagBag from /home/airflow/.local/lib/python3.7/site-packages/airflow/example_dags/example_bash_operator.py
[2023-09-01T19:39:37.018+0000] {processor.py:836} INFO - DAG(s) dict_keys(['example_bash_operator']) retrieved from /home/airflow/.local/lib/python3.7/site-packages/airflow/example_dags/example_bash_operator.py
[2023-09-01T19:39:37.098+0000] {logging_mixin.py:150} INFO - [2023-09-01T19:39:37.098+0000] {dag.py:2742} INFO - Sync 1 DAGs
[2023-09-01T19:39:37.171+0000] {logging_mixin.py:150} INFO - [2023-09-01T19:39:37.167+0000] {dag.py:3508} INFO - Setting next_dagrun for example_bash_operator to 2023-08-31T00:00:00+00:00, run_after=2023-09-01T00:00:00+00:00
[2023-09-01T19:39:37.213+0000] {processor.py:179} INFO - Processing /home/airflow/.local/lib/python3.7/site-packages/airflow/example_dags/example_bash_operator.py took 0.271 seconds
[2023-09-01T19:40:07.382+0000] {processor.py:157} INFO - Started process (PID=949) to work on /home/airflow/.local/lib/python3.7/site-packages/airflow/example_dags/example_bash_operator.py
[2023-09-01T19:40:07.383+0000] {processor.py:826} INFO - Processing file /home/airflow/.local/lib/python3.7/site-packages/airflow/example_dags/example_bash_operator.py for tasks to queue
[2023-09-01T19:40:07.384+0000] {logging_mixin.py:150} INFO - [2023-09-01T19:40:07.383+0000] {dagbag.py:541} INFO - Filling up the DagBag from /home/airflow/.local/lib/python3.7/site-packages/airflow/example_dags/example_bash_operator.py
[2023-09-01T19:40:07.400+0000] {processor.py:836} INFO - DAG(s) dict_keys(['example_bash_operator']) retrieved from /home/airflow/.local/lib/python3.7/site-packages/airflow/example_dags/example_bash_operator.py
[2023-09-01T19:40:07.431+0000] {logging_mixin.py:150} INFO - [2023-09-01T19:40:07.430+0000] {dag.py:2742} INFO - Sync 1 DAGs
[2023-09-01T19:40:07.453+0000] {logging_mixin.py:150} INFO - [2023-09-01T19:40:07.453+0000] {dag.py:3508} INFO - Setting next_dagrun for example_bash_operator to 2023-08-31T00:00:00+00:00, run_after=2023-09-01T00:00:00+00:00
[2023-09-01T19:40:07.469+0000] {processor.py:179} INFO - Processing /home/airflow/.local/lib/python3.7/site-packages/airflow/example_dags/example_bash_operator.py took 0.090 seconds
[2023-09-01T19:40:37.712+0000] {processor.py:157} INFO - Started process (PID=1003) to work on /home/airflow/.local/lib/python3.7/site-packages/airflow/example_dags/example_bash_operator.py
[2023-09-01T19:40:37.713+0000] {processor.py:826} INFO - Processing file /home/airflow/.local/lib/python3.7/site-packages/airflow/example_dags/example_bash_operator.py for tasks to queue
[2023-09-01T19:40:37.714+0000] {logging_mixin.py:150} INFO - [2023-09-01T19:40:37.714+0000] {dagbag.py:541} INFO - Filling up the DagBag from /home/airflow/.local/lib/python3.7/site-packages/airflow/example_dags/example_bash_operator.py
[2023-09-01T19:40:37.733+0000] {processor.py:836} INFO - DAG(s) dict_keys(['example_bash_operator']) retrieved from /home/airflow/.local/lib/python3.7/site-packages/airflow/example_dags/example_bash_operator.py
[2023-09-01T19:40:37.765+0000] {logging_mixin.py:150} INFO - [2023-09-01T19:40:37.765+0000] {dag.py:2742} INFO - Sync 1 DAGs
[2023-09-01T19:40:37.792+0000] {logging_mixin.py:150} INFO - [2023-09-01T19:40:37.791+0000] {dag.py:3508} INFO - Setting next_dagrun for example_bash_operator to 2023-08-31T00:00:00+00:00, run_after=2023-09-01T00:00:00+00:00
[2023-09-01T19:40:37.810+0000] {processor.py:179} INFO - Processing /home/airflow/.local/lib/python3.7/site-packages/airflow/example_dags/example_bash_operator.py took 0.102 seconds
[2023-09-01T19:41:07.944+0000] {processor.py:157} INFO - Started process (PID=1058) to work on /home/airflow/.local/lib/python3.7/site-packages/airflow/example_dags/example_bash_operator.py
[2023-09-01T19:41:07.945+0000] {processor.py:826} INFO - Processing file /home/airflow/.local/lib/python3.7/site-packages/airflow/example_dags/example_bash_operator.py for tasks to queue
[2023-09-01T19:41:07.946+0000] {logging_mixin.py:150} INFO - [2023-09-01T19:41:07.945+0000] {dagbag.py:541} INFO - Filling up the DagBag from /home/airflow/.local/lib/python3.7/site-packages/airflow/example_dags/example_bash_operator.py
[2023-09-01T19:41:07.977+0000] {processor.py:836} INFO - DAG(s) dict_keys(['example_bash_operator']) retrieved from /home/airflow/.local/lib/python3.7/site-packages/airflow/example_dags/example_bash_operator.py
[2023-09-01T19:41:08.039+0000] {logging_mixin.py:150} INFO - [2023-09-01T19:41:08.039+0000] {dag.py:2742} INFO - Sync 1 DAGs
[2023-09-01T19:41:08.081+0000] {logging_mixin.py:150} INFO - [2023-09-01T19:41:08.081+0000] {dag.py:3508} INFO - Setting next_dagrun for example_bash_operator to 2023-08-31T00:00:00+00:00, run_after=2023-09-01T00:00:00+00:00
[2023-09-01T19:41:08.118+0000] {processor.py:179} INFO - Processing /home/airflow/.local/lib/python3.7/site-packages/airflow/example_dags/example_bash_operator.py took 0.177 seconds
[2023-09-01T19:41:38.345+0000] {processor.py:157} INFO - Started process (PID=1113) to work on /home/airflow/.local/lib/python3.7/site-packages/airflow/example_dags/example_bash_operator.py
[2023-09-01T19:41:38.346+0000] {processor.py:826} INFO - Processing file /home/airflow/.local/lib/python3.7/site-packages/airflow/example_dags/example_bash_operator.py for tasks to queue
[2023-09-01T19:41:38.347+0000] {logging_mixin.py:150} INFO - [2023-09-01T19:41:38.347+0000] {dagbag.py:541} INFO - Filling up the DagBag from /home/airflow/.local/lib/python3.7/site-packages/airflow/example_dags/example_bash_operator.py
[2023-09-01T19:41:38.362+0000] {processor.py:836} INFO - DAG(s) dict_keys(['example_bash_operator']) retrieved from /home/airflow/.local/lib/python3.7/site-packages/airflow/example_dags/example_bash_operator.py
[2023-09-01T19:41:38.402+0000] {logging_mixin.py:150} INFO - [2023-09-01T19:41:38.402+0000] {dag.py:2742} INFO - Sync 1 DAGs
[2023-09-01T19:41:38.426+0000] {logging_mixin.py:150} INFO - [2023-09-01T19:41:38.426+0000] {dag.py:3508} INFO - Setting next_dagrun for example_bash_operator to 2023-08-31T00:00:00+00:00, run_after=2023-09-01T00:00:00+00:00
[2023-09-01T19:41:38.447+0000] {processor.py:179} INFO - Processing /home/airflow/.local/lib/python3.7/site-packages/airflow/example_dags/example_bash_operator.py took 0.105 seconds
[2023-09-01T19:42:08.613+0000] {processor.py:157} INFO - Started process (PID=1167) to work on /home/airflow/.local/lib/python3.7/site-packages/airflow/example_dags/example_bash_operator.py
[2023-09-01T19:42:08.614+0000] {processor.py:826} INFO - Processing file /home/airflow/.local/lib/python3.7/site-packages/airflow/example_dags/example_bash_operator.py for tasks to queue
[2023-09-01T19:42:08.614+0000] {logging_mixin.py:150} INFO - [2023-09-01T19:42:08.614+0000] {dagbag.py:541} INFO - Filling up the DagBag from /home/airflow/.local/lib/python3.7/site-packages/airflow/example_dags/example_bash_operator.py
[2023-09-01T19:42:08.630+0000] {processor.py:836} INFO - DAG(s) dict_keys(['example_bash_operator']) retrieved from /home/airflow/.local/lib/python3.7/site-packages/airflow/example_dags/example_bash_operator.py
[2023-09-01T19:42:08.667+0000] {logging_mixin.py:150} INFO - [2023-09-01T19:42:08.667+0000] {dag.py:2742} INFO - Sync 1 DAGs
[2023-09-01T19:42:08.697+0000] {logging_mixin.py:150} INFO - [2023-09-01T19:42:08.697+0000] {dag.py:3508} INFO - Setting next_dagrun for example_bash_operator to 2023-08-31T00:00:00+00:00, run_after=2023-09-01T00:00:00+00:00
[2023-09-01T19:42:08.721+0000] {processor.py:179} INFO - Processing /home/airflow/.local/lib/python3.7/site-packages/airflow/example_dags/example_bash_operator.py took 0.112 seconds
[2023-09-01T19:42:39.261+0000] {processor.py:157} INFO - Started process (PID=1222) to work on /home/airflow/.local/lib/python3.7/site-packages/airflow/example_dags/example_bash_operator.py
[2023-09-01T19:42:39.268+0000] {processor.py:826} INFO - Processing file /home/airflow/.local/lib/python3.7/site-packages/airflow/example_dags/example_bash_operator.py for tasks to queue
[2023-09-01T19:42:39.269+0000] {logging_mixin.py:150} INFO - [2023-09-01T19:42:39.269+0000] {dagbag.py:541} INFO - Filling up the DagBag from /home/airflow/.local/lib/python3.7/site-packages/airflow/example_dags/example_bash_operator.py
[2023-09-01T19:42:39.311+0000] {processor.py:836} INFO - DAG(s) dict_keys(['example_bash_operator']) retrieved from /home/airflow/.local/lib/python3.7/site-packages/airflow/example_dags/example_bash_operator.py
[2023-09-01T19:42:39.366+0000] {logging_mixin.py:150} INFO - [2023-09-01T19:42:39.366+0000] {dag.py:2742} INFO - Sync 1 DAGs
[2023-09-01T19:42:39.427+0000] {logging_mixin.py:150} INFO - [2023-09-01T19:42:39.427+0000] {dag.py:3508} INFO - Setting next_dagrun for example_bash_operator to 2023-08-31T00:00:00+00:00, run_after=2023-09-01T00:00:00+00:00
[2023-09-01T19:42:39.458+0000] {processor.py:179} INFO - Processing /home/airflow/.local/lib/python3.7/site-packages/airflow/example_dags/example_bash_operator.py took 0.201 seconds
[2023-09-01T19:43:10.334+0000] {processor.py:157} INFO - Started process (PID=1277) to work on /home/airflow/.local/lib/python3.7/site-packages/airflow/example_dags/example_bash_operator.py
[2023-09-01T19:43:10.335+0000] {processor.py:826} INFO - Processing file /home/airflow/.local/lib/python3.7/site-packages/airflow/example_dags/example_bash_operator.py for tasks to queue
[2023-09-01T19:43:10.336+0000] {logging_mixin.py:150} INFO - [2023-09-01T19:43:10.335+0000] {dagbag.py:541} INFO - Filling up the DagBag from /home/airflow/.local/lib/python3.7/site-packages/airflow/example_dags/example_bash_operator.py
[2023-09-01T19:43:10.348+0000] {processor.py:836} INFO - DAG(s) dict_keys(['example_bash_operator']) retrieved from /home/airflow/.local/lib/python3.7/site-packages/airflow/example_dags/example_bash_operator.py
[2023-09-01T19:43:10.380+0000] {logging_mixin.py:150} INFO - [2023-09-01T19:43:10.380+0000] {dag.py:2742} INFO - Sync 1 DAGs
[2023-09-01T19:43:10.405+0000] {logging_mixin.py:150} INFO - [2023-09-01T19:43:10.405+0000] {dag.py:3508} INFO - Setting next_dagrun for example_bash_operator to 2023-08-31T00:00:00+00:00, run_after=2023-09-01T00:00:00+00:00
[2023-09-01T19:43:10.422+0000] {processor.py:179} INFO - Processing /home/airflow/.local/lib/python3.7/site-packages/airflow/example_dags/example_bash_operator.py took 0.092 seconds
[2023-09-01T19:43:40.812+0000] {processor.py:157} INFO - Started process (PID=1332) to work on /home/airflow/.local/lib/python3.7/site-packages/airflow/example_dags/example_bash_operator.py
[2023-09-01T19:43:40.813+0000] {processor.py:826} INFO - Processing file /home/airflow/.local/lib/python3.7/site-packages/airflow/example_dags/example_bash_operator.py for tasks to queue
[2023-09-01T19:43:40.813+0000] {logging_mixin.py:150} INFO - [2023-09-01T19:43:40.813+0000] {dagbag.py:541} INFO - Filling up the DagBag from /home/airflow/.local/lib/python3.7/site-packages/airflow/example_dags/example_bash_operator.py
[2023-09-01T19:43:40.826+0000] {processor.py:836} INFO - DAG(s) dict_keys(['example_bash_operator']) retrieved from /home/airflow/.local/lib/python3.7/site-packages/airflow/example_dags/example_bash_operator.py
[2023-09-01T19:43:40.861+0000] {logging_mixin.py:150} INFO - [2023-09-01T19:43:40.861+0000] {dag.py:2742} INFO - Sync 1 DAGs
[2023-09-01T19:43:40.883+0000] {logging_mixin.py:150} INFO - [2023-09-01T19:43:40.883+0000] {dag.py:3508} INFO - Setting next_dagrun for example_bash_operator to 2023-08-31T00:00:00+00:00, run_after=2023-09-01T00:00:00+00:00
[2023-09-01T19:43:40.904+0000] {processor.py:179} INFO - Processing /home/airflow/.local/lib/python3.7/site-packages/airflow/example_dags/example_bash_operator.py took 0.095 seconds
[2023-09-01T19:44:11.375+0000] {processor.py:157} INFO - Started process (PID=1387) to work on /home/airflow/.local/lib/python3.7/site-packages/airflow/example_dags/example_bash_operator.py
[2023-09-01T19:44:11.377+0000] {processor.py:826} INFO - Processing file /home/airflow/.local/lib/python3.7/site-packages/airflow/example_dags/example_bash_operator.py for tasks to queue
[2023-09-01T19:44:11.378+0000] {logging_mixin.py:150} INFO - [2023-09-01T19:44:11.378+0000] {dagbag.py:541} INFO - Filling up the DagBag from /home/airflow/.local/lib/python3.7/site-packages/airflow/example_dags/example_bash_operator.py
[2023-09-01T19:44:11.401+0000] {processor.py:836} INFO - DAG(s) dict_keys(['example_bash_operator']) retrieved from /home/airflow/.local/lib/python3.7/site-packages/airflow/example_dags/example_bash_operator.py
[2023-09-01T19:44:11.445+0000] {logging_mixin.py:150} INFO - [2023-09-01T19:44:11.444+0000] {dag.py:2742} INFO - Sync 1 DAGs
[2023-09-01T19:44:11.467+0000] {logging_mixin.py:150} INFO - [2023-09-01T19:44:11.467+0000] {dag.py:3508} INFO - Setting next_dagrun for example_bash_operator to 2023-08-31T00:00:00+00:00, run_after=2023-09-01T00:00:00+00:00
[2023-09-01T19:44:11.486+0000] {processor.py:179} INFO - Processing /home/airflow/.local/lib/python3.7/site-packages/airflow/example_dags/example_bash_operator.py took 0.114 seconds
[2023-09-01T19:44:41.947+0000] {processor.py:157} INFO - Started process (PID=1442) to work on /home/airflow/.local/lib/python3.7/site-packages/airflow/example_dags/example_bash_operator.py
[2023-09-01T19:44:41.948+0000] {processor.py:826} INFO - Processing file /home/airflow/.local/lib/python3.7/site-packages/airflow/example_dags/example_bash_operator.py for tasks to queue
[2023-09-01T19:44:41.948+0000] {logging_mixin.py:150} INFO - [2023-09-01T19:44:41.948+0000] {dagbag.py:541} INFO - Filling up the DagBag from /home/airflow/.local/lib/python3.7/site-packages/airflow/example_dags/example_bash_operator.py
[2023-09-01T19:44:41.965+0000] {processor.py:836} INFO - DAG(s) dict_keys(['example_bash_operator']) retrieved from /home/airflow/.local/lib/python3.7/site-packages/airflow/example_dags/example_bash_operator.py
[2023-09-01T19:44:41.998+0000] {logging_mixin.py:150} INFO - [2023-09-01T19:44:41.998+0000] {dag.py:2742} INFO - Sync 1 DAGs
[2023-09-01T19:44:42.023+0000] {logging_mixin.py:150} INFO - [2023-09-01T19:44:42.023+0000] {dag.py:3508} INFO - Setting next_dagrun for example_bash_operator to 2023-08-31T00:00:00+00:00, run_after=2023-09-01T00:00:00+00:00
[2023-09-01T19:44:42.044+0000] {processor.py:179} INFO - Processing /home/airflow/.local/lib/python3.7/site-packages/airflow/example_dags/example_bash_operator.py took 0.100 seconds
[2023-09-01T19:45:12.335+0000] {processor.py:157} INFO - Started process (PID=1497) to work on /home/airflow/.local/lib/python3.7/site-packages/airflow/example_dags/example_bash_operator.py
[2023-09-01T19:45:12.336+0000] {processor.py:826} INFO - Processing file /home/airflow/.local/lib/python3.7/site-packages/airflow/example_dags/example_bash_operator.py for tasks to queue
[2023-09-01T19:45:12.337+0000] {logging_mixin.py:150} INFO - [2023-09-01T19:45:12.337+0000] {dagbag.py:541} INFO - Filling up the DagBag from /home/airflow/.local/lib/python3.7/site-packages/airflow/example_dags/example_bash_operator.py
[2023-09-01T19:45:12.353+0000] {processor.py:836} INFO - DAG(s) dict_keys(['example_bash_operator']) retrieved from /home/airflow/.local/lib/python3.7/site-packages/airflow/example_dags/example_bash_operator.py
[2023-09-01T19:45:12.390+0000] {logging_mixin.py:150} INFO - [2023-09-01T19:45:12.390+0000] {dag.py:2742} INFO - Sync 1 DAGs
[2023-09-01T19:45:12.416+0000] {logging_mixin.py:150} INFO - [2023-09-01T19:45:12.416+0000] {dag.py:3508} INFO - Setting next_dagrun for example_bash_operator to 2023-08-31T00:00:00+00:00, run_after=2023-09-01T00:00:00+00:00
[2023-09-01T19:45:12.438+0000] {processor.py:179} INFO - Processing /home/airflow/.local/lib/python3.7/site-packages/airflow/example_dags/example_bash_operator.py took 0.107 seconds
[2023-09-01T19:45:42.604+0000] {processor.py:157} INFO - Started process (PID=1552) to work on /home/airflow/.local/lib/python3.7/site-packages/airflow/example_dags/example_bash_operator.py
[2023-09-01T19:45:42.604+0000] {processor.py:826} INFO - Processing file /home/airflow/.local/lib/python3.7/site-packages/airflow/example_dags/example_bash_operator.py for tasks to queue
[2023-09-01T19:45:42.605+0000] {logging_mixin.py:150} INFO - [2023-09-01T19:45:42.605+0000] {dagbag.py:541} INFO - Filling up the DagBag from /home/airflow/.local/lib/python3.7/site-packages/airflow/example_dags/example_bash_operator.py
[2023-09-01T19:45:42.631+0000] {processor.py:836} INFO - DAG(s) dict_keys(['example_bash_operator']) retrieved from /home/airflow/.local/lib/python3.7/site-packages/airflow/example_dags/example_bash_operator.py
[2023-09-01T19:45:42.670+0000] {logging_mixin.py:150} INFO - [2023-09-01T19:45:42.670+0000] {dag.py:2742} INFO - Sync 1 DAGs
[2023-09-01T19:45:42.713+0000] {logging_mixin.py:150} INFO - [2023-09-01T19:45:42.713+0000] {dag.py:3508} INFO - Setting next_dagrun for example_bash_operator to 2023-08-31T00:00:00+00:00, run_after=2023-09-01T00:00:00+00:00
[2023-09-01T19:45:42.729+0000] {processor.py:179} INFO - Processing /home/airflow/.local/lib/python3.7/site-packages/airflow/example_dags/example_bash_operator.py took 0.131 seconds
[2023-09-01T19:46:12.972+0000] {processor.py:157} INFO - Started process (PID=1607) to work on /home/airflow/.local/lib/python3.7/site-packages/airflow/example_dags/example_bash_operator.py
[2023-09-01T19:46:12.973+0000] {processor.py:826} INFO - Processing file /home/airflow/.local/lib/python3.7/site-packages/airflow/example_dags/example_bash_operator.py for tasks to queue
[2023-09-01T19:46:12.973+0000] {logging_mixin.py:150} INFO - [2023-09-01T19:46:12.973+0000] {dagbag.py:541} INFO - Filling up the DagBag from /home/airflow/.local/lib/python3.7/site-packages/airflow/example_dags/example_bash_operator.py
[2023-09-01T19:46:12.991+0000] {processor.py:836} INFO - DAG(s) dict_keys(['example_bash_operator']) retrieved from /home/airflow/.local/lib/python3.7/site-packages/airflow/example_dags/example_bash_operator.py
[2023-09-01T19:46:13.022+0000] {logging_mixin.py:150} INFO - [2023-09-01T19:46:13.022+0000] {dag.py:2742} INFO - Sync 1 DAGs
[2023-09-01T19:46:13.044+0000] {logging_mixin.py:150} INFO - [2023-09-01T19:46:13.044+0000] {dag.py:3508} INFO - Setting next_dagrun for example_bash_operator to 2023-08-31T00:00:00+00:00, run_after=2023-09-01T00:00:00+00:00
[2023-09-01T19:46:13.063+0000] {processor.py:179} INFO - Processing /home/airflow/.local/lib/python3.7/site-packages/airflow/example_dags/example_bash_operator.py took 0.094 seconds
[2023-09-01T19:46:43.443+0000] {processor.py:157} INFO - Started process (PID=1662) to work on /home/airflow/.local/lib/python3.7/site-packages/airflow/example_dags/example_bash_operator.py
[2023-09-01T19:46:43.445+0000] {processor.py:826} INFO - Processing file /home/airflow/.local/lib/python3.7/site-packages/airflow/example_dags/example_bash_operator.py for tasks to queue
[2023-09-01T19:46:43.445+0000] {logging_mixin.py:150} INFO - [2023-09-01T19:46:43.445+0000] {dagbag.py:541} INFO - Filling up the DagBag from /home/airflow/.local/lib/python3.7/site-packages/airflow/example_dags/example_bash_operator.py
[2023-09-01T19:46:43.458+0000] {processor.py:836} INFO - DAG(s) dict_keys(['example_bash_operator']) retrieved from /home/airflow/.local/lib/python3.7/site-packages/airflow/example_dags/example_bash_operator.py
[2023-09-01T19:46:43.504+0000] {logging_mixin.py:150} INFO - [2023-09-01T19:46:43.504+0000] {dag.py:2742} INFO - Sync 1 DAGs
[2023-09-01T19:46:43.527+0000] {logging_mixin.py:150} INFO - [2023-09-01T19:46:43.527+0000] {dag.py:3508} INFO - Setting next_dagrun for example_bash_operator to 2023-08-31T00:00:00+00:00, run_after=2023-09-01T00:00:00+00:00
[2023-09-01T19:46:43.547+0000] {processor.py:179} INFO - Processing /home/airflow/.local/lib/python3.7/site-packages/airflow/example_dags/example_bash_operator.py took 0.106 seconds
[2023-09-01T19:47:14.115+0000] {processor.py:157} INFO - Started process (PID=1717) to work on /home/airflow/.local/lib/python3.7/site-packages/airflow/example_dags/example_bash_operator.py
[2023-09-01T19:47:14.116+0000] {processor.py:826} INFO - Processing file /home/airflow/.local/lib/python3.7/site-packages/airflow/example_dags/example_bash_operator.py for tasks to queue
[2023-09-01T19:47:14.117+0000] {logging_mixin.py:150} INFO - [2023-09-01T19:47:14.116+0000] {dagbag.py:541} INFO - Filling up the DagBag from /home/airflow/.local/lib/python3.7/site-packages/airflow/example_dags/example_bash_operator.py
[2023-09-01T19:47:14.138+0000] {processor.py:836} INFO - DAG(s) dict_keys(['example_bash_operator']) retrieved from /home/airflow/.local/lib/python3.7/site-packages/airflow/example_dags/example_bash_operator.py
[2023-09-01T19:47:14.171+0000] {logging_mixin.py:150} INFO - [2023-09-01T19:47:14.171+0000] {dag.py:2742} INFO - Sync 1 DAGs
[2023-09-01T19:47:14.197+0000] {logging_mixin.py:150} INFO - [2023-09-01T19:47:14.197+0000] {dag.py:3508} INFO - Setting next_dagrun for example_bash_operator to 2023-08-31T00:00:00+00:00, run_after=2023-09-01T00:00:00+00:00
[2023-09-01T19:47:14.219+0000] {processor.py:179} INFO - Processing /home/airflow/.local/lib/python3.7/site-packages/airflow/example_dags/example_bash_operator.py took 0.110 seconds
[2023-09-01T19:47:44.567+0000] {processor.py:157} INFO - Started process (PID=1772) to work on /home/airflow/.local/lib/python3.7/site-packages/airflow/example_dags/example_bash_operator.py
[2023-09-01T19:47:44.568+0000] {processor.py:826} INFO - Processing file /home/airflow/.local/lib/python3.7/site-packages/airflow/example_dags/example_bash_operator.py for tasks to queue
[2023-09-01T19:47:44.569+0000] {logging_mixin.py:150} INFO - [2023-09-01T19:47:44.569+0000] {dagbag.py:541} INFO - Filling up the DagBag from /home/airflow/.local/lib/python3.7/site-packages/airflow/example_dags/example_bash_operator.py
[2023-09-01T19:47:44.593+0000] {processor.py:836} INFO - DAG(s) dict_keys(['example_bash_operator']) retrieved from /home/airflow/.local/lib/python3.7/site-packages/airflow/example_dags/example_bash_operator.py
[2023-09-01T19:47:44.648+0000] {logging_mixin.py:150} INFO - [2023-09-01T19:47:44.648+0000] {dag.py:2742} INFO - Sync 1 DAGs
[2023-09-01T19:47:44.682+0000] {logging_mixin.py:150} INFO - [2023-09-01T19:47:44.681+0000] {dag.py:3508} INFO - Setting next_dagrun for example_bash_operator to 2023-08-31T00:00:00+00:00, run_after=2023-09-01T00:00:00+00:00
[2023-09-01T19:47:44.707+0000] {processor.py:179} INFO - Processing /home/airflow/.local/lib/python3.7/site-packages/airflow/example_dags/example_bash_operator.py took 0.143 seconds
[2023-09-01T19:48:15.041+0000] {processor.py:157} INFO - Started process (PID=1827) to work on /home/airflow/.local/lib/python3.7/site-packages/airflow/example_dags/example_bash_operator.py
[2023-09-01T19:48:15.042+0000] {processor.py:826} INFO - Processing file /home/airflow/.local/lib/python3.7/site-packages/airflow/example_dags/example_bash_operator.py for tasks to queue
[2023-09-01T19:48:15.043+0000] {logging_mixin.py:150} INFO - [2023-09-01T19:48:15.043+0000] {dagbag.py:541} INFO - Filling up the DagBag from /home/airflow/.local/lib/python3.7/site-packages/airflow/example_dags/example_bash_operator.py
[2023-09-01T19:48:15.057+0000] {processor.py:836} INFO - DAG(s) dict_keys(['example_bash_operator']) retrieved from /home/airflow/.local/lib/python3.7/site-packages/airflow/example_dags/example_bash_operator.py
[2023-09-01T19:48:15.099+0000] {logging_mixin.py:150} INFO - [2023-09-01T19:48:15.099+0000] {dag.py:2742} INFO - Sync 1 DAGs
[2023-09-01T19:48:15.129+0000] {logging_mixin.py:150} INFO - [2023-09-01T19:48:15.128+0000] {dag.py:3508} INFO - Setting next_dagrun for example_bash_operator to 2023-08-31T00:00:00+00:00, run_after=2023-09-01T00:00:00+00:00
[2023-09-01T19:48:15.157+0000] {processor.py:179} INFO - Processing /home/airflow/.local/lib/python3.7/site-packages/airflow/example_dags/example_bash_operator.py took 0.121 seconds
[2023-09-01T19:48:45.845+0000] {processor.py:157} INFO - Started process (PID=1881) to work on /home/airflow/.local/lib/python3.7/site-packages/airflow/example_dags/example_bash_operator.py
[2023-09-01T19:48:45.846+0000] {processor.py:826} INFO - Processing file /home/airflow/.local/lib/python3.7/site-packages/airflow/example_dags/example_bash_operator.py for tasks to queue
[2023-09-01T19:48:45.847+0000] {logging_mixin.py:150} INFO - [2023-09-01T19:48:45.846+0000] {dagbag.py:541} INFO - Filling up the DagBag from /home/airflow/.local/lib/python3.7/site-packages/airflow/example_dags/example_bash_operator.py
[2023-09-01T19:48:45.860+0000] {processor.py:836} INFO - DAG(s) dict_keys(['example_bash_operator']) retrieved from /home/airflow/.local/lib/python3.7/site-packages/airflow/example_dags/example_bash_operator.py
[2023-09-01T19:48:45.891+0000] {logging_mixin.py:150} INFO - [2023-09-01T19:48:45.891+0000] {dag.py:2742} INFO - Sync 1 DAGs
[2023-09-01T19:48:45.916+0000] {logging_mixin.py:150} INFO - [2023-09-01T19:48:45.916+0000] {dag.py:3508} INFO - Setting next_dagrun for example_bash_operator to 2023-08-31T00:00:00+00:00, run_after=2023-09-01T00:00:00+00:00
[2023-09-01T19:48:45.939+0000] {processor.py:179} INFO - Processing /home/airflow/.local/lib/python3.7/site-packages/airflow/example_dags/example_bash_operator.py took 0.097 seconds
[2023-09-01T19:49:16.570+0000] {processor.py:157} INFO - Started process (PID=1936) to work on /home/airflow/.local/lib/python3.7/site-packages/airflow/example_dags/example_bash_operator.py
[2023-09-01T19:49:16.570+0000] {processor.py:826} INFO - Processing file /home/airflow/.local/lib/python3.7/site-packages/airflow/example_dags/example_bash_operator.py for tasks to queue
[2023-09-01T19:49:16.571+0000] {logging_mixin.py:150} INFO - [2023-09-01T19:49:16.571+0000] {dagbag.py:541} INFO - Filling up the DagBag from /home/airflow/.local/lib/python3.7/site-packages/airflow/example_dags/example_bash_operator.py
[2023-09-01T19:49:16.585+0000] {processor.py:836} INFO - DAG(s) dict_keys(['example_bash_operator']) retrieved from /home/airflow/.local/lib/python3.7/site-packages/airflow/example_dags/example_bash_operator.py
[2023-09-01T19:49:16.618+0000] {logging_mixin.py:150} INFO - [2023-09-01T19:49:16.617+0000] {dag.py:2742} INFO - Sync 1 DAGs
[2023-09-01T19:49:16.642+0000] {logging_mixin.py:150} INFO - [2023-09-01T19:49:16.642+0000] {dag.py:3508} INFO - Setting next_dagrun for example_bash_operator to 2023-08-31T00:00:00+00:00, run_after=2023-09-01T00:00:00+00:00
[2023-09-01T19:49:16.665+0000] {processor.py:179} INFO - Processing /home/airflow/.local/lib/python3.7/site-packages/airflow/example_dags/example_bash_operator.py took 0.099 seconds
[2023-09-01T19:49:47.317+0000] {processor.py:157} INFO - Started process (PID=1991) to work on /home/airflow/.local/lib/python3.7/site-packages/airflow/example_dags/example_bash_operator.py
[2023-09-01T19:49:47.318+0000] {processor.py:826} INFO - Processing file /home/airflow/.local/lib/python3.7/site-packages/airflow/example_dags/example_bash_operator.py for tasks to queue
[2023-09-01T19:49:47.318+0000] {logging_mixin.py:150} INFO - [2023-09-01T19:49:47.318+0000] {dagbag.py:541} INFO - Filling up the DagBag from /home/airflow/.local/lib/python3.7/site-packages/airflow/example_dags/example_bash_operator.py
[2023-09-01T19:49:47.336+0000] {processor.py:836} INFO - DAG(s) dict_keys(['example_bash_operator']) retrieved from /home/airflow/.local/lib/python3.7/site-packages/airflow/example_dags/example_bash_operator.py
[2023-09-01T19:49:47.373+0000] {logging_mixin.py:150} INFO - [2023-09-01T19:49:47.373+0000] {dag.py:2742} INFO - Sync 1 DAGs
[2023-09-01T19:49:47.405+0000] {logging_mixin.py:150} INFO - [2023-09-01T19:49:47.405+0000] {dag.py:3508} INFO - Setting next_dagrun for example_bash_operator to 2023-08-31T00:00:00+00:00, run_after=2023-09-01T00:00:00+00:00
[2023-09-01T19:49:47.422+0000] {processor.py:179} INFO - Processing /home/airflow/.local/lib/python3.7/site-packages/airflow/example_dags/example_bash_operator.py took 0.113 seconds
[2023-09-01T19:50:17.979+0000] {processor.py:157} INFO - Started process (PID=2046) to work on /home/airflow/.local/lib/python3.7/site-packages/airflow/example_dags/example_bash_operator.py
[2023-09-01T19:50:17.980+0000] {processor.py:826} INFO - Processing file /home/airflow/.local/lib/python3.7/site-packages/airflow/example_dags/example_bash_operator.py for tasks to queue
[2023-09-01T19:50:17.981+0000] {logging_mixin.py:150} INFO - [2023-09-01T19:50:17.980+0000] {dagbag.py:541} INFO - Filling up the DagBag from /home/airflow/.local/lib/python3.7/site-packages/airflow/example_dags/example_bash_operator.py
[2023-09-01T19:50:17.999+0000] {processor.py:836} INFO - DAG(s) dict_keys(['example_bash_operator']) retrieved from /home/airflow/.local/lib/python3.7/site-packages/airflow/example_dags/example_bash_operator.py
[2023-09-01T19:50:18.031+0000] {logging_mixin.py:150} INFO - [2023-09-01T19:50:18.031+0000] {dag.py:2742} INFO - Sync 1 DAGs
[2023-09-01T19:50:18.064+0000] {logging_mixin.py:150} INFO - [2023-09-01T19:50:18.063+0000] {dag.py:3508} INFO - Setting next_dagrun for example_bash_operator to 2023-08-31T00:00:00+00:00, run_after=2023-09-01T00:00:00+00:00
[2023-09-01T19:50:18.084+0000] {processor.py:179} INFO - Processing /home/airflow/.local/lib/python3.7/site-packages/airflow/example_dags/example_bash_operator.py took 0.109 seconds
[2023-09-01T19:50:48.778+0000] {processor.py:157} INFO - Started process (PID=2101) to work on /home/airflow/.local/lib/python3.7/site-packages/airflow/example_dags/example_bash_operator.py
[2023-09-01T19:50:48.778+0000] {processor.py:826} INFO - Processing file /home/airflow/.local/lib/python3.7/site-packages/airflow/example_dags/example_bash_operator.py for tasks to queue
[2023-09-01T19:50:48.779+0000] {logging_mixin.py:150} INFO - [2023-09-01T19:50:48.779+0000] {dagbag.py:541} INFO - Filling up the DagBag from /home/airflow/.local/lib/python3.7/site-packages/airflow/example_dags/example_bash_operator.py
[2023-09-01T19:50:48.793+0000] {processor.py:836} INFO - DAG(s) dict_keys(['example_bash_operator']) retrieved from /home/airflow/.local/lib/python3.7/site-packages/airflow/example_dags/example_bash_operator.py
[2023-09-01T19:50:48.833+0000] {logging_mixin.py:150} INFO - [2023-09-01T19:50:48.833+0000] {dag.py:2742} INFO - Sync 1 DAGs
[2023-09-01T19:50:48.865+0000] {logging_mixin.py:150} INFO - [2023-09-01T19:50:48.865+0000] {dag.py:3508} INFO - Setting next_dagrun for example_bash_operator to 2023-08-31T00:00:00+00:00, run_after=2023-09-01T00:00:00+00:00
[2023-09-01T19:50:48.885+0000] {processor.py:179} INFO - Processing /home/airflow/.local/lib/python3.7/site-packages/airflow/example_dags/example_bash_operator.py took 0.110 seconds
[2023-09-01T19:51:19.404+0000] {processor.py:157} INFO - Started process (PID=2155) to work on /home/airflow/.local/lib/python3.7/site-packages/airflow/example_dags/example_bash_operator.py
[2023-09-01T19:51:19.406+0000] {processor.py:826} INFO - Processing file /home/airflow/.local/lib/python3.7/site-packages/airflow/example_dags/example_bash_operator.py for tasks to queue
[2023-09-01T19:51:19.406+0000] {logging_mixin.py:150} INFO - [2023-09-01T19:51:19.406+0000] {dagbag.py:541} INFO - Filling up the DagBag from /home/airflow/.local/lib/python3.7/site-packages/airflow/example_dags/example_bash_operator.py
[2023-09-01T19:51:19.422+0000] {processor.py:836} INFO - DAG(s) dict_keys(['example_bash_operator']) retrieved from /home/airflow/.local/lib/python3.7/site-packages/airflow/example_dags/example_bash_operator.py
[2023-09-01T19:51:19.521+0000] {logging_mixin.py:150} INFO - [2023-09-01T19:51:19.521+0000] {dag.py:2742} INFO - Sync 1 DAGs
[2023-09-01T19:51:19.551+0000] {logging_mixin.py:150} INFO - [2023-09-01T19:51:19.551+0000] {dag.py:3508} INFO - Setting next_dagrun for example_bash_operator to 2023-08-31T00:00:00+00:00, run_after=2023-09-01T00:00:00+00:00
[2023-09-01T19:51:19.579+0000] {processor.py:179} INFO - Processing /home/airflow/.local/lib/python3.7/site-packages/airflow/example_dags/example_bash_operator.py took 0.178 seconds
[2023-09-01T19:51:49.666+0000] {processor.py:157} INFO - Started process (PID=2210) to work on /home/airflow/.local/lib/python3.7/site-packages/airflow/example_dags/example_bash_operator.py
[2023-09-01T19:51:49.667+0000] {processor.py:826} INFO - Processing file /home/airflow/.local/lib/python3.7/site-packages/airflow/example_dags/example_bash_operator.py for tasks to queue
[2023-09-01T19:51:49.667+0000] {logging_mixin.py:150} INFO - [2023-09-01T19:51:49.667+0000] {dagbag.py:541} INFO - Filling up the DagBag from /home/airflow/.local/lib/python3.7/site-packages/airflow/example_dags/example_bash_operator.py
[2023-09-01T19:51:49.756+0000] {processor.py:836} INFO - DAG(s) dict_keys(['example_bash_operator']) retrieved from /home/airflow/.local/lib/python3.7/site-packages/airflow/example_dags/example_bash_operator.py
[2023-09-01T19:51:49.889+0000] {logging_mixin.py:150} INFO - [2023-09-01T19:51:49.888+0000] {dag.py:2742} INFO - Sync 1 DAGs
[2023-09-01T19:51:49.946+0000] {logging_mixin.py:150} INFO - [2023-09-01T19:51:49.946+0000] {dag.py:3508} INFO - Setting next_dagrun for example_bash_operator to 2023-08-31T00:00:00+00:00, run_after=2023-09-01T00:00:00+00:00
[2023-09-01T19:51:49.981+0000] {processor.py:179} INFO - Processing /home/airflow/.local/lib/python3.7/site-packages/airflow/example_dags/example_bash_operator.py took 0.319 seconds
[2023-09-01T19:52:20.472+0000] {processor.py:157} INFO - Started process (PID=2264) to work on /home/airflow/.local/lib/python3.7/site-packages/airflow/example_dags/example_bash_operator.py
[2023-09-01T19:52:20.475+0000] {processor.py:826} INFO - Processing file /home/airflow/.local/lib/python3.7/site-packages/airflow/example_dags/example_bash_operator.py for tasks to queue
[2023-09-01T19:52:20.482+0000] {logging_mixin.py:150} INFO - [2023-09-01T19:52:20.481+0000] {dagbag.py:541} INFO - Filling up the DagBag from /home/airflow/.local/lib/python3.7/site-packages/airflow/example_dags/example_bash_operator.py
[2023-09-01T19:52:20.525+0000] {processor.py:836} INFO - DAG(s) dict_keys(['example_bash_operator']) retrieved from /home/airflow/.local/lib/python3.7/site-packages/airflow/example_dags/example_bash_operator.py
[2023-09-01T19:52:20.618+0000] {logging_mixin.py:150} INFO - [2023-09-01T19:52:20.618+0000] {dag.py:2742} INFO - Sync 1 DAGs
[2023-09-01T19:52:20.740+0000] {logging_mixin.py:150} INFO - [2023-09-01T19:52:20.739+0000] {dag.py:3508} INFO - Setting next_dagrun for example_bash_operator to 2023-08-31T00:00:00+00:00, run_after=2023-09-01T00:00:00+00:00
[2023-09-01T19:52:20.794+0000] {processor.py:179} INFO - Processing /home/airflow/.local/lib/python3.7/site-packages/airflow/example_dags/example_bash_operator.py took 0.340 seconds
[2023-09-01T19:52:51.587+0000] {processor.py:157} INFO - Started process (PID=2319) to work on /home/airflow/.local/lib/python3.7/site-packages/airflow/example_dags/example_bash_operator.py
[2023-09-01T19:52:51.588+0000] {processor.py:826} INFO - Processing file /home/airflow/.local/lib/python3.7/site-packages/airflow/example_dags/example_bash_operator.py for tasks to queue
[2023-09-01T19:52:51.589+0000] {logging_mixin.py:150} INFO - [2023-09-01T19:52:51.589+0000] {dagbag.py:541} INFO - Filling up the DagBag from /home/airflow/.local/lib/python3.7/site-packages/airflow/example_dags/example_bash_operator.py
[2023-09-01T19:52:51.604+0000] {processor.py:836} INFO - DAG(s) dict_keys(['example_bash_operator']) retrieved from /home/airflow/.local/lib/python3.7/site-packages/airflow/example_dags/example_bash_operator.py
[2023-09-01T19:52:51.636+0000] {logging_mixin.py:150} INFO - [2023-09-01T19:52:51.636+0000] {dag.py:2742} INFO - Sync 1 DAGs
[2023-09-01T19:52:51.659+0000] {logging_mixin.py:150} INFO - [2023-09-01T19:52:51.659+0000] {dag.py:3508} INFO - Setting next_dagrun for example_bash_operator to 2023-08-31T00:00:00+00:00, run_after=2023-09-01T00:00:00+00:00
[2023-09-01T19:52:51.680+0000] {processor.py:179} INFO - Processing /home/airflow/.local/lib/python3.7/site-packages/airflow/example_dags/example_bash_operator.py took 0.096 seconds
[2023-09-01T19:53:22.030+0000] {processor.py:157} INFO - Started process (PID=2374) to work on /home/airflow/.local/lib/python3.7/site-packages/airflow/example_dags/example_bash_operator.py
[2023-09-01T19:53:22.031+0000] {processor.py:826} INFO - Processing file /home/airflow/.local/lib/python3.7/site-packages/airflow/example_dags/example_bash_operator.py for tasks to queue
[2023-09-01T19:53:22.041+0000] {logging_mixin.py:150} INFO - [2023-09-01T19:53:22.041+0000] {dagbag.py:541} INFO - Filling up the DagBag from /home/airflow/.local/lib/python3.7/site-packages/airflow/example_dags/example_bash_operator.py
[2023-09-01T19:53:22.096+0000] {processor.py:836} INFO - DAG(s) dict_keys(['example_bash_operator']) retrieved from /home/airflow/.local/lib/python3.7/site-packages/airflow/example_dags/example_bash_operator.py
[2023-09-01T19:53:22.230+0000] {logging_mixin.py:150} INFO - [2023-09-01T19:53:22.230+0000] {dag.py:2742} INFO - Sync 1 DAGs
[2023-09-01T19:53:22.309+0000] {logging_mixin.py:150} INFO - [2023-09-01T19:53:22.309+0000] {dag.py:3508} INFO - Setting next_dagrun for example_bash_operator to 2023-08-31T00:00:00+00:00, run_after=2023-09-01T00:00:00+00:00
[2023-09-01T19:53:22.361+0000] {processor.py:179} INFO - Processing /home/airflow/.local/lib/python3.7/site-packages/airflow/example_dags/example_bash_operator.py took 0.335 seconds
[2023-09-01T19:53:52.693+0000] {processor.py:157} INFO - Started process (PID=2429) to work on /home/airflow/.local/lib/python3.7/site-packages/airflow/example_dags/example_bash_operator.py
[2023-09-01T19:53:52.694+0000] {processor.py:826} INFO - Processing file /home/airflow/.local/lib/python3.7/site-packages/airflow/example_dags/example_bash_operator.py for tasks to queue
[2023-09-01T19:53:52.695+0000] {logging_mixin.py:150} INFO - [2023-09-01T19:53:52.695+0000] {dagbag.py:541} INFO - Filling up the DagBag from /home/airflow/.local/lib/python3.7/site-packages/airflow/example_dags/example_bash_operator.py
[2023-09-01T19:53:52.708+0000] {processor.py:836} INFO - DAG(s) dict_keys(['example_bash_operator']) retrieved from /home/airflow/.local/lib/python3.7/site-packages/airflow/example_dags/example_bash_operator.py
[2023-09-01T19:53:52.745+0000] {logging_mixin.py:150} INFO - [2023-09-01T19:53:52.745+0000] {dag.py:2742} INFO - Sync 1 DAGs
[2023-09-01T19:53:52.777+0000] {logging_mixin.py:150} INFO - [2023-09-01T19:53:52.777+0000] {dag.py:3508} INFO - Setting next_dagrun for example_bash_operator to 2023-08-31T00:00:00+00:00, run_after=2023-09-01T00:00:00+00:00
[2023-09-01T19:53:52.803+0000] {processor.py:179} INFO - Processing /home/airflow/.local/lib/python3.7/site-packages/airflow/example_dags/example_bash_operator.py took 0.113 seconds
[2023-09-01T19:54:22.880+0000] {processor.py:157} INFO - Started process (PID=2484) to work on /home/airflow/.local/lib/python3.7/site-packages/airflow/example_dags/example_bash_operator.py
[2023-09-01T19:54:22.880+0000] {processor.py:826} INFO - Processing file /home/airflow/.local/lib/python3.7/site-packages/airflow/example_dags/example_bash_operator.py for tasks to queue
[2023-09-01T19:54:22.881+0000] {logging_mixin.py:150} INFO - [2023-09-01T19:54:22.881+0000] {dagbag.py:541} INFO - Filling up the DagBag from /home/airflow/.local/lib/python3.7/site-packages/airflow/example_dags/example_bash_operator.py
[2023-09-01T19:54:22.894+0000] {processor.py:836} INFO - DAG(s) dict_keys(['example_bash_operator']) retrieved from /home/airflow/.local/lib/python3.7/site-packages/airflow/example_dags/example_bash_operator.py
[2023-09-01T19:54:22.932+0000] {logging_mixin.py:150} INFO - [2023-09-01T19:54:22.932+0000] {dag.py:2742} INFO - Sync 1 DAGs
[2023-09-01T19:54:22.963+0000] {logging_mixin.py:150} INFO - [2023-09-01T19:54:22.962+0000] {dag.py:3508} INFO - Setting next_dagrun for example_bash_operator to 2023-08-31T00:00:00+00:00, run_after=2023-09-01T00:00:00+00:00
[2023-09-01T19:54:22.984+0000] {processor.py:179} INFO - Processing /home/airflow/.local/lib/python3.7/site-packages/airflow/example_dags/example_bash_operator.py took 0.108 seconds
[2023-09-01T19:54:53.141+0000] {processor.py:157} INFO - Started process (PID=2540) to work on /home/airflow/.local/lib/python3.7/site-packages/airflow/example_dags/example_bash_operator.py
[2023-09-01T19:54:53.143+0000] {processor.py:826} INFO - Processing file /home/airflow/.local/lib/python3.7/site-packages/airflow/example_dags/example_bash_operator.py for tasks to queue
[2023-09-01T19:54:53.144+0000] {logging_mixin.py:150} INFO - [2023-09-01T19:54:53.143+0000] {dagbag.py:541} INFO - Filling up the DagBag from /home/airflow/.local/lib/python3.7/site-packages/airflow/example_dags/example_bash_operator.py
[2023-09-01T19:54:53.225+0000] {processor.py:836} INFO - DAG(s) dict_keys(['example_bash_operator']) retrieved from /home/airflow/.local/lib/python3.7/site-packages/airflow/example_dags/example_bash_operator.py
[2023-09-01T19:54:53.287+0000] {logging_mixin.py:150} INFO - [2023-09-01T19:54:53.287+0000] {dag.py:2742} INFO - Sync 1 DAGs
[2023-09-01T19:54:53.346+0000] {logging_mixin.py:150} INFO - [2023-09-01T19:54:53.343+0000] {dag.py:3508} INFO - Setting next_dagrun for example_bash_operator to 2023-08-31T00:00:00+00:00, run_after=2023-09-01T00:00:00+00:00
[2023-09-01T19:54:53.410+0000] {processor.py:179} INFO - Processing /home/airflow/.local/lib/python3.7/site-packages/airflow/example_dags/example_bash_operator.py took 0.285 seconds
