[2023-09-01T19:31:52.840+0000] {processor.py:157} INFO - Started process (PID=49) to work on /home/airflow/.local/lib/python3.7/site-packages/airflow/example_dags/example_params_trigger_ui.py
[2023-09-01T19:31:52.841+0000] {processor.py:826} INFO - Processing file /home/airflow/.local/lib/python3.7/site-packages/airflow/example_dags/example_params_trigger_ui.py for tasks to queue
[2023-09-01T19:31:52.841+0000] {logging_mixin.py:150} INFO - [2023-09-01T19:31:52.841+0000] {dagbag.py:541} INFO - Filling up the DagBag from /home/airflow/.local/lib/python3.7/site-packages/airflow/example_dags/example_params_trigger_ui.py
[2023-09-01T19:31:52.902+0000] {processor.py:836} INFO - DAG(s) dict_keys(['example_params_trigger_ui']) retrieved from /home/airflow/.local/lib/python3.7/site-packages/airflow/example_dags/example_params_trigger_ui.py
[2023-09-01T19:31:53.324+0000] {logging_mixin.py:150} INFO - [2023-09-01T19:31:53.324+0000] {dag.py:2742} INFO - Sync 1 DAGs
[2023-09-01T19:31:53.382+0000] {logging_mixin.py:150} INFO - [2023-09-01T19:31:53.382+0000] {dag.py:3508} INFO - Setting next_dagrun for example_params_trigger_ui to None, run_after=None
[2023-09-01T19:31:53.409+0000] {processor.py:179} INFO - Processing /home/airflow/.local/lib/python3.7/site-packages/airflow/example_dags/example_params_trigger_ui.py took 0.575 seconds
[2023-09-01T19:32:24.337+0000] {processor.py:157} INFO - Started process (PID=105) to work on /home/airflow/.local/lib/python3.7/site-packages/airflow/example_dags/example_params_trigger_ui.py
[2023-09-01T19:32:24.338+0000] {processor.py:826} INFO - Processing file /home/airflow/.local/lib/python3.7/site-packages/airflow/example_dags/example_params_trigger_ui.py for tasks to queue
[2023-09-01T19:32:24.339+0000] {logging_mixin.py:150} INFO - [2023-09-01T19:32:24.338+0000] {dagbag.py:541} INFO - Filling up the DagBag from /home/airflow/.local/lib/python3.7/site-packages/airflow/example_dags/example_params_trigger_ui.py
[2023-09-01T19:32:24.356+0000] {processor.py:836} INFO - DAG(s) dict_keys(['example_params_trigger_ui']) retrieved from /home/airflow/.local/lib/python3.7/site-packages/airflow/example_dags/example_params_trigger_ui.py
[2023-09-01T19:32:24.422+0000] {logging_mixin.py:150} INFO - [2023-09-01T19:32:24.421+0000] {dag.py:2742} INFO - Sync 1 DAGs
[2023-09-01T19:32:24.442+0000] {logging_mixin.py:150} INFO - [2023-09-01T19:32:24.442+0000] {dag.py:3508} INFO - Setting next_dagrun for example_params_trigger_ui to None, run_after=None
[2023-09-01T19:32:24.456+0000] {processor.py:179} INFO - Processing /home/airflow/.local/lib/python3.7/site-packages/airflow/example_dags/example_params_trigger_ui.py took 0.122 seconds
[2023-09-01T19:32:55.340+0000] {processor.py:157} INFO - Started process (PID=160) to work on /home/airflow/.local/lib/python3.7/site-packages/airflow/example_dags/example_params_trigger_ui.py
[2023-09-01T19:32:55.342+0000] {processor.py:826} INFO - Processing file /home/airflow/.local/lib/python3.7/site-packages/airflow/example_dags/example_params_trigger_ui.py for tasks to queue
[2023-09-01T19:32:55.342+0000] {logging_mixin.py:150} INFO - [2023-09-01T19:32:55.342+0000] {dagbag.py:541} INFO - Filling up the DagBag from /home/airflow/.local/lib/python3.7/site-packages/airflow/example_dags/example_params_trigger_ui.py
[2023-09-01T19:32:55.371+0000] {processor.py:836} INFO - DAG(s) dict_keys(['example_params_trigger_ui']) retrieved from /home/airflow/.local/lib/python3.7/site-packages/airflow/example_dags/example_params_trigger_ui.py
[2023-09-01T19:32:55.442+0000] {logging_mixin.py:150} INFO - [2023-09-01T19:32:55.442+0000] {dag.py:2742} INFO - Sync 1 DAGs
[2023-09-01T19:32:55.466+0000] {logging_mixin.py:150} INFO - [2023-09-01T19:32:55.466+0000] {dag.py:3508} INFO - Setting next_dagrun for example_params_trigger_ui to None, run_after=None
[2023-09-01T19:32:55.482+0000] {processor.py:179} INFO - Processing /home/airflow/.local/lib/python3.7/site-packages/airflow/example_dags/example_params_trigger_ui.py took 0.144 seconds
[2023-09-01T19:33:25.656+0000] {processor.py:157} INFO - Started process (PID=215) to work on /home/airflow/.local/lib/python3.7/site-packages/airflow/example_dags/example_params_trigger_ui.py
[2023-09-01T19:33:25.657+0000] {processor.py:826} INFO - Processing file /home/airflow/.local/lib/python3.7/site-packages/airflow/example_dags/example_params_trigger_ui.py for tasks to queue
[2023-09-01T19:33:25.657+0000] {logging_mixin.py:150} INFO - [2023-09-01T19:33:25.657+0000] {dagbag.py:541} INFO - Filling up the DagBag from /home/airflow/.local/lib/python3.7/site-packages/airflow/example_dags/example_params_trigger_ui.py
[2023-09-01T19:33:25.675+0000] {processor.py:836} INFO - DAG(s) dict_keys(['example_params_trigger_ui']) retrieved from /home/airflow/.local/lib/python3.7/site-packages/airflow/example_dags/example_params_trigger_ui.py
[2023-09-01T19:33:25.786+0000] {logging_mixin.py:150} INFO - [2023-09-01T19:33:25.786+0000] {dag.py:2742} INFO - Sync 1 DAGs
[2023-09-01T19:33:25.828+0000] {logging_mixin.py:150} INFO - [2023-09-01T19:33:25.828+0000] {dag.py:3508} INFO - Setting next_dagrun for example_params_trigger_ui to None, run_after=None
[2023-09-01T19:33:25.844+0000] {processor.py:179} INFO - Processing /home/airflow/.local/lib/python3.7/site-packages/airflow/example_dags/example_params_trigger_ui.py took 0.191 seconds
[2023-09-01T19:33:56.012+0000] {processor.py:157} INFO - Started process (PID=270) to work on /home/airflow/.local/lib/python3.7/site-packages/airflow/example_dags/example_params_trigger_ui.py
[2023-09-01T19:33:56.013+0000] {processor.py:826} INFO - Processing file /home/airflow/.local/lib/python3.7/site-packages/airflow/example_dags/example_params_trigger_ui.py for tasks to queue
[2023-09-01T19:33:56.014+0000] {logging_mixin.py:150} INFO - [2023-09-01T19:33:56.013+0000] {dagbag.py:541} INFO - Filling up the DagBag from /home/airflow/.local/lib/python3.7/site-packages/airflow/example_dags/example_params_trigger_ui.py
[2023-09-01T19:33:56.032+0000] {processor.py:836} INFO - DAG(s) dict_keys(['example_params_trigger_ui']) retrieved from /home/airflow/.local/lib/python3.7/site-packages/airflow/example_dags/example_params_trigger_ui.py
[2023-09-01T19:33:56.095+0000] {logging_mixin.py:150} INFO - [2023-09-01T19:33:56.095+0000] {dag.py:2742} INFO - Sync 1 DAGs
[2023-09-01T19:33:56.116+0000] {logging_mixin.py:150} INFO - [2023-09-01T19:33:56.115+0000] {dag.py:3508} INFO - Setting next_dagrun for example_params_trigger_ui to None, run_after=None
[2023-09-01T19:33:56.131+0000] {processor.py:179} INFO - Processing /home/airflow/.local/lib/python3.7/site-packages/airflow/example_dags/example_params_trigger_ui.py took 0.122 seconds
[2023-09-01T19:34:26.462+0000] {processor.py:157} INFO - Started process (PID=325) to work on /home/airflow/.local/lib/python3.7/site-packages/airflow/example_dags/example_params_trigger_ui.py
[2023-09-01T19:34:26.463+0000] {processor.py:826} INFO - Processing file /home/airflow/.local/lib/python3.7/site-packages/airflow/example_dags/example_params_trigger_ui.py for tasks to queue
[2023-09-01T19:34:26.464+0000] {logging_mixin.py:150} INFO - [2023-09-01T19:34:26.463+0000] {dagbag.py:541} INFO - Filling up the DagBag from /home/airflow/.local/lib/python3.7/site-packages/airflow/example_dags/example_params_trigger_ui.py
[2023-09-01T19:34:26.488+0000] {processor.py:836} INFO - DAG(s) dict_keys(['example_params_trigger_ui']) retrieved from /home/airflow/.local/lib/python3.7/site-packages/airflow/example_dags/example_params_trigger_ui.py
[2023-09-01T19:34:26.561+0000] {logging_mixin.py:150} INFO - [2023-09-01T19:34:26.561+0000] {dag.py:2742} INFO - Sync 1 DAGs
[2023-09-01T19:34:26.584+0000] {logging_mixin.py:150} INFO - [2023-09-01T19:34:26.583+0000] {dag.py:3508} INFO - Setting next_dagrun for example_params_trigger_ui to None, run_after=None
[2023-09-01T19:34:26.599+0000] {processor.py:179} INFO - Processing /home/airflow/.local/lib/python3.7/site-packages/airflow/example_dags/example_params_trigger_ui.py took 0.140 seconds
[2023-09-01T19:34:56.688+0000] {processor.py:157} INFO - Started process (PID=380) to work on /home/airflow/.local/lib/python3.7/site-packages/airflow/example_dags/example_params_trigger_ui.py
[2023-09-01T19:34:56.689+0000] {processor.py:826} INFO - Processing file /home/airflow/.local/lib/python3.7/site-packages/airflow/example_dags/example_params_trigger_ui.py for tasks to queue
[2023-09-01T19:34:56.690+0000] {logging_mixin.py:150} INFO - [2023-09-01T19:34:56.689+0000] {dagbag.py:541} INFO - Filling up the DagBag from /home/airflow/.local/lib/python3.7/site-packages/airflow/example_dags/example_params_trigger_ui.py
[2023-09-01T19:34:56.707+0000] {processor.py:836} INFO - DAG(s) dict_keys(['example_params_trigger_ui']) retrieved from /home/airflow/.local/lib/python3.7/site-packages/airflow/example_dags/example_params_trigger_ui.py
[2023-09-01T19:34:56.784+0000] {logging_mixin.py:150} INFO - [2023-09-01T19:34:56.783+0000] {dag.py:2742} INFO - Sync 1 DAGs
[2023-09-01T19:34:56.805+0000] {logging_mixin.py:150} INFO - [2023-09-01T19:34:56.805+0000] {dag.py:3508} INFO - Setting next_dagrun for example_params_trigger_ui to None, run_after=None
[2023-09-01T19:34:56.819+0000] {processor.py:179} INFO - Processing /home/airflow/.local/lib/python3.7/site-packages/airflow/example_dags/example_params_trigger_ui.py took 0.134 seconds
[2023-09-01T19:35:26.995+0000] {processor.py:157} INFO - Started process (PID=435) to work on /home/airflow/.local/lib/python3.7/site-packages/airflow/example_dags/example_params_trigger_ui.py
[2023-09-01T19:35:26.995+0000] {processor.py:826} INFO - Processing file /home/airflow/.local/lib/python3.7/site-packages/airflow/example_dags/example_params_trigger_ui.py for tasks to queue
[2023-09-01T19:35:26.996+0000] {logging_mixin.py:150} INFO - [2023-09-01T19:35:26.996+0000] {dagbag.py:541} INFO - Filling up the DagBag from /home/airflow/.local/lib/python3.7/site-packages/airflow/example_dags/example_params_trigger_ui.py
[2023-09-01T19:35:27.014+0000] {processor.py:836} INFO - DAG(s) dict_keys(['example_params_trigger_ui']) retrieved from /home/airflow/.local/lib/python3.7/site-packages/airflow/example_dags/example_params_trigger_ui.py
[2023-09-01T19:35:27.078+0000] {logging_mixin.py:150} INFO - [2023-09-01T19:35:27.078+0000] {dag.py:2742} INFO - Sync 1 DAGs
[2023-09-01T19:35:27.100+0000] {logging_mixin.py:150} INFO - [2023-09-01T19:35:27.099+0000] {dag.py:3508} INFO - Setting next_dagrun for example_params_trigger_ui to None, run_after=None
[2023-09-01T19:35:27.115+0000] {processor.py:179} INFO - Processing /home/airflow/.local/lib/python3.7/site-packages/airflow/example_dags/example_params_trigger_ui.py took 0.123 seconds
[2023-09-01T19:35:57.429+0000] {processor.py:157} INFO - Started process (PID=490) to work on /home/airflow/.local/lib/python3.7/site-packages/airflow/example_dags/example_params_trigger_ui.py
[2023-09-01T19:35:57.430+0000] {processor.py:826} INFO - Processing file /home/airflow/.local/lib/python3.7/site-packages/airflow/example_dags/example_params_trigger_ui.py for tasks to queue
[2023-09-01T19:35:57.431+0000] {logging_mixin.py:150} INFO - [2023-09-01T19:35:57.431+0000] {dagbag.py:541} INFO - Filling up the DagBag from /home/airflow/.local/lib/python3.7/site-packages/airflow/example_dags/example_params_trigger_ui.py
[2023-09-01T19:35:57.450+0000] {processor.py:836} INFO - DAG(s) dict_keys(['example_params_trigger_ui']) retrieved from /home/airflow/.local/lib/python3.7/site-packages/airflow/example_dags/example_params_trigger_ui.py
[2023-09-01T19:35:57.514+0000] {logging_mixin.py:150} INFO - [2023-09-01T19:35:57.513+0000] {dag.py:2742} INFO - Sync 1 DAGs
[2023-09-01T19:35:57.534+0000] {logging_mixin.py:150} INFO - [2023-09-01T19:35:57.534+0000] {dag.py:3508} INFO - Setting next_dagrun for example_params_trigger_ui to None, run_after=None
[2023-09-01T19:35:57.548+0000] {processor.py:179} INFO - Processing /home/airflow/.local/lib/python3.7/site-packages/airflow/example_dags/example_params_trigger_ui.py took 0.123 seconds
[2023-09-01T19:36:28.023+0000] {processor.py:157} INFO - Started process (PID=545) to work on /home/airflow/.local/lib/python3.7/site-packages/airflow/example_dags/example_params_trigger_ui.py
[2023-09-01T19:36:28.024+0000] {processor.py:826} INFO - Processing file /home/airflow/.local/lib/python3.7/site-packages/airflow/example_dags/example_params_trigger_ui.py for tasks to queue
[2023-09-01T19:36:28.024+0000] {logging_mixin.py:150} INFO - [2023-09-01T19:36:28.024+0000] {dagbag.py:541} INFO - Filling up the DagBag from /home/airflow/.local/lib/python3.7/site-packages/airflow/example_dags/example_params_trigger_ui.py
[2023-09-01T19:36:28.042+0000] {processor.py:836} INFO - DAG(s) dict_keys(['example_params_trigger_ui']) retrieved from /home/airflow/.local/lib/python3.7/site-packages/airflow/example_dags/example_params_trigger_ui.py
[2023-09-01T19:36:28.107+0000] {logging_mixin.py:150} INFO - [2023-09-01T19:36:28.107+0000] {dag.py:2742} INFO - Sync 1 DAGs
[2023-09-01T19:36:28.128+0000] {logging_mixin.py:150} INFO - [2023-09-01T19:36:28.127+0000] {dag.py:3508} INFO - Setting next_dagrun for example_params_trigger_ui to None, run_after=None
[2023-09-01T19:36:28.142+0000] {processor.py:179} INFO - Processing /home/airflow/.local/lib/python3.7/site-packages/airflow/example_dags/example_params_trigger_ui.py took 0.122 seconds
[2023-09-01T19:36:58.845+0000] {processor.py:157} INFO - Started process (PID=600) to work on /home/airflow/.local/lib/python3.7/site-packages/airflow/example_dags/example_params_trigger_ui.py
[2023-09-01T19:36:58.846+0000] {processor.py:826} INFO - Processing file /home/airflow/.local/lib/python3.7/site-packages/airflow/example_dags/example_params_trigger_ui.py for tasks to queue
[2023-09-01T19:36:58.847+0000] {logging_mixin.py:150} INFO - [2023-09-01T19:36:58.847+0000] {dagbag.py:541} INFO - Filling up the DagBag from /home/airflow/.local/lib/python3.7/site-packages/airflow/example_dags/example_params_trigger_ui.py
[2023-09-01T19:36:58.870+0000] {processor.py:836} INFO - DAG(s) dict_keys(['example_params_trigger_ui']) retrieved from /home/airflow/.local/lib/python3.7/site-packages/airflow/example_dags/example_params_trigger_ui.py
[2023-09-01T19:36:58.948+0000] {logging_mixin.py:150} INFO - [2023-09-01T19:36:58.947+0000] {dag.py:2742} INFO - Sync 1 DAGs
[2023-09-01T19:36:58.976+0000] {logging_mixin.py:150} INFO - [2023-09-01T19:36:58.975+0000] {dag.py:3508} INFO - Setting next_dagrun for example_params_trigger_ui to None, run_after=None
[2023-09-01T19:36:58.994+0000] {processor.py:179} INFO - Processing /home/airflow/.local/lib/python3.7/site-packages/airflow/example_dags/example_params_trigger_ui.py took 0.151 seconds
[2023-09-01T19:37:29.455+0000] {processor.py:157} INFO - Started process (PID=655) to work on /home/airflow/.local/lib/python3.7/site-packages/airflow/example_dags/example_params_trigger_ui.py
[2023-09-01T19:37:29.464+0000] {processor.py:826} INFO - Processing file /home/airflow/.local/lib/python3.7/site-packages/airflow/example_dags/example_params_trigger_ui.py for tasks to queue
[2023-09-01T19:37:29.465+0000] {logging_mixin.py:150} INFO - [2023-09-01T19:37:29.464+0000] {dagbag.py:541} INFO - Filling up the DagBag from /home/airflow/.local/lib/python3.7/site-packages/airflow/example_dags/example_params_trigger_ui.py
[2023-09-01T19:37:29.510+0000] {processor.py:836} INFO - DAG(s) dict_keys(['example_params_trigger_ui']) retrieved from /home/airflow/.local/lib/python3.7/site-packages/airflow/example_dags/example_params_trigger_ui.py
[2023-09-01T19:37:29.760+0000] {logging_mixin.py:150} INFO - [2023-09-01T19:37:29.760+0000] {dag.py:2742} INFO - Sync 1 DAGs
[2023-09-01T19:37:29.839+0000] {logging_mixin.py:150} INFO - [2023-09-01T19:37:29.839+0000] {dag.py:3508} INFO - Setting next_dagrun for example_params_trigger_ui to None, run_after=None
[2023-09-01T19:37:29.873+0000] {processor.py:179} INFO - Processing /home/airflow/.local/lib/python3.7/site-packages/airflow/example_dags/example_params_trigger_ui.py took 0.427 seconds
[2023-09-01T19:38:00.354+0000] {processor.py:157} INFO - Started process (PID=710) to work on /home/airflow/.local/lib/python3.7/site-packages/airflow/example_dags/example_params_trigger_ui.py
[2023-09-01T19:38:00.367+0000] {processor.py:826} INFO - Processing file /home/airflow/.local/lib/python3.7/site-packages/airflow/example_dags/example_params_trigger_ui.py for tasks to queue
[2023-09-01T19:38:00.369+0000] {logging_mixin.py:150} INFO - [2023-09-01T19:38:00.368+0000] {dagbag.py:541} INFO - Filling up the DagBag from /home/airflow/.local/lib/python3.7/site-packages/airflow/example_dags/example_params_trigger_ui.py
[2023-09-01T19:38:00.446+0000] {processor.py:836} INFO - DAG(s) dict_keys(['example_params_trigger_ui']) retrieved from /home/airflow/.local/lib/python3.7/site-packages/airflow/example_dags/example_params_trigger_ui.py
[2023-09-01T19:38:00.798+0000] {logging_mixin.py:150} INFO - [2023-09-01T19:38:00.798+0000] {dag.py:2742} INFO - Sync 1 DAGs
[2023-09-01T19:38:00.944+0000] {logging_mixin.py:150} INFO - [2023-09-01T19:38:00.944+0000] {dag.py:3508} INFO - Setting next_dagrun for example_params_trigger_ui to None, run_after=None
[2023-09-01T19:38:01.113+0000] {processor.py:179} INFO - Processing /home/airflow/.local/lib/python3.7/site-packages/airflow/example_dags/example_params_trigger_ui.py took 0.762 seconds
[2023-09-01T19:38:31.857+0000] {processor.py:157} INFO - Started process (PID=772) to work on /home/airflow/.local/lib/python3.7/site-packages/airflow/example_dags/example_params_trigger_ui.py
[2023-09-01T19:38:31.858+0000] {processor.py:826} INFO - Processing file /home/airflow/.local/lib/python3.7/site-packages/airflow/example_dags/example_params_trigger_ui.py for tasks to queue
[2023-09-01T19:38:31.861+0000] {logging_mixin.py:150} INFO - [2023-09-01T19:38:31.859+0000] {dagbag.py:541} INFO - Filling up the DagBag from /home/airflow/.local/lib/python3.7/site-packages/airflow/example_dags/example_params_trigger_ui.py
[2023-09-01T19:38:31.898+0000] {processor.py:836} INFO - DAG(s) dict_keys(['example_params_trigger_ui']) retrieved from /home/airflow/.local/lib/python3.7/site-packages/airflow/example_dags/example_params_trigger_ui.py
[2023-09-01T19:38:31.972+0000] {logging_mixin.py:150} INFO - [2023-09-01T19:38:31.972+0000] {dag.py:2742} INFO - Sync 1 DAGs
[2023-09-01T19:38:31.996+0000] {logging_mixin.py:150} INFO - [2023-09-01T19:38:31.996+0000] {dag.py:3508} INFO - Setting next_dagrun for example_params_trigger_ui to None, run_after=None
[2023-09-01T19:38:32.015+0000] {processor.py:179} INFO - Processing /home/airflow/.local/lib/python3.7/site-packages/airflow/example_dags/example_params_trigger_ui.py took 0.161 seconds
[2023-09-01T19:39:02.096+0000] {processor.py:157} INFO - Started process (PID=828) to work on /home/airflow/.local/lib/python3.7/site-packages/airflow/example_dags/example_params_trigger_ui.py
[2023-09-01T19:39:02.097+0000] {processor.py:826} INFO - Processing file /home/airflow/.local/lib/python3.7/site-packages/airflow/example_dags/example_params_trigger_ui.py for tasks to queue
[2023-09-01T19:39:02.098+0000] {logging_mixin.py:150} INFO - [2023-09-01T19:39:02.098+0000] {dagbag.py:541} INFO - Filling up the DagBag from /home/airflow/.local/lib/python3.7/site-packages/airflow/example_dags/example_params_trigger_ui.py
[2023-09-01T19:39:02.123+0000] {processor.py:836} INFO - DAG(s) dict_keys(['example_params_trigger_ui']) retrieved from /home/airflow/.local/lib/python3.7/site-packages/airflow/example_dags/example_params_trigger_ui.py
[2023-09-01T19:39:02.244+0000] {logging_mixin.py:150} INFO - [2023-09-01T19:39:02.244+0000] {dag.py:2742} INFO - Sync 1 DAGs
[2023-09-01T19:39:02.272+0000] {logging_mixin.py:150} INFO - [2023-09-01T19:39:02.272+0000] {dag.py:3508} INFO - Setting next_dagrun for example_params_trigger_ui to None, run_after=None
[2023-09-01T19:39:02.288+0000] {processor.py:179} INFO - Processing /home/airflow/.local/lib/python3.7/site-packages/airflow/example_dags/example_params_trigger_ui.py took 0.199 seconds
[2023-09-01T19:39:32.394+0000] {processor.py:157} INFO - Started process (PID=884) to work on /home/airflow/.local/lib/python3.7/site-packages/airflow/example_dags/example_params_trigger_ui.py
[2023-09-01T19:39:32.395+0000] {processor.py:826} INFO - Processing file /home/airflow/.local/lib/python3.7/site-packages/airflow/example_dags/example_params_trigger_ui.py for tasks to queue
[2023-09-01T19:39:32.396+0000] {logging_mixin.py:150} INFO - [2023-09-01T19:39:32.396+0000] {dagbag.py:541} INFO - Filling up the DagBag from /home/airflow/.local/lib/python3.7/site-packages/airflow/example_dags/example_params_trigger_ui.py
[2023-09-01T19:39:32.433+0000] {processor.py:836} INFO - DAG(s) dict_keys(['example_params_trigger_ui']) retrieved from /home/airflow/.local/lib/python3.7/site-packages/airflow/example_dags/example_params_trigger_ui.py
[2023-09-01T19:39:32.586+0000] {logging_mixin.py:150} INFO - [2023-09-01T19:39:32.586+0000] {dag.py:2742} INFO - Sync 1 DAGs
[2023-09-01T19:39:32.645+0000] {logging_mixin.py:150} INFO - [2023-09-01T19:39:32.644+0000] {dag.py:3508} INFO - Setting next_dagrun for example_params_trigger_ui to None, run_after=None
[2023-09-01T19:39:32.696+0000] {processor.py:179} INFO - Processing /home/airflow/.local/lib/python3.7/site-packages/airflow/example_dags/example_params_trigger_ui.py took 0.312 seconds
[2023-09-01T19:40:03.632+0000] {processor.py:157} INFO - Started process (PID=940) to work on /home/airflow/.local/lib/python3.7/site-packages/airflow/example_dags/example_params_trigger_ui.py
[2023-09-01T19:40:03.632+0000] {processor.py:826} INFO - Processing file /home/airflow/.local/lib/python3.7/site-packages/airflow/example_dags/example_params_trigger_ui.py for tasks to queue
[2023-09-01T19:40:03.633+0000] {logging_mixin.py:150} INFO - [2023-09-01T19:40:03.633+0000] {dagbag.py:541} INFO - Filling up the DagBag from /home/airflow/.local/lib/python3.7/site-packages/airflow/example_dags/example_params_trigger_ui.py
[2023-09-01T19:40:03.727+0000] {processor.py:836} INFO - DAG(s) dict_keys(['example_params_trigger_ui']) retrieved from /home/airflow/.local/lib/python3.7/site-packages/airflow/example_dags/example_params_trigger_ui.py
[2023-09-01T19:40:03.875+0000] {logging_mixin.py:150} INFO - [2023-09-01T19:40:03.875+0000] {dag.py:2742} INFO - Sync 1 DAGs
[2023-09-01T19:40:03.896+0000] {logging_mixin.py:150} INFO - [2023-09-01T19:40:03.895+0000] {dag.py:3508} INFO - Setting next_dagrun for example_params_trigger_ui to None, run_after=None
[2023-09-01T19:40:03.911+0000] {processor.py:179} INFO - Processing /home/airflow/.local/lib/python3.7/site-packages/airflow/example_dags/example_params_trigger_ui.py took 0.284 seconds
[2023-09-01T19:40:34.217+0000] {processor.py:157} INFO - Started process (PID=994) to work on /home/airflow/.local/lib/python3.7/site-packages/airflow/example_dags/example_params_trigger_ui.py
[2023-09-01T19:40:34.218+0000] {processor.py:826} INFO - Processing file /home/airflow/.local/lib/python3.7/site-packages/airflow/example_dags/example_params_trigger_ui.py for tasks to queue
[2023-09-01T19:40:34.219+0000] {logging_mixin.py:150} INFO - [2023-09-01T19:40:34.218+0000] {dagbag.py:541} INFO - Filling up the DagBag from /home/airflow/.local/lib/python3.7/site-packages/airflow/example_dags/example_params_trigger_ui.py
[2023-09-01T19:40:34.238+0000] {processor.py:836} INFO - DAG(s) dict_keys(['example_params_trigger_ui']) retrieved from /home/airflow/.local/lib/python3.7/site-packages/airflow/example_dags/example_params_trigger_ui.py
[2023-09-01T19:40:34.305+0000] {logging_mixin.py:150} INFO - [2023-09-01T19:40:34.304+0000] {dag.py:2742} INFO - Sync 1 DAGs
[2023-09-01T19:40:34.326+0000] {logging_mixin.py:150} INFO - [2023-09-01T19:40:34.326+0000] {dag.py:3508} INFO - Setting next_dagrun for example_params_trigger_ui to None, run_after=None
[2023-09-01T19:40:34.343+0000] {processor.py:179} INFO - Processing /home/airflow/.local/lib/python3.7/site-packages/airflow/example_dags/example_params_trigger_ui.py took 0.129 seconds
[2023-09-01T19:41:04.382+0000] {processor.py:157} INFO - Started process (PID=1050) to work on /home/airflow/.local/lib/python3.7/site-packages/airflow/example_dags/example_params_trigger_ui.py
[2023-09-01T19:41:04.383+0000] {processor.py:826} INFO - Processing file /home/airflow/.local/lib/python3.7/site-packages/airflow/example_dags/example_params_trigger_ui.py for tasks to queue
[2023-09-01T19:41:04.384+0000] {logging_mixin.py:150} INFO - [2023-09-01T19:41:04.383+0000] {dagbag.py:541} INFO - Filling up the DagBag from /home/airflow/.local/lib/python3.7/site-packages/airflow/example_dags/example_params_trigger_ui.py
[2023-09-01T19:41:04.403+0000] {processor.py:836} INFO - DAG(s) dict_keys(['example_params_trigger_ui']) retrieved from /home/airflow/.local/lib/python3.7/site-packages/airflow/example_dags/example_params_trigger_ui.py
[2023-09-01T19:41:04.473+0000] {logging_mixin.py:150} INFO - [2023-09-01T19:41:04.472+0000] {dag.py:2742} INFO - Sync 1 DAGs
[2023-09-01T19:41:04.494+0000] {logging_mixin.py:150} INFO - [2023-09-01T19:41:04.494+0000] {dag.py:3508} INFO - Setting next_dagrun for example_params_trigger_ui to None, run_after=None
[2023-09-01T19:41:04.514+0000] {processor.py:179} INFO - Processing /home/airflow/.local/lib/python3.7/site-packages/airflow/example_dags/example_params_trigger_ui.py took 0.135 seconds
[2023-09-01T19:41:34.667+0000] {processor.py:157} INFO - Started process (PID=1104) to work on /home/airflow/.local/lib/python3.7/site-packages/airflow/example_dags/example_params_trigger_ui.py
[2023-09-01T19:41:34.679+0000] {processor.py:826} INFO - Processing file /home/airflow/.local/lib/python3.7/site-packages/airflow/example_dags/example_params_trigger_ui.py for tasks to queue
[2023-09-01T19:41:34.681+0000] {logging_mixin.py:150} INFO - [2023-09-01T19:41:34.680+0000] {dagbag.py:541} INFO - Filling up the DagBag from /home/airflow/.local/lib/python3.7/site-packages/airflow/example_dags/example_params_trigger_ui.py
[2023-09-01T19:41:34.745+0000] {processor.py:836} INFO - DAG(s) dict_keys(['example_params_trigger_ui']) retrieved from /home/airflow/.local/lib/python3.7/site-packages/airflow/example_dags/example_params_trigger_ui.py
[2023-09-01T19:41:34.943+0000] {logging_mixin.py:150} INFO - [2023-09-01T19:41:34.938+0000] {dag.py:2742} INFO - Sync 1 DAGs
[2023-09-01T19:41:35.000+0000] {logging_mixin.py:150} INFO - [2023-09-01T19:41:35.000+0000] {dag.py:3508} INFO - Setting next_dagrun for example_params_trigger_ui to None, run_after=None
[2023-09-01T19:41:35.019+0000] {processor.py:179} INFO - Processing /home/airflow/.local/lib/python3.7/site-packages/airflow/example_dags/example_params_trigger_ui.py took 0.356 seconds
[2023-09-01T19:42:05.134+0000] {processor.py:157} INFO - Started process (PID=1158) to work on /home/airflow/.local/lib/python3.7/site-packages/airflow/example_dags/example_params_trigger_ui.py
[2023-09-01T19:42:05.134+0000] {processor.py:826} INFO - Processing file /home/airflow/.local/lib/python3.7/site-packages/airflow/example_dags/example_params_trigger_ui.py for tasks to queue
[2023-09-01T19:42:05.135+0000] {logging_mixin.py:150} INFO - [2023-09-01T19:42:05.135+0000] {dagbag.py:541} INFO - Filling up the DagBag from /home/airflow/.local/lib/python3.7/site-packages/airflow/example_dags/example_params_trigger_ui.py
[2023-09-01T19:42:05.154+0000] {processor.py:836} INFO - DAG(s) dict_keys(['example_params_trigger_ui']) retrieved from /home/airflow/.local/lib/python3.7/site-packages/airflow/example_dags/example_params_trigger_ui.py
[2023-09-01T19:42:05.230+0000] {logging_mixin.py:150} INFO - [2023-09-01T19:42:05.229+0000] {dag.py:2742} INFO - Sync 1 DAGs
[2023-09-01T19:42:05.261+0000] {logging_mixin.py:150} INFO - [2023-09-01T19:42:05.261+0000] {dag.py:3508} INFO - Setting next_dagrun for example_params_trigger_ui to None, run_after=None
[2023-09-01T19:42:05.284+0000] {processor.py:179} INFO - Processing /home/airflow/.local/lib/python3.7/site-packages/airflow/example_dags/example_params_trigger_ui.py took 0.153 seconds
[2023-09-01T19:42:35.542+0000] {processor.py:157} INFO - Started process (PID=1213) to work on /home/airflow/.local/lib/python3.7/site-packages/airflow/example_dags/example_params_trigger_ui.py
[2023-09-01T19:42:35.548+0000] {processor.py:826} INFO - Processing file /home/airflow/.local/lib/python3.7/site-packages/airflow/example_dags/example_params_trigger_ui.py for tasks to queue
[2023-09-01T19:42:35.548+0000] {logging_mixin.py:150} INFO - [2023-09-01T19:42:35.548+0000] {dagbag.py:541} INFO - Filling up the DagBag from /home/airflow/.local/lib/python3.7/site-packages/airflow/example_dags/example_params_trigger_ui.py
[2023-09-01T19:42:35.590+0000] {processor.py:836} INFO - DAG(s) dict_keys(['example_params_trigger_ui']) retrieved from /home/airflow/.local/lib/python3.7/site-packages/airflow/example_dags/example_params_trigger_ui.py
[2023-09-01T19:42:35.723+0000] {logging_mixin.py:150} INFO - [2023-09-01T19:42:35.722+0000] {dag.py:2742} INFO - Sync 1 DAGs
[2023-09-01T19:42:35.781+0000] {logging_mixin.py:150} INFO - [2023-09-01T19:42:35.781+0000] {dag.py:3508} INFO - Setting next_dagrun for example_params_trigger_ui to None, run_after=None
[2023-09-01T19:42:35.819+0000] {processor.py:179} INFO - Processing /home/airflow/.local/lib/python3.7/site-packages/airflow/example_dags/example_params_trigger_ui.py took 0.284 seconds
[2023-09-01T19:43:05.861+0000] {processor.py:157} INFO - Started process (PID=1269) to work on /home/airflow/.local/lib/python3.7/site-packages/airflow/example_dags/example_params_trigger_ui.py
[2023-09-01T19:43:05.862+0000] {processor.py:826} INFO - Processing file /home/airflow/.local/lib/python3.7/site-packages/airflow/example_dags/example_params_trigger_ui.py for tasks to queue
[2023-09-01T19:43:05.863+0000] {logging_mixin.py:150} INFO - [2023-09-01T19:43:05.862+0000] {dagbag.py:541} INFO - Filling up the DagBag from /home/airflow/.local/lib/python3.7/site-packages/airflow/example_dags/example_params_trigger_ui.py
[2023-09-01T19:43:05.882+0000] {processor.py:836} INFO - DAG(s) dict_keys(['example_params_trigger_ui']) retrieved from /home/airflow/.local/lib/python3.7/site-packages/airflow/example_dags/example_params_trigger_ui.py
[2023-09-01T19:43:05.949+0000] {logging_mixin.py:150} INFO - [2023-09-01T19:43:05.949+0000] {dag.py:2742} INFO - Sync 1 DAGs
[2023-09-01T19:43:05.969+0000] {logging_mixin.py:150} INFO - [2023-09-01T19:43:05.969+0000] {dag.py:3508} INFO - Setting next_dagrun for example_params_trigger_ui to None, run_after=None
[2023-09-01T19:43:05.984+0000] {processor.py:179} INFO - Processing /home/airflow/.local/lib/python3.7/site-packages/airflow/example_dags/example_params_trigger_ui.py took 0.126 seconds
[2023-09-01T19:43:36.411+0000] {processor.py:157} INFO - Started process (PID=1323) to work on /home/airflow/.local/lib/python3.7/site-packages/airflow/example_dags/example_params_trigger_ui.py
[2023-09-01T19:43:36.412+0000] {processor.py:826} INFO - Processing file /home/airflow/.local/lib/python3.7/site-packages/airflow/example_dags/example_params_trigger_ui.py for tasks to queue
[2023-09-01T19:43:36.413+0000] {logging_mixin.py:150} INFO - [2023-09-01T19:43:36.413+0000] {dagbag.py:541} INFO - Filling up the DagBag from /home/airflow/.local/lib/python3.7/site-packages/airflow/example_dags/example_params_trigger_ui.py
[2023-09-01T19:43:36.433+0000] {processor.py:836} INFO - DAG(s) dict_keys(['example_params_trigger_ui']) retrieved from /home/airflow/.local/lib/python3.7/site-packages/airflow/example_dags/example_params_trigger_ui.py
[2023-09-01T19:43:36.504+0000] {logging_mixin.py:150} INFO - [2023-09-01T19:43:36.504+0000] {dag.py:2742} INFO - Sync 1 DAGs
[2023-09-01T19:43:36.526+0000] {logging_mixin.py:150} INFO - [2023-09-01T19:43:36.525+0000] {dag.py:3508} INFO - Setting next_dagrun for example_params_trigger_ui to None, run_after=None
[2023-09-01T19:43:36.542+0000] {processor.py:179} INFO - Processing /home/airflow/.local/lib/python3.7/site-packages/airflow/example_dags/example_params_trigger_ui.py took 0.134 seconds
[2023-09-01T19:44:06.919+0000] {processor.py:157} INFO - Started process (PID=1378) to work on /home/airflow/.local/lib/python3.7/site-packages/airflow/example_dags/example_params_trigger_ui.py
[2023-09-01T19:44:06.920+0000] {processor.py:826} INFO - Processing file /home/airflow/.local/lib/python3.7/site-packages/airflow/example_dags/example_params_trigger_ui.py for tasks to queue
[2023-09-01T19:44:06.921+0000] {logging_mixin.py:150} INFO - [2023-09-01T19:44:06.921+0000] {dagbag.py:541} INFO - Filling up the DagBag from /home/airflow/.local/lib/python3.7/site-packages/airflow/example_dags/example_params_trigger_ui.py
[2023-09-01T19:44:06.941+0000] {processor.py:836} INFO - DAG(s) dict_keys(['example_params_trigger_ui']) retrieved from /home/airflow/.local/lib/python3.7/site-packages/airflow/example_dags/example_params_trigger_ui.py
[2023-09-01T19:44:07.034+0000] {logging_mixin.py:150} INFO - [2023-09-01T19:44:07.034+0000] {dag.py:2742} INFO - Sync 1 DAGs
[2023-09-01T19:44:07.058+0000] {logging_mixin.py:150} INFO - [2023-09-01T19:44:07.058+0000] {dag.py:3508} INFO - Setting next_dagrun for example_params_trigger_ui to None, run_after=None
[2023-09-01T19:44:07.075+0000] {processor.py:179} INFO - Processing /home/airflow/.local/lib/python3.7/site-packages/airflow/example_dags/example_params_trigger_ui.py took 0.159 seconds
[2023-09-01T19:44:37.513+0000] {processor.py:157} INFO - Started process (PID=1433) to work on /home/airflow/.local/lib/python3.7/site-packages/airflow/example_dags/example_params_trigger_ui.py
[2023-09-01T19:44:37.514+0000] {processor.py:826} INFO - Processing file /home/airflow/.local/lib/python3.7/site-packages/airflow/example_dags/example_params_trigger_ui.py for tasks to queue
[2023-09-01T19:44:37.514+0000] {logging_mixin.py:150} INFO - [2023-09-01T19:44:37.514+0000] {dagbag.py:541} INFO - Filling up the DagBag from /home/airflow/.local/lib/python3.7/site-packages/airflow/example_dags/example_params_trigger_ui.py
[2023-09-01T19:44:37.533+0000] {processor.py:836} INFO - DAG(s) dict_keys(['example_params_trigger_ui']) retrieved from /home/airflow/.local/lib/python3.7/site-packages/airflow/example_dags/example_params_trigger_ui.py
[2023-09-01T19:44:37.600+0000] {logging_mixin.py:150} INFO - [2023-09-01T19:44:37.599+0000] {dag.py:2742} INFO - Sync 1 DAGs
[2023-09-01T19:44:37.629+0000] {logging_mixin.py:150} INFO - [2023-09-01T19:44:37.629+0000] {dag.py:3508} INFO - Setting next_dagrun for example_params_trigger_ui to None, run_after=None
[2023-09-01T19:44:37.648+0000] {processor.py:179} INFO - Processing /home/airflow/.local/lib/python3.7/site-packages/airflow/example_dags/example_params_trigger_ui.py took 0.138 seconds
[2023-09-01T19:45:07.872+0000] {processor.py:157} INFO - Started process (PID=1488) to work on /home/airflow/.local/lib/python3.7/site-packages/airflow/example_dags/example_params_trigger_ui.py
[2023-09-01T19:45:07.873+0000] {processor.py:826} INFO - Processing file /home/airflow/.local/lib/python3.7/site-packages/airflow/example_dags/example_params_trigger_ui.py for tasks to queue
[2023-09-01T19:45:07.874+0000] {logging_mixin.py:150} INFO - [2023-09-01T19:45:07.873+0000] {dagbag.py:541} INFO - Filling up the DagBag from /home/airflow/.local/lib/python3.7/site-packages/airflow/example_dags/example_params_trigger_ui.py
[2023-09-01T19:45:07.892+0000] {processor.py:836} INFO - DAG(s) dict_keys(['example_params_trigger_ui']) retrieved from /home/airflow/.local/lib/python3.7/site-packages/airflow/example_dags/example_params_trigger_ui.py
[2023-09-01T19:45:07.958+0000] {logging_mixin.py:150} INFO - [2023-09-01T19:45:07.958+0000] {dag.py:2742} INFO - Sync 1 DAGs
[2023-09-01T19:45:07.979+0000] {logging_mixin.py:150} INFO - [2023-09-01T19:45:07.979+0000] {dag.py:3508} INFO - Setting next_dagrun for example_params_trigger_ui to None, run_after=None
[2023-09-01T19:45:07.995+0000] {processor.py:179} INFO - Processing /home/airflow/.local/lib/python3.7/site-packages/airflow/example_dags/example_params_trigger_ui.py took 0.126 seconds
[2023-09-01T19:45:38.194+0000] {processor.py:157} INFO - Started process (PID=1543) to work on /home/airflow/.local/lib/python3.7/site-packages/airflow/example_dags/example_params_trigger_ui.py
[2023-09-01T19:45:38.195+0000] {processor.py:826} INFO - Processing file /home/airflow/.local/lib/python3.7/site-packages/airflow/example_dags/example_params_trigger_ui.py for tasks to queue
[2023-09-01T19:45:38.196+0000] {logging_mixin.py:150} INFO - [2023-09-01T19:45:38.196+0000] {dagbag.py:541} INFO - Filling up the DagBag from /home/airflow/.local/lib/python3.7/site-packages/airflow/example_dags/example_params_trigger_ui.py
[2023-09-01T19:45:38.213+0000] {processor.py:836} INFO - DAG(s) dict_keys(['example_params_trigger_ui']) retrieved from /home/airflow/.local/lib/python3.7/site-packages/airflow/example_dags/example_params_trigger_ui.py
[2023-09-01T19:45:38.276+0000] {logging_mixin.py:150} INFO - [2023-09-01T19:45:38.276+0000] {dag.py:2742} INFO - Sync 1 DAGs
[2023-09-01T19:45:38.299+0000] {logging_mixin.py:150} INFO - [2023-09-01T19:45:38.298+0000] {dag.py:3508} INFO - Setting next_dagrun for example_params_trigger_ui to None, run_after=None
[2023-09-01T19:45:38.315+0000] {processor.py:179} INFO - Processing /home/airflow/.local/lib/python3.7/site-packages/airflow/example_dags/example_params_trigger_ui.py took 0.124 seconds
[2023-09-01T19:46:08.572+0000] {processor.py:157} INFO - Started process (PID=1598) to work on /home/airflow/.local/lib/python3.7/site-packages/airflow/example_dags/example_params_trigger_ui.py
[2023-09-01T19:46:08.573+0000] {processor.py:826} INFO - Processing file /home/airflow/.local/lib/python3.7/site-packages/airflow/example_dags/example_params_trigger_ui.py for tasks to queue
[2023-09-01T19:46:08.574+0000] {logging_mixin.py:150} INFO - [2023-09-01T19:46:08.573+0000] {dagbag.py:541} INFO - Filling up the DagBag from /home/airflow/.local/lib/python3.7/site-packages/airflow/example_dags/example_params_trigger_ui.py
[2023-09-01T19:46:08.592+0000] {processor.py:836} INFO - DAG(s) dict_keys(['example_params_trigger_ui']) retrieved from /home/airflow/.local/lib/python3.7/site-packages/airflow/example_dags/example_params_trigger_ui.py
[2023-09-01T19:46:08.663+0000] {logging_mixin.py:150} INFO - [2023-09-01T19:46:08.663+0000] {dag.py:2742} INFO - Sync 1 DAGs
[2023-09-01T19:46:08.687+0000] {logging_mixin.py:150} INFO - [2023-09-01T19:46:08.687+0000] {dag.py:3508} INFO - Setting next_dagrun for example_params_trigger_ui to None, run_after=None
[2023-09-01T19:46:08.703+0000] {processor.py:179} INFO - Processing /home/airflow/.local/lib/python3.7/site-packages/airflow/example_dags/example_params_trigger_ui.py took 0.134 seconds
[2023-09-01T19:46:39.014+0000] {processor.py:157} INFO - Started process (PID=1653) to work on /home/airflow/.local/lib/python3.7/site-packages/airflow/example_dags/example_params_trigger_ui.py
[2023-09-01T19:46:39.015+0000] {processor.py:826} INFO - Processing file /home/airflow/.local/lib/python3.7/site-packages/airflow/example_dags/example_params_trigger_ui.py for tasks to queue
[2023-09-01T19:46:39.016+0000] {logging_mixin.py:150} INFO - [2023-09-01T19:46:39.016+0000] {dagbag.py:541} INFO - Filling up the DagBag from /home/airflow/.local/lib/python3.7/site-packages/airflow/example_dags/example_params_trigger_ui.py
[2023-09-01T19:46:39.035+0000] {processor.py:836} INFO - DAG(s) dict_keys(['example_params_trigger_ui']) retrieved from /home/airflow/.local/lib/python3.7/site-packages/airflow/example_dags/example_params_trigger_ui.py
[2023-09-01T19:46:39.102+0000] {logging_mixin.py:150} INFO - [2023-09-01T19:46:39.102+0000] {dag.py:2742} INFO - Sync 1 DAGs
[2023-09-01T19:46:39.125+0000] {logging_mixin.py:150} INFO - [2023-09-01T19:46:39.125+0000] {dag.py:3508} INFO - Setting next_dagrun for example_params_trigger_ui to None, run_after=None
[2023-09-01T19:46:39.145+0000] {processor.py:179} INFO - Processing /home/airflow/.local/lib/python3.7/site-packages/airflow/example_dags/example_params_trigger_ui.py took 0.135 seconds
[2023-09-01T19:47:09.668+0000] {processor.py:157} INFO - Started process (PID=1708) to work on /home/airflow/.local/lib/python3.7/site-packages/airflow/example_dags/example_params_trigger_ui.py
[2023-09-01T19:47:09.668+0000] {processor.py:826} INFO - Processing file /home/airflow/.local/lib/python3.7/site-packages/airflow/example_dags/example_params_trigger_ui.py for tasks to queue
[2023-09-01T19:47:09.669+0000] {logging_mixin.py:150} INFO - [2023-09-01T19:47:09.669+0000] {dagbag.py:541} INFO - Filling up the DagBag from /home/airflow/.local/lib/python3.7/site-packages/airflow/example_dags/example_params_trigger_ui.py
[2023-09-01T19:47:09.689+0000] {processor.py:836} INFO - DAG(s) dict_keys(['example_params_trigger_ui']) retrieved from /home/airflow/.local/lib/python3.7/site-packages/airflow/example_dags/example_params_trigger_ui.py
[2023-09-01T19:47:09.774+0000] {logging_mixin.py:150} INFO - [2023-09-01T19:47:09.774+0000] {dag.py:2742} INFO - Sync 1 DAGs
[2023-09-01T19:47:09.802+0000] {logging_mixin.py:150} INFO - [2023-09-01T19:47:09.802+0000] {dag.py:3508} INFO - Setting next_dagrun for example_params_trigger_ui to None, run_after=None
[2023-09-01T19:47:09.820+0000] {processor.py:179} INFO - Processing /home/airflow/.local/lib/python3.7/site-packages/airflow/example_dags/example_params_trigger_ui.py took 0.156 seconds
[2023-09-01T19:47:40.074+0000] {processor.py:157} INFO - Started process (PID=1763) to work on /home/airflow/.local/lib/python3.7/site-packages/airflow/example_dags/example_params_trigger_ui.py
[2023-09-01T19:47:40.075+0000] {processor.py:826} INFO - Processing file /home/airflow/.local/lib/python3.7/site-packages/airflow/example_dags/example_params_trigger_ui.py for tasks to queue
[2023-09-01T19:47:40.076+0000] {logging_mixin.py:150} INFO - [2023-09-01T19:47:40.076+0000] {dagbag.py:541} INFO - Filling up the DagBag from /home/airflow/.local/lib/python3.7/site-packages/airflow/example_dags/example_params_trigger_ui.py
[2023-09-01T19:47:40.094+0000] {processor.py:836} INFO - DAG(s) dict_keys(['example_params_trigger_ui']) retrieved from /home/airflow/.local/lib/python3.7/site-packages/airflow/example_dags/example_params_trigger_ui.py
[2023-09-01T19:47:40.175+0000] {logging_mixin.py:150} INFO - [2023-09-01T19:47:40.175+0000] {dag.py:2742} INFO - Sync 1 DAGs
[2023-09-01T19:47:40.201+0000] {logging_mixin.py:150} INFO - [2023-09-01T19:47:40.200+0000] {dag.py:3508} INFO - Setting next_dagrun for example_params_trigger_ui to None, run_after=None
[2023-09-01T19:47:40.218+0000] {processor.py:179} INFO - Processing /home/airflow/.local/lib/python3.7/site-packages/airflow/example_dags/example_params_trigger_ui.py took 0.147 seconds
[2023-09-01T19:48:10.536+0000] {processor.py:157} INFO - Started process (PID=1818) to work on /home/airflow/.local/lib/python3.7/site-packages/airflow/example_dags/example_params_trigger_ui.py
[2023-09-01T19:48:10.537+0000] {processor.py:826} INFO - Processing file /home/airflow/.local/lib/python3.7/site-packages/airflow/example_dags/example_params_trigger_ui.py for tasks to queue
[2023-09-01T19:48:10.538+0000] {logging_mixin.py:150} INFO - [2023-09-01T19:48:10.537+0000] {dagbag.py:541} INFO - Filling up the DagBag from /home/airflow/.local/lib/python3.7/site-packages/airflow/example_dags/example_params_trigger_ui.py
[2023-09-01T19:48:10.557+0000] {processor.py:836} INFO - DAG(s) dict_keys(['example_params_trigger_ui']) retrieved from /home/airflow/.local/lib/python3.7/site-packages/airflow/example_dags/example_params_trigger_ui.py
[2023-09-01T19:48:10.642+0000] {logging_mixin.py:150} INFO - [2023-09-01T19:48:10.642+0000] {dag.py:2742} INFO - Sync 1 DAGs
[2023-09-01T19:48:10.708+0000] {logging_mixin.py:150} INFO - [2023-09-01T19:48:10.708+0000] {dag.py:3508} INFO - Setting next_dagrun for example_params_trigger_ui to None, run_after=None
[2023-09-01T19:48:10.732+0000] {processor.py:179} INFO - Processing /home/airflow/.local/lib/python3.7/site-packages/airflow/example_dags/example_params_trigger_ui.py took 0.200 seconds
[2023-09-01T19:48:41.447+0000] {processor.py:157} INFO - Started process (PID=1872) to work on /home/airflow/.local/lib/python3.7/site-packages/airflow/example_dags/example_params_trigger_ui.py
[2023-09-01T19:48:41.448+0000] {processor.py:826} INFO - Processing file /home/airflow/.local/lib/python3.7/site-packages/airflow/example_dags/example_params_trigger_ui.py for tasks to queue
[2023-09-01T19:48:41.449+0000] {logging_mixin.py:150} INFO - [2023-09-01T19:48:41.448+0000] {dagbag.py:541} INFO - Filling up the DagBag from /home/airflow/.local/lib/python3.7/site-packages/airflow/example_dags/example_params_trigger_ui.py
[2023-09-01T19:48:41.467+0000] {processor.py:836} INFO - DAG(s) dict_keys(['example_params_trigger_ui']) retrieved from /home/airflow/.local/lib/python3.7/site-packages/airflow/example_dags/example_params_trigger_ui.py
[2023-09-01T19:48:41.530+0000] {logging_mixin.py:150} INFO - [2023-09-01T19:48:41.530+0000] {dag.py:2742} INFO - Sync 1 DAGs
[2023-09-01T19:48:41.552+0000] {logging_mixin.py:150} INFO - [2023-09-01T19:48:41.552+0000] {dag.py:3508} INFO - Setting next_dagrun for example_params_trigger_ui to None, run_after=None
[2023-09-01T19:48:41.567+0000] {processor.py:179} INFO - Processing /home/airflow/.local/lib/python3.7/site-packages/airflow/example_dags/example_params_trigger_ui.py took 0.123 seconds
[2023-09-01T19:49:12.135+0000] {processor.py:157} INFO - Started process (PID=1927) to work on /home/airflow/.local/lib/python3.7/site-packages/airflow/example_dags/example_params_trigger_ui.py
[2023-09-01T19:49:12.136+0000] {processor.py:826} INFO - Processing file /home/airflow/.local/lib/python3.7/site-packages/airflow/example_dags/example_params_trigger_ui.py for tasks to queue
[2023-09-01T19:49:12.137+0000] {logging_mixin.py:150} INFO - [2023-09-01T19:49:12.136+0000] {dagbag.py:541} INFO - Filling up the DagBag from /home/airflow/.local/lib/python3.7/site-packages/airflow/example_dags/example_params_trigger_ui.py
[2023-09-01T19:49:12.157+0000] {processor.py:836} INFO - DAG(s) dict_keys(['example_params_trigger_ui']) retrieved from /home/airflow/.local/lib/python3.7/site-packages/airflow/example_dags/example_params_trigger_ui.py
[2023-09-01T19:49:12.244+0000] {logging_mixin.py:150} INFO - [2023-09-01T19:49:12.244+0000] {dag.py:2742} INFO - Sync 1 DAGs
[2023-09-01T19:49:12.265+0000] {logging_mixin.py:150} INFO - [2023-09-01T19:49:12.265+0000] {dag.py:3508} INFO - Setting next_dagrun for example_params_trigger_ui to None, run_after=None
[2023-09-01T19:49:12.285+0000] {processor.py:179} INFO - Processing /home/airflow/.local/lib/python3.7/site-packages/airflow/example_dags/example_params_trigger_ui.py took 0.152 seconds
[2023-09-01T19:49:42.874+0000] {processor.py:157} INFO - Started process (PID=1982) to work on /home/airflow/.local/lib/python3.7/site-packages/airflow/example_dags/example_params_trigger_ui.py
[2023-09-01T19:49:42.875+0000] {processor.py:826} INFO - Processing file /home/airflow/.local/lib/python3.7/site-packages/airflow/example_dags/example_params_trigger_ui.py for tasks to queue
[2023-09-01T19:49:42.876+0000] {logging_mixin.py:150} INFO - [2023-09-01T19:49:42.875+0000] {dagbag.py:541} INFO - Filling up the DagBag from /home/airflow/.local/lib/python3.7/site-packages/airflow/example_dags/example_params_trigger_ui.py
[2023-09-01T19:49:42.894+0000] {processor.py:836} INFO - DAG(s) dict_keys(['example_params_trigger_ui']) retrieved from /home/airflow/.local/lib/python3.7/site-packages/airflow/example_dags/example_params_trigger_ui.py
[2023-09-01T19:49:42.973+0000] {logging_mixin.py:150} INFO - [2023-09-01T19:49:42.973+0000] {dag.py:2742} INFO - Sync 1 DAGs
[2023-09-01T19:49:42.996+0000] {logging_mixin.py:150} INFO - [2023-09-01T19:49:42.996+0000] {dag.py:3508} INFO - Setting next_dagrun for example_params_trigger_ui to None, run_after=None
[2023-09-01T19:49:43.011+0000] {processor.py:179} INFO - Processing /home/airflow/.local/lib/python3.7/site-packages/airflow/example_dags/example_params_trigger_ui.py took 0.141 seconds
[2023-09-01T19:50:13.333+0000] {processor.py:157} INFO - Started process (PID=2037) to work on /home/airflow/.local/lib/python3.7/site-packages/airflow/example_dags/example_params_trigger_ui.py
[2023-09-01T19:50:13.352+0000] {processor.py:826} INFO - Processing file /home/airflow/.local/lib/python3.7/site-packages/airflow/example_dags/example_params_trigger_ui.py for tasks to queue
[2023-09-01T19:50:13.353+0000] {logging_mixin.py:150} INFO - [2023-09-01T19:50:13.353+0000] {dagbag.py:541} INFO - Filling up the DagBag from /home/airflow/.local/lib/python3.7/site-packages/airflow/example_dags/example_params_trigger_ui.py
[2023-09-01T19:50:13.392+0000] {processor.py:836} INFO - DAG(s) dict_keys(['example_params_trigger_ui']) retrieved from /home/airflow/.local/lib/python3.7/site-packages/airflow/example_dags/example_params_trigger_ui.py
[2023-09-01T19:50:13.490+0000] {logging_mixin.py:150} INFO - [2023-09-01T19:50:13.490+0000] {dag.py:2742} INFO - Sync 1 DAGs
[2023-09-01T19:50:13.517+0000] {logging_mixin.py:150} INFO - [2023-09-01T19:50:13.516+0000] {dag.py:3508} INFO - Setting next_dagrun for example_params_trigger_ui to None, run_after=None
[2023-09-01T19:50:13.536+0000] {processor.py:179} INFO - Processing /home/airflow/.local/lib/python3.7/site-packages/airflow/example_dags/example_params_trigger_ui.py took 0.209 seconds
[2023-09-01T19:50:44.113+0000] {processor.py:157} INFO - Started process (PID=2092) to work on /home/airflow/.local/lib/python3.7/site-packages/airflow/example_dags/example_params_trigger_ui.py
[2023-09-01T19:50:44.114+0000] {processor.py:826} INFO - Processing file /home/airflow/.local/lib/python3.7/site-packages/airflow/example_dags/example_params_trigger_ui.py for tasks to queue
[2023-09-01T19:50:44.115+0000] {logging_mixin.py:150} INFO - [2023-09-01T19:50:44.115+0000] {dagbag.py:541} INFO - Filling up the DagBag from /home/airflow/.local/lib/python3.7/site-packages/airflow/example_dags/example_params_trigger_ui.py
[2023-09-01T19:50:44.153+0000] {processor.py:836} INFO - DAG(s) dict_keys(['example_params_trigger_ui']) retrieved from /home/airflow/.local/lib/python3.7/site-packages/airflow/example_dags/example_params_trigger_ui.py
[2023-09-01T19:50:44.296+0000] {logging_mixin.py:150} INFO - [2023-09-01T19:50:44.295+0000] {dag.py:2742} INFO - Sync 1 DAGs
[2023-09-01T19:50:44.340+0000] {logging_mixin.py:150} INFO - [2023-09-01T19:50:44.340+0000] {dag.py:3508} INFO - Setting next_dagrun for example_params_trigger_ui to None, run_after=None
[2023-09-01T19:50:44.374+0000] {processor.py:179} INFO - Processing /home/airflow/.local/lib/python3.7/site-packages/airflow/example_dags/example_params_trigger_ui.py took 0.266 seconds
[2023-09-01T19:51:15.001+0000] {processor.py:157} INFO - Started process (PID=2146) to work on /home/airflow/.local/lib/python3.7/site-packages/airflow/example_dags/example_params_trigger_ui.py
[2023-09-01T19:51:15.002+0000] {processor.py:826} INFO - Processing file /home/airflow/.local/lib/python3.7/site-packages/airflow/example_dags/example_params_trigger_ui.py for tasks to queue
[2023-09-01T19:51:15.003+0000] {logging_mixin.py:150} INFO - [2023-09-01T19:51:15.003+0000] {dagbag.py:541} INFO - Filling up the DagBag from /home/airflow/.local/lib/python3.7/site-packages/airflow/example_dags/example_params_trigger_ui.py
[2023-09-01T19:51:15.023+0000] {processor.py:836} INFO - DAG(s) dict_keys(['example_params_trigger_ui']) retrieved from /home/airflow/.local/lib/python3.7/site-packages/airflow/example_dags/example_params_trigger_ui.py
[2023-09-01T19:51:15.104+0000] {logging_mixin.py:150} INFO - [2023-09-01T19:51:15.104+0000] {dag.py:2742} INFO - Sync 1 DAGs
[2023-09-01T19:51:15.127+0000] {logging_mixin.py:150} INFO - [2023-09-01T19:51:15.127+0000] {dag.py:3508} INFO - Setting next_dagrun for example_params_trigger_ui to None, run_after=None
[2023-09-01T19:51:15.143+0000] {processor.py:179} INFO - Processing /home/airflow/.local/lib/python3.7/site-packages/airflow/example_dags/example_params_trigger_ui.py took 0.145 seconds
[2023-09-01T19:51:46.006+0000] {processor.py:157} INFO - Started process (PID=2201) to work on /home/airflow/.local/lib/python3.7/site-packages/airflow/example_dags/example_params_trigger_ui.py
[2023-09-01T19:51:46.006+0000] {processor.py:826} INFO - Processing file /home/airflow/.local/lib/python3.7/site-packages/airflow/example_dags/example_params_trigger_ui.py for tasks to queue
[2023-09-01T19:51:46.007+0000] {logging_mixin.py:150} INFO - [2023-09-01T19:51:46.007+0000] {dagbag.py:541} INFO - Filling up the DagBag from /home/airflow/.local/lib/python3.7/site-packages/airflow/example_dags/example_params_trigger_ui.py
[2023-09-01T19:51:46.027+0000] {processor.py:836} INFO - DAG(s) dict_keys(['example_params_trigger_ui']) retrieved from /home/airflow/.local/lib/python3.7/site-packages/airflow/example_dags/example_params_trigger_ui.py
[2023-09-01T19:51:46.090+0000] {logging_mixin.py:150} INFO - [2023-09-01T19:51:46.090+0000] {dag.py:2742} INFO - Sync 1 DAGs
[2023-09-01T19:51:46.112+0000] {logging_mixin.py:150} INFO - [2023-09-01T19:51:46.112+0000] {dag.py:3508} INFO - Setting next_dagrun for example_params_trigger_ui to None, run_after=None
[2023-09-01T19:51:46.129+0000] {processor.py:179} INFO - Processing /home/airflow/.local/lib/python3.7/site-packages/airflow/example_dags/example_params_trigger_ui.py took 0.126 seconds
[2023-09-01T19:52:16.244+0000] {processor.py:157} INFO - Started process (PID=2255) to work on /home/airflow/.local/lib/python3.7/site-packages/airflow/example_dags/example_params_trigger_ui.py
[2023-09-01T19:52:16.250+0000] {processor.py:826} INFO - Processing file /home/airflow/.local/lib/python3.7/site-packages/airflow/example_dags/example_params_trigger_ui.py for tasks to queue
[2023-09-01T19:52:16.251+0000] {logging_mixin.py:150} INFO - [2023-09-01T19:52:16.250+0000] {dagbag.py:541} INFO - Filling up the DagBag from /home/airflow/.local/lib/python3.7/site-packages/airflow/example_dags/example_params_trigger_ui.py
[2023-09-01T19:52:16.284+0000] {processor.py:836} INFO - DAG(s) dict_keys(['example_params_trigger_ui']) retrieved from /home/airflow/.local/lib/python3.7/site-packages/airflow/example_dags/example_params_trigger_ui.py
[2023-09-01T19:52:16.386+0000] {logging_mixin.py:150} INFO - [2023-09-01T19:52:16.386+0000] {dag.py:2742} INFO - Sync 1 DAGs
[2023-09-01T19:52:16.432+0000] {logging_mixin.py:150} INFO - [2023-09-01T19:52:16.430+0000] {dag.py:3508} INFO - Setting next_dagrun for example_params_trigger_ui to None, run_after=None
[2023-09-01T19:52:16.460+0000] {processor.py:179} INFO - Processing /home/airflow/.local/lib/python3.7/site-packages/airflow/example_dags/example_params_trigger_ui.py took 0.222 seconds
[2023-09-01T19:52:46.733+0000] {processor.py:157} INFO - Started process (PID=2306) to work on /home/airflow/.local/lib/python3.7/site-packages/airflow/example_dags/example_params_trigger_ui.py
[2023-09-01T19:52:46.734+0000] {processor.py:826} INFO - Processing file /home/airflow/.local/lib/python3.7/site-packages/airflow/example_dags/example_params_trigger_ui.py for tasks to queue
[2023-09-01T19:52:46.735+0000] {logging_mixin.py:150} INFO - [2023-09-01T19:52:46.735+0000] {dagbag.py:541} INFO - Filling up the DagBag from /home/airflow/.local/lib/python3.7/site-packages/airflow/example_dags/example_params_trigger_ui.py
[2023-09-01T19:52:46.754+0000] {processor.py:836} INFO - DAG(s) dict_keys(['example_params_trigger_ui']) retrieved from /home/airflow/.local/lib/python3.7/site-packages/airflow/example_dags/example_params_trigger_ui.py
[2023-09-01T19:52:46.838+0000] {logging_mixin.py:150} INFO - [2023-09-01T19:52:46.838+0000] {dag.py:2742} INFO - Sync 1 DAGs
[2023-09-01T19:52:46.862+0000] {logging_mixin.py:150} INFO - [2023-09-01T19:52:46.862+0000] {dag.py:3508} INFO - Setting next_dagrun for example_params_trigger_ui to None, run_after=None
[2023-09-01T19:52:46.880+0000] {processor.py:179} INFO - Processing /home/airflow/.local/lib/python3.7/site-packages/airflow/example_dags/example_params_trigger_ui.py took 0.150 seconds
[2023-09-01T19:53:17.144+0000] {processor.py:157} INFO - Started process (PID=2361) to work on /home/airflow/.local/lib/python3.7/site-packages/airflow/example_dags/example_params_trigger_ui.py
[2023-09-01T19:53:17.145+0000] {processor.py:826} INFO - Processing file /home/airflow/.local/lib/python3.7/site-packages/airflow/example_dags/example_params_trigger_ui.py for tasks to queue
[2023-09-01T19:53:17.146+0000] {logging_mixin.py:150} INFO - [2023-09-01T19:53:17.146+0000] {dagbag.py:541} INFO - Filling up the DagBag from /home/airflow/.local/lib/python3.7/site-packages/airflow/example_dags/example_params_trigger_ui.py
[2023-09-01T19:53:17.167+0000] {processor.py:836} INFO - DAG(s) dict_keys(['example_params_trigger_ui']) retrieved from /home/airflow/.local/lib/python3.7/site-packages/airflow/example_dags/example_params_trigger_ui.py
[2023-09-01T19:53:17.237+0000] {logging_mixin.py:150} INFO - [2023-09-01T19:53:17.237+0000] {dag.py:2742} INFO - Sync 1 DAGs
[2023-09-01T19:53:17.259+0000] {logging_mixin.py:150} INFO - [2023-09-01T19:53:17.259+0000] {dag.py:3508} INFO - Setting next_dagrun for example_params_trigger_ui to None, run_after=None
[2023-09-01T19:53:17.274+0000] {processor.py:179} INFO - Processing /home/airflow/.local/lib/python3.7/site-packages/airflow/example_dags/example_params_trigger_ui.py took 0.134 seconds
[2023-09-01T19:53:47.746+0000] {processor.py:157} INFO - Started process (PID=2416) to work on /home/airflow/.local/lib/python3.7/site-packages/airflow/example_dags/example_params_trigger_ui.py
[2023-09-01T19:53:47.747+0000] {processor.py:826} INFO - Processing file /home/airflow/.local/lib/python3.7/site-packages/airflow/example_dags/example_params_trigger_ui.py for tasks to queue
[2023-09-01T19:53:47.749+0000] {logging_mixin.py:150} INFO - [2023-09-01T19:53:47.749+0000] {dagbag.py:541} INFO - Filling up the DagBag from /home/airflow/.local/lib/python3.7/site-packages/airflow/example_dags/example_params_trigger_ui.py
[2023-09-01T19:53:47.787+0000] {processor.py:836} INFO - DAG(s) dict_keys(['example_params_trigger_ui']) retrieved from /home/airflow/.local/lib/python3.7/site-packages/airflow/example_dags/example_params_trigger_ui.py
[2023-09-01T19:53:47.926+0000] {logging_mixin.py:150} INFO - [2023-09-01T19:53:47.926+0000] {dag.py:2742} INFO - Sync 1 DAGs
[2023-09-01T19:53:47.961+0000] {logging_mixin.py:150} INFO - [2023-09-01T19:53:47.960+0000] {dag.py:3508} INFO - Setting next_dagrun for example_params_trigger_ui to None, run_after=None
[2023-09-01T19:53:47.978+0000] {processor.py:179} INFO - Processing /home/airflow/.local/lib/python3.7/site-packages/airflow/example_dags/example_params_trigger_ui.py took 0.240 seconds
[2023-09-01T19:54:18.940+0000] {processor.py:157} INFO - Started process (PID=2471) to work on /home/airflow/.local/lib/python3.7/site-packages/airflow/example_dags/example_params_trigger_ui.py
[2023-09-01T19:54:18.942+0000] {processor.py:826} INFO - Processing file /home/airflow/.local/lib/python3.7/site-packages/airflow/example_dags/example_params_trigger_ui.py for tasks to queue
[2023-09-01T19:54:18.943+0000] {logging_mixin.py:150} INFO - [2023-09-01T19:54:18.942+0000] {dagbag.py:541} INFO - Filling up the DagBag from /home/airflow/.local/lib/python3.7/site-packages/airflow/example_dags/example_params_trigger_ui.py
[2023-09-01T19:54:18.981+0000] {processor.py:836} INFO - DAG(s) dict_keys(['example_params_trigger_ui']) retrieved from /home/airflow/.local/lib/python3.7/site-packages/airflow/example_dags/example_params_trigger_ui.py
[2023-09-01T19:54:19.222+0000] {logging_mixin.py:150} INFO - [2023-09-01T19:54:19.222+0000] {dag.py:2742} INFO - Sync 1 DAGs
[2023-09-01T19:54:19.275+0000] {logging_mixin.py:150} INFO - [2023-09-01T19:54:19.275+0000] {dag.py:3508} INFO - Setting next_dagrun for example_params_trigger_ui to None, run_after=None
[2023-09-01T19:54:19.307+0000] {processor.py:179} INFO - Processing /home/airflow/.local/lib/python3.7/site-packages/airflow/example_dags/example_params_trigger_ui.py took 0.370 seconds
[2023-09-01T19:54:50.149+0000] {processor.py:157} INFO - Started process (PID=2526) to work on /home/airflow/.local/lib/python3.7/site-packages/airflow/example_dags/example_params_trigger_ui.py
[2023-09-01T19:54:50.150+0000] {processor.py:826} INFO - Processing file /home/airflow/.local/lib/python3.7/site-packages/airflow/example_dags/example_params_trigger_ui.py for tasks to queue
[2023-09-01T19:54:50.150+0000] {logging_mixin.py:150} INFO - [2023-09-01T19:54:50.150+0000] {dagbag.py:541} INFO - Filling up the DagBag from /home/airflow/.local/lib/python3.7/site-packages/airflow/example_dags/example_params_trigger_ui.py
[2023-09-01T19:54:50.173+0000] {processor.py:836} INFO - DAG(s) dict_keys(['example_params_trigger_ui']) retrieved from /home/airflow/.local/lib/python3.7/site-packages/airflow/example_dags/example_params_trigger_ui.py
[2023-09-01T19:54:50.240+0000] {logging_mixin.py:150} INFO - [2023-09-01T19:54:50.240+0000] {dag.py:2742} INFO - Sync 1 DAGs
[2023-09-01T19:54:50.261+0000] {logging_mixin.py:150} INFO - [2023-09-01T19:54:50.261+0000] {dag.py:3508} INFO - Setting next_dagrun for example_params_trigger_ui to None, run_after=None
[2023-09-01T19:54:50.280+0000] {processor.py:179} INFO - Processing /home/airflow/.local/lib/python3.7/site-packages/airflow/example_dags/example_params_trigger_ui.py took 0.134 seconds
