[2023-09-01T19:31:53.762+0000] {processor.py:157} INFO - Started process (PID=52) to work on /home/airflow/.local/lib/python3.7/site-packages/airflow/example_dags/example_latest_only_with_trigger.py
[2023-09-01T19:31:53.767+0000] {processor.py:826} INFO - Processing file /home/airflow/.local/lib/python3.7/site-packages/airflow/example_dags/example_latest_only_with_trigger.py for tasks to queue
[2023-09-01T19:31:53.768+0000] {logging_mixin.py:150} INFO - [2023-09-01T19:31:53.768+0000] {dagbag.py:541} INFO - Filling up the DagBag from /home/airflow/.local/lib/python3.7/site-packages/airflow/example_dags/example_latest_only_with_trigger.py
[2023-09-01T19:31:53.774+0000] {processor.py:836} INFO - DAG(s) dict_keys(['latest_only_with_trigger']) retrieved from /home/airflow/.local/lib/python3.7/site-packages/airflow/example_dags/example_latest_only_with_trigger.py
[2023-09-01T19:31:53.985+0000] {logging_mixin.py:150} INFO - [2023-09-01T19:31:53.985+0000] {dag.py:2742} INFO - Sync 1 DAGs
[2023-09-01T19:31:54.005+0000] {logging_mixin.py:150} INFO - [2023-09-01T19:31:54.005+0000] {dag.py:3508} INFO - Setting next_dagrun for latest_only_with_trigger to 2023-09-01T15:31:54.005296+00:00, run_after=2023-09-01T19:31:54.005296+00:00
[2023-09-01T19:31:54.041+0000] {processor.py:179} INFO - Processing /home/airflow/.local/lib/python3.7/site-packages/airflow/example_dags/example_latest_only_with_trigger.py took 0.288 seconds
[2023-09-01T19:32:24.477+0000] {processor.py:157} INFO - Started process (PID=108) to work on /home/airflow/.local/lib/python3.7/site-packages/airflow/example_dags/example_latest_only_with_trigger.py
[2023-09-01T19:32:24.479+0000] {processor.py:826} INFO - Processing file /home/airflow/.local/lib/python3.7/site-packages/airflow/example_dags/example_latest_only_with_trigger.py for tasks to queue
[2023-09-01T19:32:24.479+0000] {logging_mixin.py:150} INFO - [2023-09-01T19:32:24.479+0000] {dagbag.py:541} INFO - Filling up the DagBag from /home/airflow/.local/lib/python3.7/site-packages/airflow/example_dags/example_latest_only_with_trigger.py
[2023-09-01T19:32:24.486+0000] {processor.py:836} INFO - DAG(s) dict_keys(['latest_only_with_trigger']) retrieved from /home/airflow/.local/lib/python3.7/site-packages/airflow/example_dags/example_latest_only_with_trigger.py
[2023-09-01T19:32:24.513+0000] {logging_mixin.py:150} INFO - [2023-09-01T19:32:24.511+0000] {dag.py:2742} INFO - Sync 1 DAGs
[2023-09-01T19:32:24.538+0000] {logging_mixin.py:150} INFO - [2023-09-01T19:32:24.538+0000] {dag.py:3508} INFO - Setting next_dagrun for latest_only_with_trigger to 2023-09-01T15:32:24.538337+00:00, run_after=2023-09-01T19:32:24.538337+00:00
[2023-09-01T19:32:24.554+0000] {processor.py:179} INFO - Processing /home/airflow/.local/lib/python3.7/site-packages/airflow/example_dags/example_latest_only_with_trigger.py took 0.080 seconds
[2023-09-01T19:32:55.502+0000] {processor.py:157} INFO - Started process (PID=163) to work on /home/airflow/.local/lib/python3.7/site-packages/airflow/example_dags/example_latest_only_with_trigger.py
[2023-09-01T19:32:55.503+0000] {processor.py:826} INFO - Processing file /home/airflow/.local/lib/python3.7/site-packages/airflow/example_dags/example_latest_only_with_trigger.py for tasks to queue
[2023-09-01T19:32:55.504+0000] {logging_mixin.py:150} INFO - [2023-09-01T19:32:55.504+0000] {dagbag.py:541} INFO - Filling up the DagBag from /home/airflow/.local/lib/python3.7/site-packages/airflow/example_dags/example_latest_only_with_trigger.py
[2023-09-01T19:32:55.510+0000] {processor.py:836} INFO - DAG(s) dict_keys(['latest_only_with_trigger']) retrieved from /home/airflow/.local/lib/python3.7/site-packages/airflow/example_dags/example_latest_only_with_trigger.py
[2023-09-01T19:32:55.532+0000] {logging_mixin.py:150} INFO - [2023-09-01T19:32:55.531+0000] {dag.py:2742} INFO - Sync 1 DAGs
[2023-09-01T19:32:55.565+0000] {logging_mixin.py:150} INFO - [2023-09-01T19:32:55.565+0000] {dag.py:3508} INFO - Setting next_dagrun for latest_only_with_trigger to 2023-09-01T15:32:55.565585+00:00, run_after=2023-09-01T19:32:55.565585+00:00
[2023-09-01T19:32:55.581+0000] {processor.py:179} INFO - Processing /home/airflow/.local/lib/python3.7/site-packages/airflow/example_dags/example_latest_only_with_trigger.py took 0.083 seconds
[2023-09-01T19:33:25.864+0000] {processor.py:157} INFO - Started process (PID=218) to work on /home/airflow/.local/lib/python3.7/site-packages/airflow/example_dags/example_latest_only_with_trigger.py
[2023-09-01T19:33:25.865+0000] {processor.py:826} INFO - Processing file /home/airflow/.local/lib/python3.7/site-packages/airflow/example_dags/example_latest_only_with_trigger.py for tasks to queue
[2023-09-01T19:33:25.865+0000] {logging_mixin.py:150} INFO - [2023-09-01T19:33:25.865+0000] {dagbag.py:541} INFO - Filling up the DagBag from /home/airflow/.local/lib/python3.7/site-packages/airflow/example_dags/example_latest_only_with_trigger.py
[2023-09-01T19:33:25.872+0000] {processor.py:836} INFO - DAG(s) dict_keys(['latest_only_with_trigger']) retrieved from /home/airflow/.local/lib/python3.7/site-packages/airflow/example_dags/example_latest_only_with_trigger.py
[2023-09-01T19:33:25.893+0000] {logging_mixin.py:150} INFO - [2023-09-01T19:33:25.892+0000] {dag.py:2742} INFO - Sync 1 DAGs
[2023-09-01T19:33:25.921+0000] {logging_mixin.py:150} INFO - [2023-09-01T19:33:25.921+0000] {dag.py:3508} INFO - Setting next_dagrun for latest_only_with_trigger to 2023-09-01T15:33:25.921047+00:00, run_after=2023-09-01T19:33:25.921047+00:00
[2023-09-01T19:33:25.937+0000] {processor.py:179} INFO - Processing /home/airflow/.local/lib/python3.7/site-packages/airflow/example_dags/example_latest_only_with_trigger.py took 0.077 seconds
[2023-09-01T19:33:56.151+0000] {processor.py:157} INFO - Started process (PID=273) to work on /home/airflow/.local/lib/python3.7/site-packages/airflow/example_dags/example_latest_only_with_trigger.py
[2023-09-01T19:33:56.152+0000] {processor.py:826} INFO - Processing file /home/airflow/.local/lib/python3.7/site-packages/airflow/example_dags/example_latest_only_with_trigger.py for tasks to queue
[2023-09-01T19:33:56.153+0000] {logging_mixin.py:150} INFO - [2023-09-01T19:33:56.153+0000] {dagbag.py:541} INFO - Filling up the DagBag from /home/airflow/.local/lib/python3.7/site-packages/airflow/example_dags/example_latest_only_with_trigger.py
[2023-09-01T19:33:56.160+0000] {processor.py:836} INFO - DAG(s) dict_keys(['latest_only_with_trigger']) retrieved from /home/airflow/.local/lib/python3.7/site-packages/airflow/example_dags/example_latest_only_with_trigger.py
[2023-09-01T19:33:56.183+0000] {logging_mixin.py:150} INFO - [2023-09-01T19:33:56.183+0000] {dag.py:2742} INFO - Sync 1 DAGs
[2023-09-01T19:33:56.212+0000] {logging_mixin.py:150} INFO - [2023-09-01T19:33:56.212+0000] {dag.py:3508} INFO - Setting next_dagrun for latest_only_with_trigger to 2023-09-01T15:33:56.212148+00:00, run_after=2023-09-01T19:33:56.212148+00:00
[2023-09-01T19:33:56.229+0000] {processor.py:179} INFO - Processing /home/airflow/.local/lib/python3.7/site-packages/airflow/example_dags/example_latest_only_with_trigger.py took 0.081 seconds
[2023-09-01T19:34:26.617+0000] {processor.py:157} INFO - Started process (PID=328) to work on /home/airflow/.local/lib/python3.7/site-packages/airflow/example_dags/example_latest_only_with_trigger.py
[2023-09-01T19:34:26.618+0000] {processor.py:826} INFO - Processing file /home/airflow/.local/lib/python3.7/site-packages/airflow/example_dags/example_latest_only_with_trigger.py for tasks to queue
[2023-09-01T19:34:26.618+0000] {logging_mixin.py:150} INFO - [2023-09-01T19:34:26.618+0000] {dagbag.py:541} INFO - Filling up the DagBag from /home/airflow/.local/lib/python3.7/site-packages/airflow/example_dags/example_latest_only_with_trigger.py
[2023-09-01T19:34:26.624+0000] {processor.py:836} INFO - DAG(s) dict_keys(['latest_only_with_trigger']) retrieved from /home/airflow/.local/lib/python3.7/site-packages/airflow/example_dags/example_latest_only_with_trigger.py
[2023-09-01T19:34:26.646+0000] {logging_mixin.py:150} INFO - [2023-09-01T19:34:26.646+0000] {dag.py:2742} INFO - Sync 1 DAGs
[2023-09-01T19:34:26.669+0000] {logging_mixin.py:150} INFO - [2023-09-01T19:34:26.669+0000] {dag.py:3508} INFO - Setting next_dagrun for latest_only_with_trigger to 2023-09-01T15:34:26.669235+00:00, run_after=2023-09-01T19:34:26.669235+00:00
[2023-09-01T19:34:26.686+0000] {processor.py:179} INFO - Processing /home/airflow/.local/lib/python3.7/site-packages/airflow/example_dags/example_latest_only_with_trigger.py took 0.073 seconds
[2023-09-01T19:34:56.870+0000] {processor.py:157} INFO - Started process (PID=384) to work on /home/airflow/.local/lib/python3.7/site-packages/airflow/example_dags/example_latest_only_with_trigger.py
[2023-09-01T19:34:56.872+0000] {processor.py:826} INFO - Processing file /home/airflow/.local/lib/python3.7/site-packages/airflow/example_dags/example_latest_only_with_trigger.py for tasks to queue
[2023-09-01T19:34:56.872+0000] {logging_mixin.py:150} INFO - [2023-09-01T19:34:56.872+0000] {dagbag.py:541} INFO - Filling up the DagBag from /home/airflow/.local/lib/python3.7/site-packages/airflow/example_dags/example_latest_only_with_trigger.py
[2023-09-01T19:34:56.878+0000] {processor.py:836} INFO - DAG(s) dict_keys(['latest_only_with_trigger']) retrieved from /home/airflow/.local/lib/python3.7/site-packages/airflow/example_dags/example_latest_only_with_trigger.py
[2023-09-01T19:34:56.900+0000] {logging_mixin.py:150} INFO - [2023-09-01T19:34:56.900+0000] {dag.py:2742} INFO - Sync 1 DAGs
[2023-09-01T19:34:56.921+0000] {logging_mixin.py:150} INFO - [2023-09-01T19:34:56.921+0000] {dag.py:3508} INFO - Setting next_dagrun for latest_only_with_trigger to 2023-09-01T15:34:56.921094+00:00, run_after=2023-09-01T19:34:56.921094+00:00
[2023-09-01T19:34:56.936+0000] {processor.py:179} INFO - Processing /home/airflow/.local/lib/python3.7/site-packages/airflow/example_dags/example_latest_only_with_trigger.py took 0.068 seconds
[2023-09-01T19:35:27.135+0000] {processor.py:157} INFO - Started process (PID=438) to work on /home/airflow/.local/lib/python3.7/site-packages/airflow/example_dags/example_latest_only_with_trigger.py
[2023-09-01T19:35:27.136+0000] {processor.py:826} INFO - Processing file /home/airflow/.local/lib/python3.7/site-packages/airflow/example_dags/example_latest_only_with_trigger.py for tasks to queue
[2023-09-01T19:35:27.137+0000] {logging_mixin.py:150} INFO - [2023-09-01T19:35:27.136+0000] {dagbag.py:541} INFO - Filling up the DagBag from /home/airflow/.local/lib/python3.7/site-packages/airflow/example_dags/example_latest_only_with_trigger.py
[2023-09-01T19:35:27.144+0000] {processor.py:836} INFO - DAG(s) dict_keys(['latest_only_with_trigger']) retrieved from /home/airflow/.local/lib/python3.7/site-packages/airflow/example_dags/example_latest_only_with_trigger.py
[2023-09-01T19:35:27.169+0000] {logging_mixin.py:150} INFO - [2023-09-01T19:35:27.169+0000] {dag.py:2742} INFO - Sync 1 DAGs
[2023-09-01T19:35:27.191+0000] {logging_mixin.py:150} INFO - [2023-09-01T19:35:27.191+0000] {dag.py:3508} INFO - Setting next_dagrun for latest_only_with_trigger to 2023-09-01T15:35:27.191280+00:00, run_after=2023-09-01T19:35:27.191280+00:00
[2023-09-01T19:35:27.207+0000] {processor.py:179} INFO - Processing /home/airflow/.local/lib/python3.7/site-packages/airflow/example_dags/example_latest_only_with_trigger.py took 0.075 seconds
[2023-09-01T19:35:57.569+0000] {processor.py:157} INFO - Started process (PID=493) to work on /home/airflow/.local/lib/python3.7/site-packages/airflow/example_dags/example_latest_only_with_trigger.py
[2023-09-01T19:35:57.570+0000] {processor.py:826} INFO - Processing file /home/airflow/.local/lib/python3.7/site-packages/airflow/example_dags/example_latest_only_with_trigger.py for tasks to queue
[2023-09-01T19:35:57.571+0000] {logging_mixin.py:150} INFO - [2023-09-01T19:35:57.570+0000] {dagbag.py:541} INFO - Filling up the DagBag from /home/airflow/.local/lib/python3.7/site-packages/airflow/example_dags/example_latest_only_with_trigger.py
[2023-09-01T19:35:57.578+0000] {processor.py:836} INFO - DAG(s) dict_keys(['latest_only_with_trigger']) retrieved from /home/airflow/.local/lib/python3.7/site-packages/airflow/example_dags/example_latest_only_with_trigger.py
[2023-09-01T19:35:57.604+0000] {logging_mixin.py:150} INFO - [2023-09-01T19:35:57.604+0000] {dag.py:2742} INFO - Sync 1 DAGs
[2023-09-01T19:35:57.626+0000] {logging_mixin.py:150} INFO - [2023-09-01T19:35:57.626+0000] {dag.py:3508} INFO - Setting next_dagrun for latest_only_with_trigger to 2023-09-01T15:35:57.626511+00:00, run_after=2023-09-01T19:35:57.626511+00:00
[2023-09-01T19:35:57.641+0000] {processor.py:179} INFO - Processing /home/airflow/.local/lib/python3.7/site-packages/airflow/example_dags/example_latest_only_with_trigger.py took 0.076 seconds
[2023-09-01T19:36:28.167+0000] {processor.py:157} INFO - Started process (PID=548) to work on /home/airflow/.local/lib/python3.7/site-packages/airflow/example_dags/example_latest_only_with_trigger.py
[2023-09-01T19:36:28.168+0000] {processor.py:826} INFO - Processing file /home/airflow/.local/lib/python3.7/site-packages/airflow/example_dags/example_latest_only_with_trigger.py for tasks to queue
[2023-09-01T19:36:28.168+0000] {logging_mixin.py:150} INFO - [2023-09-01T19:36:28.168+0000] {dagbag.py:541} INFO - Filling up the DagBag from /home/airflow/.local/lib/python3.7/site-packages/airflow/example_dags/example_latest_only_with_trigger.py
[2023-09-01T19:36:28.174+0000] {processor.py:836} INFO - DAG(s) dict_keys(['latest_only_with_trigger']) retrieved from /home/airflow/.local/lib/python3.7/site-packages/airflow/example_dags/example_latest_only_with_trigger.py
[2023-09-01T19:36:28.196+0000] {logging_mixin.py:150} INFO - [2023-09-01T19:36:28.196+0000] {dag.py:2742} INFO - Sync 1 DAGs
[2023-09-01T19:36:28.220+0000] {logging_mixin.py:150} INFO - [2023-09-01T19:36:28.219+0000] {dag.py:3508} INFO - Setting next_dagrun for latest_only_with_trigger to 2023-09-01T15:36:28.219727+00:00, run_after=2023-09-01T19:36:28.219727+00:00
[2023-09-01T19:36:28.236+0000] {processor.py:179} INFO - Processing /home/airflow/.local/lib/python3.7/site-packages/airflow/example_dags/example_latest_only_with_trigger.py took 0.073 seconds
[2023-09-01T19:36:59.016+0000] {processor.py:157} INFO - Started process (PID=603) to work on /home/airflow/.local/lib/python3.7/site-packages/airflow/example_dags/example_latest_only_with_trigger.py
[2023-09-01T19:36:59.017+0000] {processor.py:826} INFO - Processing file /home/airflow/.local/lib/python3.7/site-packages/airflow/example_dags/example_latest_only_with_trigger.py for tasks to queue
[2023-09-01T19:36:59.018+0000] {logging_mixin.py:150} INFO - [2023-09-01T19:36:59.017+0000] {dagbag.py:541} INFO - Filling up the DagBag from /home/airflow/.local/lib/python3.7/site-packages/airflow/example_dags/example_latest_only_with_trigger.py
[2023-09-01T19:36:59.024+0000] {processor.py:836} INFO - DAG(s) dict_keys(['latest_only_with_trigger']) retrieved from /home/airflow/.local/lib/python3.7/site-packages/airflow/example_dags/example_latest_only_with_trigger.py
[2023-09-01T19:36:59.047+0000] {logging_mixin.py:150} INFO - [2023-09-01T19:36:59.046+0000] {dag.py:2742} INFO - Sync 1 DAGs
[2023-09-01T19:36:59.070+0000] {logging_mixin.py:150} INFO - [2023-09-01T19:36:59.070+0000] {dag.py:3508} INFO - Setting next_dagrun for latest_only_with_trigger to 2023-09-01T15:36:59.069960+00:00, run_after=2023-09-01T19:36:59.069960+00:00
[2023-09-01T19:36:59.086+0000] {processor.py:179} INFO - Processing /home/airflow/.local/lib/python3.7/site-packages/airflow/example_dags/example_latest_only_with_trigger.py took 0.074 seconds
[2023-09-01T19:37:29.899+0000] {processor.py:157} INFO - Started process (PID=658) to work on /home/airflow/.local/lib/python3.7/site-packages/airflow/example_dags/example_latest_only_with_trigger.py
[2023-09-01T19:37:29.902+0000] {processor.py:826} INFO - Processing file /home/airflow/.local/lib/python3.7/site-packages/airflow/example_dags/example_latest_only_with_trigger.py for tasks to queue
[2023-09-01T19:37:29.905+0000] {logging_mixin.py:150} INFO - [2023-09-01T19:37:29.905+0000] {dagbag.py:541} INFO - Filling up the DagBag from /home/airflow/.local/lib/python3.7/site-packages/airflow/example_dags/example_latest_only_with_trigger.py
[2023-09-01T19:37:29.925+0000] {processor.py:836} INFO - DAG(s) dict_keys(['latest_only_with_trigger']) retrieved from /home/airflow/.local/lib/python3.7/site-packages/airflow/example_dags/example_latest_only_with_trigger.py
[2023-09-01T19:37:29.964+0000] {logging_mixin.py:150} INFO - [2023-09-01T19:37:29.964+0000] {dag.py:2742} INFO - Sync 1 DAGs
[2023-09-01T19:37:29.988+0000] {logging_mixin.py:150} INFO - [2023-09-01T19:37:29.988+0000] {dag.py:3508} INFO - Setting next_dagrun for latest_only_with_trigger to 2023-09-01T15:37:29.987951+00:00, run_after=2023-09-01T19:37:29.987951+00:00
[2023-09-01T19:37:30.034+0000] {processor.py:179} INFO - Processing /home/airflow/.local/lib/python3.7/site-packages/airflow/example_dags/example_latest_only_with_trigger.py took 0.141 seconds
[2023-09-01T19:38:01.259+0000] {processor.py:157} INFO - Started process (PID=713) to work on /home/airflow/.local/lib/python3.7/site-packages/airflow/example_dags/example_latest_only_with_trigger.py
[2023-09-01T19:38:01.262+0000] {processor.py:826} INFO - Processing file /home/airflow/.local/lib/python3.7/site-packages/airflow/example_dags/example_latest_only_with_trigger.py for tasks to queue
[2023-09-01T19:38:01.264+0000] {logging_mixin.py:150} INFO - [2023-09-01T19:38:01.263+0000] {dagbag.py:541} INFO - Filling up the DagBag from /home/airflow/.local/lib/python3.7/site-packages/airflow/example_dags/example_latest_only_with_trigger.py
[2023-09-01T19:38:01.274+0000] {processor.py:836} INFO - DAG(s) dict_keys(['latest_only_with_trigger']) retrieved from /home/airflow/.local/lib/python3.7/site-packages/airflow/example_dags/example_latest_only_with_trigger.py
[2023-09-01T19:38:01.321+0000] {logging_mixin.py:150} INFO - [2023-09-01T19:38:01.318+0000] {dag.py:2742} INFO - Sync 1 DAGs
[2023-09-01T19:38:01.364+0000] {logging_mixin.py:150} INFO - [2023-09-01T19:38:01.364+0000] {dag.py:3508} INFO - Setting next_dagrun for latest_only_with_trigger to 2023-09-01T15:38:01.364067+00:00, run_after=2023-09-01T19:38:01.364067+00:00
[2023-09-01T19:38:01.462+0000] {processor.py:179} INFO - Processing /home/airflow/.local/lib/python3.7/site-packages/airflow/example_dags/example_latest_only_with_trigger.py took 0.219 seconds
[2023-09-01T19:38:31.969+0000] {processor.py:157} INFO - Started process (PID=775) to work on /home/airflow/.local/lib/python3.7/site-packages/airflow/example_dags/example_latest_only_with_trigger.py
[2023-09-01T19:38:31.971+0000] {processor.py:826} INFO - Processing file /home/airflow/.local/lib/python3.7/site-packages/airflow/example_dags/example_latest_only_with_trigger.py for tasks to queue
[2023-09-01T19:38:31.971+0000] {logging_mixin.py:150} INFO - [2023-09-01T19:38:31.971+0000] {dagbag.py:541} INFO - Filling up the DagBag from /home/airflow/.local/lib/python3.7/site-packages/airflow/example_dags/example_latest_only_with_trigger.py
[2023-09-01T19:38:31.978+0000] {processor.py:836} INFO - DAG(s) dict_keys(['latest_only_with_trigger']) retrieved from /home/airflow/.local/lib/python3.7/site-packages/airflow/example_dags/example_latest_only_with_trigger.py
[2023-09-01T19:38:32.004+0000] {logging_mixin.py:150} INFO - [2023-09-01T19:38:32.003+0000] {dag.py:2742} INFO - Sync 1 DAGs
[2023-09-01T19:38:32.032+0000] {logging_mixin.py:150} INFO - [2023-09-01T19:38:32.032+0000] {dag.py:3508} INFO - Setting next_dagrun for latest_only_with_trigger to 2023-09-01T15:38:32.032024+00:00, run_after=2023-09-01T19:38:32.032024+00:00
[2023-09-01T19:38:32.050+0000] {processor.py:179} INFO - Processing /home/airflow/.local/lib/python3.7/site-packages/airflow/example_dags/example_latest_only_with_trigger.py took 0.085 seconds
[2023-09-01T19:39:02.131+0000] {processor.py:157} INFO - Started process (PID=829) to work on /home/airflow/.local/lib/python3.7/site-packages/airflow/example_dags/example_latest_only_with_trigger.py
[2023-09-01T19:39:02.132+0000] {processor.py:826} INFO - Processing file /home/airflow/.local/lib/python3.7/site-packages/airflow/example_dags/example_latest_only_with_trigger.py for tasks to queue
[2023-09-01T19:39:02.133+0000] {logging_mixin.py:150} INFO - [2023-09-01T19:39:02.133+0000] {dagbag.py:541} INFO - Filling up the DagBag from /home/airflow/.local/lib/python3.7/site-packages/airflow/example_dags/example_latest_only_with_trigger.py
[2023-09-01T19:39:02.140+0000] {processor.py:836} INFO - DAG(s) dict_keys(['latest_only_with_trigger']) retrieved from /home/airflow/.local/lib/python3.7/site-packages/airflow/example_dags/example_latest_only_with_trigger.py
[2023-09-01T19:39:02.196+0000] {logging_mixin.py:150} INFO - [2023-09-01T19:39:02.196+0000] {dag.py:2742} INFO - Sync 1 DAGs
[2023-09-01T19:39:02.239+0000] {logging_mixin.py:150} INFO - [2023-09-01T19:39:02.239+0000] {dag.py:3508} INFO - Setting next_dagrun for latest_only_with_trigger to 2023-09-01T15:39:02.239101+00:00, run_after=2023-09-01T19:39:02.239101+00:00
[2023-09-01T19:39:02.260+0000] {processor.py:179} INFO - Processing /home/airflow/.local/lib/python3.7/site-packages/airflow/example_dags/example_latest_only_with_trigger.py took 0.142 seconds
[2023-09-01T19:39:32.289+0000] {processor.py:157} INFO - Started process (PID=883) to work on /home/airflow/.local/lib/python3.7/site-packages/airflow/example_dags/example_latest_only_with_trigger.py
[2023-09-01T19:39:32.290+0000] {processor.py:826} INFO - Processing file /home/airflow/.local/lib/python3.7/site-packages/airflow/example_dags/example_latest_only_with_trigger.py for tasks to queue
[2023-09-01T19:39:32.291+0000] {logging_mixin.py:150} INFO - [2023-09-01T19:39:32.291+0000] {dagbag.py:541} INFO - Filling up the DagBag from /home/airflow/.local/lib/python3.7/site-packages/airflow/example_dags/example_latest_only_with_trigger.py
[2023-09-01T19:39:32.298+0000] {processor.py:836} INFO - DAG(s) dict_keys(['latest_only_with_trigger']) retrieved from /home/airflow/.local/lib/python3.7/site-packages/airflow/example_dags/example_latest_only_with_trigger.py
[2023-09-01T19:39:32.320+0000] {logging_mixin.py:150} INFO - [2023-09-01T19:39:32.319+0000] {dag.py:2742} INFO - Sync 1 DAGs
[2023-09-01T19:39:32.343+0000] {logging_mixin.py:150} INFO - [2023-09-01T19:39:32.343+0000] {dag.py:3508} INFO - Setting next_dagrun for latest_only_with_trigger to 2023-09-01T15:39:32.343148+00:00, run_after=2023-09-01T19:39:32.343148+00:00
[2023-09-01T19:39:32.361+0000] {processor.py:179} INFO - Processing /home/airflow/.local/lib/python3.7/site-packages/airflow/example_dags/example_latest_only_with_trigger.py took 0.075 seconds
[2023-09-01T19:40:02.491+0000] {processor.py:157} INFO - Started process (PID=938) to work on /home/airflow/.local/lib/python3.7/site-packages/airflow/example_dags/example_latest_only_with_trigger.py
[2023-09-01T19:40:02.492+0000] {processor.py:826} INFO - Processing file /home/airflow/.local/lib/python3.7/site-packages/airflow/example_dags/example_latest_only_with_trigger.py for tasks to queue
[2023-09-01T19:40:02.493+0000] {logging_mixin.py:150} INFO - [2023-09-01T19:40:02.493+0000] {dagbag.py:541} INFO - Filling up the DagBag from /home/airflow/.local/lib/python3.7/site-packages/airflow/example_dags/example_latest_only_with_trigger.py
[2023-09-01T19:40:02.501+0000] {processor.py:836} INFO - DAG(s) dict_keys(['latest_only_with_trigger']) retrieved from /home/airflow/.local/lib/python3.7/site-packages/airflow/example_dags/example_latest_only_with_trigger.py
[2023-09-01T19:40:02.525+0000] {logging_mixin.py:150} INFO - [2023-09-01T19:40:02.525+0000] {dag.py:2742} INFO - Sync 1 DAGs
[2023-09-01T19:40:02.551+0000] {logging_mixin.py:150} INFO - [2023-09-01T19:40:02.551+0000] {dag.py:3508} INFO - Setting next_dagrun for latest_only_with_trigger to 2023-09-01T15:40:02.550948+00:00, run_after=2023-09-01T19:40:02.550948+00:00
[2023-09-01T19:40:02.573+0000] {processor.py:179} INFO - Processing /home/airflow/.local/lib/python3.7/site-packages/airflow/example_dags/example_latest_only_with_trigger.py took 0.084 seconds
[2023-09-01T19:40:33.103+0000] {processor.py:157} INFO - Started process (PID=992) to work on /home/airflow/.local/lib/python3.7/site-packages/airflow/example_dags/example_latest_only_with_trigger.py
[2023-09-01T19:40:33.104+0000] {processor.py:826} INFO - Processing file /home/airflow/.local/lib/python3.7/site-packages/airflow/example_dags/example_latest_only_with_trigger.py for tasks to queue
[2023-09-01T19:40:33.105+0000] {logging_mixin.py:150} INFO - [2023-09-01T19:40:33.105+0000] {dagbag.py:541} INFO - Filling up the DagBag from /home/airflow/.local/lib/python3.7/site-packages/airflow/example_dags/example_latest_only_with_trigger.py
[2023-09-01T19:40:33.111+0000] {processor.py:836} INFO - DAG(s) dict_keys(['latest_only_with_trigger']) retrieved from /home/airflow/.local/lib/python3.7/site-packages/airflow/example_dags/example_latest_only_with_trigger.py
[2023-09-01T19:40:33.144+0000] {logging_mixin.py:150} INFO - [2023-09-01T19:40:33.144+0000] {dag.py:2742} INFO - Sync 1 DAGs
[2023-09-01T19:40:33.171+0000] {logging_mixin.py:150} INFO - [2023-09-01T19:40:33.170+0000] {dag.py:3508} INFO - Setting next_dagrun for latest_only_with_trigger to 2023-09-01T15:40:33.170746+00:00, run_after=2023-09-01T19:40:33.170746+00:00
[2023-09-01T19:40:33.191+0000] {processor.py:179} INFO - Processing /home/airflow/.local/lib/python3.7/site-packages/airflow/example_dags/example_latest_only_with_trigger.py took 0.092 seconds
[2023-09-01T19:41:03.260+0000] {processor.py:157} INFO - Started process (PID=1047) to work on /home/airflow/.local/lib/python3.7/site-packages/airflow/example_dags/example_latest_only_with_trigger.py
[2023-09-01T19:41:03.261+0000] {processor.py:826} INFO - Processing file /home/airflow/.local/lib/python3.7/site-packages/airflow/example_dags/example_latest_only_with_trigger.py for tasks to queue
[2023-09-01T19:41:03.262+0000] {logging_mixin.py:150} INFO - [2023-09-01T19:41:03.262+0000] {dagbag.py:541} INFO - Filling up the DagBag from /home/airflow/.local/lib/python3.7/site-packages/airflow/example_dags/example_latest_only_with_trigger.py
[2023-09-01T19:41:03.272+0000] {processor.py:836} INFO - DAG(s) dict_keys(['latest_only_with_trigger']) retrieved from /home/airflow/.local/lib/python3.7/site-packages/airflow/example_dags/example_latest_only_with_trigger.py
[2023-09-01T19:41:03.291+0000] {logging_mixin.py:150} INFO - [2023-09-01T19:41:03.291+0000] {dag.py:2742} INFO - Sync 1 DAGs
[2023-09-01T19:41:03.311+0000] {logging_mixin.py:150} INFO - [2023-09-01T19:41:03.311+0000] {dag.py:3508} INFO - Setting next_dagrun for latest_only_with_trigger to 2023-09-01T15:41:03.311308+00:00, run_after=2023-09-01T19:41:03.311308+00:00
[2023-09-01T19:41:03.330+0000] {processor.py:179} INFO - Processing /home/airflow/.local/lib/python3.7/site-packages/airflow/example_dags/example_latest_only_with_trigger.py took 0.072 seconds
[2023-09-01T19:41:33.545+0000] {processor.py:157} INFO - Started process (PID=1102) to work on /home/airflow/.local/lib/python3.7/site-packages/airflow/example_dags/example_latest_only_with_trigger.py
[2023-09-01T19:41:33.546+0000] {processor.py:826} INFO - Processing file /home/airflow/.local/lib/python3.7/site-packages/airflow/example_dags/example_latest_only_with_trigger.py for tasks to queue
[2023-09-01T19:41:33.547+0000] {logging_mixin.py:150} INFO - [2023-09-01T19:41:33.547+0000] {dagbag.py:541} INFO - Filling up the DagBag from /home/airflow/.local/lib/python3.7/site-packages/airflow/example_dags/example_latest_only_with_trigger.py
[2023-09-01T19:41:33.555+0000] {processor.py:836} INFO - DAG(s) dict_keys(['latest_only_with_trigger']) retrieved from /home/airflow/.local/lib/python3.7/site-packages/airflow/example_dags/example_latest_only_with_trigger.py
[2023-09-01T19:41:33.581+0000] {logging_mixin.py:150} INFO - [2023-09-01T19:41:33.581+0000] {dag.py:2742} INFO - Sync 1 DAGs
[2023-09-01T19:41:33.611+0000] {logging_mixin.py:150} INFO - [2023-09-01T19:41:33.610+0000] {dag.py:3508} INFO - Setting next_dagrun for latest_only_with_trigger to 2023-09-01T15:41:33.610726+00:00, run_after=2023-09-01T19:41:33.610726+00:00
[2023-09-01T19:41:33.630+0000] {processor.py:179} INFO - Processing /home/airflow/.local/lib/python3.7/site-packages/airflow/example_dags/example_latest_only_with_trigger.py took 0.088 seconds
[2023-09-01T19:42:04.038+0000] {processor.py:157} INFO - Started process (PID=1156) to work on /home/airflow/.local/lib/python3.7/site-packages/airflow/example_dags/example_latest_only_with_trigger.py
[2023-09-01T19:42:04.039+0000] {processor.py:826} INFO - Processing file /home/airflow/.local/lib/python3.7/site-packages/airflow/example_dags/example_latest_only_with_trigger.py for tasks to queue
[2023-09-01T19:42:04.040+0000] {logging_mixin.py:150} INFO - [2023-09-01T19:42:04.040+0000] {dagbag.py:541} INFO - Filling up the DagBag from /home/airflow/.local/lib/python3.7/site-packages/airflow/example_dags/example_latest_only_with_trigger.py
[2023-09-01T19:42:04.045+0000] {processor.py:836} INFO - DAG(s) dict_keys(['latest_only_with_trigger']) retrieved from /home/airflow/.local/lib/python3.7/site-packages/airflow/example_dags/example_latest_only_with_trigger.py
[2023-09-01T19:42:04.065+0000] {logging_mixin.py:150} INFO - [2023-09-01T19:42:04.065+0000] {dag.py:2742} INFO - Sync 1 DAGs
[2023-09-01T19:42:04.090+0000] {logging_mixin.py:150} INFO - [2023-09-01T19:42:04.089+0000] {dag.py:3508} INFO - Setting next_dagrun for latest_only_with_trigger to 2023-09-01T15:42:04.089657+00:00, run_after=2023-09-01T19:42:04.089657+00:00
[2023-09-01T19:42:04.106+0000] {processor.py:179} INFO - Processing /home/airflow/.local/lib/python3.7/site-packages/airflow/example_dags/example_latest_only_with_trigger.py took 0.071 seconds
[2023-09-01T19:42:34.387+0000] {processor.py:157} INFO - Started process (PID=1211) to work on /home/airflow/.local/lib/python3.7/site-packages/airflow/example_dags/example_latest_only_with_trigger.py
[2023-09-01T19:42:34.395+0000] {processor.py:826} INFO - Processing file /home/airflow/.local/lib/python3.7/site-packages/airflow/example_dags/example_latest_only_with_trigger.py for tasks to queue
[2023-09-01T19:42:34.396+0000] {logging_mixin.py:150} INFO - [2023-09-01T19:42:34.396+0000] {dagbag.py:541} INFO - Filling up the DagBag from /home/airflow/.local/lib/python3.7/site-packages/airflow/example_dags/example_latest_only_with_trigger.py
[2023-09-01T19:42:34.410+0000] {processor.py:836} INFO - DAG(s) dict_keys(['latest_only_with_trigger']) retrieved from /home/airflow/.local/lib/python3.7/site-packages/airflow/example_dags/example_latest_only_with_trigger.py
[2023-09-01T19:42:34.447+0000] {logging_mixin.py:150} INFO - [2023-09-01T19:42:34.447+0000] {dag.py:2742} INFO - Sync 1 DAGs
[2023-09-01T19:42:34.471+0000] {logging_mixin.py:150} INFO - [2023-09-01T19:42:34.471+0000] {dag.py:3508} INFO - Setting next_dagrun for latest_only_with_trigger to 2023-09-01T15:42:34.471429+00:00, run_after=2023-09-01T19:42:34.471429+00:00
[2023-09-01T19:42:34.498+0000] {processor.py:179} INFO - Processing /home/airflow/.local/lib/python3.7/site-packages/airflow/example_dags/example_latest_only_with_trigger.py took 0.115 seconds
[2023-09-01T19:43:04.662+0000] {processor.py:157} INFO - Started process (PID=1266) to work on /home/airflow/.local/lib/python3.7/site-packages/airflow/example_dags/example_latest_only_with_trigger.py
[2023-09-01T19:43:04.667+0000] {processor.py:826} INFO - Processing file /home/airflow/.local/lib/python3.7/site-packages/airflow/example_dags/example_latest_only_with_trigger.py for tasks to queue
[2023-09-01T19:43:04.668+0000] {logging_mixin.py:150} INFO - [2023-09-01T19:43:04.667+0000] {dagbag.py:541} INFO - Filling up the DagBag from /home/airflow/.local/lib/python3.7/site-packages/airflow/example_dags/example_latest_only_with_trigger.py
[2023-09-01T19:43:04.675+0000] {processor.py:836} INFO - DAG(s) dict_keys(['latest_only_with_trigger']) retrieved from /home/airflow/.local/lib/python3.7/site-packages/airflow/example_dags/example_latest_only_with_trigger.py
[2023-09-01T19:43:04.700+0000] {logging_mixin.py:150} INFO - [2023-09-01T19:43:04.700+0000] {dag.py:2742} INFO - Sync 1 DAGs
[2023-09-01T19:43:04.725+0000] {logging_mixin.py:150} INFO - [2023-09-01T19:43:04.725+0000] {dag.py:3508} INFO - Setting next_dagrun for latest_only_with_trigger to 2023-09-01T15:43:04.725319+00:00, run_after=2023-09-01T19:43:04.725319+00:00
[2023-09-01T19:43:04.748+0000] {processor.py:179} INFO - Processing /home/airflow/.local/lib/python3.7/site-packages/airflow/example_dags/example_latest_only_with_trigger.py took 0.088 seconds
[2023-09-01T19:43:35.315+0000] {processor.py:157} INFO - Started process (PID=1321) to work on /home/airflow/.local/lib/python3.7/site-packages/airflow/example_dags/example_latest_only_with_trigger.py
[2023-09-01T19:43:35.316+0000] {processor.py:826} INFO - Processing file /home/airflow/.local/lib/python3.7/site-packages/airflow/example_dags/example_latest_only_with_trigger.py for tasks to queue
[2023-09-01T19:43:35.316+0000] {logging_mixin.py:150} INFO - [2023-09-01T19:43:35.316+0000] {dagbag.py:541} INFO - Filling up the DagBag from /home/airflow/.local/lib/python3.7/site-packages/airflow/example_dags/example_latest_only_with_trigger.py
[2023-09-01T19:43:35.322+0000] {processor.py:836} INFO - DAG(s) dict_keys(['latest_only_with_trigger']) retrieved from /home/airflow/.local/lib/python3.7/site-packages/airflow/example_dags/example_latest_only_with_trigger.py
[2023-09-01T19:43:35.343+0000] {logging_mixin.py:150} INFO - [2023-09-01T19:43:35.343+0000] {dag.py:2742} INFO - Sync 1 DAGs
[2023-09-01T19:43:35.364+0000] {logging_mixin.py:150} INFO - [2023-09-01T19:43:35.364+0000] {dag.py:3508} INFO - Setting next_dagrun for latest_only_with_trigger to 2023-09-01T15:43:35.364420+00:00, run_after=2023-09-01T19:43:35.364420+00:00
[2023-09-01T19:43:35.388+0000] {processor.py:179} INFO - Processing /home/airflow/.local/lib/python3.7/site-packages/airflow/example_dags/example_latest_only_with_trigger.py took 0.076 seconds
[2023-09-01T19:44:05.828+0000] {processor.py:157} INFO - Started process (PID=1376) to work on /home/airflow/.local/lib/python3.7/site-packages/airflow/example_dags/example_latest_only_with_trigger.py
[2023-09-01T19:44:05.829+0000] {processor.py:826} INFO - Processing file /home/airflow/.local/lib/python3.7/site-packages/airflow/example_dags/example_latest_only_with_trigger.py for tasks to queue
[2023-09-01T19:44:05.830+0000] {logging_mixin.py:150} INFO - [2023-09-01T19:44:05.830+0000] {dagbag.py:541} INFO - Filling up the DagBag from /home/airflow/.local/lib/python3.7/site-packages/airflow/example_dags/example_latest_only_with_trigger.py
[2023-09-01T19:44:05.836+0000] {processor.py:836} INFO - DAG(s) dict_keys(['latest_only_with_trigger']) retrieved from /home/airflow/.local/lib/python3.7/site-packages/airflow/example_dags/example_latest_only_with_trigger.py
[2023-09-01T19:44:05.856+0000] {logging_mixin.py:150} INFO - [2023-09-01T19:44:05.856+0000] {dag.py:2742} INFO - Sync 1 DAGs
[2023-09-01T19:44:05.878+0000] {logging_mixin.py:150} INFO - [2023-09-01T19:44:05.877+0000] {dag.py:3508} INFO - Setting next_dagrun for latest_only_with_trigger to 2023-09-01T15:44:05.877595+00:00, run_after=2023-09-01T19:44:05.877595+00:00
[2023-09-01T19:44:05.893+0000] {processor.py:179} INFO - Processing /home/airflow/.local/lib/python3.7/site-packages/airflow/example_dags/example_latest_only_with_trigger.py took 0.068 seconds
[2023-09-01T19:44:36.412+0000] {processor.py:157} INFO - Started process (PID=1431) to work on /home/airflow/.local/lib/python3.7/site-packages/airflow/example_dags/example_latest_only_with_trigger.py
[2023-09-01T19:44:36.413+0000] {processor.py:826} INFO - Processing file /home/airflow/.local/lib/python3.7/site-packages/airflow/example_dags/example_latest_only_with_trigger.py for tasks to queue
[2023-09-01T19:44:36.413+0000] {logging_mixin.py:150} INFO - [2023-09-01T19:44:36.413+0000] {dagbag.py:541} INFO - Filling up the DagBag from /home/airflow/.local/lib/python3.7/site-packages/airflow/example_dags/example_latest_only_with_trigger.py
[2023-09-01T19:44:36.419+0000] {processor.py:836} INFO - DAG(s) dict_keys(['latest_only_with_trigger']) retrieved from /home/airflow/.local/lib/python3.7/site-packages/airflow/example_dags/example_latest_only_with_trigger.py
[2023-09-01T19:44:36.440+0000] {logging_mixin.py:150} INFO - [2023-09-01T19:44:36.440+0000] {dag.py:2742} INFO - Sync 1 DAGs
[2023-09-01T19:44:36.462+0000] {logging_mixin.py:150} INFO - [2023-09-01T19:44:36.462+0000] {dag.py:3508} INFO - Setting next_dagrun for latest_only_with_trigger to 2023-09-01T15:44:36.462442+00:00, run_after=2023-09-01T19:44:36.462442+00:00
[2023-09-01T19:44:36.481+0000] {processor.py:179} INFO - Processing /home/airflow/.local/lib/python3.7/site-packages/airflow/example_dags/example_latest_only_with_trigger.py took 0.073 seconds
[2023-09-01T19:45:06.758+0000] {processor.py:157} INFO - Started process (PID=1486) to work on /home/airflow/.local/lib/python3.7/site-packages/airflow/example_dags/example_latest_only_with_trigger.py
[2023-09-01T19:45:06.759+0000] {processor.py:826} INFO - Processing file /home/airflow/.local/lib/python3.7/site-packages/airflow/example_dags/example_latest_only_with_trigger.py for tasks to queue
[2023-09-01T19:45:06.760+0000] {logging_mixin.py:150} INFO - [2023-09-01T19:45:06.759+0000] {dagbag.py:541} INFO - Filling up the DagBag from /home/airflow/.local/lib/python3.7/site-packages/airflow/example_dags/example_latest_only_with_trigger.py
[2023-09-01T19:45:06.770+0000] {processor.py:836} INFO - DAG(s) dict_keys(['latest_only_with_trigger']) retrieved from /home/airflow/.local/lib/python3.7/site-packages/airflow/example_dags/example_latest_only_with_trigger.py
[2023-09-01T19:45:06.809+0000] {logging_mixin.py:150} INFO - [2023-09-01T19:45:06.809+0000] {dag.py:2742} INFO - Sync 1 DAGs
[2023-09-01T19:45:06.832+0000] {logging_mixin.py:150} INFO - [2023-09-01T19:45:06.831+0000] {dag.py:3508} INFO - Setting next_dagrun for latest_only_with_trigger to 2023-09-01T15:45:06.831689+00:00, run_after=2023-09-01T19:45:06.831689+00:00
[2023-09-01T19:45:06.851+0000] {processor.py:179} INFO - Processing /home/airflow/.local/lib/python3.7/site-packages/airflow/example_dags/example_latest_only_with_trigger.py took 0.100 seconds
[2023-09-01T19:45:37.068+0000] {processor.py:157} INFO - Started process (PID=1541) to work on /home/airflow/.local/lib/python3.7/site-packages/airflow/example_dags/example_latest_only_with_trigger.py
[2023-09-01T19:45:37.068+0000] {processor.py:826} INFO - Processing file /home/airflow/.local/lib/python3.7/site-packages/airflow/example_dags/example_latest_only_with_trigger.py for tasks to queue
[2023-09-01T19:45:37.069+0000] {logging_mixin.py:150} INFO - [2023-09-01T19:45:37.069+0000] {dagbag.py:541} INFO - Filling up the DagBag from /home/airflow/.local/lib/python3.7/site-packages/airflow/example_dags/example_latest_only_with_trigger.py
[2023-09-01T19:45:37.075+0000] {processor.py:836} INFO - DAG(s) dict_keys(['latest_only_with_trigger']) retrieved from /home/airflow/.local/lib/python3.7/site-packages/airflow/example_dags/example_latest_only_with_trigger.py
[2023-09-01T19:45:37.116+0000] {logging_mixin.py:150} INFO - [2023-09-01T19:45:37.116+0000] {dag.py:2742} INFO - Sync 1 DAGs
[2023-09-01T19:45:37.153+0000] {logging_mixin.py:150} INFO - [2023-09-01T19:45:37.152+0000] {dag.py:3508} INFO - Setting next_dagrun for latest_only_with_trigger to 2023-09-01T15:45:37.152685+00:00, run_after=2023-09-01T19:45:37.152685+00:00
[2023-09-01T19:45:37.169+0000] {processor.py:179} INFO - Processing /home/airflow/.local/lib/python3.7/site-packages/airflow/example_dags/example_latest_only_with_trigger.py took 0.104 seconds
[2023-09-01T19:46:07.485+0000] {processor.py:157} INFO - Started process (PID=1596) to work on /home/airflow/.local/lib/python3.7/site-packages/airflow/example_dags/example_latest_only_with_trigger.py
[2023-09-01T19:46:07.486+0000] {processor.py:826} INFO - Processing file /home/airflow/.local/lib/python3.7/site-packages/airflow/example_dags/example_latest_only_with_trigger.py for tasks to queue
[2023-09-01T19:46:07.487+0000] {logging_mixin.py:150} INFO - [2023-09-01T19:46:07.487+0000] {dagbag.py:541} INFO - Filling up the DagBag from /home/airflow/.local/lib/python3.7/site-packages/airflow/example_dags/example_latest_only_with_trigger.py
[2023-09-01T19:46:07.493+0000] {processor.py:836} INFO - DAG(s) dict_keys(['latest_only_with_trigger']) retrieved from /home/airflow/.local/lib/python3.7/site-packages/airflow/example_dags/example_latest_only_with_trigger.py
[2023-09-01T19:46:07.512+0000] {logging_mixin.py:150} INFO - [2023-09-01T19:46:07.512+0000] {dag.py:2742} INFO - Sync 1 DAGs
[2023-09-01T19:46:07.532+0000] {logging_mixin.py:150} INFO - [2023-09-01T19:46:07.532+0000] {dag.py:3508} INFO - Setting next_dagrun for latest_only_with_trigger to 2023-09-01T15:46:07.532224+00:00, run_after=2023-09-01T19:46:07.532224+00:00
[2023-09-01T19:46:07.550+0000] {processor.py:179} INFO - Processing /home/airflow/.local/lib/python3.7/site-packages/airflow/example_dags/example_latest_only_with_trigger.py took 0.073 seconds
[2023-09-01T19:46:37.899+0000] {processor.py:157} INFO - Started process (PID=1651) to work on /home/airflow/.local/lib/python3.7/site-packages/airflow/example_dags/example_latest_only_with_trigger.py
[2023-09-01T19:46:37.900+0000] {processor.py:826} INFO - Processing file /home/airflow/.local/lib/python3.7/site-packages/airflow/example_dags/example_latest_only_with_trigger.py for tasks to queue
[2023-09-01T19:46:37.901+0000] {logging_mixin.py:150} INFO - [2023-09-01T19:46:37.901+0000] {dagbag.py:541} INFO - Filling up the DagBag from /home/airflow/.local/lib/python3.7/site-packages/airflow/example_dags/example_latest_only_with_trigger.py
[2023-09-01T19:46:37.911+0000] {processor.py:836} INFO - DAG(s) dict_keys(['latest_only_with_trigger']) retrieved from /home/airflow/.local/lib/python3.7/site-packages/airflow/example_dags/example_latest_only_with_trigger.py
[2023-09-01T19:46:37.934+0000] {logging_mixin.py:150} INFO - [2023-09-01T19:46:37.934+0000] {dag.py:2742} INFO - Sync 1 DAGs
[2023-09-01T19:46:37.962+0000] {logging_mixin.py:150} INFO - [2023-09-01T19:46:37.962+0000] {dag.py:3508} INFO - Setting next_dagrun for latest_only_with_trigger to 2023-09-01T15:46:37.962231+00:00, run_after=2023-09-01T19:46:37.962231+00:00
[2023-09-01T19:46:37.988+0000] {processor.py:179} INFO - Processing /home/airflow/.local/lib/python3.7/site-packages/airflow/example_dags/example_latest_only_with_trigger.py took 0.092 seconds
[2023-09-01T19:47:08.568+0000] {processor.py:157} INFO - Started process (PID=1706) to work on /home/airflow/.local/lib/python3.7/site-packages/airflow/example_dags/example_latest_only_with_trigger.py
[2023-09-01T19:47:08.569+0000] {processor.py:826} INFO - Processing file /home/airflow/.local/lib/python3.7/site-packages/airflow/example_dags/example_latest_only_with_trigger.py for tasks to queue
[2023-09-01T19:47:08.569+0000] {logging_mixin.py:150} INFO - [2023-09-01T19:47:08.569+0000] {dagbag.py:541} INFO - Filling up the DagBag from /home/airflow/.local/lib/python3.7/site-packages/airflow/example_dags/example_latest_only_with_trigger.py
[2023-09-01T19:47:08.575+0000] {processor.py:836} INFO - DAG(s) dict_keys(['latest_only_with_trigger']) retrieved from /home/airflow/.local/lib/python3.7/site-packages/airflow/example_dags/example_latest_only_with_trigger.py
[2023-09-01T19:47:08.594+0000] {logging_mixin.py:150} INFO - [2023-09-01T19:47:08.594+0000] {dag.py:2742} INFO - Sync 1 DAGs
[2023-09-01T19:47:08.616+0000] {logging_mixin.py:150} INFO - [2023-09-01T19:47:08.615+0000] {dag.py:3508} INFO - Setting next_dagrun for latest_only_with_trigger to 2023-09-01T15:47:08.615653+00:00, run_after=2023-09-01T19:47:08.615653+00:00
[2023-09-01T19:47:08.641+0000] {processor.py:179} INFO - Processing /home/airflow/.local/lib/python3.7/site-packages/airflow/example_dags/example_latest_only_with_trigger.py took 0.077 seconds
[2023-09-01T19:47:38.961+0000] {processor.py:157} INFO - Started process (PID=1761) to work on /home/airflow/.local/lib/python3.7/site-packages/airflow/example_dags/example_latest_only_with_trigger.py
[2023-09-01T19:47:38.962+0000] {processor.py:826} INFO - Processing file /home/airflow/.local/lib/python3.7/site-packages/airflow/example_dags/example_latest_only_with_trigger.py for tasks to queue
[2023-09-01T19:47:38.963+0000] {logging_mixin.py:150} INFO - [2023-09-01T19:47:38.962+0000] {dagbag.py:541} INFO - Filling up the DagBag from /home/airflow/.local/lib/python3.7/site-packages/airflow/example_dags/example_latest_only_with_trigger.py
[2023-09-01T19:47:38.972+0000] {processor.py:836} INFO - DAG(s) dict_keys(['latest_only_with_trigger']) retrieved from /home/airflow/.local/lib/python3.7/site-packages/airflow/example_dags/example_latest_only_with_trigger.py
[2023-09-01T19:47:38.994+0000] {logging_mixin.py:150} INFO - [2023-09-01T19:47:38.994+0000] {dag.py:2742} INFO - Sync 1 DAGs
[2023-09-01T19:47:39.023+0000] {logging_mixin.py:150} INFO - [2023-09-01T19:47:39.023+0000] {dag.py:3508} INFO - Setting next_dagrun for latest_only_with_trigger to 2023-09-01T15:47:39.023505+00:00, run_after=2023-09-01T19:47:39.023505+00:00
[2023-09-01T19:47:39.046+0000] {processor.py:179} INFO - Processing /home/airflow/.local/lib/python3.7/site-packages/airflow/example_dags/example_latest_only_with_trigger.py took 0.088 seconds
[2023-09-01T19:48:09.406+0000] {processor.py:157} INFO - Started process (PID=1816) to work on /home/airflow/.local/lib/python3.7/site-packages/airflow/example_dags/example_latest_only_with_trigger.py
[2023-09-01T19:48:09.408+0000] {processor.py:826} INFO - Processing file /home/airflow/.local/lib/python3.7/site-packages/airflow/example_dags/example_latest_only_with_trigger.py for tasks to queue
[2023-09-01T19:48:09.410+0000] {logging_mixin.py:150} INFO - [2023-09-01T19:48:09.409+0000] {dagbag.py:541} INFO - Filling up the DagBag from /home/airflow/.local/lib/python3.7/site-packages/airflow/example_dags/example_latest_only_with_trigger.py
[2023-09-01T19:48:09.417+0000] {processor.py:836} INFO - DAG(s) dict_keys(['latest_only_with_trigger']) retrieved from /home/airflow/.local/lib/python3.7/site-packages/airflow/example_dags/example_latest_only_with_trigger.py
[2023-09-01T19:48:09.445+0000] {logging_mixin.py:150} INFO - [2023-09-01T19:48:09.444+0000] {dag.py:2742} INFO - Sync 1 DAGs
[2023-09-01T19:48:09.478+0000] {logging_mixin.py:150} INFO - [2023-09-01T19:48:09.478+0000] {dag.py:3508} INFO - Setting next_dagrun for latest_only_with_trigger to 2023-09-01T15:48:09.478064+00:00, run_after=2023-09-01T19:48:09.478064+00:00
[2023-09-01T19:48:09.505+0000] {processor.py:179} INFO - Processing /home/airflow/.local/lib/python3.7/site-packages/airflow/example_dags/example_latest_only_with_trigger.py took 0.105 seconds
[2023-09-01T19:48:40.312+0000] {processor.py:157} INFO - Started process (PID=1870) to work on /home/airflow/.local/lib/python3.7/site-packages/airflow/example_dags/example_latest_only_with_trigger.py
[2023-09-01T19:48:40.313+0000] {processor.py:826} INFO - Processing file /home/airflow/.local/lib/python3.7/site-packages/airflow/example_dags/example_latest_only_with_trigger.py for tasks to queue
[2023-09-01T19:48:40.318+0000] {logging_mixin.py:150} INFO - [2023-09-01T19:48:40.318+0000] {dagbag.py:541} INFO - Filling up the DagBag from /home/airflow/.local/lib/python3.7/site-packages/airflow/example_dags/example_latest_only_with_trigger.py
[2023-09-01T19:48:40.333+0000] {processor.py:836} INFO - DAG(s) dict_keys(['latest_only_with_trigger']) retrieved from /home/airflow/.local/lib/python3.7/site-packages/airflow/example_dags/example_latest_only_with_trigger.py
[2023-09-01T19:48:40.376+0000] {logging_mixin.py:150} INFO - [2023-09-01T19:48:40.376+0000] {dag.py:2742} INFO - Sync 1 DAGs
[2023-09-01T19:48:40.403+0000] {logging_mixin.py:150} INFO - [2023-09-01T19:48:40.403+0000] {dag.py:3508} INFO - Setting next_dagrun for latest_only_with_trigger to 2023-09-01T15:48:40.402797+00:00, run_after=2023-09-01T19:48:40.402797+00:00
[2023-09-01T19:48:40.420+0000] {processor.py:179} INFO - Processing /home/airflow/.local/lib/python3.7/site-packages/airflow/example_dags/example_latest_only_with_trigger.py took 0.111 seconds
[2023-09-01T19:49:11.048+0000] {processor.py:157} INFO - Started process (PID=1925) to work on /home/airflow/.local/lib/python3.7/site-packages/airflow/example_dags/example_latest_only_with_trigger.py
[2023-09-01T19:49:11.048+0000] {processor.py:826} INFO - Processing file /home/airflow/.local/lib/python3.7/site-packages/airflow/example_dags/example_latest_only_with_trigger.py for tasks to queue
[2023-09-01T19:49:11.049+0000] {logging_mixin.py:150} INFO - [2023-09-01T19:49:11.049+0000] {dagbag.py:541} INFO - Filling up the DagBag from /home/airflow/.local/lib/python3.7/site-packages/airflow/example_dags/example_latest_only_with_trigger.py
[2023-09-01T19:49:11.055+0000] {processor.py:836} INFO - DAG(s) dict_keys(['latest_only_with_trigger']) retrieved from /home/airflow/.local/lib/python3.7/site-packages/airflow/example_dags/example_latest_only_with_trigger.py
[2023-09-01T19:49:11.074+0000] {logging_mixin.py:150} INFO - [2023-09-01T19:49:11.073+0000] {dag.py:2742} INFO - Sync 1 DAGs
[2023-09-01T19:49:11.094+0000] {logging_mixin.py:150} INFO - [2023-09-01T19:49:11.094+0000] {dag.py:3508} INFO - Setting next_dagrun for latest_only_with_trigger to 2023-09-01T15:49:11.094123+00:00, run_after=2023-09-01T19:49:11.094123+00:00
[2023-09-01T19:49:11.109+0000] {processor.py:179} INFO - Processing /home/airflow/.local/lib/python3.7/site-packages/airflow/example_dags/example_latest_only_with_trigger.py took 0.069 seconds
[2023-09-01T19:49:41.760+0000] {processor.py:157} INFO - Started process (PID=1980) to work on /home/airflow/.local/lib/python3.7/site-packages/airflow/example_dags/example_latest_only_with_trigger.py
[2023-09-01T19:49:41.763+0000] {processor.py:826} INFO - Processing file /home/airflow/.local/lib/python3.7/site-packages/airflow/example_dags/example_latest_only_with_trigger.py for tasks to queue
[2023-09-01T19:49:41.763+0000] {logging_mixin.py:150} INFO - [2023-09-01T19:49:41.763+0000] {dagbag.py:541} INFO - Filling up the DagBag from /home/airflow/.local/lib/python3.7/site-packages/airflow/example_dags/example_latest_only_with_trigger.py
[2023-09-01T19:49:41.769+0000] {processor.py:836} INFO - DAG(s) dict_keys(['latest_only_with_trigger']) retrieved from /home/airflow/.local/lib/python3.7/site-packages/airflow/example_dags/example_latest_only_with_trigger.py
[2023-09-01T19:49:41.802+0000] {logging_mixin.py:150} INFO - [2023-09-01T19:49:41.801+0000] {dag.py:2742} INFO - Sync 1 DAGs
[2023-09-01T19:49:41.825+0000] {logging_mixin.py:150} INFO - [2023-09-01T19:49:41.825+0000] {dag.py:3508} INFO - Setting next_dagrun for latest_only_with_trigger to 2023-09-01T15:49:41.824084+00:00, run_after=2023-09-01T19:49:41.824084+00:00
[2023-09-01T19:49:41.844+0000] {processor.py:179} INFO - Processing /home/airflow/.local/lib/python3.7/site-packages/airflow/example_dags/example_latest_only_with_trigger.py took 0.092 seconds
[2023-09-01T19:50:12.106+0000] {processor.py:157} INFO - Started process (PID=2035) to work on /home/airflow/.local/lib/python3.7/site-packages/airflow/example_dags/example_latest_only_with_trigger.py
[2023-09-01T19:50:12.110+0000] {processor.py:826} INFO - Processing file /home/airflow/.local/lib/python3.7/site-packages/airflow/example_dags/example_latest_only_with_trigger.py for tasks to queue
[2023-09-01T19:50:12.111+0000] {logging_mixin.py:150} INFO - [2023-09-01T19:50:12.111+0000] {dagbag.py:541} INFO - Filling up the DagBag from /home/airflow/.local/lib/python3.7/site-packages/airflow/example_dags/example_latest_only_with_trigger.py
[2023-09-01T19:50:12.122+0000] {processor.py:836} INFO - DAG(s) dict_keys(['latest_only_with_trigger']) retrieved from /home/airflow/.local/lib/python3.7/site-packages/airflow/example_dags/example_latest_only_with_trigger.py
[2023-09-01T19:50:12.189+0000] {logging_mixin.py:150} INFO - [2023-09-01T19:50:12.189+0000] {dag.py:2742} INFO - Sync 1 DAGs
[2023-09-01T19:50:12.223+0000] {logging_mixin.py:150} INFO - [2023-09-01T19:50:12.222+0000] {dag.py:3508} INFO - Setting next_dagrun for latest_only_with_trigger to 2023-09-01T15:50:12.222583+00:00, run_after=2023-09-01T19:50:12.222583+00:00
[2023-09-01T19:50:12.282+0000] {processor.py:179} INFO - Processing /home/airflow/.local/lib/python3.7/site-packages/airflow/example_dags/example_latest_only_with_trigger.py took 0.186 seconds
[2023-09-01T19:50:43.026+0000] {processor.py:157} INFO - Started process (PID=2090) to work on /home/airflow/.local/lib/python3.7/site-packages/airflow/example_dags/example_latest_only_with_trigger.py
[2023-09-01T19:50:43.027+0000] {processor.py:826} INFO - Processing file /home/airflow/.local/lib/python3.7/site-packages/airflow/example_dags/example_latest_only_with_trigger.py for tasks to queue
[2023-09-01T19:50:43.028+0000] {logging_mixin.py:150} INFO - [2023-09-01T19:50:43.028+0000] {dagbag.py:541} INFO - Filling up the DagBag from /home/airflow/.local/lib/python3.7/site-packages/airflow/example_dags/example_latest_only_with_trigger.py
[2023-09-01T19:50:43.034+0000] {processor.py:836} INFO - DAG(s) dict_keys(['latest_only_with_trigger']) retrieved from /home/airflow/.local/lib/python3.7/site-packages/airflow/example_dags/example_latest_only_with_trigger.py
[2023-09-01T19:50:43.061+0000] {logging_mixin.py:150} INFO - [2023-09-01T19:50:43.061+0000] {dag.py:2742} INFO - Sync 1 DAGs
[2023-09-01T19:50:43.090+0000] {logging_mixin.py:150} INFO - [2023-09-01T19:50:43.090+0000] {dag.py:3508} INFO - Setting next_dagrun for latest_only_with_trigger to 2023-09-01T15:50:43.089932+00:00, run_after=2023-09-01T19:50:43.089932+00:00
[2023-09-01T19:50:43.107+0000] {processor.py:179} INFO - Processing /home/airflow/.local/lib/python3.7/site-packages/airflow/example_dags/example_latest_only_with_trigger.py took 0.084 seconds
[2023-09-01T19:51:13.897+0000] {processor.py:157} INFO - Started process (PID=2144) to work on /home/airflow/.local/lib/python3.7/site-packages/airflow/example_dags/example_latest_only_with_trigger.py
[2023-09-01T19:51:13.899+0000] {processor.py:826} INFO - Processing file /home/airflow/.local/lib/python3.7/site-packages/airflow/example_dags/example_latest_only_with_trigger.py for tasks to queue
[2023-09-01T19:51:13.899+0000] {logging_mixin.py:150} INFO - [2023-09-01T19:51:13.899+0000] {dagbag.py:541} INFO - Filling up the DagBag from /home/airflow/.local/lib/python3.7/site-packages/airflow/example_dags/example_latest_only_with_trigger.py
[2023-09-01T19:51:13.905+0000] {processor.py:836} INFO - DAG(s) dict_keys(['latest_only_with_trigger']) retrieved from /home/airflow/.local/lib/python3.7/site-packages/airflow/example_dags/example_latest_only_with_trigger.py
[2023-09-01T19:51:13.930+0000] {logging_mixin.py:150} INFO - [2023-09-01T19:51:13.930+0000] {dag.py:2742} INFO - Sync 1 DAGs
[2023-09-01T19:51:13.953+0000] {logging_mixin.py:150} INFO - [2023-09-01T19:51:13.953+0000] {dag.py:3508} INFO - Setting next_dagrun for latest_only_with_trigger to 2023-09-01T15:51:13.953514+00:00, run_after=2023-09-01T19:51:13.953514+00:00
[2023-09-01T19:51:13.975+0000] {processor.py:179} INFO - Processing /home/airflow/.local/lib/python3.7/site-packages/airflow/example_dags/example_latest_only_with_trigger.py took 0.080 seconds
[2023-09-01T19:51:44.910+0000] {processor.py:157} INFO - Started process (PID=2199) to work on /home/airflow/.local/lib/python3.7/site-packages/airflow/example_dags/example_latest_only_with_trigger.py
[2023-09-01T19:51:44.911+0000] {processor.py:826} INFO - Processing file /home/airflow/.local/lib/python3.7/site-packages/airflow/example_dags/example_latest_only_with_trigger.py for tasks to queue
[2023-09-01T19:51:44.911+0000] {logging_mixin.py:150} INFO - [2023-09-01T19:51:44.911+0000] {dagbag.py:541} INFO - Filling up the DagBag from /home/airflow/.local/lib/python3.7/site-packages/airflow/example_dags/example_latest_only_with_trigger.py
[2023-09-01T19:51:44.917+0000] {processor.py:836} INFO - DAG(s) dict_keys(['latest_only_with_trigger']) retrieved from /home/airflow/.local/lib/python3.7/site-packages/airflow/example_dags/example_latest_only_with_trigger.py
[2023-09-01T19:51:44.938+0000] {logging_mixin.py:150} INFO - [2023-09-01T19:51:44.938+0000] {dag.py:2742} INFO - Sync 1 DAGs
[2023-09-01T19:51:44.960+0000] {logging_mixin.py:150} INFO - [2023-09-01T19:51:44.960+0000] {dag.py:3508} INFO - Setting next_dagrun for latest_only_with_trigger to 2023-09-01T15:51:44.960190+00:00, run_after=2023-09-01T19:51:44.960190+00:00
[2023-09-01T19:51:44.977+0000] {processor.py:179} INFO - Processing /home/airflow/.local/lib/python3.7/site-packages/airflow/example_dags/example_latest_only_with_trigger.py took 0.070 seconds
[2023-09-01T19:52:16.159+0000] {processor.py:157} INFO - Started process (PID=2253) to work on /home/airflow/.local/lib/python3.7/site-packages/airflow/example_dags/example_latest_only_with_trigger.py
[2023-09-01T19:52:16.160+0000] {processor.py:826} INFO - Processing file /home/airflow/.local/lib/python3.7/site-packages/airflow/example_dags/example_latest_only_with_trigger.py for tasks to queue
[2023-09-01T19:52:16.162+0000] {logging_mixin.py:150} INFO - [2023-09-01T19:52:16.161+0000] {dagbag.py:541} INFO - Filling up the DagBag from /home/airflow/.local/lib/python3.7/site-packages/airflow/example_dags/example_latest_only_with_trigger.py
[2023-09-01T19:52:16.171+0000] {processor.py:836} INFO - DAG(s) dict_keys(['latest_only_with_trigger']) retrieved from /home/airflow/.local/lib/python3.7/site-packages/airflow/example_dags/example_latest_only_with_trigger.py
[2023-09-01T19:52:16.216+0000] {logging_mixin.py:150} INFO - [2023-09-01T19:52:16.215+0000] {dag.py:2742} INFO - Sync 1 DAGs
[2023-09-01T19:52:16.253+0000] {logging_mixin.py:150} INFO - [2023-09-01T19:52:16.253+0000] {dag.py:3508} INFO - Setting next_dagrun for latest_only_with_trigger to 2023-09-01T15:52:16.253331+00:00, run_after=2023-09-01T19:52:16.253331+00:00
[2023-09-01T19:52:16.284+0000] {processor.py:179} INFO - Processing /home/airflow/.local/lib/python3.7/site-packages/airflow/example_dags/example_latest_only_with_trigger.py took 0.131 seconds
[2023-09-01T19:52:46.995+0000] {processor.py:157} INFO - Started process (PID=2309) to work on /home/airflow/.local/lib/python3.7/site-packages/airflow/example_dags/example_latest_only_with_trigger.py
[2023-09-01T19:52:46.996+0000] {processor.py:826} INFO - Processing file /home/airflow/.local/lib/python3.7/site-packages/airflow/example_dags/example_latest_only_with_trigger.py for tasks to queue
[2023-09-01T19:52:46.997+0000] {logging_mixin.py:150} INFO - [2023-09-01T19:52:46.996+0000] {dagbag.py:541} INFO - Filling up the DagBag from /home/airflow/.local/lib/python3.7/site-packages/airflow/example_dags/example_latest_only_with_trigger.py
[2023-09-01T19:52:47.003+0000] {processor.py:836} INFO - DAG(s) dict_keys(['latest_only_with_trigger']) retrieved from /home/airflow/.local/lib/python3.7/site-packages/airflow/example_dags/example_latest_only_with_trigger.py
[2023-09-01T19:52:47.032+0000] {logging_mixin.py:150} INFO - [2023-09-01T19:52:47.031+0000] {dag.py:2742} INFO - Sync 1 DAGs
[2023-09-01T19:52:47.066+0000] {logging_mixin.py:150} INFO - [2023-09-01T19:52:47.066+0000] {dag.py:3508} INFO - Setting next_dagrun for latest_only_with_trigger to 2023-09-01T15:52:47.066078+00:00, run_after=2023-09-01T19:52:47.066078+00:00
[2023-09-01T19:52:47.085+0000] {processor.py:179} INFO - Processing /home/airflow/.local/lib/python3.7/site-packages/airflow/example_dags/example_latest_only_with_trigger.py took 0.093 seconds
[2023-09-01T19:53:17.470+0000] {processor.py:157} INFO - Started process (PID=2364) to work on /home/airflow/.local/lib/python3.7/site-packages/airflow/example_dags/example_latest_only_with_trigger.py
[2023-09-01T19:53:17.471+0000] {processor.py:826} INFO - Processing file /home/airflow/.local/lib/python3.7/site-packages/airflow/example_dags/example_latest_only_with_trigger.py for tasks to queue
[2023-09-01T19:53:17.472+0000] {logging_mixin.py:150} INFO - [2023-09-01T19:53:17.472+0000] {dagbag.py:541} INFO - Filling up the DagBag from /home/airflow/.local/lib/python3.7/site-packages/airflow/example_dags/example_latest_only_with_trigger.py
[2023-09-01T19:53:17.479+0000] {processor.py:836} INFO - DAG(s) dict_keys(['latest_only_with_trigger']) retrieved from /home/airflow/.local/lib/python3.7/site-packages/airflow/example_dags/example_latest_only_with_trigger.py
[2023-09-01T19:53:17.506+0000] {logging_mixin.py:150} INFO - [2023-09-01T19:53:17.506+0000] {dag.py:2742} INFO - Sync 1 DAGs
[2023-09-01T19:53:17.529+0000] {logging_mixin.py:150} INFO - [2023-09-01T19:53:17.529+0000] {dag.py:3508} INFO - Setting next_dagrun for latest_only_with_trigger to 2023-09-01T15:53:17.529130+00:00, run_after=2023-09-01T19:53:17.529130+00:00
[2023-09-01T19:53:17.550+0000] {processor.py:179} INFO - Processing /home/airflow/.local/lib/python3.7/site-packages/airflow/example_dags/example_latest_only_with_trigger.py took 0.084 seconds
[2023-09-01T19:53:48.087+0000] {processor.py:157} INFO - Started process (PID=2419) to work on /home/airflow/.local/lib/python3.7/site-packages/airflow/example_dags/example_latest_only_with_trigger.py
[2023-09-01T19:53:48.087+0000] {processor.py:826} INFO - Processing file /home/airflow/.local/lib/python3.7/site-packages/airflow/example_dags/example_latest_only_with_trigger.py for tasks to queue
[2023-09-01T19:53:48.088+0000] {logging_mixin.py:150} INFO - [2023-09-01T19:53:48.088+0000] {dagbag.py:541} INFO - Filling up the DagBag from /home/airflow/.local/lib/python3.7/site-packages/airflow/example_dags/example_latest_only_with_trigger.py
[2023-09-01T19:53:48.095+0000] {processor.py:836} INFO - DAG(s) dict_keys(['latest_only_with_trigger']) retrieved from /home/airflow/.local/lib/python3.7/site-packages/airflow/example_dags/example_latest_only_with_trigger.py
[2023-09-01T19:53:48.117+0000] {logging_mixin.py:150} INFO - [2023-09-01T19:53:48.117+0000] {dag.py:2742} INFO - Sync 1 DAGs
[2023-09-01T19:53:48.144+0000] {logging_mixin.py:150} INFO - [2023-09-01T19:53:48.143+0000] {dag.py:3508} INFO - Setting next_dagrun for latest_only_with_trigger to 2023-09-01T15:53:48.143608+00:00, run_after=2023-09-01T19:53:48.143608+00:00
[2023-09-01T19:53:48.175+0000] {processor.py:179} INFO - Processing /home/airflow/.local/lib/python3.7/site-packages/airflow/example_dags/example_latest_only_with_trigger.py took 0.091 seconds
[2023-09-01T19:54:19.402+0000] {processor.py:157} INFO - Started process (PID=2474) to work on /home/airflow/.local/lib/python3.7/site-packages/airflow/example_dags/example_latest_only_with_trigger.py
[2023-09-01T19:54:19.403+0000] {processor.py:826} INFO - Processing file /home/airflow/.local/lib/python3.7/site-packages/airflow/example_dags/example_latest_only_with_trigger.py for tasks to queue
[2023-09-01T19:54:19.404+0000] {logging_mixin.py:150} INFO - [2023-09-01T19:54:19.404+0000] {dagbag.py:541} INFO - Filling up the DagBag from /home/airflow/.local/lib/python3.7/site-packages/airflow/example_dags/example_latest_only_with_trigger.py
[2023-09-01T19:54:19.412+0000] {processor.py:836} INFO - DAG(s) dict_keys(['latest_only_with_trigger']) retrieved from /home/airflow/.local/lib/python3.7/site-packages/airflow/example_dags/example_latest_only_with_trigger.py
[2023-09-01T19:54:19.436+0000] {logging_mixin.py:150} INFO - [2023-09-01T19:54:19.436+0000] {dag.py:2742} INFO - Sync 1 DAGs
[2023-09-01T19:54:19.466+0000] {logging_mixin.py:150} INFO - [2023-09-01T19:54:19.466+0000] {dag.py:3508} INFO - Setting next_dagrun for latest_only_with_trigger to 2023-09-01T15:54:19.466515+00:00, run_after=2023-09-01T19:54:19.466515+00:00
[2023-09-01T19:54:19.483+0000] {processor.py:179} INFO - Processing /home/airflow/.local/lib/python3.7/site-packages/airflow/example_dags/example_latest_only_with_trigger.py took 0.086 seconds
[2023-09-01T19:54:50.509+0000] {processor.py:157} INFO - Started process (PID=2529) to work on /home/airflow/.local/lib/python3.7/site-packages/airflow/example_dags/example_latest_only_with_trigger.py
[2023-09-01T19:54:50.510+0000] {processor.py:826} INFO - Processing file /home/airflow/.local/lib/python3.7/site-packages/airflow/example_dags/example_latest_only_with_trigger.py for tasks to queue
[2023-09-01T19:54:50.510+0000] {logging_mixin.py:150} INFO - [2023-09-01T19:54:50.510+0000] {dagbag.py:541} INFO - Filling up the DagBag from /home/airflow/.local/lib/python3.7/site-packages/airflow/example_dags/example_latest_only_with_trigger.py
[2023-09-01T19:54:50.517+0000] {processor.py:836} INFO - DAG(s) dict_keys(['latest_only_with_trigger']) retrieved from /home/airflow/.local/lib/python3.7/site-packages/airflow/example_dags/example_latest_only_with_trigger.py
[2023-09-01T19:54:50.545+0000] {logging_mixin.py:150} INFO - [2023-09-01T19:54:50.544+0000] {dag.py:2742} INFO - Sync 1 DAGs
[2023-09-01T19:54:50.571+0000] {logging_mixin.py:150} INFO - [2023-09-01T19:54:50.571+0000] {dag.py:3508} INFO - Setting next_dagrun for latest_only_with_trigger to 2023-09-01T15:54:50.570895+00:00, run_after=2023-09-01T19:54:50.570895+00:00
[2023-09-01T19:54:50.602+0000] {processor.py:179} INFO - Processing /home/airflow/.local/lib/python3.7/site-packages/airflow/example_dags/example_latest_only_with_trigger.py took 0.096 seconds
