[2023-09-01T19:31:51.858+0000] {processor.py:157} INFO - Started process (PID=46) to work on /home/airflow/.local/lib/python3.7/site-packages/airflow/example_dags/example_short_circuit_decorator.py
[2023-09-01T19:31:51.859+0000] {processor.py:826} INFO - Processing file /home/airflow/.local/lib/python3.7/site-packages/airflow/example_dags/example_short_circuit_decorator.py for tasks to queue
[2023-09-01T19:31:51.864+0000] {logging_mixin.py:150} INFO - [2023-09-01T19:31:51.863+0000] {dagbag.py:541} INFO - Filling up the DagBag from /home/airflow/.local/lib/python3.7/site-packages/airflow/example_dags/example_short_circuit_decorator.py
[2023-09-01T19:31:51.880+0000] {processor.py:836} INFO - DAG(s) dict_keys(['example_short_circuit_decorator']) retrieved from /home/airflow/.local/lib/python3.7/site-packages/airflow/example_dags/example_short_circuit_decorator.py
[2023-09-01T19:31:51.949+0000] {logging_mixin.py:150} INFO - [2023-09-01T19:31:51.948+0000] {dag.py:2742} INFO - Sync 1 DAGs
[2023-09-01T19:31:52.401+0000] {logging_mixin.py:150} INFO - [2023-09-01T19:31:52.401+0000] {dag.py:3508} INFO - Setting next_dagrun for example_short_circuit_decorator to 2023-08-31T19:31:52.401353+00:00, run_after=2023-09-01T19:31:52.401353+00:00
[2023-09-01T19:31:52.428+0000] {processor.py:179} INFO - Processing /home/airflow/.local/lib/python3.7/site-packages/airflow/example_dags/example_short_circuit_decorator.py took 0.574 seconds
[2023-09-01T19:32:23.158+0000] {processor.py:157} INFO - Started process (PID=102) to work on /home/airflow/.local/lib/python3.7/site-packages/airflow/example_dags/example_short_circuit_decorator.py
[2023-09-01T19:32:23.159+0000] {processor.py:826} INFO - Processing file /home/airflow/.local/lib/python3.7/site-packages/airflow/example_dags/example_short_circuit_decorator.py for tasks to queue
[2023-09-01T19:32:23.160+0000] {logging_mixin.py:150} INFO - [2023-09-01T19:32:23.159+0000] {dagbag.py:541} INFO - Filling up the DagBag from /home/airflow/.local/lib/python3.7/site-packages/airflow/example_dags/example_short_circuit_decorator.py
[2023-09-01T19:32:23.169+0000] {processor.py:836} INFO - DAG(s) dict_keys(['example_short_circuit_decorator']) retrieved from /home/airflow/.local/lib/python3.7/site-packages/airflow/example_dags/example_short_circuit_decorator.py
[2023-09-01T19:32:23.190+0000] {logging_mixin.py:150} INFO - [2023-09-01T19:32:23.190+0000] {dag.py:2742} INFO - Sync 1 DAGs
[2023-09-01T19:32:23.215+0000] {logging_mixin.py:150} INFO - [2023-09-01T19:32:23.215+0000] {dag.py:3508} INFO - Setting next_dagrun for example_short_circuit_decorator to 2023-08-31T19:32:23.215279+00:00, run_after=2023-09-01T19:32:23.215279+00:00
[2023-09-01T19:32:23.232+0000] {processor.py:179} INFO - Processing /home/airflow/.local/lib/python3.7/site-packages/airflow/example_dags/example_short_circuit_decorator.py took 0.077 seconds
[2023-09-01T19:32:54.168+0000] {processor.py:157} INFO - Started process (PID=157) to work on /home/airflow/.local/lib/python3.7/site-packages/airflow/example_dags/example_short_circuit_decorator.py
[2023-09-01T19:32:54.169+0000] {processor.py:826} INFO - Processing file /home/airflow/.local/lib/python3.7/site-packages/airflow/example_dags/example_short_circuit_decorator.py for tasks to queue
[2023-09-01T19:32:54.169+0000] {logging_mixin.py:150} INFO - [2023-09-01T19:32:54.169+0000] {dagbag.py:541} INFO - Filling up the DagBag from /home/airflow/.local/lib/python3.7/site-packages/airflow/example_dags/example_short_circuit_decorator.py
[2023-09-01T19:32:54.182+0000] {processor.py:836} INFO - DAG(s) dict_keys(['example_short_circuit_decorator']) retrieved from /home/airflow/.local/lib/python3.7/site-packages/airflow/example_dags/example_short_circuit_decorator.py
[2023-09-01T19:32:54.206+0000] {logging_mixin.py:150} INFO - [2023-09-01T19:32:54.206+0000] {dag.py:2742} INFO - Sync 1 DAGs
[2023-09-01T19:32:54.237+0000] {logging_mixin.py:150} INFO - [2023-09-01T19:32:54.236+0000] {dag.py:3508} INFO - Setting next_dagrun for example_short_circuit_decorator to 2023-08-31T19:32:54.236607+00:00, run_after=2023-09-01T19:32:54.236607+00:00
[2023-09-01T19:32:54.252+0000] {processor.py:179} INFO - Processing /home/airflow/.local/lib/python3.7/site-packages/airflow/example_dags/example_short_circuit_decorator.py took 0.087 seconds
[2023-09-01T19:33:24.486+0000] {processor.py:157} INFO - Started process (PID=212) to work on /home/airflow/.local/lib/python3.7/site-packages/airflow/example_dags/example_short_circuit_decorator.py
[2023-09-01T19:33:24.487+0000] {processor.py:826} INFO - Processing file /home/airflow/.local/lib/python3.7/site-packages/airflow/example_dags/example_short_circuit_decorator.py for tasks to queue
[2023-09-01T19:33:24.487+0000] {logging_mixin.py:150} INFO - [2023-09-01T19:33:24.487+0000] {dagbag.py:541} INFO - Filling up the DagBag from /home/airflow/.local/lib/python3.7/site-packages/airflow/example_dags/example_short_circuit_decorator.py
[2023-09-01T19:33:24.497+0000] {processor.py:836} INFO - DAG(s) dict_keys(['example_short_circuit_decorator']) retrieved from /home/airflow/.local/lib/python3.7/site-packages/airflow/example_dags/example_short_circuit_decorator.py
[2023-09-01T19:33:24.519+0000] {logging_mixin.py:150} INFO - [2023-09-01T19:33:24.519+0000] {dag.py:2742} INFO - Sync 1 DAGs
[2023-09-01T19:33:24.543+0000] {logging_mixin.py:150} INFO - [2023-09-01T19:33:24.542+0000] {dag.py:3508} INFO - Setting next_dagrun for example_short_circuit_decorator to 2023-08-31T19:33:24.542668+00:00, run_after=2023-09-01T19:33:24.542668+00:00
[2023-09-01T19:33:24.560+0000] {processor.py:179} INFO - Processing /home/airflow/.local/lib/python3.7/site-packages/airflow/example_dags/example_short_circuit_decorator.py took 0.078 seconds
[2023-09-01T19:33:54.813+0000] {processor.py:157} INFO - Started process (PID=267) to work on /home/airflow/.local/lib/python3.7/site-packages/airflow/example_dags/example_short_circuit_decorator.py
[2023-09-01T19:33:54.814+0000] {processor.py:826} INFO - Processing file /home/airflow/.local/lib/python3.7/site-packages/airflow/example_dags/example_short_circuit_decorator.py for tasks to queue
[2023-09-01T19:33:54.815+0000] {logging_mixin.py:150} INFO - [2023-09-01T19:33:54.815+0000] {dagbag.py:541} INFO - Filling up the DagBag from /home/airflow/.local/lib/python3.7/site-packages/airflow/example_dags/example_short_circuit_decorator.py
[2023-09-01T19:33:54.828+0000] {processor.py:836} INFO - DAG(s) dict_keys(['example_short_circuit_decorator']) retrieved from /home/airflow/.local/lib/python3.7/site-packages/airflow/example_dags/example_short_circuit_decorator.py
[2023-09-01T19:33:54.856+0000] {logging_mixin.py:150} INFO - [2023-09-01T19:33:54.856+0000] {dag.py:2742} INFO - Sync 1 DAGs
[2023-09-01T19:33:54.883+0000] {logging_mixin.py:150} INFO - [2023-09-01T19:33:54.883+0000] {dag.py:3508} INFO - Setting next_dagrun for example_short_circuit_decorator to 2023-08-31T19:33:54.882908+00:00, run_after=2023-09-01T19:33:54.882908+00:00
[2023-09-01T19:33:54.903+0000] {processor.py:179} INFO - Processing /home/airflow/.local/lib/python3.7/site-packages/airflow/example_dags/example_short_circuit_decorator.py took 0.093 seconds
[2023-09-01T19:34:25.293+0000] {processor.py:157} INFO - Started process (PID=322) to work on /home/airflow/.local/lib/python3.7/site-packages/airflow/example_dags/example_short_circuit_decorator.py
[2023-09-01T19:34:25.295+0000] {processor.py:826} INFO - Processing file /home/airflow/.local/lib/python3.7/site-packages/airflow/example_dags/example_short_circuit_decorator.py for tasks to queue
[2023-09-01T19:34:25.297+0000] {logging_mixin.py:150} INFO - [2023-09-01T19:34:25.296+0000] {dagbag.py:541} INFO - Filling up the DagBag from /home/airflow/.local/lib/python3.7/site-packages/airflow/example_dags/example_short_circuit_decorator.py
[2023-09-01T19:34:25.307+0000] {processor.py:836} INFO - DAG(s) dict_keys(['example_short_circuit_decorator']) retrieved from /home/airflow/.local/lib/python3.7/site-packages/airflow/example_dags/example_short_circuit_decorator.py
[2023-09-01T19:34:25.330+0000] {logging_mixin.py:150} INFO - [2023-09-01T19:34:25.330+0000] {dag.py:2742} INFO - Sync 1 DAGs
[2023-09-01T19:34:25.360+0000] {logging_mixin.py:150} INFO - [2023-09-01T19:34:25.360+0000] {dag.py:3508} INFO - Setting next_dagrun for example_short_circuit_decorator to 2023-08-31T19:34:25.360280+00:00, run_after=2023-09-01T19:34:25.360280+00:00
[2023-09-01T19:34:25.376+0000] {processor.py:179} INFO - Processing /home/airflow/.local/lib/python3.7/site-packages/airflow/example_dags/example_short_circuit_decorator.py took 0.087 seconds
[2023-09-01T19:34:55.522+0000] {processor.py:157} INFO - Started process (PID=377) to work on /home/airflow/.local/lib/python3.7/site-packages/airflow/example_dags/example_short_circuit_decorator.py
[2023-09-01T19:34:55.524+0000] {processor.py:826} INFO - Processing file /home/airflow/.local/lib/python3.7/site-packages/airflow/example_dags/example_short_circuit_decorator.py for tasks to queue
[2023-09-01T19:34:55.524+0000] {logging_mixin.py:150} INFO - [2023-09-01T19:34:55.524+0000] {dagbag.py:541} INFO - Filling up the DagBag from /home/airflow/.local/lib/python3.7/site-packages/airflow/example_dags/example_short_circuit_decorator.py
[2023-09-01T19:34:55.535+0000] {processor.py:836} INFO - DAG(s) dict_keys(['example_short_circuit_decorator']) retrieved from /home/airflow/.local/lib/python3.7/site-packages/airflow/example_dags/example_short_circuit_decorator.py
[2023-09-01T19:34:55.557+0000] {logging_mixin.py:150} INFO - [2023-09-01T19:34:55.556+0000] {dag.py:2742} INFO - Sync 1 DAGs
[2023-09-01T19:34:55.577+0000] {logging_mixin.py:150} INFO - [2023-09-01T19:34:55.577+0000] {dag.py:3508} INFO - Setting next_dagrun for example_short_circuit_decorator to 2023-08-31T19:34:55.577499+00:00, run_after=2023-09-01T19:34:55.577499+00:00
[2023-09-01T19:34:55.601+0000] {processor.py:179} INFO - Processing /home/airflow/.local/lib/python3.7/site-packages/airflow/example_dags/example_short_circuit_decorator.py took 0.082 seconds
[2023-09-01T19:35:25.798+0000] {processor.py:157} INFO - Started process (PID=432) to work on /home/airflow/.local/lib/python3.7/site-packages/airflow/example_dags/example_short_circuit_decorator.py
[2023-09-01T19:35:25.799+0000] {processor.py:826} INFO - Processing file /home/airflow/.local/lib/python3.7/site-packages/airflow/example_dags/example_short_circuit_decorator.py for tasks to queue
[2023-09-01T19:35:25.800+0000] {logging_mixin.py:150} INFO - [2023-09-01T19:35:25.800+0000] {dagbag.py:541} INFO - Filling up the DagBag from /home/airflow/.local/lib/python3.7/site-packages/airflow/example_dags/example_short_circuit_decorator.py
[2023-09-01T19:35:25.812+0000] {processor.py:836} INFO - DAG(s) dict_keys(['example_short_circuit_decorator']) retrieved from /home/airflow/.local/lib/python3.7/site-packages/airflow/example_dags/example_short_circuit_decorator.py
[2023-09-01T19:35:25.837+0000] {logging_mixin.py:150} INFO - [2023-09-01T19:35:25.837+0000] {dag.py:2742} INFO - Sync 1 DAGs
[2023-09-01T19:35:25.868+0000] {logging_mixin.py:150} INFO - [2023-09-01T19:35:25.868+0000] {dag.py:3508} INFO - Setting next_dagrun for example_short_circuit_decorator to 2023-08-31T19:35:25.867025+00:00, run_after=2023-09-01T19:35:25.867025+00:00
[2023-09-01T19:35:25.886+0000] {processor.py:179} INFO - Processing /home/airflow/.local/lib/python3.7/site-packages/airflow/example_dags/example_short_circuit_decorator.py took 0.091 seconds
[2023-09-01T19:35:56.154+0000] {processor.py:157} INFO - Started process (PID=487) to work on /home/airflow/.local/lib/python3.7/site-packages/airflow/example_dags/example_short_circuit_decorator.py
[2023-09-01T19:35:56.154+0000] {processor.py:826} INFO - Processing file /home/airflow/.local/lib/python3.7/site-packages/airflow/example_dags/example_short_circuit_decorator.py for tasks to queue
[2023-09-01T19:35:56.155+0000] {logging_mixin.py:150} INFO - [2023-09-01T19:35:56.155+0000] {dagbag.py:541} INFO - Filling up the DagBag from /home/airflow/.local/lib/python3.7/site-packages/airflow/example_dags/example_short_circuit_decorator.py
[2023-09-01T19:35:56.182+0000] {processor.py:836} INFO - DAG(s) dict_keys(['example_short_circuit_decorator']) retrieved from /home/airflow/.local/lib/python3.7/site-packages/airflow/example_dags/example_short_circuit_decorator.py
[2023-09-01T19:35:56.232+0000] {logging_mixin.py:150} INFO - [2023-09-01T19:35:56.232+0000] {dag.py:2742} INFO - Sync 1 DAGs
[2023-09-01T19:35:56.276+0000] {logging_mixin.py:150} INFO - [2023-09-01T19:35:56.276+0000] {dag.py:3508} INFO - Setting next_dagrun for example_short_circuit_decorator to 2023-08-31T19:35:56.275788+00:00, run_after=2023-09-01T19:35:56.275788+00:00
[2023-09-01T19:35:56.305+0000] {processor.py:179} INFO - Processing /home/airflow/.local/lib/python3.7/site-packages/airflow/example_dags/example_short_circuit_decorator.py took 0.154 seconds
[2023-09-01T19:36:26.724+0000] {processor.py:157} INFO - Started process (PID=542) to work on /home/airflow/.local/lib/python3.7/site-packages/airflow/example_dags/example_short_circuit_decorator.py
[2023-09-01T19:36:26.729+0000] {processor.py:826} INFO - Processing file /home/airflow/.local/lib/python3.7/site-packages/airflow/example_dags/example_short_circuit_decorator.py for tasks to queue
[2023-09-01T19:36:26.730+0000] {logging_mixin.py:150} INFO - [2023-09-01T19:36:26.730+0000] {dagbag.py:541} INFO - Filling up the DagBag from /home/airflow/.local/lib/python3.7/site-packages/airflow/example_dags/example_short_circuit_decorator.py
[2023-09-01T19:36:26.742+0000] {processor.py:836} INFO - DAG(s) dict_keys(['example_short_circuit_decorator']) retrieved from /home/airflow/.local/lib/python3.7/site-packages/airflow/example_dags/example_short_circuit_decorator.py
[2023-09-01T19:36:26.788+0000] {logging_mixin.py:150} INFO - [2023-09-01T19:36:26.788+0000] {dag.py:2742} INFO - Sync 1 DAGs
[2023-09-01T19:36:26.827+0000] {logging_mixin.py:150} INFO - [2023-09-01T19:36:26.827+0000] {dag.py:3508} INFO - Setting next_dagrun for example_short_circuit_decorator to 2023-08-31T19:36:26.825800+00:00, run_after=2023-09-01T19:36:26.825800+00:00
[2023-09-01T19:36:26.862+0000] {processor.py:179} INFO - Processing /home/airflow/.local/lib/python3.7/site-packages/airflow/example_dags/example_short_circuit_decorator.py took 0.149 seconds
[2023-09-01T19:36:57.550+0000] {processor.py:157} INFO - Started process (PID=597) to work on /home/airflow/.local/lib/python3.7/site-packages/airflow/example_dags/example_short_circuit_decorator.py
[2023-09-01T19:36:57.553+0000] {processor.py:826} INFO - Processing file /home/airflow/.local/lib/python3.7/site-packages/airflow/example_dags/example_short_circuit_decorator.py for tasks to queue
[2023-09-01T19:36:57.553+0000] {logging_mixin.py:150} INFO - [2023-09-01T19:36:57.553+0000] {dagbag.py:541} INFO - Filling up the DagBag from /home/airflow/.local/lib/python3.7/site-packages/airflow/example_dags/example_short_circuit_decorator.py
[2023-09-01T19:36:57.562+0000] {processor.py:836} INFO - DAG(s) dict_keys(['example_short_circuit_decorator']) retrieved from /home/airflow/.local/lib/python3.7/site-packages/airflow/example_dags/example_short_circuit_decorator.py
[2023-09-01T19:36:57.637+0000] {logging_mixin.py:150} INFO - [2023-09-01T19:36:57.636+0000] {dag.py:2742} INFO - Sync 1 DAGs
[2023-09-01T19:36:57.686+0000] {logging_mixin.py:150} INFO - [2023-09-01T19:36:57.685+0000] {dag.py:3508} INFO - Setting next_dagrun for example_short_circuit_decorator to 2023-08-31T19:36:57.685745+00:00, run_after=2023-09-01T19:36:57.685745+00:00
[2023-09-01T19:36:57.715+0000] {processor.py:179} INFO - Processing /home/airflow/.local/lib/python3.7/site-packages/airflow/example_dags/example_short_circuit_decorator.py took 0.184 seconds
[2023-09-01T19:37:27.969+0000] {processor.py:157} INFO - Started process (PID=652) to work on /home/airflow/.local/lib/python3.7/site-packages/airflow/example_dags/example_short_circuit_decorator.py
[2023-09-01T19:37:27.974+0000] {processor.py:826} INFO - Processing file /home/airflow/.local/lib/python3.7/site-packages/airflow/example_dags/example_short_circuit_decorator.py for tasks to queue
[2023-09-01T19:37:27.977+0000] {logging_mixin.py:150} INFO - [2023-09-01T19:37:27.976+0000] {dagbag.py:541} INFO - Filling up the DagBag from /home/airflow/.local/lib/python3.7/site-packages/airflow/example_dags/example_short_circuit_decorator.py
[2023-09-01T19:37:28.013+0000] {processor.py:836} INFO - DAG(s) dict_keys(['example_short_circuit_decorator']) retrieved from /home/airflow/.local/lib/python3.7/site-packages/airflow/example_dags/example_short_circuit_decorator.py
[2023-09-01T19:37:28.131+0000] {logging_mixin.py:150} INFO - [2023-09-01T19:37:28.131+0000] {dag.py:2742} INFO - Sync 1 DAGs
[2023-09-01T19:37:28.186+0000] {logging_mixin.py:150} INFO - [2023-09-01T19:37:28.185+0000] {dag.py:3508} INFO - Setting next_dagrun for example_short_circuit_decorator to 2023-08-31T19:37:28.185672+00:00, run_after=2023-09-01T19:37:28.185672+00:00
[2023-09-01T19:37:28.249+0000] {processor.py:179} INFO - Processing /home/airflow/.local/lib/python3.7/site-packages/airflow/example_dags/example_short_circuit_decorator.py took 0.290 seconds
[2023-09-01T19:37:58.838+0000] {processor.py:157} INFO - Started process (PID=707) to work on /home/airflow/.local/lib/python3.7/site-packages/airflow/example_dags/example_short_circuit_decorator.py
[2023-09-01T19:37:58.845+0000] {processor.py:826} INFO - Processing file /home/airflow/.local/lib/python3.7/site-packages/airflow/example_dags/example_short_circuit_decorator.py for tasks to queue
[2023-09-01T19:37:58.845+0000] {logging_mixin.py:150} INFO - [2023-09-01T19:37:58.845+0000] {dagbag.py:541} INFO - Filling up the DagBag from /home/airflow/.local/lib/python3.7/site-packages/airflow/example_dags/example_short_circuit_decorator.py
[2023-09-01T19:37:58.943+0000] {processor.py:836} INFO - DAG(s) dict_keys(['example_short_circuit_decorator']) retrieved from /home/airflow/.local/lib/python3.7/site-packages/airflow/example_dags/example_short_circuit_decorator.py
[2023-09-01T19:37:59.006+0000] {logging_mixin.py:150} INFO - [2023-09-01T19:37:59.005+0000] {dag.py:2742} INFO - Sync 1 DAGs
[2023-09-01T19:37:59.070+0000] {logging_mixin.py:150} INFO - [2023-09-01T19:37:59.070+0000] {dag.py:3508} INFO - Setting next_dagrun for example_short_circuit_decorator to 2023-08-31T19:37:59.070444+00:00, run_after=2023-09-01T19:37:59.070444+00:00
[2023-09-01T19:37:59.140+0000] {processor.py:179} INFO - Processing /home/airflow/.local/lib/python3.7/site-packages/airflow/example_dags/example_short_circuit_decorator.py took 0.321 seconds
[2023-09-01T19:38:29.605+0000] {processor.py:157} INFO - Started process (PID=762) to work on /home/airflow/.local/lib/python3.7/site-packages/airflow/example_dags/example_short_circuit_decorator.py
[2023-09-01T19:38:29.606+0000] {processor.py:826} INFO - Processing file /home/airflow/.local/lib/python3.7/site-packages/airflow/example_dags/example_short_circuit_decorator.py for tasks to queue
[2023-09-01T19:38:29.608+0000] {logging_mixin.py:150} INFO - [2023-09-01T19:38:29.607+0000] {dagbag.py:541} INFO - Filling up the DagBag from /home/airflow/.local/lib/python3.7/site-packages/airflow/example_dags/example_short_circuit_decorator.py
[2023-09-01T19:38:29.620+0000] {processor.py:836} INFO - DAG(s) dict_keys(['example_short_circuit_decorator']) retrieved from /home/airflow/.local/lib/python3.7/site-packages/airflow/example_dags/example_short_circuit_decorator.py
[2023-09-01T19:38:29.652+0000] {logging_mixin.py:150} INFO - [2023-09-01T19:38:29.652+0000] {dag.py:2742} INFO - Sync 1 DAGs
[2023-09-01T19:38:29.683+0000] {logging_mixin.py:150} INFO - [2023-09-01T19:38:29.683+0000] {dag.py:3508} INFO - Setting next_dagrun for example_short_circuit_decorator to 2023-08-31T19:38:29.682909+00:00, run_after=2023-09-01T19:38:29.682909+00:00
[2023-09-01T19:38:29.702+0000] {processor.py:179} INFO - Processing /home/airflow/.local/lib/python3.7/site-packages/airflow/example_dags/example_short_circuit_decorator.py took 0.100 seconds
[2023-09-01T19:39:00.661+0000] {processor.py:157} INFO - Started process (PID=817) to work on /home/airflow/.local/lib/python3.7/site-packages/airflow/example_dags/example_short_circuit_decorator.py
[2023-09-01T19:39:00.666+0000] {processor.py:826} INFO - Processing file /home/airflow/.local/lib/python3.7/site-packages/airflow/example_dags/example_short_circuit_decorator.py for tasks to queue
[2023-09-01T19:39:00.667+0000] {logging_mixin.py:150} INFO - [2023-09-01T19:39:00.666+0000] {dagbag.py:541} INFO - Filling up the DagBag from /home/airflow/.local/lib/python3.7/site-packages/airflow/example_dags/example_short_circuit_decorator.py
[2023-09-01T19:39:00.690+0000] {processor.py:836} INFO - DAG(s) dict_keys(['example_short_circuit_decorator']) retrieved from /home/airflow/.local/lib/python3.7/site-packages/airflow/example_dags/example_short_circuit_decorator.py
[2023-09-01T19:39:00.732+0000] {logging_mixin.py:150} INFO - [2023-09-01T19:39:00.732+0000] {dag.py:2742} INFO - Sync 1 DAGs
[2023-09-01T19:39:00.778+0000] {logging_mixin.py:150} INFO - [2023-09-01T19:39:00.778+0000] {dag.py:3508} INFO - Setting next_dagrun for example_short_circuit_decorator to 2023-08-31T19:39:00.778241+00:00, run_after=2023-09-01T19:39:00.778241+00:00
[2023-09-01T19:39:00.807+0000] {processor.py:179} INFO - Processing /home/airflow/.local/lib/python3.7/site-packages/airflow/example_dags/example_short_circuit_decorator.py took 0.149 seconds
[2023-09-01T19:39:30.975+0000] {processor.py:157} INFO - Started process (PID=871) to work on /home/airflow/.local/lib/python3.7/site-packages/airflow/example_dags/example_short_circuit_decorator.py
[2023-09-01T19:39:30.976+0000] {processor.py:826} INFO - Processing file /home/airflow/.local/lib/python3.7/site-packages/airflow/example_dags/example_short_circuit_decorator.py for tasks to queue
[2023-09-01T19:39:30.976+0000] {logging_mixin.py:150} INFO - [2023-09-01T19:39:30.976+0000] {dagbag.py:541} INFO - Filling up the DagBag from /home/airflow/.local/lib/python3.7/site-packages/airflow/example_dags/example_short_circuit_decorator.py
[2023-09-01T19:39:30.987+0000] {processor.py:836} INFO - DAG(s) dict_keys(['example_short_circuit_decorator']) retrieved from /home/airflow/.local/lib/python3.7/site-packages/airflow/example_dags/example_short_circuit_decorator.py
[2023-09-01T19:39:31.009+0000] {logging_mixin.py:150} INFO - [2023-09-01T19:39:31.009+0000] {dag.py:2742} INFO - Sync 1 DAGs
[2023-09-01T19:39:31.030+0000] {logging_mixin.py:150} INFO - [2023-09-01T19:39:31.030+0000] {dag.py:3508} INFO - Setting next_dagrun for example_short_circuit_decorator to 2023-08-31T19:39:31.030190+00:00, run_after=2023-09-01T19:39:31.030190+00:00
[2023-09-01T19:39:31.050+0000] {processor.py:179} INFO - Processing /home/airflow/.local/lib/python3.7/site-packages/airflow/example_dags/example_short_circuit_decorator.py took 0.079 seconds
[2023-09-01T19:40:01.278+0000] {processor.py:157} INFO - Started process (PID=926) to work on /home/airflow/.local/lib/python3.7/site-packages/airflow/example_dags/example_short_circuit_decorator.py
[2023-09-01T19:40:01.279+0000] {processor.py:826} INFO - Processing file /home/airflow/.local/lib/python3.7/site-packages/airflow/example_dags/example_short_circuit_decorator.py for tasks to queue
[2023-09-01T19:40:01.280+0000] {logging_mixin.py:150} INFO - [2023-09-01T19:40:01.280+0000] {dagbag.py:541} INFO - Filling up the DagBag from /home/airflow/.local/lib/python3.7/site-packages/airflow/example_dags/example_short_circuit_decorator.py
[2023-09-01T19:40:01.289+0000] {processor.py:836} INFO - DAG(s) dict_keys(['example_short_circuit_decorator']) retrieved from /home/airflow/.local/lib/python3.7/site-packages/airflow/example_dags/example_short_circuit_decorator.py
[2023-09-01T19:40:01.312+0000] {logging_mixin.py:150} INFO - [2023-09-01T19:40:01.312+0000] {dag.py:2742} INFO - Sync 1 DAGs
[2023-09-01T19:40:01.335+0000] {logging_mixin.py:150} INFO - [2023-09-01T19:40:01.335+0000] {dag.py:3508} INFO - Setting next_dagrun for example_short_circuit_decorator to 2023-08-31T19:40:01.335269+00:00, run_after=2023-09-01T19:40:01.335269+00:00
[2023-09-01T19:40:01.355+0000] {processor.py:179} INFO - Processing /home/airflow/.local/lib/python3.7/site-packages/airflow/example_dags/example_short_circuit_decorator.py took 0.081 seconds
[2023-09-01T19:40:31.799+0000] {processor.py:157} INFO - Started process (PID=981) to work on /home/airflow/.local/lib/python3.7/site-packages/airflow/example_dags/example_short_circuit_decorator.py
[2023-09-01T19:40:31.801+0000] {processor.py:826} INFO - Processing file /home/airflow/.local/lib/python3.7/site-packages/airflow/example_dags/example_short_circuit_decorator.py for tasks to queue
[2023-09-01T19:40:31.801+0000] {logging_mixin.py:150} INFO - [2023-09-01T19:40:31.801+0000] {dagbag.py:541} INFO - Filling up the DagBag from /home/airflow/.local/lib/python3.7/site-packages/airflow/example_dags/example_short_circuit_decorator.py
[2023-09-01T19:40:31.811+0000] {processor.py:836} INFO - DAG(s) dict_keys(['example_short_circuit_decorator']) retrieved from /home/airflow/.local/lib/python3.7/site-packages/airflow/example_dags/example_short_circuit_decorator.py
[2023-09-01T19:40:31.848+0000] {logging_mixin.py:150} INFO - [2023-09-01T19:40:31.847+0000] {dag.py:2742} INFO - Sync 1 DAGs
[2023-09-01T19:40:31.902+0000] {logging_mixin.py:150} INFO - [2023-09-01T19:40:31.902+0000] {dag.py:3508} INFO - Setting next_dagrun for example_short_circuit_decorator to 2023-08-31T19:40:31.902037+00:00, run_after=2023-09-01T19:40:31.902037+00:00
[2023-09-01T19:40:31.919+0000] {processor.py:179} INFO - Processing /home/airflow/.local/lib/python3.7/site-packages/airflow/example_dags/example_short_circuit_decorator.py took 0.123 seconds
[2023-09-01T19:41:01.977+0000] {processor.py:157} INFO - Started process (PID=1035) to work on /home/airflow/.local/lib/python3.7/site-packages/airflow/example_dags/example_short_circuit_decorator.py
[2023-09-01T19:41:01.977+0000] {processor.py:826} INFO - Processing file /home/airflow/.local/lib/python3.7/site-packages/airflow/example_dags/example_short_circuit_decorator.py for tasks to queue
[2023-09-01T19:41:02.017+0000] {logging_mixin.py:150} INFO - [2023-09-01T19:41:02.016+0000] {dagbag.py:541} INFO - Filling up the DagBag from /home/airflow/.local/lib/python3.7/site-packages/airflow/example_dags/example_short_circuit_decorator.py
[2023-09-01T19:41:02.033+0000] {processor.py:836} INFO - DAG(s) dict_keys(['example_short_circuit_decorator']) retrieved from /home/airflow/.local/lib/python3.7/site-packages/airflow/example_dags/example_short_circuit_decorator.py
[2023-09-01T19:41:02.082+0000] {logging_mixin.py:150} INFO - [2023-09-01T19:41:02.082+0000] {dag.py:2742} INFO - Sync 1 DAGs
[2023-09-01T19:41:02.103+0000] {logging_mixin.py:150} INFO - [2023-09-01T19:41:02.102+0000] {dag.py:3508} INFO - Setting next_dagrun for example_short_circuit_decorator to 2023-08-31T19:41:02.102729+00:00, run_after=2023-09-01T19:41:02.102729+00:00
[2023-09-01T19:41:02.127+0000] {processor.py:179} INFO - Processing /home/airflow/.local/lib/python3.7/site-packages/airflow/example_dags/example_short_circuit_decorator.py took 0.157 seconds
[2023-09-01T19:41:32.289+0000] {processor.py:157} INFO - Started process (PID=1090) to work on /home/airflow/.local/lib/python3.7/site-packages/airflow/example_dags/example_short_circuit_decorator.py
[2023-09-01T19:41:32.290+0000] {processor.py:826} INFO - Processing file /home/airflow/.local/lib/python3.7/site-packages/airflow/example_dags/example_short_circuit_decorator.py for tasks to queue
[2023-09-01T19:41:32.291+0000] {logging_mixin.py:150} INFO - [2023-09-01T19:41:32.291+0000] {dagbag.py:541} INFO - Filling up the DagBag from /home/airflow/.local/lib/python3.7/site-packages/airflow/example_dags/example_short_circuit_decorator.py
[2023-09-01T19:41:32.304+0000] {processor.py:836} INFO - DAG(s) dict_keys(['example_short_circuit_decorator']) retrieved from /home/airflow/.local/lib/python3.7/site-packages/airflow/example_dags/example_short_circuit_decorator.py
[2023-09-01T19:41:32.330+0000] {logging_mixin.py:150} INFO - [2023-09-01T19:41:32.330+0000] {dag.py:2742} INFO - Sync 1 DAGs
[2023-09-01T19:41:32.386+0000] {logging_mixin.py:150} INFO - [2023-09-01T19:41:32.386+0000] {dag.py:3508} INFO - Setting next_dagrun for example_short_circuit_decorator to 2023-08-31T19:41:32.386085+00:00, run_after=2023-09-01T19:41:32.386085+00:00
[2023-09-01T19:41:32.405+0000] {processor.py:179} INFO - Processing /home/airflow/.local/lib/python3.7/site-packages/airflow/example_dags/example_short_circuit_decorator.py took 0.119 seconds
[2023-09-01T19:42:02.748+0000] {processor.py:157} INFO - Started process (PID=1151) to work on /home/airflow/.local/lib/python3.7/site-packages/airflow/example_dags/example_short_circuit_decorator.py
[2023-09-01T19:42:02.749+0000] {processor.py:826} INFO - Processing file /home/airflow/.local/lib/python3.7/site-packages/airflow/example_dags/example_short_circuit_decorator.py for tasks to queue
[2023-09-01T19:42:02.749+0000] {logging_mixin.py:150} INFO - [2023-09-01T19:42:02.749+0000] {dagbag.py:541} INFO - Filling up the DagBag from /home/airflow/.local/lib/python3.7/site-packages/airflow/example_dags/example_short_circuit_decorator.py
[2023-09-01T19:42:02.758+0000] {processor.py:836} INFO - DAG(s) dict_keys(['example_short_circuit_decorator']) retrieved from /home/airflow/.local/lib/python3.7/site-packages/airflow/example_dags/example_short_circuit_decorator.py
[2023-09-01T19:42:02.782+0000] {logging_mixin.py:150} INFO - [2023-09-01T19:42:02.782+0000] {dag.py:2742} INFO - Sync 1 DAGs
[2023-09-01T19:42:02.804+0000] {logging_mixin.py:150} INFO - [2023-09-01T19:42:02.803+0000] {dag.py:3508} INFO - Setting next_dagrun for example_short_circuit_decorator to 2023-08-31T19:42:02.803611+00:00, run_after=2023-09-01T19:42:02.803611+00:00
[2023-09-01T19:42:02.824+0000] {processor.py:179} INFO - Processing /home/airflow/.local/lib/python3.7/site-packages/airflow/example_dags/example_short_circuit_decorator.py took 0.079 seconds
[2023-09-01T19:42:33.026+0000] {processor.py:157} INFO - Started process (PID=1206) to work on /home/airflow/.local/lib/python3.7/site-packages/airflow/example_dags/example_short_circuit_decorator.py
[2023-09-01T19:42:33.027+0000] {processor.py:826} INFO - Processing file /home/airflow/.local/lib/python3.7/site-packages/airflow/example_dags/example_short_circuit_decorator.py for tasks to queue
[2023-09-01T19:42:33.028+0000] {logging_mixin.py:150} INFO - [2023-09-01T19:42:33.027+0000] {dagbag.py:541} INFO - Filling up the DagBag from /home/airflow/.local/lib/python3.7/site-packages/airflow/example_dags/example_short_circuit_decorator.py
[2023-09-01T19:42:33.036+0000] {processor.py:836} INFO - DAG(s) dict_keys(['example_short_circuit_decorator']) retrieved from /home/airflow/.local/lib/python3.7/site-packages/airflow/example_dags/example_short_circuit_decorator.py
[2023-09-01T19:42:33.058+0000] {logging_mixin.py:150} INFO - [2023-09-01T19:42:33.058+0000] {dag.py:2742} INFO - Sync 1 DAGs
[2023-09-01T19:42:33.079+0000] {logging_mixin.py:150} INFO - [2023-09-01T19:42:33.079+0000] {dag.py:3508} INFO - Setting next_dagrun for example_short_circuit_decorator to 2023-08-31T19:42:33.079060+00:00, run_after=2023-09-01T19:42:33.079060+00:00
[2023-09-01T19:42:33.095+0000] {processor.py:179} INFO - Processing /home/airflow/.local/lib/python3.7/site-packages/airflow/example_dags/example_short_circuit_decorator.py took 0.072 seconds
[2023-09-01T19:43:03.255+0000] {processor.py:157} INFO - Started process (PID=1260) to work on /home/airflow/.local/lib/python3.7/site-packages/airflow/example_dags/example_short_circuit_decorator.py
[2023-09-01T19:43:03.256+0000] {processor.py:826} INFO - Processing file /home/airflow/.local/lib/python3.7/site-packages/airflow/example_dags/example_short_circuit_decorator.py for tasks to queue
[2023-09-01T19:43:03.257+0000] {logging_mixin.py:150} INFO - [2023-09-01T19:43:03.257+0000] {dagbag.py:541} INFO - Filling up the DagBag from /home/airflow/.local/lib/python3.7/site-packages/airflow/example_dags/example_short_circuit_decorator.py
[2023-09-01T19:43:03.266+0000] {processor.py:836} INFO - DAG(s) dict_keys(['example_short_circuit_decorator']) retrieved from /home/airflow/.local/lib/python3.7/site-packages/airflow/example_dags/example_short_circuit_decorator.py
[2023-09-01T19:43:03.288+0000] {logging_mixin.py:150} INFO - [2023-09-01T19:43:03.288+0000] {dag.py:2742} INFO - Sync 1 DAGs
[2023-09-01T19:43:03.312+0000] {logging_mixin.py:150} INFO - [2023-09-01T19:43:03.312+0000] {dag.py:3508} INFO - Setting next_dagrun for example_short_circuit_decorator to 2023-08-31T19:43:03.311790+00:00, run_after=2023-09-01T19:43:03.311790+00:00
[2023-09-01T19:43:03.333+0000] {processor.py:179} INFO - Processing /home/airflow/.local/lib/python3.7/site-packages/airflow/example_dags/example_short_circuit_decorator.py took 0.080 seconds
[2023-09-01T19:43:34.018+0000] {processor.py:157} INFO - Started process (PID=1316) to work on /home/airflow/.local/lib/python3.7/site-packages/airflow/example_dags/example_short_circuit_decorator.py
[2023-09-01T19:43:34.019+0000] {processor.py:826} INFO - Processing file /home/airflow/.local/lib/python3.7/site-packages/airflow/example_dags/example_short_circuit_decorator.py for tasks to queue
[2023-09-01T19:43:34.020+0000] {logging_mixin.py:150} INFO - [2023-09-01T19:43:34.020+0000] {dagbag.py:541} INFO - Filling up the DagBag from /home/airflow/.local/lib/python3.7/site-packages/airflow/example_dags/example_short_circuit_decorator.py
[2023-09-01T19:43:34.029+0000] {processor.py:836} INFO - DAG(s) dict_keys(['example_short_circuit_decorator']) retrieved from /home/airflow/.local/lib/python3.7/site-packages/airflow/example_dags/example_short_circuit_decorator.py
[2023-09-01T19:43:34.051+0000] {logging_mixin.py:150} INFO - [2023-09-01T19:43:34.050+0000] {dag.py:2742} INFO - Sync 1 DAGs
[2023-09-01T19:43:34.072+0000] {logging_mixin.py:150} INFO - [2023-09-01T19:43:34.072+0000] {dag.py:3508} INFO - Setting next_dagrun for example_short_circuit_decorator to 2023-08-31T19:43:34.072253+00:00, run_after=2023-09-01T19:43:34.072253+00:00
[2023-09-01T19:43:34.088+0000] {processor.py:179} INFO - Processing /home/airflow/.local/lib/python3.7/site-packages/airflow/example_dags/example_short_circuit_decorator.py took 0.074 seconds
[2023-09-01T19:44:04.505+0000] {processor.py:157} INFO - Started process (PID=1371) to work on /home/airflow/.local/lib/python3.7/site-packages/airflow/example_dags/example_short_circuit_decorator.py
[2023-09-01T19:44:04.506+0000] {processor.py:826} INFO - Processing file /home/airflow/.local/lib/python3.7/site-packages/airflow/example_dags/example_short_circuit_decorator.py for tasks to queue
[2023-09-01T19:44:04.507+0000] {logging_mixin.py:150} INFO - [2023-09-01T19:44:04.506+0000] {dagbag.py:541} INFO - Filling up the DagBag from /home/airflow/.local/lib/python3.7/site-packages/airflow/example_dags/example_short_circuit_decorator.py
[2023-09-01T19:44:04.516+0000] {processor.py:836} INFO - DAG(s) dict_keys(['example_short_circuit_decorator']) retrieved from /home/airflow/.local/lib/python3.7/site-packages/airflow/example_dags/example_short_circuit_decorator.py
[2023-09-01T19:44:04.539+0000] {logging_mixin.py:150} INFO - [2023-09-01T19:44:04.539+0000] {dag.py:2742} INFO - Sync 1 DAGs
[2023-09-01T19:44:04.561+0000] {logging_mixin.py:150} INFO - [2023-09-01T19:44:04.561+0000] {dag.py:3508} INFO - Setting next_dagrun for example_short_circuit_decorator to 2023-08-31T19:44:04.561276+00:00, run_after=2023-09-01T19:44:04.561276+00:00
[2023-09-01T19:44:04.577+0000] {processor.py:179} INFO - Processing /home/airflow/.local/lib/python3.7/site-packages/airflow/example_dags/example_short_circuit_decorator.py took 0.076 seconds
[2023-09-01T19:44:35.109+0000] {processor.py:157} INFO - Started process (PID=1426) to work on /home/airflow/.local/lib/python3.7/site-packages/airflow/example_dags/example_short_circuit_decorator.py
[2023-09-01T19:44:35.110+0000] {processor.py:826} INFO - Processing file /home/airflow/.local/lib/python3.7/site-packages/airflow/example_dags/example_short_circuit_decorator.py for tasks to queue
[2023-09-01T19:44:35.110+0000] {logging_mixin.py:150} INFO - [2023-09-01T19:44:35.110+0000] {dagbag.py:541} INFO - Filling up the DagBag from /home/airflow/.local/lib/python3.7/site-packages/airflow/example_dags/example_short_circuit_decorator.py
[2023-09-01T19:44:35.119+0000] {processor.py:836} INFO - DAG(s) dict_keys(['example_short_circuit_decorator']) retrieved from /home/airflow/.local/lib/python3.7/site-packages/airflow/example_dags/example_short_circuit_decorator.py
[2023-09-01T19:44:35.147+0000] {logging_mixin.py:150} INFO - [2023-09-01T19:44:35.147+0000] {dag.py:2742} INFO - Sync 1 DAGs
[2023-09-01T19:44:35.169+0000] {logging_mixin.py:150} INFO - [2023-09-01T19:44:35.169+0000] {dag.py:3508} INFO - Setting next_dagrun for example_short_circuit_decorator to 2023-08-31T19:44:35.168811+00:00, run_after=2023-09-01T19:44:35.168811+00:00
[2023-09-01T19:44:35.184+0000] {processor.py:179} INFO - Processing /home/airflow/.local/lib/python3.7/site-packages/airflow/example_dags/example_short_circuit_decorator.py took 0.078 seconds
[2023-09-01T19:45:05.451+0000] {processor.py:157} INFO - Started process (PID=1481) to work on /home/airflow/.local/lib/python3.7/site-packages/airflow/example_dags/example_short_circuit_decorator.py
[2023-09-01T19:45:05.452+0000] {processor.py:826} INFO - Processing file /home/airflow/.local/lib/python3.7/site-packages/airflow/example_dags/example_short_circuit_decorator.py for tasks to queue
[2023-09-01T19:45:05.453+0000] {logging_mixin.py:150} INFO - [2023-09-01T19:45:05.453+0000] {dagbag.py:541} INFO - Filling up the DagBag from /home/airflow/.local/lib/python3.7/site-packages/airflow/example_dags/example_short_circuit_decorator.py
[2023-09-01T19:45:05.462+0000] {processor.py:836} INFO - DAG(s) dict_keys(['example_short_circuit_decorator']) retrieved from /home/airflow/.local/lib/python3.7/site-packages/airflow/example_dags/example_short_circuit_decorator.py
[2023-09-01T19:45:05.485+0000] {logging_mixin.py:150} INFO - [2023-09-01T19:45:05.485+0000] {dag.py:2742} INFO - Sync 1 DAGs
[2023-09-01T19:45:05.507+0000] {logging_mixin.py:150} INFO - [2023-09-01T19:45:05.507+0000] {dag.py:3508} INFO - Setting next_dagrun for example_short_circuit_decorator to 2023-08-31T19:45:05.506881+00:00, run_after=2023-09-01T19:45:05.506881+00:00
[2023-09-01T19:45:05.525+0000] {processor.py:179} INFO - Processing /home/airflow/.local/lib/python3.7/site-packages/airflow/example_dags/example_short_circuit_decorator.py took 0.077 seconds
[2023-09-01T19:45:35.766+0000] {processor.py:157} INFO - Started process (PID=1536) to work on /home/airflow/.local/lib/python3.7/site-packages/airflow/example_dags/example_short_circuit_decorator.py
[2023-09-01T19:45:35.767+0000] {processor.py:826} INFO - Processing file /home/airflow/.local/lib/python3.7/site-packages/airflow/example_dags/example_short_circuit_decorator.py for tasks to queue
[2023-09-01T19:45:35.768+0000] {logging_mixin.py:150} INFO - [2023-09-01T19:45:35.767+0000] {dagbag.py:541} INFO - Filling up the DagBag from /home/airflow/.local/lib/python3.7/site-packages/airflow/example_dags/example_short_circuit_decorator.py
[2023-09-01T19:45:35.776+0000] {processor.py:836} INFO - DAG(s) dict_keys(['example_short_circuit_decorator']) retrieved from /home/airflow/.local/lib/python3.7/site-packages/airflow/example_dags/example_short_circuit_decorator.py
[2023-09-01T19:45:35.800+0000] {logging_mixin.py:150} INFO - [2023-09-01T19:45:35.799+0000] {dag.py:2742} INFO - Sync 1 DAGs
[2023-09-01T19:45:35.820+0000] {logging_mixin.py:150} INFO - [2023-09-01T19:45:35.820+0000] {dag.py:3508} INFO - Setting next_dagrun for example_short_circuit_decorator to 2023-08-31T19:45:35.819934+00:00, run_after=2023-09-01T19:45:35.819934+00:00
[2023-09-01T19:45:35.835+0000] {processor.py:179} INFO - Processing /home/airflow/.local/lib/python3.7/site-packages/airflow/example_dags/example_short_circuit_decorator.py took 0.073 seconds
[2023-09-01T19:46:06.178+0000] {processor.py:157} INFO - Started process (PID=1591) to work on /home/airflow/.local/lib/python3.7/site-packages/airflow/example_dags/example_short_circuit_decorator.py
[2023-09-01T19:46:06.179+0000] {processor.py:826} INFO - Processing file /home/airflow/.local/lib/python3.7/site-packages/airflow/example_dags/example_short_circuit_decorator.py for tasks to queue
[2023-09-01T19:46:06.180+0000] {logging_mixin.py:150} INFO - [2023-09-01T19:46:06.179+0000] {dagbag.py:541} INFO - Filling up the DagBag from /home/airflow/.local/lib/python3.7/site-packages/airflow/example_dags/example_short_circuit_decorator.py
[2023-09-01T19:46:06.189+0000] {processor.py:836} INFO - DAG(s) dict_keys(['example_short_circuit_decorator']) retrieved from /home/airflow/.local/lib/python3.7/site-packages/airflow/example_dags/example_short_circuit_decorator.py
[2023-09-01T19:46:06.217+0000] {logging_mixin.py:150} INFO - [2023-09-01T19:46:06.217+0000] {dag.py:2742} INFO - Sync 1 DAGs
[2023-09-01T19:46:06.239+0000] {logging_mixin.py:150} INFO - [2023-09-01T19:46:06.238+0000] {dag.py:3508} INFO - Setting next_dagrun for example_short_circuit_decorator to 2023-08-31T19:46:06.238652+00:00, run_after=2023-09-01T19:46:06.238652+00:00
[2023-09-01T19:46:06.255+0000] {processor.py:179} INFO - Processing /home/airflow/.local/lib/python3.7/site-packages/airflow/example_dags/example_short_circuit_decorator.py took 0.080 seconds
[2023-09-01T19:46:36.674+0000] {processor.py:157} INFO - Started process (PID=1646) to work on /home/airflow/.local/lib/python3.7/site-packages/airflow/example_dags/example_short_circuit_decorator.py
[2023-09-01T19:46:36.676+0000] {processor.py:826} INFO - Processing file /home/airflow/.local/lib/python3.7/site-packages/airflow/example_dags/example_short_circuit_decorator.py for tasks to queue
[2023-09-01T19:46:36.676+0000] {logging_mixin.py:150} INFO - [2023-09-01T19:46:36.676+0000] {dagbag.py:541} INFO - Filling up the DagBag from /home/airflow/.local/lib/python3.7/site-packages/airflow/example_dags/example_short_circuit_decorator.py
[2023-09-01T19:46:36.685+0000] {processor.py:836} INFO - DAG(s) dict_keys(['example_short_circuit_decorator']) retrieved from /home/airflow/.local/lib/python3.7/site-packages/airflow/example_dags/example_short_circuit_decorator.py
[2023-09-01T19:46:36.707+0000] {logging_mixin.py:150} INFO - [2023-09-01T19:46:36.707+0000] {dag.py:2742} INFO - Sync 1 DAGs
[2023-09-01T19:46:36.728+0000] {logging_mixin.py:150} INFO - [2023-09-01T19:46:36.727+0000] {dag.py:3508} INFO - Setting next_dagrun for example_short_circuit_decorator to 2023-08-31T19:46:36.727637+00:00, run_after=2023-09-01T19:46:36.727637+00:00
[2023-09-01T19:46:36.743+0000] {processor.py:179} INFO - Processing /home/airflow/.local/lib/python3.7/site-packages/airflow/example_dags/example_short_circuit_decorator.py took 0.072 seconds
[2023-09-01T19:47:07.237+0000] {processor.py:157} INFO - Started process (PID=1701) to work on /home/airflow/.local/lib/python3.7/site-packages/airflow/example_dags/example_short_circuit_decorator.py
[2023-09-01T19:47:07.241+0000] {processor.py:826} INFO - Processing file /home/airflow/.local/lib/python3.7/site-packages/airflow/example_dags/example_short_circuit_decorator.py for tasks to queue
[2023-09-01T19:47:07.242+0000] {logging_mixin.py:150} INFO - [2023-09-01T19:47:07.241+0000] {dagbag.py:541} INFO - Filling up the DagBag from /home/airflow/.local/lib/python3.7/site-packages/airflow/example_dags/example_short_circuit_decorator.py
[2023-09-01T19:47:07.265+0000] {processor.py:836} INFO - DAG(s) dict_keys(['example_short_circuit_decorator']) retrieved from /home/airflow/.local/lib/python3.7/site-packages/airflow/example_dags/example_short_circuit_decorator.py
[2023-09-01T19:47:07.295+0000] {logging_mixin.py:150} INFO - [2023-09-01T19:47:07.295+0000] {dag.py:2742} INFO - Sync 1 DAGs
[2023-09-01T19:47:07.318+0000] {logging_mixin.py:150} INFO - [2023-09-01T19:47:07.318+0000] {dag.py:3508} INFO - Setting next_dagrun for example_short_circuit_decorator to 2023-08-31T19:47:07.317967+00:00, run_after=2023-09-01T19:47:07.317967+00:00
[2023-09-01T19:47:07.342+0000] {processor.py:179} INFO - Processing /home/airflow/.local/lib/python3.7/site-packages/airflow/example_dags/example_short_circuit_decorator.py took 0.110 seconds
[2023-09-01T19:47:37.661+0000] {processor.py:157} INFO - Started process (PID=1756) to work on /home/airflow/.local/lib/python3.7/site-packages/airflow/example_dags/example_short_circuit_decorator.py
[2023-09-01T19:47:37.662+0000] {processor.py:826} INFO - Processing file /home/airflow/.local/lib/python3.7/site-packages/airflow/example_dags/example_short_circuit_decorator.py for tasks to queue
[2023-09-01T19:47:37.663+0000] {logging_mixin.py:150} INFO - [2023-09-01T19:47:37.663+0000] {dagbag.py:541} INFO - Filling up the DagBag from /home/airflow/.local/lib/python3.7/site-packages/airflow/example_dags/example_short_circuit_decorator.py
[2023-09-01T19:47:37.672+0000] {processor.py:836} INFO - DAG(s) dict_keys(['example_short_circuit_decorator']) retrieved from /home/airflow/.local/lib/python3.7/site-packages/airflow/example_dags/example_short_circuit_decorator.py
[2023-09-01T19:47:37.696+0000] {logging_mixin.py:150} INFO - [2023-09-01T19:47:37.695+0000] {dag.py:2742} INFO - Sync 1 DAGs
[2023-09-01T19:47:37.722+0000] {logging_mixin.py:150} INFO - [2023-09-01T19:47:37.722+0000] {dag.py:3508} INFO - Setting next_dagrun for example_short_circuit_decorator to 2023-08-31T19:47:37.722159+00:00, run_after=2023-09-01T19:47:37.722159+00:00
[2023-09-01T19:47:37.743+0000] {processor.py:179} INFO - Processing /home/airflow/.local/lib/python3.7/site-packages/airflow/example_dags/example_short_circuit_decorator.py took 0.086 seconds
[2023-09-01T19:48:08.086+0000] {processor.py:157} INFO - Started process (PID=1811) to work on /home/airflow/.local/lib/python3.7/site-packages/airflow/example_dags/example_short_circuit_decorator.py
[2023-09-01T19:48:08.086+0000] {processor.py:826} INFO - Processing file /home/airflow/.local/lib/python3.7/site-packages/airflow/example_dags/example_short_circuit_decorator.py for tasks to queue
[2023-09-01T19:48:08.087+0000] {logging_mixin.py:150} INFO - [2023-09-01T19:48:08.087+0000] {dagbag.py:541} INFO - Filling up the DagBag from /home/airflow/.local/lib/python3.7/site-packages/airflow/example_dags/example_short_circuit_decorator.py
[2023-09-01T19:48:08.096+0000] {processor.py:836} INFO - DAG(s) dict_keys(['example_short_circuit_decorator']) retrieved from /home/airflow/.local/lib/python3.7/site-packages/airflow/example_dags/example_short_circuit_decorator.py
[2023-09-01T19:48:08.119+0000] {logging_mixin.py:150} INFO - [2023-09-01T19:48:08.119+0000] {dag.py:2742} INFO - Sync 1 DAGs
[2023-09-01T19:48:08.144+0000] {logging_mixin.py:150} INFO - [2023-09-01T19:48:08.143+0000] {dag.py:3508} INFO - Setting next_dagrun for example_short_circuit_decorator to 2023-08-31T19:48:08.143694+00:00, run_after=2023-09-01T19:48:08.143694+00:00
[2023-09-01T19:48:08.159+0000] {processor.py:179} INFO - Processing /home/airflow/.local/lib/python3.7/site-packages/airflow/example_dags/example_short_circuit_decorator.py took 0.077 seconds
[2023-09-01T19:48:39.023+0000] {processor.py:157} INFO - Started process (PID=1865) to work on /home/airflow/.local/lib/python3.7/site-packages/airflow/example_dags/example_short_circuit_decorator.py
[2023-09-01T19:48:39.024+0000] {processor.py:826} INFO - Processing file /home/airflow/.local/lib/python3.7/site-packages/airflow/example_dags/example_short_circuit_decorator.py for tasks to queue
[2023-09-01T19:48:39.025+0000] {logging_mixin.py:150} INFO - [2023-09-01T19:48:39.024+0000] {dagbag.py:541} INFO - Filling up the DagBag from /home/airflow/.local/lib/python3.7/site-packages/airflow/example_dags/example_short_circuit_decorator.py
[2023-09-01T19:48:39.033+0000] {processor.py:836} INFO - DAG(s) dict_keys(['example_short_circuit_decorator']) retrieved from /home/airflow/.local/lib/python3.7/site-packages/airflow/example_dags/example_short_circuit_decorator.py
[2023-09-01T19:48:39.056+0000] {logging_mixin.py:150} INFO - [2023-09-01T19:48:39.055+0000] {dag.py:2742} INFO - Sync 1 DAGs
[2023-09-01T19:48:39.076+0000] {logging_mixin.py:150} INFO - [2023-09-01T19:48:39.076+0000] {dag.py:3508} INFO - Setting next_dagrun for example_short_circuit_decorator to 2023-08-31T19:48:39.076553+00:00, run_after=2023-09-01T19:48:39.076553+00:00
[2023-09-01T19:48:39.093+0000] {processor.py:179} INFO - Processing /home/airflow/.local/lib/python3.7/site-packages/airflow/example_dags/example_short_circuit_decorator.py took 0.074 seconds
[2023-09-01T19:49:09.716+0000] {processor.py:157} INFO - Started process (PID=1920) to work on /home/airflow/.local/lib/python3.7/site-packages/airflow/example_dags/example_short_circuit_decorator.py
[2023-09-01T19:49:09.717+0000] {processor.py:826} INFO - Processing file /home/airflow/.local/lib/python3.7/site-packages/airflow/example_dags/example_short_circuit_decorator.py for tasks to queue
[2023-09-01T19:49:09.718+0000] {logging_mixin.py:150} INFO - [2023-09-01T19:49:09.718+0000] {dagbag.py:541} INFO - Filling up the DagBag from /home/airflow/.local/lib/python3.7/site-packages/airflow/example_dags/example_short_circuit_decorator.py
[2023-09-01T19:49:09.727+0000] {processor.py:836} INFO - DAG(s) dict_keys(['example_short_circuit_decorator']) retrieved from /home/airflow/.local/lib/python3.7/site-packages/airflow/example_dags/example_short_circuit_decorator.py
[2023-09-01T19:49:09.753+0000] {logging_mixin.py:150} INFO - [2023-09-01T19:49:09.752+0000] {dag.py:2742} INFO - Sync 1 DAGs
[2023-09-01T19:49:09.781+0000] {logging_mixin.py:150} INFO - [2023-09-01T19:49:09.781+0000] {dag.py:3508} INFO - Setting next_dagrun for example_short_circuit_decorator to 2023-08-31T19:49:09.781010+00:00, run_after=2023-09-01T19:49:09.781010+00:00
[2023-09-01T19:49:09.814+0000] {processor.py:179} INFO - Processing /home/airflow/.local/lib/python3.7/site-packages/airflow/example_dags/example_short_circuit_decorator.py took 0.101 seconds
[2023-09-01T19:49:40.373+0000] {processor.py:157} INFO - Started process (PID=1975) to work on /home/airflow/.local/lib/python3.7/site-packages/airflow/example_dags/example_short_circuit_decorator.py
[2023-09-01T19:49:40.374+0000] {processor.py:826} INFO - Processing file /home/airflow/.local/lib/python3.7/site-packages/airflow/example_dags/example_short_circuit_decorator.py for tasks to queue
[2023-09-01T19:49:40.375+0000] {logging_mixin.py:150} INFO - [2023-09-01T19:49:40.375+0000] {dagbag.py:541} INFO - Filling up the DagBag from /home/airflow/.local/lib/python3.7/site-packages/airflow/example_dags/example_short_circuit_decorator.py
[2023-09-01T19:49:40.394+0000] {processor.py:836} INFO - DAG(s) dict_keys(['example_short_circuit_decorator']) retrieved from /home/airflow/.local/lib/python3.7/site-packages/airflow/example_dags/example_short_circuit_decorator.py
[2023-09-01T19:49:40.451+0000] {logging_mixin.py:150} INFO - [2023-09-01T19:49:40.451+0000] {dag.py:2742} INFO - Sync 1 DAGs
[2023-09-01T19:49:40.491+0000] {logging_mixin.py:150} INFO - [2023-09-01T19:49:40.491+0000] {dag.py:3508} INFO - Setting next_dagrun for example_short_circuit_decorator to 2023-08-31T19:49:40.491409+00:00, run_after=2023-09-01T19:49:40.491409+00:00
[2023-09-01T19:49:40.528+0000] {processor.py:179} INFO - Processing /home/airflow/.local/lib/python3.7/site-packages/airflow/example_dags/example_short_circuit_decorator.py took 0.160 seconds
[2023-09-01T19:50:11.447+0000] {processor.py:157} INFO - Started process (PID=2030) to work on /home/airflow/.local/lib/python3.7/site-packages/airflow/example_dags/example_short_circuit_decorator.py
[2023-09-01T19:50:11.449+0000] {processor.py:826} INFO - Processing file /home/airflow/.local/lib/python3.7/site-packages/airflow/example_dags/example_short_circuit_decorator.py for tasks to queue
[2023-09-01T19:50:11.449+0000] {logging_mixin.py:150} INFO - [2023-09-01T19:50:11.449+0000] {dagbag.py:541} INFO - Filling up the DagBag from /home/airflow/.local/lib/python3.7/site-packages/airflow/example_dags/example_short_circuit_decorator.py
[2023-09-01T19:50:11.461+0000] {processor.py:836} INFO - DAG(s) dict_keys(['example_short_circuit_decorator']) retrieved from /home/airflow/.local/lib/python3.7/site-packages/airflow/example_dags/example_short_circuit_decorator.py
[2023-09-01T19:50:11.494+0000] {logging_mixin.py:150} INFO - [2023-09-01T19:50:11.494+0000] {dag.py:2742} INFO - Sync 1 DAGs
[2023-09-01T19:50:11.520+0000] {logging_mixin.py:150} INFO - [2023-09-01T19:50:11.520+0000] {dag.py:3508} INFO - Setting next_dagrun for example_short_circuit_decorator to 2023-08-31T19:50:11.519800+00:00, run_after=2023-09-01T19:50:11.519800+00:00
[2023-09-01T19:50:11.546+0000] {processor.py:179} INFO - Processing /home/airflow/.local/lib/python3.7/site-packages/airflow/example_dags/example_short_circuit_decorator.py took 0.104 seconds
[2023-09-01T19:50:41.697+0000] {processor.py:157} INFO - Started process (PID=2084) to work on /home/airflow/.local/lib/python3.7/site-packages/airflow/example_dags/example_short_circuit_decorator.py
[2023-09-01T19:50:41.697+0000] {processor.py:826} INFO - Processing file /home/airflow/.local/lib/python3.7/site-packages/airflow/example_dags/example_short_circuit_decorator.py for tasks to queue
[2023-09-01T19:50:41.698+0000] {logging_mixin.py:150} INFO - [2023-09-01T19:50:41.698+0000] {dagbag.py:541} INFO - Filling up the DagBag from /home/airflow/.local/lib/python3.7/site-packages/airflow/example_dags/example_short_circuit_decorator.py
[2023-09-01T19:50:41.707+0000] {processor.py:836} INFO - DAG(s) dict_keys(['example_short_circuit_decorator']) retrieved from /home/airflow/.local/lib/python3.7/site-packages/airflow/example_dags/example_short_circuit_decorator.py
[2023-09-01T19:50:41.732+0000] {logging_mixin.py:150} INFO - [2023-09-01T19:50:41.732+0000] {dag.py:2742} INFO - Sync 1 DAGs
[2023-09-01T19:50:41.753+0000] {logging_mixin.py:150} INFO - [2023-09-01T19:50:41.753+0000] {dag.py:3508} INFO - Setting next_dagrun for example_short_circuit_decorator to 2023-08-31T19:50:41.753619+00:00, run_after=2023-09-01T19:50:41.753619+00:00
[2023-09-01T19:50:41.770+0000] {processor.py:179} INFO - Processing /home/airflow/.local/lib/python3.7/site-packages/airflow/example_dags/example_short_circuit_decorator.py took 0.076 seconds
[2023-09-01T19:51:12.211+0000] {processor.py:157} INFO - Started process (PID=2138) to work on /home/airflow/.local/lib/python3.7/site-packages/airflow/example_dags/example_short_circuit_decorator.py
[2023-09-01T19:51:12.212+0000] {processor.py:826} INFO - Processing file /home/airflow/.local/lib/python3.7/site-packages/airflow/example_dags/example_short_circuit_decorator.py for tasks to queue
[2023-09-01T19:51:12.213+0000] {logging_mixin.py:150} INFO - [2023-09-01T19:51:12.212+0000] {dagbag.py:541} INFO - Filling up the DagBag from /home/airflow/.local/lib/python3.7/site-packages/airflow/example_dags/example_short_circuit_decorator.py
[2023-09-01T19:51:12.223+0000] {processor.py:836} INFO - DAG(s) dict_keys(['example_short_circuit_decorator']) retrieved from /home/airflow/.local/lib/python3.7/site-packages/airflow/example_dags/example_short_circuit_decorator.py
[2023-09-01T19:51:12.251+0000] {logging_mixin.py:150} INFO - [2023-09-01T19:51:12.251+0000] {dag.py:2742} INFO - Sync 1 DAGs
[2023-09-01T19:51:12.279+0000] {logging_mixin.py:150} INFO - [2023-09-01T19:51:12.279+0000] {dag.py:3508} INFO - Setting next_dagrun for example_short_circuit_decorator to 2023-08-31T19:51:12.279150+00:00, run_after=2023-09-01T19:51:12.279150+00:00
[2023-09-01T19:51:12.302+0000] {processor.py:179} INFO - Processing /home/airflow/.local/lib/python3.7/site-packages/airflow/example_dags/example_short_circuit_decorator.py took 0.097 seconds
[2023-09-01T19:51:42.496+0000] {processor.py:157} INFO - Started process (PID=2193) to work on /home/airflow/.local/lib/python3.7/site-packages/airflow/example_dags/example_short_circuit_decorator.py
[2023-09-01T19:51:42.497+0000] {processor.py:826} INFO - Processing file /home/airflow/.local/lib/python3.7/site-packages/airflow/example_dags/example_short_circuit_decorator.py for tasks to queue
[2023-09-01T19:51:42.498+0000] {logging_mixin.py:150} INFO - [2023-09-01T19:51:42.498+0000] {dagbag.py:541} INFO - Filling up the DagBag from /home/airflow/.local/lib/python3.7/site-packages/airflow/example_dags/example_short_circuit_decorator.py
[2023-09-01T19:51:42.506+0000] {processor.py:836} INFO - DAG(s) dict_keys(['example_short_circuit_decorator']) retrieved from /home/airflow/.local/lib/python3.7/site-packages/airflow/example_dags/example_short_circuit_decorator.py
[2023-09-01T19:51:42.531+0000] {logging_mixin.py:150} INFO - [2023-09-01T19:51:42.530+0000] {dag.py:2742} INFO - Sync 1 DAGs
[2023-09-01T19:51:42.551+0000] {logging_mixin.py:150} INFO - [2023-09-01T19:51:42.551+0000] {dag.py:3508} INFO - Setting next_dagrun for example_short_circuit_decorator to 2023-08-31T19:51:42.551395+00:00, run_after=2023-09-01T19:51:42.551395+00:00
[2023-09-01T19:51:42.570+0000] {processor.py:179} INFO - Processing /home/airflow/.local/lib/python3.7/site-packages/airflow/example_dags/example_short_circuit_decorator.py took 0.077 seconds
[2023-09-01T19:52:13.386+0000] {processor.py:157} INFO - Started process (PID=2247) to work on /home/airflow/.local/lib/python3.7/site-packages/airflow/example_dags/example_short_circuit_decorator.py
[2023-09-01T19:52:13.392+0000] {processor.py:826} INFO - Processing file /home/airflow/.local/lib/python3.7/site-packages/airflow/example_dags/example_short_circuit_decorator.py for tasks to queue
[2023-09-01T19:52:13.393+0000] {logging_mixin.py:150} INFO - [2023-09-01T19:52:13.393+0000] {dagbag.py:541} INFO - Filling up the DagBag from /home/airflow/.local/lib/python3.7/site-packages/airflow/example_dags/example_short_circuit_decorator.py
[2023-09-01T19:52:13.403+0000] {processor.py:836} INFO - DAG(s) dict_keys(['example_short_circuit_decorator']) retrieved from /home/airflow/.local/lib/python3.7/site-packages/airflow/example_dags/example_short_circuit_decorator.py
[2023-09-01T19:52:13.445+0000] {logging_mixin.py:150} INFO - [2023-09-01T19:52:13.445+0000] {dag.py:2742} INFO - Sync 1 DAGs
[2023-09-01T19:52:13.480+0000] {logging_mixin.py:150} INFO - [2023-09-01T19:52:13.479+0000] {dag.py:3508} INFO - Setting next_dagrun for example_short_circuit_decorator to 2023-08-31T19:52:13.479700+00:00, run_after=2023-09-01T19:52:13.479700+00:00
[2023-09-01T19:52:13.509+0000] {processor.py:179} INFO - Processing /home/airflow/.local/lib/python3.7/site-packages/airflow/example_dags/example_short_circuit_decorator.py took 0.126 seconds
[2023-09-01T19:52:44.520+0000] {processor.py:157} INFO - Started process (PID=2302) to work on /home/airflow/.local/lib/python3.7/site-packages/airflow/example_dags/example_short_circuit_decorator.py
[2023-09-01T19:52:44.521+0000] {processor.py:826} INFO - Processing file /home/airflow/.local/lib/python3.7/site-packages/airflow/example_dags/example_short_circuit_decorator.py for tasks to queue
[2023-09-01T19:52:44.521+0000] {logging_mixin.py:150} INFO - [2023-09-01T19:52:44.521+0000] {dagbag.py:541} INFO - Filling up the DagBag from /home/airflow/.local/lib/python3.7/site-packages/airflow/example_dags/example_short_circuit_decorator.py
[2023-09-01T19:52:44.532+0000] {processor.py:836} INFO - DAG(s) dict_keys(['example_short_circuit_decorator']) retrieved from /home/airflow/.local/lib/python3.7/site-packages/airflow/example_dags/example_short_circuit_decorator.py
[2023-09-01T19:52:44.555+0000] {logging_mixin.py:150} INFO - [2023-09-01T19:52:44.555+0000] {dag.py:2742} INFO - Sync 1 DAGs
[2023-09-01T19:52:44.577+0000] {logging_mixin.py:150} INFO - [2023-09-01T19:52:44.577+0000] {dag.py:3508} INFO - Setting next_dagrun for example_short_circuit_decorator to 2023-08-31T19:52:44.577118+00:00, run_after=2023-09-01T19:52:44.577118+00:00
[2023-09-01T19:52:44.591+0000] {processor.py:179} INFO - Processing /home/airflow/.local/lib/python3.7/site-packages/airflow/example_dags/example_short_circuit_decorator.py took 0.074 seconds
[2023-09-01T19:53:14.933+0000] {processor.py:157} INFO - Started process (PID=2357) to work on /home/airflow/.local/lib/python3.7/site-packages/airflow/example_dags/example_short_circuit_decorator.py
[2023-09-01T19:53:14.935+0000] {processor.py:826} INFO - Processing file /home/airflow/.local/lib/python3.7/site-packages/airflow/example_dags/example_short_circuit_decorator.py for tasks to queue
[2023-09-01T19:53:14.935+0000] {logging_mixin.py:150} INFO - [2023-09-01T19:53:14.935+0000] {dagbag.py:541} INFO - Filling up the DagBag from /home/airflow/.local/lib/python3.7/site-packages/airflow/example_dags/example_short_circuit_decorator.py
[2023-09-01T19:53:14.945+0000] {processor.py:836} INFO - DAG(s) dict_keys(['example_short_circuit_decorator']) retrieved from /home/airflow/.local/lib/python3.7/site-packages/airflow/example_dags/example_short_circuit_decorator.py
[2023-09-01T19:53:14.978+0000] {logging_mixin.py:150} INFO - [2023-09-01T19:53:14.978+0000] {dag.py:2742} INFO - Sync 1 DAGs
[2023-09-01T19:53:15.012+0000] {logging_mixin.py:150} INFO - [2023-09-01T19:53:15.012+0000] {dag.py:3508} INFO - Setting next_dagrun for example_short_circuit_decorator to 2023-08-31T19:53:15.012086+00:00, run_after=2023-09-01T19:53:15.012086+00:00
[2023-09-01T19:53:15.035+0000] {processor.py:179} INFO - Processing /home/airflow/.local/lib/python3.7/site-packages/airflow/example_dags/example_short_circuit_decorator.py took 0.105 seconds
[2023-09-01T19:53:45.367+0000] {processor.py:157} INFO - Started process (PID=2412) to work on /home/airflow/.local/lib/python3.7/site-packages/airflow/example_dags/example_short_circuit_decorator.py
[2023-09-01T19:53:45.367+0000] {processor.py:826} INFO - Processing file /home/airflow/.local/lib/python3.7/site-packages/airflow/example_dags/example_short_circuit_decorator.py for tasks to queue
[2023-09-01T19:53:45.368+0000] {logging_mixin.py:150} INFO - [2023-09-01T19:53:45.368+0000] {dagbag.py:541} INFO - Filling up the DagBag from /home/airflow/.local/lib/python3.7/site-packages/airflow/example_dags/example_short_circuit_decorator.py
[2023-09-01T19:53:45.377+0000] {processor.py:836} INFO - DAG(s) dict_keys(['example_short_circuit_decorator']) retrieved from /home/airflow/.local/lib/python3.7/site-packages/airflow/example_dags/example_short_circuit_decorator.py
[2023-09-01T19:53:45.400+0000] {logging_mixin.py:150} INFO - [2023-09-01T19:53:45.400+0000] {dag.py:2742} INFO - Sync 1 DAGs
[2023-09-01T19:53:45.422+0000] {logging_mixin.py:150} INFO - [2023-09-01T19:53:45.422+0000] {dag.py:3508} INFO - Setting next_dagrun for example_short_circuit_decorator to 2023-08-31T19:53:45.421886+00:00, run_after=2023-09-01T19:53:45.421886+00:00
[2023-09-01T19:53:45.438+0000] {processor.py:179} INFO - Processing /home/airflow/.local/lib/python3.7/site-packages/airflow/example_dags/example_short_circuit_decorator.py took 0.074 seconds
[2023-09-01T19:54:15.577+0000] {processor.py:157} INFO - Started process (PID=2467) to work on /home/airflow/.local/lib/python3.7/site-packages/airflow/example_dags/example_short_circuit_decorator.py
[2023-09-01T19:54:15.579+0000] {processor.py:826} INFO - Processing file /home/airflow/.local/lib/python3.7/site-packages/airflow/example_dags/example_short_circuit_decorator.py for tasks to queue
[2023-09-01T19:54:15.580+0000] {logging_mixin.py:150} INFO - [2023-09-01T19:54:15.580+0000] {dagbag.py:541} INFO - Filling up the DagBag from /home/airflow/.local/lib/python3.7/site-packages/airflow/example_dags/example_short_circuit_decorator.py
[2023-09-01T19:54:15.590+0000] {processor.py:836} INFO - DAG(s) dict_keys(['example_short_circuit_decorator']) retrieved from /home/airflow/.local/lib/python3.7/site-packages/airflow/example_dags/example_short_circuit_decorator.py
[2023-09-01T19:54:15.621+0000] {logging_mixin.py:150} INFO - [2023-09-01T19:54:15.621+0000] {dag.py:2742} INFO - Sync 1 DAGs
[2023-09-01T19:54:15.651+0000] {logging_mixin.py:150} INFO - [2023-09-01T19:54:15.650+0000] {dag.py:3508} INFO - Setting next_dagrun for example_short_circuit_decorator to 2023-08-31T19:54:15.650713+00:00, run_after=2023-09-01T19:54:15.650713+00:00
[2023-09-01T19:54:15.672+0000] {processor.py:179} INFO - Processing /home/airflow/.local/lib/python3.7/site-packages/airflow/example_dags/example_short_circuit_decorator.py took 0.098 seconds
[2023-09-01T19:54:45.844+0000] {processor.py:157} INFO - Started process (PID=2522) to work on /home/airflow/.local/lib/python3.7/site-packages/airflow/example_dags/example_short_circuit_decorator.py
[2023-09-01T19:54:45.845+0000] {processor.py:826} INFO - Processing file /home/airflow/.local/lib/python3.7/site-packages/airflow/example_dags/example_short_circuit_decorator.py for tasks to queue
[2023-09-01T19:54:45.845+0000] {logging_mixin.py:150} INFO - [2023-09-01T19:54:45.845+0000] {dagbag.py:541} INFO - Filling up the DagBag from /home/airflow/.local/lib/python3.7/site-packages/airflow/example_dags/example_short_circuit_decorator.py
[2023-09-01T19:54:45.897+0000] {processor.py:836} INFO - DAG(s) dict_keys(['example_short_circuit_decorator']) retrieved from /home/airflow/.local/lib/python3.7/site-packages/airflow/example_dags/example_short_circuit_decorator.py
[2023-09-01T19:54:45.968+0000] {logging_mixin.py:150} INFO - [2023-09-01T19:54:45.966+0000] {dag.py:2742} INFO - Sync 1 DAGs
[2023-09-01T19:54:46.035+0000] {logging_mixin.py:150} INFO - [2023-09-01T19:54:46.035+0000] {dag.py:3508} INFO - Setting next_dagrun for example_short_circuit_decorator to 2023-08-31T19:54:46.034756+00:00, run_after=2023-09-01T19:54:46.034756+00:00
[2023-09-01T19:54:46.095+0000] {processor.py:179} INFO - Processing /home/airflow/.local/lib/python3.7/site-packages/airflow/example_dags/example_short_circuit_decorator.py took 0.259 seconds
[2023-09-01T19:55:16.669+0000] {processor.py:157} INFO - Started process (PID=2576) to work on /home/airflow/.local/lib/python3.7/site-packages/airflow/example_dags/example_short_circuit_decorator.py
[2023-09-01T19:55:16.670+0000] {processor.py:826} INFO - Processing file /home/airflow/.local/lib/python3.7/site-packages/airflow/example_dags/example_short_circuit_decorator.py for tasks to queue
[2023-09-01T19:55:16.671+0000] {logging_mixin.py:150} INFO - [2023-09-01T19:55:16.671+0000] {dagbag.py:541} INFO - Filling up the DagBag from /home/airflow/.local/lib/python3.7/site-packages/airflow/example_dags/example_short_circuit_decorator.py
[2023-09-01T19:55:16.680+0000] {processor.py:836} INFO - DAG(s) dict_keys(['example_short_circuit_decorator']) retrieved from /home/airflow/.local/lib/python3.7/site-packages/airflow/example_dags/example_short_circuit_decorator.py
[2023-09-01T19:55:16.725+0000] {logging_mixin.py:150} INFO - [2023-09-01T19:55:16.725+0000] {dag.py:2742} INFO - Sync 1 DAGs
[2023-09-01T19:55:16.748+0000] {logging_mixin.py:150} INFO - [2023-09-01T19:55:16.748+0000] {dag.py:3508} INFO - Setting next_dagrun for example_short_circuit_decorator to 2023-08-31T19:55:16.748067+00:00, run_after=2023-09-01T19:55:16.748067+00:00
[2023-09-01T19:55:16.768+0000] {processor.py:179} INFO - Processing /home/airflow/.local/lib/python3.7/site-packages/airflow/example_dags/example_short_circuit_decorator.py took 0.102 seconds
