[2023-09-01T19:31:54.087+0000] {processor.py:157} INFO - Started process (PID=55) to work on /home/airflow/.local/lib/python3.7/site-packages/airflow/example_dags/example_short_circuit_operator.py
[2023-09-01T19:31:54.096+0000] {processor.py:826} INFO - Processing file /home/airflow/.local/lib/python3.7/site-packages/airflow/example_dags/example_short_circuit_operator.py for tasks to queue
[2023-09-01T19:31:54.096+0000] {logging_mixin.py:150} INFO - [2023-09-01T19:31:54.096+0000] {dagbag.py:541} INFO - Filling up the DagBag from /home/airflow/.local/lib/python3.7/site-packages/airflow/example_dags/example_short_circuit_operator.py
[2023-09-01T19:31:54.109+0000] {processor.py:836} INFO - DAG(s) dict_keys(['example_short_circuit_operator']) retrieved from /home/airflow/.local/lib/python3.7/site-packages/airflow/example_dags/example_short_circuit_operator.py
[2023-09-01T19:31:54.454+0000] {logging_mixin.py:150} INFO - [2023-09-01T19:31:54.454+0000] {dag.py:2742} INFO - Sync 1 DAGs
[2023-09-01T19:31:54.507+0000] {logging_mixin.py:150} INFO - [2023-09-01T19:31:54.506+0000] {dag.py:3508} INFO - Setting next_dagrun for example_short_circuit_operator to 2023-08-31T19:31:54.506695+00:00, run_after=2023-09-01T19:31:54.506695+00:00
[2023-09-01T19:31:54.583+0000] {processor.py:179} INFO - Processing /home/airflow/.local/lib/python3.7/site-packages/airflow/example_dags/example_short_circuit_operator.py took 0.500 seconds
[2023-09-01T19:32:24.642+0000] {processor.py:157} INFO - Started process (PID=111) to work on /home/airflow/.local/lib/python3.7/site-packages/airflow/example_dags/example_short_circuit_operator.py
[2023-09-01T19:32:24.643+0000] {processor.py:826} INFO - Processing file /home/airflow/.local/lib/python3.7/site-packages/airflow/example_dags/example_short_circuit_operator.py for tasks to queue
[2023-09-01T19:32:24.644+0000] {logging_mixin.py:150} INFO - [2023-09-01T19:32:24.644+0000] {dagbag.py:541} INFO - Filling up the DagBag from /home/airflow/.local/lib/python3.7/site-packages/airflow/example_dags/example_short_circuit_operator.py
[2023-09-01T19:32:24.651+0000] {processor.py:836} INFO - DAG(s) dict_keys(['example_short_circuit_operator']) retrieved from /home/airflow/.local/lib/python3.7/site-packages/airflow/example_dags/example_short_circuit_operator.py
[2023-09-01T19:32:24.674+0000] {logging_mixin.py:150} INFO - [2023-09-01T19:32:24.674+0000] {dag.py:2742} INFO - Sync 1 DAGs
[2023-09-01T19:32:24.694+0000] {logging_mixin.py:150} INFO - [2023-09-01T19:32:24.694+0000] {dag.py:3508} INFO - Setting next_dagrun for example_short_circuit_operator to 2023-08-31T19:32:24.694008+00:00, run_after=2023-09-01T19:32:24.694008+00:00
[2023-09-01T19:32:24.710+0000] {processor.py:179} INFO - Processing /home/airflow/.local/lib/python3.7/site-packages/airflow/example_dags/example_short_circuit_operator.py took 0.071 seconds
[2023-09-01T19:32:55.601+0000] {processor.py:157} INFO - Started process (PID=166) to work on /home/airflow/.local/lib/python3.7/site-packages/airflow/example_dags/example_short_circuit_operator.py
[2023-09-01T19:32:55.602+0000] {processor.py:826} INFO - Processing file /home/airflow/.local/lib/python3.7/site-packages/airflow/example_dags/example_short_circuit_operator.py for tasks to queue
[2023-09-01T19:32:55.603+0000] {logging_mixin.py:150} INFO - [2023-09-01T19:32:55.602+0000] {dagbag.py:541} INFO - Filling up the DagBag from /home/airflow/.local/lib/python3.7/site-packages/airflow/example_dags/example_short_circuit_operator.py
[2023-09-01T19:32:55.611+0000] {processor.py:836} INFO - DAG(s) dict_keys(['example_short_circuit_operator']) retrieved from /home/airflow/.local/lib/python3.7/site-packages/airflow/example_dags/example_short_circuit_operator.py
[2023-09-01T19:32:55.639+0000] {logging_mixin.py:150} INFO - [2023-09-01T19:32:55.638+0000] {dag.py:2742} INFO - Sync 1 DAGs
[2023-09-01T19:32:55.662+0000] {logging_mixin.py:150} INFO - [2023-09-01T19:32:55.662+0000] {dag.py:3508} INFO - Setting next_dagrun for example_short_circuit_operator to 2023-08-31T19:32:55.662487+00:00, run_after=2023-09-01T19:32:55.662487+00:00
[2023-09-01T19:32:55.680+0000] {processor.py:179} INFO - Processing /home/airflow/.local/lib/python3.7/site-packages/airflow/example_dags/example_short_circuit_operator.py took 0.082 seconds
[2023-09-01T19:33:26.042+0000] {processor.py:157} INFO - Started process (PID=221) to work on /home/airflow/.local/lib/python3.7/site-packages/airflow/example_dags/example_short_circuit_operator.py
[2023-09-01T19:33:26.042+0000] {processor.py:826} INFO - Processing file /home/airflow/.local/lib/python3.7/site-packages/airflow/example_dags/example_short_circuit_operator.py for tasks to queue
[2023-09-01T19:33:26.043+0000] {logging_mixin.py:150} INFO - [2023-09-01T19:33:26.043+0000] {dagbag.py:541} INFO - Filling up the DagBag from /home/airflow/.local/lib/python3.7/site-packages/airflow/example_dags/example_short_circuit_operator.py
[2023-09-01T19:33:26.050+0000] {processor.py:836} INFO - DAG(s) dict_keys(['example_short_circuit_operator']) retrieved from /home/airflow/.local/lib/python3.7/site-packages/airflow/example_dags/example_short_circuit_operator.py
[2023-09-01T19:33:26.077+0000] {logging_mixin.py:150} INFO - [2023-09-01T19:33:26.077+0000] {dag.py:2742} INFO - Sync 1 DAGs
[2023-09-01T19:33:26.097+0000] {logging_mixin.py:150} INFO - [2023-09-01T19:33:26.096+0000] {dag.py:3508} INFO - Setting next_dagrun for example_short_circuit_operator to 2023-08-31T19:33:26.096754+00:00, run_after=2023-09-01T19:33:26.096754+00:00
[2023-09-01T19:33:26.113+0000] {processor.py:179} INFO - Processing /home/airflow/.local/lib/python3.7/site-packages/airflow/example_dags/example_short_circuit_operator.py took 0.074 seconds
[2023-09-01T19:33:56.255+0000] {processor.py:157} INFO - Started process (PID=276) to work on /home/airflow/.local/lib/python3.7/site-packages/airflow/example_dags/example_short_circuit_operator.py
[2023-09-01T19:33:56.257+0000] {processor.py:826} INFO - Processing file /home/airflow/.local/lib/python3.7/site-packages/airflow/example_dags/example_short_circuit_operator.py for tasks to queue
[2023-09-01T19:33:56.258+0000] {logging_mixin.py:150} INFO - [2023-09-01T19:33:56.257+0000] {dagbag.py:541} INFO - Filling up the DagBag from /home/airflow/.local/lib/python3.7/site-packages/airflow/example_dags/example_short_circuit_operator.py
[2023-09-01T19:33:56.266+0000] {processor.py:836} INFO - DAG(s) dict_keys(['example_short_circuit_operator']) retrieved from /home/airflow/.local/lib/python3.7/site-packages/airflow/example_dags/example_short_circuit_operator.py
[2023-09-01T19:33:56.314+0000] {logging_mixin.py:150} INFO - [2023-09-01T19:33:56.314+0000] {dag.py:2742} INFO - Sync 1 DAGs
[2023-09-01T19:33:56.360+0000] {logging_mixin.py:150} INFO - [2023-09-01T19:33:56.359+0000] {dag.py:3508} INFO - Setting next_dagrun for example_short_circuit_operator to 2023-08-31T19:33:56.359541+00:00, run_after=2023-09-01T19:33:56.359541+00:00
[2023-09-01T19:33:56.396+0000] {processor.py:179} INFO - Processing /home/airflow/.local/lib/python3.7/site-packages/airflow/example_dags/example_short_circuit_operator.py took 0.147 seconds
[2023-09-01T19:34:26.716+0000] {processor.py:157} INFO - Started process (PID=331) to work on /home/airflow/.local/lib/python3.7/site-packages/airflow/example_dags/example_short_circuit_operator.py
[2023-09-01T19:34:26.717+0000] {processor.py:826} INFO - Processing file /home/airflow/.local/lib/python3.7/site-packages/airflow/example_dags/example_short_circuit_operator.py for tasks to queue
[2023-09-01T19:34:26.717+0000] {logging_mixin.py:150} INFO - [2023-09-01T19:34:26.717+0000] {dagbag.py:541} INFO - Filling up the DagBag from /home/airflow/.local/lib/python3.7/site-packages/airflow/example_dags/example_short_circuit_operator.py
[2023-09-01T19:34:26.725+0000] {processor.py:836} INFO - DAG(s) dict_keys(['example_short_circuit_operator']) retrieved from /home/airflow/.local/lib/python3.7/site-packages/airflow/example_dags/example_short_circuit_operator.py
[2023-09-01T19:34:26.757+0000] {logging_mixin.py:150} INFO - [2023-09-01T19:34:26.757+0000] {dag.py:2742} INFO - Sync 1 DAGs
[2023-09-01T19:34:26.788+0000] {logging_mixin.py:150} INFO - [2023-09-01T19:34:26.788+0000] {dag.py:3508} INFO - Setting next_dagrun for example_short_circuit_operator to 2023-08-31T19:34:26.788129+00:00, run_after=2023-09-01T19:34:26.788129+00:00
[2023-09-01T19:34:26.805+0000] {processor.py:179} INFO - Processing /home/airflow/.local/lib/python3.7/site-packages/airflow/example_dags/example_short_circuit_operator.py took 0.093 seconds
[2023-09-01T19:34:56.958+0000] {processor.py:157} INFO - Started process (PID=386) to work on /home/airflow/.local/lib/python3.7/site-packages/airflow/example_dags/example_short_circuit_operator.py
[2023-09-01T19:34:56.959+0000] {processor.py:826} INFO - Processing file /home/airflow/.local/lib/python3.7/site-packages/airflow/example_dags/example_short_circuit_operator.py for tasks to queue
[2023-09-01T19:34:56.960+0000] {logging_mixin.py:150} INFO - [2023-09-01T19:34:56.959+0000] {dagbag.py:541} INFO - Filling up the DagBag from /home/airflow/.local/lib/python3.7/site-packages/airflow/example_dags/example_short_circuit_operator.py
[2023-09-01T19:34:56.971+0000] {processor.py:836} INFO - DAG(s) dict_keys(['example_short_circuit_operator']) retrieved from /home/airflow/.local/lib/python3.7/site-packages/airflow/example_dags/example_short_circuit_operator.py
[2023-09-01T19:34:56.996+0000] {logging_mixin.py:150} INFO - [2023-09-01T19:34:56.996+0000] {dag.py:2742} INFO - Sync 1 DAGs
[2023-09-01T19:34:57.021+0000] {logging_mixin.py:150} INFO - [2023-09-01T19:34:57.021+0000] {dag.py:3508} INFO - Setting next_dagrun for example_short_circuit_operator to 2023-08-31T19:34:57.021186+00:00, run_after=2023-09-01T19:34:57.021186+00:00
[2023-09-01T19:34:57.042+0000] {processor.py:179} INFO - Processing /home/airflow/.local/lib/python3.7/site-packages/airflow/example_dags/example_short_circuit_operator.py took 0.088 seconds
[2023-09-01T19:35:27.229+0000] {processor.py:157} INFO - Started process (PID=441) to work on /home/airflow/.local/lib/python3.7/site-packages/airflow/example_dags/example_short_circuit_operator.py
[2023-09-01T19:35:27.230+0000] {processor.py:826} INFO - Processing file /home/airflow/.local/lib/python3.7/site-packages/airflow/example_dags/example_short_circuit_operator.py for tasks to queue
[2023-09-01T19:35:27.231+0000] {logging_mixin.py:150} INFO - [2023-09-01T19:35:27.230+0000] {dagbag.py:541} INFO - Filling up the DagBag from /home/airflow/.local/lib/python3.7/site-packages/airflow/example_dags/example_short_circuit_operator.py
[2023-09-01T19:35:27.245+0000] {processor.py:836} INFO - DAG(s) dict_keys(['example_short_circuit_operator']) retrieved from /home/airflow/.local/lib/python3.7/site-packages/airflow/example_dags/example_short_circuit_operator.py
[2023-09-01T19:35:27.277+0000] {logging_mixin.py:150} INFO - [2023-09-01T19:35:27.277+0000] {dag.py:2742} INFO - Sync 1 DAGs
[2023-09-01T19:35:27.306+0000] {logging_mixin.py:150} INFO - [2023-09-01T19:35:27.306+0000] {dag.py:3508} INFO - Setting next_dagrun for example_short_circuit_operator to 2023-08-31T19:35:27.306609+00:00, run_after=2023-09-01T19:35:27.306609+00:00
[2023-09-01T19:35:27.322+0000] {processor.py:179} INFO - Processing /home/airflow/.local/lib/python3.7/site-packages/airflow/example_dags/example_short_circuit_operator.py took 0.097 seconds
[2023-09-01T19:35:57.664+0000] {processor.py:157} INFO - Started process (PID=496) to work on /home/airflow/.local/lib/python3.7/site-packages/airflow/example_dags/example_short_circuit_operator.py
[2023-09-01T19:35:57.665+0000] {processor.py:826} INFO - Processing file /home/airflow/.local/lib/python3.7/site-packages/airflow/example_dags/example_short_circuit_operator.py for tasks to queue
[2023-09-01T19:35:57.666+0000] {logging_mixin.py:150} INFO - [2023-09-01T19:35:57.666+0000] {dagbag.py:541} INFO - Filling up the DagBag from /home/airflow/.local/lib/python3.7/site-packages/airflow/example_dags/example_short_circuit_operator.py
[2023-09-01T19:35:57.674+0000] {processor.py:836} INFO - DAG(s) dict_keys(['example_short_circuit_operator']) retrieved from /home/airflow/.local/lib/python3.7/site-packages/airflow/example_dags/example_short_circuit_operator.py
[2023-09-01T19:35:57.697+0000] {logging_mixin.py:150} INFO - [2023-09-01T19:35:57.697+0000] {dag.py:2742} INFO - Sync 1 DAGs
[2023-09-01T19:35:57.725+0000] {logging_mixin.py:150} INFO - [2023-09-01T19:35:57.725+0000] {dag.py:3508} INFO - Setting next_dagrun for example_short_circuit_operator to 2023-08-31T19:35:57.725620+00:00, run_after=2023-09-01T19:35:57.725620+00:00
[2023-09-01T19:35:57.741+0000] {processor.py:179} INFO - Processing /home/airflow/.local/lib/python3.7/site-packages/airflow/example_dags/example_short_circuit_operator.py took 0.081 seconds
[2023-09-01T19:36:28.259+0000] {processor.py:157} INFO - Started process (PID=551) to work on /home/airflow/.local/lib/python3.7/site-packages/airflow/example_dags/example_short_circuit_operator.py
[2023-09-01T19:36:28.260+0000] {processor.py:826} INFO - Processing file /home/airflow/.local/lib/python3.7/site-packages/airflow/example_dags/example_short_circuit_operator.py for tasks to queue
[2023-09-01T19:36:28.261+0000] {logging_mixin.py:150} INFO - [2023-09-01T19:36:28.260+0000] {dagbag.py:541} INFO - Filling up the DagBag from /home/airflow/.local/lib/python3.7/site-packages/airflow/example_dags/example_short_circuit_operator.py
[2023-09-01T19:36:28.281+0000] {processor.py:836} INFO - DAG(s) dict_keys(['example_short_circuit_operator']) retrieved from /home/airflow/.local/lib/python3.7/site-packages/airflow/example_dags/example_short_circuit_operator.py
[2023-09-01T19:36:28.304+0000] {logging_mixin.py:150} INFO - [2023-09-01T19:36:28.304+0000] {dag.py:2742} INFO - Sync 1 DAGs
[2023-09-01T19:36:28.327+0000] {logging_mixin.py:150} INFO - [2023-09-01T19:36:28.327+0000] {dag.py:3508} INFO - Setting next_dagrun for example_short_circuit_operator to 2023-08-31T19:36:28.327230+00:00, run_after=2023-09-01T19:36:28.327230+00:00
[2023-09-01T19:36:28.346+0000] {processor.py:179} INFO - Processing /home/airflow/.local/lib/python3.7/site-packages/airflow/example_dags/example_short_circuit_operator.py took 0.090 seconds
[2023-09-01T19:36:59.108+0000] {processor.py:157} INFO - Started process (PID=606) to work on /home/airflow/.local/lib/python3.7/site-packages/airflow/example_dags/example_short_circuit_operator.py
[2023-09-01T19:36:59.109+0000] {processor.py:826} INFO - Processing file /home/airflow/.local/lib/python3.7/site-packages/airflow/example_dags/example_short_circuit_operator.py for tasks to queue
[2023-09-01T19:36:59.110+0000] {logging_mixin.py:150} INFO - [2023-09-01T19:36:59.110+0000] {dagbag.py:541} INFO - Filling up the DagBag from /home/airflow/.local/lib/python3.7/site-packages/airflow/example_dags/example_short_circuit_operator.py
[2023-09-01T19:36:59.118+0000] {processor.py:836} INFO - DAG(s) dict_keys(['example_short_circuit_operator']) retrieved from /home/airflow/.local/lib/python3.7/site-packages/airflow/example_dags/example_short_circuit_operator.py
[2023-09-01T19:36:59.140+0000] {logging_mixin.py:150} INFO - [2023-09-01T19:36:59.140+0000] {dag.py:2742} INFO - Sync 1 DAGs
[2023-09-01T19:36:59.164+0000] {logging_mixin.py:150} INFO - [2023-09-01T19:36:59.163+0000] {dag.py:3508} INFO - Setting next_dagrun for example_short_circuit_operator to 2023-08-31T19:36:59.163719+00:00, run_after=2023-09-01T19:36:59.163719+00:00
[2023-09-01T19:36:59.180+0000] {processor.py:179} INFO - Processing /home/airflow/.local/lib/python3.7/site-packages/airflow/example_dags/example_short_circuit_operator.py took 0.076 seconds
[2023-09-01T19:37:30.073+0000] {processor.py:157} INFO - Started process (PID=661) to work on /home/airflow/.local/lib/python3.7/site-packages/airflow/example_dags/example_short_circuit_operator.py
[2023-09-01T19:37:30.076+0000] {processor.py:826} INFO - Processing file /home/airflow/.local/lib/python3.7/site-packages/airflow/example_dags/example_short_circuit_operator.py for tasks to queue
[2023-09-01T19:37:30.076+0000] {logging_mixin.py:150} INFO - [2023-09-01T19:37:30.076+0000] {dagbag.py:541} INFO - Filling up the DagBag from /home/airflow/.local/lib/python3.7/site-packages/airflow/example_dags/example_short_circuit_operator.py
[2023-09-01T19:37:30.101+0000] {processor.py:836} INFO - DAG(s) dict_keys(['example_short_circuit_operator']) retrieved from /home/airflow/.local/lib/python3.7/site-packages/airflow/example_dags/example_short_circuit_operator.py
[2023-09-01T19:37:30.125+0000] {logging_mixin.py:150} INFO - [2023-09-01T19:37:30.125+0000] {dag.py:2742} INFO - Sync 1 DAGs
[2023-09-01T19:37:30.184+0000] {logging_mixin.py:150} INFO - [2023-09-01T19:37:30.184+0000] {dag.py:3508} INFO - Setting next_dagrun for example_short_circuit_operator to 2023-08-31T19:37:30.184187+00:00, run_after=2023-09-01T19:37:30.184187+00:00
[2023-09-01T19:37:30.209+0000] {processor.py:179} INFO - Processing /home/airflow/.local/lib/python3.7/site-packages/airflow/example_dags/example_short_circuit_operator.py took 0.150 seconds
[2023-09-01T19:38:01.734+0000] {processor.py:157} INFO - Started process (PID=722) to work on /home/airflow/.local/lib/python3.7/site-packages/airflow/example_dags/example_short_circuit_operator.py
[2023-09-01T19:38:01.764+0000] {processor.py:826} INFO - Processing file /home/airflow/.local/lib/python3.7/site-packages/airflow/example_dags/example_short_circuit_operator.py for tasks to queue
[2023-09-01T19:38:01.765+0000] {logging_mixin.py:150} INFO - [2023-09-01T19:38:01.765+0000] {dagbag.py:541} INFO - Filling up the DagBag from /home/airflow/.local/lib/python3.7/site-packages/airflow/example_dags/example_short_circuit_operator.py
[2023-09-01T19:38:01.793+0000] {processor.py:836} INFO - DAG(s) dict_keys(['example_short_circuit_operator']) retrieved from /home/airflow/.local/lib/python3.7/site-packages/airflow/example_dags/example_short_circuit_operator.py
[2023-09-01T19:38:01.887+0000] {logging_mixin.py:150} INFO - [2023-09-01T19:38:01.886+0000] {dag.py:2742} INFO - Sync 1 DAGs
[2023-09-01T19:38:01.944+0000] {logging_mixin.py:150} INFO - [2023-09-01T19:38:01.944+0000] {dag.py:3508} INFO - Setting next_dagrun for example_short_circuit_operator to 2023-08-31T19:38:01.944285+00:00, run_after=2023-09-01T19:38:01.944285+00:00
[2023-09-01T19:38:02.024+0000] {processor.py:179} INFO - Processing /home/airflow/.local/lib/python3.7/site-packages/airflow/example_dags/example_short_circuit_operator.py took 0.320 seconds
[2023-09-01T19:38:32.072+0000] {processor.py:157} INFO - Started process (PID=777) to work on /home/airflow/.local/lib/python3.7/site-packages/airflow/example_dags/example_short_circuit_operator.py
[2023-09-01T19:38:32.073+0000] {processor.py:826} INFO - Processing file /home/airflow/.local/lib/python3.7/site-packages/airflow/example_dags/example_short_circuit_operator.py for tasks to queue
[2023-09-01T19:38:32.073+0000] {logging_mixin.py:150} INFO - [2023-09-01T19:38:32.073+0000] {dagbag.py:541} INFO - Filling up the DagBag from /home/airflow/.local/lib/python3.7/site-packages/airflow/example_dags/example_short_circuit_operator.py
[2023-09-01T19:38:32.081+0000] {processor.py:836} INFO - DAG(s) dict_keys(['example_short_circuit_operator']) retrieved from /home/airflow/.local/lib/python3.7/site-packages/airflow/example_dags/example_short_circuit_operator.py
[2023-09-01T19:38:32.104+0000] {logging_mixin.py:150} INFO - [2023-09-01T19:38:32.104+0000] {dag.py:2742} INFO - Sync 1 DAGs
[2023-09-01T19:38:32.125+0000] {logging_mixin.py:150} INFO - [2023-09-01T19:38:32.124+0000] {dag.py:3508} INFO - Setting next_dagrun for example_short_circuit_operator to 2023-08-31T19:38:32.124608+00:00, run_after=2023-09-01T19:38:32.124608+00:00
[2023-09-01T19:38:32.141+0000] {processor.py:179} INFO - Processing /home/airflow/.local/lib/python3.7/site-packages/airflow/example_dags/example_short_circuit_operator.py took 0.072 seconds
[2023-09-01T19:39:02.324+0000] {processor.py:157} INFO - Started process (PID=832) to work on /home/airflow/.local/lib/python3.7/site-packages/airflow/example_dags/example_short_circuit_operator.py
[2023-09-01T19:39:02.325+0000] {processor.py:826} INFO - Processing file /home/airflow/.local/lib/python3.7/site-packages/airflow/example_dags/example_short_circuit_operator.py for tasks to queue
[2023-09-01T19:39:02.326+0000] {logging_mixin.py:150} INFO - [2023-09-01T19:39:02.325+0000] {dagbag.py:541} INFO - Filling up the DagBag from /home/airflow/.local/lib/python3.7/site-packages/airflow/example_dags/example_short_circuit_operator.py
[2023-09-01T19:39:02.334+0000] {processor.py:836} INFO - DAG(s) dict_keys(['example_short_circuit_operator']) retrieved from /home/airflow/.local/lib/python3.7/site-packages/airflow/example_dags/example_short_circuit_operator.py
[2023-09-01T19:39:02.357+0000] {logging_mixin.py:150} INFO - [2023-09-01T19:39:02.357+0000] {dag.py:2742} INFO - Sync 1 DAGs
[2023-09-01T19:39:02.380+0000] {logging_mixin.py:150} INFO - [2023-09-01T19:39:02.380+0000] {dag.py:3508} INFO - Setting next_dagrun for example_short_circuit_operator to 2023-08-31T19:39:02.379822+00:00, run_after=2023-09-01T19:39:02.379822+00:00
[2023-09-01T19:39:02.411+0000] {processor.py:179} INFO - Processing /home/airflow/.local/lib/python3.7/site-packages/airflow/example_dags/example_short_circuit_operator.py took 0.091 seconds
[2023-09-01T19:39:32.654+0000] {processor.py:157} INFO - Started process (PID=887) to work on /home/airflow/.local/lib/python3.7/site-packages/airflow/example_dags/example_short_circuit_operator.py
[2023-09-01T19:39:32.655+0000] {processor.py:826} INFO - Processing file /home/airflow/.local/lib/python3.7/site-packages/airflow/example_dags/example_short_circuit_operator.py for tasks to queue
[2023-09-01T19:39:32.656+0000] {logging_mixin.py:150} INFO - [2023-09-01T19:39:32.656+0000] {dagbag.py:541} INFO - Filling up the DagBag from /home/airflow/.local/lib/python3.7/site-packages/airflow/example_dags/example_short_circuit_operator.py
[2023-09-01T19:39:32.664+0000] {processor.py:836} INFO - DAG(s) dict_keys(['example_short_circuit_operator']) retrieved from /home/airflow/.local/lib/python3.7/site-packages/airflow/example_dags/example_short_circuit_operator.py
[2023-09-01T19:39:32.689+0000] {logging_mixin.py:150} INFO - [2023-09-01T19:39:32.689+0000] {dag.py:2742} INFO - Sync 1 DAGs
[2023-09-01T19:39:32.718+0000] {logging_mixin.py:150} INFO - [2023-09-01T19:39:32.718+0000] {dag.py:3508} INFO - Setting next_dagrun for example_short_circuit_operator to 2023-08-31T19:39:32.717945+00:00, run_after=2023-09-01T19:39:32.717945+00:00
[2023-09-01T19:39:32.738+0000] {processor.py:179} INFO - Processing /home/airflow/.local/lib/python3.7/site-packages/airflow/example_dags/example_short_circuit_operator.py took 0.088 seconds
[2023-09-01T19:40:03.877+0000] {processor.py:157} INFO - Started process (PID=942) to work on /home/airflow/.local/lib/python3.7/site-packages/airflow/example_dags/example_short_circuit_operator.py
[2023-09-01T19:40:03.878+0000] {processor.py:826} INFO - Processing file /home/airflow/.local/lib/python3.7/site-packages/airflow/example_dags/example_short_circuit_operator.py for tasks to queue
[2023-09-01T19:40:03.878+0000] {logging_mixin.py:150} INFO - [2023-09-01T19:40:03.878+0000] {dagbag.py:541} INFO - Filling up the DagBag from /home/airflow/.local/lib/python3.7/site-packages/airflow/example_dags/example_short_circuit_operator.py
[2023-09-01T19:40:03.903+0000] {processor.py:836} INFO - DAG(s) dict_keys(['example_short_circuit_operator']) retrieved from /home/airflow/.local/lib/python3.7/site-packages/airflow/example_dags/example_short_circuit_operator.py
[2023-09-01T19:40:03.959+0000] {logging_mixin.py:150} INFO - [2023-09-01T19:40:03.959+0000] {dag.py:2742} INFO - Sync 1 DAGs
[2023-09-01T19:40:04.005+0000] {logging_mixin.py:150} INFO - [2023-09-01T19:40:04.004+0000] {dag.py:3508} INFO - Setting next_dagrun for example_short_circuit_operator to 2023-08-31T19:40:04.004710+00:00, run_after=2023-09-01T19:40:04.004710+00:00
[2023-09-01T19:40:04.020+0000] {processor.py:179} INFO - Processing /home/airflow/.local/lib/python3.7/site-packages/airflow/example_dags/example_short_circuit_operator.py took 0.150 seconds
[2023-09-01T19:40:34.320+0000] {processor.py:157} INFO - Started process (PID=996) to work on /home/airflow/.local/lib/python3.7/site-packages/airflow/example_dags/example_short_circuit_operator.py
[2023-09-01T19:40:34.322+0000] {processor.py:826} INFO - Processing file /home/airflow/.local/lib/python3.7/site-packages/airflow/example_dags/example_short_circuit_operator.py for tasks to queue
[2023-09-01T19:40:34.322+0000] {logging_mixin.py:150} INFO - [2023-09-01T19:40:34.322+0000] {dagbag.py:541} INFO - Filling up the DagBag from /home/airflow/.local/lib/python3.7/site-packages/airflow/example_dags/example_short_circuit_operator.py
[2023-09-01T19:40:34.330+0000] {processor.py:836} INFO - DAG(s) dict_keys(['example_short_circuit_operator']) retrieved from /home/airflow/.local/lib/python3.7/site-packages/airflow/example_dags/example_short_circuit_operator.py
[2023-09-01T19:40:34.357+0000] {logging_mixin.py:150} INFO - [2023-09-01T19:40:34.357+0000] {dag.py:2742} INFO - Sync 1 DAGs
[2023-09-01T19:40:34.385+0000] {logging_mixin.py:150} INFO - [2023-09-01T19:40:34.385+0000] {dag.py:3508} INFO - Setting next_dagrun for example_short_circuit_operator to 2023-08-31T19:40:34.384050+00:00, run_after=2023-09-01T19:40:34.384050+00:00
[2023-09-01T19:40:34.406+0000] {processor.py:179} INFO - Processing /home/airflow/.local/lib/python3.7/site-packages/airflow/example_dags/example_short_circuit_operator.py took 0.089 seconds
[2023-09-01T19:41:04.447+0000] {processor.py:157} INFO - Started process (PID=1051) to work on /home/airflow/.local/lib/python3.7/site-packages/airflow/example_dags/example_short_circuit_operator.py
[2023-09-01T19:41:04.448+0000] {processor.py:826} INFO - Processing file /home/airflow/.local/lib/python3.7/site-packages/airflow/example_dags/example_short_circuit_operator.py for tasks to queue
[2023-09-01T19:41:04.448+0000] {logging_mixin.py:150} INFO - [2023-09-01T19:41:04.448+0000] {dagbag.py:541} INFO - Filling up the DagBag from /home/airflow/.local/lib/python3.7/site-packages/airflow/example_dags/example_short_circuit_operator.py
[2023-09-01T19:41:04.456+0000] {processor.py:836} INFO - DAG(s) dict_keys(['example_short_circuit_operator']) retrieved from /home/airflow/.local/lib/python3.7/site-packages/airflow/example_dags/example_short_circuit_operator.py
[2023-09-01T19:41:04.478+0000] {logging_mixin.py:150} INFO - [2023-09-01T19:41:04.478+0000] {dag.py:2742} INFO - Sync 1 DAGs
[2023-09-01T19:41:04.504+0000] {logging_mixin.py:150} INFO - [2023-09-01T19:41:04.504+0000] {dag.py:3508} INFO - Setting next_dagrun for example_short_circuit_operator to 2023-08-31T19:41:04.503474+00:00, run_after=2023-09-01T19:41:04.503474+00:00
[2023-09-01T19:41:04.536+0000] {processor.py:179} INFO - Processing /home/airflow/.local/lib/python3.7/site-packages/airflow/example_dags/example_short_circuit_operator.py took 0.092 seconds
[2023-09-01T19:41:34.876+0000] {processor.py:157} INFO - Started process (PID=1106) to work on /home/airflow/.local/lib/python3.7/site-packages/airflow/example_dags/example_short_circuit_operator.py
[2023-09-01T19:41:34.881+0000] {processor.py:826} INFO - Processing file /home/airflow/.local/lib/python3.7/site-packages/airflow/example_dags/example_short_circuit_operator.py for tasks to queue
[2023-09-01T19:41:34.882+0000] {logging_mixin.py:150} INFO - [2023-09-01T19:41:34.881+0000] {dagbag.py:541} INFO - Filling up the DagBag from /home/airflow/.local/lib/python3.7/site-packages/airflow/example_dags/example_short_circuit_operator.py
[2023-09-01T19:41:34.903+0000] {processor.py:836} INFO - DAG(s) dict_keys(['example_short_circuit_operator']) retrieved from /home/airflow/.local/lib/python3.7/site-packages/airflow/example_dags/example_short_circuit_operator.py
[2023-09-01T19:41:34.970+0000] {logging_mixin.py:150} INFO - [2023-09-01T19:41:34.970+0000] {dag.py:2742} INFO - Sync 1 DAGs
[2023-09-01T19:41:35.007+0000] {logging_mixin.py:150} INFO - [2023-09-01T19:41:35.007+0000] {dag.py:3508} INFO - Setting next_dagrun for example_short_circuit_operator to 2023-08-31T19:41:35.007472+00:00, run_after=2023-09-01T19:41:35.007472+00:00
[2023-09-01T19:41:35.026+0000] {processor.py:179} INFO - Processing /home/airflow/.local/lib/python3.7/site-packages/airflow/example_dags/example_short_circuit_operator.py took 0.154 seconds
[2023-09-01T19:42:05.244+0000] {processor.py:157} INFO - Started process (PID=1160) to work on /home/airflow/.local/lib/python3.7/site-packages/airflow/example_dags/example_short_circuit_operator.py
[2023-09-01T19:42:05.244+0000] {processor.py:826} INFO - Processing file /home/airflow/.local/lib/python3.7/site-packages/airflow/example_dags/example_short_circuit_operator.py for tasks to queue
[2023-09-01T19:42:05.245+0000] {logging_mixin.py:150} INFO - [2023-09-01T19:42:05.245+0000] {dagbag.py:541} INFO - Filling up the DagBag from /home/airflow/.local/lib/python3.7/site-packages/airflow/example_dags/example_short_circuit_operator.py
[2023-09-01T19:42:05.254+0000] {processor.py:836} INFO - DAG(s) dict_keys(['example_short_circuit_operator']) retrieved from /home/airflow/.local/lib/python3.7/site-packages/airflow/example_dags/example_short_circuit_operator.py
[2023-09-01T19:42:05.282+0000] {logging_mixin.py:150} INFO - [2023-09-01T19:42:05.282+0000] {dag.py:2742} INFO - Sync 1 DAGs
[2023-09-01T19:42:05.312+0000] {logging_mixin.py:150} INFO - [2023-09-01T19:42:05.312+0000] {dag.py:3508} INFO - Setting next_dagrun for example_short_circuit_operator to 2023-08-31T19:42:05.311989+00:00, run_after=2023-09-01T19:42:05.311989+00:00
[2023-09-01T19:42:05.335+0000] {processor.py:179} INFO - Processing /home/airflow/.local/lib/python3.7/site-packages/airflow/example_dags/example_short_circuit_operator.py took 0.096 seconds
[2023-09-01T19:42:35.755+0000] {processor.py:157} INFO - Started process (PID=1215) to work on /home/airflow/.local/lib/python3.7/site-packages/airflow/example_dags/example_short_circuit_operator.py
[2023-09-01T19:42:35.759+0000] {processor.py:826} INFO - Processing file /home/airflow/.local/lib/python3.7/site-packages/airflow/example_dags/example_short_circuit_operator.py for tasks to queue
[2023-09-01T19:42:35.760+0000] {logging_mixin.py:150} INFO - [2023-09-01T19:42:35.760+0000] {dagbag.py:541} INFO - Filling up the DagBag from /home/airflow/.local/lib/python3.7/site-packages/airflow/example_dags/example_short_circuit_operator.py
[2023-09-01T19:42:35.778+0000] {processor.py:836} INFO - DAG(s) dict_keys(['example_short_circuit_operator']) retrieved from /home/airflow/.local/lib/python3.7/site-packages/airflow/example_dags/example_short_circuit_operator.py
[2023-09-01T19:42:35.839+0000] {logging_mixin.py:150} INFO - [2023-09-01T19:42:35.838+0000] {dag.py:2742} INFO - Sync 1 DAGs
[2023-09-01T19:42:35.886+0000] {logging_mixin.py:150} INFO - [2023-09-01T19:42:35.886+0000] {dag.py:3508} INFO - Setting next_dagrun for example_short_circuit_operator to 2023-08-31T19:42:35.886341+00:00, run_after=2023-09-01T19:42:35.886341+00:00
[2023-09-01T19:42:35.928+0000] {processor.py:179} INFO - Processing /home/airflow/.local/lib/python3.7/site-packages/airflow/example_dags/example_short_circuit_operator.py took 0.187 seconds
[2023-09-01T19:43:06.002+0000] {processor.py:157} INFO - Started process (PID=1270) to work on /home/airflow/.local/lib/python3.7/site-packages/airflow/example_dags/example_short_circuit_operator.py
[2023-09-01T19:43:06.003+0000] {processor.py:826} INFO - Processing file /home/airflow/.local/lib/python3.7/site-packages/airflow/example_dags/example_short_circuit_operator.py for tasks to queue
[2023-09-01T19:43:06.004+0000] {logging_mixin.py:150} INFO - [2023-09-01T19:43:06.004+0000] {dagbag.py:541} INFO - Filling up the DagBag from /home/airflow/.local/lib/python3.7/site-packages/airflow/example_dags/example_short_circuit_operator.py
[2023-09-01T19:43:06.011+0000] {processor.py:836} INFO - DAG(s) dict_keys(['example_short_circuit_operator']) retrieved from /home/airflow/.local/lib/python3.7/site-packages/airflow/example_dags/example_short_circuit_operator.py
[2023-09-01T19:43:06.044+0000] {logging_mixin.py:150} INFO - [2023-09-01T19:43:06.044+0000] {dag.py:2742} INFO - Sync 1 DAGs
[2023-09-01T19:43:06.065+0000] {logging_mixin.py:150} INFO - [2023-09-01T19:43:06.065+0000] {dag.py:3508} INFO - Setting next_dagrun for example_short_circuit_operator to 2023-08-31T19:43:06.064967+00:00, run_after=2023-09-01T19:43:06.064967+00:00
[2023-09-01T19:43:06.079+0000] {processor.py:179} INFO - Processing /home/airflow/.local/lib/python3.7/site-packages/airflow/example_dags/example_short_circuit_operator.py took 0.081 seconds
[2023-09-01T19:43:36.512+0000] {processor.py:157} INFO - Started process (PID=1325) to work on /home/airflow/.local/lib/python3.7/site-packages/airflow/example_dags/example_short_circuit_operator.py
[2023-09-01T19:43:36.513+0000] {processor.py:826} INFO - Processing file /home/airflow/.local/lib/python3.7/site-packages/airflow/example_dags/example_short_circuit_operator.py for tasks to queue
[2023-09-01T19:43:36.513+0000] {logging_mixin.py:150} INFO - [2023-09-01T19:43:36.513+0000] {dagbag.py:541} INFO - Filling up the DagBag from /home/airflow/.local/lib/python3.7/site-packages/airflow/example_dags/example_short_circuit_operator.py
[2023-09-01T19:43:36.521+0000] {processor.py:836} INFO - DAG(s) dict_keys(['example_short_circuit_operator']) retrieved from /home/airflow/.local/lib/python3.7/site-packages/airflow/example_dags/example_short_circuit_operator.py
[2023-09-01T19:43:36.544+0000] {logging_mixin.py:150} INFO - [2023-09-01T19:43:36.544+0000] {dag.py:2742} INFO - Sync 1 DAGs
[2023-09-01T19:43:36.573+0000] {logging_mixin.py:150} INFO - [2023-09-01T19:43:36.573+0000] {dag.py:3508} INFO - Setting next_dagrun for example_short_circuit_operator to 2023-08-31T19:43:36.573137+00:00, run_after=2023-09-01T19:43:36.573137+00:00
[2023-09-01T19:43:36.594+0000] {processor.py:179} INFO - Processing /home/airflow/.local/lib/python3.7/site-packages/airflow/example_dags/example_short_circuit_operator.py took 0.086 seconds
[2023-09-01T19:44:07.036+0000] {processor.py:157} INFO - Started process (PID=1380) to work on /home/airflow/.local/lib/python3.7/site-packages/airflow/example_dags/example_short_circuit_operator.py
[2023-09-01T19:44:07.037+0000] {processor.py:826} INFO - Processing file /home/airflow/.local/lib/python3.7/site-packages/airflow/example_dags/example_short_circuit_operator.py for tasks to queue
[2023-09-01T19:44:07.038+0000] {logging_mixin.py:150} INFO - [2023-09-01T19:44:07.037+0000] {dagbag.py:541} INFO - Filling up the DagBag from /home/airflow/.local/lib/python3.7/site-packages/airflow/example_dags/example_short_circuit_operator.py
[2023-09-01T19:44:07.047+0000] {processor.py:836} INFO - DAG(s) dict_keys(['example_short_circuit_operator']) retrieved from /home/airflow/.local/lib/python3.7/site-packages/airflow/example_dags/example_short_circuit_operator.py
[2023-09-01T19:44:07.075+0000] {logging_mixin.py:150} INFO - [2023-09-01T19:44:07.075+0000] {dag.py:2742} INFO - Sync 1 DAGs
[2023-09-01T19:44:07.104+0000] {logging_mixin.py:150} INFO - [2023-09-01T19:44:07.103+0000] {dag.py:3508} INFO - Setting next_dagrun for example_short_circuit_operator to 2023-08-31T19:44:07.103618+00:00, run_after=2023-09-01T19:44:07.103618+00:00
[2023-09-01T19:44:07.133+0000] {processor.py:179} INFO - Processing /home/airflow/.local/lib/python3.7/site-packages/airflow/example_dags/example_short_circuit_operator.py took 0.101 seconds
[2023-09-01T19:44:37.618+0000] {processor.py:157} INFO - Started process (PID=1435) to work on /home/airflow/.local/lib/python3.7/site-packages/airflow/example_dags/example_short_circuit_operator.py
[2023-09-01T19:44:37.622+0000] {processor.py:826} INFO - Processing file /home/airflow/.local/lib/python3.7/site-packages/airflow/example_dags/example_short_circuit_operator.py for tasks to queue
[2023-09-01T19:44:37.625+0000] {logging_mixin.py:150} INFO - [2023-09-01T19:44:37.625+0000] {dagbag.py:541} INFO - Filling up the DagBag from /home/airflow/.local/lib/python3.7/site-packages/airflow/example_dags/example_short_circuit_operator.py
[2023-09-01T19:44:37.637+0000] {processor.py:836} INFO - DAG(s) dict_keys(['example_short_circuit_operator']) retrieved from /home/airflow/.local/lib/python3.7/site-packages/airflow/example_dags/example_short_circuit_operator.py
[2023-09-01T19:44:37.661+0000] {logging_mixin.py:150} INFO - [2023-09-01T19:44:37.661+0000] {dag.py:2742} INFO - Sync 1 DAGs
[2023-09-01T19:44:37.687+0000] {logging_mixin.py:150} INFO - [2023-09-01T19:44:37.687+0000] {dag.py:3508} INFO - Setting next_dagrun for example_short_circuit_operator to 2023-08-31T19:44:37.687563+00:00, run_after=2023-09-01T19:44:37.687563+00:00
[2023-09-01T19:44:37.707+0000] {processor.py:179} INFO - Processing /home/airflow/.local/lib/python3.7/site-packages/airflow/example_dags/example_short_circuit_operator.py took 0.095 seconds
[2023-09-01T19:45:07.970+0000] {processor.py:157} INFO - Started process (PID=1490) to work on /home/airflow/.local/lib/python3.7/site-packages/airflow/example_dags/example_short_circuit_operator.py
[2023-09-01T19:45:07.970+0000] {processor.py:826} INFO - Processing file /home/airflow/.local/lib/python3.7/site-packages/airflow/example_dags/example_short_circuit_operator.py for tasks to queue
[2023-09-01T19:45:07.971+0000] {logging_mixin.py:150} INFO - [2023-09-01T19:45:07.971+0000] {dagbag.py:541} INFO - Filling up the DagBag from /home/airflow/.local/lib/python3.7/site-packages/airflow/example_dags/example_short_circuit_operator.py
[2023-09-01T19:45:07.978+0000] {processor.py:836} INFO - DAG(s) dict_keys(['example_short_circuit_operator']) retrieved from /home/airflow/.local/lib/python3.7/site-packages/airflow/example_dags/example_short_circuit_operator.py
[2023-09-01T19:45:08.003+0000] {logging_mixin.py:150} INFO - [2023-09-01T19:45:08.003+0000] {dag.py:2742} INFO - Sync 1 DAGs
[2023-09-01T19:45:08.026+0000] {logging_mixin.py:150} INFO - [2023-09-01T19:45:08.026+0000] {dag.py:3508} INFO - Setting next_dagrun for example_short_circuit_operator to 2023-08-31T19:45:08.025902+00:00, run_after=2023-09-01T19:45:08.025902+00:00
[2023-09-01T19:45:08.057+0000] {processor.py:179} INFO - Processing /home/airflow/.local/lib/python3.7/site-packages/airflow/example_dags/example_short_circuit_operator.py took 0.091 seconds
[2023-09-01T19:45:38.288+0000] {processor.py:157} INFO - Started process (PID=1545) to work on /home/airflow/.local/lib/python3.7/site-packages/airflow/example_dags/example_short_circuit_operator.py
[2023-09-01T19:45:38.290+0000] {processor.py:826} INFO - Processing file /home/airflow/.local/lib/python3.7/site-packages/airflow/example_dags/example_short_circuit_operator.py for tasks to queue
[2023-09-01T19:45:38.290+0000] {logging_mixin.py:150} INFO - [2023-09-01T19:45:38.290+0000] {dagbag.py:541} INFO - Filling up the DagBag from /home/airflow/.local/lib/python3.7/site-packages/airflow/example_dags/example_short_circuit_operator.py
[2023-09-01T19:45:38.298+0000] {processor.py:836} INFO - DAG(s) dict_keys(['example_short_circuit_operator']) retrieved from /home/airflow/.local/lib/python3.7/site-packages/airflow/example_dags/example_short_circuit_operator.py
[2023-09-01T19:45:38.324+0000] {logging_mixin.py:150} INFO - [2023-09-01T19:45:38.324+0000] {dag.py:2742} INFO - Sync 1 DAGs
[2023-09-01T19:45:38.351+0000] {logging_mixin.py:150} INFO - [2023-09-01T19:45:38.351+0000] {dag.py:3508} INFO - Setting next_dagrun for example_short_circuit_operator to 2023-08-31T19:45:38.351397+00:00, run_after=2023-09-01T19:45:38.351397+00:00
[2023-09-01T19:45:38.369+0000] {processor.py:179} INFO - Processing /home/airflow/.local/lib/python3.7/site-packages/airflow/example_dags/example_short_circuit_operator.py took 0.084 seconds
[2023-09-01T19:46:08.671+0000] {processor.py:157} INFO - Started process (PID=1600) to work on /home/airflow/.local/lib/python3.7/site-packages/airflow/example_dags/example_short_circuit_operator.py
[2023-09-01T19:46:08.672+0000] {processor.py:826} INFO - Processing file /home/airflow/.local/lib/python3.7/site-packages/airflow/example_dags/example_short_circuit_operator.py for tasks to queue
[2023-09-01T19:46:08.673+0000] {logging_mixin.py:150} INFO - [2023-09-01T19:46:08.673+0000] {dagbag.py:541} INFO - Filling up the DagBag from /home/airflow/.local/lib/python3.7/site-packages/airflow/example_dags/example_short_circuit_operator.py
[2023-09-01T19:46:08.680+0000] {processor.py:836} INFO - DAG(s) dict_keys(['example_short_circuit_operator']) retrieved from /home/airflow/.local/lib/python3.7/site-packages/airflow/example_dags/example_short_circuit_operator.py
[2023-09-01T19:46:08.703+0000] {logging_mixin.py:150} INFO - [2023-09-01T19:46:08.703+0000] {dag.py:2742} INFO - Sync 1 DAGs
[2023-09-01T19:46:08.730+0000] {logging_mixin.py:150} INFO - [2023-09-01T19:46:08.730+0000] {dag.py:3508} INFO - Setting next_dagrun for example_short_circuit_operator to 2023-08-31T19:46:08.730515+00:00, run_after=2023-09-01T19:46:08.730515+00:00
[2023-09-01T19:46:08.748+0000] {processor.py:179} INFO - Processing /home/airflow/.local/lib/python3.7/site-packages/airflow/example_dags/example_short_circuit_operator.py took 0.080 seconds
[2023-09-01T19:46:39.117+0000] {processor.py:157} INFO - Started process (PID=1655) to work on /home/airflow/.local/lib/python3.7/site-packages/airflow/example_dags/example_short_circuit_operator.py
[2023-09-01T19:46:39.118+0000] {processor.py:826} INFO - Processing file /home/airflow/.local/lib/python3.7/site-packages/airflow/example_dags/example_short_circuit_operator.py for tasks to queue
[2023-09-01T19:46:39.119+0000] {logging_mixin.py:150} INFO - [2023-09-01T19:46:39.118+0000] {dagbag.py:541} INFO - Filling up the DagBag from /home/airflow/.local/lib/python3.7/site-packages/airflow/example_dags/example_short_circuit_operator.py
[2023-09-01T19:46:39.130+0000] {processor.py:836} INFO - DAG(s) dict_keys(['example_short_circuit_operator']) retrieved from /home/airflow/.local/lib/python3.7/site-packages/airflow/example_dags/example_short_circuit_operator.py
[2023-09-01T19:46:39.164+0000] {logging_mixin.py:150} INFO - [2023-09-01T19:46:39.164+0000] {dag.py:2742} INFO - Sync 1 DAGs
[2023-09-01T19:46:39.193+0000] {logging_mixin.py:150} INFO - [2023-09-01T19:46:39.193+0000] {dag.py:3508} INFO - Setting next_dagrun for example_short_circuit_operator to 2023-08-31T19:46:39.192714+00:00, run_after=2023-09-01T19:46:39.192714+00:00
[2023-09-01T19:46:39.220+0000] {processor.py:179} INFO - Processing /home/airflow/.local/lib/python3.7/site-packages/airflow/example_dags/example_short_circuit_operator.py took 0.106 seconds
[2023-09-01T19:47:09.773+0000] {processor.py:157} INFO - Started process (PID=1710) to work on /home/airflow/.local/lib/python3.7/site-packages/airflow/example_dags/example_short_circuit_operator.py
[2023-09-01T19:47:09.774+0000] {processor.py:826} INFO - Processing file /home/airflow/.local/lib/python3.7/site-packages/airflow/example_dags/example_short_circuit_operator.py for tasks to queue
[2023-09-01T19:47:09.775+0000] {logging_mixin.py:150} INFO - [2023-09-01T19:47:09.775+0000] {dagbag.py:541} INFO - Filling up the DagBag from /home/airflow/.local/lib/python3.7/site-packages/airflow/example_dags/example_short_circuit_operator.py
[2023-09-01T19:47:09.783+0000] {processor.py:836} INFO - DAG(s) dict_keys(['example_short_circuit_operator']) retrieved from /home/airflow/.local/lib/python3.7/site-packages/airflow/example_dags/example_short_circuit_operator.py
[2023-09-01T19:47:09.810+0000] {logging_mixin.py:150} INFO - [2023-09-01T19:47:09.810+0000] {dag.py:2742} INFO - Sync 1 DAGs
[2023-09-01T19:47:09.842+0000] {logging_mixin.py:150} INFO - [2023-09-01T19:47:09.842+0000] {dag.py:3508} INFO - Setting next_dagrun for example_short_circuit_operator to 2023-08-31T19:47:09.842589+00:00, run_after=2023-09-01T19:47:09.842589+00:00
[2023-09-01T19:47:09.869+0000] {processor.py:179} INFO - Processing /home/airflow/.local/lib/python3.7/site-packages/airflow/example_dags/example_short_circuit_operator.py took 0.100 seconds
[2023-09-01T19:47:40.190+0000] {processor.py:157} INFO - Started process (PID=1765) to work on /home/airflow/.local/lib/python3.7/site-packages/airflow/example_dags/example_short_circuit_operator.py
[2023-09-01T19:47:40.191+0000] {processor.py:826} INFO - Processing file /home/airflow/.local/lib/python3.7/site-packages/airflow/example_dags/example_short_circuit_operator.py for tasks to queue
[2023-09-01T19:47:40.192+0000] {logging_mixin.py:150} INFO - [2023-09-01T19:47:40.192+0000] {dagbag.py:541} INFO - Filling up the DagBag from /home/airflow/.local/lib/python3.7/site-packages/airflow/example_dags/example_short_circuit_operator.py
[2023-09-01T19:47:40.201+0000] {processor.py:836} INFO - DAG(s) dict_keys(['example_short_circuit_operator']) retrieved from /home/airflow/.local/lib/python3.7/site-packages/airflow/example_dags/example_short_circuit_operator.py
[2023-09-01T19:47:40.237+0000] {logging_mixin.py:150} INFO - [2023-09-01T19:47:40.237+0000] {dag.py:2742} INFO - Sync 1 DAGs
[2023-09-01T19:47:40.294+0000] {logging_mixin.py:150} INFO - [2023-09-01T19:47:40.294+0000] {dag.py:3508} INFO - Setting next_dagrun for example_short_circuit_operator to 2023-08-31T19:47:40.294517+00:00, run_after=2023-09-01T19:47:40.294517+00:00
[2023-09-01T19:47:40.314+0000] {processor.py:179} INFO - Processing /home/airflow/.local/lib/python3.7/site-packages/airflow/example_dags/example_short_circuit_operator.py took 0.128 seconds
[2023-09-01T19:48:10.667+0000] {processor.py:157} INFO - Started process (PID=1820) to work on /home/airflow/.local/lib/python3.7/site-packages/airflow/example_dags/example_short_circuit_operator.py
[2023-09-01T19:48:10.668+0000] {processor.py:826} INFO - Processing file /home/airflow/.local/lib/python3.7/site-packages/airflow/example_dags/example_short_circuit_operator.py for tasks to queue
[2023-09-01T19:48:10.674+0000] {logging_mixin.py:150} INFO - [2023-09-01T19:48:10.674+0000] {dagbag.py:541} INFO - Filling up the DagBag from /home/airflow/.local/lib/python3.7/site-packages/airflow/example_dags/example_short_circuit_operator.py
[2023-09-01T19:48:10.692+0000] {processor.py:836} INFO - DAG(s) dict_keys(['example_short_circuit_operator']) retrieved from /home/airflow/.local/lib/python3.7/site-packages/airflow/example_dags/example_short_circuit_operator.py
[2023-09-01T19:48:10.730+0000] {logging_mixin.py:150} INFO - [2023-09-01T19:48:10.730+0000] {dag.py:2742} INFO - Sync 1 DAGs
[2023-09-01T19:48:10.753+0000] {logging_mixin.py:150} INFO - [2023-09-01T19:48:10.753+0000] {dag.py:3508} INFO - Setting next_dagrun for example_short_circuit_operator to 2023-08-31T19:48:10.752971+00:00, run_after=2023-09-01T19:48:10.752971+00:00
[2023-09-01T19:48:10.784+0000] {processor.py:179} INFO - Processing /home/airflow/.local/lib/python3.7/site-packages/airflow/example_dags/example_short_circuit_operator.py took 0.121 seconds
[2023-09-01T19:48:41.541+0000] {processor.py:157} INFO - Started process (PID=1874) to work on /home/airflow/.local/lib/python3.7/site-packages/airflow/example_dags/example_short_circuit_operator.py
[2023-09-01T19:48:41.542+0000] {processor.py:826} INFO - Processing file /home/airflow/.local/lib/python3.7/site-packages/airflow/example_dags/example_short_circuit_operator.py for tasks to queue
[2023-09-01T19:48:41.543+0000] {logging_mixin.py:150} INFO - [2023-09-01T19:48:41.543+0000] {dagbag.py:541} INFO - Filling up the DagBag from /home/airflow/.local/lib/python3.7/site-packages/airflow/example_dags/example_short_circuit_operator.py
[2023-09-01T19:48:41.551+0000] {processor.py:836} INFO - DAG(s) dict_keys(['example_short_circuit_operator']) retrieved from /home/airflow/.local/lib/python3.7/site-packages/airflow/example_dags/example_short_circuit_operator.py
[2023-09-01T19:48:41.577+0000] {logging_mixin.py:150} INFO - [2023-09-01T19:48:41.576+0000] {dag.py:2742} INFO - Sync 1 DAGs
[2023-09-01T19:48:41.600+0000] {logging_mixin.py:150} INFO - [2023-09-01T19:48:41.600+0000] {dag.py:3508} INFO - Setting next_dagrun for example_short_circuit_operator to 2023-08-31T19:48:41.598803+00:00, run_after=2023-09-01T19:48:41.598803+00:00
[2023-09-01T19:48:41.619+0000] {processor.py:179} INFO - Processing /home/airflow/.local/lib/python3.7/site-packages/airflow/example_dags/example_short_circuit_operator.py took 0.081 seconds
[2023-09-01T19:49:12.249+0000] {processor.py:157} INFO - Started process (PID=1929) to work on /home/airflow/.local/lib/python3.7/site-packages/airflow/example_dags/example_short_circuit_operator.py
[2023-09-01T19:49:12.250+0000] {processor.py:826} INFO - Processing file /home/airflow/.local/lib/python3.7/site-packages/airflow/example_dags/example_short_circuit_operator.py for tasks to queue
[2023-09-01T19:49:12.250+0000] {logging_mixin.py:150} INFO - [2023-09-01T19:49:12.250+0000] {dagbag.py:541} INFO - Filling up the DagBag from /home/airflow/.local/lib/python3.7/site-packages/airflow/example_dags/example_short_circuit_operator.py
[2023-09-01T19:49:12.262+0000] {processor.py:836} INFO - DAG(s) dict_keys(['example_short_circuit_operator']) retrieved from /home/airflow/.local/lib/python3.7/site-packages/airflow/example_dags/example_short_circuit_operator.py
[2023-09-01T19:49:12.292+0000] {logging_mixin.py:150} INFO - [2023-09-01T19:49:12.292+0000] {dag.py:2742} INFO - Sync 1 DAGs
[2023-09-01T19:49:12.323+0000] {logging_mixin.py:150} INFO - [2023-09-01T19:49:12.323+0000] {dag.py:3508} INFO - Setting next_dagrun for example_short_circuit_operator to 2023-08-31T19:49:12.323028+00:00, run_after=2023-09-01T19:49:12.323028+00:00
[2023-09-01T19:49:12.339+0000] {processor.py:179} INFO - Processing /home/airflow/.local/lib/python3.7/site-packages/airflow/example_dags/example_short_circuit_operator.py took 0.094 seconds
[2023-09-01T19:49:42.988+0000] {processor.py:157} INFO - Started process (PID=1984) to work on /home/airflow/.local/lib/python3.7/site-packages/airflow/example_dags/example_short_circuit_operator.py
[2023-09-01T19:49:42.989+0000] {processor.py:826} INFO - Processing file /home/airflow/.local/lib/python3.7/site-packages/airflow/example_dags/example_short_circuit_operator.py for tasks to queue
[2023-09-01T19:49:42.990+0000] {logging_mixin.py:150} INFO - [2023-09-01T19:49:42.990+0000] {dagbag.py:541} INFO - Filling up the DagBag from /home/airflow/.local/lib/python3.7/site-packages/airflow/example_dags/example_short_circuit_operator.py
[2023-09-01T19:49:42.999+0000] {processor.py:836} INFO - DAG(s) dict_keys(['example_short_circuit_operator']) retrieved from /home/airflow/.local/lib/python3.7/site-packages/airflow/example_dags/example_short_circuit_operator.py
[2023-09-01T19:49:43.025+0000] {logging_mixin.py:150} INFO - [2023-09-01T19:49:43.024+0000] {dag.py:2742} INFO - Sync 1 DAGs
[2023-09-01T19:49:43.059+0000] {logging_mixin.py:150} INFO - [2023-09-01T19:49:43.058+0000] {dag.py:3508} INFO - Setting next_dagrun for example_short_circuit_operator to 2023-08-31T19:49:43.058640+00:00, run_after=2023-09-01T19:49:43.058640+00:00
[2023-09-01T19:49:43.076+0000] {processor.py:179} INFO - Processing /home/airflow/.local/lib/python3.7/site-packages/airflow/example_dags/example_short_circuit_operator.py took 0.093 seconds
[2023-09-01T19:50:13.560+0000] {processor.py:157} INFO - Started process (PID=2039) to work on /home/airflow/.local/lib/python3.7/site-packages/airflow/example_dags/example_short_circuit_operator.py
[2023-09-01T19:50:13.561+0000] {processor.py:826} INFO - Processing file /home/airflow/.local/lib/python3.7/site-packages/airflow/example_dags/example_short_circuit_operator.py for tasks to queue
[2023-09-01T19:50:13.562+0000] {logging_mixin.py:150} INFO - [2023-09-01T19:50:13.561+0000] {dagbag.py:541} INFO - Filling up the DagBag from /home/airflow/.local/lib/python3.7/site-packages/airflow/example_dags/example_short_circuit_operator.py
[2023-09-01T19:50:13.571+0000] {processor.py:836} INFO - DAG(s) dict_keys(['example_short_circuit_operator']) retrieved from /home/airflow/.local/lib/python3.7/site-packages/airflow/example_dags/example_short_circuit_operator.py
[2023-09-01T19:50:13.719+0000] {logging_mixin.py:150} INFO - [2023-09-01T19:50:13.719+0000] {dag.py:2742} INFO - Sync 1 DAGs
[2023-09-01T19:50:13.789+0000] {logging_mixin.py:150} INFO - [2023-09-01T19:50:13.789+0000] {dag.py:3508} INFO - Setting next_dagrun for example_short_circuit_operator to 2023-08-31T19:50:13.789362+00:00, run_after=2023-09-01T19:50:13.789362+00:00
[2023-09-01T19:50:13.819+0000] {processor.py:179} INFO - Processing /home/airflow/.local/lib/python3.7/site-packages/airflow/example_dags/example_short_circuit_operator.py took 0.263 seconds
[2023-09-01T19:50:44.275+0000] {processor.py:157} INFO - Started process (PID=2094) to work on /home/airflow/.local/lib/python3.7/site-packages/airflow/example_dags/example_short_circuit_operator.py
[2023-09-01T19:50:44.280+0000] {processor.py:826} INFO - Processing file /home/airflow/.local/lib/python3.7/site-packages/airflow/example_dags/example_short_circuit_operator.py for tasks to queue
[2023-09-01T19:50:44.280+0000] {logging_mixin.py:150} INFO - [2023-09-01T19:50:44.280+0000] {dagbag.py:541} INFO - Filling up the DagBag from /home/airflow/.local/lib/python3.7/site-packages/airflow/example_dags/example_short_circuit_operator.py
[2023-09-01T19:50:44.294+0000] {processor.py:836} INFO - DAG(s) dict_keys(['example_short_circuit_operator']) retrieved from /home/airflow/.local/lib/python3.7/site-packages/airflow/example_dags/example_short_circuit_operator.py
[2023-09-01T19:50:44.343+0000] {logging_mixin.py:150} INFO - [2023-09-01T19:50:44.343+0000] {dag.py:2742} INFO - Sync 1 DAGs
[2023-09-01T19:50:44.388+0000] {logging_mixin.py:150} INFO - [2023-09-01T19:50:44.387+0000] {dag.py:3508} INFO - Setting next_dagrun for example_short_circuit_operator to 2023-08-31T19:50:44.387665+00:00, run_after=2023-09-01T19:50:44.387665+00:00
[2023-09-01T19:50:44.409+0000] {processor.py:179} INFO - Processing /home/airflow/.local/lib/python3.7/site-packages/airflow/example_dags/example_short_circuit_operator.py took 0.138 seconds
[2023-09-01T19:51:15.106+0000] {processor.py:157} INFO - Started process (PID=2148) to work on /home/airflow/.local/lib/python3.7/site-packages/airflow/example_dags/example_short_circuit_operator.py
[2023-09-01T19:51:15.107+0000] {processor.py:826} INFO - Processing file /home/airflow/.local/lib/python3.7/site-packages/airflow/example_dags/example_short_circuit_operator.py for tasks to queue
[2023-09-01T19:51:15.108+0000] {logging_mixin.py:150} INFO - [2023-09-01T19:51:15.107+0000] {dagbag.py:541} INFO - Filling up the DagBag from /home/airflow/.local/lib/python3.7/site-packages/airflow/example_dags/example_short_circuit_operator.py
[2023-09-01T19:51:15.115+0000] {processor.py:836} INFO - DAG(s) dict_keys(['example_short_circuit_operator']) retrieved from /home/airflow/.local/lib/python3.7/site-packages/airflow/example_dags/example_short_circuit_operator.py
[2023-09-01T19:51:15.139+0000] {logging_mixin.py:150} INFO - [2023-09-01T19:51:15.138+0000] {dag.py:2742} INFO - Sync 1 DAGs
[2023-09-01T19:51:15.163+0000] {logging_mixin.py:150} INFO - [2023-09-01T19:51:15.163+0000] {dag.py:3508} INFO - Setting next_dagrun for example_short_circuit_operator to 2023-08-31T19:51:15.163040+00:00, run_after=2023-09-01T19:51:15.163040+00:00
[2023-09-01T19:51:15.191+0000] {processor.py:179} INFO - Processing /home/airflow/.local/lib/python3.7/site-packages/airflow/example_dags/example_short_circuit_operator.py took 0.089 seconds
[2023-09-01T19:51:46.105+0000] {processor.py:157} INFO - Started process (PID=2203) to work on /home/airflow/.local/lib/python3.7/site-packages/airflow/example_dags/example_short_circuit_operator.py
[2023-09-01T19:51:46.106+0000] {processor.py:826} INFO - Processing file /home/airflow/.local/lib/python3.7/site-packages/airflow/example_dags/example_short_circuit_operator.py for tasks to queue
[2023-09-01T19:51:46.107+0000] {logging_mixin.py:150} INFO - [2023-09-01T19:51:46.107+0000] {dagbag.py:541} INFO - Filling up the DagBag from /home/airflow/.local/lib/python3.7/site-packages/airflow/example_dags/example_short_circuit_operator.py
[2023-09-01T19:51:46.115+0000] {processor.py:836} INFO - DAG(s) dict_keys(['example_short_circuit_operator']) retrieved from /home/airflow/.local/lib/python3.7/site-packages/airflow/example_dags/example_short_circuit_operator.py
[2023-09-01T19:51:46.142+0000] {logging_mixin.py:150} INFO - [2023-09-01T19:51:46.142+0000] {dag.py:2742} INFO - Sync 1 DAGs
[2023-09-01T19:51:46.167+0000] {logging_mixin.py:150} INFO - [2023-09-01T19:51:46.167+0000] {dag.py:3508} INFO - Setting next_dagrun for example_short_circuit_operator to 2023-08-31T19:51:46.167179+00:00, run_after=2023-09-01T19:51:46.167179+00:00
[2023-09-01T19:51:46.185+0000] {processor.py:179} INFO - Processing /home/airflow/.local/lib/python3.7/site-packages/airflow/example_dags/example_short_circuit_operator.py took 0.084 seconds
[2023-09-01T19:52:16.478+0000] {processor.py:157} INFO - Started process (PID=2257) to work on /home/airflow/.local/lib/python3.7/site-packages/airflow/example_dags/example_short_circuit_operator.py
[2023-09-01T19:52:16.481+0000] {processor.py:826} INFO - Processing file /home/airflow/.local/lib/python3.7/site-packages/airflow/example_dags/example_short_circuit_operator.py for tasks to queue
[2023-09-01T19:52:16.484+0000] {logging_mixin.py:150} INFO - [2023-09-01T19:52:16.484+0000] {dagbag.py:541} INFO - Filling up the DagBag from /home/airflow/.local/lib/python3.7/site-packages/airflow/example_dags/example_short_circuit_operator.py
[2023-09-01T19:52:16.494+0000] {processor.py:836} INFO - DAG(s) dict_keys(['example_short_circuit_operator']) retrieved from /home/airflow/.local/lib/python3.7/site-packages/airflow/example_dags/example_short_circuit_operator.py
[2023-09-01T19:52:16.535+0000] {logging_mixin.py:150} INFO - [2023-09-01T19:52:16.534+0000] {dag.py:2742} INFO - Sync 1 DAGs
[2023-09-01T19:52:16.570+0000] {logging_mixin.py:150} INFO - [2023-09-01T19:52:16.570+0000] {dag.py:3508} INFO - Setting next_dagrun for example_short_circuit_operator to 2023-08-31T19:52:16.570269+00:00, run_after=2023-09-01T19:52:16.570269+00:00
[2023-09-01T19:52:16.591+0000] {processor.py:179} INFO - Processing /home/airflow/.local/lib/python3.7/site-packages/airflow/example_dags/example_short_circuit_operator.py took 0.116 seconds
[2023-09-01T19:52:47.108+0000] {processor.py:157} INFO - Started process (PID=2312) to work on /home/airflow/.local/lib/python3.7/site-packages/airflow/example_dags/example_short_circuit_operator.py
[2023-09-01T19:52:47.109+0000] {processor.py:826} INFO - Processing file /home/airflow/.local/lib/python3.7/site-packages/airflow/example_dags/example_short_circuit_operator.py for tasks to queue
[2023-09-01T19:52:47.110+0000] {logging_mixin.py:150} INFO - [2023-09-01T19:52:47.109+0000] {dagbag.py:541} INFO - Filling up the DagBag from /home/airflow/.local/lib/python3.7/site-packages/airflow/example_dags/example_short_circuit_operator.py
[2023-09-01T19:52:47.118+0000] {processor.py:836} INFO - DAG(s) dict_keys(['example_short_circuit_operator']) retrieved from /home/airflow/.local/lib/python3.7/site-packages/airflow/example_dags/example_short_circuit_operator.py
[2023-09-01T19:52:47.152+0000] {logging_mixin.py:150} INFO - [2023-09-01T19:52:47.152+0000] {dag.py:2742} INFO - Sync 1 DAGs
[2023-09-01T19:52:47.247+0000] {logging_mixin.py:150} INFO - [2023-09-01T19:52:47.247+0000] {dag.py:3508} INFO - Setting next_dagrun for example_short_circuit_operator to 2023-08-31T19:52:47.246748+00:00, run_after=2023-09-01T19:52:47.246748+00:00
[2023-09-01T19:52:47.266+0000] {processor.py:179} INFO - Processing /home/airflow/.local/lib/python3.7/site-packages/airflow/example_dags/example_short_circuit_operator.py took 0.163 seconds
[2023-09-01T19:53:17.572+0000] {processor.py:157} INFO - Started process (PID=2367) to work on /home/airflow/.local/lib/python3.7/site-packages/airflow/example_dags/example_short_circuit_operator.py
[2023-09-01T19:53:17.574+0000] {processor.py:826} INFO - Processing file /home/airflow/.local/lib/python3.7/site-packages/airflow/example_dags/example_short_circuit_operator.py for tasks to queue
[2023-09-01T19:53:17.575+0000] {logging_mixin.py:150} INFO - [2023-09-01T19:53:17.574+0000] {dagbag.py:541} INFO - Filling up the DagBag from /home/airflow/.local/lib/python3.7/site-packages/airflow/example_dags/example_short_circuit_operator.py
[2023-09-01T19:53:17.585+0000] {processor.py:836} INFO - DAG(s) dict_keys(['example_short_circuit_operator']) retrieved from /home/airflow/.local/lib/python3.7/site-packages/airflow/example_dags/example_short_circuit_operator.py
[2023-09-01T19:53:17.613+0000] {logging_mixin.py:150} INFO - [2023-09-01T19:53:17.611+0000] {dag.py:2742} INFO - Sync 1 DAGs
[2023-09-01T19:53:17.642+0000] {logging_mixin.py:150} INFO - [2023-09-01T19:53:17.642+0000] {dag.py:3508} INFO - Setting next_dagrun for example_short_circuit_operator to 2023-08-31T19:53:17.642048+00:00, run_after=2023-09-01T19:53:17.642048+00:00
[2023-09-01T19:53:17.667+0000] {processor.py:179} INFO - Processing /home/airflow/.local/lib/python3.7/site-packages/airflow/example_dags/example_short_circuit_operator.py took 0.099 seconds
[2023-09-01T19:53:48.310+0000] {processor.py:157} INFO - Started process (PID=2422) to work on /home/airflow/.local/lib/python3.7/site-packages/airflow/example_dags/example_short_circuit_operator.py
[2023-09-01T19:53:48.311+0000] {processor.py:826} INFO - Processing file /home/airflow/.local/lib/python3.7/site-packages/airflow/example_dags/example_short_circuit_operator.py for tasks to queue
[2023-09-01T19:53:48.312+0000] {logging_mixin.py:150} INFO - [2023-09-01T19:53:48.312+0000] {dagbag.py:541} INFO - Filling up the DagBag from /home/airflow/.local/lib/python3.7/site-packages/airflow/example_dags/example_short_circuit_operator.py
[2023-09-01T19:53:48.340+0000] {processor.py:836} INFO - DAG(s) dict_keys(['example_short_circuit_operator']) retrieved from /home/airflow/.local/lib/python3.7/site-packages/airflow/example_dags/example_short_circuit_operator.py
[2023-09-01T19:53:48.379+0000] {logging_mixin.py:150} INFO - [2023-09-01T19:53:48.379+0000] {dag.py:2742} INFO - Sync 1 DAGs
[2023-09-01T19:53:48.409+0000] {logging_mixin.py:150} INFO - [2023-09-01T19:53:48.409+0000] {dag.py:3508} INFO - Setting next_dagrun for example_short_circuit_operator to 2023-08-31T19:53:48.408595+00:00, run_after=2023-09-01T19:53:48.408595+00:00
[2023-09-01T19:53:48.431+0000] {processor.py:179} INFO - Processing /home/airflow/.local/lib/python3.7/site-packages/airflow/example_dags/example_short_circuit_operator.py took 0.128 seconds
[2023-09-01T19:54:19.502+0000] {processor.py:157} INFO - Started process (PID=2477) to work on /home/airflow/.local/lib/python3.7/site-packages/airflow/example_dags/example_short_circuit_operator.py
[2023-09-01T19:54:19.503+0000] {processor.py:826} INFO - Processing file /home/airflow/.local/lib/python3.7/site-packages/airflow/example_dags/example_short_circuit_operator.py for tasks to queue
[2023-09-01T19:54:19.504+0000] {logging_mixin.py:150} INFO - [2023-09-01T19:54:19.504+0000] {dagbag.py:541} INFO - Filling up the DagBag from /home/airflow/.local/lib/python3.7/site-packages/airflow/example_dags/example_short_circuit_operator.py
[2023-09-01T19:54:19.513+0000] {processor.py:836} INFO - DAG(s) dict_keys(['example_short_circuit_operator']) retrieved from /home/airflow/.local/lib/python3.7/site-packages/airflow/example_dags/example_short_circuit_operator.py
[2023-09-01T19:54:19.535+0000] {logging_mixin.py:150} INFO - [2023-09-01T19:54:19.535+0000] {dag.py:2742} INFO - Sync 1 DAGs
[2023-09-01T19:54:19.561+0000] {logging_mixin.py:150} INFO - [2023-09-01T19:54:19.561+0000] {dag.py:3508} INFO - Setting next_dagrun for example_short_circuit_operator to 2023-08-31T19:54:19.561057+00:00, run_after=2023-09-01T19:54:19.561057+00:00
[2023-09-01T19:54:19.585+0000] {processor.py:179} INFO - Processing /home/airflow/.local/lib/python3.7/site-packages/airflow/example_dags/example_short_circuit_operator.py took 0.086 seconds
[2023-09-01T19:54:50.622+0000] {processor.py:157} INFO - Started process (PID=2532) to work on /home/airflow/.local/lib/python3.7/site-packages/airflow/example_dags/example_short_circuit_operator.py
[2023-09-01T19:54:50.623+0000] {processor.py:826} INFO - Processing file /home/airflow/.local/lib/python3.7/site-packages/airflow/example_dags/example_short_circuit_operator.py for tasks to queue
[2023-09-01T19:54:50.623+0000] {logging_mixin.py:150} INFO - [2023-09-01T19:54:50.623+0000] {dagbag.py:541} INFO - Filling up the DagBag from /home/airflow/.local/lib/python3.7/site-packages/airflow/example_dags/example_short_circuit_operator.py
[2023-09-01T19:54:50.631+0000] {processor.py:836} INFO - DAG(s) dict_keys(['example_short_circuit_operator']) retrieved from /home/airflow/.local/lib/python3.7/site-packages/airflow/example_dags/example_short_circuit_operator.py
[2023-09-01T19:54:50.658+0000] {logging_mixin.py:150} INFO - [2023-09-01T19:54:50.657+0000] {dag.py:2742} INFO - Sync 1 DAGs
[2023-09-01T19:54:50.682+0000] {logging_mixin.py:150} INFO - [2023-09-01T19:54:50.682+0000] {dag.py:3508} INFO - Setting next_dagrun for example_short_circuit_operator to 2023-08-31T19:54:50.682475+00:00, run_after=2023-09-01T19:54:50.682475+00:00
[2023-09-01T19:54:50.712+0000] {processor.py:179} INFO - Processing /home/airflow/.local/lib/python3.7/site-packages/airflow/example_dags/example_short_circuit_operator.py took 0.094 seconds
