[2023-09-01T19:31:54.415+0000] {processor.py:157} INFO - Started process (PID=56) to work on /home/airflow/.local/lib/python3.7/site-packages/airflow/example_dags/example_python_operator.py
[2023-09-01T19:31:54.419+0000] {processor.py:826} INFO - Processing file /home/airflow/.local/lib/python3.7/site-packages/airflow/example_dags/example_python_operator.py for tasks to queue
[2023-09-01T19:31:54.420+0000] {logging_mixin.py:150} INFO - [2023-09-01T19:31:54.420+0000] {dagbag.py:541} INFO - Filling up the DagBag from /home/airflow/.local/lib/python3.7/site-packages/airflow/example_dags/example_python_operator.py
[2023-09-01T19:31:54.441+0000] {processor.py:836} INFO - DAG(s) dict_keys(['example_python_operator']) retrieved from /home/airflow/.local/lib/python3.7/site-packages/airflow/example_dags/example_python_operator.py
[2023-09-01T19:31:54.718+0000] {logging_mixin.py:150} INFO - [2023-09-01T19:31:54.718+0000] {dag.py:2742} INFO - Sync 1 DAGs
[2023-09-01T19:31:54.737+0000] {logging_mixin.py:150} INFO - [2023-09-01T19:31:54.737+0000] {dag.py:3508} INFO - Setting next_dagrun for example_python_operator to None, run_after=None
[2023-09-01T19:31:54.766+0000] {processor.py:179} INFO - Processing /home/airflow/.local/lib/python3.7/site-packages/airflow/example_dags/example_python_operator.py took 0.355 seconds
[2023-09-01T19:32:25.736+0000] {processor.py:157} INFO - Started process (PID=113) to work on /home/airflow/.local/lib/python3.7/site-packages/airflow/example_dags/example_python_operator.py
[2023-09-01T19:32:25.737+0000] {processor.py:826} INFO - Processing file /home/airflow/.local/lib/python3.7/site-packages/airflow/example_dags/example_python_operator.py for tasks to queue
[2023-09-01T19:32:25.737+0000] {logging_mixin.py:150} INFO - [2023-09-01T19:32:25.737+0000] {dagbag.py:541} INFO - Filling up the DagBag from /home/airflow/.local/lib/python3.7/site-packages/airflow/example_dags/example_python_operator.py
[2023-09-01T19:32:25.745+0000] {processor.py:836} INFO - DAG(s) dict_keys(['example_python_operator']) retrieved from /home/airflow/.local/lib/python3.7/site-packages/airflow/example_dags/example_python_operator.py
[2023-09-01T19:32:25.775+0000] {logging_mixin.py:150} INFO - [2023-09-01T19:32:25.775+0000] {dag.py:2742} INFO - Sync 1 DAGs
[2023-09-01T19:32:25.798+0000] {logging_mixin.py:150} INFO - [2023-09-01T19:32:25.797+0000] {dag.py:3508} INFO - Setting next_dagrun for example_python_operator to None, run_after=None
[2023-09-01T19:32:25.817+0000] {processor.py:179} INFO - Processing /home/airflow/.local/lib/python3.7/site-packages/airflow/example_dags/example_python_operator.py took 0.084 seconds
[2023-09-01T19:32:56.706+0000] {processor.py:157} INFO - Started process (PID=168) to work on /home/airflow/.local/lib/python3.7/site-packages/airflow/example_dags/example_python_operator.py
[2023-09-01T19:32:56.707+0000] {processor.py:826} INFO - Processing file /home/airflow/.local/lib/python3.7/site-packages/airflow/example_dags/example_python_operator.py for tasks to queue
[2023-09-01T19:32:56.708+0000] {logging_mixin.py:150} INFO - [2023-09-01T19:32:56.708+0000] {dagbag.py:541} INFO - Filling up the DagBag from /home/airflow/.local/lib/python3.7/site-packages/airflow/example_dags/example_python_operator.py
[2023-09-01T19:32:56.716+0000] {processor.py:836} INFO - DAG(s) dict_keys(['example_python_operator']) retrieved from /home/airflow/.local/lib/python3.7/site-packages/airflow/example_dags/example_python_operator.py
[2023-09-01T19:32:56.739+0000] {logging_mixin.py:150} INFO - [2023-09-01T19:32:56.739+0000] {dag.py:2742} INFO - Sync 1 DAGs
[2023-09-01T19:32:56.759+0000] {logging_mixin.py:150} INFO - [2023-09-01T19:32:56.759+0000] {dag.py:3508} INFO - Setting next_dagrun for example_python_operator to None, run_after=None
[2023-09-01T19:32:56.774+0000] {processor.py:179} INFO - Processing /home/airflow/.local/lib/python3.7/site-packages/airflow/example_dags/example_python_operator.py took 0.071 seconds
[2023-09-01T19:33:27.089+0000] {processor.py:157} INFO - Started process (PID=223) to work on /home/airflow/.local/lib/python3.7/site-packages/airflow/example_dags/example_python_operator.py
[2023-09-01T19:33:27.089+0000] {processor.py:826} INFO - Processing file /home/airflow/.local/lib/python3.7/site-packages/airflow/example_dags/example_python_operator.py for tasks to queue
[2023-09-01T19:33:27.090+0000] {logging_mixin.py:150} INFO - [2023-09-01T19:33:27.090+0000] {dagbag.py:541} INFO - Filling up the DagBag from /home/airflow/.local/lib/python3.7/site-packages/airflow/example_dags/example_python_operator.py
[2023-09-01T19:33:27.098+0000] {processor.py:836} INFO - DAG(s) dict_keys(['example_python_operator']) retrieved from /home/airflow/.local/lib/python3.7/site-packages/airflow/example_dags/example_python_operator.py
[2023-09-01T19:33:27.120+0000] {logging_mixin.py:150} INFO - [2023-09-01T19:33:27.120+0000] {dag.py:2742} INFO - Sync 1 DAGs
[2023-09-01T19:33:27.140+0000] {logging_mixin.py:150} INFO - [2023-09-01T19:33:27.140+0000] {dag.py:3508} INFO - Setting next_dagrun for example_python_operator to None, run_after=None
[2023-09-01T19:33:27.155+0000] {processor.py:179} INFO - Processing /home/airflow/.local/lib/python3.7/site-packages/airflow/example_dags/example_python_operator.py took 0.069 seconds
[2023-09-01T19:33:57.422+0000] {processor.py:157} INFO - Started process (PID=278) to work on /home/airflow/.local/lib/python3.7/site-packages/airflow/example_dags/example_python_operator.py
[2023-09-01T19:33:57.423+0000] {processor.py:826} INFO - Processing file /home/airflow/.local/lib/python3.7/site-packages/airflow/example_dags/example_python_operator.py for tasks to queue
[2023-09-01T19:33:57.424+0000] {logging_mixin.py:150} INFO - [2023-09-01T19:33:57.423+0000] {dagbag.py:541} INFO - Filling up the DagBag from /home/airflow/.local/lib/python3.7/site-packages/airflow/example_dags/example_python_operator.py
[2023-09-01T19:33:57.432+0000] {processor.py:836} INFO - DAG(s) dict_keys(['example_python_operator']) retrieved from /home/airflow/.local/lib/python3.7/site-packages/airflow/example_dags/example_python_operator.py
[2023-09-01T19:33:57.461+0000] {logging_mixin.py:150} INFO - [2023-09-01T19:33:57.460+0000] {dag.py:2742} INFO - Sync 1 DAGs
[2023-09-01T19:33:57.482+0000] {logging_mixin.py:150} INFO - [2023-09-01T19:33:57.482+0000] {dag.py:3508} INFO - Setting next_dagrun for example_python_operator to None, run_after=None
[2023-09-01T19:33:57.499+0000] {processor.py:179} INFO - Processing /home/airflow/.local/lib/python3.7/site-packages/airflow/example_dags/example_python_operator.py took 0.080 seconds
[2023-09-01T19:34:27.831+0000] {processor.py:157} INFO - Started process (PID=333) to work on /home/airflow/.local/lib/python3.7/site-packages/airflow/example_dags/example_python_operator.py
[2023-09-01T19:34:27.832+0000] {processor.py:826} INFO - Processing file /home/airflow/.local/lib/python3.7/site-packages/airflow/example_dags/example_python_operator.py for tasks to queue
[2023-09-01T19:34:27.832+0000] {logging_mixin.py:150} INFO - [2023-09-01T19:34:27.832+0000] {dagbag.py:541} INFO - Filling up the DagBag from /home/airflow/.local/lib/python3.7/site-packages/airflow/example_dags/example_python_operator.py
[2023-09-01T19:34:27.840+0000] {processor.py:836} INFO - DAG(s) dict_keys(['example_python_operator']) retrieved from /home/airflow/.local/lib/python3.7/site-packages/airflow/example_dags/example_python_operator.py
[2023-09-01T19:34:27.863+0000] {logging_mixin.py:150} INFO - [2023-09-01T19:34:27.862+0000] {dag.py:2742} INFO - Sync 1 DAGs
[2023-09-01T19:34:27.882+0000] {logging_mixin.py:150} INFO - [2023-09-01T19:34:27.882+0000] {dag.py:3508} INFO - Setting next_dagrun for example_python_operator to None, run_after=None
[2023-09-01T19:34:27.897+0000] {processor.py:179} INFO - Processing /home/airflow/.local/lib/python3.7/site-packages/airflow/example_dags/example_python_operator.py took 0.069 seconds
[2023-09-01T19:34:58.067+0000] {processor.py:157} INFO - Started process (PID=388) to work on /home/airflow/.local/lib/python3.7/site-packages/airflow/example_dags/example_python_operator.py
[2023-09-01T19:34:58.068+0000] {processor.py:826} INFO - Processing file /home/airflow/.local/lib/python3.7/site-packages/airflow/example_dags/example_python_operator.py for tasks to queue
[2023-09-01T19:34:58.069+0000] {logging_mixin.py:150} INFO - [2023-09-01T19:34:58.069+0000] {dagbag.py:541} INFO - Filling up the DagBag from /home/airflow/.local/lib/python3.7/site-packages/airflow/example_dags/example_python_operator.py
[2023-09-01T19:34:58.077+0000] {processor.py:836} INFO - DAG(s) dict_keys(['example_python_operator']) retrieved from /home/airflow/.local/lib/python3.7/site-packages/airflow/example_dags/example_python_operator.py
[2023-09-01T19:34:58.105+0000] {logging_mixin.py:150} INFO - [2023-09-01T19:34:58.105+0000] {dag.py:2742} INFO - Sync 1 DAGs
[2023-09-01T19:34:58.137+0000] {logging_mixin.py:150} INFO - [2023-09-01T19:34:58.135+0000] {dag.py:3508} INFO - Setting next_dagrun for example_python_operator to None, run_after=None
[2023-09-01T19:34:58.154+0000] {processor.py:179} INFO - Processing /home/airflow/.local/lib/python3.7/site-packages/airflow/example_dags/example_python_operator.py took 0.090 seconds
[2023-09-01T19:35:28.347+0000] {processor.py:157} INFO - Started process (PID=443) to work on /home/airflow/.local/lib/python3.7/site-packages/airflow/example_dags/example_python_operator.py
[2023-09-01T19:35:28.347+0000] {processor.py:826} INFO - Processing file /home/airflow/.local/lib/python3.7/site-packages/airflow/example_dags/example_python_operator.py for tasks to queue
[2023-09-01T19:35:28.348+0000] {logging_mixin.py:150} INFO - [2023-09-01T19:35:28.348+0000] {dagbag.py:541} INFO - Filling up the DagBag from /home/airflow/.local/lib/python3.7/site-packages/airflow/example_dags/example_python_operator.py
[2023-09-01T19:35:28.357+0000] {processor.py:836} INFO - DAG(s) dict_keys(['example_python_operator']) retrieved from /home/airflow/.local/lib/python3.7/site-packages/airflow/example_dags/example_python_operator.py
[2023-09-01T19:35:28.400+0000] {logging_mixin.py:150} INFO - [2023-09-01T19:35:28.400+0000] {dag.py:2742} INFO - Sync 1 DAGs
[2023-09-01T19:35:28.422+0000] {logging_mixin.py:150} INFO - [2023-09-01T19:35:28.422+0000] {dag.py:3508} INFO - Setting next_dagrun for example_python_operator to None, run_after=None
[2023-09-01T19:35:28.437+0000] {processor.py:179} INFO - Processing /home/airflow/.local/lib/python3.7/site-packages/airflow/example_dags/example_python_operator.py took 0.093 seconds
[2023-09-01T19:35:59.482+0000] {processor.py:157} INFO - Started process (PID=498) to work on /home/airflow/.local/lib/python3.7/site-packages/airflow/example_dags/example_python_operator.py
[2023-09-01T19:35:59.485+0000] {processor.py:826} INFO - Processing file /home/airflow/.local/lib/python3.7/site-packages/airflow/example_dags/example_python_operator.py for tasks to queue
[2023-09-01T19:35:59.486+0000] {logging_mixin.py:150} INFO - [2023-09-01T19:35:59.485+0000] {dagbag.py:541} INFO - Filling up the DagBag from /home/airflow/.local/lib/python3.7/site-packages/airflow/example_dags/example_python_operator.py
[2023-09-01T19:35:59.543+0000] {processor.py:836} INFO - DAG(s) dict_keys(['example_python_operator']) retrieved from /home/airflow/.local/lib/python3.7/site-packages/airflow/example_dags/example_python_operator.py
[2023-09-01T19:36:00.608+0000] {logging_mixin.py:150} INFO - [2023-09-01T19:36:00.608+0000] {dag.py:2742} INFO - Sync 1 DAGs
[2023-09-01T19:36:00.805+0000] {logging_mixin.py:150} INFO - [2023-09-01T19:36:00.804+0000] {dag.py:3508} INFO - Setting next_dagrun for example_python_operator to None, run_after=None
[2023-09-01T19:36:01.026+0000] {processor.py:179} INFO - Processing /home/airflow/.local/lib/python3.7/site-packages/airflow/example_dags/example_python_operator.py took 1.552 seconds
[2023-09-01T19:36:31.384+0000] {processor.py:157} INFO - Started process (PID=560) to work on /home/airflow/.local/lib/python3.7/site-packages/airflow/example_dags/example_python_operator.py
[2023-09-01T19:36:31.385+0000] {processor.py:826} INFO - Processing file /home/airflow/.local/lib/python3.7/site-packages/airflow/example_dags/example_python_operator.py for tasks to queue
[2023-09-01T19:36:31.385+0000] {logging_mixin.py:150} INFO - [2023-09-01T19:36:31.385+0000] {dagbag.py:541} INFO - Filling up the DagBag from /home/airflow/.local/lib/python3.7/site-packages/airflow/example_dags/example_python_operator.py
[2023-09-01T19:36:31.394+0000] {processor.py:836} INFO - DAG(s) dict_keys(['example_python_operator']) retrieved from /home/airflow/.local/lib/python3.7/site-packages/airflow/example_dags/example_python_operator.py
[2023-09-01T19:36:31.436+0000] {logging_mixin.py:150} INFO - [2023-09-01T19:36:31.436+0000] {dag.py:2742} INFO - Sync 1 DAGs
[2023-09-01T19:36:31.457+0000] {logging_mixin.py:150} INFO - [2023-09-01T19:36:31.457+0000] {dag.py:3508} INFO - Setting next_dagrun for example_python_operator to None, run_after=None
[2023-09-01T19:36:31.473+0000] {processor.py:179} INFO - Processing /home/airflow/.local/lib/python3.7/site-packages/airflow/example_dags/example_python_operator.py took 0.092 seconds
[2023-09-01T19:37:02.312+0000] {processor.py:157} INFO - Started process (PID=615) to work on /home/airflow/.local/lib/python3.7/site-packages/airflow/example_dags/example_python_operator.py
[2023-09-01T19:37:02.327+0000] {processor.py:826} INFO - Processing file /home/airflow/.local/lib/python3.7/site-packages/airflow/example_dags/example_python_operator.py for tasks to queue
[2023-09-01T19:37:02.329+0000] {logging_mixin.py:150} INFO - [2023-09-01T19:37:02.329+0000] {dagbag.py:541} INFO - Filling up the DagBag from /home/airflow/.local/lib/python3.7/site-packages/airflow/example_dags/example_python_operator.py
[2023-09-01T19:37:02.422+0000] {processor.py:836} INFO - DAG(s) dict_keys(['example_python_operator']) retrieved from /home/airflow/.local/lib/python3.7/site-packages/airflow/example_dags/example_python_operator.py
[2023-09-01T19:37:02.568+0000] {logging_mixin.py:150} INFO - [2023-09-01T19:37:02.568+0000] {dag.py:2742} INFO - Sync 1 DAGs
[2023-09-01T19:37:02.873+0000] {logging_mixin.py:150} INFO - [2023-09-01T19:37:02.872+0000] {dag.py:3508} INFO - Setting next_dagrun for example_python_operator to None, run_after=None
[2023-09-01T19:37:03.032+0000] {processor.py:179} INFO - Processing /home/airflow/.local/lib/python3.7/site-packages/airflow/example_dags/example_python_operator.py took 0.797 seconds
[2023-09-01T19:37:33.254+0000] {processor.py:157} INFO - Started process (PID=670) to work on /home/airflow/.local/lib/python3.7/site-packages/airflow/example_dags/example_python_operator.py
[2023-09-01T19:37:33.255+0000] {processor.py:826} INFO - Processing file /home/airflow/.local/lib/python3.7/site-packages/airflow/example_dags/example_python_operator.py for tasks to queue
[2023-09-01T19:37:33.256+0000] {logging_mixin.py:150} INFO - [2023-09-01T19:37:33.255+0000] {dagbag.py:541} INFO - Filling up the DagBag from /home/airflow/.local/lib/python3.7/site-packages/airflow/example_dags/example_python_operator.py
[2023-09-01T19:37:33.266+0000] {processor.py:836} INFO - DAG(s) dict_keys(['example_python_operator']) retrieved from /home/airflow/.local/lib/python3.7/site-packages/airflow/example_dags/example_python_operator.py
[2023-09-01T19:37:33.295+0000] {logging_mixin.py:150} INFO - [2023-09-01T19:37:33.295+0000] {dag.py:2742} INFO - Sync 1 DAGs
[2023-09-01T19:37:33.317+0000] {logging_mixin.py:150} INFO - [2023-09-01T19:37:33.317+0000] {dag.py:3508} INFO - Setting next_dagrun for example_python_operator to None, run_after=None
[2023-09-01T19:37:33.344+0000] {processor.py:179} INFO - Processing /home/airflow/.local/lib/python3.7/site-packages/airflow/example_dags/example_python_operator.py took 0.093 seconds
[2023-09-01T19:38:04.217+0000] {processor.py:157} INFO - Started process (PID=725) to work on /home/airflow/.local/lib/python3.7/site-packages/airflow/example_dags/example_python_operator.py
[2023-09-01T19:38:04.221+0000] {processor.py:826} INFO - Processing file /home/airflow/.local/lib/python3.7/site-packages/airflow/example_dags/example_python_operator.py for tasks to queue
[2023-09-01T19:38:04.222+0000] {logging_mixin.py:150} INFO - [2023-09-01T19:38:04.221+0000] {dagbag.py:541} INFO - Filling up the DagBag from /home/airflow/.local/lib/python3.7/site-packages/airflow/example_dags/example_python_operator.py
[2023-09-01T19:38:04.243+0000] {processor.py:836} INFO - DAG(s) dict_keys(['example_python_operator']) retrieved from /home/airflow/.local/lib/python3.7/site-packages/airflow/example_dags/example_python_operator.py
[2023-09-01T19:38:04.308+0000] {logging_mixin.py:150} INFO - [2023-09-01T19:38:04.308+0000] {dag.py:2742} INFO - Sync 1 DAGs
[2023-09-01T19:38:04.363+0000] {logging_mixin.py:150} INFO - [2023-09-01T19:38:04.363+0000] {dag.py:3508} INFO - Setting next_dagrun for example_python_operator to None, run_after=None
[2023-09-01T19:38:04.450+0000] {processor.py:179} INFO - Processing /home/airflow/.local/lib/python3.7/site-packages/airflow/example_dags/example_python_operator.py took 0.244 seconds
[2023-09-01T19:38:35.182+0000] {processor.py:157} INFO - Started process (PID=780) to work on /home/airflow/.local/lib/python3.7/site-packages/airflow/example_dags/example_python_operator.py
[2023-09-01T19:38:35.183+0000] {processor.py:826} INFO - Processing file /home/airflow/.local/lib/python3.7/site-packages/airflow/example_dags/example_python_operator.py for tasks to queue
[2023-09-01T19:38:35.184+0000] {logging_mixin.py:150} INFO - [2023-09-01T19:38:35.183+0000] {dagbag.py:541} INFO - Filling up the DagBag from /home/airflow/.local/lib/python3.7/site-packages/airflow/example_dags/example_python_operator.py
[2023-09-01T19:38:35.192+0000] {processor.py:836} INFO - DAG(s) dict_keys(['example_python_operator']) retrieved from /home/airflow/.local/lib/python3.7/site-packages/airflow/example_dags/example_python_operator.py
[2023-09-01T19:38:35.217+0000] {logging_mixin.py:150} INFO - [2023-09-01T19:38:35.217+0000] {dag.py:2742} INFO - Sync 1 DAGs
[2023-09-01T19:38:35.238+0000] {logging_mixin.py:150} INFO - [2023-09-01T19:38:35.238+0000] {dag.py:3508} INFO - Setting next_dagrun for example_python_operator to None, run_after=None
[2023-09-01T19:38:35.255+0000] {processor.py:179} INFO - Processing /home/airflow/.local/lib/python3.7/site-packages/airflow/example_dags/example_python_operator.py took 0.077 seconds
[2023-09-01T19:39:05.466+0000] {processor.py:157} INFO - Started process (PID=834) to work on /home/airflow/.local/lib/python3.7/site-packages/airflow/example_dags/example_python_operator.py
[2023-09-01T19:39:05.472+0000] {processor.py:826} INFO - Processing file /home/airflow/.local/lib/python3.7/site-packages/airflow/example_dags/example_python_operator.py for tasks to queue
[2023-09-01T19:39:05.473+0000] {logging_mixin.py:150} INFO - [2023-09-01T19:39:05.473+0000] {dagbag.py:541} INFO - Filling up the DagBag from /home/airflow/.local/lib/python3.7/site-packages/airflow/example_dags/example_python_operator.py
[2023-09-01T19:39:05.487+0000] {processor.py:836} INFO - DAG(s) dict_keys(['example_python_operator']) retrieved from /home/airflow/.local/lib/python3.7/site-packages/airflow/example_dags/example_python_operator.py
[2023-09-01T19:39:05.542+0000] {logging_mixin.py:150} INFO - [2023-09-01T19:39:05.542+0000] {dag.py:2742} INFO - Sync 1 DAGs
[2023-09-01T19:39:05.588+0000] {logging_mixin.py:150} INFO - [2023-09-01T19:39:05.587+0000] {dag.py:3508} INFO - Setting next_dagrun for example_python_operator to None, run_after=None
[2023-09-01T19:39:05.630+0000] {processor.py:179} INFO - Processing /home/airflow/.local/lib/python3.7/site-packages/airflow/example_dags/example_python_operator.py took 0.181 seconds
[2023-09-01T19:39:35.741+0000] {processor.py:157} INFO - Started process (PID=889) to work on /home/airflow/.local/lib/python3.7/site-packages/airflow/example_dags/example_python_operator.py
[2023-09-01T19:39:35.742+0000] {processor.py:826} INFO - Processing file /home/airflow/.local/lib/python3.7/site-packages/airflow/example_dags/example_python_operator.py for tasks to queue
[2023-09-01T19:39:35.743+0000] {logging_mixin.py:150} INFO - [2023-09-01T19:39:35.743+0000] {dagbag.py:541} INFO - Filling up the DagBag from /home/airflow/.local/lib/python3.7/site-packages/airflow/example_dags/example_python_operator.py
[2023-09-01T19:39:35.751+0000] {processor.py:836} INFO - DAG(s) dict_keys(['example_python_operator']) retrieved from /home/airflow/.local/lib/python3.7/site-packages/airflow/example_dags/example_python_operator.py
[2023-09-01T19:39:35.776+0000] {logging_mixin.py:150} INFO - [2023-09-01T19:39:35.775+0000] {dag.py:2742} INFO - Sync 1 DAGs
[2023-09-01T19:39:35.796+0000] {logging_mixin.py:150} INFO - [2023-09-01T19:39:35.796+0000] {dag.py:3508} INFO - Setting next_dagrun for example_python_operator to None, run_after=None
[2023-09-01T19:39:35.811+0000] {processor.py:179} INFO - Processing /home/airflow/.local/lib/python3.7/site-packages/airflow/example_dags/example_python_operator.py took 0.073 seconds
[2023-09-01T19:40:06.020+0000] {processor.py:157} INFO - Started process (PID=944) to work on /home/airflow/.local/lib/python3.7/site-packages/airflow/example_dags/example_python_operator.py
[2023-09-01T19:40:06.021+0000] {processor.py:826} INFO - Processing file /home/airflow/.local/lib/python3.7/site-packages/airflow/example_dags/example_python_operator.py for tasks to queue
[2023-09-01T19:40:06.022+0000] {logging_mixin.py:150} INFO - [2023-09-01T19:40:06.022+0000] {dagbag.py:541} INFO - Filling up the DagBag from /home/airflow/.local/lib/python3.7/site-packages/airflow/example_dags/example_python_operator.py
[2023-09-01T19:40:06.042+0000] {processor.py:836} INFO - DAG(s) dict_keys(['example_python_operator']) retrieved from /home/airflow/.local/lib/python3.7/site-packages/airflow/example_dags/example_python_operator.py
[2023-09-01T19:40:06.075+0000] {logging_mixin.py:150} INFO - [2023-09-01T19:40:06.075+0000] {dag.py:2742} INFO - Sync 1 DAGs
[2023-09-01T19:40:06.098+0000] {logging_mixin.py:150} INFO - [2023-09-01T19:40:06.098+0000] {dag.py:3508} INFO - Setting next_dagrun for example_python_operator to None, run_after=None
[2023-09-01T19:40:06.127+0000] {processor.py:179} INFO - Processing /home/airflow/.local/lib/python3.7/site-packages/airflow/example_dags/example_python_operator.py took 0.113 seconds
[2023-09-01T19:40:36.436+0000] {processor.py:157} INFO - Started process (PID=998) to work on /home/airflow/.local/lib/python3.7/site-packages/airflow/example_dags/example_python_operator.py
[2023-09-01T19:40:36.439+0000] {processor.py:826} INFO - Processing file /home/airflow/.local/lib/python3.7/site-packages/airflow/example_dags/example_python_operator.py for tasks to queue
[2023-09-01T19:40:36.440+0000] {logging_mixin.py:150} INFO - [2023-09-01T19:40:36.440+0000] {dagbag.py:541} INFO - Filling up the DagBag from /home/airflow/.local/lib/python3.7/site-packages/airflow/example_dags/example_python_operator.py
[2023-09-01T19:40:36.454+0000] {processor.py:836} INFO - DAG(s) dict_keys(['example_python_operator']) retrieved from /home/airflow/.local/lib/python3.7/site-packages/airflow/example_dags/example_python_operator.py
[2023-09-01T19:40:36.500+0000] {logging_mixin.py:150} INFO - [2023-09-01T19:40:36.500+0000] {dag.py:2742} INFO - Sync 1 DAGs
[2023-09-01T19:40:36.542+0000] {logging_mixin.py:150} INFO - [2023-09-01T19:40:36.542+0000] {dag.py:3508} INFO - Setting next_dagrun for example_python_operator to None, run_after=None
[2023-09-01T19:40:36.576+0000] {processor.py:179} INFO - Processing /home/airflow/.local/lib/python3.7/site-packages/airflow/example_dags/example_python_operator.py took 0.155 seconds
[2023-09-01T19:41:07.577+0000] {processor.py:157} INFO - Started process (PID=1053) to work on /home/airflow/.local/lib/python3.7/site-packages/airflow/example_dags/example_python_operator.py
[2023-09-01T19:41:07.577+0000] {processor.py:826} INFO - Processing file /home/airflow/.local/lib/python3.7/site-packages/airflow/example_dags/example_python_operator.py for tasks to queue
[2023-09-01T19:41:07.578+0000] {logging_mixin.py:150} INFO - [2023-09-01T19:41:07.578+0000] {dagbag.py:541} INFO - Filling up the DagBag from /home/airflow/.local/lib/python3.7/site-packages/airflow/example_dags/example_python_operator.py
[2023-09-01T19:41:07.602+0000] {processor.py:836} INFO - DAG(s) dict_keys(['example_python_operator']) retrieved from /home/airflow/.local/lib/python3.7/site-packages/airflow/example_dags/example_python_operator.py
[2023-09-01T19:41:07.661+0000] {logging_mixin.py:150} INFO - [2023-09-01T19:41:07.661+0000] {dag.py:2742} INFO - Sync 1 DAGs
[2023-09-01T19:41:07.702+0000] {logging_mixin.py:150} INFO - [2023-09-01T19:41:07.702+0000] {dag.py:3508} INFO - Setting next_dagrun for example_python_operator to None, run_after=None
[2023-09-01T19:41:07.742+0000] {processor.py:179} INFO - Processing /home/airflow/.local/lib/python3.7/site-packages/airflow/example_dags/example_python_operator.py took 0.168 seconds
[2023-09-01T19:41:38.062+0000] {processor.py:157} INFO - Started process (PID=1108) to work on /home/airflow/.local/lib/python3.7/site-packages/airflow/example_dags/example_python_operator.py
[2023-09-01T19:41:38.064+0000] {processor.py:826} INFO - Processing file /home/airflow/.local/lib/python3.7/site-packages/airflow/example_dags/example_python_operator.py for tasks to queue
[2023-09-01T19:41:38.066+0000] {logging_mixin.py:150} INFO - [2023-09-01T19:41:38.065+0000] {dagbag.py:541} INFO - Filling up the DagBag from /home/airflow/.local/lib/python3.7/site-packages/airflow/example_dags/example_python_operator.py
[2023-09-01T19:41:38.106+0000] {processor.py:836} INFO - DAG(s) dict_keys(['example_python_operator']) retrieved from /home/airflow/.local/lib/python3.7/site-packages/airflow/example_dags/example_python_operator.py
[2023-09-01T19:41:38.165+0000] {logging_mixin.py:150} INFO - [2023-09-01T19:41:38.165+0000] {dag.py:2742} INFO - Sync 1 DAGs
[2023-09-01T19:41:38.193+0000] {logging_mixin.py:150} INFO - [2023-09-01T19:41:38.193+0000] {dag.py:3508} INFO - Setting next_dagrun for example_python_operator to None, run_after=None
[2023-09-01T19:41:38.217+0000] {processor.py:179} INFO - Processing /home/airflow/.local/lib/python3.7/site-packages/airflow/example_dags/example_python_operator.py took 0.158 seconds
[2023-09-01T19:42:08.381+0000] {processor.py:157} INFO - Started process (PID=1162) to work on /home/airflow/.local/lib/python3.7/site-packages/airflow/example_dags/example_python_operator.py
[2023-09-01T19:42:08.382+0000] {processor.py:826} INFO - Processing file /home/airflow/.local/lib/python3.7/site-packages/airflow/example_dags/example_python_operator.py for tasks to queue
[2023-09-01T19:42:08.383+0000] {logging_mixin.py:150} INFO - [2023-09-01T19:42:08.382+0000] {dagbag.py:541} INFO - Filling up the DagBag from /home/airflow/.local/lib/python3.7/site-packages/airflow/example_dags/example_python_operator.py
[2023-09-01T19:42:08.391+0000] {processor.py:836} INFO - DAG(s) dict_keys(['example_python_operator']) retrieved from /home/airflow/.local/lib/python3.7/site-packages/airflow/example_dags/example_python_operator.py
[2023-09-01T19:42:08.430+0000] {logging_mixin.py:150} INFO - [2023-09-01T19:42:08.430+0000] {dag.py:2742} INFO - Sync 1 DAGs
[2023-09-01T19:42:08.456+0000] {logging_mixin.py:150} INFO - [2023-09-01T19:42:08.456+0000] {dag.py:3508} INFO - Setting next_dagrun for example_python_operator to None, run_after=None
[2023-09-01T19:42:08.472+0000] {processor.py:179} INFO - Processing /home/airflow/.local/lib/python3.7/site-packages/airflow/example_dags/example_python_operator.py took 0.096 seconds
[2023-09-01T19:42:38.960+0000] {processor.py:157} INFO - Started process (PID=1217) to work on /home/airflow/.local/lib/python3.7/site-packages/airflow/example_dags/example_python_operator.py
[2023-09-01T19:42:38.961+0000] {processor.py:826} INFO - Processing file /home/airflow/.local/lib/python3.7/site-packages/airflow/example_dags/example_python_operator.py for tasks to queue
[2023-09-01T19:42:38.963+0000] {logging_mixin.py:150} INFO - [2023-09-01T19:42:38.962+0000] {dagbag.py:541} INFO - Filling up the DagBag from /home/airflow/.local/lib/python3.7/site-packages/airflow/example_dags/example_python_operator.py
[2023-09-01T19:42:38.973+0000] {processor.py:836} INFO - DAG(s) dict_keys(['example_python_operator']) retrieved from /home/airflow/.local/lib/python3.7/site-packages/airflow/example_dags/example_python_operator.py
[2023-09-01T19:42:39.043+0000] {logging_mixin.py:150} INFO - [2023-09-01T19:42:39.043+0000] {dag.py:2742} INFO - Sync 1 DAGs
[2023-09-01T19:42:39.083+0000] {logging_mixin.py:150} INFO - [2023-09-01T19:42:39.082+0000] {dag.py:3508} INFO - Setting next_dagrun for example_python_operator to None, run_after=None
[2023-09-01T19:42:39.101+0000] {processor.py:179} INFO - Processing /home/airflow/.local/lib/python3.7/site-packages/airflow/example_dags/example_python_operator.py took 0.144 seconds
[2023-09-01T19:43:09.211+0000] {processor.py:157} INFO - Started process (PID=1273) to work on /home/airflow/.local/lib/python3.7/site-packages/airflow/example_dags/example_python_operator.py
[2023-09-01T19:43:09.212+0000] {processor.py:826} INFO - Processing file /home/airflow/.local/lib/python3.7/site-packages/airflow/example_dags/example_python_operator.py for tasks to queue
[2023-09-01T19:43:09.213+0000] {logging_mixin.py:150} INFO - [2023-09-01T19:43:09.213+0000] {dagbag.py:541} INFO - Filling up the DagBag from /home/airflow/.local/lib/python3.7/site-packages/airflow/example_dags/example_python_operator.py
[2023-09-01T19:43:09.222+0000] {processor.py:836} INFO - DAG(s) dict_keys(['example_python_operator']) retrieved from /home/airflow/.local/lib/python3.7/site-packages/airflow/example_dags/example_python_operator.py
[2023-09-01T19:43:09.248+0000] {logging_mixin.py:150} INFO - [2023-09-01T19:43:09.247+0000] {dag.py:2742} INFO - Sync 1 DAGs
[2023-09-01T19:43:09.269+0000] {logging_mixin.py:150} INFO - [2023-09-01T19:43:09.269+0000] {dag.py:3508} INFO - Setting next_dagrun for example_python_operator to None, run_after=None
[2023-09-01T19:43:09.285+0000] {processor.py:179} INFO - Processing /home/airflow/.local/lib/python3.7/site-packages/airflow/example_dags/example_python_operator.py took 0.077 seconds
[2023-09-01T19:43:39.597+0000] {processor.py:157} INFO - Started process (PID=1327) to work on /home/airflow/.local/lib/python3.7/site-packages/airflow/example_dags/example_python_operator.py
[2023-09-01T19:43:39.597+0000] {processor.py:826} INFO - Processing file /home/airflow/.local/lib/python3.7/site-packages/airflow/example_dags/example_python_operator.py for tasks to queue
[2023-09-01T19:43:39.598+0000] {logging_mixin.py:150} INFO - [2023-09-01T19:43:39.598+0000] {dagbag.py:541} INFO - Filling up the DagBag from /home/airflow/.local/lib/python3.7/site-packages/airflow/example_dags/example_python_operator.py
[2023-09-01T19:43:39.607+0000] {processor.py:836} INFO - DAG(s) dict_keys(['example_python_operator']) retrieved from /home/airflow/.local/lib/python3.7/site-packages/airflow/example_dags/example_python_operator.py
[2023-09-01T19:43:39.643+0000] {logging_mixin.py:150} INFO - [2023-09-01T19:43:39.643+0000] {dag.py:2742} INFO - Sync 1 DAGs
[2023-09-01T19:43:39.666+0000] {logging_mixin.py:150} INFO - [2023-09-01T19:43:39.666+0000] {dag.py:3508} INFO - Setting next_dagrun for example_python_operator to None, run_after=None
[2023-09-01T19:43:39.686+0000] {processor.py:179} INFO - Processing /home/airflow/.local/lib/python3.7/site-packages/airflow/example_dags/example_python_operator.py took 0.093 seconds
[2023-09-01T19:44:10.157+0000] {processor.py:157} INFO - Started process (PID=1382) to work on /home/airflow/.local/lib/python3.7/site-packages/airflow/example_dags/example_python_operator.py
[2023-09-01T19:44:10.158+0000] {processor.py:826} INFO - Processing file /home/airflow/.local/lib/python3.7/site-packages/airflow/example_dags/example_python_operator.py for tasks to queue
[2023-09-01T19:44:10.158+0000] {logging_mixin.py:150} INFO - [2023-09-01T19:44:10.158+0000] {dagbag.py:541} INFO - Filling up the DagBag from /home/airflow/.local/lib/python3.7/site-packages/airflow/example_dags/example_python_operator.py
[2023-09-01T19:44:10.168+0000] {processor.py:836} INFO - DAG(s) dict_keys(['example_python_operator']) retrieved from /home/airflow/.local/lib/python3.7/site-packages/airflow/example_dags/example_python_operator.py
[2023-09-01T19:44:10.203+0000] {logging_mixin.py:150} INFO - [2023-09-01T19:44:10.202+0000] {dag.py:2742} INFO - Sync 1 DAGs
[2023-09-01T19:44:10.224+0000] {logging_mixin.py:150} INFO - [2023-09-01T19:44:10.224+0000] {dag.py:3508} INFO - Setting next_dagrun for example_python_operator to None, run_after=None
[2023-09-01T19:44:10.240+0000] {processor.py:179} INFO - Processing /home/airflow/.local/lib/python3.7/site-packages/airflow/example_dags/example_python_operator.py took 0.087 seconds
[2023-09-01T19:44:40.728+0000] {processor.py:157} INFO - Started process (PID=1437) to work on /home/airflow/.local/lib/python3.7/site-packages/airflow/example_dags/example_python_operator.py
[2023-09-01T19:44:40.729+0000] {processor.py:826} INFO - Processing file /home/airflow/.local/lib/python3.7/site-packages/airflow/example_dags/example_python_operator.py for tasks to queue
[2023-09-01T19:44:40.729+0000] {logging_mixin.py:150} INFO - [2023-09-01T19:44:40.729+0000] {dagbag.py:541} INFO - Filling up the DagBag from /home/airflow/.local/lib/python3.7/site-packages/airflow/example_dags/example_python_operator.py
[2023-09-01T19:44:40.739+0000] {processor.py:836} INFO - DAG(s) dict_keys(['example_python_operator']) retrieved from /home/airflow/.local/lib/python3.7/site-packages/airflow/example_dags/example_python_operator.py
[2023-09-01T19:44:40.769+0000] {logging_mixin.py:150} INFO - [2023-09-01T19:44:40.769+0000] {dag.py:2742} INFO - Sync 1 DAGs
[2023-09-01T19:44:40.802+0000] {logging_mixin.py:150} INFO - [2023-09-01T19:44:40.802+0000] {dag.py:3508} INFO - Setting next_dagrun for example_python_operator to None, run_after=None
[2023-09-01T19:44:40.826+0000] {processor.py:179} INFO - Processing /home/airflow/.local/lib/python3.7/site-packages/airflow/example_dags/example_python_operator.py took 0.101 seconds
[2023-09-01T19:45:11.085+0000] {processor.py:157} INFO - Started process (PID=1492) to work on /home/airflow/.local/lib/python3.7/site-packages/airflow/example_dags/example_python_operator.py
[2023-09-01T19:45:11.086+0000] {processor.py:826} INFO - Processing file /home/airflow/.local/lib/python3.7/site-packages/airflow/example_dags/example_python_operator.py for tasks to queue
[2023-09-01T19:45:11.087+0000] {logging_mixin.py:150} INFO - [2023-09-01T19:45:11.087+0000] {dagbag.py:541} INFO - Filling up the DagBag from /home/airflow/.local/lib/python3.7/site-packages/airflow/example_dags/example_python_operator.py
[2023-09-01T19:45:11.096+0000] {processor.py:836} INFO - DAG(s) dict_keys(['example_python_operator']) retrieved from /home/airflow/.local/lib/python3.7/site-packages/airflow/example_dags/example_python_operator.py
[2023-09-01T19:45:11.129+0000] {logging_mixin.py:150} INFO - [2023-09-01T19:45:11.128+0000] {dag.py:2742} INFO - Sync 1 DAGs
[2023-09-01T19:45:11.154+0000] {logging_mixin.py:150} INFO - [2023-09-01T19:45:11.154+0000] {dag.py:3508} INFO - Setting next_dagrun for example_python_operator to None, run_after=None
[2023-09-01T19:45:11.174+0000] {processor.py:179} INFO - Processing /home/airflow/.local/lib/python3.7/site-packages/airflow/example_dags/example_python_operator.py took 0.092 seconds
[2023-09-01T19:45:41.392+0000] {processor.py:157} INFO - Started process (PID=1547) to work on /home/airflow/.local/lib/python3.7/site-packages/airflow/example_dags/example_python_operator.py
[2023-09-01T19:45:41.393+0000] {processor.py:826} INFO - Processing file /home/airflow/.local/lib/python3.7/site-packages/airflow/example_dags/example_python_operator.py for tasks to queue
[2023-09-01T19:45:41.393+0000] {logging_mixin.py:150} INFO - [2023-09-01T19:45:41.393+0000] {dagbag.py:541} INFO - Filling up the DagBag from /home/airflow/.local/lib/python3.7/site-packages/airflow/example_dags/example_python_operator.py
[2023-09-01T19:45:41.402+0000] {processor.py:836} INFO - DAG(s) dict_keys(['example_python_operator']) retrieved from /home/airflow/.local/lib/python3.7/site-packages/airflow/example_dags/example_python_operator.py
[2023-09-01T19:45:41.431+0000] {logging_mixin.py:150} INFO - [2023-09-01T19:45:41.430+0000] {dag.py:2742} INFO - Sync 1 DAGs
[2023-09-01T19:45:41.454+0000] {logging_mixin.py:150} INFO - [2023-09-01T19:45:41.453+0000] {dag.py:3508} INFO - Setting next_dagrun for example_python_operator to None, run_after=None
[2023-09-01T19:45:41.472+0000] {processor.py:179} INFO - Processing /home/airflow/.local/lib/python3.7/site-packages/airflow/example_dags/example_python_operator.py took 0.083 seconds
[2023-09-01T19:46:11.744+0000] {processor.py:157} INFO - Started process (PID=1602) to work on /home/airflow/.local/lib/python3.7/site-packages/airflow/example_dags/example_python_operator.py
[2023-09-01T19:46:11.746+0000] {processor.py:826} INFO - Processing file /home/airflow/.local/lib/python3.7/site-packages/airflow/example_dags/example_python_operator.py for tasks to queue
[2023-09-01T19:46:11.746+0000] {logging_mixin.py:150} INFO - [2023-09-01T19:46:11.746+0000] {dagbag.py:541} INFO - Filling up the DagBag from /home/airflow/.local/lib/python3.7/site-packages/airflow/example_dags/example_python_operator.py
[2023-09-01T19:46:11.755+0000] {processor.py:836} INFO - DAG(s) dict_keys(['example_python_operator']) retrieved from /home/airflow/.local/lib/python3.7/site-packages/airflow/example_dags/example_python_operator.py
[2023-09-01T19:46:11.785+0000] {logging_mixin.py:150} INFO - [2023-09-01T19:46:11.784+0000] {dag.py:2742} INFO - Sync 1 DAGs
[2023-09-01T19:46:11.813+0000] {logging_mixin.py:150} INFO - [2023-09-01T19:46:11.812+0000] {dag.py:3508} INFO - Setting next_dagrun for example_python_operator to None, run_after=None
[2023-09-01T19:46:11.832+0000] {processor.py:179} INFO - Processing /home/airflow/.local/lib/python3.7/site-packages/airflow/example_dags/example_python_operator.py took 0.091 seconds
[2023-09-01T19:46:42.232+0000] {processor.py:157} INFO - Started process (PID=1657) to work on /home/airflow/.local/lib/python3.7/site-packages/airflow/example_dags/example_python_operator.py
[2023-09-01T19:46:42.233+0000] {processor.py:826} INFO - Processing file /home/airflow/.local/lib/python3.7/site-packages/airflow/example_dags/example_python_operator.py for tasks to queue
[2023-09-01T19:46:42.234+0000] {logging_mixin.py:150} INFO - [2023-09-01T19:46:42.234+0000] {dagbag.py:541} INFO - Filling up the DagBag from /home/airflow/.local/lib/python3.7/site-packages/airflow/example_dags/example_python_operator.py
[2023-09-01T19:46:42.246+0000] {processor.py:836} INFO - DAG(s) dict_keys(['example_python_operator']) retrieved from /home/airflow/.local/lib/python3.7/site-packages/airflow/example_dags/example_python_operator.py
[2023-09-01T19:46:42.276+0000] {logging_mixin.py:150} INFO - [2023-09-01T19:46:42.276+0000] {dag.py:2742} INFO - Sync 1 DAGs
[2023-09-01T19:46:42.298+0000] {logging_mixin.py:150} INFO - [2023-09-01T19:46:42.298+0000] {dag.py:3508} INFO - Setting next_dagrun for example_python_operator to None, run_after=None
[2023-09-01T19:46:42.316+0000] {processor.py:179} INFO - Processing /home/airflow/.local/lib/python3.7/site-packages/airflow/example_dags/example_python_operator.py took 0.088 seconds
[2023-09-01T19:47:12.898+0000] {processor.py:157} INFO - Started process (PID=1712) to work on /home/airflow/.local/lib/python3.7/site-packages/airflow/example_dags/example_python_operator.py
[2023-09-01T19:47:12.899+0000] {processor.py:826} INFO - Processing file /home/airflow/.local/lib/python3.7/site-packages/airflow/example_dags/example_python_operator.py for tasks to queue
[2023-09-01T19:47:12.899+0000] {logging_mixin.py:150} INFO - [2023-09-01T19:47:12.899+0000] {dagbag.py:541} INFO - Filling up the DagBag from /home/airflow/.local/lib/python3.7/site-packages/airflow/example_dags/example_python_operator.py
[2023-09-01T19:47:12.909+0000] {processor.py:836} INFO - DAG(s) dict_keys(['example_python_operator']) retrieved from /home/airflow/.local/lib/python3.7/site-packages/airflow/example_dags/example_python_operator.py
[2023-09-01T19:47:12.938+0000] {logging_mixin.py:150} INFO - [2023-09-01T19:47:12.938+0000] {dag.py:2742} INFO - Sync 1 DAGs
[2023-09-01T19:47:12.963+0000] {logging_mixin.py:150} INFO - [2023-09-01T19:47:12.963+0000] {dag.py:3508} INFO - Setting next_dagrun for example_python_operator to None, run_after=None
[2023-09-01T19:47:12.981+0000] {processor.py:179} INFO - Processing /home/airflow/.local/lib/python3.7/site-packages/airflow/example_dags/example_python_operator.py took 0.086 seconds
[2023-09-01T19:47:43.322+0000] {processor.py:157} INFO - Started process (PID=1767) to work on /home/airflow/.local/lib/python3.7/site-packages/airflow/example_dags/example_python_operator.py
[2023-09-01T19:47:43.323+0000] {processor.py:826} INFO - Processing file /home/airflow/.local/lib/python3.7/site-packages/airflow/example_dags/example_python_operator.py for tasks to queue
[2023-09-01T19:47:43.324+0000] {logging_mixin.py:150} INFO - [2023-09-01T19:47:43.324+0000] {dagbag.py:541} INFO - Filling up the DagBag from /home/airflow/.local/lib/python3.7/site-packages/airflow/example_dags/example_python_operator.py
[2023-09-01T19:47:43.333+0000] {processor.py:836} INFO - DAG(s) dict_keys(['example_python_operator']) retrieved from /home/airflow/.local/lib/python3.7/site-packages/airflow/example_dags/example_python_operator.py
[2023-09-01T19:47:43.360+0000] {logging_mixin.py:150} INFO - [2023-09-01T19:47:43.360+0000] {dag.py:2742} INFO - Sync 1 DAGs
[2023-09-01T19:47:43.384+0000] {logging_mixin.py:150} INFO - [2023-09-01T19:47:43.384+0000] {dag.py:3508} INFO - Setting next_dagrun for example_python_operator to None, run_after=None
[2023-09-01T19:47:43.403+0000] {processor.py:179} INFO - Processing /home/airflow/.local/lib/python3.7/site-packages/airflow/example_dags/example_python_operator.py took 0.084 seconds
[2023-09-01T19:48:13.824+0000] {processor.py:157} INFO - Started process (PID=1822) to work on /home/airflow/.local/lib/python3.7/site-packages/airflow/example_dags/example_python_operator.py
[2023-09-01T19:48:13.825+0000] {processor.py:826} INFO - Processing file /home/airflow/.local/lib/python3.7/site-packages/airflow/example_dags/example_python_operator.py for tasks to queue
[2023-09-01T19:48:13.826+0000] {logging_mixin.py:150} INFO - [2023-09-01T19:48:13.826+0000] {dagbag.py:541} INFO - Filling up the DagBag from /home/airflow/.local/lib/python3.7/site-packages/airflow/example_dags/example_python_operator.py
[2023-09-01T19:48:13.835+0000] {processor.py:836} INFO - DAG(s) dict_keys(['example_python_operator']) retrieved from /home/airflow/.local/lib/python3.7/site-packages/airflow/example_dags/example_python_operator.py
[2023-09-01T19:48:13.863+0000] {logging_mixin.py:150} INFO - [2023-09-01T19:48:13.863+0000] {dag.py:2742} INFO - Sync 1 DAGs
[2023-09-01T19:48:13.885+0000] {logging_mixin.py:150} INFO - [2023-09-01T19:48:13.885+0000] {dag.py:3508} INFO - Setting next_dagrun for example_python_operator to None, run_after=None
[2023-09-01T19:48:13.904+0000] {processor.py:179} INFO - Processing /home/airflow/.local/lib/python3.7/site-packages/airflow/example_dags/example_python_operator.py took 0.084 seconds
[2023-09-01T19:48:44.640+0000] {processor.py:157} INFO - Started process (PID=1876) to work on /home/airflow/.local/lib/python3.7/site-packages/airflow/example_dags/example_python_operator.py
[2023-09-01T19:48:44.641+0000] {processor.py:826} INFO - Processing file /home/airflow/.local/lib/python3.7/site-packages/airflow/example_dags/example_python_operator.py for tasks to queue
[2023-09-01T19:48:44.641+0000] {logging_mixin.py:150} INFO - [2023-09-01T19:48:44.641+0000] {dagbag.py:541} INFO - Filling up the DagBag from /home/airflow/.local/lib/python3.7/site-packages/airflow/example_dags/example_python_operator.py
[2023-09-01T19:48:44.652+0000] {processor.py:836} INFO - DAG(s) dict_keys(['example_python_operator']) retrieved from /home/airflow/.local/lib/python3.7/site-packages/airflow/example_dags/example_python_operator.py
[2023-09-01T19:48:44.679+0000] {logging_mixin.py:150} INFO - [2023-09-01T19:48:44.678+0000] {dag.py:2742} INFO - Sync 1 DAGs
[2023-09-01T19:48:44.700+0000] {logging_mixin.py:150} INFO - [2023-09-01T19:48:44.700+0000] {dag.py:3508} INFO - Setting next_dagrun for example_python_operator to None, run_after=None
[2023-09-01T19:48:44.717+0000] {processor.py:179} INFO - Processing /home/airflow/.local/lib/python3.7/site-packages/airflow/example_dags/example_python_operator.py took 0.081 seconds
[2023-09-01T19:49:15.359+0000] {processor.py:157} INFO - Started process (PID=1931) to work on /home/airflow/.local/lib/python3.7/site-packages/airflow/example_dags/example_python_operator.py
[2023-09-01T19:49:15.360+0000] {processor.py:826} INFO - Processing file /home/airflow/.local/lib/python3.7/site-packages/airflow/example_dags/example_python_operator.py for tasks to queue
[2023-09-01T19:49:15.361+0000] {logging_mixin.py:150} INFO - [2023-09-01T19:49:15.361+0000] {dagbag.py:541} INFO - Filling up the DagBag from /home/airflow/.local/lib/python3.7/site-packages/airflow/example_dags/example_python_operator.py
[2023-09-01T19:49:15.370+0000] {processor.py:836} INFO - DAG(s) dict_keys(['example_python_operator']) retrieved from /home/airflow/.local/lib/python3.7/site-packages/airflow/example_dags/example_python_operator.py
[2023-09-01T19:49:15.398+0000] {logging_mixin.py:150} INFO - [2023-09-01T19:49:15.398+0000] {dag.py:2742} INFO - Sync 1 DAGs
[2023-09-01T19:49:15.421+0000] {logging_mixin.py:150} INFO - [2023-09-01T19:49:15.421+0000] {dag.py:3508} INFO - Setting next_dagrun for example_python_operator to None, run_after=None
[2023-09-01T19:49:15.437+0000] {processor.py:179} INFO - Processing /home/airflow/.local/lib/python3.7/site-packages/airflow/example_dags/example_python_operator.py took 0.082 seconds
[2023-09-01T19:49:46.087+0000] {processor.py:157} INFO - Started process (PID=1986) to work on /home/airflow/.local/lib/python3.7/site-packages/airflow/example_dags/example_python_operator.py
[2023-09-01T19:49:46.088+0000] {processor.py:826} INFO - Processing file /home/airflow/.local/lib/python3.7/site-packages/airflow/example_dags/example_python_operator.py for tasks to queue
[2023-09-01T19:49:46.088+0000] {logging_mixin.py:150} INFO - [2023-09-01T19:49:46.088+0000] {dagbag.py:541} INFO - Filling up the DagBag from /home/airflow/.local/lib/python3.7/site-packages/airflow/example_dags/example_python_operator.py
[2023-09-01T19:49:46.097+0000] {processor.py:836} INFO - DAG(s) dict_keys(['example_python_operator']) retrieved from /home/airflow/.local/lib/python3.7/site-packages/airflow/example_dags/example_python_operator.py
[2023-09-01T19:49:46.142+0000] {logging_mixin.py:150} INFO - [2023-09-01T19:49:46.142+0000] {dag.py:2742} INFO - Sync 1 DAGs
[2023-09-01T19:49:46.164+0000] {logging_mixin.py:150} INFO - [2023-09-01T19:49:46.164+0000] {dag.py:3508} INFO - Setting next_dagrun for example_python_operator to None, run_after=None
[2023-09-01T19:49:46.180+0000] {processor.py:179} INFO - Processing /home/airflow/.local/lib/python3.7/site-packages/airflow/example_dags/example_python_operator.py took 0.096 seconds
[2023-09-01T19:50:16.775+0000] {processor.py:157} INFO - Started process (PID=2041) to work on /home/airflow/.local/lib/python3.7/site-packages/airflow/example_dags/example_python_operator.py
[2023-09-01T19:50:16.776+0000] {processor.py:826} INFO - Processing file /home/airflow/.local/lib/python3.7/site-packages/airflow/example_dags/example_python_operator.py for tasks to queue
[2023-09-01T19:50:16.777+0000] {logging_mixin.py:150} INFO - [2023-09-01T19:50:16.777+0000] {dagbag.py:541} INFO - Filling up the DagBag from /home/airflow/.local/lib/python3.7/site-packages/airflow/example_dags/example_python_operator.py
[2023-09-01T19:50:16.787+0000] {processor.py:836} INFO - DAG(s) dict_keys(['example_python_operator']) retrieved from /home/airflow/.local/lib/python3.7/site-packages/airflow/example_dags/example_python_operator.py
[2023-09-01T19:50:16.812+0000] {logging_mixin.py:150} INFO - [2023-09-01T19:50:16.812+0000] {dag.py:2742} INFO - Sync 1 DAGs
[2023-09-01T19:50:16.833+0000] {logging_mixin.py:150} INFO - [2023-09-01T19:50:16.833+0000] {dag.py:3508} INFO - Setting next_dagrun for example_python_operator to None, run_after=None
[2023-09-01T19:50:16.856+0000] {processor.py:179} INFO - Processing /home/airflow/.local/lib/python3.7/site-packages/airflow/example_dags/example_python_operator.py took 0.084 seconds
[2023-09-01T19:50:47.457+0000] {processor.py:157} INFO - Started process (PID=2096) to work on /home/airflow/.local/lib/python3.7/site-packages/airflow/example_dags/example_python_operator.py
[2023-09-01T19:50:47.459+0000] {processor.py:826} INFO - Processing file /home/airflow/.local/lib/python3.7/site-packages/airflow/example_dags/example_python_operator.py for tasks to queue
[2023-09-01T19:50:47.461+0000] {logging_mixin.py:150} INFO - [2023-09-01T19:50:47.460+0000] {dagbag.py:541} INFO - Filling up the DagBag from /home/airflow/.local/lib/python3.7/site-packages/airflow/example_dags/example_python_operator.py
[2023-09-01T19:50:47.496+0000] {processor.py:836} INFO - DAG(s) dict_keys(['example_python_operator']) retrieved from /home/airflow/.local/lib/python3.7/site-packages/airflow/example_dags/example_python_operator.py
[2023-09-01T19:50:47.540+0000] {logging_mixin.py:150} INFO - [2023-09-01T19:50:47.539+0000] {dag.py:2742} INFO - Sync 1 DAGs
[2023-09-01T19:50:47.566+0000] {logging_mixin.py:150} INFO - [2023-09-01T19:50:47.566+0000] {dag.py:3508} INFO - Setting next_dagrun for example_python_operator to None, run_after=None
[2023-09-01T19:50:47.597+0000] {processor.py:179} INFO - Processing /home/airflow/.local/lib/python3.7/site-packages/airflow/example_dags/example_python_operator.py took 0.144 seconds
[2023-09-01T19:51:18.185+0000] {processor.py:157} INFO - Started process (PID=2150) to work on /home/airflow/.local/lib/python3.7/site-packages/airflow/example_dags/example_python_operator.py
[2023-09-01T19:51:18.186+0000] {processor.py:826} INFO - Processing file /home/airflow/.local/lib/python3.7/site-packages/airflow/example_dags/example_python_operator.py for tasks to queue
[2023-09-01T19:51:18.186+0000] {logging_mixin.py:150} INFO - [2023-09-01T19:51:18.186+0000] {dagbag.py:541} INFO - Filling up the DagBag from /home/airflow/.local/lib/python3.7/site-packages/airflow/example_dags/example_python_operator.py
[2023-09-01T19:51:18.195+0000] {processor.py:836} INFO - DAG(s) dict_keys(['example_python_operator']) retrieved from /home/airflow/.local/lib/python3.7/site-packages/airflow/example_dags/example_python_operator.py
[2023-09-01T19:51:18.227+0000] {logging_mixin.py:150} INFO - [2023-09-01T19:51:18.227+0000] {dag.py:2742} INFO - Sync 1 DAGs
[2023-09-01T19:51:18.251+0000] {logging_mixin.py:150} INFO - [2023-09-01T19:51:18.251+0000] {dag.py:3508} INFO - Setting next_dagrun for example_python_operator to None, run_after=None
[2023-09-01T19:51:18.268+0000] {processor.py:179} INFO - Processing /home/airflow/.local/lib/python3.7/site-packages/airflow/example_dags/example_python_operator.py took 0.087 seconds
[2023-09-01T19:51:49.222+0000] {processor.py:157} INFO - Started process (PID=2205) to work on /home/airflow/.local/lib/python3.7/site-packages/airflow/example_dags/example_python_operator.py
[2023-09-01T19:51:49.225+0000] {processor.py:826} INFO - Processing file /home/airflow/.local/lib/python3.7/site-packages/airflow/example_dags/example_python_operator.py for tasks to queue
[2023-09-01T19:51:49.226+0000] {logging_mixin.py:150} INFO - [2023-09-01T19:51:49.225+0000] {dagbag.py:541} INFO - Filling up the DagBag from /home/airflow/.local/lib/python3.7/site-packages/airflow/example_dags/example_python_operator.py
[2023-09-01T19:51:49.244+0000] {processor.py:836} INFO - DAG(s) dict_keys(['example_python_operator']) retrieved from /home/airflow/.local/lib/python3.7/site-packages/airflow/example_dags/example_python_operator.py
[2023-09-01T19:51:49.292+0000] {logging_mixin.py:150} INFO - [2023-09-01T19:51:49.292+0000] {dag.py:2742} INFO - Sync 1 DAGs
[2023-09-01T19:51:49.336+0000] {logging_mixin.py:150} INFO - [2023-09-01T19:51:49.336+0000] {dag.py:3508} INFO - Setting next_dagrun for example_python_operator to None, run_after=None
[2023-09-01T19:51:49.372+0000] {processor.py:179} INFO - Processing /home/airflow/.local/lib/python3.7/site-packages/airflow/example_dags/example_python_operator.py took 0.160 seconds
[2023-09-01T19:52:19.628+0000] {processor.py:157} INFO - Started process (PID=2259) to work on /home/airflow/.local/lib/python3.7/site-packages/airflow/example_dags/example_python_operator.py
[2023-09-01T19:52:19.635+0000] {processor.py:826} INFO - Processing file /home/airflow/.local/lib/python3.7/site-packages/airflow/example_dags/example_python_operator.py for tasks to queue
[2023-09-01T19:52:19.636+0000] {logging_mixin.py:150} INFO - [2023-09-01T19:52:19.635+0000] {dagbag.py:541} INFO - Filling up the DagBag from /home/airflow/.local/lib/python3.7/site-packages/airflow/example_dags/example_python_operator.py
[2023-09-01T19:52:19.658+0000] {processor.py:836} INFO - DAG(s) dict_keys(['example_python_operator']) retrieved from /home/airflow/.local/lib/python3.7/site-packages/airflow/example_dags/example_python_operator.py
[2023-09-01T19:52:19.717+0000] {logging_mixin.py:150} INFO - [2023-09-01T19:52:19.717+0000] {dag.py:2742} INFO - Sync 1 DAGs
[2023-09-01T19:52:19.781+0000] {logging_mixin.py:150} INFO - [2023-09-01T19:52:19.781+0000] {dag.py:3508} INFO - Setting next_dagrun for example_python_operator to None, run_after=None
[2023-09-01T19:52:19.834+0000] {processor.py:179} INFO - Processing /home/airflow/.local/lib/python3.7/site-packages/airflow/example_dags/example_python_operator.py took 0.210 seconds
[2023-09-01T19:52:50.266+0000] {processor.py:157} INFO - Started process (PID=2314) to work on /home/airflow/.local/lib/python3.7/site-packages/airflow/example_dags/example_python_operator.py
[2023-09-01T19:52:50.268+0000] {processor.py:826} INFO - Processing file /home/airflow/.local/lib/python3.7/site-packages/airflow/example_dags/example_python_operator.py for tasks to queue
[2023-09-01T19:52:50.268+0000] {logging_mixin.py:150} INFO - [2023-09-01T19:52:50.268+0000] {dagbag.py:541} INFO - Filling up the DagBag from /home/airflow/.local/lib/python3.7/site-packages/airflow/example_dags/example_python_operator.py
[2023-09-01T19:52:50.277+0000] {processor.py:836} INFO - DAG(s) dict_keys(['example_python_operator']) retrieved from /home/airflow/.local/lib/python3.7/site-packages/airflow/example_dags/example_python_operator.py
[2023-09-01T19:52:50.302+0000] {logging_mixin.py:150} INFO - [2023-09-01T19:52:50.302+0000] {dag.py:2742} INFO - Sync 1 DAGs
[2023-09-01T19:52:50.324+0000] {logging_mixin.py:150} INFO - [2023-09-01T19:52:50.323+0000] {dag.py:3508} INFO - Setting next_dagrun for example_python_operator to None, run_after=None
[2023-09-01T19:52:50.339+0000] {processor.py:179} INFO - Processing /home/airflow/.local/lib/python3.7/site-packages/airflow/example_dags/example_python_operator.py took 0.076 seconds
[2023-09-01T19:53:20.678+0000] {processor.py:157} INFO - Started process (PID=2369) to work on /home/airflow/.local/lib/python3.7/site-packages/airflow/example_dags/example_python_operator.py
[2023-09-01T19:53:20.679+0000] {processor.py:826} INFO - Processing file /home/airflow/.local/lib/python3.7/site-packages/airflow/example_dags/example_python_operator.py for tasks to queue
[2023-09-01T19:53:20.679+0000] {logging_mixin.py:150} INFO - [2023-09-01T19:53:20.679+0000] {dagbag.py:541} INFO - Filling up the DagBag from /home/airflow/.local/lib/python3.7/site-packages/airflow/example_dags/example_python_operator.py
[2023-09-01T19:53:20.689+0000] {processor.py:836} INFO - DAG(s) dict_keys(['example_python_operator']) retrieved from /home/airflow/.local/lib/python3.7/site-packages/airflow/example_dags/example_python_operator.py
[2023-09-01T19:53:20.719+0000] {logging_mixin.py:150} INFO - [2023-09-01T19:53:20.718+0000] {dag.py:2742} INFO - Sync 1 DAGs
[2023-09-01T19:53:20.744+0000] {logging_mixin.py:150} INFO - [2023-09-01T19:53:20.743+0000] {dag.py:3508} INFO - Setting next_dagrun for example_python_operator to None, run_after=None
[2023-09-01T19:53:20.835+0000] {processor.py:179} INFO - Processing /home/airflow/.local/lib/python3.7/site-packages/airflow/example_dags/example_python_operator.py took 0.161 seconds
[2023-09-01T19:53:51.402+0000] {processor.py:157} INFO - Started process (PID=2424) to work on /home/airflow/.local/lib/python3.7/site-packages/airflow/example_dags/example_python_operator.py
[2023-09-01T19:53:51.406+0000] {processor.py:826} INFO - Processing file /home/airflow/.local/lib/python3.7/site-packages/airflow/example_dags/example_python_operator.py for tasks to queue
[2023-09-01T19:53:51.409+0000] {logging_mixin.py:150} INFO - [2023-09-01T19:53:51.408+0000] {dagbag.py:541} INFO - Filling up the DagBag from /home/airflow/.local/lib/python3.7/site-packages/airflow/example_dags/example_python_operator.py
[2023-09-01T19:53:51.421+0000] {processor.py:836} INFO - DAG(s) dict_keys(['example_python_operator']) retrieved from /home/airflow/.local/lib/python3.7/site-packages/airflow/example_dags/example_python_operator.py
[2023-09-01T19:53:51.467+0000] {logging_mixin.py:150} INFO - [2023-09-01T19:53:51.466+0000] {dag.py:2742} INFO - Sync 1 DAGs
[2023-09-01T19:53:51.489+0000] {logging_mixin.py:150} INFO - [2023-09-01T19:53:51.488+0000] {dag.py:3508} INFO - Setting next_dagrun for example_python_operator to None, run_after=None
[2023-09-01T19:53:51.509+0000] {processor.py:179} INFO - Processing /home/airflow/.local/lib/python3.7/site-packages/airflow/example_dags/example_python_operator.py took 0.112 seconds
[2023-09-01T19:54:21.615+0000] {processor.py:157} INFO - Started process (PID=2479) to work on /home/airflow/.local/lib/python3.7/site-packages/airflow/example_dags/example_python_operator.py
[2023-09-01T19:54:21.616+0000] {processor.py:826} INFO - Processing file /home/airflow/.local/lib/python3.7/site-packages/airflow/example_dags/example_python_operator.py for tasks to queue
[2023-09-01T19:54:21.616+0000] {logging_mixin.py:150} INFO - [2023-09-01T19:54:21.616+0000] {dagbag.py:541} INFO - Filling up the DagBag from /home/airflow/.local/lib/python3.7/site-packages/airflow/example_dags/example_python_operator.py
[2023-09-01T19:54:21.626+0000] {processor.py:836} INFO - DAG(s) dict_keys(['example_python_operator']) retrieved from /home/airflow/.local/lib/python3.7/site-packages/airflow/example_dags/example_python_operator.py
[2023-09-01T19:54:21.655+0000] {logging_mixin.py:150} INFO - [2023-09-01T19:54:21.655+0000] {dag.py:2742} INFO - Sync 1 DAGs
[2023-09-01T19:54:21.687+0000] {logging_mixin.py:150} INFO - [2023-09-01T19:54:21.687+0000] {dag.py:3508} INFO - Setting next_dagrun for example_python_operator to None, run_after=None
[2023-09-01T19:54:21.705+0000] {processor.py:179} INFO - Processing /home/airflow/.local/lib/python3.7/site-packages/airflow/example_dags/example_python_operator.py took 0.092 seconds
[2023-09-01T19:54:51.732+0000] {processor.py:157} INFO - Started process (PID=2534) to work on /home/airflow/.local/lib/python3.7/site-packages/airflow/example_dags/example_python_operator.py
[2023-09-01T19:54:51.733+0000] {processor.py:826} INFO - Processing file /home/airflow/.local/lib/python3.7/site-packages/airflow/example_dags/example_python_operator.py for tasks to queue
[2023-09-01T19:54:51.734+0000] {logging_mixin.py:150} INFO - [2023-09-01T19:54:51.734+0000] {dagbag.py:541} INFO - Filling up the DagBag from /home/airflow/.local/lib/python3.7/site-packages/airflow/example_dags/example_python_operator.py
[2023-09-01T19:54:51.748+0000] {processor.py:836} INFO - DAG(s) dict_keys(['example_python_operator']) retrieved from /home/airflow/.local/lib/python3.7/site-packages/airflow/example_dags/example_python_operator.py
[2023-09-01T19:54:51.792+0000] {logging_mixin.py:150} INFO - [2023-09-01T19:54:51.792+0000] {dag.py:2742} INFO - Sync 1 DAGs
[2023-09-01T19:54:51.820+0000] {logging_mixin.py:150} INFO - [2023-09-01T19:54:51.820+0000] {dag.py:3508} INFO - Setting next_dagrun for example_python_operator to None, run_after=None
[2023-09-01T19:54:51.840+0000] {processor.py:179} INFO - Processing /home/airflow/.local/lib/python3.7/site-packages/airflow/example_dags/example_python_operator.py took 0.111 seconds
