[2023-09-01T19:31:56.121+0000] {processor.py:157} INFO - Started process (PID=65) to work on /home/airflow/.local/lib/python3.7/site-packages/airflow/example_dags/example_sensor_decorator.py
[2023-09-01T19:31:56.121+0000] {processor.py:826} INFO - Processing file /home/airflow/.local/lib/python3.7/site-packages/airflow/example_dags/example_sensor_decorator.py for tasks to queue
[2023-09-01T19:31:56.122+0000] {logging_mixin.py:150} INFO - [2023-09-01T19:31:56.122+0000] {dagbag.py:541} INFO - Filling up the DagBag from /home/airflow/.local/lib/python3.7/site-packages/airflow/example_dags/example_sensor_decorator.py
[2023-09-01T19:31:56.137+0000] {processor.py:836} INFO - DAG(s) dict_keys(['example_sensor_decorator']) retrieved from /home/airflow/.local/lib/python3.7/site-packages/airflow/example_dags/example_sensor_decorator.py
[2023-09-01T19:31:56.421+0000] {logging_mixin.py:150} INFO - [2023-09-01T19:31:56.420+0000] {dag.py:2742} INFO - Sync 1 DAGs
[2023-09-01T19:31:56.520+0000] {logging_mixin.py:150} INFO - [2023-09-01T19:31:56.520+0000] {dag.py:3508} INFO - Setting next_dagrun for example_sensor_decorator to None, run_after=None
[2023-09-01T19:31:56.569+0000] {processor.py:179} INFO - Processing /home/airflow/.local/lib/python3.7/site-packages/airflow/example_dags/example_sensor_decorator.py took 0.455 seconds
[2023-09-01T19:32:27.118+0000] {processor.py:157} INFO - Started process (PID=121) to work on /home/airflow/.local/lib/python3.7/site-packages/airflow/example_dags/example_sensor_decorator.py
[2023-09-01T19:32:27.120+0000] {processor.py:826} INFO - Processing file /home/airflow/.local/lib/python3.7/site-packages/airflow/example_dags/example_sensor_decorator.py for tasks to queue
[2023-09-01T19:32:27.120+0000] {logging_mixin.py:150} INFO - [2023-09-01T19:32:27.120+0000] {dagbag.py:541} INFO - Filling up the DagBag from /home/airflow/.local/lib/python3.7/site-packages/airflow/example_dags/example_sensor_decorator.py
[2023-09-01T19:32:27.126+0000] {processor.py:836} INFO - DAG(s) dict_keys(['example_sensor_decorator']) retrieved from /home/airflow/.local/lib/python3.7/site-packages/airflow/example_dags/example_sensor_decorator.py
[2023-09-01T19:32:27.146+0000] {logging_mixin.py:150} INFO - [2023-09-01T19:32:27.146+0000] {dag.py:2742} INFO - Sync 1 DAGs
[2023-09-01T19:32:27.167+0000] {logging_mixin.py:150} INFO - [2023-09-01T19:32:27.167+0000] {dag.py:3508} INFO - Setting next_dagrun for example_sensor_decorator to None, run_after=None
[2023-09-01T19:32:27.182+0000] {processor.py:179} INFO - Processing /home/airflow/.local/lib/python3.7/site-packages/airflow/example_dags/example_sensor_decorator.py took 0.067 seconds
[2023-09-01T19:32:58.088+0000] {processor.py:157} INFO - Started process (PID=176) to work on /home/airflow/.local/lib/python3.7/site-packages/airflow/example_dags/example_sensor_decorator.py
[2023-09-01T19:32:58.089+0000] {processor.py:826} INFO - Processing file /home/airflow/.local/lib/python3.7/site-packages/airflow/example_dags/example_sensor_decorator.py for tasks to queue
[2023-09-01T19:32:58.089+0000] {logging_mixin.py:150} INFO - [2023-09-01T19:32:58.089+0000] {dagbag.py:541} INFO - Filling up the DagBag from /home/airflow/.local/lib/python3.7/site-packages/airflow/example_dags/example_sensor_decorator.py
[2023-09-01T19:32:58.094+0000] {processor.py:836} INFO - DAG(s) dict_keys(['example_sensor_decorator']) retrieved from /home/airflow/.local/lib/python3.7/site-packages/airflow/example_dags/example_sensor_decorator.py
[2023-09-01T19:32:58.115+0000] {logging_mixin.py:150} INFO - [2023-09-01T19:32:58.115+0000] {dag.py:2742} INFO - Sync 1 DAGs
[2023-09-01T19:32:58.135+0000] {logging_mixin.py:150} INFO - [2023-09-01T19:32:58.135+0000] {dag.py:3508} INFO - Setting next_dagrun for example_sensor_decorator to None, run_after=None
[2023-09-01T19:32:58.150+0000] {processor.py:179} INFO - Processing /home/airflow/.local/lib/python3.7/site-packages/airflow/example_dags/example_sensor_decorator.py took 0.065 seconds
[2023-09-01T19:33:28.398+0000] {processor.py:157} INFO - Started process (PID=231) to work on /home/airflow/.local/lib/python3.7/site-packages/airflow/example_dags/example_sensor_decorator.py
[2023-09-01T19:33:28.399+0000] {processor.py:826} INFO - Processing file /home/airflow/.local/lib/python3.7/site-packages/airflow/example_dags/example_sensor_decorator.py for tasks to queue
[2023-09-01T19:33:28.400+0000] {logging_mixin.py:150} INFO - [2023-09-01T19:33:28.399+0000] {dagbag.py:541} INFO - Filling up the DagBag from /home/airflow/.local/lib/python3.7/site-packages/airflow/example_dags/example_sensor_decorator.py
[2023-09-01T19:33:28.405+0000] {processor.py:836} INFO - DAG(s) dict_keys(['example_sensor_decorator']) retrieved from /home/airflow/.local/lib/python3.7/site-packages/airflow/example_dags/example_sensor_decorator.py
[2023-09-01T19:33:28.424+0000] {logging_mixin.py:150} INFO - [2023-09-01T19:33:28.424+0000] {dag.py:2742} INFO - Sync 1 DAGs
[2023-09-01T19:33:28.443+0000] {logging_mixin.py:150} INFO - [2023-09-01T19:33:28.443+0000] {dag.py:3508} INFO - Setting next_dagrun for example_sensor_decorator to None, run_after=None
[2023-09-01T19:33:28.458+0000] {processor.py:179} INFO - Processing /home/airflow/.local/lib/python3.7/site-packages/airflow/example_dags/example_sensor_decorator.py took 0.062 seconds
[2023-09-01T19:33:58.876+0000] {processor.py:157} INFO - Started process (PID=293) to work on /home/airflow/.local/lib/python3.7/site-packages/airflow/example_dags/example_sensor_decorator.py
[2023-09-01T19:33:58.877+0000] {processor.py:826} INFO - Processing file /home/airflow/.local/lib/python3.7/site-packages/airflow/example_dags/example_sensor_decorator.py for tasks to queue
[2023-09-01T19:33:58.878+0000] {logging_mixin.py:150} INFO - [2023-09-01T19:33:58.878+0000] {dagbag.py:541} INFO - Filling up the DagBag from /home/airflow/.local/lib/python3.7/site-packages/airflow/example_dags/example_sensor_decorator.py
[2023-09-01T19:33:58.883+0000] {processor.py:836} INFO - DAG(s) dict_keys(['example_sensor_decorator']) retrieved from /home/airflow/.local/lib/python3.7/site-packages/airflow/example_dags/example_sensor_decorator.py
[2023-09-01T19:33:58.904+0000] {logging_mixin.py:150} INFO - [2023-09-01T19:33:58.904+0000] {dag.py:2742} INFO - Sync 1 DAGs
[2023-09-01T19:33:58.929+0000] {logging_mixin.py:150} INFO - [2023-09-01T19:33:58.929+0000] {dag.py:3508} INFO - Setting next_dagrun for example_sensor_decorator to None, run_after=None
[2023-09-01T19:33:58.949+0000] {processor.py:179} INFO - Processing /home/airflow/.local/lib/python3.7/site-packages/airflow/example_dags/example_sensor_decorator.py took 0.076 seconds
[2023-09-01T19:34:29.162+0000] {processor.py:157} INFO - Started process (PID=348) to work on /home/airflow/.local/lib/python3.7/site-packages/airflow/example_dags/example_sensor_decorator.py
[2023-09-01T19:34:29.163+0000] {processor.py:826} INFO - Processing file /home/airflow/.local/lib/python3.7/site-packages/airflow/example_dags/example_sensor_decorator.py for tasks to queue
[2023-09-01T19:34:29.164+0000] {logging_mixin.py:150} INFO - [2023-09-01T19:34:29.163+0000] {dagbag.py:541} INFO - Filling up the DagBag from /home/airflow/.local/lib/python3.7/site-packages/airflow/example_dags/example_sensor_decorator.py
[2023-09-01T19:34:29.169+0000] {processor.py:836} INFO - DAG(s) dict_keys(['example_sensor_decorator']) retrieved from /home/airflow/.local/lib/python3.7/site-packages/airflow/example_dags/example_sensor_decorator.py
[2023-09-01T19:34:29.188+0000] {logging_mixin.py:150} INFO - [2023-09-01T19:34:29.188+0000] {dag.py:2742} INFO - Sync 1 DAGs
[2023-09-01T19:34:29.209+0000] {logging_mixin.py:150} INFO - [2023-09-01T19:34:29.209+0000] {dag.py:3508} INFO - Setting next_dagrun for example_sensor_decorator to None, run_after=None
[2023-09-01T19:34:29.225+0000] {processor.py:179} INFO - Processing /home/airflow/.local/lib/python3.7/site-packages/airflow/example_dags/example_sensor_decorator.py took 0.066 seconds
[2023-09-01T19:34:59.504+0000] {processor.py:157} INFO - Started process (PID=403) to work on /home/airflow/.local/lib/python3.7/site-packages/airflow/example_dags/example_sensor_decorator.py
[2023-09-01T19:34:59.505+0000] {processor.py:826} INFO - Processing file /home/airflow/.local/lib/python3.7/site-packages/airflow/example_dags/example_sensor_decorator.py for tasks to queue
[2023-09-01T19:34:59.506+0000] {logging_mixin.py:150} INFO - [2023-09-01T19:34:59.506+0000] {dagbag.py:541} INFO - Filling up the DagBag from /home/airflow/.local/lib/python3.7/site-packages/airflow/example_dags/example_sensor_decorator.py
[2023-09-01T19:34:59.511+0000] {processor.py:836} INFO - DAG(s) dict_keys(['example_sensor_decorator']) retrieved from /home/airflow/.local/lib/python3.7/site-packages/airflow/example_dags/example_sensor_decorator.py
[2023-09-01T19:34:59.533+0000] {logging_mixin.py:150} INFO - [2023-09-01T19:34:59.533+0000] {dag.py:2742} INFO - Sync 1 DAGs
[2023-09-01T19:34:59.553+0000] {logging_mixin.py:150} INFO - [2023-09-01T19:34:59.553+0000] {dag.py:3508} INFO - Setting next_dagrun for example_sensor_decorator to None, run_after=None
[2023-09-01T19:34:59.569+0000] {processor.py:179} INFO - Processing /home/airflow/.local/lib/python3.7/site-packages/airflow/example_dags/example_sensor_decorator.py took 0.068 seconds
[2023-09-01T19:35:29.767+0000] {processor.py:157} INFO - Started process (PID=458) to work on /home/airflow/.local/lib/python3.7/site-packages/airflow/example_dags/example_sensor_decorator.py
[2023-09-01T19:35:29.768+0000] {processor.py:826} INFO - Processing file /home/airflow/.local/lib/python3.7/site-packages/airflow/example_dags/example_sensor_decorator.py for tasks to queue
[2023-09-01T19:35:29.768+0000] {logging_mixin.py:150} INFO - [2023-09-01T19:35:29.768+0000] {dagbag.py:541} INFO - Filling up the DagBag from /home/airflow/.local/lib/python3.7/site-packages/airflow/example_dags/example_sensor_decorator.py
[2023-09-01T19:35:29.774+0000] {processor.py:836} INFO - DAG(s) dict_keys(['example_sensor_decorator']) retrieved from /home/airflow/.local/lib/python3.7/site-packages/airflow/example_dags/example_sensor_decorator.py
[2023-09-01T19:35:29.798+0000] {logging_mixin.py:150} INFO - [2023-09-01T19:35:29.798+0000] {dag.py:2742} INFO - Sync 1 DAGs
[2023-09-01T19:35:29.826+0000] {logging_mixin.py:150} INFO - [2023-09-01T19:35:29.826+0000] {dag.py:3508} INFO - Setting next_dagrun for example_sensor_decorator to None, run_after=None
[2023-09-01T19:35:29.844+0000] {processor.py:179} INFO - Processing /home/airflow/.local/lib/python3.7/site-packages/airflow/example_dags/example_sensor_decorator.py took 0.080 seconds
[2023-09-01T19:36:02.375+0000] {processor.py:157} INFO - Started process (PID=513) to work on /home/airflow/.local/lib/python3.7/site-packages/airflow/example_dags/example_sensor_decorator.py
[2023-09-01T19:36:02.383+0000] {processor.py:826} INFO - Processing file /home/airflow/.local/lib/python3.7/site-packages/airflow/example_dags/example_sensor_decorator.py for tasks to queue
[2023-09-01T19:36:02.384+0000] {logging_mixin.py:150} INFO - [2023-09-01T19:36:02.384+0000] {dagbag.py:541} INFO - Filling up the DagBag from /home/airflow/.local/lib/python3.7/site-packages/airflow/example_dags/example_sensor_decorator.py
[2023-09-01T19:36:02.393+0000] {processor.py:836} INFO - DAG(s) dict_keys(['example_sensor_decorator']) retrieved from /home/airflow/.local/lib/python3.7/site-packages/airflow/example_dags/example_sensor_decorator.py
[2023-09-01T19:36:02.463+0000] {logging_mixin.py:150} INFO - [2023-09-01T19:36:02.463+0000] {dag.py:2742} INFO - Sync 1 DAGs
[2023-09-01T19:36:02.520+0000] {logging_mixin.py:150} INFO - [2023-09-01T19:36:02.520+0000] {dag.py:3508} INFO - Setting next_dagrun for example_sensor_decorator to None, run_after=None
[2023-09-01T19:36:02.571+0000] {processor.py:179} INFO - Processing /home/airflow/.local/lib/python3.7/site-packages/airflow/example_dags/example_sensor_decorator.py took 0.205 seconds
[2023-09-01T19:36:32.735+0000] {processor.py:157} INFO - Started process (PID=568) to work on /home/airflow/.local/lib/python3.7/site-packages/airflow/example_dags/example_sensor_decorator.py
[2023-09-01T19:36:32.736+0000] {processor.py:826} INFO - Processing file /home/airflow/.local/lib/python3.7/site-packages/airflow/example_dags/example_sensor_decorator.py for tasks to queue
[2023-09-01T19:36:32.736+0000] {logging_mixin.py:150} INFO - [2023-09-01T19:36:32.736+0000] {dagbag.py:541} INFO - Filling up the DagBag from /home/airflow/.local/lib/python3.7/site-packages/airflow/example_dags/example_sensor_decorator.py
[2023-09-01T19:36:32.742+0000] {processor.py:836} INFO - DAG(s) dict_keys(['example_sensor_decorator']) retrieved from /home/airflow/.local/lib/python3.7/site-packages/airflow/example_dags/example_sensor_decorator.py
[2023-09-01T19:36:32.763+0000] {logging_mixin.py:150} INFO - [2023-09-01T19:36:32.763+0000] {dag.py:2742} INFO - Sync 1 DAGs
[2023-09-01T19:36:32.785+0000] {logging_mixin.py:150} INFO - [2023-09-01T19:36:32.785+0000] {dag.py:3508} INFO - Setting next_dagrun for example_sensor_decorator to None, run_after=None
[2023-09-01T19:36:32.801+0000] {processor.py:179} INFO - Processing /home/airflow/.local/lib/python3.7/site-packages/airflow/example_dags/example_sensor_decorator.py took 0.069 seconds
[2023-09-01T19:37:04.137+0000] {processor.py:157} INFO - Started process (PID=623) to work on /home/airflow/.local/lib/python3.7/site-packages/airflow/example_dags/example_sensor_decorator.py
[2023-09-01T19:37:04.139+0000] {processor.py:826} INFO - Processing file /home/airflow/.local/lib/python3.7/site-packages/airflow/example_dags/example_sensor_decorator.py for tasks to queue
[2023-09-01T19:37:04.140+0000] {logging_mixin.py:150} INFO - [2023-09-01T19:37:04.139+0000] {dagbag.py:541} INFO - Filling up the DagBag from /home/airflow/.local/lib/python3.7/site-packages/airflow/example_dags/example_sensor_decorator.py
[2023-09-01T19:37:04.146+0000] {processor.py:836} INFO - DAG(s) dict_keys(['example_sensor_decorator']) retrieved from /home/airflow/.local/lib/python3.7/site-packages/airflow/example_dags/example_sensor_decorator.py
[2023-09-01T19:37:04.203+0000] {logging_mixin.py:150} INFO - [2023-09-01T19:37:04.203+0000] {dag.py:2742} INFO - Sync 1 DAGs
[2023-09-01T19:37:04.320+0000] {logging_mixin.py:150} INFO - [2023-09-01T19:37:04.319+0000] {dag.py:3508} INFO - Setting next_dagrun for example_sensor_decorator to None, run_after=None
[2023-09-01T19:37:04.372+0000] {processor.py:179} INFO - Processing /home/airflow/.local/lib/python3.7/site-packages/airflow/example_dags/example_sensor_decorator.py took 0.239 seconds
[2023-09-01T19:37:34.759+0000] {processor.py:157} INFO - Started process (PID=678) to work on /home/airflow/.local/lib/python3.7/site-packages/airflow/example_dags/example_sensor_decorator.py
[2023-09-01T19:37:34.760+0000] {processor.py:826} INFO - Processing file /home/airflow/.local/lib/python3.7/site-packages/airflow/example_dags/example_sensor_decorator.py for tasks to queue
[2023-09-01T19:37:34.761+0000] {logging_mixin.py:150} INFO - [2023-09-01T19:37:34.760+0000] {dagbag.py:541} INFO - Filling up the DagBag from /home/airflow/.local/lib/python3.7/site-packages/airflow/example_dags/example_sensor_decorator.py
[2023-09-01T19:37:34.766+0000] {processor.py:836} INFO - DAG(s) dict_keys(['example_sensor_decorator']) retrieved from /home/airflow/.local/lib/python3.7/site-packages/airflow/example_dags/example_sensor_decorator.py
[2023-09-01T19:37:34.792+0000] {logging_mixin.py:150} INFO - [2023-09-01T19:37:34.792+0000] {dag.py:2742} INFO - Sync 1 DAGs
[2023-09-01T19:37:34.814+0000] {logging_mixin.py:150} INFO - [2023-09-01T19:37:34.814+0000] {dag.py:3508} INFO - Setting next_dagrun for example_sensor_decorator to None, run_after=None
[2023-09-01T19:37:34.830+0000] {processor.py:179} INFO - Processing /home/airflow/.local/lib/python3.7/site-packages/airflow/example_dags/example_sensor_decorator.py took 0.074 seconds
[2023-09-01T19:38:05.253+0000] {processor.py:157} INFO - Started process (PID=733) to work on /home/airflow/.local/lib/python3.7/site-packages/airflow/example_dags/example_sensor_decorator.py
[2023-09-01T19:38:05.261+0000] {processor.py:826} INFO - Processing file /home/airflow/.local/lib/python3.7/site-packages/airflow/example_dags/example_sensor_decorator.py for tasks to queue
[2023-09-01T19:38:05.263+0000] {logging_mixin.py:150} INFO - [2023-09-01T19:38:05.262+0000] {dagbag.py:541} INFO - Filling up the DagBag from /home/airflow/.local/lib/python3.7/site-packages/airflow/example_dags/example_sensor_decorator.py
[2023-09-01T19:38:05.277+0000] {processor.py:836} INFO - DAG(s) dict_keys(['example_sensor_decorator']) retrieved from /home/airflow/.local/lib/python3.7/site-packages/airflow/example_dags/example_sensor_decorator.py
[2023-09-01T19:38:05.317+0000] {logging_mixin.py:150} INFO - [2023-09-01T19:38:05.317+0000] {dag.py:2742} INFO - Sync 1 DAGs
[2023-09-01T19:38:05.369+0000] {logging_mixin.py:150} INFO - [2023-09-01T19:38:05.368+0000] {dag.py:3508} INFO - Setting next_dagrun for example_sensor_decorator to None, run_after=None
[2023-09-01T19:38:05.444+0000] {processor.py:179} INFO - Processing /home/airflow/.local/lib/python3.7/site-packages/airflow/example_dags/example_sensor_decorator.py took 0.202 seconds
[2023-09-01T19:38:35.606+0000] {processor.py:157} INFO - Started process (PID=788) to work on /home/airflow/.local/lib/python3.7/site-packages/airflow/example_dags/example_sensor_decorator.py
[2023-09-01T19:38:35.607+0000] {processor.py:826} INFO - Processing file /home/airflow/.local/lib/python3.7/site-packages/airflow/example_dags/example_sensor_decorator.py for tasks to queue
[2023-09-01T19:38:35.608+0000] {logging_mixin.py:150} INFO - [2023-09-01T19:38:35.607+0000] {dagbag.py:541} INFO - Filling up the DagBag from /home/airflow/.local/lib/python3.7/site-packages/airflow/example_dags/example_sensor_decorator.py
[2023-09-01T19:38:35.614+0000] {processor.py:836} INFO - DAG(s) dict_keys(['example_sensor_decorator']) retrieved from /home/airflow/.local/lib/python3.7/site-packages/airflow/example_dags/example_sensor_decorator.py
[2023-09-01T19:38:35.639+0000] {logging_mixin.py:150} INFO - [2023-09-01T19:38:35.639+0000] {dag.py:2742} INFO - Sync 1 DAGs
[2023-09-01T19:38:35.664+0000] {logging_mixin.py:150} INFO - [2023-09-01T19:38:35.664+0000] {dag.py:3508} INFO - Setting next_dagrun for example_sensor_decorator to None, run_after=None
[2023-09-01T19:38:35.686+0000] {processor.py:179} INFO - Processing /home/airflow/.local/lib/python3.7/site-packages/airflow/example_dags/example_sensor_decorator.py took 0.084 seconds
[2023-09-01T19:39:06.143+0000] {processor.py:157} INFO - Started process (PID=842) to work on /home/airflow/.local/lib/python3.7/site-packages/airflow/example_dags/example_sensor_decorator.py
[2023-09-01T19:39:06.155+0000] {processor.py:826} INFO - Processing file /home/airflow/.local/lib/python3.7/site-packages/airflow/example_dags/example_sensor_decorator.py for tasks to queue
[2023-09-01T19:39:06.156+0000] {logging_mixin.py:150} INFO - [2023-09-01T19:39:06.156+0000] {dagbag.py:541} INFO - Filling up the DagBag from /home/airflow/.local/lib/python3.7/site-packages/airflow/example_dags/example_sensor_decorator.py
[2023-09-01T19:39:06.162+0000] {processor.py:836} INFO - DAG(s) dict_keys(['example_sensor_decorator']) retrieved from /home/airflow/.local/lib/python3.7/site-packages/airflow/example_dags/example_sensor_decorator.py
[2023-09-01T19:39:06.211+0000] {logging_mixin.py:150} INFO - [2023-09-01T19:39:06.211+0000] {dag.py:2742} INFO - Sync 1 DAGs
[2023-09-01T19:39:06.256+0000] {logging_mixin.py:150} INFO - [2023-09-01T19:39:06.256+0000] {dag.py:3508} INFO - Setting next_dagrun for example_sensor_decorator to None, run_after=None
[2023-09-01T19:39:06.287+0000] {processor.py:179} INFO - Processing /home/airflow/.local/lib/python3.7/site-packages/airflow/example_dags/example_sensor_decorator.py took 0.148 seconds
[2023-09-01T19:39:37.243+0000] {processor.py:157} INFO - Started process (PID=897) to work on /home/airflow/.local/lib/python3.7/site-packages/airflow/example_dags/example_sensor_decorator.py
[2023-09-01T19:39:37.244+0000] {processor.py:826} INFO - Processing file /home/airflow/.local/lib/python3.7/site-packages/airflow/example_dags/example_sensor_decorator.py for tasks to queue
[2023-09-01T19:39:37.244+0000] {logging_mixin.py:150} INFO - [2023-09-01T19:39:37.244+0000] {dagbag.py:541} INFO - Filling up the DagBag from /home/airflow/.local/lib/python3.7/site-packages/airflow/example_dags/example_sensor_decorator.py
[2023-09-01T19:39:37.250+0000] {processor.py:836} INFO - DAG(s) dict_keys(['example_sensor_decorator']) retrieved from /home/airflow/.local/lib/python3.7/site-packages/airflow/example_dags/example_sensor_decorator.py
[2023-09-01T19:39:37.273+0000] {logging_mixin.py:150} INFO - [2023-09-01T19:39:37.272+0000] {dag.py:2742} INFO - Sync 1 DAGs
[2023-09-01T19:39:37.295+0000] {logging_mixin.py:150} INFO - [2023-09-01T19:39:37.294+0000] {dag.py:3508} INFO - Setting next_dagrun for example_sensor_decorator to None, run_after=None
[2023-09-01T19:39:37.315+0000] {processor.py:179} INFO - Processing /home/airflow/.local/lib/python3.7/site-packages/airflow/example_dags/example_sensor_decorator.py took 0.075 seconds
[2023-09-01T19:40:07.576+0000] {processor.py:157} INFO - Started process (PID=951) to work on /home/airflow/.local/lib/python3.7/site-packages/airflow/example_dags/example_sensor_decorator.py
[2023-09-01T19:40:07.577+0000] {processor.py:826} INFO - Processing file /home/airflow/.local/lib/python3.7/site-packages/airflow/example_dags/example_sensor_decorator.py for tasks to queue
[2023-09-01T19:40:07.578+0000] {logging_mixin.py:150} INFO - [2023-09-01T19:40:07.577+0000] {dagbag.py:541} INFO - Filling up the DagBag from /home/airflow/.local/lib/python3.7/site-packages/airflow/example_dags/example_sensor_decorator.py
[2023-09-01T19:40:07.583+0000] {processor.py:836} INFO - DAG(s) dict_keys(['example_sensor_decorator']) retrieved from /home/airflow/.local/lib/python3.7/site-packages/airflow/example_dags/example_sensor_decorator.py
[2023-09-01T19:40:07.607+0000] {logging_mixin.py:150} INFO - [2023-09-01T19:40:07.607+0000] {dag.py:2742} INFO - Sync 1 DAGs
[2023-09-01T19:40:07.640+0000] {logging_mixin.py:150} INFO - [2023-09-01T19:40:07.639+0000] {dag.py:3508} INFO - Setting next_dagrun for example_sensor_decorator to None, run_after=None
[2023-09-01T19:40:07.659+0000] {processor.py:179} INFO - Processing /home/airflow/.local/lib/python3.7/site-packages/airflow/example_dags/example_sensor_decorator.py took 0.086 seconds
[2023-09-01T19:40:37.834+0000] {processor.py:157} INFO - Started process (PID=1005) to work on /home/airflow/.local/lib/python3.7/site-packages/airflow/example_dags/example_sensor_decorator.py
[2023-09-01T19:40:37.837+0000] {processor.py:826} INFO - Processing file /home/airflow/.local/lib/python3.7/site-packages/airflow/example_dags/example_sensor_decorator.py for tasks to queue
[2023-09-01T19:40:37.839+0000] {logging_mixin.py:150} INFO - [2023-09-01T19:40:37.838+0000] {dagbag.py:541} INFO - Filling up the DagBag from /home/airflow/.local/lib/python3.7/site-packages/airflow/example_dags/example_sensor_decorator.py
[2023-09-01T19:40:37.845+0000] {processor.py:836} INFO - DAG(s) dict_keys(['example_sensor_decorator']) retrieved from /home/airflow/.local/lib/python3.7/site-packages/airflow/example_dags/example_sensor_decorator.py
[2023-09-01T19:40:37.876+0000] {logging_mixin.py:150} INFO - [2023-09-01T19:40:37.875+0000] {dag.py:2742} INFO - Sync 1 DAGs
[2023-09-01T19:40:37.901+0000] {logging_mixin.py:150} INFO - [2023-09-01T19:40:37.900+0000] {dag.py:3508} INFO - Setting next_dagrun for example_sensor_decorator to None, run_after=None
[2023-09-01T19:40:37.922+0000] {processor.py:179} INFO - Processing /home/airflow/.local/lib/python3.7/site-packages/airflow/example_dags/example_sensor_decorator.py took 0.092 seconds
[2023-09-01T19:41:08.280+0000] {processor.py:157} INFO - Started process (PID=1061) to work on /home/airflow/.local/lib/python3.7/site-packages/airflow/example_dags/example_sensor_decorator.py
[2023-09-01T19:41:08.281+0000] {processor.py:826} INFO - Processing file /home/airflow/.local/lib/python3.7/site-packages/airflow/example_dags/example_sensor_decorator.py for tasks to queue
[2023-09-01T19:41:08.281+0000] {logging_mixin.py:150} INFO - [2023-09-01T19:41:08.281+0000] {dagbag.py:541} INFO - Filling up the DagBag from /home/airflow/.local/lib/python3.7/site-packages/airflow/example_dags/example_sensor_decorator.py
[2023-09-01T19:41:08.291+0000] {processor.py:836} INFO - DAG(s) dict_keys(['example_sensor_decorator']) retrieved from /home/airflow/.local/lib/python3.7/site-packages/airflow/example_dags/example_sensor_decorator.py
[2023-09-01T19:41:08.330+0000] {logging_mixin.py:150} INFO - [2023-09-01T19:41:08.329+0000] {dag.py:2742} INFO - Sync 1 DAGs
[2023-09-01T19:41:08.375+0000] {logging_mixin.py:150} INFO - [2023-09-01T19:41:08.375+0000] {dag.py:3508} INFO - Setting next_dagrun for example_sensor_decorator to None, run_after=None
[2023-09-01T19:41:08.405+0000] {processor.py:179} INFO - Processing /home/airflow/.local/lib/python3.7/site-packages/airflow/example_dags/example_sensor_decorator.py took 0.136 seconds
[2023-09-01T19:41:38.543+0000] {processor.py:157} INFO - Started process (PID=1116) to work on /home/airflow/.local/lib/python3.7/site-packages/airflow/example_dags/example_sensor_decorator.py
[2023-09-01T19:41:38.544+0000] {processor.py:826} INFO - Processing file /home/airflow/.local/lib/python3.7/site-packages/airflow/example_dags/example_sensor_decorator.py for tasks to queue
[2023-09-01T19:41:38.545+0000] {logging_mixin.py:150} INFO - [2023-09-01T19:41:38.545+0000] {dagbag.py:541} INFO - Filling up the DagBag from /home/airflow/.local/lib/python3.7/site-packages/airflow/example_dags/example_sensor_decorator.py
[2023-09-01T19:41:38.555+0000] {processor.py:836} INFO - DAG(s) dict_keys(['example_sensor_decorator']) retrieved from /home/airflow/.local/lib/python3.7/site-packages/airflow/example_dags/example_sensor_decorator.py
[2023-09-01T19:41:38.579+0000] {logging_mixin.py:150} INFO - [2023-09-01T19:41:38.579+0000] {dag.py:2742} INFO - Sync 1 DAGs
[2023-09-01T19:41:38.611+0000] {logging_mixin.py:150} INFO - [2023-09-01T19:41:38.610+0000] {dag.py:3508} INFO - Setting next_dagrun for example_sensor_decorator to None, run_after=None
[2023-09-01T19:41:38.629+0000] {processor.py:179} INFO - Processing /home/airflow/.local/lib/python3.7/site-packages/airflow/example_dags/example_sensor_decorator.py took 0.090 seconds
[2023-09-01T19:42:08.856+0000] {processor.py:157} INFO - Started process (PID=1170) to work on /home/airflow/.local/lib/python3.7/site-packages/airflow/example_dags/example_sensor_decorator.py
[2023-09-01T19:42:08.857+0000] {processor.py:826} INFO - Processing file /home/airflow/.local/lib/python3.7/site-packages/airflow/example_dags/example_sensor_decorator.py for tasks to queue
[2023-09-01T19:42:08.857+0000] {logging_mixin.py:150} INFO - [2023-09-01T19:42:08.857+0000] {dagbag.py:541} INFO - Filling up the DagBag from /home/airflow/.local/lib/python3.7/site-packages/airflow/example_dags/example_sensor_decorator.py
[2023-09-01T19:42:08.863+0000] {processor.py:836} INFO - DAG(s) dict_keys(['example_sensor_decorator']) retrieved from /home/airflow/.local/lib/python3.7/site-packages/airflow/example_dags/example_sensor_decorator.py
[2023-09-01T19:42:08.891+0000] {logging_mixin.py:150} INFO - [2023-09-01T19:42:08.891+0000] {dag.py:2742} INFO - Sync 1 DAGs
[2023-09-01T19:42:08.919+0000] {logging_mixin.py:150} INFO - [2023-09-01T19:42:08.919+0000] {dag.py:3508} INFO - Setting next_dagrun for example_sensor_decorator to None, run_after=None
[2023-09-01T19:42:08.939+0000] {processor.py:179} INFO - Processing /home/airflow/.local/lib/python3.7/site-packages/airflow/example_dags/example_sensor_decorator.py took 0.086 seconds
[2023-09-01T19:42:39.556+0000] {processor.py:157} INFO - Started process (PID=1225) to work on /home/airflow/.local/lib/python3.7/site-packages/airflow/example_dags/example_sensor_decorator.py
[2023-09-01T19:42:39.558+0000] {processor.py:826} INFO - Processing file /home/airflow/.local/lib/python3.7/site-packages/airflow/example_dags/example_sensor_decorator.py for tasks to queue
[2023-09-01T19:42:39.558+0000] {logging_mixin.py:150} INFO - [2023-09-01T19:42:39.558+0000] {dagbag.py:541} INFO - Filling up the DagBag from /home/airflow/.local/lib/python3.7/site-packages/airflow/example_dags/example_sensor_decorator.py
[2023-09-01T19:42:39.564+0000] {processor.py:836} INFO - DAG(s) dict_keys(['example_sensor_decorator']) retrieved from /home/airflow/.local/lib/python3.7/site-packages/airflow/example_dags/example_sensor_decorator.py
[2023-09-01T19:42:39.603+0000] {logging_mixin.py:150} INFO - [2023-09-01T19:42:39.603+0000] {dag.py:2742} INFO - Sync 1 DAGs
[2023-09-01T19:42:39.640+0000] {logging_mixin.py:150} INFO - [2023-09-01T19:42:39.640+0000] {dag.py:3508} INFO - Setting next_dagrun for example_sensor_decorator to None, run_after=None
[2023-09-01T19:42:39.661+0000] {processor.py:179} INFO - Processing /home/airflow/.local/lib/python3.7/site-packages/airflow/example_dags/example_sensor_decorator.py took 0.109 seconds
[2023-09-01T19:43:10.541+0000] {processor.py:157} INFO - Started process (PID=1280) to work on /home/airflow/.local/lib/python3.7/site-packages/airflow/example_dags/example_sensor_decorator.py
[2023-09-01T19:43:10.542+0000] {processor.py:826} INFO - Processing file /home/airflow/.local/lib/python3.7/site-packages/airflow/example_dags/example_sensor_decorator.py for tasks to queue
[2023-09-01T19:43:10.543+0000] {logging_mixin.py:150} INFO - [2023-09-01T19:43:10.543+0000] {dagbag.py:541} INFO - Filling up the DagBag from /home/airflow/.local/lib/python3.7/site-packages/airflow/example_dags/example_sensor_decorator.py
[2023-09-01T19:43:10.548+0000] {processor.py:836} INFO - DAG(s) dict_keys(['example_sensor_decorator']) retrieved from /home/airflow/.local/lib/python3.7/site-packages/airflow/example_dags/example_sensor_decorator.py
[2023-09-01T19:43:10.578+0000] {logging_mixin.py:150} INFO - [2023-09-01T19:43:10.577+0000] {dag.py:2742} INFO - Sync 1 DAGs
[2023-09-01T19:43:10.615+0000] {logging_mixin.py:150} INFO - [2023-09-01T19:43:10.615+0000] {dag.py:3508} INFO - Setting next_dagrun for example_sensor_decorator to None, run_after=None
[2023-09-01T19:43:10.635+0000] {processor.py:179} INFO - Processing /home/airflow/.local/lib/python3.7/site-packages/airflow/example_dags/example_sensor_decorator.py took 0.100 seconds
[2023-09-01T19:43:41.010+0000] {processor.py:157} INFO - Started process (PID=1335) to work on /home/airflow/.local/lib/python3.7/site-packages/airflow/example_dags/example_sensor_decorator.py
[2023-09-01T19:43:41.011+0000] {processor.py:826} INFO - Processing file /home/airflow/.local/lib/python3.7/site-packages/airflow/example_dags/example_sensor_decorator.py for tasks to queue
[2023-09-01T19:43:41.012+0000] {logging_mixin.py:150} INFO - [2023-09-01T19:43:41.011+0000] {dagbag.py:541} INFO - Filling up the DagBag from /home/airflow/.local/lib/python3.7/site-packages/airflow/example_dags/example_sensor_decorator.py
[2023-09-01T19:43:41.020+0000] {processor.py:836} INFO - DAG(s) dict_keys(['example_sensor_decorator']) retrieved from /home/airflow/.local/lib/python3.7/site-packages/airflow/example_dags/example_sensor_decorator.py
[2023-09-01T19:43:41.042+0000] {logging_mixin.py:150} INFO - [2023-09-01T19:43:41.042+0000] {dag.py:2742} INFO - Sync 1 DAGs
[2023-09-01T19:43:41.064+0000] {logging_mixin.py:150} INFO - [2023-09-01T19:43:41.064+0000] {dag.py:3508} INFO - Setting next_dagrun for example_sensor_decorator to None, run_after=None
[2023-09-01T19:43:41.081+0000] {processor.py:179} INFO - Processing /home/airflow/.local/lib/python3.7/site-packages/airflow/example_dags/example_sensor_decorator.py took 0.074 seconds
[2023-09-01T19:44:11.598+0000] {processor.py:157} INFO - Started process (PID=1390) to work on /home/airflow/.local/lib/python3.7/site-packages/airflow/example_dags/example_sensor_decorator.py
[2023-09-01T19:44:11.600+0000] {processor.py:826} INFO - Processing file /home/airflow/.local/lib/python3.7/site-packages/airflow/example_dags/example_sensor_decorator.py for tasks to queue
[2023-09-01T19:44:11.601+0000] {logging_mixin.py:150} INFO - [2023-09-01T19:44:11.600+0000] {dagbag.py:541} INFO - Filling up the DagBag from /home/airflow/.local/lib/python3.7/site-packages/airflow/example_dags/example_sensor_decorator.py
[2023-09-01T19:44:11.607+0000] {processor.py:836} INFO - DAG(s) dict_keys(['example_sensor_decorator']) retrieved from /home/airflow/.local/lib/python3.7/site-packages/airflow/example_dags/example_sensor_decorator.py
[2023-09-01T19:44:11.640+0000] {logging_mixin.py:150} INFO - [2023-09-01T19:44:11.640+0000] {dag.py:2742} INFO - Sync 1 DAGs
[2023-09-01T19:44:11.663+0000] {logging_mixin.py:150} INFO - [2023-09-01T19:44:11.662+0000] {dag.py:3508} INFO - Setting next_dagrun for example_sensor_decorator to None, run_after=None
[2023-09-01T19:44:11.680+0000] {processor.py:179} INFO - Processing /home/airflow/.local/lib/python3.7/site-packages/airflow/example_dags/example_sensor_decorator.py took 0.085 seconds
[2023-09-01T19:44:42.153+0000] {processor.py:157} INFO - Started process (PID=1445) to work on /home/airflow/.local/lib/python3.7/site-packages/airflow/example_dags/example_sensor_decorator.py
[2023-09-01T19:44:42.153+0000] {processor.py:826} INFO - Processing file /home/airflow/.local/lib/python3.7/site-packages/airflow/example_dags/example_sensor_decorator.py for tasks to queue
[2023-09-01T19:44:42.154+0000] {logging_mixin.py:150} INFO - [2023-09-01T19:44:42.154+0000] {dagbag.py:541} INFO - Filling up the DagBag from /home/airflow/.local/lib/python3.7/site-packages/airflow/example_dags/example_sensor_decorator.py
[2023-09-01T19:44:42.160+0000] {processor.py:836} INFO - DAG(s) dict_keys(['example_sensor_decorator']) retrieved from /home/airflow/.local/lib/python3.7/site-packages/airflow/example_dags/example_sensor_decorator.py
[2023-09-01T19:44:42.188+0000] {logging_mixin.py:150} INFO - [2023-09-01T19:44:42.187+0000] {dag.py:2742} INFO - Sync 1 DAGs
[2023-09-01T19:44:42.217+0000] {logging_mixin.py:150} INFO - [2023-09-01T19:44:42.217+0000] {dag.py:3508} INFO - Setting next_dagrun for example_sensor_decorator to None, run_after=None
[2023-09-01T19:44:42.233+0000] {processor.py:179} INFO - Processing /home/airflow/.local/lib/python3.7/site-packages/airflow/example_dags/example_sensor_decorator.py took 0.085 seconds
[2023-09-01T19:45:12.567+0000] {processor.py:157} INFO - Started process (PID=1500) to work on /home/airflow/.local/lib/python3.7/site-packages/airflow/example_dags/example_sensor_decorator.py
[2023-09-01T19:45:12.568+0000] {processor.py:826} INFO - Processing file /home/airflow/.local/lib/python3.7/site-packages/airflow/example_dags/example_sensor_decorator.py for tasks to queue
[2023-09-01T19:45:12.569+0000] {logging_mixin.py:150} INFO - [2023-09-01T19:45:12.569+0000] {dagbag.py:541} INFO - Filling up the DagBag from /home/airflow/.local/lib/python3.7/site-packages/airflow/example_dags/example_sensor_decorator.py
[2023-09-01T19:45:12.576+0000] {processor.py:836} INFO - DAG(s) dict_keys(['example_sensor_decorator']) retrieved from /home/airflow/.local/lib/python3.7/site-packages/airflow/example_dags/example_sensor_decorator.py
[2023-09-01T19:45:12.604+0000] {logging_mixin.py:150} INFO - [2023-09-01T19:45:12.603+0000] {dag.py:2742} INFO - Sync 1 DAGs
[2023-09-01T19:45:12.640+0000] {logging_mixin.py:150} INFO - [2023-09-01T19:45:12.640+0000] {dag.py:3508} INFO - Setting next_dagrun for example_sensor_decorator to None, run_after=None
[2023-09-01T19:45:12.660+0000] {processor.py:179} INFO - Processing /home/airflow/.local/lib/python3.7/site-packages/airflow/example_dags/example_sensor_decorator.py took 0.098 seconds
[2023-09-01T19:45:42.827+0000] {processor.py:157} INFO - Started process (PID=1555) to work on /home/airflow/.local/lib/python3.7/site-packages/airflow/example_dags/example_sensor_decorator.py
[2023-09-01T19:45:42.827+0000] {processor.py:826} INFO - Processing file /home/airflow/.local/lib/python3.7/site-packages/airflow/example_dags/example_sensor_decorator.py for tasks to queue
[2023-09-01T19:45:42.828+0000] {logging_mixin.py:150} INFO - [2023-09-01T19:45:42.828+0000] {dagbag.py:541} INFO - Filling up the DagBag from /home/airflow/.local/lib/python3.7/site-packages/airflow/example_dags/example_sensor_decorator.py
[2023-09-01T19:45:42.838+0000] {processor.py:836} INFO - DAG(s) dict_keys(['example_sensor_decorator']) retrieved from /home/airflow/.local/lib/python3.7/site-packages/airflow/example_dags/example_sensor_decorator.py
[2023-09-01T19:45:42.864+0000] {logging_mixin.py:150} INFO - [2023-09-01T19:45:42.864+0000] {dag.py:2742} INFO - Sync 1 DAGs
[2023-09-01T19:45:42.887+0000] {logging_mixin.py:150} INFO - [2023-09-01T19:45:42.886+0000] {dag.py:3508} INFO - Setting next_dagrun for example_sensor_decorator to None, run_after=None
[2023-09-01T19:45:42.904+0000] {processor.py:179} INFO - Processing /home/airflow/.local/lib/python3.7/site-packages/airflow/example_dags/example_sensor_decorator.py took 0.082 seconds
[2023-09-01T19:46:13.174+0000] {processor.py:157} INFO - Started process (PID=1610) to work on /home/airflow/.local/lib/python3.7/site-packages/airflow/example_dags/example_sensor_decorator.py
[2023-09-01T19:46:13.176+0000] {processor.py:826} INFO - Processing file /home/airflow/.local/lib/python3.7/site-packages/airflow/example_dags/example_sensor_decorator.py for tasks to queue
[2023-09-01T19:46:13.176+0000] {logging_mixin.py:150} INFO - [2023-09-01T19:46:13.176+0000] {dagbag.py:541} INFO - Filling up the DagBag from /home/airflow/.local/lib/python3.7/site-packages/airflow/example_dags/example_sensor_decorator.py
[2023-09-01T19:46:13.183+0000] {processor.py:836} INFO - DAG(s) dict_keys(['example_sensor_decorator']) retrieved from /home/airflow/.local/lib/python3.7/site-packages/airflow/example_dags/example_sensor_decorator.py
[2023-09-01T19:46:13.204+0000] {logging_mixin.py:150} INFO - [2023-09-01T19:46:13.204+0000] {dag.py:2742} INFO - Sync 1 DAGs
[2023-09-01T19:46:13.227+0000] {logging_mixin.py:150} INFO - [2023-09-01T19:46:13.227+0000] {dag.py:3508} INFO - Setting next_dagrun for example_sensor_decorator to None, run_after=None
[2023-09-01T19:46:13.242+0000] {processor.py:179} INFO - Processing /home/airflow/.local/lib/python3.7/site-packages/airflow/example_dags/example_sensor_decorator.py took 0.072 seconds
[2023-09-01T19:46:43.667+0000] {processor.py:157} INFO - Started process (PID=1665) to work on /home/airflow/.local/lib/python3.7/site-packages/airflow/example_dags/example_sensor_decorator.py
[2023-09-01T19:46:43.668+0000] {processor.py:826} INFO - Processing file /home/airflow/.local/lib/python3.7/site-packages/airflow/example_dags/example_sensor_decorator.py for tasks to queue
[2023-09-01T19:46:43.669+0000] {logging_mixin.py:150} INFO - [2023-09-01T19:46:43.669+0000] {dagbag.py:541} INFO - Filling up the DagBag from /home/airflow/.local/lib/python3.7/site-packages/airflow/example_dags/example_sensor_decorator.py
[2023-09-01T19:46:43.677+0000] {processor.py:836} INFO - DAG(s) dict_keys(['example_sensor_decorator']) retrieved from /home/airflow/.local/lib/python3.7/site-packages/airflow/example_dags/example_sensor_decorator.py
[2023-09-01T19:46:43.699+0000] {logging_mixin.py:150} INFO - [2023-09-01T19:46:43.699+0000] {dag.py:2742} INFO - Sync 1 DAGs
[2023-09-01T19:46:43.721+0000] {logging_mixin.py:150} INFO - [2023-09-01T19:46:43.721+0000] {dag.py:3508} INFO - Setting next_dagrun for example_sensor_decorator to None, run_after=None
[2023-09-01T19:46:43.737+0000] {processor.py:179} INFO - Processing /home/airflow/.local/lib/python3.7/site-packages/airflow/example_dags/example_sensor_decorator.py took 0.074 seconds
[2023-09-01T19:47:14.320+0000] {processor.py:157} INFO - Started process (PID=1720) to work on /home/airflow/.local/lib/python3.7/site-packages/airflow/example_dags/example_sensor_decorator.py
[2023-09-01T19:47:14.320+0000] {processor.py:826} INFO - Processing file /home/airflow/.local/lib/python3.7/site-packages/airflow/example_dags/example_sensor_decorator.py for tasks to queue
[2023-09-01T19:47:14.321+0000] {logging_mixin.py:150} INFO - [2023-09-01T19:47:14.321+0000] {dagbag.py:541} INFO - Filling up the DagBag from /home/airflow/.local/lib/python3.7/site-packages/airflow/example_dags/example_sensor_decorator.py
[2023-09-01T19:47:14.327+0000] {processor.py:836} INFO - DAG(s) dict_keys(['example_sensor_decorator']) retrieved from /home/airflow/.local/lib/python3.7/site-packages/airflow/example_dags/example_sensor_decorator.py
[2023-09-01T19:47:14.352+0000] {logging_mixin.py:150} INFO - [2023-09-01T19:47:14.352+0000] {dag.py:2742} INFO - Sync 1 DAGs
[2023-09-01T19:47:14.375+0000] {logging_mixin.py:150} INFO - [2023-09-01T19:47:14.375+0000] {dag.py:3508} INFO - Setting next_dagrun for example_sensor_decorator to None, run_after=None
[2023-09-01T19:47:14.390+0000] {processor.py:179} INFO - Processing /home/airflow/.local/lib/python3.7/site-packages/airflow/example_dags/example_sensor_decorator.py took 0.074 seconds
[2023-09-01T19:47:44.831+0000] {processor.py:157} INFO - Started process (PID=1775) to work on /home/airflow/.local/lib/python3.7/site-packages/airflow/example_dags/example_sensor_decorator.py
[2023-09-01T19:47:44.832+0000] {processor.py:826} INFO - Processing file /home/airflow/.local/lib/python3.7/site-packages/airflow/example_dags/example_sensor_decorator.py for tasks to queue
[2023-09-01T19:47:44.833+0000] {logging_mixin.py:150} INFO - [2023-09-01T19:47:44.833+0000] {dagbag.py:541} INFO - Filling up the DagBag from /home/airflow/.local/lib/python3.7/site-packages/airflow/example_dags/example_sensor_decorator.py
[2023-09-01T19:47:44.839+0000] {processor.py:836} INFO - DAG(s) dict_keys(['example_sensor_decorator']) retrieved from /home/airflow/.local/lib/python3.7/site-packages/airflow/example_dags/example_sensor_decorator.py
[2023-09-01T19:47:44.864+0000] {logging_mixin.py:150} INFO - [2023-09-01T19:47:44.863+0000] {dag.py:2742} INFO - Sync 1 DAGs
[2023-09-01T19:47:44.887+0000] {logging_mixin.py:150} INFO - [2023-09-01T19:47:44.887+0000] {dag.py:3508} INFO - Setting next_dagrun for example_sensor_decorator to None, run_after=None
[2023-09-01T19:47:44.907+0000] {processor.py:179} INFO - Processing /home/airflow/.local/lib/python3.7/site-packages/airflow/example_dags/example_sensor_decorator.py took 0.079 seconds
[2023-09-01T19:48:15.276+0000] {processor.py:157} INFO - Started process (PID=1830) to work on /home/airflow/.local/lib/python3.7/site-packages/airflow/example_dags/example_sensor_decorator.py
[2023-09-01T19:48:15.277+0000] {processor.py:826} INFO - Processing file /home/airflow/.local/lib/python3.7/site-packages/airflow/example_dags/example_sensor_decorator.py for tasks to queue
[2023-09-01T19:48:15.278+0000] {logging_mixin.py:150} INFO - [2023-09-01T19:48:15.277+0000] {dagbag.py:541} INFO - Filling up the DagBag from /home/airflow/.local/lib/python3.7/site-packages/airflow/example_dags/example_sensor_decorator.py
[2023-09-01T19:48:15.287+0000] {processor.py:836} INFO - DAG(s) dict_keys(['example_sensor_decorator']) retrieved from /home/airflow/.local/lib/python3.7/site-packages/airflow/example_dags/example_sensor_decorator.py
[2023-09-01T19:48:15.310+0000] {logging_mixin.py:150} INFO - [2023-09-01T19:48:15.309+0000] {dag.py:2742} INFO - Sync 1 DAGs
[2023-09-01T19:48:15.332+0000] {logging_mixin.py:150} INFO - [2023-09-01T19:48:15.331+0000] {dag.py:3508} INFO - Setting next_dagrun for example_sensor_decorator to None, run_after=None
[2023-09-01T19:48:15.350+0000] {processor.py:179} INFO - Processing /home/airflow/.local/lib/python3.7/site-packages/airflow/example_dags/example_sensor_decorator.py took 0.077 seconds
[2023-09-01T19:48:46.047+0000] {processor.py:157} INFO - Started process (PID=1884) to work on /home/airflow/.local/lib/python3.7/site-packages/airflow/example_dags/example_sensor_decorator.py
[2023-09-01T19:48:46.048+0000] {processor.py:826} INFO - Processing file /home/airflow/.local/lib/python3.7/site-packages/airflow/example_dags/example_sensor_decorator.py for tasks to queue
[2023-09-01T19:48:46.049+0000] {logging_mixin.py:150} INFO - [2023-09-01T19:48:46.049+0000] {dagbag.py:541} INFO - Filling up the DagBag from /home/airflow/.local/lib/python3.7/site-packages/airflow/example_dags/example_sensor_decorator.py
[2023-09-01T19:48:46.054+0000] {processor.py:836} INFO - DAG(s) dict_keys(['example_sensor_decorator']) retrieved from /home/airflow/.local/lib/python3.7/site-packages/airflow/example_dags/example_sensor_decorator.py
[2023-09-01T19:48:46.082+0000] {logging_mixin.py:150} INFO - [2023-09-01T19:48:46.082+0000] {dag.py:2742} INFO - Sync 1 DAGs
[2023-09-01T19:48:46.104+0000] {logging_mixin.py:150} INFO - [2023-09-01T19:48:46.104+0000] {dag.py:3508} INFO - Setting next_dagrun for example_sensor_decorator to None, run_after=None
[2023-09-01T19:48:46.121+0000] {processor.py:179} INFO - Processing /home/airflow/.local/lib/python3.7/site-packages/airflow/example_dags/example_sensor_decorator.py took 0.078 seconds
[2023-09-01T19:49:16.776+0000] {processor.py:157} INFO - Started process (PID=1939) to work on /home/airflow/.local/lib/python3.7/site-packages/airflow/example_dags/example_sensor_decorator.py
[2023-09-01T19:49:16.776+0000] {processor.py:826} INFO - Processing file /home/airflow/.local/lib/python3.7/site-packages/airflow/example_dags/example_sensor_decorator.py for tasks to queue
[2023-09-01T19:49:16.777+0000] {logging_mixin.py:150} INFO - [2023-09-01T19:49:16.777+0000] {dagbag.py:541} INFO - Filling up the DagBag from /home/airflow/.local/lib/python3.7/site-packages/airflow/example_dags/example_sensor_decorator.py
[2023-09-01T19:49:16.783+0000] {processor.py:836} INFO - DAG(s) dict_keys(['example_sensor_decorator']) retrieved from /home/airflow/.local/lib/python3.7/site-packages/airflow/example_dags/example_sensor_decorator.py
[2023-09-01T19:49:16.810+0000] {logging_mixin.py:150} INFO - [2023-09-01T19:49:16.810+0000] {dag.py:2742} INFO - Sync 1 DAGs
[2023-09-01T19:49:16.834+0000] {logging_mixin.py:150} INFO - [2023-09-01T19:49:16.834+0000] {dag.py:3508} INFO - Setting next_dagrun for example_sensor_decorator to None, run_after=None
[2023-09-01T19:49:16.850+0000] {processor.py:179} INFO - Processing /home/airflow/.local/lib/python3.7/site-packages/airflow/example_dags/example_sensor_decorator.py took 0.078 seconds
[2023-09-01T19:49:47.525+0000] {processor.py:157} INFO - Started process (PID=1994) to work on /home/airflow/.local/lib/python3.7/site-packages/airflow/example_dags/example_sensor_decorator.py
[2023-09-01T19:49:47.526+0000] {processor.py:826} INFO - Processing file /home/airflow/.local/lib/python3.7/site-packages/airflow/example_dags/example_sensor_decorator.py for tasks to queue
[2023-09-01T19:49:47.526+0000] {logging_mixin.py:150} INFO - [2023-09-01T19:49:47.526+0000] {dagbag.py:541} INFO - Filling up the DagBag from /home/airflow/.local/lib/python3.7/site-packages/airflow/example_dags/example_sensor_decorator.py
[2023-09-01T19:49:47.532+0000] {processor.py:836} INFO - DAG(s) dict_keys(['example_sensor_decorator']) retrieved from /home/airflow/.local/lib/python3.7/site-packages/airflow/example_dags/example_sensor_decorator.py
[2023-09-01T19:49:47.570+0000] {logging_mixin.py:150} INFO - [2023-09-01T19:49:47.569+0000] {dag.py:2742} INFO - Sync 1 DAGs
[2023-09-01T19:49:47.594+0000] {logging_mixin.py:150} INFO - [2023-09-01T19:49:47.594+0000] {dag.py:3508} INFO - Setting next_dagrun for example_sensor_decorator to None, run_after=None
[2023-09-01T19:49:47.610+0000] {processor.py:179} INFO - Processing /home/airflow/.local/lib/python3.7/site-packages/airflow/example_dags/example_sensor_decorator.py took 0.089 seconds
[2023-09-01T19:50:18.220+0000] {processor.py:157} INFO - Started process (PID=2049) to work on /home/airflow/.local/lib/python3.7/site-packages/airflow/example_dags/example_sensor_decorator.py
[2023-09-01T19:50:18.221+0000] {processor.py:826} INFO - Processing file /home/airflow/.local/lib/python3.7/site-packages/airflow/example_dags/example_sensor_decorator.py for tasks to queue
[2023-09-01T19:50:18.222+0000] {logging_mixin.py:150} INFO - [2023-09-01T19:50:18.221+0000] {dagbag.py:541} INFO - Filling up the DagBag from /home/airflow/.local/lib/python3.7/site-packages/airflow/example_dags/example_sensor_decorator.py
[2023-09-01T19:50:18.228+0000] {processor.py:836} INFO - DAG(s) dict_keys(['example_sensor_decorator']) retrieved from /home/airflow/.local/lib/python3.7/site-packages/airflow/example_dags/example_sensor_decorator.py
[2023-09-01T19:50:18.250+0000] {logging_mixin.py:150} INFO - [2023-09-01T19:50:18.250+0000] {dag.py:2742} INFO - Sync 1 DAGs
[2023-09-01T19:50:18.272+0000] {logging_mixin.py:150} INFO - [2023-09-01T19:50:18.272+0000] {dag.py:3508} INFO - Setting next_dagrun for example_sensor_decorator to None, run_after=None
[2023-09-01T19:50:18.288+0000] {processor.py:179} INFO - Processing /home/airflow/.local/lib/python3.7/site-packages/airflow/example_dags/example_sensor_decorator.py took 0.072 seconds
[2023-09-01T19:50:49.093+0000] {processor.py:157} INFO - Started process (PID=2104) to work on /home/airflow/.local/lib/python3.7/site-packages/airflow/example_dags/example_sensor_decorator.py
[2023-09-01T19:50:49.098+0000] {processor.py:826} INFO - Processing file /home/airflow/.local/lib/python3.7/site-packages/airflow/example_dags/example_sensor_decorator.py for tasks to queue
[2023-09-01T19:50:49.102+0000] {logging_mixin.py:150} INFO - [2023-09-01T19:50:49.098+0000] {dagbag.py:541} INFO - Filling up the DagBag from /home/airflow/.local/lib/python3.7/site-packages/airflow/example_dags/example_sensor_decorator.py
[2023-09-01T19:50:49.116+0000] {processor.py:836} INFO - DAG(s) dict_keys(['example_sensor_decorator']) retrieved from /home/airflow/.local/lib/python3.7/site-packages/airflow/example_dags/example_sensor_decorator.py
[2023-09-01T19:50:49.228+0000] {logging_mixin.py:150} INFO - [2023-09-01T19:50:49.227+0000] {dag.py:2742} INFO - Sync 1 DAGs
[2023-09-01T19:50:49.274+0000] {logging_mixin.py:150} INFO - [2023-09-01T19:50:49.274+0000] {dag.py:3508} INFO - Setting next_dagrun for example_sensor_decorator to None, run_after=None
[2023-09-01T19:50:49.305+0000] {processor.py:179} INFO - Processing /home/airflow/.local/lib/python3.7/site-packages/airflow/example_dags/example_sensor_decorator.py took 0.225 seconds
[2023-09-01T19:51:19.693+0000] {processor.py:157} INFO - Started process (PID=2158) to work on /home/airflow/.local/lib/python3.7/site-packages/airflow/example_dags/example_sensor_decorator.py
[2023-09-01T19:51:19.694+0000] {processor.py:826} INFO - Processing file /home/airflow/.local/lib/python3.7/site-packages/airflow/example_dags/example_sensor_decorator.py for tasks to queue
[2023-09-01T19:51:19.694+0000] {logging_mixin.py:150} INFO - [2023-09-01T19:51:19.694+0000] {dagbag.py:541} INFO - Filling up the DagBag from /home/airflow/.local/lib/python3.7/site-packages/airflow/example_dags/example_sensor_decorator.py
[2023-09-01T19:51:19.700+0000] {processor.py:836} INFO - DAG(s) dict_keys(['example_sensor_decorator']) retrieved from /home/airflow/.local/lib/python3.7/site-packages/airflow/example_dags/example_sensor_decorator.py
[2023-09-01T19:51:19.732+0000] {logging_mixin.py:150} INFO - [2023-09-01T19:51:19.732+0000] {dag.py:2742} INFO - Sync 1 DAGs
[2023-09-01T19:51:19.760+0000] {logging_mixin.py:150} INFO - [2023-09-01T19:51:19.759+0000] {dag.py:3508} INFO - Setting next_dagrun for example_sensor_decorator to None, run_after=None
[2023-09-01T19:51:19.790+0000] {processor.py:179} INFO - Processing /home/airflow/.local/lib/python3.7/site-packages/airflow/example_dags/example_sensor_decorator.py took 0.101 seconds
[2023-09-01T19:51:50.143+0000] {processor.py:157} INFO - Started process (PID=2213) to work on /home/airflow/.local/lib/python3.7/site-packages/airflow/example_dags/example_sensor_decorator.py
[2023-09-01T19:51:50.144+0000] {processor.py:826} INFO - Processing file /home/airflow/.local/lib/python3.7/site-packages/airflow/example_dags/example_sensor_decorator.py for tasks to queue
[2023-09-01T19:51:50.145+0000] {logging_mixin.py:150} INFO - [2023-09-01T19:51:50.144+0000] {dagbag.py:541} INFO - Filling up the DagBag from /home/airflow/.local/lib/python3.7/site-packages/airflow/example_dags/example_sensor_decorator.py
[2023-09-01T19:51:50.152+0000] {processor.py:836} INFO - DAG(s) dict_keys(['example_sensor_decorator']) retrieved from /home/airflow/.local/lib/python3.7/site-packages/airflow/example_dags/example_sensor_decorator.py
[2023-09-01T19:51:50.174+0000] {logging_mixin.py:150} INFO - [2023-09-01T19:51:50.174+0000] {dag.py:2742} INFO - Sync 1 DAGs
[2023-09-01T19:51:50.197+0000] {logging_mixin.py:150} INFO - [2023-09-01T19:51:50.197+0000] {dag.py:3508} INFO - Setting next_dagrun for example_sensor_decorator to None, run_after=None
[2023-09-01T19:51:50.231+0000] {processor.py:179} INFO - Processing /home/airflow/.local/lib/python3.7/site-packages/airflow/example_dags/example_sensor_decorator.py took 0.092 seconds
[2023-09-01T19:52:21.036+0000] {processor.py:157} INFO - Started process (PID=2267) to work on /home/airflow/.local/lib/python3.7/site-packages/airflow/example_dags/example_sensor_decorator.py
[2023-09-01T19:52:21.040+0000] {processor.py:826} INFO - Processing file /home/airflow/.local/lib/python3.7/site-packages/airflow/example_dags/example_sensor_decorator.py for tasks to queue
[2023-09-01T19:52:21.041+0000] {logging_mixin.py:150} INFO - [2023-09-01T19:52:21.040+0000] {dagbag.py:541} INFO - Filling up the DagBag from /home/airflow/.local/lib/python3.7/site-packages/airflow/example_dags/example_sensor_decorator.py
[2023-09-01T19:52:21.088+0000] {processor.py:836} INFO - DAG(s) dict_keys(['example_sensor_decorator']) retrieved from /home/airflow/.local/lib/python3.7/site-packages/airflow/example_dags/example_sensor_decorator.py
[2023-09-01T19:52:21.140+0000] {logging_mixin.py:150} INFO - [2023-09-01T19:52:21.140+0000] {dag.py:2742} INFO - Sync 1 DAGs
[2023-09-01T19:52:21.241+0000] {logging_mixin.py:150} INFO - [2023-09-01T19:52:21.241+0000] {dag.py:3508} INFO - Setting next_dagrun for example_sensor_decorator to None, run_after=None
[2023-09-01T19:52:21.291+0000] {processor.py:179} INFO - Processing /home/airflow/.local/lib/python3.7/site-packages/airflow/example_dags/example_sensor_decorator.py took 0.266 seconds
[2023-09-01T19:52:51.711+0000] {processor.py:157} INFO - Started process (PID=2322) to work on /home/airflow/.local/lib/python3.7/site-packages/airflow/example_dags/example_sensor_decorator.py
[2023-09-01T19:52:51.712+0000] {processor.py:826} INFO - Processing file /home/airflow/.local/lib/python3.7/site-packages/airflow/example_dags/example_sensor_decorator.py for tasks to queue
[2023-09-01T19:52:51.712+0000] {logging_mixin.py:150} INFO - [2023-09-01T19:52:51.712+0000] {dagbag.py:541} INFO - Filling up the DagBag from /home/airflow/.local/lib/python3.7/site-packages/airflow/example_dags/example_sensor_decorator.py
[2023-09-01T19:52:51.718+0000] {processor.py:836} INFO - DAG(s) dict_keys(['example_sensor_decorator']) retrieved from /home/airflow/.local/lib/python3.7/site-packages/airflow/example_dags/example_sensor_decorator.py
[2023-09-01T19:52:51.738+0000] {logging_mixin.py:150} INFO - [2023-09-01T19:52:51.738+0000] {dag.py:2742} INFO - Sync 1 DAGs
[2023-09-01T19:52:51.760+0000] {logging_mixin.py:150} INFO - [2023-09-01T19:52:51.760+0000] {dag.py:3508} INFO - Setting next_dagrun for example_sensor_decorator to None, run_after=None
[2023-09-01T19:52:51.777+0000] {processor.py:179} INFO - Processing /home/airflow/.local/lib/python3.7/site-packages/airflow/example_dags/example_sensor_decorator.py took 0.069 seconds
[2023-09-01T19:53:22.414+0000] {processor.py:157} INFO - Started process (PID=2377) to work on /home/airflow/.local/lib/python3.7/site-packages/airflow/example_dags/example_sensor_decorator.py
[2023-09-01T19:53:22.417+0000] {processor.py:826} INFO - Processing file /home/airflow/.local/lib/python3.7/site-packages/airflow/example_dags/example_sensor_decorator.py for tasks to queue
[2023-09-01T19:53:22.418+0000] {logging_mixin.py:150} INFO - [2023-09-01T19:53:22.417+0000] {dagbag.py:541} INFO - Filling up the DagBag from /home/airflow/.local/lib/python3.7/site-packages/airflow/example_dags/example_sensor_decorator.py
[2023-09-01T19:53:22.436+0000] {processor.py:836} INFO - DAG(s) dict_keys(['example_sensor_decorator']) retrieved from /home/airflow/.local/lib/python3.7/site-packages/airflow/example_dags/example_sensor_decorator.py
[2023-09-01T19:53:22.525+0000] {logging_mixin.py:150} INFO - [2023-09-01T19:53:22.524+0000] {dag.py:2742} INFO - Sync 1 DAGs
[2023-09-01T19:53:22.578+0000] {logging_mixin.py:150} INFO - [2023-09-01T19:53:22.577+0000] {dag.py:3508} INFO - Setting next_dagrun for example_sensor_decorator to None, run_after=None
[2023-09-01T19:53:22.622+0000] {processor.py:179} INFO - Processing /home/airflow/.local/lib/python3.7/site-packages/airflow/example_dags/example_sensor_decorator.py took 0.219 seconds
[2023-09-01T19:53:52.908+0000] {processor.py:157} INFO - Started process (PID=2432) to work on /home/airflow/.local/lib/python3.7/site-packages/airflow/example_dags/example_sensor_decorator.py
[2023-09-01T19:53:52.908+0000] {processor.py:826} INFO - Processing file /home/airflow/.local/lib/python3.7/site-packages/airflow/example_dags/example_sensor_decorator.py for tasks to queue
[2023-09-01T19:53:52.909+0000] {logging_mixin.py:150} INFO - [2023-09-01T19:53:52.909+0000] {dagbag.py:541} INFO - Filling up the DagBag from /home/airflow/.local/lib/python3.7/site-packages/airflow/example_dags/example_sensor_decorator.py
[2023-09-01T19:53:52.915+0000] {processor.py:836} INFO - DAG(s) dict_keys(['example_sensor_decorator']) retrieved from /home/airflow/.local/lib/python3.7/site-packages/airflow/example_dags/example_sensor_decorator.py
[2023-09-01T19:53:52.941+0000] {logging_mixin.py:150} INFO - [2023-09-01T19:53:52.941+0000] {dag.py:2742} INFO - Sync 1 DAGs
[2023-09-01T19:53:52.978+0000] {logging_mixin.py:150} INFO - [2023-09-01T19:53:52.977+0000] {dag.py:3508} INFO - Setting next_dagrun for example_sensor_decorator to None, run_after=None
[2023-09-01T19:53:52.994+0000] {processor.py:179} INFO - Processing /home/airflow/.local/lib/python3.7/site-packages/airflow/example_dags/example_sensor_decorator.py took 0.089 seconds
[2023-09-01T19:54:23.091+0000] {processor.py:157} INFO - Started process (PID=2487) to work on /home/airflow/.local/lib/python3.7/site-packages/airflow/example_dags/example_sensor_decorator.py
[2023-09-01T19:54:23.092+0000] {processor.py:826} INFO - Processing file /home/airflow/.local/lib/python3.7/site-packages/airflow/example_dags/example_sensor_decorator.py for tasks to queue
[2023-09-01T19:54:23.093+0000] {logging_mixin.py:150} INFO - [2023-09-01T19:54:23.092+0000] {dagbag.py:541} INFO - Filling up the DagBag from /home/airflow/.local/lib/python3.7/site-packages/airflow/example_dags/example_sensor_decorator.py
[2023-09-01T19:54:23.098+0000] {processor.py:836} INFO - DAG(s) dict_keys(['example_sensor_decorator']) retrieved from /home/airflow/.local/lib/python3.7/site-packages/airflow/example_dags/example_sensor_decorator.py
[2023-09-01T19:54:23.122+0000] {logging_mixin.py:150} INFO - [2023-09-01T19:54:23.121+0000] {dag.py:2742} INFO - Sync 1 DAGs
[2023-09-01T19:54:23.165+0000] {logging_mixin.py:150} INFO - [2023-09-01T19:54:23.165+0000] {dag.py:3508} INFO - Setting next_dagrun for example_sensor_decorator to None, run_after=None
[2023-09-01T19:54:23.182+0000] {processor.py:179} INFO - Processing /home/airflow/.local/lib/python3.7/site-packages/airflow/example_dags/example_sensor_decorator.py took 0.094 seconds
[2023-09-01T19:54:53.455+0000] {processor.py:157} INFO - Started process (PID=2542) to work on /home/airflow/.local/lib/python3.7/site-packages/airflow/example_dags/example_sensor_decorator.py
[2023-09-01T19:54:53.458+0000] {processor.py:826} INFO - Processing file /home/airflow/.local/lib/python3.7/site-packages/airflow/example_dags/example_sensor_decorator.py for tasks to queue
[2023-09-01T19:54:53.460+0000] {logging_mixin.py:150} INFO - [2023-09-01T19:54:53.459+0000] {dagbag.py:541} INFO - Filling up the DagBag from /home/airflow/.local/lib/python3.7/site-packages/airflow/example_dags/example_sensor_decorator.py
[2023-09-01T19:54:53.503+0000] {processor.py:836} INFO - DAG(s) dict_keys(['example_sensor_decorator']) retrieved from /home/airflow/.local/lib/python3.7/site-packages/airflow/example_dags/example_sensor_decorator.py
[2023-09-01T19:54:53.580+0000] {logging_mixin.py:150} INFO - [2023-09-01T19:54:53.579+0000] {dag.py:2742} INFO - Sync 1 DAGs
[2023-09-01T19:54:53.631+0000] {logging_mixin.py:150} INFO - [2023-09-01T19:54:53.631+0000] {dag.py:3508} INFO - Setting next_dagrun for example_sensor_decorator to None, run_after=None
[2023-09-01T19:54:53.657+0000] {processor.py:179} INFO - Processing /home/airflow/.local/lib/python3.7/site-packages/airflow/example_dags/example_sensor_decorator.py took 0.216 seconds
