[2023-09-01T19:31:53.055+0000] {processor.py:157} INFO - Started process (PID=50) to work on /home/airflow/.local/lib/python3.7/site-packages/airflow/example_dags/tutorial_taskflow_api.py
[2023-09-01T19:31:53.055+0000] {processor.py:826} INFO - Processing file /home/airflow/.local/lib/python3.7/site-packages/airflow/example_dags/tutorial_taskflow_api.py for tasks to queue
[2023-09-01T19:31:53.056+0000] {logging_mixin.py:150} INFO - [2023-09-01T19:31:53.056+0000] {dagbag.py:541} INFO - Filling up the DagBag from /home/airflow/.local/lib/python3.7/site-packages/airflow/example_dags/tutorial_taskflow_api.py
[2023-09-01T19:31:53.077+0000] {processor.py:836} INFO - DAG(s) dict_keys(['tutorial_taskflow_api']) retrieved from /home/airflow/.local/lib/python3.7/site-packages/airflow/example_dags/tutorial_taskflow_api.py
[2023-09-01T19:31:53.632+0000] {logging_mixin.py:150} INFO - [2023-09-01T19:31:53.631+0000] {dag.py:2742} INFO - Sync 1 DAGs
[2023-09-01T19:31:53.703+0000] {logging_mixin.py:150} INFO - [2023-09-01T19:31:53.703+0000] {dag.py:3508} INFO - Setting next_dagrun for tutorial_taskflow_api to None, run_after=None
[2023-09-01T19:31:53.718+0000] {processor.py:179} INFO - Processing /home/airflow/.local/lib/python3.7/site-packages/airflow/example_dags/tutorial_taskflow_api.py took 0.671 seconds
[2023-09-01T19:32:24.343+0000] {processor.py:157} INFO - Started process (PID=106) to work on /home/airflow/.local/lib/python3.7/site-packages/airflow/example_dags/tutorial_taskflow_api.py
[2023-09-01T19:32:24.344+0000] {processor.py:826} INFO - Processing file /home/airflow/.local/lib/python3.7/site-packages/airflow/example_dags/tutorial_taskflow_api.py for tasks to queue
[2023-09-01T19:32:24.344+0000] {logging_mixin.py:150} INFO - [2023-09-01T19:32:24.344+0000] {dagbag.py:541} INFO - Filling up the DagBag from /home/airflow/.local/lib/python3.7/site-packages/airflow/example_dags/tutorial_taskflow_api.py
[2023-09-01T19:32:24.350+0000] {processor.py:836} INFO - DAG(s) dict_keys(['tutorial_taskflow_api']) retrieved from /home/airflow/.local/lib/python3.7/site-packages/airflow/example_dags/tutorial_taskflow_api.py
[2023-09-01T19:32:24.373+0000] {logging_mixin.py:150} INFO - [2023-09-01T19:32:24.373+0000] {dag.py:2742} INFO - Sync 1 DAGs
[2023-09-01T19:32:24.394+0000] {logging_mixin.py:150} INFO - [2023-09-01T19:32:24.394+0000] {dag.py:3508} INFO - Setting next_dagrun for tutorial_taskflow_api to None, run_after=None
[2023-09-01T19:32:24.408+0000] {processor.py:179} INFO - Processing /home/airflow/.local/lib/python3.7/site-packages/airflow/example_dags/tutorial_taskflow_api.py took 0.068 seconds
[2023-09-01T19:32:55.347+0000] {processor.py:157} INFO - Started process (PID=161) to work on /home/airflow/.local/lib/python3.7/site-packages/airflow/example_dags/tutorial_taskflow_api.py
[2023-09-01T19:32:55.348+0000] {processor.py:826} INFO - Processing file /home/airflow/.local/lib/python3.7/site-packages/airflow/example_dags/tutorial_taskflow_api.py for tasks to queue
[2023-09-01T19:32:55.349+0000] {logging_mixin.py:150} INFO - [2023-09-01T19:32:55.348+0000] {dagbag.py:541} INFO - Filling up the DagBag from /home/airflow/.local/lib/python3.7/site-packages/airflow/example_dags/tutorial_taskflow_api.py
[2023-09-01T19:32:55.361+0000] {processor.py:836} INFO - DAG(s) dict_keys(['tutorial_taskflow_api']) retrieved from /home/airflow/.local/lib/python3.7/site-packages/airflow/example_dags/tutorial_taskflow_api.py
[2023-09-01T19:32:55.389+0000] {logging_mixin.py:150} INFO - [2023-09-01T19:32:55.389+0000] {dag.py:2742} INFO - Sync 1 DAGs
[2023-09-01T19:32:55.409+0000] {logging_mixin.py:150} INFO - [2023-09-01T19:32:55.408+0000] {dag.py:3508} INFO - Setting next_dagrun for tutorial_taskflow_api to None, run_after=None
[2023-09-01T19:32:55.425+0000] {processor.py:179} INFO - Processing /home/airflow/.local/lib/python3.7/site-packages/airflow/example_dags/tutorial_taskflow_api.py took 0.081 seconds
[2023-09-01T19:33:25.666+0000] {processor.py:157} INFO - Started process (PID=216) to work on /home/airflow/.local/lib/python3.7/site-packages/airflow/example_dags/tutorial_taskflow_api.py
[2023-09-01T19:33:25.667+0000] {processor.py:826} INFO - Processing file /home/airflow/.local/lib/python3.7/site-packages/airflow/example_dags/tutorial_taskflow_api.py for tasks to queue
[2023-09-01T19:33:25.667+0000] {logging_mixin.py:150} INFO - [2023-09-01T19:33:25.667+0000] {dagbag.py:541} INFO - Filling up the DagBag from /home/airflow/.local/lib/python3.7/site-packages/airflow/example_dags/tutorial_taskflow_api.py
[2023-09-01T19:33:25.673+0000] {processor.py:836} INFO - DAG(s) dict_keys(['tutorial_taskflow_api']) retrieved from /home/airflow/.local/lib/python3.7/site-packages/airflow/example_dags/tutorial_taskflow_api.py
[2023-09-01T19:33:25.697+0000] {logging_mixin.py:150} INFO - [2023-09-01T19:33:25.697+0000] {dag.py:2742} INFO - Sync 1 DAGs
[2023-09-01T19:33:25.781+0000] {logging_mixin.py:150} INFO - [2023-09-01T19:33:25.781+0000] {dag.py:3508} INFO - Setting next_dagrun for tutorial_taskflow_api to None, run_after=None
[2023-09-01T19:33:25.816+0000] {processor.py:179} INFO - Processing /home/airflow/.local/lib/python3.7/site-packages/airflow/example_dags/tutorial_taskflow_api.py took 0.158 seconds
[2023-09-01T19:33:56.023+0000] {processor.py:157} INFO - Started process (PID=271) to work on /home/airflow/.local/lib/python3.7/site-packages/airflow/example_dags/tutorial_taskflow_api.py
[2023-09-01T19:33:56.024+0000] {processor.py:826} INFO - Processing file /home/airflow/.local/lib/python3.7/site-packages/airflow/example_dags/tutorial_taskflow_api.py for tasks to queue
[2023-09-01T19:33:56.024+0000] {logging_mixin.py:150} INFO - [2023-09-01T19:33:56.024+0000] {dagbag.py:541} INFO - Filling up the DagBag from /home/airflow/.local/lib/python3.7/site-packages/airflow/example_dags/tutorial_taskflow_api.py
[2023-09-01T19:33:56.030+0000] {processor.py:836} INFO - DAG(s) dict_keys(['tutorial_taskflow_api']) retrieved from /home/airflow/.local/lib/python3.7/site-packages/airflow/example_dags/tutorial_taskflow_api.py
[2023-09-01T19:33:56.051+0000] {logging_mixin.py:150} INFO - [2023-09-01T19:33:56.051+0000] {dag.py:2742} INFO - Sync 1 DAGs
[2023-09-01T19:33:56.072+0000] {logging_mixin.py:150} INFO - [2023-09-01T19:33:56.072+0000] {dag.py:3508} INFO - Setting next_dagrun for tutorial_taskflow_api to None, run_after=None
[2023-09-01T19:33:56.086+0000] {processor.py:179} INFO - Processing /home/airflow/.local/lib/python3.7/site-packages/airflow/example_dags/tutorial_taskflow_api.py took 0.066 seconds
[2023-09-01T19:34:26.468+0000] {processor.py:157} INFO - Started process (PID=326) to work on /home/airflow/.local/lib/python3.7/site-packages/airflow/example_dags/tutorial_taskflow_api.py
[2023-09-01T19:34:26.469+0000] {processor.py:826} INFO - Processing file /home/airflow/.local/lib/python3.7/site-packages/airflow/example_dags/tutorial_taskflow_api.py for tasks to queue
[2023-09-01T19:34:26.470+0000] {logging_mixin.py:150} INFO - [2023-09-01T19:34:26.470+0000] {dagbag.py:541} INFO - Filling up the DagBag from /home/airflow/.local/lib/python3.7/site-packages/airflow/example_dags/tutorial_taskflow_api.py
[2023-09-01T19:34:26.475+0000] {processor.py:836} INFO - DAG(s) dict_keys(['tutorial_taskflow_api']) retrieved from /home/airflow/.local/lib/python3.7/site-packages/airflow/example_dags/tutorial_taskflow_api.py
[2023-09-01T19:34:26.504+0000] {logging_mixin.py:150} INFO - [2023-09-01T19:34:26.504+0000] {dag.py:2742} INFO - Sync 1 DAGs
[2023-09-01T19:34:26.523+0000] {logging_mixin.py:150} INFO - [2023-09-01T19:34:26.523+0000] {dag.py:3508} INFO - Setting next_dagrun for tutorial_taskflow_api to None, run_after=None
[2023-09-01T19:34:26.540+0000] {processor.py:179} INFO - Processing /home/airflow/.local/lib/python3.7/site-packages/airflow/example_dags/tutorial_taskflow_api.py took 0.075 seconds
[2023-09-01T19:34:56.694+0000] {processor.py:157} INFO - Started process (PID=381) to work on /home/airflow/.local/lib/python3.7/site-packages/airflow/example_dags/tutorial_taskflow_api.py
[2023-09-01T19:34:56.695+0000] {processor.py:826} INFO - Processing file /home/airflow/.local/lib/python3.7/site-packages/airflow/example_dags/tutorial_taskflow_api.py for tasks to queue
[2023-09-01T19:34:56.696+0000] {logging_mixin.py:150} INFO - [2023-09-01T19:34:56.696+0000] {dagbag.py:541} INFO - Filling up the DagBag from /home/airflow/.local/lib/python3.7/site-packages/airflow/example_dags/tutorial_taskflow_api.py
[2023-09-01T19:34:56.701+0000] {processor.py:836} INFO - DAG(s) dict_keys(['tutorial_taskflow_api']) retrieved from /home/airflow/.local/lib/python3.7/site-packages/airflow/example_dags/tutorial_taskflow_api.py
[2023-09-01T19:34:56.729+0000] {logging_mixin.py:150} INFO - [2023-09-01T19:34:56.729+0000] {dag.py:2742} INFO - Sync 1 DAGs
[2023-09-01T19:34:56.749+0000] {logging_mixin.py:150} INFO - [2023-09-01T19:34:56.749+0000] {dag.py:3508} INFO - Setting next_dagrun for tutorial_taskflow_api to None, run_after=None
[2023-09-01T19:34:56.765+0000] {processor.py:179} INFO - Processing /home/airflow/.local/lib/python3.7/site-packages/airflow/example_dags/tutorial_taskflow_api.py took 0.074 seconds
[2023-09-01T19:35:27.006+0000] {processor.py:157} INFO - Started process (PID=436) to work on /home/airflow/.local/lib/python3.7/site-packages/airflow/example_dags/tutorial_taskflow_api.py
[2023-09-01T19:35:27.007+0000] {processor.py:826} INFO - Processing file /home/airflow/.local/lib/python3.7/site-packages/airflow/example_dags/tutorial_taskflow_api.py for tasks to queue
[2023-09-01T19:35:27.007+0000] {logging_mixin.py:150} INFO - [2023-09-01T19:35:27.007+0000] {dagbag.py:541} INFO - Filling up the DagBag from /home/airflow/.local/lib/python3.7/site-packages/airflow/example_dags/tutorial_taskflow_api.py
[2023-09-01T19:35:27.012+0000] {processor.py:836} INFO - DAG(s) dict_keys(['tutorial_taskflow_api']) retrieved from /home/airflow/.local/lib/python3.7/site-packages/airflow/example_dags/tutorial_taskflow_api.py
[2023-09-01T19:35:27.034+0000] {logging_mixin.py:150} INFO - [2023-09-01T19:35:27.034+0000] {dag.py:2742} INFO - Sync 1 DAGs
[2023-09-01T19:35:27.054+0000] {logging_mixin.py:150} INFO - [2023-09-01T19:35:27.054+0000] {dag.py:3508} INFO - Setting next_dagrun for tutorial_taskflow_api to None, run_after=None
[2023-09-01T19:35:27.070+0000] {processor.py:179} INFO - Processing /home/airflow/.local/lib/python3.7/site-packages/airflow/example_dags/tutorial_taskflow_api.py took 0.071 seconds
[2023-09-01T19:35:57.436+0000] {processor.py:157} INFO - Started process (PID=491) to work on /home/airflow/.local/lib/python3.7/site-packages/airflow/example_dags/tutorial_taskflow_api.py
[2023-09-01T19:35:57.437+0000] {processor.py:826} INFO - Processing file /home/airflow/.local/lib/python3.7/site-packages/airflow/example_dags/tutorial_taskflow_api.py for tasks to queue
[2023-09-01T19:35:57.438+0000] {logging_mixin.py:150} INFO - [2023-09-01T19:35:57.437+0000] {dagbag.py:541} INFO - Filling up the DagBag from /home/airflow/.local/lib/python3.7/site-packages/airflow/example_dags/tutorial_taskflow_api.py
[2023-09-01T19:35:57.443+0000] {processor.py:836} INFO - DAG(s) dict_keys(['tutorial_taskflow_api']) retrieved from /home/airflow/.local/lib/python3.7/site-packages/airflow/example_dags/tutorial_taskflow_api.py
[2023-09-01T19:35:57.467+0000] {logging_mixin.py:150} INFO - [2023-09-01T19:35:57.467+0000] {dag.py:2742} INFO - Sync 1 DAGs
[2023-09-01T19:35:57.486+0000] {logging_mixin.py:150} INFO - [2023-09-01T19:35:57.486+0000] {dag.py:3508} INFO - Setting next_dagrun for tutorial_taskflow_api to None, run_after=None
[2023-09-01T19:35:57.500+0000] {processor.py:179} INFO - Processing /home/airflow/.local/lib/python3.7/site-packages/airflow/example_dags/tutorial_taskflow_api.py took 0.068 seconds
[2023-09-01T19:36:28.029+0000] {processor.py:157} INFO - Started process (PID=546) to work on /home/airflow/.local/lib/python3.7/site-packages/airflow/example_dags/tutorial_taskflow_api.py
[2023-09-01T19:36:28.030+0000] {processor.py:826} INFO - Processing file /home/airflow/.local/lib/python3.7/site-packages/airflow/example_dags/tutorial_taskflow_api.py for tasks to queue
[2023-09-01T19:36:28.030+0000] {logging_mixin.py:150} INFO - [2023-09-01T19:36:28.030+0000] {dagbag.py:541} INFO - Filling up the DagBag from /home/airflow/.local/lib/python3.7/site-packages/airflow/example_dags/tutorial_taskflow_api.py
[2023-09-01T19:36:28.035+0000] {processor.py:836} INFO - DAG(s) dict_keys(['tutorial_taskflow_api']) retrieved from /home/airflow/.local/lib/python3.7/site-packages/airflow/example_dags/tutorial_taskflow_api.py
[2023-09-01T19:36:28.060+0000] {logging_mixin.py:150} INFO - [2023-09-01T19:36:28.060+0000] {dag.py:2742} INFO - Sync 1 DAGs
[2023-09-01T19:36:28.080+0000] {logging_mixin.py:150} INFO - [2023-09-01T19:36:28.079+0000] {dag.py:3508} INFO - Setting next_dagrun for tutorial_taskflow_api to None, run_after=None
[2023-09-01T19:36:28.094+0000] {processor.py:179} INFO - Processing /home/airflow/.local/lib/python3.7/site-packages/airflow/example_dags/tutorial_taskflow_api.py took 0.068 seconds
[2023-09-01T19:36:58.852+0000] {processor.py:157} INFO - Started process (PID=601) to work on /home/airflow/.local/lib/python3.7/site-packages/airflow/example_dags/tutorial_taskflow_api.py
[2023-09-01T19:36:58.853+0000] {processor.py:826} INFO - Processing file /home/airflow/.local/lib/python3.7/site-packages/airflow/example_dags/tutorial_taskflow_api.py for tasks to queue
[2023-09-01T19:36:58.854+0000] {logging_mixin.py:150} INFO - [2023-09-01T19:36:58.854+0000] {dagbag.py:541} INFO - Filling up the DagBag from /home/airflow/.local/lib/python3.7/site-packages/airflow/example_dags/tutorial_taskflow_api.py
[2023-09-01T19:36:58.859+0000] {processor.py:836} INFO - DAG(s) dict_keys(['tutorial_taskflow_api']) retrieved from /home/airflow/.local/lib/python3.7/site-packages/airflow/example_dags/tutorial_taskflow_api.py
[2023-09-01T19:36:58.886+0000] {logging_mixin.py:150} INFO - [2023-09-01T19:36:58.886+0000] {dag.py:2742} INFO - Sync 1 DAGs
[2023-09-01T19:36:58.908+0000] {logging_mixin.py:150} INFO - [2023-09-01T19:36:58.908+0000] {dag.py:3508} INFO - Setting next_dagrun for tutorial_taskflow_api to None, run_after=None
[2023-09-01T19:36:58.925+0000] {processor.py:179} INFO - Processing /home/airflow/.local/lib/python3.7/site-packages/airflow/example_dags/tutorial_taskflow_api.py took 0.076 seconds
[2023-09-01T19:37:29.469+0000] {processor.py:157} INFO - Started process (PID=656) to work on /home/airflow/.local/lib/python3.7/site-packages/airflow/example_dags/tutorial_taskflow_api.py
[2023-09-01T19:37:29.472+0000] {processor.py:826} INFO - Processing file /home/airflow/.local/lib/python3.7/site-packages/airflow/example_dags/tutorial_taskflow_api.py for tasks to queue
[2023-09-01T19:37:29.473+0000] {logging_mixin.py:150} INFO - [2023-09-01T19:37:29.472+0000] {dagbag.py:541} INFO - Filling up the DagBag from /home/airflow/.local/lib/python3.7/site-packages/airflow/example_dags/tutorial_taskflow_api.py
[2023-09-01T19:37:29.484+0000] {processor.py:836} INFO - DAG(s) dict_keys(['tutorial_taskflow_api']) retrieved from /home/airflow/.local/lib/python3.7/site-packages/airflow/example_dags/tutorial_taskflow_api.py
[2023-09-01T19:37:29.546+0000] {logging_mixin.py:150} INFO - [2023-09-01T19:37:29.546+0000] {dag.py:2742} INFO - Sync 1 DAGs
[2023-09-01T19:37:29.621+0000] {logging_mixin.py:150} INFO - [2023-09-01T19:37:29.621+0000] {dag.py:3508} INFO - Setting next_dagrun for tutorial_taskflow_api to None, run_after=None
[2023-09-01T19:37:29.673+0000] {processor.py:179} INFO - Processing /home/airflow/.local/lib/python3.7/site-packages/airflow/example_dags/tutorial_taskflow_api.py took 0.208 seconds
[2023-09-01T19:38:00.391+0000] {processor.py:157} INFO - Started process (PID=711) to work on /home/airflow/.local/lib/python3.7/site-packages/airflow/example_dags/tutorial_taskflow_api.py
[2023-09-01T19:38:00.394+0000] {processor.py:826} INFO - Processing file /home/airflow/.local/lib/python3.7/site-packages/airflow/example_dags/tutorial_taskflow_api.py for tasks to queue
[2023-09-01T19:38:00.399+0000] {logging_mixin.py:150} INFO - [2023-09-01T19:38:00.398+0000] {dagbag.py:541} INFO - Filling up the DagBag from /home/airflow/.local/lib/python3.7/site-packages/airflow/example_dags/tutorial_taskflow_api.py
[2023-09-01T19:38:00.419+0000] {processor.py:836} INFO - DAG(s) dict_keys(['tutorial_taskflow_api']) retrieved from /home/airflow/.local/lib/python3.7/site-packages/airflow/example_dags/tutorial_taskflow_api.py
[2023-09-01T19:38:00.503+0000] {logging_mixin.py:150} INFO - [2023-09-01T19:38:00.503+0000] {dag.py:2742} INFO - Sync 1 DAGs
[2023-09-01T19:38:00.648+0000] {logging_mixin.py:150} INFO - [2023-09-01T19:38:00.648+0000] {dag.py:3508} INFO - Setting next_dagrun for tutorial_taskflow_api to None, run_after=None
[2023-09-01T19:38:00.722+0000] {processor.py:179} INFO - Processing /home/airflow/.local/lib/python3.7/site-packages/airflow/example_dags/tutorial_taskflow_api.py took 0.361 seconds
[2023-09-01T19:38:30.805+0000] {processor.py:157} INFO - Started process (PID=765) to work on /home/airflow/.local/lib/python3.7/site-packages/airflow/example_dags/tutorial_taskflow_api.py
[2023-09-01T19:38:30.806+0000] {processor.py:826} INFO - Processing file /home/airflow/.local/lib/python3.7/site-packages/airflow/example_dags/tutorial_taskflow_api.py for tasks to queue
[2023-09-01T19:38:30.807+0000] {logging_mixin.py:150} INFO - [2023-09-01T19:38:30.807+0000] {dagbag.py:541} INFO - Filling up the DagBag from /home/airflow/.local/lib/python3.7/site-packages/airflow/example_dags/tutorial_taskflow_api.py
[2023-09-01T19:38:30.817+0000] {processor.py:836} INFO - DAG(s) dict_keys(['tutorial_taskflow_api']) retrieved from /home/airflow/.local/lib/python3.7/site-packages/airflow/example_dags/tutorial_taskflow_api.py
[2023-09-01T19:38:30.841+0000] {logging_mixin.py:150} INFO - [2023-09-01T19:38:30.841+0000] {dag.py:2742} INFO - Sync 1 DAGs
[2023-09-01T19:38:30.863+0000] {logging_mixin.py:150} INFO - [2023-09-01T19:38:30.863+0000] {dag.py:3508} INFO - Setting next_dagrun for tutorial_taskflow_api to None, run_after=None
[2023-09-01T19:38:30.878+0000] {processor.py:179} INFO - Processing /home/airflow/.local/lib/python3.7/site-packages/airflow/example_dags/tutorial_taskflow_api.py took 0.077 seconds
[2023-09-01T19:39:00.981+0000] {processor.py:157} INFO - Started process (PID=820) to work on /home/airflow/.local/lib/python3.7/site-packages/airflow/example_dags/tutorial_taskflow_api.py
[2023-09-01T19:39:00.982+0000] {processor.py:826} INFO - Processing file /home/airflow/.local/lib/python3.7/site-packages/airflow/example_dags/tutorial_taskflow_api.py for tasks to queue
[2023-09-01T19:39:00.983+0000] {logging_mixin.py:150} INFO - [2023-09-01T19:39:00.983+0000] {dagbag.py:541} INFO - Filling up the DagBag from /home/airflow/.local/lib/python3.7/site-packages/airflow/example_dags/tutorial_taskflow_api.py
[2023-09-01T19:39:00.988+0000] {processor.py:836} INFO - DAG(s) dict_keys(['tutorial_taskflow_api']) retrieved from /home/airflow/.local/lib/python3.7/site-packages/airflow/example_dags/tutorial_taskflow_api.py
[2023-09-01T19:39:01.020+0000] {logging_mixin.py:150} INFO - [2023-09-01T19:39:01.020+0000] {dag.py:2742} INFO - Sync 1 DAGs
[2023-09-01T19:39:01.042+0000] {logging_mixin.py:150} INFO - [2023-09-01T19:39:01.042+0000] {dag.py:3508} INFO - Setting next_dagrun for tutorial_taskflow_api to None, run_after=None
[2023-09-01T19:39:01.060+0000] {processor.py:179} INFO - Processing /home/airflow/.local/lib/python3.7/site-packages/airflow/example_dags/tutorial_taskflow_api.py took 0.089 seconds
[2023-09-01T19:39:31.150+0000] {processor.py:157} INFO - Started process (PID=874) to work on /home/airflow/.local/lib/python3.7/site-packages/airflow/example_dags/tutorial_taskflow_api.py
[2023-09-01T19:39:31.151+0000] {processor.py:826} INFO - Processing file /home/airflow/.local/lib/python3.7/site-packages/airflow/example_dags/tutorial_taskflow_api.py for tasks to queue
[2023-09-01T19:39:31.153+0000] {logging_mixin.py:150} INFO - [2023-09-01T19:39:31.152+0000] {dagbag.py:541} INFO - Filling up the DagBag from /home/airflow/.local/lib/python3.7/site-packages/airflow/example_dags/tutorial_taskflow_api.py
[2023-09-01T19:39:31.176+0000] {processor.py:836} INFO - DAG(s) dict_keys(['tutorial_taskflow_api']) retrieved from /home/airflow/.local/lib/python3.7/site-packages/airflow/example_dags/tutorial_taskflow_api.py
[2023-09-01T19:39:31.203+0000] {logging_mixin.py:150} INFO - [2023-09-01T19:39:31.203+0000] {dag.py:2742} INFO - Sync 1 DAGs
[2023-09-01T19:39:31.225+0000] {logging_mixin.py:150} INFO - [2023-09-01T19:39:31.224+0000] {dag.py:3508} INFO - Setting next_dagrun for tutorial_taskflow_api to None, run_after=None
[2023-09-01T19:39:31.240+0000] {processor.py:179} INFO - Processing /home/airflow/.local/lib/python3.7/site-packages/airflow/example_dags/tutorial_taskflow_api.py took 0.093 seconds
[2023-09-01T19:40:01.457+0000] {processor.py:157} INFO - Started process (PID=929) to work on /home/airflow/.local/lib/python3.7/site-packages/airflow/example_dags/tutorial_taskflow_api.py
[2023-09-01T19:40:01.458+0000] {processor.py:826} INFO - Processing file /home/airflow/.local/lib/python3.7/site-packages/airflow/example_dags/tutorial_taskflow_api.py for tasks to queue
[2023-09-01T19:40:01.459+0000] {logging_mixin.py:150} INFO - [2023-09-01T19:40:01.458+0000] {dagbag.py:541} INFO - Filling up the DagBag from /home/airflow/.local/lib/python3.7/site-packages/airflow/example_dags/tutorial_taskflow_api.py
[2023-09-01T19:40:01.470+0000] {processor.py:836} INFO - DAG(s) dict_keys(['tutorial_taskflow_api']) retrieved from /home/airflow/.local/lib/python3.7/site-packages/airflow/example_dags/tutorial_taskflow_api.py
[2023-09-01T19:40:01.491+0000] {logging_mixin.py:150} INFO - [2023-09-01T19:40:01.491+0000] {dag.py:2742} INFO - Sync 1 DAGs
[2023-09-01T19:40:01.513+0000] {logging_mixin.py:150} INFO - [2023-09-01T19:40:01.513+0000] {dag.py:3508} INFO - Setting next_dagrun for tutorial_taskflow_api to None, run_after=None
[2023-09-01T19:40:01.530+0000] {processor.py:179} INFO - Processing /home/airflow/.local/lib/python3.7/site-packages/airflow/example_dags/tutorial_taskflow_api.py took 0.077 seconds
[2023-09-01T19:40:32.065+0000] {processor.py:157} INFO - Started process (PID=984) to work on /home/airflow/.local/lib/python3.7/site-packages/airflow/example_dags/tutorial_taskflow_api.py
[2023-09-01T19:40:32.066+0000] {processor.py:826} INFO - Processing file /home/airflow/.local/lib/python3.7/site-packages/airflow/example_dags/tutorial_taskflow_api.py for tasks to queue
[2023-09-01T19:40:32.066+0000] {logging_mixin.py:150} INFO - [2023-09-01T19:40:32.066+0000] {dagbag.py:541} INFO - Filling up the DagBag from /home/airflow/.local/lib/python3.7/site-packages/airflow/example_dags/tutorial_taskflow_api.py
[2023-09-01T19:40:32.073+0000] {processor.py:836} INFO - DAG(s) dict_keys(['tutorial_taskflow_api']) retrieved from /home/airflow/.local/lib/python3.7/site-packages/airflow/example_dags/tutorial_taskflow_api.py
[2023-09-01T19:40:32.097+0000] {logging_mixin.py:150} INFO - [2023-09-01T19:40:32.097+0000] {dag.py:2742} INFO - Sync 1 DAGs
[2023-09-01T19:40:32.124+0000] {logging_mixin.py:150} INFO - [2023-09-01T19:40:32.124+0000] {dag.py:3508} INFO - Setting next_dagrun for tutorial_taskflow_api to None, run_after=None
[2023-09-01T19:40:32.140+0000] {processor.py:179} INFO - Processing /home/airflow/.local/lib/python3.7/site-packages/airflow/example_dags/tutorial_taskflow_api.py took 0.080 seconds
[2023-09-01T19:41:02.188+0000] {processor.py:157} INFO - Started process (PID=1038) to work on /home/airflow/.local/lib/python3.7/site-packages/airflow/example_dags/tutorial_taskflow_api.py
[2023-09-01T19:41:02.189+0000] {processor.py:826} INFO - Processing file /home/airflow/.local/lib/python3.7/site-packages/airflow/example_dags/tutorial_taskflow_api.py for tasks to queue
[2023-09-01T19:41:02.190+0000] {logging_mixin.py:150} INFO - [2023-09-01T19:41:02.189+0000] {dagbag.py:541} INFO - Filling up the DagBag from /home/airflow/.local/lib/python3.7/site-packages/airflow/example_dags/tutorial_taskflow_api.py
[2023-09-01T19:41:02.195+0000] {processor.py:836} INFO - DAG(s) dict_keys(['tutorial_taskflow_api']) retrieved from /home/airflow/.local/lib/python3.7/site-packages/airflow/example_dags/tutorial_taskflow_api.py
[2023-09-01T19:41:02.216+0000] {logging_mixin.py:150} INFO - [2023-09-01T19:41:02.216+0000] {dag.py:2742} INFO - Sync 1 DAGs
[2023-09-01T19:41:02.242+0000] {logging_mixin.py:150} INFO - [2023-09-01T19:41:02.241+0000] {dag.py:3508} INFO - Setting next_dagrun for tutorial_taskflow_api to None, run_after=None
[2023-09-01T19:41:02.258+0000] {processor.py:179} INFO - Processing /home/airflow/.local/lib/python3.7/site-packages/airflow/example_dags/tutorial_taskflow_api.py took 0.073 seconds
[2023-09-01T19:41:32.520+0000] {processor.py:157} INFO - Started process (PID=1100) to work on /home/airflow/.local/lib/python3.7/site-packages/airflow/example_dags/tutorial_taskflow_api.py
[2023-09-01T19:41:32.521+0000] {processor.py:826} INFO - Processing file /home/airflow/.local/lib/python3.7/site-packages/airflow/example_dags/tutorial_taskflow_api.py for tasks to queue
[2023-09-01T19:41:32.522+0000] {logging_mixin.py:150} INFO - [2023-09-01T19:41:32.521+0000] {dagbag.py:541} INFO - Filling up the DagBag from /home/airflow/.local/lib/python3.7/site-packages/airflow/example_dags/tutorial_taskflow_api.py
[2023-09-01T19:41:32.527+0000] {processor.py:836} INFO - DAG(s) dict_keys(['tutorial_taskflow_api']) retrieved from /home/airflow/.local/lib/python3.7/site-packages/airflow/example_dags/tutorial_taskflow_api.py
[2023-09-01T19:41:32.551+0000] {logging_mixin.py:150} INFO - [2023-09-01T19:41:32.551+0000] {dag.py:2742} INFO - Sync 1 DAGs
[2023-09-01T19:41:32.573+0000] {logging_mixin.py:150} INFO - [2023-09-01T19:41:32.573+0000] {dag.py:3508} INFO - Setting next_dagrun for tutorial_taskflow_api to None, run_after=None
[2023-09-01T19:41:32.589+0000] {processor.py:179} INFO - Processing /home/airflow/.local/lib/python3.7/site-packages/airflow/example_dags/tutorial_taskflow_api.py took 0.072 seconds
[2023-09-01T19:42:02.943+0000] {processor.py:157} INFO - Started process (PID=1154) to work on /home/airflow/.local/lib/python3.7/site-packages/airflow/example_dags/tutorial_taskflow_api.py
[2023-09-01T19:42:02.944+0000] {processor.py:826} INFO - Processing file /home/airflow/.local/lib/python3.7/site-packages/airflow/example_dags/tutorial_taskflow_api.py for tasks to queue
[2023-09-01T19:42:02.945+0000] {logging_mixin.py:150} INFO - [2023-09-01T19:42:02.945+0000] {dagbag.py:541} INFO - Filling up the DagBag from /home/airflow/.local/lib/python3.7/site-packages/airflow/example_dags/tutorial_taskflow_api.py
[2023-09-01T19:42:02.951+0000] {processor.py:836} INFO - DAG(s) dict_keys(['tutorial_taskflow_api']) retrieved from /home/airflow/.local/lib/python3.7/site-packages/airflow/example_dags/tutorial_taskflow_api.py
[2023-09-01T19:42:02.976+0000] {logging_mixin.py:150} INFO - [2023-09-01T19:42:02.976+0000] {dag.py:2742} INFO - Sync 1 DAGs
[2023-09-01T19:42:03.004+0000] {logging_mixin.py:150} INFO - [2023-09-01T19:42:03.004+0000] {dag.py:3508} INFO - Setting next_dagrun for tutorial_taskflow_api to None, run_after=None
[2023-09-01T19:42:03.020+0000] {processor.py:179} INFO - Processing /home/airflow/.local/lib/python3.7/site-packages/airflow/example_dags/tutorial_taskflow_api.py took 0.081 seconds
[2023-09-01T19:42:33.259+0000] {processor.py:157} INFO - Started process (PID=1209) to work on /home/airflow/.local/lib/python3.7/site-packages/airflow/example_dags/tutorial_taskflow_api.py
[2023-09-01T19:42:33.261+0000] {processor.py:826} INFO - Processing file /home/airflow/.local/lib/python3.7/site-packages/airflow/example_dags/tutorial_taskflow_api.py for tasks to queue
[2023-09-01T19:42:33.261+0000] {logging_mixin.py:150} INFO - [2023-09-01T19:42:33.261+0000] {dagbag.py:541} INFO - Filling up the DagBag from /home/airflow/.local/lib/python3.7/site-packages/airflow/example_dags/tutorial_taskflow_api.py
[2023-09-01T19:42:33.269+0000] {processor.py:836} INFO - DAG(s) dict_keys(['tutorial_taskflow_api']) retrieved from /home/airflow/.local/lib/python3.7/site-packages/airflow/example_dags/tutorial_taskflow_api.py
[2023-09-01T19:42:33.308+0000] {logging_mixin.py:150} INFO - [2023-09-01T19:42:33.308+0000] {dag.py:2742} INFO - Sync 1 DAGs
[2023-09-01T19:42:33.333+0000] {logging_mixin.py:150} INFO - [2023-09-01T19:42:33.333+0000] {dag.py:3508} INFO - Setting next_dagrun for tutorial_taskflow_api to None, run_after=None
[2023-09-01T19:42:33.351+0000] {processor.py:179} INFO - Processing /home/airflow/.local/lib/python3.7/site-packages/airflow/example_dags/tutorial_taskflow_api.py took 0.097 seconds
[2023-09-01T19:43:03.527+0000] {processor.py:157} INFO - Started process (PID=1264) to work on /home/airflow/.local/lib/python3.7/site-packages/airflow/example_dags/tutorial_taskflow_api.py
[2023-09-01T19:43:03.528+0000] {processor.py:826} INFO - Processing file /home/airflow/.local/lib/python3.7/site-packages/airflow/example_dags/tutorial_taskflow_api.py for tasks to queue
[2023-09-01T19:43:03.529+0000] {logging_mixin.py:150} INFO - [2023-09-01T19:43:03.529+0000] {dagbag.py:541} INFO - Filling up the DagBag from /home/airflow/.local/lib/python3.7/site-packages/airflow/example_dags/tutorial_taskflow_api.py
[2023-09-01T19:43:03.537+0000] {processor.py:836} INFO - DAG(s) dict_keys(['tutorial_taskflow_api']) retrieved from /home/airflow/.local/lib/python3.7/site-packages/airflow/example_dags/tutorial_taskflow_api.py
[2023-09-01T19:43:03.583+0000] {logging_mixin.py:150} INFO - [2023-09-01T19:43:03.583+0000] {dag.py:2742} INFO - Sync 1 DAGs
[2023-09-01T19:43:03.609+0000] {logging_mixin.py:150} INFO - [2023-09-01T19:43:03.608+0000] {dag.py:3508} INFO - Setting next_dagrun for tutorial_taskflow_api to None, run_after=None
[2023-09-01T19:43:03.639+0000] {processor.py:179} INFO - Processing /home/airflow/.local/lib/python3.7/site-packages/airflow/example_dags/tutorial_taskflow_api.py took 0.116 seconds
[2023-09-01T19:43:34.297+0000] {processor.py:157} INFO - Started process (PID=1319) to work on /home/airflow/.local/lib/python3.7/site-packages/airflow/example_dags/tutorial_taskflow_api.py
[2023-09-01T19:43:34.297+0000] {processor.py:826} INFO - Processing file /home/airflow/.local/lib/python3.7/site-packages/airflow/example_dags/tutorial_taskflow_api.py for tasks to queue
[2023-09-01T19:43:34.298+0000] {logging_mixin.py:150} INFO - [2023-09-01T19:43:34.298+0000] {dagbag.py:541} INFO - Filling up the DagBag from /home/airflow/.local/lib/python3.7/site-packages/airflow/example_dags/tutorial_taskflow_api.py
[2023-09-01T19:43:34.303+0000] {processor.py:836} INFO - DAG(s) dict_keys(['tutorial_taskflow_api']) retrieved from /home/airflow/.local/lib/python3.7/site-packages/airflow/example_dags/tutorial_taskflow_api.py
[2023-09-01T19:43:34.325+0000] {logging_mixin.py:150} INFO - [2023-09-01T19:43:34.325+0000] {dag.py:2742} INFO - Sync 1 DAGs
[2023-09-01T19:43:34.346+0000] {logging_mixin.py:150} INFO - [2023-09-01T19:43:34.346+0000] {dag.py:3508} INFO - Setting next_dagrun for tutorial_taskflow_api to None, run_after=None
[2023-09-01T19:43:34.362+0000] {processor.py:179} INFO - Processing /home/airflow/.local/lib/python3.7/site-packages/airflow/example_dags/tutorial_taskflow_api.py took 0.068 seconds
[2023-09-01T19:44:04.712+0000] {processor.py:157} INFO - Started process (PID=1374) to work on /home/airflow/.local/lib/python3.7/site-packages/airflow/example_dags/tutorial_taskflow_api.py
[2023-09-01T19:44:04.715+0000] {processor.py:826} INFO - Processing file /home/airflow/.local/lib/python3.7/site-packages/airflow/example_dags/tutorial_taskflow_api.py for tasks to queue
[2023-09-01T19:44:04.717+0000] {logging_mixin.py:150} INFO - [2023-09-01T19:44:04.717+0000] {dagbag.py:541} INFO - Filling up the DagBag from /home/airflow/.local/lib/python3.7/site-packages/airflow/example_dags/tutorial_taskflow_api.py
[2023-09-01T19:44:04.724+0000] {processor.py:836} INFO - DAG(s) dict_keys(['tutorial_taskflow_api']) retrieved from /home/airflow/.local/lib/python3.7/site-packages/airflow/example_dags/tutorial_taskflow_api.py
[2023-09-01T19:44:04.754+0000] {logging_mixin.py:150} INFO - [2023-09-01T19:44:04.754+0000] {dag.py:2742} INFO - Sync 1 DAGs
[2023-09-01T19:44:04.777+0000] {logging_mixin.py:150} INFO - [2023-09-01T19:44:04.777+0000] {dag.py:3508} INFO - Setting next_dagrun for tutorial_taskflow_api to None, run_after=None
[2023-09-01T19:44:04.794+0000] {processor.py:179} INFO - Processing /home/airflow/.local/lib/python3.7/site-packages/airflow/example_dags/tutorial_taskflow_api.py took 0.085 seconds
[2023-09-01T19:44:35.396+0000] {processor.py:157} INFO - Started process (PID=1429) to work on /home/airflow/.local/lib/python3.7/site-packages/airflow/example_dags/tutorial_taskflow_api.py
[2023-09-01T19:44:35.397+0000] {processor.py:826} INFO - Processing file /home/airflow/.local/lib/python3.7/site-packages/airflow/example_dags/tutorial_taskflow_api.py for tasks to queue
[2023-09-01T19:44:35.397+0000] {logging_mixin.py:150} INFO - [2023-09-01T19:44:35.397+0000] {dagbag.py:541} INFO - Filling up the DagBag from /home/airflow/.local/lib/python3.7/site-packages/airflow/example_dags/tutorial_taskflow_api.py
[2023-09-01T19:44:35.403+0000] {processor.py:836} INFO - DAG(s) dict_keys(['tutorial_taskflow_api']) retrieved from /home/airflow/.local/lib/python3.7/site-packages/airflow/example_dags/tutorial_taskflow_api.py
[2023-09-01T19:44:35.425+0000] {logging_mixin.py:150} INFO - [2023-09-01T19:44:35.425+0000] {dag.py:2742} INFO - Sync 1 DAGs
[2023-09-01T19:44:35.447+0000] {logging_mixin.py:150} INFO - [2023-09-01T19:44:35.446+0000] {dag.py:3508} INFO - Setting next_dagrun for tutorial_taskflow_api to None, run_after=None
[2023-09-01T19:44:35.461+0000] {processor.py:179} INFO - Processing /home/airflow/.local/lib/python3.7/site-packages/airflow/example_dags/tutorial_taskflow_api.py took 0.069 seconds
[2023-09-01T19:45:05.647+0000] {processor.py:157} INFO - Started process (PID=1484) to work on /home/airflow/.local/lib/python3.7/site-packages/airflow/example_dags/tutorial_taskflow_api.py
[2023-09-01T19:45:05.649+0000] {processor.py:826} INFO - Processing file /home/airflow/.local/lib/python3.7/site-packages/airflow/example_dags/tutorial_taskflow_api.py for tasks to queue
[2023-09-01T19:45:05.651+0000] {logging_mixin.py:150} INFO - [2023-09-01T19:45:05.651+0000] {dagbag.py:541} INFO - Filling up the DagBag from /home/airflow/.local/lib/python3.7/site-packages/airflow/example_dags/tutorial_taskflow_api.py
[2023-09-01T19:45:05.661+0000] {processor.py:836} INFO - DAG(s) dict_keys(['tutorial_taskflow_api']) retrieved from /home/airflow/.local/lib/python3.7/site-packages/airflow/example_dags/tutorial_taskflow_api.py
[2023-09-01T19:45:05.685+0000] {logging_mixin.py:150} INFO - [2023-09-01T19:45:05.685+0000] {dag.py:2742} INFO - Sync 1 DAGs
[2023-09-01T19:45:05.718+0000] {logging_mixin.py:150} INFO - [2023-09-01T19:45:05.718+0000] {dag.py:3508} INFO - Setting next_dagrun for tutorial_taskflow_api to None, run_after=None
[2023-09-01T19:45:05.742+0000] {processor.py:179} INFO - Processing /home/airflow/.local/lib/python3.7/site-packages/airflow/example_dags/tutorial_taskflow_api.py took 0.101 seconds
[2023-09-01T19:45:35.945+0000] {processor.py:157} INFO - Started process (PID=1539) to work on /home/airflow/.local/lib/python3.7/site-packages/airflow/example_dags/tutorial_taskflow_api.py
[2023-09-01T19:45:35.946+0000] {processor.py:826} INFO - Processing file /home/airflow/.local/lib/python3.7/site-packages/airflow/example_dags/tutorial_taskflow_api.py for tasks to queue
[2023-09-01T19:45:35.949+0000] {logging_mixin.py:150} INFO - [2023-09-01T19:45:35.949+0000] {dagbag.py:541} INFO - Filling up the DagBag from /home/airflow/.local/lib/python3.7/site-packages/airflow/example_dags/tutorial_taskflow_api.py
[2023-09-01T19:45:35.955+0000] {processor.py:836} INFO - DAG(s) dict_keys(['tutorial_taskflow_api']) retrieved from /home/airflow/.local/lib/python3.7/site-packages/airflow/example_dags/tutorial_taskflow_api.py
[2023-09-01T19:45:36.000+0000] {logging_mixin.py:150} INFO - [2023-09-01T19:45:35.999+0000] {dag.py:2742} INFO - Sync 1 DAGs
[2023-09-01T19:45:36.030+0000] {logging_mixin.py:150} INFO - [2023-09-01T19:45:36.030+0000] {dag.py:3508} INFO - Setting next_dagrun for tutorial_taskflow_api to None, run_after=None
[2023-09-01T19:45:36.047+0000] {processor.py:179} INFO - Processing /home/airflow/.local/lib/python3.7/site-packages/airflow/example_dags/tutorial_taskflow_api.py took 0.105 seconds
[2023-09-01T19:46:06.390+0000] {processor.py:157} INFO - Started process (PID=1594) to work on /home/airflow/.local/lib/python3.7/site-packages/airflow/example_dags/tutorial_taskflow_api.py
[2023-09-01T19:46:06.391+0000] {processor.py:826} INFO - Processing file /home/airflow/.local/lib/python3.7/site-packages/airflow/example_dags/tutorial_taskflow_api.py for tasks to queue
[2023-09-01T19:46:06.392+0000] {logging_mixin.py:150} INFO - [2023-09-01T19:46:06.392+0000] {dagbag.py:541} INFO - Filling up the DagBag from /home/airflow/.local/lib/python3.7/site-packages/airflow/example_dags/tutorial_taskflow_api.py
[2023-09-01T19:46:06.398+0000] {processor.py:836} INFO - DAG(s) dict_keys(['tutorial_taskflow_api']) retrieved from /home/airflow/.local/lib/python3.7/site-packages/airflow/example_dags/tutorial_taskflow_api.py
[2023-09-01T19:46:06.427+0000] {logging_mixin.py:150} INFO - [2023-09-01T19:46:06.427+0000] {dag.py:2742} INFO - Sync 1 DAGs
[2023-09-01T19:46:06.451+0000] {logging_mixin.py:150} INFO - [2023-09-01T19:46:06.451+0000] {dag.py:3508} INFO - Setting next_dagrun for tutorial_taskflow_api to None, run_after=None
[2023-09-01T19:46:06.471+0000] {processor.py:179} INFO - Processing /home/airflow/.local/lib/python3.7/site-packages/airflow/example_dags/tutorial_taskflow_api.py took 0.084 seconds
[2023-09-01T19:46:36.881+0000] {processor.py:157} INFO - Started process (PID=1649) to work on /home/airflow/.local/lib/python3.7/site-packages/airflow/example_dags/tutorial_taskflow_api.py
[2023-09-01T19:46:36.882+0000] {processor.py:826} INFO - Processing file /home/airflow/.local/lib/python3.7/site-packages/airflow/example_dags/tutorial_taskflow_api.py for tasks to queue
[2023-09-01T19:46:36.883+0000] {logging_mixin.py:150} INFO - [2023-09-01T19:46:36.883+0000] {dagbag.py:541} INFO - Filling up the DagBag from /home/airflow/.local/lib/python3.7/site-packages/airflow/example_dags/tutorial_taskflow_api.py
[2023-09-01T19:46:36.889+0000] {processor.py:836} INFO - DAG(s) dict_keys(['tutorial_taskflow_api']) retrieved from /home/airflow/.local/lib/python3.7/site-packages/airflow/example_dags/tutorial_taskflow_api.py
[2023-09-01T19:46:36.909+0000] {logging_mixin.py:150} INFO - [2023-09-01T19:46:36.909+0000] {dag.py:2742} INFO - Sync 1 DAGs
[2023-09-01T19:46:36.929+0000] {logging_mixin.py:150} INFO - [2023-09-01T19:46:36.929+0000] {dag.py:3508} INFO - Setting next_dagrun for tutorial_taskflow_api to None, run_after=None
[2023-09-01T19:46:36.948+0000] {processor.py:179} INFO - Processing /home/airflow/.local/lib/python3.7/site-packages/airflow/example_dags/tutorial_taskflow_api.py took 0.069 seconds
[2023-09-01T19:47:07.472+0000] {processor.py:157} INFO - Started process (PID=1704) to work on /home/airflow/.local/lib/python3.7/site-packages/airflow/example_dags/tutorial_taskflow_api.py
[2023-09-01T19:47:07.473+0000] {processor.py:826} INFO - Processing file /home/airflow/.local/lib/python3.7/site-packages/airflow/example_dags/tutorial_taskflow_api.py for tasks to queue
[2023-09-01T19:47:07.474+0000] {logging_mixin.py:150} INFO - [2023-09-01T19:47:07.473+0000] {dagbag.py:541} INFO - Filling up the DagBag from /home/airflow/.local/lib/python3.7/site-packages/airflow/example_dags/tutorial_taskflow_api.py
[2023-09-01T19:47:07.480+0000] {processor.py:836} INFO - DAG(s) dict_keys(['tutorial_taskflow_api']) retrieved from /home/airflow/.local/lib/python3.7/site-packages/airflow/example_dags/tutorial_taskflow_api.py
[2023-09-01T19:47:07.501+0000] {logging_mixin.py:150} INFO - [2023-09-01T19:47:07.501+0000] {dag.py:2742} INFO - Sync 1 DAGs
[2023-09-01T19:47:07.524+0000] {logging_mixin.py:150} INFO - [2023-09-01T19:47:07.524+0000] {dag.py:3508} INFO - Setting next_dagrun for tutorial_taskflow_api to None, run_after=None
[2023-09-01T19:47:07.544+0000] {processor.py:179} INFO - Processing /home/airflow/.local/lib/python3.7/site-packages/airflow/example_dags/tutorial_taskflow_api.py took 0.075 seconds
[2023-09-01T19:47:37.871+0000] {processor.py:157} INFO - Started process (PID=1759) to work on /home/airflow/.local/lib/python3.7/site-packages/airflow/example_dags/tutorial_taskflow_api.py
[2023-09-01T19:47:37.872+0000] {processor.py:826} INFO - Processing file /home/airflow/.local/lib/python3.7/site-packages/airflow/example_dags/tutorial_taskflow_api.py for tasks to queue
[2023-09-01T19:47:37.873+0000] {logging_mixin.py:150} INFO - [2023-09-01T19:47:37.873+0000] {dagbag.py:541} INFO - Filling up the DagBag from /home/airflow/.local/lib/python3.7/site-packages/airflow/example_dags/tutorial_taskflow_api.py
[2023-09-01T19:47:37.879+0000] {processor.py:836} INFO - DAG(s) dict_keys(['tutorial_taskflow_api']) retrieved from /home/airflow/.local/lib/python3.7/site-packages/airflow/example_dags/tutorial_taskflow_api.py
[2023-09-01T19:47:37.902+0000] {logging_mixin.py:150} INFO - [2023-09-01T19:47:37.901+0000] {dag.py:2742} INFO - Sync 1 DAGs
[2023-09-01T19:47:37.925+0000] {logging_mixin.py:150} INFO - [2023-09-01T19:47:37.925+0000] {dag.py:3508} INFO - Setting next_dagrun for tutorial_taskflow_api to None, run_after=None
[2023-09-01T19:47:37.945+0000] {processor.py:179} INFO - Processing /home/airflow/.local/lib/python3.7/site-packages/airflow/example_dags/tutorial_taskflow_api.py took 0.077 seconds
[2023-09-01T19:48:08.301+0000] {processor.py:157} INFO - Started process (PID=1814) to work on /home/airflow/.local/lib/python3.7/site-packages/airflow/example_dags/tutorial_taskflow_api.py
[2023-09-01T19:48:08.302+0000] {processor.py:826} INFO - Processing file /home/airflow/.local/lib/python3.7/site-packages/airflow/example_dags/tutorial_taskflow_api.py for tasks to queue
[2023-09-01T19:48:08.303+0000] {logging_mixin.py:150} INFO - [2023-09-01T19:48:08.303+0000] {dagbag.py:541} INFO - Filling up the DagBag from /home/airflow/.local/lib/python3.7/site-packages/airflow/example_dags/tutorial_taskflow_api.py
[2023-09-01T19:48:08.309+0000] {processor.py:836} INFO - DAG(s) dict_keys(['tutorial_taskflow_api']) retrieved from /home/airflow/.local/lib/python3.7/site-packages/airflow/example_dags/tutorial_taskflow_api.py
[2023-09-01T19:48:08.331+0000] {logging_mixin.py:150} INFO - [2023-09-01T19:48:08.330+0000] {dag.py:2742} INFO - Sync 1 DAGs
[2023-09-01T19:48:08.358+0000] {logging_mixin.py:150} INFO - [2023-09-01T19:48:08.358+0000] {dag.py:3508} INFO - Setting next_dagrun for tutorial_taskflow_api to None, run_after=None
[2023-09-01T19:48:08.380+0000] {processor.py:179} INFO - Processing /home/airflow/.local/lib/python3.7/site-packages/airflow/example_dags/tutorial_taskflow_api.py took 0.085 seconds
[2023-09-01T19:48:39.233+0000] {processor.py:157} INFO - Started process (PID=1868) to work on /home/airflow/.local/lib/python3.7/site-packages/airflow/example_dags/tutorial_taskflow_api.py
[2023-09-01T19:48:39.234+0000] {processor.py:826} INFO - Processing file /home/airflow/.local/lib/python3.7/site-packages/airflow/example_dags/tutorial_taskflow_api.py for tasks to queue
[2023-09-01T19:48:39.234+0000] {logging_mixin.py:150} INFO - [2023-09-01T19:48:39.234+0000] {dagbag.py:541} INFO - Filling up the DagBag from /home/airflow/.local/lib/python3.7/site-packages/airflow/example_dags/tutorial_taskflow_api.py
[2023-09-01T19:48:39.240+0000] {processor.py:836} INFO - DAG(s) dict_keys(['tutorial_taskflow_api']) retrieved from /home/airflow/.local/lib/python3.7/site-packages/airflow/example_dags/tutorial_taskflow_api.py
[2023-09-01T19:48:39.262+0000] {logging_mixin.py:150} INFO - [2023-09-01T19:48:39.262+0000] {dag.py:2742} INFO - Sync 1 DAGs
[2023-09-01T19:48:39.291+0000] {logging_mixin.py:150} INFO - [2023-09-01T19:48:39.290+0000] {dag.py:3508} INFO - Setting next_dagrun for tutorial_taskflow_api to None, run_after=None
[2023-09-01T19:48:39.306+0000] {processor.py:179} INFO - Processing /home/airflow/.local/lib/python3.7/site-packages/airflow/example_dags/tutorial_taskflow_api.py took 0.076 seconds
[2023-09-01T19:49:09.958+0000] {processor.py:157} INFO - Started process (PID=1923) to work on /home/airflow/.local/lib/python3.7/site-packages/airflow/example_dags/tutorial_taskflow_api.py
[2023-09-01T19:49:09.959+0000] {processor.py:826} INFO - Processing file /home/airflow/.local/lib/python3.7/site-packages/airflow/example_dags/tutorial_taskflow_api.py for tasks to queue
[2023-09-01T19:49:09.960+0000] {logging_mixin.py:150} INFO - [2023-09-01T19:49:09.960+0000] {dagbag.py:541} INFO - Filling up the DagBag from /home/airflow/.local/lib/python3.7/site-packages/airflow/example_dags/tutorial_taskflow_api.py
[2023-09-01T19:49:09.966+0000] {processor.py:836} INFO - DAG(s) dict_keys(['tutorial_taskflow_api']) retrieved from /home/airflow/.local/lib/python3.7/site-packages/airflow/example_dags/tutorial_taskflow_api.py
[2023-09-01T19:49:09.997+0000] {logging_mixin.py:150} INFO - [2023-09-01T19:49:09.997+0000] {dag.py:2742} INFO - Sync 1 DAGs
[2023-09-01T19:49:10.020+0000] {logging_mixin.py:150} INFO - [2023-09-01T19:49:10.020+0000] {dag.py:3508} INFO - Setting next_dagrun for tutorial_taskflow_api to None, run_after=None
[2023-09-01T19:49:10.034+0000] {processor.py:179} INFO - Processing /home/airflow/.local/lib/python3.7/site-packages/airflow/example_dags/tutorial_taskflow_api.py took 0.079 seconds
[2023-09-01T19:49:40.724+0000] {processor.py:157} INFO - Started process (PID=1978) to work on /home/airflow/.local/lib/python3.7/site-packages/airflow/example_dags/tutorial_taskflow_api.py
[2023-09-01T19:49:40.727+0000] {processor.py:826} INFO - Processing file /home/airflow/.local/lib/python3.7/site-packages/airflow/example_dags/tutorial_taskflow_api.py for tasks to queue
[2023-09-01T19:49:40.728+0000] {logging_mixin.py:150} INFO - [2023-09-01T19:49:40.728+0000] {dagbag.py:541} INFO - Filling up the DagBag from /home/airflow/.local/lib/python3.7/site-packages/airflow/example_dags/tutorial_taskflow_api.py
[2023-09-01T19:49:40.746+0000] {processor.py:836} INFO - DAG(s) dict_keys(['tutorial_taskflow_api']) retrieved from /home/airflow/.local/lib/python3.7/site-packages/airflow/example_dags/tutorial_taskflow_api.py
[2023-09-01T19:49:40.791+0000] {logging_mixin.py:150} INFO - [2023-09-01T19:49:40.791+0000] {dag.py:2742} INFO - Sync 1 DAGs
[2023-09-01T19:49:40.828+0000] {logging_mixin.py:150} INFO - [2023-09-01T19:49:40.827+0000] {dag.py:3508} INFO - Setting next_dagrun for tutorial_taskflow_api to None, run_after=None
[2023-09-01T19:49:40.863+0000] {processor.py:179} INFO - Processing /home/airflow/.local/lib/python3.7/site-packages/airflow/example_dags/tutorial_taskflow_api.py took 0.143 seconds
[2023-09-01T19:50:11.913+0000] {processor.py:157} INFO - Started process (PID=2033) to work on /home/airflow/.local/lib/python3.7/site-packages/airflow/example_dags/tutorial_taskflow_api.py
[2023-09-01T19:50:11.916+0000] {processor.py:826} INFO - Processing file /home/airflow/.local/lib/python3.7/site-packages/airflow/example_dags/tutorial_taskflow_api.py for tasks to queue
[2023-09-01T19:50:11.916+0000] {logging_mixin.py:150} INFO - [2023-09-01T19:50:11.916+0000] {dagbag.py:541} INFO - Filling up the DagBag from /home/airflow/.local/lib/python3.7/site-packages/airflow/example_dags/tutorial_taskflow_api.py
[2023-09-01T19:50:11.932+0000] {processor.py:836} INFO - DAG(s) dict_keys(['tutorial_taskflow_api']) retrieved from /home/airflow/.local/lib/python3.7/site-packages/airflow/example_dags/tutorial_taskflow_api.py
[2023-09-01T19:50:11.974+0000] {logging_mixin.py:150} INFO - [2023-09-01T19:50:11.974+0000] {dag.py:2742} INFO - Sync 1 DAGs
[2023-09-01T19:50:12.026+0000] {logging_mixin.py:150} INFO - [2023-09-01T19:50:12.026+0000] {dag.py:3508} INFO - Setting next_dagrun for tutorial_taskflow_api to None, run_after=None
[2023-09-01T19:50:12.061+0000] {processor.py:179} INFO - Processing /home/airflow/.local/lib/python3.7/site-packages/airflow/example_dags/tutorial_taskflow_api.py took 0.162 seconds
[2023-09-01T19:50:42.920+0000] {processor.py:157} INFO - Started process (PID=2088) to work on /home/airflow/.local/lib/python3.7/site-packages/airflow/example_dags/tutorial_taskflow_api.py
[2023-09-01T19:50:42.921+0000] {processor.py:826} INFO - Processing file /home/airflow/.local/lib/python3.7/site-packages/airflow/example_dags/tutorial_taskflow_api.py for tasks to queue
[2023-09-01T19:50:42.922+0000] {logging_mixin.py:150} INFO - [2023-09-01T19:50:42.922+0000] {dagbag.py:541} INFO - Filling up the DagBag from /home/airflow/.local/lib/python3.7/site-packages/airflow/example_dags/tutorial_taskflow_api.py
[2023-09-01T19:50:42.927+0000] {processor.py:836} INFO - DAG(s) dict_keys(['tutorial_taskflow_api']) retrieved from /home/airflow/.local/lib/python3.7/site-packages/airflow/example_dags/tutorial_taskflow_api.py
[2023-09-01T19:50:42.949+0000] {logging_mixin.py:150} INFO - [2023-09-01T19:50:42.949+0000] {dag.py:2742} INFO - Sync 1 DAGs
[2023-09-01T19:50:42.983+0000] {logging_mixin.py:150} INFO - [2023-09-01T19:50:42.983+0000] {dag.py:3508} INFO - Setting next_dagrun for tutorial_taskflow_api to None, run_after=None
[2023-09-01T19:50:42.999+0000] {processor.py:179} INFO - Processing /home/airflow/.local/lib/python3.7/site-packages/airflow/example_dags/tutorial_taskflow_api.py took 0.082 seconds
[2023-09-01T19:51:13.735+0000] {processor.py:157} INFO - Started process (PID=2142) to work on /home/airflow/.local/lib/python3.7/site-packages/airflow/example_dags/tutorial_taskflow_api.py
[2023-09-01T19:51:13.736+0000] {processor.py:826} INFO - Processing file /home/airflow/.local/lib/python3.7/site-packages/airflow/example_dags/tutorial_taskflow_api.py for tasks to queue
[2023-09-01T19:51:13.738+0000] {logging_mixin.py:150} INFO - [2023-09-01T19:51:13.737+0000] {dagbag.py:541} INFO - Filling up the DagBag from /home/airflow/.local/lib/python3.7/site-packages/airflow/example_dags/tutorial_taskflow_api.py
[2023-09-01T19:51:13.750+0000] {processor.py:836} INFO - DAG(s) dict_keys(['tutorial_taskflow_api']) retrieved from /home/airflow/.local/lib/python3.7/site-packages/airflow/example_dags/tutorial_taskflow_api.py
[2023-09-01T19:51:13.815+0000] {logging_mixin.py:150} INFO - [2023-09-01T19:51:13.815+0000] {dag.py:2742} INFO - Sync 1 DAGs
[2023-09-01T19:51:13.851+0000] {logging_mixin.py:150} INFO - [2023-09-01T19:51:13.851+0000] {dag.py:3508} INFO - Setting next_dagrun for tutorial_taskflow_api to None, run_after=None
[2023-09-01T19:51:13.875+0000] {processor.py:179} INFO - Processing /home/airflow/.local/lib/python3.7/site-packages/airflow/example_dags/tutorial_taskflow_api.py took 0.143 seconds
[2023-09-01T19:51:44.715+0000] {processor.py:157} INFO - Started process (PID=2197) to work on /home/airflow/.local/lib/python3.7/site-packages/airflow/example_dags/tutorial_taskflow_api.py
[2023-09-01T19:51:44.716+0000] {processor.py:826} INFO - Processing file /home/airflow/.local/lib/python3.7/site-packages/airflow/example_dags/tutorial_taskflow_api.py for tasks to queue
[2023-09-01T19:51:44.716+0000] {logging_mixin.py:150} INFO - [2023-09-01T19:51:44.716+0000] {dagbag.py:541} INFO - Filling up the DagBag from /home/airflow/.local/lib/python3.7/site-packages/airflow/example_dags/tutorial_taskflow_api.py
[2023-09-01T19:51:44.722+0000] {processor.py:836} INFO - DAG(s) dict_keys(['tutorial_taskflow_api']) retrieved from /home/airflow/.local/lib/python3.7/site-packages/airflow/example_dags/tutorial_taskflow_api.py
[2023-09-01T19:51:44.745+0000] {logging_mixin.py:150} INFO - [2023-09-01T19:51:44.745+0000] {dag.py:2742} INFO - Sync 1 DAGs
[2023-09-01T19:51:44.766+0000] {logging_mixin.py:150} INFO - [2023-09-01T19:51:44.765+0000] {dag.py:3508} INFO - Setting next_dagrun for tutorial_taskflow_api to None, run_after=None
[2023-09-01T19:51:44.781+0000] {processor.py:179} INFO - Processing /home/airflow/.local/lib/python3.7/site-packages/airflow/example_dags/tutorial_taskflow_api.py took 0.071 seconds
[2023-09-01T19:52:15.755+0000] {processor.py:157} INFO - Started process (PID=2251) to work on /home/airflow/.local/lib/python3.7/site-packages/airflow/example_dags/tutorial_taskflow_api.py
[2023-09-01T19:52:15.763+0000] {processor.py:826} INFO - Processing file /home/airflow/.local/lib/python3.7/site-packages/airflow/example_dags/tutorial_taskflow_api.py for tasks to queue
[2023-09-01T19:52:15.763+0000] {logging_mixin.py:150} INFO - [2023-09-01T19:52:15.763+0000] {dagbag.py:541} INFO - Filling up the DagBag from /home/airflow/.local/lib/python3.7/site-packages/airflow/example_dags/tutorial_taskflow_api.py
[2023-09-01T19:52:15.773+0000] {processor.py:836} INFO - DAG(s) dict_keys(['tutorial_taskflow_api']) retrieved from /home/airflow/.local/lib/python3.7/site-packages/airflow/example_dags/tutorial_taskflow_api.py
[2023-09-01T19:52:15.822+0000] {logging_mixin.py:150} INFO - [2023-09-01T19:52:15.822+0000] {dag.py:2742} INFO - Sync 1 DAGs
[2023-09-01T19:52:15.872+0000] {logging_mixin.py:150} INFO - [2023-09-01T19:52:15.872+0000] {dag.py:3508} INFO - Setting next_dagrun for tutorial_taskflow_api to None, run_after=None
[2023-09-01T19:52:15.918+0000] {processor.py:179} INFO - Processing /home/airflow/.local/lib/python3.7/site-packages/airflow/example_dags/tutorial_taskflow_api.py took 0.168 seconds
[2023-09-01T19:52:46.897+0000] {processor.py:157} INFO - Started process (PID=2307) to work on /home/airflow/.local/lib/python3.7/site-packages/airflow/example_dags/tutorial_taskflow_api.py
[2023-09-01T19:52:46.897+0000] {processor.py:826} INFO - Processing file /home/airflow/.local/lib/python3.7/site-packages/airflow/example_dags/tutorial_taskflow_api.py for tasks to queue
[2023-09-01T19:52:46.898+0000] {logging_mixin.py:150} INFO - [2023-09-01T19:52:46.898+0000] {dagbag.py:541} INFO - Filling up the DagBag from /home/airflow/.local/lib/python3.7/site-packages/airflow/example_dags/tutorial_taskflow_api.py
[2023-09-01T19:52:46.903+0000] {processor.py:836} INFO - DAG(s) dict_keys(['tutorial_taskflow_api']) retrieved from /home/airflow/.local/lib/python3.7/site-packages/airflow/example_dags/tutorial_taskflow_api.py
[2023-09-01T19:52:46.925+0000] {logging_mixin.py:150} INFO - [2023-09-01T19:52:46.925+0000] {dag.py:2742} INFO - Sync 1 DAGs
[2023-09-01T19:52:46.947+0000] {logging_mixin.py:150} INFO - [2023-09-01T19:52:46.947+0000] {dag.py:3508} INFO - Setting next_dagrun for tutorial_taskflow_api to None, run_after=None
[2023-09-01T19:52:46.972+0000] {processor.py:179} INFO - Processing /home/airflow/.local/lib/python3.7/site-packages/airflow/example_dags/tutorial_taskflow_api.py took 0.085 seconds
[2023-09-01T19:53:17.294+0000] {processor.py:157} INFO - Started process (PID=2362) to work on /home/airflow/.local/lib/python3.7/site-packages/airflow/example_dags/tutorial_taskflow_api.py
[2023-09-01T19:53:17.295+0000] {processor.py:826} INFO - Processing file /home/airflow/.local/lib/python3.7/site-packages/airflow/example_dags/tutorial_taskflow_api.py for tasks to queue
[2023-09-01T19:53:17.296+0000] {logging_mixin.py:150} INFO - [2023-09-01T19:53:17.296+0000] {dagbag.py:541} INFO - Filling up the DagBag from /home/airflow/.local/lib/python3.7/site-packages/airflow/example_dags/tutorial_taskflow_api.py
[2023-09-01T19:53:17.301+0000] {processor.py:836} INFO - DAG(s) dict_keys(['tutorial_taskflow_api']) retrieved from /home/airflow/.local/lib/python3.7/site-packages/airflow/example_dags/tutorial_taskflow_api.py
[2023-09-01T19:53:17.324+0000] {logging_mixin.py:150} INFO - [2023-09-01T19:53:17.324+0000] {dag.py:2742} INFO - Sync 1 DAGs
[2023-09-01T19:53:17.344+0000] {logging_mixin.py:150} INFO - [2023-09-01T19:53:17.344+0000] {dag.py:3508} INFO - Setting next_dagrun for tutorial_taskflow_api to None, run_after=None
[2023-09-01T19:53:17.362+0000] {processor.py:179} INFO - Processing /home/airflow/.local/lib/python3.7/site-packages/airflow/example_dags/tutorial_taskflow_api.py took 0.070 seconds
[2023-09-01T19:53:47.978+0000] {processor.py:157} INFO - Started process (PID=2417) to work on /home/airflow/.local/lib/python3.7/site-packages/airflow/example_dags/tutorial_taskflow_api.py
[2023-09-01T19:53:47.979+0000] {processor.py:826} INFO - Processing file /home/airflow/.local/lib/python3.7/site-packages/airflow/example_dags/tutorial_taskflow_api.py for tasks to queue
[2023-09-01T19:53:47.982+0000] {logging_mixin.py:150} INFO - [2023-09-01T19:53:47.980+0000] {dagbag.py:541} INFO - Filling up the DagBag from /home/airflow/.local/lib/python3.7/site-packages/airflow/example_dags/tutorial_taskflow_api.py
[2023-09-01T19:53:47.991+0000] {processor.py:836} INFO - DAG(s) dict_keys(['tutorial_taskflow_api']) retrieved from /home/airflow/.local/lib/python3.7/site-packages/airflow/example_dags/tutorial_taskflow_api.py
[2023-09-01T19:53:48.019+0000] {logging_mixin.py:150} INFO - [2023-09-01T19:53:48.019+0000] {dag.py:2742} INFO - Sync 1 DAGs
[2023-09-01T19:53:48.046+0000] {logging_mixin.py:150} INFO - [2023-09-01T19:53:48.046+0000] {dag.py:3508} INFO - Setting next_dagrun for tutorial_taskflow_api to None, run_after=None
[2023-09-01T19:53:48.067+0000] {processor.py:179} INFO - Processing /home/airflow/.local/lib/python3.7/site-packages/airflow/example_dags/tutorial_taskflow_api.py took 0.093 seconds
[2023-09-01T19:54:19.302+0000] {processor.py:157} INFO - Started process (PID=2472) to work on /home/airflow/.local/lib/python3.7/site-packages/airflow/example_dags/tutorial_taskflow_api.py
[2023-09-01T19:54:19.303+0000] {processor.py:826} INFO - Processing file /home/airflow/.local/lib/python3.7/site-packages/airflow/example_dags/tutorial_taskflow_api.py for tasks to queue
[2023-09-01T19:54:19.304+0000] {logging_mixin.py:150} INFO - [2023-09-01T19:54:19.304+0000] {dagbag.py:541} INFO - Filling up the DagBag from /home/airflow/.local/lib/python3.7/site-packages/airflow/example_dags/tutorial_taskflow_api.py
[2023-09-01T19:54:19.316+0000] {processor.py:836} INFO - DAG(s) dict_keys(['tutorial_taskflow_api']) retrieved from /home/airflow/.local/lib/python3.7/site-packages/airflow/example_dags/tutorial_taskflow_api.py
[2023-09-01T19:54:19.339+0000] {logging_mixin.py:150} INFO - [2023-09-01T19:54:19.338+0000] {dag.py:2742} INFO - Sync 1 DAGs
[2023-09-01T19:54:19.362+0000] {logging_mixin.py:150} INFO - [2023-09-01T19:54:19.362+0000] {dag.py:3508} INFO - Setting next_dagrun for tutorial_taskflow_api to None, run_after=None
[2023-09-01T19:54:19.380+0000] {processor.py:179} INFO - Processing /home/airflow/.local/lib/python3.7/site-packages/airflow/example_dags/tutorial_taskflow_api.py took 0.082 seconds
[2023-09-01T19:54:50.299+0000] {processor.py:157} INFO - Started process (PID=2527) to work on /home/airflow/.local/lib/python3.7/site-packages/airflow/example_dags/tutorial_taskflow_api.py
[2023-09-01T19:54:50.300+0000] {processor.py:826} INFO - Processing file /home/airflow/.local/lib/python3.7/site-packages/airflow/example_dags/tutorial_taskflow_api.py for tasks to queue
[2023-09-01T19:54:50.300+0000] {logging_mixin.py:150} INFO - [2023-09-01T19:54:50.300+0000] {dagbag.py:541} INFO - Filling up the DagBag from /home/airflow/.local/lib/python3.7/site-packages/airflow/example_dags/tutorial_taskflow_api.py
[2023-09-01T19:54:50.306+0000] {processor.py:836} INFO - DAG(s) dict_keys(['tutorial_taskflow_api']) retrieved from /home/airflow/.local/lib/python3.7/site-packages/airflow/example_dags/tutorial_taskflow_api.py
[2023-09-01T19:54:50.329+0000] {logging_mixin.py:150} INFO - [2023-09-01T19:54:50.329+0000] {dag.py:2742} INFO - Sync 1 DAGs
[2023-09-01T19:54:50.378+0000] {logging_mixin.py:150} INFO - [2023-09-01T19:54:50.378+0000] {dag.py:3508} INFO - Setting next_dagrun for tutorial_taskflow_api to None, run_after=None
[2023-09-01T19:54:50.404+0000] {processor.py:179} INFO - Processing /home/airflow/.local/lib/python3.7/site-packages/airflow/example_dags/tutorial_taskflow_api.py took 0.110 seconds
