[2023-09-01T19:31:50.090+0000] {processor.py:157} INFO - Started process (PID=41) to work on /home/airflow/.local/lib/python3.7/site-packages/airflow/example_dags/tutorial.py
[2023-09-01T19:31:50.105+0000] {processor.py:826} INFO - Processing file /home/airflow/.local/lib/python3.7/site-packages/airflow/example_dags/tutorial.py for tasks to queue
[2023-09-01T19:31:50.109+0000] {logging_mixin.py:150} INFO - [2023-09-01T19:31:50.106+0000] {dagbag.py:541} INFO - Filling up the DagBag from /home/airflow/.local/lib/python3.7/site-packages/airflow/example_dags/tutorial.py
[2023-09-01T19:31:50.130+0000] {processor.py:836} INFO - DAG(s) dict_keys(['tutorial']) retrieved from /home/airflow/.local/lib/python3.7/site-packages/airflow/example_dags/tutorial.py
[2023-09-01T19:31:50.228+0000] {logging_mixin.py:150} INFO - [2023-09-01T19:31:50.221+0000] {dag.py:2742} INFO - Sync 1 DAGs
[2023-09-01T19:31:50.811+0000] {logging_mixin.py:150} INFO - [2023-09-01T19:31:50.811+0000] {dag.py:3508} INFO - Setting next_dagrun for tutorial to 2023-08-31T19:31:50.811236+00:00, run_after=2023-09-01T19:31:50.811236+00:00
[2023-09-01T19:31:50.874+0000] {processor.py:179} INFO - Processing /home/airflow/.local/lib/python3.7/site-packages/airflow/example_dags/tutorial.py took 0.787 seconds
[2023-09-01T19:32:21.006+0000] {processor.py:157} INFO - Started process (PID=97) to work on /home/airflow/.local/lib/python3.7/site-packages/airflow/example_dags/tutorial.py
[2023-09-01T19:32:21.007+0000] {processor.py:826} INFO - Processing file /home/airflow/.local/lib/python3.7/site-packages/airflow/example_dags/tutorial.py for tasks to queue
[2023-09-01T19:32:21.008+0000] {logging_mixin.py:150} INFO - [2023-09-01T19:32:21.008+0000] {dagbag.py:541} INFO - Filling up the DagBag from /home/airflow/.local/lib/python3.7/site-packages/airflow/example_dags/tutorial.py
[2023-09-01T19:32:21.014+0000] {processor.py:836} INFO - DAG(s) dict_keys(['tutorial']) retrieved from /home/airflow/.local/lib/python3.7/site-packages/airflow/example_dags/tutorial.py
[2023-09-01T19:32:21.034+0000] {logging_mixin.py:150} INFO - [2023-09-01T19:32:21.033+0000] {dag.py:2742} INFO - Sync 1 DAGs
[2023-09-01T19:32:21.054+0000] {logging_mixin.py:150} INFO - [2023-09-01T19:32:21.054+0000] {dag.py:3508} INFO - Setting next_dagrun for tutorial to 2023-08-31T19:32:21.053909+00:00, run_after=2023-09-01T19:32:21.053909+00:00
[2023-09-01T19:32:21.068+0000] {processor.py:179} INFO - Processing /home/airflow/.local/lib/python3.7/site-packages/airflow/example_dags/tutorial.py took 0.066 seconds
[2023-09-01T19:32:52.022+0000] {processor.py:157} INFO - Started process (PID=152) to work on /home/airflow/.local/lib/python3.7/site-packages/airflow/example_dags/tutorial.py
[2023-09-01T19:32:52.023+0000] {processor.py:826} INFO - Processing file /home/airflow/.local/lib/python3.7/site-packages/airflow/example_dags/tutorial.py for tasks to queue
[2023-09-01T19:32:52.024+0000] {logging_mixin.py:150} INFO - [2023-09-01T19:32:52.024+0000] {dagbag.py:541} INFO - Filling up the DagBag from /home/airflow/.local/lib/python3.7/site-packages/airflow/example_dags/tutorial.py
[2023-09-01T19:32:52.034+0000] {processor.py:836} INFO - DAG(s) dict_keys(['tutorial']) retrieved from /home/airflow/.local/lib/python3.7/site-packages/airflow/example_dags/tutorial.py
[2023-09-01T19:32:52.058+0000] {logging_mixin.py:150} INFO - [2023-09-01T19:32:52.058+0000] {dag.py:2742} INFO - Sync 1 DAGs
[2023-09-01T19:32:52.078+0000] {logging_mixin.py:150} INFO - [2023-09-01T19:32:52.078+0000] {dag.py:3508} INFO - Setting next_dagrun for tutorial to 2023-08-31T19:32:52.078532+00:00, run_after=2023-09-01T19:32:52.078532+00:00
[2023-09-01T19:32:52.093+0000] {processor.py:179} INFO - Processing /home/airflow/.local/lib/python3.7/site-packages/airflow/example_dags/tutorial.py took 0.075 seconds
[2023-09-01T19:33:22.318+0000] {processor.py:157} INFO - Started process (PID=207) to work on /home/airflow/.local/lib/python3.7/site-packages/airflow/example_dags/tutorial.py
[2023-09-01T19:33:22.318+0000] {processor.py:826} INFO - Processing file /home/airflow/.local/lib/python3.7/site-packages/airflow/example_dags/tutorial.py for tasks to queue
[2023-09-01T19:33:22.319+0000] {logging_mixin.py:150} INFO - [2023-09-01T19:33:22.319+0000] {dagbag.py:541} INFO - Filling up the DagBag from /home/airflow/.local/lib/python3.7/site-packages/airflow/example_dags/tutorial.py
[2023-09-01T19:33:22.325+0000] {processor.py:836} INFO - DAG(s) dict_keys(['tutorial']) retrieved from /home/airflow/.local/lib/python3.7/site-packages/airflow/example_dags/tutorial.py
[2023-09-01T19:33:22.349+0000] {logging_mixin.py:150} INFO - [2023-09-01T19:33:22.349+0000] {dag.py:2742} INFO - Sync 1 DAGs
[2023-09-01T19:33:22.369+0000] {logging_mixin.py:150} INFO - [2023-09-01T19:33:22.368+0000] {dag.py:3508} INFO - Setting next_dagrun for tutorial to 2023-08-31T19:33:22.368715+00:00, run_after=2023-09-01T19:33:22.368715+00:00
[2023-09-01T19:33:22.383+0000] {processor.py:179} INFO - Processing /home/airflow/.local/lib/python3.7/site-packages/airflow/example_dags/tutorial.py took 0.068 seconds
[2023-09-01T19:33:52.658+0000] {processor.py:157} INFO - Started process (PID=262) to work on /home/airflow/.local/lib/python3.7/site-packages/airflow/example_dags/tutorial.py
[2023-09-01T19:33:52.659+0000] {processor.py:826} INFO - Processing file /home/airflow/.local/lib/python3.7/site-packages/airflow/example_dags/tutorial.py for tasks to queue
[2023-09-01T19:33:52.660+0000] {logging_mixin.py:150} INFO - [2023-09-01T19:33:52.660+0000] {dagbag.py:541} INFO - Filling up the DagBag from /home/airflow/.local/lib/python3.7/site-packages/airflow/example_dags/tutorial.py
[2023-09-01T19:33:52.666+0000] {processor.py:836} INFO - DAG(s) dict_keys(['tutorial']) retrieved from /home/airflow/.local/lib/python3.7/site-packages/airflow/example_dags/tutorial.py
[2023-09-01T19:33:52.687+0000] {logging_mixin.py:150} INFO - [2023-09-01T19:33:52.687+0000] {dag.py:2742} INFO - Sync 1 DAGs
[2023-09-01T19:33:52.708+0000] {logging_mixin.py:150} INFO - [2023-09-01T19:33:52.707+0000] {dag.py:3508} INFO - Setting next_dagrun for tutorial to 2023-08-31T19:33:52.707625+00:00, run_after=2023-09-01T19:33:52.707625+00:00
[2023-09-01T19:33:52.723+0000] {processor.py:179} INFO - Processing /home/airflow/.local/lib/python3.7/site-packages/airflow/example_dags/tutorial.py took 0.068 seconds
[2023-09-01T19:34:23.148+0000] {processor.py:157} INFO - Started process (PID=317) to work on /home/airflow/.local/lib/python3.7/site-packages/airflow/example_dags/tutorial.py
[2023-09-01T19:34:23.149+0000] {processor.py:826} INFO - Processing file /home/airflow/.local/lib/python3.7/site-packages/airflow/example_dags/tutorial.py for tasks to queue
[2023-09-01T19:34:23.149+0000] {logging_mixin.py:150} INFO - [2023-09-01T19:34:23.149+0000] {dagbag.py:541} INFO - Filling up the DagBag from /home/airflow/.local/lib/python3.7/site-packages/airflow/example_dags/tutorial.py
[2023-09-01T19:34:23.155+0000] {processor.py:836} INFO - DAG(s) dict_keys(['tutorial']) retrieved from /home/airflow/.local/lib/python3.7/site-packages/airflow/example_dags/tutorial.py
[2023-09-01T19:34:23.174+0000] {logging_mixin.py:150} INFO - [2023-09-01T19:34:23.174+0000] {dag.py:2742} INFO - Sync 1 DAGs
[2023-09-01T19:34:23.194+0000] {logging_mixin.py:150} INFO - [2023-09-01T19:34:23.194+0000] {dag.py:3508} INFO - Setting next_dagrun for tutorial to 2023-08-31T19:34:23.194074+00:00, run_after=2023-09-01T19:34:23.194074+00:00
[2023-09-01T19:34:23.210+0000] {processor.py:179} INFO - Processing /home/airflow/.local/lib/python3.7/site-packages/airflow/example_dags/tutorial.py took 0.065 seconds
[2023-09-01T19:34:53.350+0000] {processor.py:157} INFO - Started process (PID=372) to work on /home/airflow/.local/lib/python3.7/site-packages/airflow/example_dags/tutorial.py
[2023-09-01T19:34:53.353+0000] {processor.py:826} INFO - Processing file /home/airflow/.local/lib/python3.7/site-packages/airflow/example_dags/tutorial.py for tasks to queue
[2023-09-01T19:34:53.357+0000] {logging_mixin.py:150} INFO - [2023-09-01T19:34:53.357+0000] {dagbag.py:541} INFO - Filling up the DagBag from /home/airflow/.local/lib/python3.7/site-packages/airflow/example_dags/tutorial.py
[2023-09-01T19:34:53.364+0000] {processor.py:836} INFO - DAG(s) dict_keys(['tutorial']) retrieved from /home/airflow/.local/lib/python3.7/site-packages/airflow/example_dags/tutorial.py
[2023-09-01T19:34:53.397+0000] {logging_mixin.py:150} INFO - [2023-09-01T19:34:53.397+0000] {dag.py:2742} INFO - Sync 1 DAGs
[2023-09-01T19:34:53.418+0000] {logging_mixin.py:150} INFO - [2023-09-01T19:34:53.418+0000] {dag.py:3508} INFO - Setting next_dagrun for tutorial to 2023-08-31T19:34:53.418039+00:00, run_after=2023-09-01T19:34:53.418039+00:00
[2023-09-01T19:34:53.433+0000] {processor.py:179} INFO - Processing /home/airflow/.local/lib/python3.7/site-packages/airflow/example_dags/tutorial.py took 0.090 seconds
[2023-09-01T19:35:23.568+0000] {processor.py:157} INFO - Started process (PID=427) to work on /home/airflow/.local/lib/python3.7/site-packages/airflow/example_dags/tutorial.py
[2023-09-01T19:35:23.569+0000] {processor.py:826} INFO - Processing file /home/airflow/.local/lib/python3.7/site-packages/airflow/example_dags/tutorial.py for tasks to queue
[2023-09-01T19:35:23.569+0000] {logging_mixin.py:150} INFO - [2023-09-01T19:35:23.569+0000] {dagbag.py:541} INFO - Filling up the DagBag from /home/airflow/.local/lib/python3.7/site-packages/airflow/example_dags/tutorial.py
[2023-09-01T19:35:23.577+0000] {processor.py:836} INFO - DAG(s) dict_keys(['tutorial']) retrieved from /home/airflow/.local/lib/python3.7/site-packages/airflow/example_dags/tutorial.py
[2023-09-01T19:35:23.597+0000] {logging_mixin.py:150} INFO - [2023-09-01T19:35:23.597+0000] {dag.py:2742} INFO - Sync 1 DAGs
[2023-09-01T19:35:23.618+0000] {logging_mixin.py:150} INFO - [2023-09-01T19:35:23.618+0000] {dag.py:3508} INFO - Setting next_dagrun for tutorial to 2023-08-31T19:35:23.617875+00:00, run_after=2023-09-01T19:35:23.617875+00:00
[2023-09-01T19:35:23.632+0000] {processor.py:179} INFO - Processing /home/airflow/.local/lib/python3.7/site-packages/airflow/example_dags/tutorial.py took 0.068 seconds
[2023-09-01T19:35:53.818+0000] {processor.py:157} INFO - Started process (PID=482) to work on /home/airflow/.local/lib/python3.7/site-packages/airflow/example_dags/tutorial.py
[2023-09-01T19:35:53.819+0000] {processor.py:826} INFO - Processing file /home/airflow/.local/lib/python3.7/site-packages/airflow/example_dags/tutorial.py for tasks to queue
[2023-09-01T19:35:53.819+0000] {logging_mixin.py:150} INFO - [2023-09-01T19:35:53.819+0000] {dagbag.py:541} INFO - Filling up the DagBag from /home/airflow/.local/lib/python3.7/site-packages/airflow/example_dags/tutorial.py
[2023-09-01T19:35:53.826+0000] {processor.py:836} INFO - DAG(s) dict_keys(['tutorial']) retrieved from /home/airflow/.local/lib/python3.7/site-packages/airflow/example_dags/tutorial.py
[2023-09-01T19:35:53.846+0000] {logging_mixin.py:150} INFO - [2023-09-01T19:35:53.846+0000] {dag.py:2742} INFO - Sync 1 DAGs
[2023-09-01T19:35:53.872+0000] {logging_mixin.py:150} INFO - [2023-09-01T19:35:53.872+0000] {dag.py:3508} INFO - Setting next_dagrun for tutorial to 2023-08-31T19:35:53.872401+00:00, run_after=2023-09-01T19:35:53.872401+00:00
[2023-09-01T19:35:53.894+0000] {processor.py:179} INFO - Processing /home/airflow/.local/lib/python3.7/site-packages/airflow/example_dags/tutorial.py took 0.080 seconds
[2023-09-01T19:36:24.478+0000] {processor.py:157} INFO - Started process (PID=537) to work on /home/airflow/.local/lib/python3.7/site-packages/airflow/example_dags/tutorial.py
[2023-09-01T19:36:24.479+0000] {processor.py:826} INFO - Processing file /home/airflow/.local/lib/python3.7/site-packages/airflow/example_dags/tutorial.py for tasks to queue
[2023-09-01T19:36:24.480+0000] {logging_mixin.py:150} INFO - [2023-09-01T19:36:24.480+0000] {dagbag.py:541} INFO - Filling up the DagBag from /home/airflow/.local/lib/python3.7/site-packages/airflow/example_dags/tutorial.py
[2023-09-01T19:36:24.486+0000] {processor.py:836} INFO - DAG(s) dict_keys(['tutorial']) retrieved from /home/airflow/.local/lib/python3.7/site-packages/airflow/example_dags/tutorial.py
[2023-09-01T19:36:24.507+0000] {logging_mixin.py:150} INFO - [2023-09-01T19:36:24.506+0000] {dag.py:2742} INFO - Sync 1 DAGs
[2023-09-01T19:36:24.528+0000] {logging_mixin.py:150} INFO - [2023-09-01T19:36:24.528+0000] {dag.py:3508} INFO - Setting next_dagrun for tutorial to 2023-08-31T19:36:24.528412+00:00, run_after=2023-09-01T19:36:24.528412+00:00
[2023-09-01T19:36:24.544+0000] {processor.py:179} INFO - Processing /home/airflow/.local/lib/python3.7/site-packages/airflow/example_dags/tutorial.py took 0.069 seconds
[2023-09-01T19:36:55.298+0000] {processor.py:157} INFO - Started process (PID=592) to work on /home/airflow/.local/lib/python3.7/site-packages/airflow/example_dags/tutorial.py
[2023-09-01T19:36:55.299+0000] {processor.py:826} INFO - Processing file /home/airflow/.local/lib/python3.7/site-packages/airflow/example_dags/tutorial.py for tasks to queue
[2023-09-01T19:36:55.300+0000] {logging_mixin.py:150} INFO - [2023-09-01T19:36:55.299+0000] {dagbag.py:541} INFO - Filling up the DagBag from /home/airflow/.local/lib/python3.7/site-packages/airflow/example_dags/tutorial.py
[2023-09-01T19:36:55.307+0000] {processor.py:836} INFO - DAG(s) dict_keys(['tutorial']) retrieved from /home/airflow/.local/lib/python3.7/site-packages/airflow/example_dags/tutorial.py
[2023-09-01T19:36:55.330+0000] {logging_mixin.py:150} INFO - [2023-09-01T19:36:55.330+0000] {dag.py:2742} INFO - Sync 1 DAGs
[2023-09-01T19:36:55.355+0000] {logging_mixin.py:150} INFO - [2023-09-01T19:36:55.355+0000] {dag.py:3508} INFO - Setting next_dagrun for tutorial to 2023-08-31T19:36:55.355509+00:00, run_after=2023-09-01T19:36:55.355509+00:00
[2023-09-01T19:36:55.375+0000] {processor.py:179} INFO - Processing /home/airflow/.local/lib/python3.7/site-packages/airflow/example_dags/tutorial.py took 0.082 seconds
[2023-09-01T19:37:26.300+0000] {processor.py:157} INFO - Started process (PID=647) to work on /home/airflow/.local/lib/python3.7/site-packages/airflow/example_dags/tutorial.py
[2023-09-01T19:37:26.303+0000] {processor.py:826} INFO - Processing file /home/airflow/.local/lib/python3.7/site-packages/airflow/example_dags/tutorial.py for tasks to queue
[2023-09-01T19:37:26.304+0000] {logging_mixin.py:150} INFO - [2023-09-01T19:37:26.303+0000] {dagbag.py:541} INFO - Filling up the DagBag from /home/airflow/.local/lib/python3.7/site-packages/airflow/example_dags/tutorial.py
[2023-09-01T19:37:26.319+0000] {processor.py:836} INFO - DAG(s) dict_keys(['tutorial']) retrieved from /home/airflow/.local/lib/python3.7/site-packages/airflow/example_dags/tutorial.py
[2023-09-01T19:37:26.354+0000] {logging_mixin.py:150} INFO - [2023-09-01T19:37:26.354+0000] {dag.py:2742} INFO - Sync 1 DAGs
[2023-09-01T19:37:26.423+0000] {logging_mixin.py:150} INFO - [2023-09-01T19:37:26.422+0000] {dag.py:3508} INFO - Setting next_dagrun for tutorial to 2023-08-31T19:37:26.422741+00:00, run_after=2023-09-01T19:37:26.422741+00:00
[2023-09-01T19:37:26.479+0000] {processor.py:179} INFO - Processing /home/airflow/.local/lib/python3.7/site-packages/airflow/example_dags/tutorial.py took 0.202 seconds
[2023-09-01T19:37:56.772+0000] {processor.py:157} INFO - Started process (PID=702) to work on /home/airflow/.local/lib/python3.7/site-packages/airflow/example_dags/tutorial.py
[2023-09-01T19:37:56.776+0000] {processor.py:826} INFO - Processing file /home/airflow/.local/lib/python3.7/site-packages/airflow/example_dags/tutorial.py for tasks to queue
[2023-09-01T19:37:56.777+0000] {logging_mixin.py:150} INFO - [2023-09-01T19:37:56.776+0000] {dagbag.py:541} INFO - Filling up the DagBag from /home/airflow/.local/lib/python3.7/site-packages/airflow/example_dags/tutorial.py
[2023-09-01T19:37:56.812+0000] {processor.py:836} INFO - DAG(s) dict_keys(['tutorial']) retrieved from /home/airflow/.local/lib/python3.7/site-packages/airflow/example_dags/tutorial.py
[2023-09-01T19:37:56.970+0000] {logging_mixin.py:150} INFO - [2023-09-01T19:37:56.970+0000] {dag.py:2742} INFO - Sync 1 DAGs
[2023-09-01T19:37:57.096+0000] {logging_mixin.py:150} INFO - [2023-09-01T19:37:57.096+0000] {dag.py:3508} INFO - Setting next_dagrun for tutorial to 2023-08-31T19:37:57.096144+00:00, run_after=2023-09-01T19:37:57.096144+00:00
[2023-09-01T19:37:57.340+0000] {processor.py:179} INFO - Processing /home/airflow/.local/lib/python3.7/site-packages/airflow/example_dags/tutorial.py took 0.579 seconds
[2023-09-01T19:38:28.078+0000] {processor.py:157} INFO - Started process (PID=757) to work on /home/airflow/.local/lib/python3.7/site-packages/airflow/example_dags/tutorial.py
[2023-09-01T19:38:28.088+0000] {processor.py:826} INFO - Processing file /home/airflow/.local/lib/python3.7/site-packages/airflow/example_dags/tutorial.py for tasks to queue
[2023-09-01T19:38:28.088+0000] {logging_mixin.py:150} INFO - [2023-09-01T19:38:28.088+0000] {dagbag.py:541} INFO - Filling up the DagBag from /home/airflow/.local/lib/python3.7/site-packages/airflow/example_dags/tutorial.py
[2023-09-01T19:38:28.097+0000] {processor.py:836} INFO - DAG(s) dict_keys(['tutorial']) retrieved from /home/airflow/.local/lib/python3.7/site-packages/airflow/example_dags/tutorial.py
[2023-09-01T19:38:28.136+0000] {logging_mixin.py:150} INFO - [2023-09-01T19:38:28.136+0000] {dag.py:2742} INFO - Sync 1 DAGs
[2023-09-01T19:38:28.176+0000] {logging_mixin.py:150} INFO - [2023-09-01T19:38:28.176+0000] {dag.py:3508} INFO - Setting next_dagrun for tutorial to 2023-08-31T19:38:28.176072+00:00, run_after=2023-09-01T19:38:28.176072+00:00
[2023-09-01T19:38:28.211+0000] {processor.py:179} INFO - Processing /home/airflow/.local/lib/python3.7/site-packages/airflow/example_dags/tutorial.py took 0.137 seconds
[2023-09-01T19:38:58.302+0000] {processor.py:157} INFO - Started process (PID=811) to work on /home/airflow/.local/lib/python3.7/site-packages/airflow/example_dags/tutorial.py
[2023-09-01T19:38:58.304+0000] {processor.py:826} INFO - Processing file /home/airflow/.local/lib/python3.7/site-packages/airflow/example_dags/tutorial.py for tasks to queue
[2023-09-01T19:38:58.304+0000] {logging_mixin.py:150} INFO - [2023-09-01T19:38:58.304+0000] {dagbag.py:541} INFO - Filling up the DagBag from /home/airflow/.local/lib/python3.7/site-packages/airflow/example_dags/tutorial.py
[2023-09-01T19:38:58.312+0000] {processor.py:836} INFO - DAG(s) dict_keys(['tutorial']) retrieved from /home/airflow/.local/lib/python3.7/site-packages/airflow/example_dags/tutorial.py
[2023-09-01T19:38:58.335+0000] {logging_mixin.py:150} INFO - [2023-09-01T19:38:58.335+0000] {dag.py:2742} INFO - Sync 1 DAGs
[2023-09-01T19:38:58.356+0000] {logging_mixin.py:150} INFO - [2023-09-01T19:38:58.356+0000] {dag.py:3508} INFO - Setting next_dagrun for tutorial to 2023-08-31T19:38:58.356061+00:00, run_after=2023-09-01T19:38:58.356061+00:00
[2023-09-01T19:38:58.374+0000] {processor.py:179} INFO - Processing /home/airflow/.local/lib/python3.7/site-packages/airflow/example_dags/tutorial.py took 0.074 seconds
[2023-09-01T19:39:28.664+0000] {processor.py:157} INFO - Started process (PID=865) to work on /home/airflow/.local/lib/python3.7/site-packages/airflow/example_dags/tutorial.py
[2023-09-01T19:39:28.665+0000] {processor.py:826} INFO - Processing file /home/airflow/.local/lib/python3.7/site-packages/airflow/example_dags/tutorial.py for tasks to queue
[2023-09-01T19:39:28.665+0000] {logging_mixin.py:150} INFO - [2023-09-01T19:39:28.665+0000] {dagbag.py:541} INFO - Filling up the DagBag from /home/airflow/.local/lib/python3.7/site-packages/airflow/example_dags/tutorial.py
[2023-09-01T19:39:28.671+0000] {processor.py:836} INFO - DAG(s) dict_keys(['tutorial']) retrieved from /home/airflow/.local/lib/python3.7/site-packages/airflow/example_dags/tutorial.py
[2023-09-01T19:39:28.697+0000] {logging_mixin.py:150} INFO - [2023-09-01T19:39:28.697+0000] {dag.py:2742} INFO - Sync 1 DAGs
[2023-09-01T19:39:28.718+0000] {logging_mixin.py:150} INFO - [2023-09-01T19:39:28.718+0000] {dag.py:3508} INFO - Setting next_dagrun for tutorial to 2023-08-31T19:39:28.718067+00:00, run_after=2023-09-01T19:39:28.718067+00:00
[2023-09-01T19:39:28.732+0000] {processor.py:179} INFO - Processing /home/airflow/.local/lib/python3.7/site-packages/airflow/example_dags/tutorial.py took 0.072 seconds
[2023-09-01T19:39:58.934+0000] {processor.py:157} INFO - Started process (PID=920) to work on /home/airflow/.local/lib/python3.7/site-packages/airflow/example_dags/tutorial.py
[2023-09-01T19:39:58.935+0000] {processor.py:826} INFO - Processing file /home/airflow/.local/lib/python3.7/site-packages/airflow/example_dags/tutorial.py for tasks to queue
[2023-09-01T19:39:58.935+0000] {logging_mixin.py:150} INFO - [2023-09-01T19:39:58.935+0000] {dagbag.py:541} INFO - Filling up the DagBag from /home/airflow/.local/lib/python3.7/site-packages/airflow/example_dags/tutorial.py
[2023-09-01T19:39:58.941+0000] {processor.py:836} INFO - DAG(s) dict_keys(['tutorial']) retrieved from /home/airflow/.local/lib/python3.7/site-packages/airflow/example_dags/tutorial.py
[2023-09-01T19:39:58.962+0000] {logging_mixin.py:150} INFO - [2023-09-01T19:39:58.961+0000] {dag.py:2742} INFO - Sync 1 DAGs
[2023-09-01T19:39:58.982+0000] {logging_mixin.py:150} INFO - [2023-09-01T19:39:58.981+0000] {dag.py:3508} INFO - Setting next_dagrun for tutorial to 2023-08-31T19:39:58.981785+00:00, run_after=2023-09-01T19:39:58.981785+00:00
[2023-09-01T19:39:58.996+0000] {processor.py:179} INFO - Processing /home/airflow/.local/lib/python3.7/site-packages/airflow/example_dags/tutorial.py took 0.065 seconds
[2023-09-01T19:40:29.512+0000] {processor.py:157} INFO - Started process (PID=975) to work on /home/airflow/.local/lib/python3.7/site-packages/airflow/example_dags/tutorial.py
[2023-09-01T19:40:29.513+0000] {processor.py:826} INFO - Processing file /home/airflow/.local/lib/python3.7/site-packages/airflow/example_dags/tutorial.py for tasks to queue
[2023-09-01T19:40:29.514+0000] {logging_mixin.py:150} INFO - [2023-09-01T19:40:29.514+0000] {dagbag.py:541} INFO - Filling up the DagBag from /home/airflow/.local/lib/python3.7/site-packages/airflow/example_dags/tutorial.py
[2023-09-01T19:40:29.520+0000] {processor.py:836} INFO - DAG(s) dict_keys(['tutorial']) retrieved from /home/airflow/.local/lib/python3.7/site-packages/airflow/example_dags/tutorial.py
[2023-09-01T19:40:29.543+0000] {logging_mixin.py:150} INFO - [2023-09-01T19:40:29.542+0000] {dag.py:2742} INFO - Sync 1 DAGs
[2023-09-01T19:40:29.564+0000] {logging_mixin.py:150} INFO - [2023-09-01T19:40:29.564+0000] {dag.py:3508} INFO - Setting next_dagrun for tutorial to 2023-08-31T19:40:29.564111+00:00, run_after=2023-09-01T19:40:29.564111+00:00
[2023-09-01T19:40:29.579+0000] {processor.py:179} INFO - Processing /home/airflow/.local/lib/python3.7/site-packages/airflow/example_dags/tutorial.py took 0.070 seconds
[2023-09-01T19:40:59.651+0000] {processor.py:157} INFO - Started process (PID=1029) to work on /home/airflow/.local/lib/python3.7/site-packages/airflow/example_dags/tutorial.py
[2023-09-01T19:40:59.651+0000] {processor.py:826} INFO - Processing file /home/airflow/.local/lib/python3.7/site-packages/airflow/example_dags/tutorial.py for tasks to queue
[2023-09-01T19:40:59.652+0000] {logging_mixin.py:150} INFO - [2023-09-01T19:40:59.652+0000] {dagbag.py:541} INFO - Filling up the DagBag from /home/airflow/.local/lib/python3.7/site-packages/airflow/example_dags/tutorial.py
[2023-09-01T19:40:59.658+0000] {processor.py:836} INFO - DAG(s) dict_keys(['tutorial']) retrieved from /home/airflow/.local/lib/python3.7/site-packages/airflow/example_dags/tutorial.py
[2023-09-01T19:40:59.676+0000] {logging_mixin.py:150} INFO - [2023-09-01T19:40:59.676+0000] {dag.py:2742} INFO - Sync 1 DAGs
[2023-09-01T19:40:59.696+0000] {logging_mixin.py:150} INFO - [2023-09-01T19:40:59.695+0000] {dag.py:3508} INFO - Setting next_dagrun for tutorial to 2023-08-31T19:40:59.695721+00:00, run_after=2023-09-01T19:40:59.695721+00:00
[2023-09-01T19:40:59.709+0000] {processor.py:179} INFO - Processing /home/airflow/.local/lib/python3.7/site-packages/airflow/example_dags/tutorial.py took 0.062 seconds
[2023-09-01T19:41:29.791+0000] {processor.py:157} INFO - Started process (PID=1084) to work on /home/airflow/.local/lib/python3.7/site-packages/airflow/example_dags/tutorial.py
[2023-09-01T19:41:29.792+0000] {processor.py:826} INFO - Processing file /home/airflow/.local/lib/python3.7/site-packages/airflow/example_dags/tutorial.py for tasks to queue
[2023-09-01T19:41:29.793+0000] {logging_mixin.py:150} INFO - [2023-09-01T19:41:29.792+0000] {dagbag.py:541} INFO - Filling up the DagBag from /home/airflow/.local/lib/python3.7/site-packages/airflow/example_dags/tutorial.py
[2023-09-01T19:41:29.799+0000] {processor.py:836} INFO - DAG(s) dict_keys(['tutorial']) retrieved from /home/airflow/.local/lib/python3.7/site-packages/airflow/example_dags/tutorial.py
[2023-09-01T19:41:29.822+0000] {logging_mixin.py:150} INFO - [2023-09-01T19:41:29.822+0000] {dag.py:2742} INFO - Sync 1 DAGs
[2023-09-01T19:41:29.843+0000] {logging_mixin.py:150} INFO - [2023-09-01T19:41:29.843+0000] {dag.py:3508} INFO - Setting next_dagrun for tutorial to 2023-08-31T19:41:29.843067+00:00, run_after=2023-09-01T19:41:29.843067+00:00
[2023-09-01T19:41:29.863+0000] {processor.py:179} INFO - Processing /home/airflow/.local/lib/python3.7/site-packages/airflow/example_dags/tutorial.py took 0.076 seconds
[2023-09-01T19:42:00.448+0000] {processor.py:157} INFO - Started process (PID=1139) to work on /home/airflow/.local/lib/python3.7/site-packages/airflow/example_dags/tutorial.py
[2023-09-01T19:42:00.449+0000] {processor.py:826} INFO - Processing file /home/airflow/.local/lib/python3.7/site-packages/airflow/example_dags/tutorial.py for tasks to queue
[2023-09-01T19:42:00.450+0000] {logging_mixin.py:150} INFO - [2023-09-01T19:42:00.450+0000] {dagbag.py:541} INFO - Filling up the DagBag from /home/airflow/.local/lib/python3.7/site-packages/airflow/example_dags/tutorial.py
[2023-09-01T19:42:00.456+0000] {processor.py:836} INFO - DAG(s) dict_keys(['tutorial']) retrieved from /home/airflow/.local/lib/python3.7/site-packages/airflow/example_dags/tutorial.py
[2023-09-01T19:42:00.502+0000] {logging_mixin.py:150} INFO - [2023-09-01T19:42:00.501+0000] {dag.py:2742} INFO - Sync 1 DAGs
[2023-09-01T19:42:00.540+0000] {logging_mixin.py:150} INFO - [2023-09-01T19:42:00.540+0000] {dag.py:3508} INFO - Setting next_dagrun for tutorial to 2023-08-31T19:42:00.540415+00:00, run_after=2023-09-01T19:42:00.540415+00:00
[2023-09-01T19:42:00.563+0000] {processor.py:179} INFO - Processing /home/airflow/.local/lib/python3.7/site-packages/airflow/example_dags/tutorial.py took 0.118 seconds
[2023-09-01T19:42:30.790+0000] {processor.py:157} INFO - Started process (PID=1193) to work on /home/airflow/.local/lib/python3.7/site-packages/airflow/example_dags/tutorial.py
[2023-09-01T19:42:30.791+0000] {processor.py:826} INFO - Processing file /home/airflow/.local/lib/python3.7/site-packages/airflow/example_dags/tutorial.py for tasks to queue
[2023-09-01T19:42:30.792+0000] {logging_mixin.py:150} INFO - [2023-09-01T19:42:30.792+0000] {dagbag.py:541} INFO - Filling up the DagBag from /home/airflow/.local/lib/python3.7/site-packages/airflow/example_dags/tutorial.py
[2023-09-01T19:42:30.798+0000] {processor.py:836} INFO - DAG(s) dict_keys(['tutorial']) retrieved from /home/airflow/.local/lib/python3.7/site-packages/airflow/example_dags/tutorial.py
[2023-09-01T19:42:30.828+0000] {logging_mixin.py:150} INFO - [2023-09-01T19:42:30.827+0000] {dag.py:2742} INFO - Sync 1 DAGs
[2023-09-01T19:42:30.850+0000] {logging_mixin.py:150} INFO - [2023-09-01T19:42:30.850+0000] {dag.py:3508} INFO - Setting next_dagrun for tutorial to 2023-08-31T19:42:30.850445+00:00, run_after=2023-09-01T19:42:30.850445+00:00
[2023-09-01T19:42:30.867+0000] {processor.py:179} INFO - Processing /home/airflow/.local/lib/python3.7/site-packages/airflow/example_dags/tutorial.py took 0.080 seconds
[2023-09-01T19:43:01.109+0000] {processor.py:157} INFO - Started process (PID=1248) to work on /home/airflow/.local/lib/python3.7/site-packages/airflow/example_dags/tutorial.py
[2023-09-01T19:43:01.110+0000] {processor.py:826} INFO - Processing file /home/airflow/.local/lib/python3.7/site-packages/airflow/example_dags/tutorial.py for tasks to queue
[2023-09-01T19:43:01.110+0000] {logging_mixin.py:150} INFO - [2023-09-01T19:43:01.110+0000] {dagbag.py:541} INFO - Filling up the DagBag from /home/airflow/.local/lib/python3.7/site-packages/airflow/example_dags/tutorial.py
[2023-09-01T19:43:01.116+0000] {processor.py:836} INFO - DAG(s) dict_keys(['tutorial']) retrieved from /home/airflow/.local/lib/python3.7/site-packages/airflow/example_dags/tutorial.py
[2023-09-01T19:43:01.142+0000] {logging_mixin.py:150} INFO - [2023-09-01T19:43:01.142+0000] {dag.py:2742} INFO - Sync 1 DAGs
[2023-09-01T19:43:01.164+0000] {logging_mixin.py:150} INFO - [2023-09-01T19:43:01.164+0000] {dag.py:3508} INFO - Setting next_dagrun for tutorial to 2023-08-31T19:43:01.164427+00:00, run_after=2023-09-01T19:43:01.164427+00:00
[2023-09-01T19:43:01.184+0000] {processor.py:179} INFO - Processing /home/airflow/.local/lib/python3.7/site-packages/airflow/example_dags/tutorial.py took 0.078 seconds
[2023-09-01T19:43:31.741+0000] {processor.py:157} INFO - Started process (PID=1303) to work on /home/airflow/.local/lib/python3.7/site-packages/airflow/example_dags/tutorial.py
[2023-09-01T19:43:31.741+0000] {processor.py:826} INFO - Processing file /home/airflow/.local/lib/python3.7/site-packages/airflow/example_dags/tutorial.py for tasks to queue
[2023-09-01T19:43:31.742+0000] {logging_mixin.py:150} INFO - [2023-09-01T19:43:31.742+0000] {dagbag.py:541} INFO - Filling up the DagBag from /home/airflow/.local/lib/python3.7/site-packages/airflow/example_dags/tutorial.py
[2023-09-01T19:43:31.748+0000] {processor.py:836} INFO - DAG(s) dict_keys(['tutorial']) retrieved from /home/airflow/.local/lib/python3.7/site-packages/airflow/example_dags/tutorial.py
[2023-09-01T19:43:31.773+0000] {logging_mixin.py:150} INFO - [2023-09-01T19:43:31.772+0000] {dag.py:2742} INFO - Sync 1 DAGs
[2023-09-01T19:43:31.797+0000] {logging_mixin.py:150} INFO - [2023-09-01T19:43:31.797+0000] {dag.py:3508} INFO - Setting next_dagrun for tutorial to 2023-08-31T19:43:31.796471+00:00, run_after=2023-09-01T19:43:31.796471+00:00
[2023-09-01T19:43:31.817+0000] {processor.py:179} INFO - Processing /home/airflow/.local/lib/python3.7/site-packages/airflow/example_dags/tutorial.py took 0.080 seconds
[2023-09-01T19:44:02.238+0000] {processor.py:157} INFO - Started process (PID=1358) to work on /home/airflow/.local/lib/python3.7/site-packages/airflow/example_dags/tutorial.py
[2023-09-01T19:44:02.240+0000] {processor.py:826} INFO - Processing file /home/airflow/.local/lib/python3.7/site-packages/airflow/example_dags/tutorial.py for tasks to queue
[2023-09-01T19:44:02.240+0000] {logging_mixin.py:150} INFO - [2023-09-01T19:44:02.240+0000] {dagbag.py:541} INFO - Filling up the DagBag from /home/airflow/.local/lib/python3.7/site-packages/airflow/example_dags/tutorial.py
[2023-09-01T19:44:02.246+0000] {processor.py:836} INFO - DAG(s) dict_keys(['tutorial']) retrieved from /home/airflow/.local/lib/python3.7/site-packages/airflow/example_dags/tutorial.py
[2023-09-01T19:44:02.268+0000] {logging_mixin.py:150} INFO - [2023-09-01T19:44:02.268+0000] {dag.py:2742} INFO - Sync 1 DAGs
[2023-09-01T19:44:02.289+0000] {logging_mixin.py:150} INFO - [2023-09-01T19:44:02.289+0000] {dag.py:3508} INFO - Setting next_dagrun for tutorial to 2023-08-31T19:44:02.289197+00:00, run_after=2023-09-01T19:44:02.289197+00:00
[2023-09-01T19:44:02.307+0000] {processor.py:179} INFO - Processing /home/airflow/.local/lib/python3.7/site-packages/airflow/example_dags/tutorial.py took 0.072 seconds
[2023-09-01T19:44:32.860+0000] {processor.py:157} INFO - Started process (PID=1413) to work on /home/airflow/.local/lib/python3.7/site-packages/airflow/example_dags/tutorial.py
[2023-09-01T19:44:32.861+0000] {processor.py:826} INFO - Processing file /home/airflow/.local/lib/python3.7/site-packages/airflow/example_dags/tutorial.py for tasks to queue
[2023-09-01T19:44:32.862+0000] {logging_mixin.py:150} INFO - [2023-09-01T19:44:32.862+0000] {dagbag.py:541} INFO - Filling up the DagBag from /home/airflow/.local/lib/python3.7/site-packages/airflow/example_dags/tutorial.py
[2023-09-01T19:44:32.868+0000] {processor.py:836} INFO - DAG(s) dict_keys(['tutorial']) retrieved from /home/airflow/.local/lib/python3.7/site-packages/airflow/example_dags/tutorial.py
[2023-09-01T19:44:32.891+0000] {logging_mixin.py:150} INFO - [2023-09-01T19:44:32.891+0000] {dag.py:2742} INFO - Sync 1 DAGs
[2023-09-01T19:44:32.943+0000] {logging_mixin.py:150} INFO - [2023-09-01T19:44:32.943+0000] {dag.py:3508} INFO - Setting next_dagrun for tutorial to 2023-08-31T19:44:32.943228+00:00, run_after=2023-09-01T19:44:32.943228+00:00
[2023-09-01T19:44:32.961+0000] {processor.py:179} INFO - Processing /home/airflow/.local/lib/python3.7/site-packages/airflow/example_dags/tutorial.py took 0.104 seconds
[2023-09-01T19:45:03.220+0000] {processor.py:157} INFO - Started process (PID=1475) to work on /home/airflow/.local/lib/python3.7/site-packages/airflow/example_dags/tutorial.py
[2023-09-01T19:45:03.222+0000] {processor.py:826} INFO - Processing file /home/airflow/.local/lib/python3.7/site-packages/airflow/example_dags/tutorial.py for tasks to queue
[2023-09-01T19:45:03.222+0000] {logging_mixin.py:150} INFO - [2023-09-01T19:45:03.222+0000] {dagbag.py:541} INFO - Filling up the DagBag from /home/airflow/.local/lib/python3.7/site-packages/airflow/example_dags/tutorial.py
[2023-09-01T19:45:03.228+0000] {processor.py:836} INFO - DAG(s) dict_keys(['tutorial']) retrieved from /home/airflow/.local/lib/python3.7/site-packages/airflow/example_dags/tutorial.py
[2023-09-01T19:45:03.250+0000] {logging_mixin.py:150} INFO - [2023-09-01T19:45:03.250+0000] {dag.py:2742} INFO - Sync 1 DAGs
[2023-09-01T19:45:03.271+0000] {logging_mixin.py:150} INFO - [2023-09-01T19:45:03.271+0000] {dag.py:3508} INFO - Setting next_dagrun for tutorial to 2023-08-31T19:45:03.271362+00:00, run_after=2023-09-01T19:45:03.271362+00:00
[2023-09-01T19:45:03.291+0000] {processor.py:179} INFO - Processing /home/airflow/.local/lib/python3.7/site-packages/airflow/example_dags/tutorial.py took 0.074 seconds
[2023-09-01T19:45:33.517+0000] {processor.py:157} INFO - Started process (PID=1530) to work on /home/airflow/.local/lib/python3.7/site-packages/airflow/example_dags/tutorial.py
[2023-09-01T19:45:33.518+0000] {processor.py:826} INFO - Processing file /home/airflow/.local/lib/python3.7/site-packages/airflow/example_dags/tutorial.py for tasks to queue
[2023-09-01T19:45:33.519+0000] {logging_mixin.py:150} INFO - [2023-09-01T19:45:33.518+0000] {dagbag.py:541} INFO - Filling up the DagBag from /home/airflow/.local/lib/python3.7/site-packages/airflow/example_dags/tutorial.py
[2023-09-01T19:45:33.525+0000] {processor.py:836} INFO - DAG(s) dict_keys(['tutorial']) retrieved from /home/airflow/.local/lib/python3.7/site-packages/airflow/example_dags/tutorial.py
[2023-09-01T19:45:33.546+0000] {logging_mixin.py:150} INFO - [2023-09-01T19:45:33.545+0000] {dag.py:2742} INFO - Sync 1 DAGs
[2023-09-01T19:45:33.565+0000] {logging_mixin.py:150} INFO - [2023-09-01T19:45:33.565+0000] {dag.py:3508} INFO - Setting next_dagrun for tutorial to 2023-08-31T19:45:33.565357+00:00, run_after=2023-09-01T19:45:33.565357+00:00
[2023-09-01T19:45:33.583+0000] {processor.py:179} INFO - Processing /home/airflow/.local/lib/python3.7/site-packages/airflow/example_dags/tutorial.py took 0.069 seconds
[2023-09-01T19:46:03.922+0000] {processor.py:157} INFO - Started process (PID=1585) to work on /home/airflow/.local/lib/python3.7/site-packages/airflow/example_dags/tutorial.py
[2023-09-01T19:46:03.923+0000] {processor.py:826} INFO - Processing file /home/airflow/.local/lib/python3.7/site-packages/airflow/example_dags/tutorial.py for tasks to queue
[2023-09-01T19:46:03.924+0000] {logging_mixin.py:150} INFO - [2023-09-01T19:46:03.923+0000] {dagbag.py:541} INFO - Filling up the DagBag from /home/airflow/.local/lib/python3.7/site-packages/airflow/example_dags/tutorial.py
[2023-09-01T19:46:03.929+0000] {processor.py:836} INFO - DAG(s) dict_keys(['tutorial']) retrieved from /home/airflow/.local/lib/python3.7/site-packages/airflow/example_dags/tutorial.py
[2023-09-01T19:46:03.952+0000] {logging_mixin.py:150} INFO - [2023-09-01T19:46:03.952+0000] {dag.py:2742} INFO - Sync 1 DAGs
[2023-09-01T19:46:03.972+0000] {logging_mixin.py:150} INFO - [2023-09-01T19:46:03.972+0000] {dag.py:3508} INFO - Setting next_dagrun for tutorial to 2023-08-31T19:46:03.972297+00:00, run_after=2023-09-01T19:46:03.972297+00:00
[2023-09-01T19:46:03.990+0000] {processor.py:179} INFO - Processing /home/airflow/.local/lib/python3.7/site-packages/airflow/example_dags/tutorial.py took 0.071 seconds
[2023-09-01T19:46:34.411+0000] {processor.py:157} INFO - Started process (PID=1640) to work on /home/airflow/.local/lib/python3.7/site-packages/airflow/example_dags/tutorial.py
[2023-09-01T19:46:34.412+0000] {processor.py:826} INFO - Processing file /home/airflow/.local/lib/python3.7/site-packages/airflow/example_dags/tutorial.py for tasks to queue
[2023-09-01T19:46:34.413+0000] {logging_mixin.py:150} INFO - [2023-09-01T19:46:34.413+0000] {dagbag.py:541} INFO - Filling up the DagBag from /home/airflow/.local/lib/python3.7/site-packages/airflow/example_dags/tutorial.py
[2023-09-01T19:46:34.419+0000] {processor.py:836} INFO - DAG(s) dict_keys(['tutorial']) retrieved from /home/airflow/.local/lib/python3.7/site-packages/airflow/example_dags/tutorial.py
[2023-09-01T19:46:34.440+0000] {logging_mixin.py:150} INFO - [2023-09-01T19:46:34.440+0000] {dag.py:2742} INFO - Sync 1 DAGs
[2023-09-01T19:46:34.461+0000] {logging_mixin.py:150} INFO - [2023-09-01T19:46:34.461+0000] {dag.py:3508} INFO - Setting next_dagrun for tutorial to 2023-08-31T19:46:34.461444+00:00, run_after=2023-09-01T19:46:34.461444+00:00
[2023-09-01T19:46:34.476+0000] {processor.py:179} INFO - Processing /home/airflow/.local/lib/python3.7/site-packages/airflow/example_dags/tutorial.py took 0.068 seconds
[2023-09-01T19:47:04.980+0000] {processor.py:157} INFO - Started process (PID=1695) to work on /home/airflow/.local/lib/python3.7/site-packages/airflow/example_dags/tutorial.py
[2023-09-01T19:47:04.981+0000] {processor.py:826} INFO - Processing file /home/airflow/.local/lib/python3.7/site-packages/airflow/example_dags/tutorial.py for tasks to queue
[2023-09-01T19:47:04.981+0000] {logging_mixin.py:150} INFO - [2023-09-01T19:47:04.981+0000] {dagbag.py:541} INFO - Filling up the DagBag from /home/airflow/.local/lib/python3.7/site-packages/airflow/example_dags/tutorial.py
[2023-09-01T19:47:04.987+0000] {processor.py:836} INFO - DAG(s) dict_keys(['tutorial']) retrieved from /home/airflow/.local/lib/python3.7/site-packages/airflow/example_dags/tutorial.py
[2023-09-01T19:47:05.009+0000] {logging_mixin.py:150} INFO - [2023-09-01T19:47:05.009+0000] {dag.py:2742} INFO - Sync 1 DAGs
[2023-09-01T19:47:05.030+0000] {logging_mixin.py:150} INFO - [2023-09-01T19:47:05.030+0000] {dag.py:3508} INFO - Setting next_dagrun for tutorial to 2023-08-31T19:47:05.029837+00:00, run_after=2023-09-01T19:47:05.029837+00:00
[2023-09-01T19:47:05.048+0000] {processor.py:179} INFO - Processing /home/airflow/.local/lib/python3.7/site-packages/airflow/example_dags/tutorial.py took 0.071 seconds
[2023-09-01T19:47:35.373+0000] {processor.py:157} INFO - Started process (PID=1750) to work on /home/airflow/.local/lib/python3.7/site-packages/airflow/example_dags/tutorial.py
[2023-09-01T19:47:35.374+0000] {processor.py:826} INFO - Processing file /home/airflow/.local/lib/python3.7/site-packages/airflow/example_dags/tutorial.py for tasks to queue
[2023-09-01T19:47:35.375+0000] {logging_mixin.py:150} INFO - [2023-09-01T19:47:35.375+0000] {dagbag.py:541} INFO - Filling up the DagBag from /home/airflow/.local/lib/python3.7/site-packages/airflow/example_dags/tutorial.py
[2023-09-01T19:47:35.381+0000] {processor.py:836} INFO - DAG(s) dict_keys(['tutorial']) retrieved from /home/airflow/.local/lib/python3.7/site-packages/airflow/example_dags/tutorial.py
[2023-09-01T19:47:35.403+0000] {logging_mixin.py:150} INFO - [2023-09-01T19:47:35.403+0000] {dag.py:2742} INFO - Sync 1 DAGs
[2023-09-01T19:47:35.425+0000] {logging_mixin.py:150} INFO - [2023-09-01T19:47:35.425+0000] {dag.py:3508} INFO - Setting next_dagrun for tutorial to 2023-08-31T19:47:35.425196+00:00, run_after=2023-09-01T19:47:35.425196+00:00
[2023-09-01T19:47:35.444+0000] {processor.py:179} INFO - Processing /home/airflow/.local/lib/python3.7/site-packages/airflow/example_dags/tutorial.py took 0.073 seconds
[2023-09-01T19:48:05.820+0000] {processor.py:157} INFO - Started process (PID=1805) to work on /home/airflow/.local/lib/python3.7/site-packages/airflow/example_dags/tutorial.py
[2023-09-01T19:48:05.821+0000] {processor.py:826} INFO - Processing file /home/airflow/.local/lib/python3.7/site-packages/airflow/example_dags/tutorial.py for tasks to queue
[2023-09-01T19:48:05.822+0000] {logging_mixin.py:150} INFO - [2023-09-01T19:48:05.821+0000] {dagbag.py:541} INFO - Filling up the DagBag from /home/airflow/.local/lib/python3.7/site-packages/airflow/example_dags/tutorial.py
[2023-09-01T19:48:05.829+0000] {processor.py:836} INFO - DAG(s) dict_keys(['tutorial']) retrieved from /home/airflow/.local/lib/python3.7/site-packages/airflow/example_dags/tutorial.py
[2023-09-01T19:48:05.857+0000] {logging_mixin.py:150} INFO - [2023-09-01T19:48:05.857+0000] {dag.py:2742} INFO - Sync 1 DAGs
[2023-09-01T19:48:05.880+0000] {logging_mixin.py:150} INFO - [2023-09-01T19:48:05.880+0000] {dag.py:3508} INFO - Setting next_dagrun for tutorial to 2023-08-31T19:48:05.880390+00:00, run_after=2023-09-01T19:48:05.880390+00:00
[2023-09-01T19:48:05.899+0000] {processor.py:179} INFO - Processing /home/airflow/.local/lib/python3.7/site-packages/airflow/example_dags/tutorial.py took 0.082 seconds
[2023-09-01T19:48:36.765+0000] {processor.py:157} INFO - Started process (PID=1859) to work on /home/airflow/.local/lib/python3.7/site-packages/airflow/example_dags/tutorial.py
[2023-09-01T19:48:36.766+0000] {processor.py:826} INFO - Processing file /home/airflow/.local/lib/python3.7/site-packages/airflow/example_dags/tutorial.py for tasks to queue
[2023-09-01T19:48:36.767+0000] {logging_mixin.py:150} INFO - [2023-09-01T19:48:36.767+0000] {dagbag.py:541} INFO - Filling up the DagBag from /home/airflow/.local/lib/python3.7/site-packages/airflow/example_dags/tutorial.py
[2023-09-01T19:48:36.780+0000] {processor.py:836} INFO - DAG(s) dict_keys(['tutorial']) retrieved from /home/airflow/.local/lib/python3.7/site-packages/airflow/example_dags/tutorial.py
[2023-09-01T19:48:36.802+0000] {logging_mixin.py:150} INFO - [2023-09-01T19:48:36.802+0000] {dag.py:2742} INFO - Sync 1 DAGs
[2023-09-01T19:48:36.825+0000] {logging_mixin.py:150} INFO - [2023-09-01T19:48:36.825+0000] {dag.py:3508} INFO - Setting next_dagrun for tutorial to 2023-08-31T19:48:36.825284+00:00, run_after=2023-09-01T19:48:36.825284+00:00
[2023-09-01T19:48:36.842+0000] {processor.py:179} INFO - Processing /home/airflow/.local/lib/python3.7/site-packages/airflow/example_dags/tutorial.py took 0.081 seconds
[2023-09-01T19:49:07.282+0000] {processor.py:157} INFO - Started process (PID=1914) to work on /home/airflow/.local/lib/python3.7/site-packages/airflow/example_dags/tutorial.py
[2023-09-01T19:49:07.282+0000] {processor.py:826} INFO - Processing file /home/airflow/.local/lib/python3.7/site-packages/airflow/example_dags/tutorial.py for tasks to queue
[2023-09-01T19:49:07.283+0000] {logging_mixin.py:150} INFO - [2023-09-01T19:49:07.283+0000] {dagbag.py:541} INFO - Filling up the DagBag from /home/airflow/.local/lib/python3.7/site-packages/airflow/example_dags/tutorial.py
[2023-09-01T19:49:07.292+0000] {processor.py:836} INFO - DAG(s) dict_keys(['tutorial']) retrieved from /home/airflow/.local/lib/python3.7/site-packages/airflow/example_dags/tutorial.py
[2023-09-01T19:49:07.319+0000] {logging_mixin.py:150} INFO - [2023-09-01T19:49:07.318+0000] {dag.py:2742} INFO - Sync 1 DAGs
[2023-09-01T19:49:07.345+0000] {logging_mixin.py:150} INFO - [2023-09-01T19:49:07.345+0000] {dag.py:3508} INFO - Setting next_dagrun for tutorial to 2023-08-31T19:49:07.344921+00:00, run_after=2023-09-01T19:49:07.344921+00:00
[2023-09-01T19:49:07.361+0000] {processor.py:179} INFO - Processing /home/airflow/.local/lib/python3.7/site-packages/airflow/example_dags/tutorial.py took 0.082 seconds
[2023-09-01T19:49:38.025+0000] {processor.py:157} INFO - Started process (PID=1969) to work on /home/airflow/.local/lib/python3.7/site-packages/airflow/example_dags/tutorial.py
[2023-09-01T19:49:38.026+0000] {processor.py:826} INFO - Processing file /home/airflow/.local/lib/python3.7/site-packages/airflow/example_dags/tutorial.py for tasks to queue
[2023-09-01T19:49:38.027+0000] {logging_mixin.py:150} INFO - [2023-09-01T19:49:38.027+0000] {dagbag.py:541} INFO - Filling up the DagBag from /home/airflow/.local/lib/python3.7/site-packages/airflow/example_dags/tutorial.py
[2023-09-01T19:49:38.033+0000] {processor.py:836} INFO - DAG(s) dict_keys(['tutorial']) retrieved from /home/airflow/.local/lib/python3.7/site-packages/airflow/example_dags/tutorial.py
[2023-09-01T19:49:38.063+0000] {logging_mixin.py:150} INFO - [2023-09-01T19:49:38.063+0000] {dag.py:2742} INFO - Sync 1 DAGs
[2023-09-01T19:49:38.083+0000] {logging_mixin.py:150} INFO - [2023-09-01T19:49:38.083+0000] {dag.py:3508} INFO - Setting next_dagrun for tutorial to 2023-08-31T19:49:38.082865+00:00, run_after=2023-09-01T19:49:38.082865+00:00
[2023-09-01T19:49:38.097+0000] {processor.py:179} INFO - Processing /home/airflow/.local/lib/python3.7/site-packages/airflow/example_dags/tutorial.py took 0.075 seconds
[2023-09-01T19:50:08.203+0000] {processor.py:157} INFO - Started process (PID=2024) to work on /home/airflow/.local/lib/python3.7/site-packages/airflow/example_dags/tutorial.py
[2023-09-01T19:50:08.204+0000] {processor.py:826} INFO - Processing file /home/airflow/.local/lib/python3.7/site-packages/airflow/example_dags/tutorial.py for tasks to queue
[2023-09-01T19:50:08.205+0000] {logging_mixin.py:150} INFO - [2023-09-01T19:50:08.205+0000] {dagbag.py:541} INFO - Filling up the DagBag from /home/airflow/.local/lib/python3.7/site-packages/airflow/example_dags/tutorial.py
[2023-09-01T19:50:08.210+0000] {processor.py:836} INFO - DAG(s) dict_keys(['tutorial']) retrieved from /home/airflow/.local/lib/python3.7/site-packages/airflow/example_dags/tutorial.py
[2023-09-01T19:50:08.233+0000] {logging_mixin.py:150} INFO - [2023-09-01T19:50:08.233+0000] {dag.py:2742} INFO - Sync 1 DAGs
[2023-09-01T19:50:08.253+0000] {logging_mixin.py:150} INFO - [2023-09-01T19:50:08.253+0000] {dag.py:3508} INFO - Setting next_dagrun for tutorial to 2023-08-31T19:50:08.253329+00:00, run_after=2023-09-01T19:50:08.253329+00:00
[2023-09-01T19:50:08.271+0000] {processor.py:179} INFO - Processing /home/airflow/.local/lib/python3.7/site-packages/airflow/example_dags/tutorial.py took 0.072 seconds
[2023-09-01T19:50:38.471+0000] {processor.py:157} INFO - Started process (PID=2079) to work on /home/airflow/.local/lib/python3.7/site-packages/airflow/example_dags/tutorial.py
[2023-09-01T19:50:38.472+0000] {processor.py:826} INFO - Processing file /home/airflow/.local/lib/python3.7/site-packages/airflow/example_dags/tutorial.py for tasks to queue
[2023-09-01T19:50:38.472+0000] {logging_mixin.py:150} INFO - [2023-09-01T19:50:38.472+0000] {dagbag.py:541} INFO - Filling up the DagBag from /home/airflow/.local/lib/python3.7/site-packages/airflow/example_dags/tutorial.py
[2023-09-01T19:50:38.478+0000] {processor.py:836} INFO - DAG(s) dict_keys(['tutorial']) retrieved from /home/airflow/.local/lib/python3.7/site-packages/airflow/example_dags/tutorial.py
[2023-09-01T19:50:38.500+0000] {logging_mixin.py:150} INFO - [2023-09-01T19:50:38.500+0000] {dag.py:2742} INFO - Sync 1 DAGs
[2023-09-01T19:50:38.521+0000] {logging_mixin.py:150} INFO - [2023-09-01T19:50:38.521+0000] {dag.py:3508} INFO - Setting next_dagrun for tutorial to 2023-08-31T19:50:38.521221+00:00, run_after=2023-09-01T19:50:38.521221+00:00
[2023-09-01T19:50:38.535+0000] {processor.py:179} INFO - Processing /home/airflow/.local/lib/python3.7/site-packages/airflow/example_dags/tutorial.py took 0.067 seconds
[2023-09-01T19:51:08.971+0000] {processor.py:157} INFO - Started process (PID=2133) to work on /home/airflow/.local/lib/python3.7/site-packages/airflow/example_dags/tutorial.py
[2023-09-01T19:51:08.972+0000] {processor.py:826} INFO - Processing file /home/airflow/.local/lib/python3.7/site-packages/airflow/example_dags/tutorial.py for tasks to queue
[2023-09-01T19:51:08.973+0000] {logging_mixin.py:150} INFO - [2023-09-01T19:51:08.973+0000] {dagbag.py:541} INFO - Filling up the DagBag from /home/airflow/.local/lib/python3.7/site-packages/airflow/example_dags/tutorial.py
[2023-09-01T19:51:08.979+0000] {processor.py:836} INFO - DAG(s) dict_keys(['tutorial']) retrieved from /home/airflow/.local/lib/python3.7/site-packages/airflow/example_dags/tutorial.py
[2023-09-01T19:51:09.002+0000] {logging_mixin.py:150} INFO - [2023-09-01T19:51:09.002+0000] {dag.py:2742} INFO - Sync 1 DAGs
[2023-09-01T19:51:09.028+0000] {logging_mixin.py:150} INFO - [2023-09-01T19:51:09.028+0000] {dag.py:3508} INFO - Setting next_dagrun for tutorial to 2023-08-31T19:51:09.028112+00:00, run_after=2023-09-01T19:51:09.028112+00:00
[2023-09-01T19:51:09.043+0000] {processor.py:179} INFO - Processing /home/airflow/.local/lib/python3.7/site-packages/airflow/example_dags/tutorial.py took 0.075 seconds
[2023-09-01T19:51:39.251+0000] {processor.py:157} INFO - Started process (PID=2188) to work on /home/airflow/.local/lib/python3.7/site-packages/airflow/example_dags/tutorial.py
[2023-09-01T19:51:39.252+0000] {processor.py:826} INFO - Processing file /home/airflow/.local/lib/python3.7/site-packages/airflow/example_dags/tutorial.py for tasks to queue
[2023-09-01T19:51:39.252+0000] {logging_mixin.py:150} INFO - [2023-09-01T19:51:39.252+0000] {dagbag.py:541} INFO - Filling up the DagBag from /home/airflow/.local/lib/python3.7/site-packages/airflow/example_dags/tutorial.py
[2023-09-01T19:51:39.259+0000] {processor.py:836} INFO - DAG(s) dict_keys(['tutorial']) retrieved from /home/airflow/.local/lib/python3.7/site-packages/airflow/example_dags/tutorial.py
[2023-09-01T19:51:39.283+0000] {logging_mixin.py:150} INFO - [2023-09-01T19:51:39.283+0000] {dag.py:2742} INFO - Sync 1 DAGs
[2023-09-01T19:51:39.304+0000] {logging_mixin.py:150} INFO - [2023-09-01T19:51:39.304+0000] {dag.py:3508} INFO - Setting next_dagrun for tutorial to 2023-08-31T19:51:39.303865+00:00, run_after=2023-09-01T19:51:39.303865+00:00
[2023-09-01T19:51:39.324+0000] {processor.py:179} INFO - Processing /home/airflow/.local/lib/python3.7/site-packages/airflow/example_dags/tutorial.py took 0.076 seconds
[2023-09-01T19:52:09.872+0000] {processor.py:157} INFO - Started process (PID=2242) to work on /home/airflow/.local/lib/python3.7/site-packages/airflow/example_dags/tutorial.py
[2023-09-01T19:52:09.873+0000] {processor.py:826} INFO - Processing file /home/airflow/.local/lib/python3.7/site-packages/airflow/example_dags/tutorial.py for tasks to queue
[2023-09-01T19:52:09.874+0000] {logging_mixin.py:150} INFO - [2023-09-01T19:52:09.874+0000] {dagbag.py:541} INFO - Filling up the DagBag from /home/airflow/.local/lib/python3.7/site-packages/airflow/example_dags/tutorial.py
[2023-09-01T19:52:09.882+0000] {processor.py:836} INFO - DAG(s) dict_keys(['tutorial']) retrieved from /home/airflow/.local/lib/python3.7/site-packages/airflow/example_dags/tutorial.py
[2023-09-01T19:52:10.066+0000] {logging_mixin.py:150} INFO - [2023-09-01T19:52:10.065+0000] {dag.py:2742} INFO - Sync 1 DAGs
[2023-09-01T19:52:10.131+0000] {logging_mixin.py:150} INFO - [2023-09-01T19:52:10.131+0000] {dag.py:3508} INFO - Setting next_dagrun for tutorial to 2023-08-31T19:52:10.129857+00:00, run_after=2023-09-01T19:52:10.129857+00:00
[2023-09-01T19:52:10.173+0000] {processor.py:179} INFO - Processing /home/airflow/.local/lib/python3.7/site-packages/airflow/example_dags/tutorial.py took 0.308 seconds
[2023-09-01T19:52:40.283+0000] {processor.py:157} INFO - Started process (PID=2297) to work on /home/airflow/.local/lib/python3.7/site-packages/airflow/example_dags/tutorial.py
[2023-09-01T19:52:40.284+0000] {processor.py:826} INFO - Processing file /home/airflow/.local/lib/python3.7/site-packages/airflow/example_dags/tutorial.py for tasks to queue
[2023-09-01T19:52:40.285+0000] {logging_mixin.py:150} INFO - [2023-09-01T19:52:40.285+0000] {dagbag.py:541} INFO - Filling up the DagBag from /home/airflow/.local/lib/python3.7/site-packages/airflow/example_dags/tutorial.py
[2023-09-01T19:52:40.291+0000] {processor.py:836} INFO - DAG(s) dict_keys(['tutorial']) retrieved from /home/airflow/.local/lib/python3.7/site-packages/airflow/example_dags/tutorial.py
[2023-09-01T19:52:40.316+0000] {logging_mixin.py:150} INFO - [2023-09-01T19:52:40.316+0000] {dag.py:2742} INFO - Sync 1 DAGs
[2023-09-01T19:52:40.339+0000] {logging_mixin.py:150} INFO - [2023-09-01T19:52:40.339+0000] {dag.py:3508} INFO - Setting next_dagrun for tutorial to 2023-08-31T19:52:40.339036+00:00, run_after=2023-09-01T19:52:40.339036+00:00
[2023-09-01T19:52:40.358+0000] {processor.py:179} INFO - Processing /home/airflow/.local/lib/python3.7/site-packages/airflow/example_dags/tutorial.py took 0.077 seconds
[2023-09-01T19:53:10.746+0000] {processor.py:157} INFO - Started process (PID=2352) to work on /home/airflow/.local/lib/python3.7/site-packages/airflow/example_dags/tutorial.py
[2023-09-01T19:53:10.747+0000] {processor.py:826} INFO - Processing file /home/airflow/.local/lib/python3.7/site-packages/airflow/example_dags/tutorial.py for tasks to queue
[2023-09-01T19:53:10.748+0000] {logging_mixin.py:150} INFO - [2023-09-01T19:53:10.748+0000] {dagbag.py:541} INFO - Filling up the DagBag from /home/airflow/.local/lib/python3.7/site-packages/airflow/example_dags/tutorial.py
[2023-09-01T19:53:10.756+0000] {processor.py:836} INFO - DAG(s) dict_keys(['tutorial']) retrieved from /home/airflow/.local/lib/python3.7/site-packages/airflow/example_dags/tutorial.py
[2023-09-01T19:53:10.788+0000] {logging_mixin.py:150} INFO - [2023-09-01T19:53:10.788+0000] {dag.py:2742} INFO - Sync 1 DAGs
[2023-09-01T19:53:10.815+0000] {logging_mixin.py:150} INFO - [2023-09-01T19:53:10.815+0000] {dag.py:3508} INFO - Setting next_dagrun for tutorial to 2023-08-31T19:53:10.815084+00:00, run_after=2023-09-01T19:53:10.815084+00:00
[2023-09-01T19:53:10.832+0000] {processor.py:179} INFO - Processing /home/airflow/.local/lib/python3.7/site-packages/airflow/example_dags/tutorial.py took 0.090 seconds
[2023-09-01T19:53:41.063+0000] {processor.py:157} INFO - Started process (PID=2407) to work on /home/airflow/.local/lib/python3.7/site-packages/airflow/example_dags/tutorial.py
[2023-09-01T19:53:41.063+0000] {processor.py:826} INFO - Processing file /home/airflow/.local/lib/python3.7/site-packages/airflow/example_dags/tutorial.py for tasks to queue
[2023-09-01T19:53:41.064+0000] {logging_mixin.py:150} INFO - [2023-09-01T19:53:41.064+0000] {dagbag.py:541} INFO - Filling up the DagBag from /home/airflow/.local/lib/python3.7/site-packages/airflow/example_dags/tutorial.py
[2023-09-01T19:53:41.070+0000] {processor.py:836} INFO - DAG(s) dict_keys(['tutorial']) retrieved from /home/airflow/.local/lib/python3.7/site-packages/airflow/example_dags/tutorial.py
[2023-09-01T19:53:41.102+0000] {logging_mixin.py:150} INFO - [2023-09-01T19:53:41.102+0000] {dag.py:2742} INFO - Sync 1 DAGs
[2023-09-01T19:53:41.133+0000] {logging_mixin.py:150} INFO - [2023-09-01T19:53:41.132+0000] {dag.py:3508} INFO - Setting next_dagrun for tutorial to 2023-08-31T19:53:41.132692+00:00, run_after=2023-09-01T19:53:41.132692+00:00
[2023-09-01T19:53:41.154+0000] {processor.py:179} INFO - Processing /home/airflow/.local/lib/python3.7/site-packages/airflow/example_dags/tutorial.py took 0.095 seconds
[2023-09-01T19:54:11.305+0000] {processor.py:157} INFO - Started process (PID=2462) to work on /home/airflow/.local/lib/python3.7/site-packages/airflow/example_dags/tutorial.py
[2023-09-01T19:54:11.307+0000] {processor.py:826} INFO - Processing file /home/airflow/.local/lib/python3.7/site-packages/airflow/example_dags/tutorial.py for tasks to queue
[2023-09-01T19:54:11.307+0000] {logging_mixin.py:150} INFO - [2023-09-01T19:54:11.307+0000] {dagbag.py:541} INFO - Filling up the DagBag from /home/airflow/.local/lib/python3.7/site-packages/airflow/example_dags/tutorial.py
[2023-09-01T19:54:11.313+0000] {processor.py:836} INFO - DAG(s) dict_keys(['tutorial']) retrieved from /home/airflow/.local/lib/python3.7/site-packages/airflow/example_dags/tutorial.py
[2023-09-01T19:54:11.351+0000] {logging_mixin.py:150} INFO - [2023-09-01T19:54:11.351+0000] {dag.py:2742} INFO - Sync 1 DAGs
[2023-09-01T19:54:11.373+0000] {logging_mixin.py:150} INFO - [2023-09-01T19:54:11.373+0000] {dag.py:3508} INFO - Setting next_dagrun for tutorial to 2023-08-31T19:54:11.372954+00:00, run_after=2023-09-01T19:54:11.372954+00:00
[2023-09-01T19:54:11.388+0000] {processor.py:179} INFO - Processing /home/airflow/.local/lib/python3.7/site-packages/airflow/example_dags/tutorial.py took 0.086 seconds
[2023-09-01T19:54:42.182+0000] {processor.py:157} INFO - Started process (PID=2517) to work on /home/airflow/.local/lib/python3.7/site-packages/airflow/example_dags/tutorial.py
[2023-09-01T19:54:42.183+0000] {processor.py:826} INFO - Processing file /home/airflow/.local/lib/python3.7/site-packages/airflow/example_dags/tutorial.py for tasks to queue
[2023-09-01T19:54:42.184+0000] {logging_mixin.py:150} INFO - [2023-09-01T19:54:42.183+0000] {dagbag.py:541} INFO - Filling up the DagBag from /home/airflow/.local/lib/python3.7/site-packages/airflow/example_dags/tutorial.py
[2023-09-01T19:54:42.189+0000] {processor.py:836} INFO - DAG(s) dict_keys(['tutorial']) retrieved from /home/airflow/.local/lib/python3.7/site-packages/airflow/example_dags/tutorial.py
[2023-09-01T19:54:42.212+0000] {logging_mixin.py:150} INFO - [2023-09-01T19:54:42.212+0000] {dag.py:2742} INFO - Sync 1 DAGs
[2023-09-01T19:54:42.232+0000] {logging_mixin.py:150} INFO - [2023-09-01T19:54:42.232+0000] {dag.py:3508} INFO - Setting next_dagrun for tutorial to 2023-08-31T19:54:42.231802+00:00, run_after=2023-09-01T19:54:42.231802+00:00
[2023-09-01T19:54:42.246+0000] {processor.py:179} INFO - Processing /home/airflow/.local/lib/python3.7/site-packages/airflow/example_dags/tutorial.py took 0.067 seconds
[2023-09-01T19:55:12.300+0000] {processor.py:157} INFO - Started process (PID=2571) to work on /home/airflow/.local/lib/python3.7/site-packages/airflow/example_dags/tutorial.py
[2023-09-01T19:55:12.305+0000] {processor.py:826} INFO - Processing file /home/airflow/.local/lib/python3.7/site-packages/airflow/example_dags/tutorial.py for tasks to queue
[2023-09-01T19:55:12.306+0000] {logging_mixin.py:150} INFO - [2023-09-01T19:55:12.306+0000] {dagbag.py:541} INFO - Filling up the DagBag from /home/airflow/.local/lib/python3.7/site-packages/airflow/example_dags/tutorial.py
[2023-09-01T19:55:12.313+0000] {processor.py:836} INFO - DAG(s) dict_keys(['tutorial']) retrieved from /home/airflow/.local/lib/python3.7/site-packages/airflow/example_dags/tutorial.py
[2023-09-01T19:55:12.340+0000] {logging_mixin.py:150} INFO - [2023-09-01T19:55:12.340+0000] {dag.py:2742} INFO - Sync 1 DAGs
[2023-09-01T19:55:12.362+0000] {logging_mixin.py:150} INFO - [2023-09-01T19:55:12.361+0000] {dag.py:3508} INFO - Setting next_dagrun for tutorial to 2023-08-31T19:55:12.361623+00:00, run_after=2023-09-01T19:55:12.361623+00:00
[2023-09-01T19:55:12.379+0000] {processor.py:179} INFO - Processing /home/airflow/.local/lib/python3.7/site-packages/airflow/example_dags/tutorial.py took 0.083 seconds
