[2023-09-01T19:31:52.323+0000] {processor.py:157} INFO - Started process (PID=47) to work on /home/airflow/.local/lib/python3.7/site-packages/airflow/example_dags/tutorial_dag.py
[2023-09-01T19:31:52.324+0000] {processor.py:826} INFO - Processing file /home/airflow/.local/lib/python3.7/site-packages/airflow/example_dags/tutorial_dag.py for tasks to queue
[2023-09-01T19:31:52.331+0000] {logging_mixin.py:150} INFO - [2023-09-01T19:31:52.324+0000] {dagbag.py:541} INFO - Filling up the DagBag from /home/airflow/.local/lib/python3.7/site-packages/airflow/example_dags/tutorial_dag.py
[2023-09-01T19:31:52.350+0000] {processor.py:836} INFO - DAG(s) dict_keys(['tutorial_dag']) retrieved from /home/airflow/.local/lib/python3.7/site-packages/airflow/example_dags/tutorial_dag.py
[2023-09-01T19:31:52.455+0000] {logging_mixin.py:150} INFO - [2023-09-01T19:31:52.455+0000] {dag.py:2742} INFO - Sync 1 DAGs
[2023-09-01T19:31:52.710+0000] {logging_mixin.py:150} INFO - [2023-09-01T19:31:52.710+0000] {dag.py:3508} INFO - Setting next_dagrun for tutorial_dag to None, run_after=None
[2023-09-01T19:31:52.786+0000] {processor.py:179} INFO - Processing /home/airflow/.local/lib/python3.7/site-packages/airflow/example_dags/tutorial_dag.py took 0.491 seconds
[2023-09-01T19:32:23.236+0000] {processor.py:157} INFO - Started process (PID=103) to work on /home/airflow/.local/lib/python3.7/site-packages/airflow/example_dags/tutorial_dag.py
[2023-09-01T19:32:23.239+0000] {processor.py:826} INFO - Processing file /home/airflow/.local/lib/python3.7/site-packages/airflow/example_dags/tutorial_dag.py for tasks to queue
[2023-09-01T19:32:23.240+0000] {logging_mixin.py:150} INFO - [2023-09-01T19:32:23.240+0000] {dagbag.py:541} INFO - Filling up the DagBag from /home/airflow/.local/lib/python3.7/site-packages/airflow/example_dags/tutorial_dag.py
[2023-09-01T19:32:23.245+0000] {processor.py:836} INFO - DAG(s) dict_keys(['tutorial_dag']) retrieved from /home/airflow/.local/lib/python3.7/site-packages/airflow/example_dags/tutorial_dag.py
[2023-09-01T19:32:23.275+0000] {logging_mixin.py:150} INFO - [2023-09-01T19:32:23.275+0000] {dag.py:2742} INFO - Sync 1 DAGs
[2023-09-01T19:32:23.301+0000] {logging_mixin.py:150} INFO - [2023-09-01T19:32:23.301+0000] {dag.py:3508} INFO - Setting next_dagrun for tutorial_dag to None, run_after=None
[2023-09-01T19:32:23.318+0000] {processor.py:179} INFO - Processing /home/airflow/.local/lib/python3.7/site-packages/airflow/example_dags/tutorial_dag.py took 0.085 seconds
[2023-09-01T19:32:54.249+0000] {processor.py:157} INFO - Started process (PID=158) to work on /home/airflow/.local/lib/python3.7/site-packages/airflow/example_dags/tutorial_dag.py
[2023-09-01T19:32:54.250+0000] {processor.py:826} INFO - Processing file /home/airflow/.local/lib/python3.7/site-packages/airflow/example_dags/tutorial_dag.py for tasks to queue
[2023-09-01T19:32:54.251+0000] {logging_mixin.py:150} INFO - [2023-09-01T19:32:54.250+0000] {dagbag.py:541} INFO - Filling up the DagBag from /home/airflow/.local/lib/python3.7/site-packages/airflow/example_dags/tutorial_dag.py
[2023-09-01T19:32:54.255+0000] {processor.py:836} INFO - DAG(s) dict_keys(['tutorial_dag']) retrieved from /home/airflow/.local/lib/python3.7/site-packages/airflow/example_dags/tutorial_dag.py
[2023-09-01T19:32:54.279+0000] {logging_mixin.py:150} INFO - [2023-09-01T19:32:54.279+0000] {dag.py:2742} INFO - Sync 1 DAGs
[2023-09-01T19:32:54.300+0000] {logging_mixin.py:150} INFO - [2023-09-01T19:32:54.300+0000] {dag.py:3508} INFO - Setting next_dagrun for tutorial_dag to None, run_after=None
[2023-09-01T19:32:54.315+0000] {processor.py:179} INFO - Processing /home/airflow/.local/lib/python3.7/site-packages/airflow/example_dags/tutorial_dag.py took 0.069 seconds
[2023-09-01T19:33:24.562+0000] {processor.py:157} INFO - Started process (PID=213) to work on /home/airflow/.local/lib/python3.7/site-packages/airflow/example_dags/tutorial_dag.py
[2023-09-01T19:33:24.563+0000] {processor.py:826} INFO - Processing file /home/airflow/.local/lib/python3.7/site-packages/airflow/example_dags/tutorial_dag.py for tasks to queue
[2023-09-01T19:33:24.564+0000] {logging_mixin.py:150} INFO - [2023-09-01T19:33:24.564+0000] {dagbag.py:541} INFO - Filling up the DagBag from /home/airflow/.local/lib/python3.7/site-packages/airflow/example_dags/tutorial_dag.py
[2023-09-01T19:33:24.574+0000] {processor.py:836} INFO - DAG(s) dict_keys(['tutorial_dag']) retrieved from /home/airflow/.local/lib/python3.7/site-packages/airflow/example_dags/tutorial_dag.py
[2023-09-01T19:33:24.594+0000] {logging_mixin.py:150} INFO - [2023-09-01T19:33:24.594+0000] {dag.py:2742} INFO - Sync 1 DAGs
[2023-09-01T19:33:24.615+0000] {logging_mixin.py:150} INFO - [2023-09-01T19:33:24.614+0000] {dag.py:3508} INFO - Setting next_dagrun for tutorial_dag to None, run_after=None
[2023-09-01T19:33:24.629+0000] {processor.py:179} INFO - Processing /home/airflow/.local/lib/python3.7/site-packages/airflow/example_dags/tutorial_dag.py took 0.070 seconds
[2023-09-01T19:33:54.901+0000] {processor.py:157} INFO - Started process (PID=268) to work on /home/airflow/.local/lib/python3.7/site-packages/airflow/example_dags/tutorial_dag.py
[2023-09-01T19:33:54.902+0000] {processor.py:826} INFO - Processing file /home/airflow/.local/lib/python3.7/site-packages/airflow/example_dags/tutorial_dag.py for tasks to queue
[2023-09-01T19:33:54.902+0000] {logging_mixin.py:150} INFO - [2023-09-01T19:33:54.902+0000] {dagbag.py:541} INFO - Filling up the DagBag from /home/airflow/.local/lib/python3.7/site-packages/airflow/example_dags/tutorial_dag.py
[2023-09-01T19:33:54.907+0000] {processor.py:836} INFO - DAG(s) dict_keys(['tutorial_dag']) retrieved from /home/airflow/.local/lib/python3.7/site-packages/airflow/example_dags/tutorial_dag.py
[2023-09-01T19:33:54.930+0000] {logging_mixin.py:150} INFO - [2023-09-01T19:33:54.930+0000] {dag.py:2742} INFO - Sync 1 DAGs
[2023-09-01T19:33:54.970+0000] {logging_mixin.py:150} INFO - [2023-09-01T19:33:54.970+0000] {dag.py:3508} INFO - Setting next_dagrun for tutorial_dag to None, run_after=None
[2023-09-01T19:33:54.990+0000] {processor.py:179} INFO - Processing /home/airflow/.local/lib/python3.7/site-packages/airflow/example_dags/tutorial_dag.py took 0.092 seconds
[2023-09-01T19:34:25.370+0000] {processor.py:157} INFO - Started process (PID=323) to work on /home/airflow/.local/lib/python3.7/site-packages/airflow/example_dags/tutorial_dag.py
[2023-09-01T19:34:25.371+0000] {processor.py:826} INFO - Processing file /home/airflow/.local/lib/python3.7/site-packages/airflow/example_dags/tutorial_dag.py for tasks to queue
[2023-09-01T19:34:25.372+0000] {logging_mixin.py:150} INFO - [2023-09-01T19:34:25.372+0000] {dagbag.py:541} INFO - Filling up the DagBag from /home/airflow/.local/lib/python3.7/site-packages/airflow/example_dags/tutorial_dag.py
[2023-09-01T19:34:25.377+0000] {processor.py:836} INFO - DAG(s) dict_keys(['tutorial_dag']) retrieved from /home/airflow/.local/lib/python3.7/site-packages/airflow/example_dags/tutorial_dag.py
[2023-09-01T19:34:25.397+0000] {logging_mixin.py:150} INFO - [2023-09-01T19:34:25.397+0000] {dag.py:2742} INFO - Sync 1 DAGs
[2023-09-01T19:34:25.420+0000] {logging_mixin.py:150} INFO - [2023-09-01T19:34:25.419+0000] {dag.py:3508} INFO - Setting next_dagrun for tutorial_dag to None, run_after=None
[2023-09-01T19:34:25.434+0000] {processor.py:179} INFO - Processing /home/airflow/.local/lib/python3.7/site-packages/airflow/example_dags/tutorial_dag.py took 0.068 seconds
[2023-09-01T19:34:55.601+0000] {processor.py:157} INFO - Started process (PID=378) to work on /home/airflow/.local/lib/python3.7/site-packages/airflow/example_dags/tutorial_dag.py
[2023-09-01T19:34:55.602+0000] {processor.py:826} INFO - Processing file /home/airflow/.local/lib/python3.7/site-packages/airflow/example_dags/tutorial_dag.py for tasks to queue
[2023-09-01T19:34:55.603+0000] {logging_mixin.py:150} INFO - [2023-09-01T19:34:55.603+0000] {dagbag.py:541} INFO - Filling up the DagBag from /home/airflow/.local/lib/python3.7/site-packages/airflow/example_dags/tutorial_dag.py
[2023-09-01T19:34:55.609+0000] {processor.py:836} INFO - DAG(s) dict_keys(['tutorial_dag']) retrieved from /home/airflow/.local/lib/python3.7/site-packages/airflow/example_dags/tutorial_dag.py
[2023-09-01T19:34:55.628+0000] {logging_mixin.py:150} INFO - [2023-09-01T19:34:55.628+0000] {dag.py:2742} INFO - Sync 1 DAGs
[2023-09-01T19:34:55.650+0000] {logging_mixin.py:150} INFO - [2023-09-01T19:34:55.649+0000] {dag.py:3508} INFO - Setting next_dagrun for tutorial_dag to None, run_after=None
[2023-09-01T19:34:55.665+0000] {processor.py:179} INFO - Processing /home/airflow/.local/lib/python3.7/site-packages/airflow/example_dags/tutorial_dag.py took 0.067 seconds
[2023-09-01T19:35:25.888+0000] {processor.py:157} INFO - Started process (PID=433) to work on /home/airflow/.local/lib/python3.7/site-packages/airflow/example_dags/tutorial_dag.py
[2023-09-01T19:35:25.889+0000] {processor.py:826} INFO - Processing file /home/airflow/.local/lib/python3.7/site-packages/airflow/example_dags/tutorial_dag.py for tasks to queue
[2023-09-01T19:35:25.890+0000] {logging_mixin.py:150} INFO - [2023-09-01T19:35:25.889+0000] {dagbag.py:541} INFO - Filling up the DagBag from /home/airflow/.local/lib/python3.7/site-packages/airflow/example_dags/tutorial_dag.py
[2023-09-01T19:35:25.898+0000] {processor.py:836} INFO - DAG(s) dict_keys(['tutorial_dag']) retrieved from /home/airflow/.local/lib/python3.7/site-packages/airflow/example_dags/tutorial_dag.py
[2023-09-01T19:35:25.929+0000] {logging_mixin.py:150} INFO - [2023-09-01T19:35:25.929+0000] {dag.py:2742} INFO - Sync 1 DAGs
[2023-09-01T19:35:25.955+0000] {logging_mixin.py:150} INFO - [2023-09-01T19:35:25.955+0000] {dag.py:3508} INFO - Setting next_dagrun for tutorial_dag to None, run_after=None
[2023-09-01T19:35:25.971+0000] {processor.py:179} INFO - Processing /home/airflow/.local/lib/python3.7/site-packages/airflow/example_dags/tutorial_dag.py took 0.086 seconds
[2023-09-01T19:35:56.290+0000] {processor.py:157} INFO - Started process (PID=488) to work on /home/airflow/.local/lib/python3.7/site-packages/airflow/example_dags/tutorial_dag.py
[2023-09-01T19:35:56.291+0000] {processor.py:826} INFO - Processing file /home/airflow/.local/lib/python3.7/site-packages/airflow/example_dags/tutorial_dag.py for tasks to queue
[2023-09-01T19:35:56.298+0000] {logging_mixin.py:150} INFO - [2023-09-01T19:35:56.298+0000] {dagbag.py:541} INFO - Filling up the DagBag from /home/airflow/.local/lib/python3.7/site-packages/airflow/example_dags/tutorial_dag.py
[2023-09-01T19:35:56.313+0000] {processor.py:836} INFO - DAG(s) dict_keys(['tutorial_dag']) retrieved from /home/airflow/.local/lib/python3.7/site-packages/airflow/example_dags/tutorial_dag.py
[2023-09-01T19:35:56.349+0000] {logging_mixin.py:150} INFO - [2023-09-01T19:35:56.349+0000] {dag.py:2742} INFO - Sync 1 DAGs
[2023-09-01T19:35:56.374+0000] {logging_mixin.py:150} INFO - [2023-09-01T19:35:56.374+0000] {dag.py:3508} INFO - Setting next_dagrun for tutorial_dag to None, run_after=None
[2023-09-01T19:35:56.401+0000] {processor.py:179} INFO - Processing /home/airflow/.local/lib/python3.7/site-packages/airflow/example_dags/tutorial_dag.py took 0.114 seconds
[2023-09-01T19:36:26.859+0000] {processor.py:157} INFO - Started process (PID=543) to work on /home/airflow/.local/lib/python3.7/site-packages/airflow/example_dags/tutorial_dag.py
[2023-09-01T19:36:26.879+0000] {processor.py:826} INFO - Processing file /home/airflow/.local/lib/python3.7/site-packages/airflow/example_dags/tutorial_dag.py for tasks to queue
[2023-09-01T19:36:26.880+0000] {logging_mixin.py:150} INFO - [2023-09-01T19:36:26.880+0000] {dagbag.py:541} INFO - Filling up the DagBag from /home/airflow/.local/lib/python3.7/site-packages/airflow/example_dags/tutorial_dag.py
[2023-09-01T19:36:26.884+0000] {processor.py:836} INFO - DAG(s) dict_keys(['tutorial_dag']) retrieved from /home/airflow/.local/lib/python3.7/site-packages/airflow/example_dags/tutorial_dag.py
[2023-09-01T19:36:26.968+0000] {logging_mixin.py:150} INFO - [2023-09-01T19:36:26.968+0000] {dag.py:2742} INFO - Sync 1 DAGs
[2023-09-01T19:36:27.022+0000] {logging_mixin.py:150} INFO - [2023-09-01T19:36:27.022+0000] {dag.py:3508} INFO - Setting next_dagrun for tutorial_dag to None, run_after=None
[2023-09-01T19:36:27.036+0000] {processor.py:179} INFO - Processing /home/airflow/.local/lib/python3.7/site-packages/airflow/example_dags/tutorial_dag.py took 0.181 seconds
[2023-09-01T19:36:57.693+0000] {processor.py:157} INFO - Started process (PID=598) to work on /home/airflow/.local/lib/python3.7/site-packages/airflow/example_dags/tutorial_dag.py
[2023-09-01T19:36:57.694+0000] {processor.py:826} INFO - Processing file /home/airflow/.local/lib/python3.7/site-packages/airflow/example_dags/tutorial_dag.py for tasks to queue
[2023-09-01T19:36:57.694+0000] {logging_mixin.py:150} INFO - [2023-09-01T19:36:57.694+0000] {dagbag.py:541} INFO - Filling up the DagBag from /home/airflow/.local/lib/python3.7/site-packages/airflow/example_dags/tutorial_dag.py
[2023-09-01T19:36:57.703+0000] {processor.py:836} INFO - DAG(s) dict_keys(['tutorial_dag']) retrieved from /home/airflow/.local/lib/python3.7/site-packages/airflow/example_dags/tutorial_dag.py
[2023-09-01T19:36:57.744+0000] {logging_mixin.py:150} INFO - [2023-09-01T19:36:57.744+0000] {dag.py:2742} INFO - Sync 1 DAGs
[2023-09-01T19:36:57.778+0000] {logging_mixin.py:150} INFO - [2023-09-01T19:36:57.777+0000] {dag.py:3508} INFO - Setting next_dagrun for tutorial_dag to None, run_after=None
[2023-09-01T19:36:57.814+0000] {processor.py:179} INFO - Processing /home/airflow/.local/lib/python3.7/site-packages/airflow/example_dags/tutorial_dag.py took 0.130 seconds
[2023-09-01T19:37:28.264+0000] {processor.py:157} INFO - Started process (PID=653) to work on /home/airflow/.local/lib/python3.7/site-packages/airflow/example_dags/tutorial_dag.py
[2023-09-01T19:37:28.267+0000] {processor.py:826} INFO - Processing file /home/airflow/.local/lib/python3.7/site-packages/airflow/example_dags/tutorial_dag.py for tasks to queue
[2023-09-01T19:37:28.267+0000] {logging_mixin.py:150} INFO - [2023-09-01T19:37:28.267+0000] {dagbag.py:541} INFO - Filling up the DagBag from /home/airflow/.local/lib/python3.7/site-packages/airflow/example_dags/tutorial_dag.py
[2023-09-01T19:37:28.284+0000] {processor.py:836} INFO - DAG(s) dict_keys(['tutorial_dag']) retrieved from /home/airflow/.local/lib/python3.7/site-packages/airflow/example_dags/tutorial_dag.py
[2023-09-01T19:37:28.322+0000] {logging_mixin.py:150} INFO - [2023-09-01T19:37:28.321+0000] {dag.py:2742} INFO - Sync 1 DAGs
[2023-09-01T19:37:28.353+0000] {logging_mixin.py:150} INFO - [2023-09-01T19:37:28.351+0000] {dag.py:3508} INFO - Setting next_dagrun for tutorial_dag to None, run_after=None
[2023-09-01T19:37:28.404+0000] {processor.py:179} INFO - Processing /home/airflow/.local/lib/python3.7/site-packages/airflow/example_dags/tutorial_dag.py took 0.147 seconds
[2023-09-01T19:37:59.155+0000] {processor.py:157} INFO - Started process (PID=708) to work on /home/airflow/.local/lib/python3.7/site-packages/airflow/example_dags/tutorial_dag.py
[2023-09-01T19:37:59.161+0000] {processor.py:826} INFO - Processing file /home/airflow/.local/lib/python3.7/site-packages/airflow/example_dags/tutorial_dag.py for tasks to queue
[2023-09-01T19:37:59.162+0000] {logging_mixin.py:150} INFO - [2023-09-01T19:37:59.162+0000] {dagbag.py:541} INFO - Filling up the DagBag from /home/airflow/.local/lib/python3.7/site-packages/airflow/example_dags/tutorial_dag.py
[2023-09-01T19:37:59.171+0000] {processor.py:836} INFO - DAG(s) dict_keys(['tutorial_dag']) retrieved from /home/airflow/.local/lib/python3.7/site-packages/airflow/example_dags/tutorial_dag.py
[2023-09-01T19:37:59.246+0000] {logging_mixin.py:150} INFO - [2023-09-01T19:37:59.246+0000] {dag.py:2742} INFO - Sync 1 DAGs
[2023-09-01T19:37:59.296+0000] {logging_mixin.py:150} INFO - [2023-09-01T19:37:59.296+0000] {dag.py:3508} INFO - Setting next_dagrun for tutorial_dag to None, run_after=None
[2023-09-01T19:37:59.318+0000] {processor.py:179} INFO - Processing /home/airflow/.local/lib/python3.7/site-packages/airflow/example_dags/tutorial_dag.py took 0.170 seconds
[2023-09-01T19:38:29.700+0000] {processor.py:157} INFO - Started process (PID=763) to work on /home/airflow/.local/lib/python3.7/site-packages/airflow/example_dags/tutorial_dag.py
[2023-09-01T19:38:29.701+0000] {processor.py:826} INFO - Processing file /home/airflow/.local/lib/python3.7/site-packages/airflow/example_dags/tutorial_dag.py for tasks to queue
[2023-09-01T19:38:29.702+0000] {logging_mixin.py:150} INFO - [2023-09-01T19:38:29.702+0000] {dagbag.py:541} INFO - Filling up the DagBag from /home/airflow/.local/lib/python3.7/site-packages/airflow/example_dags/tutorial_dag.py
[2023-09-01T19:38:29.708+0000] {processor.py:836} INFO - DAG(s) dict_keys(['tutorial_dag']) retrieved from /home/airflow/.local/lib/python3.7/site-packages/airflow/example_dags/tutorial_dag.py
[2023-09-01T19:38:29.736+0000] {logging_mixin.py:150} INFO - [2023-09-01T19:38:29.735+0000] {dag.py:2742} INFO - Sync 1 DAGs
[2023-09-01T19:38:29.762+0000] {logging_mixin.py:150} INFO - [2023-09-01T19:38:29.762+0000] {dag.py:3508} INFO - Setting next_dagrun for tutorial_dag to None, run_after=None
[2023-09-01T19:38:29.779+0000] {processor.py:179} INFO - Processing /home/airflow/.local/lib/python3.7/site-packages/airflow/example_dags/tutorial_dag.py took 0.086 seconds
[2023-09-01T19:39:00.800+0000] {processor.py:157} INFO - Started process (PID=818) to work on /home/airflow/.local/lib/python3.7/site-packages/airflow/example_dags/tutorial_dag.py
[2023-09-01T19:39:00.803+0000] {processor.py:826} INFO - Processing file /home/airflow/.local/lib/python3.7/site-packages/airflow/example_dags/tutorial_dag.py for tasks to queue
[2023-09-01T19:39:00.805+0000] {logging_mixin.py:150} INFO - [2023-09-01T19:39:00.803+0000] {dagbag.py:541} INFO - Filling up the DagBag from /home/airflow/.local/lib/python3.7/site-packages/airflow/example_dags/tutorial_dag.py
[2023-09-01T19:39:00.818+0000] {processor.py:836} INFO - DAG(s) dict_keys(['tutorial_dag']) retrieved from /home/airflow/.local/lib/python3.7/site-packages/airflow/example_dags/tutorial_dag.py
[2023-09-01T19:39:00.842+0000] {logging_mixin.py:150} INFO - [2023-09-01T19:39:00.842+0000] {dag.py:2742} INFO - Sync 1 DAGs
[2023-09-01T19:39:00.881+0000] {logging_mixin.py:150} INFO - [2023-09-01T19:39:00.881+0000] {dag.py:3508} INFO - Setting next_dagrun for tutorial_dag to None, run_after=None
[2023-09-01T19:39:00.936+0000] {processor.py:179} INFO - Processing /home/airflow/.local/lib/python3.7/site-packages/airflow/example_dags/tutorial_dag.py took 0.146 seconds
[2023-09-01T19:39:31.055+0000] {processor.py:157} INFO - Started process (PID=872) to work on /home/airflow/.local/lib/python3.7/site-packages/airflow/example_dags/tutorial_dag.py
[2023-09-01T19:39:31.059+0000] {processor.py:826} INFO - Processing file /home/airflow/.local/lib/python3.7/site-packages/airflow/example_dags/tutorial_dag.py for tasks to queue
[2023-09-01T19:39:31.060+0000] {logging_mixin.py:150} INFO - [2023-09-01T19:39:31.060+0000] {dagbag.py:541} INFO - Filling up the DagBag from /home/airflow/.local/lib/python3.7/site-packages/airflow/example_dags/tutorial_dag.py
[2023-09-01T19:39:31.065+0000] {processor.py:836} INFO - DAG(s) dict_keys(['tutorial_dag']) retrieved from /home/airflow/.local/lib/python3.7/site-packages/airflow/example_dags/tutorial_dag.py
[2023-09-01T19:39:31.087+0000] {logging_mixin.py:150} INFO - [2023-09-01T19:39:31.086+0000] {dag.py:2742} INFO - Sync 1 DAGs
[2023-09-01T19:39:31.109+0000] {logging_mixin.py:150} INFO - [2023-09-01T19:39:31.109+0000] {dag.py:3508} INFO - Setting next_dagrun for tutorial_dag to None, run_after=None
[2023-09-01T19:39:31.127+0000] {processor.py:179} INFO - Processing /home/airflow/.local/lib/python3.7/site-packages/airflow/example_dags/tutorial_dag.py took 0.075 seconds
[2023-09-01T19:40:01.364+0000] {processor.py:157} INFO - Started process (PID=927) to work on /home/airflow/.local/lib/python3.7/site-packages/airflow/example_dags/tutorial_dag.py
[2023-09-01T19:40:01.364+0000] {processor.py:826} INFO - Processing file /home/airflow/.local/lib/python3.7/site-packages/airflow/example_dags/tutorial_dag.py for tasks to queue
[2023-09-01T19:40:01.365+0000] {logging_mixin.py:150} INFO - [2023-09-01T19:40:01.365+0000] {dagbag.py:541} INFO - Filling up the DagBag from /home/airflow/.local/lib/python3.7/site-packages/airflow/example_dags/tutorial_dag.py
[2023-09-01T19:40:01.370+0000] {processor.py:836} INFO - DAG(s) dict_keys(['tutorial_dag']) retrieved from /home/airflow/.local/lib/python3.7/site-packages/airflow/example_dags/tutorial_dag.py
[2023-09-01T19:40:01.392+0000] {logging_mixin.py:150} INFO - [2023-09-01T19:40:01.391+0000] {dag.py:2742} INFO - Sync 1 DAGs
[2023-09-01T19:40:01.414+0000] {logging_mixin.py:150} INFO - [2023-09-01T19:40:01.414+0000] {dag.py:3508} INFO - Setting next_dagrun for tutorial_dag to None, run_after=None
[2023-09-01T19:40:01.431+0000] {processor.py:179} INFO - Processing /home/airflow/.local/lib/python3.7/site-packages/airflow/example_dags/tutorial_dag.py took 0.073 seconds
[2023-09-01T19:40:31.940+0000] {processor.py:157} INFO - Started process (PID=982) to work on /home/airflow/.local/lib/python3.7/site-packages/airflow/example_dags/tutorial_dag.py
[2023-09-01T19:40:31.941+0000] {processor.py:826} INFO - Processing file /home/airflow/.local/lib/python3.7/site-packages/airflow/example_dags/tutorial_dag.py for tasks to queue
[2023-09-01T19:40:31.942+0000] {logging_mixin.py:150} INFO - [2023-09-01T19:40:31.942+0000] {dagbag.py:541} INFO - Filling up the DagBag from /home/airflow/.local/lib/python3.7/site-packages/airflow/example_dags/tutorial_dag.py
[2023-09-01T19:40:31.948+0000] {processor.py:836} INFO - DAG(s) dict_keys(['tutorial_dag']) retrieved from /home/airflow/.local/lib/python3.7/site-packages/airflow/example_dags/tutorial_dag.py
[2023-09-01T19:40:31.978+0000] {logging_mixin.py:150} INFO - [2023-09-01T19:40:31.978+0000] {dag.py:2742} INFO - Sync 1 DAGs
[2023-09-01T19:40:32.024+0000] {logging_mixin.py:150} INFO - [2023-09-01T19:40:32.024+0000] {dag.py:3508} INFO - Setting next_dagrun for tutorial_dag to None, run_after=None
[2023-09-01T19:40:32.043+0000] {processor.py:179} INFO - Processing /home/airflow/.local/lib/python3.7/site-packages/airflow/example_dags/tutorial_dag.py took 0.106 seconds
[2023-09-01T19:41:02.095+0000] {processor.py:157} INFO - Started process (PID=1036) to work on /home/airflow/.local/lib/python3.7/site-packages/airflow/example_dags/tutorial_dag.py
[2023-09-01T19:41:02.096+0000] {processor.py:826} INFO - Processing file /home/airflow/.local/lib/python3.7/site-packages/airflow/example_dags/tutorial_dag.py for tasks to queue
[2023-09-01T19:41:02.097+0000] {logging_mixin.py:150} INFO - [2023-09-01T19:41:02.097+0000] {dagbag.py:541} INFO - Filling up the DagBag from /home/airflow/.local/lib/python3.7/site-packages/airflow/example_dags/tutorial_dag.py
[2023-09-01T19:41:02.103+0000] {processor.py:836} INFO - DAG(s) dict_keys(['tutorial_dag']) retrieved from /home/airflow/.local/lib/python3.7/site-packages/airflow/example_dags/tutorial_dag.py
[2023-09-01T19:41:02.123+0000] {logging_mixin.py:150} INFO - [2023-09-01T19:41:02.123+0000] {dag.py:2742} INFO - Sync 1 DAGs
[2023-09-01T19:41:02.148+0000] {logging_mixin.py:150} INFO - [2023-09-01T19:41:02.148+0000] {dag.py:3508} INFO - Setting next_dagrun for tutorial_dag to None, run_after=None
[2023-09-01T19:41:02.166+0000] {processor.py:179} INFO - Processing /home/airflow/.local/lib/python3.7/site-packages/airflow/example_dags/tutorial_dag.py took 0.074 seconds
[2023-09-01T19:41:32.425+0000] {processor.py:157} INFO - Started process (PID=1097) to work on /home/airflow/.local/lib/python3.7/site-packages/airflow/example_dags/tutorial_dag.py
[2023-09-01T19:41:32.426+0000] {processor.py:826} INFO - Processing file /home/airflow/.local/lib/python3.7/site-packages/airflow/example_dags/tutorial_dag.py for tasks to queue
[2023-09-01T19:41:32.427+0000] {logging_mixin.py:150} INFO - [2023-09-01T19:41:32.426+0000] {dagbag.py:541} INFO - Filling up the DagBag from /home/airflow/.local/lib/python3.7/site-packages/airflow/example_dags/tutorial_dag.py
[2023-09-01T19:41:32.433+0000] {processor.py:836} INFO - DAG(s) dict_keys(['tutorial_dag']) retrieved from /home/airflow/.local/lib/python3.7/site-packages/airflow/example_dags/tutorial_dag.py
[2023-09-01T19:41:32.458+0000] {logging_mixin.py:150} INFO - [2023-09-01T19:41:32.458+0000] {dag.py:2742} INFO - Sync 1 DAGs
[2023-09-01T19:41:32.480+0000] {logging_mixin.py:150} INFO - [2023-09-01T19:41:32.480+0000] {dag.py:3508} INFO - Setting next_dagrun for tutorial_dag to None, run_after=None
[2023-09-01T19:41:32.495+0000] {processor.py:179} INFO - Processing /home/airflow/.local/lib/python3.7/site-packages/airflow/example_dags/tutorial_dag.py took 0.073 seconds
[2023-09-01T19:42:02.845+0000] {processor.py:157} INFO - Started process (PID=1152) to work on /home/airflow/.local/lib/python3.7/site-packages/airflow/example_dags/tutorial_dag.py
[2023-09-01T19:42:02.846+0000] {processor.py:826} INFO - Processing file /home/airflow/.local/lib/python3.7/site-packages/airflow/example_dags/tutorial_dag.py for tasks to queue
[2023-09-01T19:42:02.847+0000] {logging_mixin.py:150} INFO - [2023-09-01T19:42:02.847+0000] {dagbag.py:541} INFO - Filling up the DagBag from /home/airflow/.local/lib/python3.7/site-packages/airflow/example_dags/tutorial_dag.py
[2023-09-01T19:42:02.852+0000] {processor.py:836} INFO - DAG(s) dict_keys(['tutorial_dag']) retrieved from /home/airflow/.local/lib/python3.7/site-packages/airflow/example_dags/tutorial_dag.py
[2023-09-01T19:42:02.874+0000] {logging_mixin.py:150} INFO - [2023-09-01T19:42:02.874+0000] {dag.py:2742} INFO - Sync 1 DAGs
[2023-09-01T19:42:02.902+0000] {logging_mixin.py:150} INFO - [2023-09-01T19:42:02.902+0000] {dag.py:3508} INFO - Setting next_dagrun for tutorial_dag to None, run_after=None
[2023-09-01T19:42:02.920+0000] {processor.py:179} INFO - Processing /home/airflow/.local/lib/python3.7/site-packages/airflow/example_dags/tutorial_dag.py took 0.078 seconds
[2023-09-01T19:42:33.117+0000] {processor.py:157} INFO - Started process (PID=1207) to work on /home/airflow/.local/lib/python3.7/site-packages/airflow/example_dags/tutorial_dag.py
[2023-09-01T19:42:33.118+0000] {processor.py:826} INFO - Processing file /home/airflow/.local/lib/python3.7/site-packages/airflow/example_dags/tutorial_dag.py for tasks to queue
[2023-09-01T19:42:33.119+0000] {logging_mixin.py:150} INFO - [2023-09-01T19:42:33.119+0000] {dagbag.py:541} INFO - Filling up the DagBag from /home/airflow/.local/lib/python3.7/site-packages/airflow/example_dags/tutorial_dag.py
[2023-09-01T19:42:33.124+0000] {processor.py:836} INFO - DAG(s) dict_keys(['tutorial_dag']) retrieved from /home/airflow/.local/lib/python3.7/site-packages/airflow/example_dags/tutorial_dag.py
[2023-09-01T19:42:33.151+0000] {logging_mixin.py:150} INFO - [2023-09-01T19:42:33.151+0000] {dag.py:2742} INFO - Sync 1 DAGs
[2023-09-01T19:42:33.191+0000] {logging_mixin.py:150} INFO - [2023-09-01T19:42:33.186+0000] {dag.py:3508} INFO - Setting next_dagrun for tutorial_dag to None, run_after=None
[2023-09-01T19:42:33.218+0000] {processor.py:179} INFO - Processing /home/airflow/.local/lib/python3.7/site-packages/airflow/example_dags/tutorial_dag.py took 0.104 seconds
[2023-09-01T19:43:03.337+0000] {processor.py:157} INFO - Started process (PID=1261) to work on /home/airflow/.local/lib/python3.7/site-packages/airflow/example_dags/tutorial_dag.py
[2023-09-01T19:43:03.338+0000] {processor.py:826} INFO - Processing file /home/airflow/.local/lib/python3.7/site-packages/airflow/example_dags/tutorial_dag.py for tasks to queue
[2023-09-01T19:43:03.339+0000] {logging_mixin.py:150} INFO - [2023-09-01T19:43:03.339+0000] {dagbag.py:541} INFO - Filling up the DagBag from /home/airflow/.local/lib/python3.7/site-packages/airflow/example_dags/tutorial_dag.py
[2023-09-01T19:43:03.347+0000] {processor.py:836} INFO - DAG(s) dict_keys(['tutorial_dag']) retrieved from /home/airflow/.local/lib/python3.7/site-packages/airflow/example_dags/tutorial_dag.py
[2023-09-01T19:43:03.368+0000] {logging_mixin.py:150} INFO - [2023-09-01T19:43:03.368+0000] {dag.py:2742} INFO - Sync 1 DAGs
[2023-09-01T19:43:03.390+0000] {logging_mixin.py:150} INFO - [2023-09-01T19:43:03.389+0000] {dag.py:3508} INFO - Setting next_dagrun for tutorial_dag to None, run_after=None
[2023-09-01T19:43:03.406+0000] {processor.py:179} INFO - Processing /home/airflow/.local/lib/python3.7/site-packages/airflow/example_dags/tutorial_dag.py took 0.072 seconds
[2023-09-01T19:43:34.112+0000] {processor.py:157} INFO - Started process (PID=1317) to work on /home/airflow/.local/lib/python3.7/site-packages/airflow/example_dags/tutorial_dag.py
[2023-09-01T19:43:34.113+0000] {processor.py:826} INFO - Processing file /home/airflow/.local/lib/python3.7/site-packages/airflow/example_dags/tutorial_dag.py for tasks to queue
[2023-09-01T19:43:34.114+0000] {logging_mixin.py:150} INFO - [2023-09-01T19:43:34.113+0000] {dagbag.py:541} INFO - Filling up the DagBag from /home/airflow/.local/lib/python3.7/site-packages/airflow/example_dags/tutorial_dag.py
[2023-09-01T19:43:34.119+0000] {processor.py:836} INFO - DAG(s) dict_keys(['tutorial_dag']) retrieved from /home/airflow/.local/lib/python3.7/site-packages/airflow/example_dags/tutorial_dag.py
[2023-09-01T19:43:34.147+0000] {logging_mixin.py:150} INFO - [2023-09-01T19:43:34.147+0000] {dag.py:2742} INFO - Sync 1 DAGs
[2023-09-01T19:43:34.172+0000] {logging_mixin.py:150} INFO - [2023-09-01T19:43:34.172+0000] {dag.py:3508} INFO - Setting next_dagrun for tutorial_dag to None, run_after=None
[2023-09-01T19:43:34.194+0000] {processor.py:179} INFO - Processing /home/airflow/.local/lib/python3.7/site-packages/airflow/example_dags/tutorial_dag.py took 0.086 seconds
[2023-09-01T19:44:04.605+0000] {processor.py:157} INFO - Started process (PID=1372) to work on /home/airflow/.local/lib/python3.7/site-packages/airflow/example_dags/tutorial_dag.py
[2023-09-01T19:44:04.606+0000] {processor.py:826} INFO - Processing file /home/airflow/.local/lib/python3.7/site-packages/airflow/example_dags/tutorial_dag.py for tasks to queue
[2023-09-01T19:44:04.607+0000] {logging_mixin.py:150} INFO - [2023-09-01T19:44:04.607+0000] {dagbag.py:541} INFO - Filling up the DagBag from /home/airflow/.local/lib/python3.7/site-packages/airflow/example_dags/tutorial_dag.py
[2023-09-01T19:44:04.612+0000] {processor.py:836} INFO - DAG(s) dict_keys(['tutorial_dag']) retrieved from /home/airflow/.local/lib/python3.7/site-packages/airflow/example_dags/tutorial_dag.py
[2023-09-01T19:44:04.644+0000] {logging_mixin.py:150} INFO - [2023-09-01T19:44:04.644+0000] {dag.py:2742} INFO - Sync 1 DAGs
[2023-09-01T19:44:04.670+0000] {logging_mixin.py:150} INFO - [2023-09-01T19:44:04.669+0000] {dag.py:3508} INFO - Setting next_dagrun for tutorial_dag to None, run_after=None
[2023-09-01T19:44:04.689+0000] {processor.py:179} INFO - Processing /home/airflow/.local/lib/python3.7/site-packages/airflow/example_dags/tutorial_dag.py took 0.088 seconds
[2023-09-01T19:44:35.205+0000] {processor.py:157} INFO - Started process (PID=1427) to work on /home/airflow/.local/lib/python3.7/site-packages/airflow/example_dags/tutorial_dag.py
[2023-09-01T19:44:35.205+0000] {processor.py:826} INFO - Processing file /home/airflow/.local/lib/python3.7/site-packages/airflow/example_dags/tutorial_dag.py for tasks to queue
[2023-09-01T19:44:35.206+0000] {logging_mixin.py:150} INFO - [2023-09-01T19:44:35.206+0000] {dagbag.py:541} INFO - Filling up the DagBag from /home/airflow/.local/lib/python3.7/site-packages/airflow/example_dags/tutorial_dag.py
[2023-09-01T19:44:35.216+0000] {processor.py:836} INFO - DAG(s) dict_keys(['tutorial_dag']) retrieved from /home/airflow/.local/lib/python3.7/site-packages/airflow/example_dags/tutorial_dag.py
[2023-09-01T19:44:35.238+0000] {logging_mixin.py:150} INFO - [2023-09-01T19:44:35.238+0000] {dag.py:2742} INFO - Sync 1 DAGs
[2023-09-01T19:44:35.262+0000] {logging_mixin.py:150} INFO - [2023-09-01T19:44:35.262+0000] {dag.py:3508} INFO - Setting next_dagrun for tutorial_dag to None, run_after=None
[2023-09-01T19:44:35.282+0000] {processor.py:179} INFO - Processing /home/airflow/.local/lib/python3.7/site-packages/airflow/example_dags/tutorial_dag.py took 0.081 seconds
[2023-09-01T19:45:05.545+0000] {processor.py:157} INFO - Started process (PID=1482) to work on /home/airflow/.local/lib/python3.7/site-packages/airflow/example_dags/tutorial_dag.py
[2023-09-01T19:45:05.546+0000] {processor.py:826} INFO - Processing file /home/airflow/.local/lib/python3.7/site-packages/airflow/example_dags/tutorial_dag.py for tasks to queue
[2023-09-01T19:45:05.546+0000] {logging_mixin.py:150} INFO - [2023-09-01T19:45:05.546+0000] {dagbag.py:541} INFO - Filling up the DagBag from /home/airflow/.local/lib/python3.7/site-packages/airflow/example_dags/tutorial_dag.py
[2023-09-01T19:45:05.552+0000] {processor.py:836} INFO - DAG(s) dict_keys(['tutorial_dag']) retrieved from /home/airflow/.local/lib/python3.7/site-packages/airflow/example_dags/tutorial_dag.py
[2023-09-01T19:45:05.574+0000] {logging_mixin.py:150} INFO - [2023-09-01T19:45:05.574+0000] {dag.py:2742} INFO - Sync 1 DAGs
[2023-09-01T19:45:05.598+0000] {logging_mixin.py:150} INFO - [2023-09-01T19:45:05.598+0000] {dag.py:3508} INFO - Setting next_dagrun for tutorial_dag to None, run_after=None
[2023-09-01T19:45:05.616+0000] {processor.py:179} INFO - Processing /home/airflow/.local/lib/python3.7/site-packages/airflow/example_dags/tutorial_dag.py took 0.074 seconds
[2023-09-01T19:45:35.855+0000] {processor.py:157} INFO - Started process (PID=1537) to work on /home/airflow/.local/lib/python3.7/site-packages/airflow/example_dags/tutorial_dag.py
[2023-09-01T19:45:35.856+0000] {processor.py:826} INFO - Processing file /home/airflow/.local/lib/python3.7/site-packages/airflow/example_dags/tutorial_dag.py for tasks to queue
[2023-09-01T19:45:35.857+0000] {logging_mixin.py:150} INFO - [2023-09-01T19:45:35.857+0000] {dagbag.py:541} INFO - Filling up the DagBag from /home/airflow/.local/lib/python3.7/site-packages/airflow/example_dags/tutorial_dag.py
[2023-09-01T19:45:35.862+0000] {processor.py:836} INFO - DAG(s) dict_keys(['tutorial_dag']) retrieved from /home/airflow/.local/lib/python3.7/site-packages/airflow/example_dags/tutorial_dag.py
[2023-09-01T19:45:35.883+0000] {logging_mixin.py:150} INFO - [2023-09-01T19:45:35.883+0000] {dag.py:2742} INFO - Sync 1 DAGs
[2023-09-01T19:45:35.904+0000] {logging_mixin.py:150} INFO - [2023-09-01T19:45:35.904+0000] {dag.py:3508} INFO - Setting next_dagrun for tutorial_dag to None, run_after=None
[2023-09-01T19:45:35.924+0000] {processor.py:179} INFO - Processing /home/airflow/.local/lib/python3.7/site-packages/airflow/example_dags/tutorial_dag.py took 0.072 seconds
[2023-09-01T19:46:06.272+0000] {processor.py:157} INFO - Started process (PID=1592) to work on /home/airflow/.local/lib/python3.7/site-packages/airflow/example_dags/tutorial_dag.py
[2023-09-01T19:46:06.274+0000] {processor.py:826} INFO - Processing file /home/airflow/.local/lib/python3.7/site-packages/airflow/example_dags/tutorial_dag.py for tasks to queue
[2023-09-01T19:46:06.275+0000] {logging_mixin.py:150} INFO - [2023-09-01T19:46:06.275+0000] {dagbag.py:541} INFO - Filling up the DagBag from /home/airflow/.local/lib/python3.7/site-packages/airflow/example_dags/tutorial_dag.py
[2023-09-01T19:46:06.280+0000] {processor.py:836} INFO - DAG(s) dict_keys(['tutorial_dag']) retrieved from /home/airflow/.local/lib/python3.7/site-packages/airflow/example_dags/tutorial_dag.py
[2023-09-01T19:46:06.305+0000] {logging_mixin.py:150} INFO - [2023-09-01T19:46:06.305+0000] {dag.py:2742} INFO - Sync 1 DAGs
[2023-09-01T19:46:06.327+0000] {logging_mixin.py:150} INFO - [2023-09-01T19:46:06.327+0000] {dag.py:3508} INFO - Setting next_dagrun for tutorial_dag to None, run_after=None
[2023-09-01T19:46:06.346+0000] {processor.py:179} INFO - Processing /home/airflow/.local/lib/python3.7/site-packages/airflow/example_dags/tutorial_dag.py took 0.077 seconds
[2023-09-01T19:46:36.767+0000] {processor.py:157} INFO - Started process (PID=1647) to work on /home/airflow/.local/lib/python3.7/site-packages/airflow/example_dags/tutorial_dag.py
[2023-09-01T19:46:36.770+0000] {processor.py:826} INFO - Processing file /home/airflow/.local/lib/python3.7/site-packages/airflow/example_dags/tutorial_dag.py for tasks to queue
[2023-09-01T19:46:36.771+0000] {logging_mixin.py:150} INFO - [2023-09-01T19:46:36.771+0000] {dagbag.py:541} INFO - Filling up the DagBag from /home/airflow/.local/lib/python3.7/site-packages/airflow/example_dags/tutorial_dag.py
[2023-09-01T19:46:36.776+0000] {processor.py:836} INFO - DAG(s) dict_keys(['tutorial_dag']) retrieved from /home/airflow/.local/lib/python3.7/site-packages/airflow/example_dags/tutorial_dag.py
[2023-09-01T19:46:36.812+0000] {logging_mixin.py:150} INFO - [2023-09-01T19:46:36.812+0000] {dag.py:2742} INFO - Sync 1 DAGs
[2023-09-01T19:46:36.838+0000] {logging_mixin.py:150} INFO - [2023-09-01T19:46:36.838+0000] {dag.py:3508} INFO - Setting next_dagrun for tutorial_dag to None, run_after=None
[2023-09-01T19:46:36.859+0000] {processor.py:179} INFO - Processing /home/airflow/.local/lib/python3.7/site-packages/airflow/example_dags/tutorial_dag.py took 0.098 seconds
[2023-09-01T19:47:07.361+0000] {processor.py:157} INFO - Started process (PID=1702) to work on /home/airflow/.local/lib/python3.7/site-packages/airflow/example_dags/tutorial_dag.py
[2023-09-01T19:47:07.362+0000] {processor.py:826} INFO - Processing file /home/airflow/.local/lib/python3.7/site-packages/airflow/example_dags/tutorial_dag.py for tasks to queue
[2023-09-01T19:47:07.363+0000] {logging_mixin.py:150} INFO - [2023-09-01T19:47:07.362+0000] {dagbag.py:541} INFO - Filling up the DagBag from /home/airflow/.local/lib/python3.7/site-packages/airflow/example_dags/tutorial_dag.py
[2023-09-01T19:47:07.368+0000] {processor.py:836} INFO - DAG(s) dict_keys(['tutorial_dag']) retrieved from /home/airflow/.local/lib/python3.7/site-packages/airflow/example_dags/tutorial_dag.py
[2023-09-01T19:47:07.399+0000] {logging_mixin.py:150} INFO - [2023-09-01T19:47:07.397+0000] {dag.py:2742} INFO - Sync 1 DAGs
[2023-09-01T19:47:07.431+0000] {logging_mixin.py:150} INFO - [2023-09-01T19:47:07.431+0000] {dag.py:3508} INFO - Setting next_dagrun for tutorial_dag to None, run_after=None
[2023-09-01T19:47:07.449+0000] {processor.py:179} INFO - Processing /home/airflow/.local/lib/python3.7/site-packages/airflow/example_dags/tutorial_dag.py took 0.092 seconds
[2023-09-01T19:47:37.768+0000] {processor.py:157} INFO - Started process (PID=1757) to work on /home/airflow/.local/lib/python3.7/site-packages/airflow/example_dags/tutorial_dag.py
[2023-09-01T19:47:37.770+0000] {processor.py:826} INFO - Processing file /home/airflow/.local/lib/python3.7/site-packages/airflow/example_dags/tutorial_dag.py for tasks to queue
[2023-09-01T19:47:37.772+0000] {logging_mixin.py:150} INFO - [2023-09-01T19:47:37.772+0000] {dagbag.py:541} INFO - Filling up the DagBag from /home/airflow/.local/lib/python3.7/site-packages/airflow/example_dags/tutorial_dag.py
[2023-09-01T19:47:37.777+0000] {processor.py:836} INFO - DAG(s) dict_keys(['tutorial_dag']) retrieved from /home/airflow/.local/lib/python3.7/site-packages/airflow/example_dags/tutorial_dag.py
[2023-09-01T19:47:37.806+0000] {logging_mixin.py:150} INFO - [2023-09-01T19:47:37.806+0000] {dag.py:2742} INFO - Sync 1 DAGs
[2023-09-01T19:47:37.831+0000] {logging_mixin.py:150} INFO - [2023-09-01T19:47:37.831+0000] {dag.py:3508} INFO - Setting next_dagrun for tutorial_dag to None, run_after=None
[2023-09-01T19:47:37.850+0000] {processor.py:179} INFO - Processing /home/airflow/.local/lib/python3.7/site-packages/airflow/example_dags/tutorial_dag.py took 0.089 seconds
[2023-09-01T19:48:08.180+0000] {processor.py:157} INFO - Started process (PID=1812) to work on /home/airflow/.local/lib/python3.7/site-packages/airflow/example_dags/tutorial_dag.py
[2023-09-01T19:48:08.181+0000] {processor.py:826} INFO - Processing file /home/airflow/.local/lib/python3.7/site-packages/airflow/example_dags/tutorial_dag.py for tasks to queue
[2023-09-01T19:48:08.182+0000] {logging_mixin.py:150} INFO - [2023-09-01T19:48:08.182+0000] {dagbag.py:541} INFO - Filling up the DagBag from /home/airflow/.local/lib/python3.7/site-packages/airflow/example_dags/tutorial_dag.py
[2023-09-01T19:48:08.198+0000] {processor.py:836} INFO - DAG(s) dict_keys(['tutorial_dag']) retrieved from /home/airflow/.local/lib/python3.7/site-packages/airflow/example_dags/tutorial_dag.py
[2023-09-01T19:48:08.227+0000] {logging_mixin.py:150} INFO - [2023-09-01T19:48:08.227+0000] {dag.py:2742} INFO - Sync 1 DAGs
[2023-09-01T19:48:08.251+0000] {logging_mixin.py:150} INFO - [2023-09-01T19:48:08.251+0000] {dag.py:3508} INFO - Setting next_dagrun for tutorial_dag to None, run_after=None
[2023-09-01T19:48:08.274+0000] {processor.py:179} INFO - Processing /home/airflow/.local/lib/python3.7/site-packages/airflow/example_dags/tutorial_dag.py took 0.097 seconds
[2023-09-01T19:48:39.117+0000] {processor.py:157} INFO - Started process (PID=1866) to work on /home/airflow/.local/lib/python3.7/site-packages/airflow/example_dags/tutorial_dag.py
[2023-09-01T19:48:39.118+0000] {processor.py:826} INFO - Processing file /home/airflow/.local/lib/python3.7/site-packages/airflow/example_dags/tutorial_dag.py for tasks to queue
[2023-09-01T19:48:39.123+0000] {logging_mixin.py:150} INFO - [2023-09-01T19:48:39.122+0000] {dagbag.py:541} INFO - Filling up the DagBag from /home/airflow/.local/lib/python3.7/site-packages/airflow/example_dags/tutorial_dag.py
[2023-09-01T19:48:39.129+0000] {processor.py:836} INFO - DAG(s) dict_keys(['tutorial_dag']) retrieved from /home/airflow/.local/lib/python3.7/site-packages/airflow/example_dags/tutorial_dag.py
[2023-09-01T19:48:39.157+0000] {logging_mixin.py:150} INFO - [2023-09-01T19:48:39.156+0000] {dag.py:2742} INFO - Sync 1 DAGs
[2023-09-01T19:48:39.192+0000] {logging_mixin.py:150} INFO - [2023-09-01T19:48:39.192+0000] {dag.py:3508} INFO - Setting next_dagrun for tutorial_dag to None, run_after=None
[2023-09-01T19:48:39.209+0000] {processor.py:179} INFO - Processing /home/airflow/.local/lib/python3.7/site-packages/airflow/example_dags/tutorial_dag.py took 0.095 seconds
[2023-09-01T19:49:09.838+0000] {processor.py:157} INFO - Started process (PID=1921) to work on /home/airflow/.local/lib/python3.7/site-packages/airflow/example_dags/tutorial_dag.py
[2023-09-01T19:49:09.839+0000] {processor.py:826} INFO - Processing file /home/airflow/.local/lib/python3.7/site-packages/airflow/example_dags/tutorial_dag.py for tasks to queue
[2023-09-01T19:49:09.841+0000] {logging_mixin.py:150} INFO - [2023-09-01T19:49:09.840+0000] {dagbag.py:541} INFO - Filling up the DagBag from /home/airflow/.local/lib/python3.7/site-packages/airflow/example_dags/tutorial_dag.py
[2023-09-01T19:49:09.846+0000] {processor.py:836} INFO - DAG(s) dict_keys(['tutorial_dag']) retrieved from /home/airflow/.local/lib/python3.7/site-packages/airflow/example_dags/tutorial_dag.py
[2023-09-01T19:49:09.867+0000] {logging_mixin.py:150} INFO - [2023-09-01T19:49:09.866+0000] {dag.py:2742} INFO - Sync 1 DAGs
[2023-09-01T19:49:09.918+0000] {logging_mixin.py:150} INFO - [2023-09-01T19:49:09.917+0000] {dag.py:3508} INFO - Setting next_dagrun for tutorial_dag to None, run_after=None
[2023-09-01T19:49:09.934+0000] {processor.py:179} INFO - Processing /home/airflow/.local/lib/python3.7/site-packages/airflow/example_dags/tutorial_dag.py took 0.103 seconds
[2023-09-01T19:49:40.576+0000] {processor.py:157} INFO - Started process (PID=1976) to work on /home/airflow/.local/lib/python3.7/site-packages/airflow/example_dags/tutorial_dag.py
[2023-09-01T19:49:40.583+0000] {processor.py:826} INFO - Processing file /home/airflow/.local/lib/python3.7/site-packages/airflow/example_dags/tutorial_dag.py for tasks to queue
[2023-09-01T19:49:40.584+0000] {logging_mixin.py:150} INFO - [2023-09-01T19:49:40.584+0000] {dagbag.py:541} INFO - Filling up the DagBag from /home/airflow/.local/lib/python3.7/site-packages/airflow/example_dags/tutorial_dag.py
[2023-09-01T19:49:40.590+0000] {processor.py:836} INFO - DAG(s) dict_keys(['tutorial_dag']) retrieved from /home/airflow/.local/lib/python3.7/site-packages/airflow/example_dags/tutorial_dag.py
[2023-09-01T19:49:40.632+0000] {logging_mixin.py:150} INFO - [2023-09-01T19:49:40.632+0000] {dag.py:2742} INFO - Sync 1 DAGs
[2023-09-01T19:49:40.657+0000] {logging_mixin.py:150} INFO - [2023-09-01T19:49:40.657+0000] {dag.py:3508} INFO - Setting next_dagrun for tutorial_dag to None, run_after=None
[2023-09-01T19:49:40.692+0000] {processor.py:179} INFO - Processing /home/airflow/.local/lib/python3.7/site-packages/airflow/example_dags/tutorial_dag.py took 0.126 seconds
[2023-09-01T19:50:11.591+0000] {processor.py:157} INFO - Started process (PID=2031) to work on /home/airflow/.local/lib/python3.7/site-packages/airflow/example_dags/tutorial_dag.py
[2023-09-01T19:50:11.597+0000] {processor.py:826} INFO - Processing file /home/airflow/.local/lib/python3.7/site-packages/airflow/example_dags/tutorial_dag.py for tasks to queue
[2023-09-01T19:50:11.599+0000] {logging_mixin.py:150} INFO - [2023-09-01T19:50:11.598+0000] {dagbag.py:541} INFO - Filling up the DagBag from /home/airflow/.local/lib/python3.7/site-packages/airflow/example_dags/tutorial_dag.py
[2023-09-01T19:50:11.608+0000] {processor.py:836} INFO - DAG(s) dict_keys(['tutorial_dag']) retrieved from /home/airflow/.local/lib/python3.7/site-packages/airflow/example_dags/tutorial_dag.py
[2023-09-01T19:50:11.658+0000] {logging_mixin.py:150} INFO - [2023-09-01T19:50:11.658+0000] {dag.py:2742} INFO - Sync 1 DAGs
[2023-09-01T19:50:11.706+0000] {logging_mixin.py:150} INFO - [2023-09-01T19:50:11.706+0000] {dag.py:3508} INFO - Setting next_dagrun for tutorial_dag to None, run_after=None
[2023-09-01T19:50:11.778+0000] {processor.py:179} INFO - Processing /home/airflow/.local/lib/python3.7/site-packages/airflow/example_dags/tutorial_dag.py took 0.190 seconds
[2023-09-01T19:50:42.725+0000] {processor.py:157} INFO - Started process (PID=2086) to work on /home/airflow/.local/lib/python3.7/site-packages/airflow/example_dags/tutorial_dag.py
[2023-09-01T19:50:42.727+0000] {processor.py:826} INFO - Processing file /home/airflow/.local/lib/python3.7/site-packages/airflow/example_dags/tutorial_dag.py for tasks to queue
[2023-09-01T19:50:42.727+0000] {logging_mixin.py:150} INFO - [2023-09-01T19:50:42.727+0000] {dagbag.py:541} INFO - Filling up the DagBag from /home/airflow/.local/lib/python3.7/site-packages/airflow/example_dags/tutorial_dag.py
[2023-09-01T19:50:42.732+0000] {processor.py:836} INFO - DAG(s) dict_keys(['tutorial_dag']) retrieved from /home/airflow/.local/lib/python3.7/site-packages/airflow/example_dags/tutorial_dag.py
[2023-09-01T19:50:42.752+0000] {logging_mixin.py:150} INFO - [2023-09-01T19:50:42.752+0000] {dag.py:2742} INFO - Sync 1 DAGs
[2023-09-01T19:50:42.776+0000] {logging_mixin.py:150} INFO - [2023-09-01T19:50:42.776+0000] {dag.py:3508} INFO - Setting next_dagrun for tutorial_dag to None, run_after=None
[2023-09-01T19:50:42.797+0000] {processor.py:179} INFO - Processing /home/airflow/.local/lib/python3.7/site-packages/airflow/example_dags/tutorial_dag.py took 0.075 seconds
[2023-09-01T19:51:13.397+0000] {processor.py:157} INFO - Started process (PID=2140) to work on /home/airflow/.local/lib/python3.7/site-packages/airflow/example_dags/tutorial_dag.py
[2023-09-01T19:51:13.401+0000] {processor.py:826} INFO - Processing file /home/airflow/.local/lib/python3.7/site-packages/airflow/example_dags/tutorial_dag.py for tasks to queue
[2023-09-01T19:51:13.402+0000] {logging_mixin.py:150} INFO - [2023-09-01T19:51:13.402+0000] {dagbag.py:541} INFO - Filling up the DagBag from /home/airflow/.local/lib/python3.7/site-packages/airflow/example_dags/tutorial_dag.py
[2023-09-01T19:51:13.439+0000] {processor.py:836} INFO - DAG(s) dict_keys(['tutorial_dag']) retrieved from /home/airflow/.local/lib/python3.7/site-packages/airflow/example_dags/tutorial_dag.py
[2023-09-01T19:51:13.484+0000] {logging_mixin.py:150} INFO - [2023-09-01T19:51:13.483+0000] {dag.py:2742} INFO - Sync 1 DAGs
[2023-09-01T19:51:13.515+0000] {logging_mixin.py:150} INFO - [2023-09-01T19:51:13.515+0000] {dag.py:3508} INFO - Setting next_dagrun for tutorial_dag to None, run_after=None
[2023-09-01T19:51:13.547+0000] {processor.py:179} INFO - Processing /home/airflow/.local/lib/python3.7/site-packages/airflow/example_dags/tutorial_dag.py took 0.176 seconds
[2023-09-01T19:51:43.593+0000] {processor.py:157} INFO - Started process (PID=2194) to work on /home/airflow/.local/lib/python3.7/site-packages/airflow/example_dags/tutorial_dag.py
[2023-09-01T19:51:43.594+0000] {processor.py:826} INFO - Processing file /home/airflow/.local/lib/python3.7/site-packages/airflow/example_dags/tutorial_dag.py for tasks to queue
[2023-09-01T19:51:43.594+0000] {logging_mixin.py:150} INFO - [2023-09-01T19:51:43.594+0000] {dagbag.py:541} INFO - Filling up the DagBag from /home/airflow/.local/lib/python3.7/site-packages/airflow/example_dags/tutorial_dag.py
[2023-09-01T19:51:43.599+0000] {processor.py:836} INFO - DAG(s) dict_keys(['tutorial_dag']) retrieved from /home/airflow/.local/lib/python3.7/site-packages/airflow/example_dags/tutorial_dag.py
[2023-09-01T19:51:43.622+0000] {logging_mixin.py:150} INFO - [2023-09-01T19:51:43.621+0000] {dag.py:2742} INFO - Sync 1 DAGs
[2023-09-01T19:51:43.653+0000] {logging_mixin.py:150} INFO - [2023-09-01T19:51:43.653+0000] {dag.py:3508} INFO - Setting next_dagrun for tutorial_dag to None, run_after=None
[2023-09-01T19:51:43.669+0000] {processor.py:179} INFO - Processing /home/airflow/.local/lib/python3.7/site-packages/airflow/example_dags/tutorial_dag.py took 0.079 seconds
[2023-09-01T19:52:14.428+0000] {processor.py:157} INFO - Started process (PID=2248) to work on /home/airflow/.local/lib/python3.7/site-packages/airflow/example_dags/tutorial_dag.py
[2023-09-01T19:52:14.430+0000] {processor.py:826} INFO - Processing file /home/airflow/.local/lib/python3.7/site-packages/airflow/example_dags/tutorial_dag.py for tasks to queue
[2023-09-01T19:52:14.431+0000] {logging_mixin.py:150} INFO - [2023-09-01T19:52:14.431+0000] {dagbag.py:541} INFO - Filling up the DagBag from /home/airflow/.local/lib/python3.7/site-packages/airflow/example_dags/tutorial_dag.py
[2023-09-01T19:52:14.439+0000] {processor.py:836} INFO - DAG(s) dict_keys(['tutorial_dag']) retrieved from /home/airflow/.local/lib/python3.7/site-packages/airflow/example_dags/tutorial_dag.py
[2023-09-01T19:52:14.474+0000] {logging_mixin.py:150} INFO - [2023-09-01T19:52:14.474+0000] {dag.py:2742} INFO - Sync 1 DAGs
[2023-09-01T19:52:14.500+0000] {logging_mixin.py:150} INFO - [2023-09-01T19:52:14.500+0000] {dag.py:3508} INFO - Setting next_dagrun for tutorial_dag to None, run_after=None
[2023-09-01T19:52:14.523+0000] {processor.py:179} INFO - Processing /home/airflow/.local/lib/python3.7/site-packages/airflow/example_dags/tutorial_dag.py took 0.099 seconds
[2023-09-01T19:52:44.610+0000] {processor.py:157} INFO - Started process (PID=2303) to work on /home/airflow/.local/lib/python3.7/site-packages/airflow/example_dags/tutorial_dag.py
[2023-09-01T19:52:44.611+0000] {processor.py:826} INFO - Processing file /home/airflow/.local/lib/python3.7/site-packages/airflow/example_dags/tutorial_dag.py for tasks to queue
[2023-09-01T19:52:44.612+0000] {logging_mixin.py:150} INFO - [2023-09-01T19:52:44.612+0000] {dagbag.py:541} INFO - Filling up the DagBag from /home/airflow/.local/lib/python3.7/site-packages/airflow/example_dags/tutorial_dag.py
[2023-09-01T19:52:44.617+0000] {processor.py:836} INFO - DAG(s) dict_keys(['tutorial_dag']) retrieved from /home/airflow/.local/lib/python3.7/site-packages/airflow/example_dags/tutorial_dag.py
[2023-09-01T19:52:44.638+0000] {logging_mixin.py:150} INFO - [2023-09-01T19:52:44.638+0000] {dag.py:2742} INFO - Sync 1 DAGs
[2023-09-01T19:52:44.659+0000] {logging_mixin.py:150} INFO - [2023-09-01T19:52:44.659+0000] {dag.py:3508} INFO - Setting next_dagrun for tutorial_dag to None, run_after=None
[2023-09-01T19:52:44.674+0000] {processor.py:179} INFO - Processing /home/airflow/.local/lib/python3.7/site-packages/airflow/example_dags/tutorial_dag.py took 0.066 seconds
[2023-09-01T19:53:14.942+0000] {processor.py:157} INFO - Started process (PID=2358) to work on /home/airflow/.local/lib/python3.7/site-packages/airflow/example_dags/tutorial_dag.py
[2023-09-01T19:53:14.943+0000] {processor.py:826} INFO - Processing file /home/airflow/.local/lib/python3.7/site-packages/airflow/example_dags/tutorial_dag.py for tasks to queue
[2023-09-01T19:53:14.944+0000] {logging_mixin.py:150} INFO - [2023-09-01T19:53:14.944+0000] {dagbag.py:541} INFO - Filling up the DagBag from /home/airflow/.local/lib/python3.7/site-packages/airflow/example_dags/tutorial_dag.py
[2023-09-01T19:53:14.952+0000] {processor.py:836} INFO - DAG(s) dict_keys(['tutorial_dag']) retrieved from /home/airflow/.local/lib/python3.7/site-packages/airflow/example_dags/tutorial_dag.py
[2023-09-01T19:53:14.981+0000] {logging_mixin.py:150} INFO - [2023-09-01T19:53:14.981+0000] {dag.py:2742} INFO - Sync 1 DAGs
[2023-09-01T19:53:15.010+0000] {logging_mixin.py:150} INFO - [2023-09-01T19:53:15.009+0000] {dag.py:3508} INFO - Setting next_dagrun for tutorial_dag to None, run_after=None
[2023-09-01T19:53:15.035+0000] {processor.py:179} INFO - Processing /home/airflow/.local/lib/python3.7/site-packages/airflow/example_dags/tutorial_dag.py took 0.097 seconds
[2023-09-01T19:53:45.379+0000] {processor.py:157} INFO - Started process (PID=2413) to work on /home/airflow/.local/lib/python3.7/site-packages/airflow/example_dags/tutorial_dag.py
[2023-09-01T19:53:45.379+0000] {processor.py:826} INFO - Processing file /home/airflow/.local/lib/python3.7/site-packages/airflow/example_dags/tutorial_dag.py for tasks to queue
[2023-09-01T19:53:45.380+0000] {logging_mixin.py:150} INFO - [2023-09-01T19:53:45.380+0000] {dagbag.py:541} INFO - Filling up the DagBag from /home/airflow/.local/lib/python3.7/site-packages/airflow/example_dags/tutorial_dag.py
[2023-09-01T19:53:45.385+0000] {processor.py:836} INFO - DAG(s) dict_keys(['tutorial_dag']) retrieved from /home/airflow/.local/lib/python3.7/site-packages/airflow/example_dags/tutorial_dag.py
[2023-09-01T19:53:45.405+0000] {logging_mixin.py:150} INFO - [2023-09-01T19:53:45.405+0000] {dag.py:2742} INFO - Sync 1 DAGs
[2023-09-01T19:53:45.426+0000] {logging_mixin.py:150} INFO - [2023-09-01T19:53:45.426+0000] {dag.py:3508} INFO - Setting next_dagrun for tutorial_dag to None, run_after=None
[2023-09-01T19:53:45.443+0000] {processor.py:179} INFO - Processing /home/airflow/.local/lib/python3.7/site-packages/airflow/example_dags/tutorial_dag.py took 0.067 seconds
[2023-09-01T19:54:15.588+0000] {processor.py:157} INFO - Started process (PID=2468) to work on /home/airflow/.local/lib/python3.7/site-packages/airflow/example_dags/tutorial_dag.py
[2023-09-01T19:54:15.589+0000] {processor.py:826} INFO - Processing file /home/airflow/.local/lib/python3.7/site-packages/airflow/example_dags/tutorial_dag.py for tasks to queue
[2023-09-01T19:54:15.589+0000] {logging_mixin.py:150} INFO - [2023-09-01T19:54:15.589+0000] {dagbag.py:541} INFO - Filling up the DagBag from /home/airflow/.local/lib/python3.7/site-packages/airflow/example_dags/tutorial_dag.py
[2023-09-01T19:54:15.598+0000] {processor.py:836} INFO - DAG(s) dict_keys(['tutorial_dag']) retrieved from /home/airflow/.local/lib/python3.7/site-packages/airflow/example_dags/tutorial_dag.py
[2023-09-01T19:54:15.630+0000] {logging_mixin.py:150} INFO - [2023-09-01T19:54:15.629+0000] {dag.py:2742} INFO - Sync 1 DAGs
[2023-09-01T19:54:15.664+0000] {logging_mixin.py:150} INFO - [2023-09-01T19:54:15.664+0000] {dag.py:3508} INFO - Setting next_dagrun for tutorial_dag to None, run_after=None
[2023-09-01T19:54:15.689+0000] {processor.py:179} INFO - Processing /home/airflow/.local/lib/python3.7/site-packages/airflow/example_dags/tutorial_dag.py took 0.107 seconds
[2023-09-01T19:54:45.849+0000] {processor.py:157} INFO - Started process (PID=2523) to work on /home/airflow/.local/lib/python3.7/site-packages/airflow/example_dags/tutorial_dag.py
[2023-09-01T19:54:45.850+0000] {processor.py:826} INFO - Processing file /home/airflow/.local/lib/python3.7/site-packages/airflow/example_dags/tutorial_dag.py for tasks to queue
[2023-09-01T19:54:45.851+0000] {logging_mixin.py:150} INFO - [2023-09-01T19:54:45.851+0000] {dagbag.py:541} INFO - Filling up the DagBag from /home/airflow/.local/lib/python3.7/site-packages/airflow/example_dags/tutorial_dag.py
[2023-09-01T19:54:45.865+0000] {processor.py:836} INFO - DAG(s) dict_keys(['tutorial_dag']) retrieved from /home/airflow/.local/lib/python3.7/site-packages/airflow/example_dags/tutorial_dag.py
[2023-09-01T19:54:45.946+0000] {logging_mixin.py:150} INFO - [2023-09-01T19:54:45.946+0000] {dag.py:2742} INFO - Sync 1 DAGs
[2023-09-01T19:54:45.987+0000] {logging_mixin.py:150} INFO - [2023-09-01T19:54:45.985+0000] {dag.py:3508} INFO - Setting next_dagrun for tutorial_dag to None, run_after=None
[2023-09-01T19:54:46.029+0000] {processor.py:179} INFO - Processing /home/airflow/.local/lib/python3.7/site-packages/airflow/example_dags/tutorial_dag.py took 0.183 seconds
[2023-09-01T19:55:16.676+0000] {processor.py:157} INFO - Started process (PID=2577) to work on /home/airflow/.local/lib/python3.7/site-packages/airflow/example_dags/tutorial_dag.py
[2023-09-01T19:55:16.677+0000] {processor.py:826} INFO - Processing file /home/airflow/.local/lib/python3.7/site-packages/airflow/example_dags/tutorial_dag.py for tasks to queue
[2023-09-01T19:55:16.678+0000] {logging_mixin.py:150} INFO - [2023-09-01T19:55:16.678+0000] {dagbag.py:541} INFO - Filling up the DagBag from /home/airflow/.local/lib/python3.7/site-packages/airflow/example_dags/tutorial_dag.py
[2023-09-01T19:55:16.684+0000] {processor.py:836} INFO - DAG(s) dict_keys(['tutorial_dag']) retrieved from /home/airflow/.local/lib/python3.7/site-packages/airflow/example_dags/tutorial_dag.py
[2023-09-01T19:55:16.723+0000] {logging_mixin.py:150} INFO - [2023-09-01T19:55:16.723+0000] {dag.py:2742} INFO - Sync 1 DAGs
[2023-09-01T19:55:16.747+0000] {logging_mixin.py:150} INFO - [2023-09-01T19:55:16.747+0000] {dag.py:3508} INFO - Setting next_dagrun for tutorial_dag to None, run_after=None
[2023-09-01T19:55:16.768+0000] {processor.py:179} INFO - Processing /home/airflow/.local/lib/python3.7/site-packages/airflow/example_dags/tutorial_dag.py took 0.095 seconds
